[2026-02-19T12:58:04.213+0000] {local_task_job_runner.py:120} INFO - ::group::Pre task execution logs
[2026-02-19T12:58:04.271+0000] {taskinstance.py:2076} INFO - Dependencies all met for dep_context=non-requeueable deps ti=<TaskInstance: dag_moex.task_GOOG scheduled__2026-02-18T00:00:00+00:00 [queued]>
[2026-02-19T12:58:04.286+0000] {taskinstance.py:2076} INFO - Dependencies all met for dep_context=requeueable deps ti=<TaskInstance: dag_moex.task_GOOG scheduled__2026-02-18T00:00:00+00:00 [queued]>
[2026-02-19T12:58:04.290+0000] {taskinstance.py:2306} INFO - Starting attempt 1 of 1
[2026-02-19T12:58:04.309+0000] {taskinstance.py:2330} INFO - Executing <Task(PythonOperator): task_GOOG> on 2026-02-18 00:00:00+00:00
[2026-02-19T12:58:04.322+0000] {logging_mixin.py:188} WARNING - /home/***/.local/lib/python3.12/site-packages/***/task/task_runner/standard_task_runner.py:62 DeprecationWarning: This process (pid=27713) is multi-threaded, use of fork() may lead to deadlocks in the child.
[2026-02-19T12:58:04.324+0000] {standard_task_runner.py:64} INFO - Started process 27727 to run task
[2026-02-19T12:58:04.325+0000] {standard_task_runner.py:90} INFO - Running: ['***', 'tasks', 'run', 'dag_moex', 'task_GOOG', 'scheduled__2026-02-18T00:00:00+00:00', '--job-id', '832', '--raw', '--subdir', 'DAGS_FOLDER/stocks/dag1.py', '--cfg-path', '/tmp/tmp5p7os6wm']
[2026-02-19T12:58:04.332+0000] {standard_task_runner.py:91} INFO - Job 832: Subtask task_GOOG
[2026-02-19T12:58:04.397+0000] {task_command.py:426} INFO - Running <TaskInstance: dag_moex.task_GOOG scheduled__2026-02-18T00:00:00+00:00 [running]> on host cc036e7caf02
[2026-02-19T12:58:04.474+0000] {taskinstance.py:2648} INFO - Exporting env vars: AIRFLOW_CTX_DAG_OWNER='***' AIRFLOW_CTX_DAG_ID='dag_moex' AIRFLOW_CTX_TASK_ID='task_GOOG' AIRFLOW_CTX_EXECUTION_DATE='2026-02-18T00:00:00+00:00' AIRFLOW_CTX_TRY_NUMBER='1' AIRFLOW_CTX_DAG_RUN_ID='scheduled__2026-02-18T00:00:00+00:00'
[2026-02-19T12:58:04.475+0000] {taskinstance.py:430} INFO - ::endgroup::
[2026-02-19T12:58:04.486+0000] {logging_mixin.py:188} WARNING - /opt/***/dags/stocks/scripts/api.py:10 FutureWarning: YF.download() has changed argument auto_adjust default to True
[2026-02-19T12:58:04.493+0000] {logging_mixin.py:188} WARNING - /home/***/.local/lib/python3.12/site-packages/yfinance/scrapers/history.py:204 Pandas4Warning: Timestamp.utcnow is deprecated and will be removed in a future version. Use Timestamp.now('UTC') instead.
[2026-02-19T12:58:05.274+0000] {logging_mixin.py:188} WARNING - [*********************100%***********************]  1 of 1 completed
[2026-02-19T12:58:05.289+0000] {api.py:11} INFO - Выгрузилось
    __________________________
    Price            Close        High         Low        Open    Volume
Ticker            GOOG        GOOG        GOOG        GOOG      GOOG
Date                                                                
2026-02-17  302.820007  304.890015  296.899994  300.640015  23750800
2026-02-18  303.940002  305.910004  301.980011  302.432007  15815100
    __________________________
    
[2026-02-19T12:58:05.290+0000] {api.py:17} INFO - start=2026-02-17, end=2026-02-19
[2026-02-19T12:58:05.295+0000] {api.py:18} INFO - После удаления
    __________________________
    Price            Close        High         Low        Open    Volume
Ticker            GOOG        GOOG        GOOG        GOOG      GOOG
Date                                                                
2026-02-18  303.940002  305.910004  301.980011  302.432007  15815100
    __________________________
    
[2026-02-19T12:58:05.305+0000] {base.py:84} INFO - Using connection ID 'pg_1' for task execution.
[2026-02-19T12:58:05.306+0000] {sql.py:254} WARNING - This setter is for backward compatibility and should not be used.
Since the introduction of connection property, the providers listed below breaks due to assigning value to self.connection in their __init__ method.
* apache-***-providers-mysql<5.7.1
* apache-***-providers-elasticsearch<5.5.1
* apache-***-providers-postgres<5.13.0
[2026-02-19T12:58:05.312+0000] {sql.py:896} INFO - Loaded 1 rows into stocks so far
[2026-02-19T12:58:05.313+0000] {sql.py:908} INFO - Done loading. Loaded a total of 1 rows into stocks
[2026-02-19T12:58:05.317+0000] {python.py:237} INFO - Done. Returned value was: None
[2026-02-19T12:58:05.318+0000] {taskinstance.py:441} INFO - ::group::Post task execution logs
[2026-02-19T12:58:05.326+0000] {taskinstance.py:1206} INFO - Marking task as SUCCESS. dag_id=dag_moex, task_id=task_GOOG, run_id=scheduled__2026-02-18T00:00:00+00:00, execution_date=20260218T000000, start_date=20260219T125804, end_date=20260219T125805
[2026-02-19T12:58:05.380+0000] {local_task_job_runner.py:243} INFO - Task exited with return code 0
[2026-02-19T12:58:05.387+0000] {local_task_job_runner.py:222} INFO - ::endgroup::
[2026-02-19T14:19:31.426+0000] {local_task_job_runner.py:120} INFO - ::group::Pre task execution logs
[2026-02-19T14:19:31.471+0000] {taskinstance.py:2076} INFO - Dependencies all met for dep_context=non-requeueable deps ti=<TaskInstance: dag_moex.task_GOOG scheduled__2026-02-18T00:00:00+00:00 [queued]>
[2026-02-19T14:19:31.487+0000] {taskinstance.py:2076} INFO - Dependencies all met for dep_context=requeueable deps ti=<TaskInstance: dag_moex.task_GOOG scheduled__2026-02-18T00:00:00+00:00 [queued]>
[2026-02-19T14:19:31.490+0000] {taskinstance.py:2306} INFO - Starting attempt 1 of 1
[2026-02-19T14:19:31.522+0000] {taskinstance.py:2330} INFO - Executing <Task(PythonOperator): task_GOOG> on 2026-02-18 00:00:00+00:00
[2026-02-19T14:19:31.548+0000] {logging_mixin.py:188} WARNING - /home/***/.local/lib/python3.12/site-packages/***/task/task_runner/standard_task_runner.py:62 DeprecationWarning: This process (pid=30759) is multi-threaded, use of fork() may lead to deadlocks in the child.
[2026-02-19T14:19:31.550+0000] {standard_task_runner.py:64} INFO - Started process 30776 to run task
[2026-02-19T14:19:31.550+0000] {standard_task_runner.py:90} INFO - Running: ['***', 'tasks', 'run', 'dag_moex', 'task_GOOG', 'scheduled__2026-02-18T00:00:00+00:00', '--job-id', '1118', '--raw', '--subdir', 'DAGS_FOLDER/stocks/dag1.py', '--cfg-path', '/tmp/tmpx9a1xl12']
[2026-02-19T14:19:31.553+0000] {standard_task_runner.py:91} INFO - Job 1118: Subtask task_GOOG
[2026-02-19T14:19:31.616+0000] {task_command.py:426} INFO - Running <TaskInstance: dag_moex.task_GOOG scheduled__2026-02-18T00:00:00+00:00 [running]> on host cc036e7caf02
[2026-02-19T14:19:31.694+0000] {taskinstance.py:2648} INFO - Exporting env vars: AIRFLOW_CTX_DAG_OWNER='***' AIRFLOW_CTX_DAG_ID='dag_moex' AIRFLOW_CTX_TASK_ID='task_GOOG' AIRFLOW_CTX_EXECUTION_DATE='2026-02-18T00:00:00+00:00' AIRFLOW_CTX_TRY_NUMBER='1' AIRFLOW_CTX_DAG_RUN_ID='scheduled__2026-02-18T00:00:00+00:00'
[2026-02-19T14:19:31.696+0000] {taskinstance.py:430} INFO - ::endgroup::
[2026-02-19T14:19:31.708+0000] {logging_mixin.py:188} WARNING - /opt/***/dags/stocks/scripts/api.py:9 FutureWarning: YF.download() has changed argument auto_adjust default to True
[2026-02-19T14:19:31.716+0000] {logging_mixin.py:188} WARNING - /home/***/.local/lib/python3.12/site-packages/yfinance/scrapers/history.py:204 Pandas4Warning: Timestamp.utcnow is deprecated and will be removed in a future version. Use Timestamp.now('UTC') instead.
[2026-02-19T14:19:32.373+0000] {logging_mixin.py:188} WARNING - [*********************100%***********************]  1 of 1 completed
[2026-02-19T14:19:32.387+0000] {api.py:10} INFO - Выгрузилось
    __________________________
    Price            Close        High         Low        Open    Volume
Ticker            GOOG        GOOG        GOOG        GOOG      GOOG
Date                                                                
2026-02-17  302.820007  304.890015  296.899994  300.640015  23750800
2026-02-18  303.940002  305.910004  301.980011  302.432007  15815100
    __________________________
    
[2026-02-19T14:19:32.388+0000] {api.py:16} INFO - start=2026-02-17, end=2026-02-19
[2026-02-19T14:19:32.393+0000] {api.py:17} INFO - После удаления
    __________________________
    Price            Close        High         Low        Open    Volume
Ticker            GOOG        GOOG        GOOG        GOOG      GOOG
Date                                                                
2026-02-18  303.940002  305.910004  301.980011  302.432007  15815100
    __________________________
    
[2026-02-19T14:19:32.405+0000] {base.py:84} INFO - Using connection ID 'pg_1' for task execution.
[2026-02-19T14:19:32.405+0000] {sql.py:254} WARNING - This setter is for backward compatibility and should not be used.
Since the introduction of connection property, the providers listed below breaks due to assigning value to self.connection in their __init__ method.
* apache-***-providers-mysql<5.7.1
* apache-***-providers-elasticsearch<5.5.1
* apache-***-providers-postgres<5.13.0
[2026-02-19T14:19:32.411+0000] {sql.py:896} INFO - Loaded 1 rows into stocks so far
[2026-02-19T14:19:32.412+0000] {sql.py:908} INFO - Done loading. Loaded a total of 1 rows into stocks
[2026-02-19T14:19:32.417+0000] {python.py:237} INFO - Done. Returned value was: None
[2026-02-19T14:19:32.418+0000] {taskinstance.py:441} INFO - ::group::Post task execution logs
[2026-02-19T14:19:32.426+0000] {taskinstance.py:1206} INFO - Marking task as SUCCESS. dag_id=dag_moex, task_id=task_GOOG, run_id=scheduled__2026-02-18T00:00:00+00:00, execution_date=20260218T000000, start_date=20260219T141931, end_date=20260219T141932
[2026-02-19T14:19:32.489+0000] {local_task_job_runner.py:243} INFO - Task exited with return code 0
[2026-02-19T14:19:32.505+0000] {taskinstance.py:3503} INFO - 0 downstream tasks scheduled from follow-on schedule check
[2026-02-19T14:19:32.507+0000] {local_task_job_runner.py:222} INFO - ::endgroup::
[2026-02-19T14:19:47.452+0000] {local_task_job_runner.py:120} INFO - ::group::Pre task execution logs
[2026-02-19T14:19:47.480+0000] {taskinstance.py:2076} INFO - Dependencies all met for dep_context=non-requeueable deps ti=<TaskInstance: dag_moex.task_GOOG scheduled__2026-02-18T00:00:00+00:00 [queued]>
[2026-02-19T14:19:47.487+0000] {taskinstance.py:2076} INFO - Dependencies all met for dep_context=requeueable deps ti=<TaskInstance: dag_moex.task_GOOG scheduled__2026-02-18T00:00:00+00:00 [queued]>
[2026-02-19T14:19:47.487+0000] {taskinstance.py:2306} INFO - Starting attempt 1 of 1
[2026-02-19T14:19:47.498+0000] {taskinstance.py:2330} INFO - Executing <Task(PythonOperator): task_GOOG> on 2026-02-18 00:00:00+00:00
[2026-02-19T14:19:47.505+0000] {logging_mixin.py:188} WARNING - /home/***/.local/lib/python3.12/site-packages/***/task/task_runner/standard_task_runner.py:62 DeprecationWarning: This process (pid=30790) is multi-threaded, use of fork() may lead to deadlocks in the child.
[2026-02-19T14:19:47.506+0000] {standard_task_runner.py:64} INFO - Started process 30795 to run task
[2026-02-19T14:19:47.505+0000] {standard_task_runner.py:90} INFO - Running: ['***', 'tasks', 'run', 'dag_moex', 'task_GOOG', 'scheduled__2026-02-18T00:00:00+00:00', '--job-id', '1120', '--raw', '--subdir', 'DAGS_FOLDER/stocks/dag1.py', '--cfg-path', '/tmp/tmpj9o3r97h']
[2026-02-19T14:19:47.507+0000] {standard_task_runner.py:91} INFO - Job 1120: Subtask task_GOOG
[2026-02-19T14:19:47.544+0000] {task_command.py:426} INFO - Running <TaskInstance: dag_moex.task_GOOG scheduled__2026-02-18T00:00:00+00:00 [running]> on host cc036e7caf02
[2026-02-19T14:19:47.606+0000] {taskinstance.py:2648} INFO - Exporting env vars: AIRFLOW_CTX_DAG_OWNER='***' AIRFLOW_CTX_DAG_ID='dag_moex' AIRFLOW_CTX_TASK_ID='task_GOOG' AIRFLOW_CTX_EXECUTION_DATE='2026-02-18T00:00:00+00:00' AIRFLOW_CTX_TRY_NUMBER='1' AIRFLOW_CTX_DAG_RUN_ID='scheduled__2026-02-18T00:00:00+00:00'
[2026-02-19T14:19:47.607+0000] {taskinstance.py:430} INFO - ::endgroup::
[2026-02-19T14:19:47.618+0000] {logging_mixin.py:188} WARNING - /opt/***/dags/stocks/scripts/api.py:9 FutureWarning: YF.download() has changed argument auto_adjust default to True
[2026-02-19T14:19:47.624+0000] {logging_mixin.py:188} WARNING - /home/***/.local/lib/python3.12/site-packages/yfinance/scrapers/history.py:204 Pandas4Warning: Timestamp.utcnow is deprecated and will be removed in a future version. Use Timestamp.now('UTC') instead.
[2026-02-19T14:19:48.238+0000] {logging_mixin.py:188} WARNING - [*********************100%***********************]  1 of 1 completed
[2026-02-19T14:19:48.250+0000] {api.py:10} INFO - Выгрузилось
    __________________________
    Price            Close        High         Low        Open    Volume
Ticker            GOOG        GOOG        GOOG        GOOG      GOOG
Date                                                                
2026-02-17  302.820007  304.890015  296.899994  300.640015  23750800
2026-02-18  303.940002  305.910004  301.980011  302.432007  15815100
    __________________________
    
[2026-02-19T14:19:48.251+0000] {api.py:16} INFO - start=2026-02-17, end=2026-02-19
[2026-02-19T14:19:48.255+0000] {api.py:17} INFO - После удаления
    __________________________
    Price            Close        High         Low        Open    Volume
Ticker            GOOG        GOOG        GOOG        GOOG      GOOG
Date                                                                
2026-02-18  303.940002  305.910004  301.980011  302.432007  15815100
    __________________________
    
[2026-02-19T14:19:48.265+0000] {base.py:84} INFO - Using connection ID 'pg_1' for task execution.
[2026-02-19T14:19:48.266+0000] {sql.py:254} WARNING - This setter is for backward compatibility and should not be used.
Since the introduction of connection property, the providers listed below breaks due to assigning value to self.connection in their __init__ method.
* apache-***-providers-mysql<5.7.1
* apache-***-providers-elasticsearch<5.5.1
* apache-***-providers-postgres<5.13.0
[2026-02-19T14:19:48.271+0000] {taskinstance.py:441} INFO - ::group::Post task execution logs
[2026-02-19T14:19:48.271+0000] {taskinstance.py:2905} ERROR - Task failed with exception
Traceback (most recent call last):
  File "/home/airflow/.local/lib/python3.12/site-packages/airflow/models/taskinstance.py", line 465, in _execute_task
    result = _execute_callable(context=context, **execute_callable_kwargs)
             ^^^^^^^^^^^^^^^^^^^^^^^^^^^^^^^^^^^^^^^^^^^^^^^^^^^^^^^^^^^^^
  File "/home/airflow/.local/lib/python3.12/site-packages/airflow/models/taskinstance.py", line 432, in _execute_callable
    return execute_callable(context=context, **execute_callable_kwargs)
           ^^^^^^^^^^^^^^^^^^^^^^^^^^^^^^^^^^^^^^^^^^^^^^^^^^^^^^^^^^^^
  File "/home/airflow/.local/lib/python3.12/site-packages/airflow/models/baseoperator.py", line 401, in wrapper
    return func(self, *args, **kwargs)
           ^^^^^^^^^^^^^^^^^^^^^^^^^^^
  File "/home/airflow/.local/lib/python3.12/site-packages/airflow/operators/python.py", line 235, in execute
    return_value = self.execute_callable()
                   ^^^^^^^^^^^^^^^^^^^^^^^
  File "/home/airflow/.local/lib/python3.12/site-packages/airflow/operators/python.py", line 252, in execute_callable
    return self.python_callable(*self.op_args, **self.op_kwargs)
           ^^^^^^^^^^^^^^^^^^^^^^^^^^^^^^^^^^^^^^^^^^^^^^^^^^^^^
  File "/opt/airflow/dags/stocks/scripts/manager.py", line 24, in fetch_data
    postgresHook.insert_rows(table="stocks", rows=rows,
  File "/home/airflow/.local/lib/python3.12/site-packages/airflow/providers/common/sql/hooks/sql.py", line 893, in insert_rows
    cur.executemany(sql, values)
psycopg2.errors.UniqueViolation: duplicate key value violates unique constraint "stocks_pkey"
DETAIL:  Key (ticker, date)=(GOOG, 2026-02-18) already exists.

[2026-02-19T14:19:48.282+0000] {taskinstance.py:1206} INFO - Marking task as FAILED. dag_id=dag_moex, task_id=task_GOOG, run_id=scheduled__2026-02-18T00:00:00+00:00, execution_date=20260218T000000, start_date=20260219T141947, end_date=20260219T141948
[2026-02-19T14:19:48.292+0000] {standard_task_runner.py:110} ERROR - Failed to execute job 1120 for task task_GOOG (duplicate key value violates unique constraint "stocks_pkey"
DETAIL:  Key (ticker, date)=(GOOG, 2026-02-18) already exists.
; 30795)
[2026-02-19T14:19:48.321+0000] {local_task_job_runner.py:243} INFO - Task exited with return code 1
[2026-02-19T14:19:48.338+0000] {taskinstance.py:3503} INFO - 0 downstream tasks scheduled from follow-on schedule check
[2026-02-19T14:19:48.342+0000] {local_task_job_runner.py:222} INFO - ::endgroup::
[2026-02-19T14:21:04.730+0000] {local_task_job_runner.py:120} INFO - ::group::Pre task execution logs
[2026-02-19T14:21:04.756+0000] {taskinstance.py:2076} INFO - Dependencies all met for dep_context=non-requeueable deps ti=<TaskInstance: dag_moex.task_GOOG scheduled__2026-02-18T00:00:00+00:00 [queued]>
[2026-02-19T14:21:04.764+0000] {taskinstance.py:2076} INFO - Dependencies all met for dep_context=requeueable deps ti=<TaskInstance: dag_moex.task_GOOG scheduled__2026-02-18T00:00:00+00:00 [queued]>
[2026-02-19T14:21:04.764+0000] {taskinstance.py:2306} INFO - Starting attempt 1 of 1
[2026-02-19T14:21:04.777+0000] {taskinstance.py:2330} INFO - Executing <Task(PythonOperator): task_GOOG> on 2026-02-18 00:00:00+00:00
[2026-02-19T14:21:04.786+0000] {logging_mixin.py:188} WARNING - /home/***/.local/lib/python3.12/site-packages/***/task/task_runner/standard_task_runner.py:62 DeprecationWarning: This process (pid=31016) is multi-threaded, use of fork() may lead to deadlocks in the child.
[2026-02-19T14:21:04.788+0000] {standard_task_runner.py:64} INFO - Started process 31026 to run task
[2026-02-19T14:21:04.787+0000] {standard_task_runner.py:90} INFO - Running: ['***', 'tasks', 'run', 'dag_moex', 'task_GOOG', 'scheduled__2026-02-18T00:00:00+00:00', '--job-id', '1175', '--raw', '--subdir', 'DAGS_FOLDER/stocks/dag1.py', '--cfg-path', '/tmp/tmpkghfx390']
[2026-02-19T14:21:04.790+0000] {standard_task_runner.py:91} INFO - Job 1175: Subtask task_GOOG
[2026-02-19T14:21:04.834+0000] {task_command.py:426} INFO - Running <TaskInstance: dag_moex.task_GOOG scheduled__2026-02-18T00:00:00+00:00 [running]> on host cc036e7caf02
[2026-02-19T14:21:04.918+0000] {taskinstance.py:2648} INFO - Exporting env vars: AIRFLOW_CTX_DAG_OWNER='***' AIRFLOW_CTX_DAG_ID='dag_moex' AIRFLOW_CTX_TASK_ID='task_GOOG' AIRFLOW_CTX_EXECUTION_DATE='2026-02-18T00:00:00+00:00' AIRFLOW_CTX_TRY_NUMBER='1' AIRFLOW_CTX_DAG_RUN_ID='scheduled__2026-02-18T00:00:00+00:00'
[2026-02-19T14:21:04.920+0000] {taskinstance.py:430} INFO - ::endgroup::
[2026-02-19T14:21:04.930+0000] {logging_mixin.py:188} WARNING - /opt/***/dags/stocks/scripts/api.py:9 FutureWarning: YF.download() has changed argument auto_adjust default to True
[2026-02-19T14:21:04.938+0000] {logging_mixin.py:188} WARNING - /home/***/.local/lib/python3.12/site-packages/yfinance/scrapers/history.py:204 Pandas4Warning: Timestamp.utcnow is deprecated and will be removed in a future version. Use Timestamp.now('UTC') instead.
[2026-02-19T14:21:05.776+0000] {logging_mixin.py:188} WARNING - [*********************100%***********************]  1 of 1 completed
[2026-02-19T14:21:05.792+0000] {api.py:10} INFO - Выгрузилось
    __________________________
    Price            Close        High         Low        Open    Volume
Ticker            GOOG        GOOG        GOOG        GOOG      GOOG
Date                                                                
2026-02-17  302.820007  304.890015  296.899994  300.640015  23750800
2026-02-18  303.940002  305.910004  301.980011  302.432007  15815100
    __________________________
    
[2026-02-19T14:21:05.793+0000] {api.py:16} INFO - start=2026-02-17, end=2026-02-19
[2026-02-19T14:21:05.799+0000] {api.py:17} INFO - После удаления
    __________________________
    Price            Close        High         Low        Open    Volume
Ticker            GOOG        GOOG        GOOG        GOOG      GOOG
Date                                                                
2026-02-18  303.940002  305.910004  301.980011  302.432007  15815100
    __________________________
    
[2026-02-19T14:21:05.810+0000] {base.py:84} INFO - Using connection ID 'pg_1' for task execution.
[2026-02-19T14:21:05.810+0000] {sql.py:254} WARNING - This setter is for backward compatibility and should not be used.
Since the introduction of connection property, the providers listed below breaks due to assigning value to self.connection in their __init__ method.
* apache-***-providers-mysql<5.7.1
* apache-***-providers-elasticsearch<5.5.1
* apache-***-providers-postgres<5.13.0
[2026-02-19T14:21:05.814+0000] {taskinstance.py:441} INFO - ::group::Post task execution logs
[2026-02-19T14:21:05.815+0000] {taskinstance.py:2905} ERROR - Task failed with exception
Traceback (most recent call last):
  File "/home/airflow/.local/lib/python3.12/site-packages/airflow/models/taskinstance.py", line 465, in _execute_task
    result = _execute_callable(context=context, **execute_callable_kwargs)
             ^^^^^^^^^^^^^^^^^^^^^^^^^^^^^^^^^^^^^^^^^^^^^^^^^^^^^^^^^^^^^
  File "/home/airflow/.local/lib/python3.12/site-packages/airflow/models/taskinstance.py", line 432, in _execute_callable
    return execute_callable(context=context, **execute_callable_kwargs)
           ^^^^^^^^^^^^^^^^^^^^^^^^^^^^^^^^^^^^^^^^^^^^^^^^^^^^^^^^^^^^
  File "/home/airflow/.local/lib/python3.12/site-packages/airflow/models/baseoperator.py", line 401, in wrapper
    return func(self, *args, **kwargs)
           ^^^^^^^^^^^^^^^^^^^^^^^^^^^
  File "/home/airflow/.local/lib/python3.12/site-packages/airflow/operators/python.py", line 235, in execute
    return_value = self.execute_callable()
                   ^^^^^^^^^^^^^^^^^^^^^^^
  File "/home/airflow/.local/lib/python3.12/site-packages/airflow/operators/python.py", line 252, in execute_callable
    return self.python_callable(*self.op_args, **self.op_kwargs)
           ^^^^^^^^^^^^^^^^^^^^^^^^^^^^^^^^^^^^^^^^^^^^^^^^^^^^^
  File "/opt/airflow/dags/stocks/scripts/manager.py", line 24, in fetch_data
    postgresHook.insert_rows(table="stocks", rows=rows,
  File "/home/airflow/.local/lib/python3.12/site-packages/airflow/providers/common/sql/hooks/sql.py", line 893, in insert_rows
    cur.executemany(sql, values)
psycopg2.errors.UniqueViolation: duplicate key value violates unique constraint "stocks_pkey"
DETAIL:  Key (ticker, date)=(GOOG, 2026-02-18) already exists.

[2026-02-19T14:21:05.824+0000] {taskinstance.py:1206} INFO - Marking task as FAILED. dag_id=dag_moex, task_id=task_GOOG, run_id=scheduled__2026-02-18T00:00:00+00:00, execution_date=20260218T000000, start_date=20260219T142104, end_date=20260219T142105
[2026-02-19T14:21:05.834+0000] {standard_task_runner.py:110} ERROR - Failed to execute job 1175 for task task_GOOG (duplicate key value violates unique constraint "stocks_pkey"
DETAIL:  Key (ticker, date)=(GOOG, 2026-02-18) already exists.
; 31026)
[2026-02-19T14:21:05.846+0000] {local_task_job_runner.py:243} INFO - Task exited with return code 1
[2026-02-19T14:21:05.862+0000] {taskinstance.py:3503} INFO - 0 downstream tasks scheduled from follow-on schedule check
[2026-02-19T14:21:05.866+0000] {local_task_job_runner.py:222} INFO - ::endgroup::
[2026-02-19T14:27:45.426+0000] {local_task_job_runner.py:120} INFO - ::group::Pre task execution logs
[2026-02-19T14:27:45.460+0000] {taskinstance.py:2076} INFO - Dependencies all met for dep_context=non-requeueable deps ti=<TaskInstance: dag_moex.task_GOOG scheduled__2026-02-18T00:00:00+00:00 [queued]>
[2026-02-19T14:27:45.472+0000] {taskinstance.py:2076} INFO - Dependencies all met for dep_context=requeueable deps ti=<TaskInstance: dag_moex.task_GOOG scheduled__2026-02-18T00:00:00+00:00 [queued]>
[2026-02-19T14:27:45.473+0000] {taskinstance.py:2306} INFO - Starting attempt 1 of 1
[2026-02-19T14:27:45.487+0000] {taskinstance.py:2330} INFO - Executing <Task(PythonOperator): task_GOOG> on 2026-02-18 00:00:00+00:00
[2026-02-19T14:27:45.497+0000] {logging_mixin.py:188} WARNING - /home/***/.local/lib/python3.12/site-packages/***/task/task_runner/standard_task_runner.py:62 DeprecationWarning: This process (pid=31393) is multi-threaded, use of fork() may lead to deadlocks in the child.
[2026-02-19T14:27:45.499+0000] {standard_task_runner.py:64} INFO - Started process 31408 to run task
[2026-02-19T14:27:45.497+0000] {standard_task_runner.py:90} INFO - Running: ['***', 'tasks', 'run', 'dag_moex', 'task_GOOG', 'scheduled__2026-02-18T00:00:00+00:00', '--job-id', '1230', '--raw', '--subdir', 'DAGS_FOLDER/stocks/dag1.py', '--cfg-path', '/tmp/tmpqmtn318z']
[2026-02-19T14:27:45.500+0000] {standard_task_runner.py:91} INFO - Job 1230: Subtask task_GOOG
[2026-02-19T14:27:45.553+0000] {task_command.py:426} INFO - Running <TaskInstance: dag_moex.task_GOOG scheduled__2026-02-18T00:00:00+00:00 [running]> on host cc036e7caf02
[2026-02-19T14:27:45.642+0000] {taskinstance.py:2648} INFO - Exporting env vars: AIRFLOW_CTX_DAG_OWNER='***' AIRFLOW_CTX_DAG_ID='dag_moex' AIRFLOW_CTX_TASK_ID='task_GOOG' AIRFLOW_CTX_EXECUTION_DATE='2026-02-18T00:00:00+00:00' AIRFLOW_CTX_TRY_NUMBER='1' AIRFLOW_CTX_DAG_RUN_ID='scheduled__2026-02-18T00:00:00+00:00'
[2026-02-19T14:27:45.643+0000] {taskinstance.py:430} INFO - ::endgroup::
[2026-02-19T14:27:45.654+0000] {logging_mixin.py:188} WARNING - /opt/***/dags/stocks/scripts/api.py:9 FutureWarning: YF.download() has changed argument auto_adjust default to True
[2026-02-19T14:27:45.660+0000] {logging_mixin.py:188} WARNING - /home/***/.local/lib/python3.12/site-packages/yfinance/scrapers/history.py:204 Pandas4Warning: Timestamp.utcnow is deprecated and will be removed in a future version. Use Timestamp.now('UTC') instead.
[2026-02-19T14:27:46.463+0000] {logging_mixin.py:188} WARNING - [*********************100%***********************]  1 of 1 completed
[2026-02-19T14:27:46.476+0000] {api.py:10} INFO - Выгрузилось
    __________________________
    Price            Close        High         Low        Open    Volume
Ticker            GOOG        GOOG        GOOG        GOOG      GOOG
Date                                                                
2026-02-17  302.820007  304.890015  296.899994  300.640015  23750800
2026-02-18  303.940002  305.910004  301.980011  302.432007  15815100
    __________________________
    
[2026-02-19T14:27:46.478+0000] {api.py:16} INFO - start=2026-02-17, end=2026-02-19
[2026-02-19T14:27:46.481+0000] {api.py:17} INFO - После удаления
    __________________________
    Price            Close        High         Low        Open    Volume
Ticker            GOOG        GOOG        GOOG        GOOG      GOOG
Date                                                                
2026-02-18  303.940002  305.910004  301.980011  302.432007  15815100
    __________________________
    
[2026-02-19T14:27:46.490+0000] {base.py:84} INFO - Using connection ID 'pg_1' for task execution.
[2026-02-19T14:27:46.491+0000] {sql.py:254} WARNING - This setter is for backward compatibility and should not be used.
Since the introduction of connection property, the providers listed below breaks due to assigning value to self.connection in their __init__ method.
* apache-***-providers-mysql<5.7.1
* apache-***-providers-elasticsearch<5.5.1
* apache-***-providers-postgres<5.13.0
[2026-02-19T14:27:46.496+0000] {sql.py:896} INFO - Loaded 1 rows into stocks so far
[2026-02-19T14:27:46.497+0000] {sql.py:908} INFO - Done loading. Loaded a total of 1 rows into stocks
[2026-02-19T14:27:46.502+0000] {python.py:237} INFO - Done. Returned value was: None
[2026-02-19T14:27:46.503+0000] {taskinstance.py:441} INFO - ::group::Post task execution logs
[2026-02-19T14:27:46.510+0000] {taskinstance.py:1206} INFO - Marking task as SUCCESS. dag_id=dag_moex, task_id=task_GOOG, run_id=scheduled__2026-02-18T00:00:00+00:00, execution_date=20260218T000000, start_date=20260219T142745, end_date=20260219T142746
[2026-02-19T14:27:46.556+0000] {local_task_job_runner.py:243} INFO - Task exited with return code 0
[2026-02-19T14:27:46.573+0000] {taskinstance.py:3503} INFO - 0 downstream tasks scheduled from follow-on schedule check
[2026-02-19T14:27:46.574+0000] {local_task_job_runner.py:222} INFO - ::endgroup::
[2026-02-19T14:41:04.547+0000] {local_task_job_runner.py:120} INFO - ::group::Pre task execution logs
[2026-02-19T14:41:04.571+0000] {taskinstance.py:2076} INFO - Dependencies all met for dep_context=non-requeueable deps ti=<TaskInstance: dag_moex.task_GOOG scheduled__2026-02-18T00:00:00+00:00 [queued]>
[2026-02-19T14:41:04.578+0000] {taskinstance.py:2076} INFO - Dependencies all met for dep_context=requeueable deps ti=<TaskInstance: dag_moex.task_GOOG scheduled__2026-02-18T00:00:00+00:00 [queued]>
[2026-02-19T14:41:04.579+0000] {taskinstance.py:2306} INFO - Starting attempt 1 of 1
[2026-02-19T14:41:04.591+0000] {taskinstance.py:2330} INFO - Executing <Task(PythonOperator): task_GOOG> on 2026-02-18 00:00:00+00:00
[2026-02-19T14:41:04.599+0000] {logging_mixin.py:188} WARNING - /home/***/.local/lib/python3.12/site-packages/***/task/task_runner/standard_task_runner.py:62 DeprecationWarning: This process (pid=31921) is multi-threaded, use of fork() may lead to deadlocks in the child.
[2026-02-19T14:41:04.600+0000] {standard_task_runner.py:64} INFO - Started process 31933 to run task
[2026-02-19T14:41:04.599+0000] {standard_task_runner.py:90} INFO - Running: ['***', 'tasks', 'run', 'dag_moex', 'task_GOOG', 'scheduled__2026-02-18T00:00:00+00:00', '--job-id', '1282', '--raw', '--subdir', 'DAGS_FOLDER/stocks/dag1.py', '--cfg-path', '/tmp/tmpviysqngg']
[2026-02-19T14:41:04.601+0000] {standard_task_runner.py:91} INFO - Job 1282: Subtask task_GOOG
[2026-02-19T14:41:04.640+0000] {task_command.py:426} INFO - Running <TaskInstance: dag_moex.task_GOOG scheduled__2026-02-18T00:00:00+00:00 [running]> on host cc036e7caf02
[2026-02-19T14:41:04.705+0000] {taskinstance.py:2648} INFO - Exporting env vars: AIRFLOW_CTX_DAG_OWNER='***' AIRFLOW_CTX_DAG_ID='dag_moex' AIRFLOW_CTX_TASK_ID='task_GOOG' AIRFLOW_CTX_EXECUTION_DATE='2026-02-18T00:00:00+00:00' AIRFLOW_CTX_TRY_NUMBER='1' AIRFLOW_CTX_DAG_RUN_ID='scheduled__2026-02-18T00:00:00+00:00'
[2026-02-19T14:41:04.706+0000] {taskinstance.py:430} INFO - ::endgroup::
[2026-02-19T14:41:04.718+0000] {logging_mixin.py:188} WARNING - /opt/***/dags/stocks/scripts/api.py:9 FutureWarning: YF.download() has changed argument auto_adjust default to True
[2026-02-19T14:41:04.724+0000] {logging_mixin.py:188} WARNING - /home/***/.local/lib/python3.12/site-packages/yfinance/scrapers/history.py:204 Pandas4Warning: Timestamp.utcnow is deprecated and will be removed in a future version. Use Timestamp.now('UTC') instead.
[2026-02-19T14:41:05.474+0000] {logging_mixin.py:188} WARNING - [*********************100%***********************]  1 of 1 completed
[2026-02-19T14:41:05.487+0000] {api.py:10} INFO - Выгрузилось
    __________________________
    Price            Close        High         Low        Open    Volume
Ticker            GOOG        GOOG        GOOG        GOOG      GOOG
Date                                                                
2026-02-17  302.820007  304.890015  296.899994  300.640015  23750800
2026-02-18  303.940002  305.910004  301.980011  302.432007  15815100
    __________________________
    
[2026-02-19T14:41:05.488+0000] {taskinstance.py:441} INFO - ::group::Post task execution logs
[2026-02-19T14:41:05.488+0000] {taskinstance.py:2905} ERROR - Task failed with exception
Traceback (most recent call last):
  File "/home/airflow/.local/lib/python3.12/site-packages/airflow/models/taskinstance.py", line 465, in _execute_task
    result = _execute_callable(context=context, **execute_callable_kwargs)
             ^^^^^^^^^^^^^^^^^^^^^^^^^^^^^^^^^^^^^^^^^^^^^^^^^^^^^^^^^^^^^
  File "/home/airflow/.local/lib/python3.12/site-packages/airflow/models/taskinstance.py", line 432, in _execute_callable
    return execute_callable(context=context, **execute_callable_kwargs)
           ^^^^^^^^^^^^^^^^^^^^^^^^^^^^^^^^^^^^^^^^^^^^^^^^^^^^^^^^^^^^
  File "/home/airflow/.local/lib/python3.12/site-packages/airflow/models/baseoperator.py", line 401, in wrapper
    return func(self, *args, **kwargs)
           ^^^^^^^^^^^^^^^^^^^^^^^^^^^
  File "/home/airflow/.local/lib/python3.12/site-packages/airflow/operators/python.py", line 235, in execute
    return_value = self.execute_callable()
                   ^^^^^^^^^^^^^^^^^^^^^^^
  File "/home/airflow/.local/lib/python3.12/site-packages/airflow/operators/python.py", line 252, in execute_callable
    return self.python_callable(*self.op_args, **self.op_kwargs)
           ^^^^^^^^^^^^^^^^^^^^^^^^^^^^^^^^^^^^^^^^^^^^^^^^^^^^^
  File "/opt/airflow/dags/stocks/scripts/manager.py", line 11, in fetch_data
    data = fetch_data_from_yfinance(stock, data_interval_start=data_interval_start, data_interval_end=data_interval_end)
           ^^^^^^^^^^^^^^^^^^^^^^^^^^^^^^^^^^^^^^^^^^^^^^^^^^^^^^^^^^^^^^^^^^^^^^^^^^^^^^^^^^^^^^^^^^^^^^^^^^^^^^^^^^^^^
  File "/opt/airflow/dags/stocks/scripts/api.py", line 15, in fetch_data_from_yfinance
    df = df.loc[start:start + timedelta(days=1)]
                      ~~~~~~^~~~~~~~~~~~~~~~~~~
TypeError: can only concatenate str (not "datetime.timedelta") to str
[2026-02-19T14:41:05.499+0000] {taskinstance.py:1206} INFO - Marking task as FAILED. dag_id=dag_moex, task_id=task_GOOG, run_id=scheduled__2026-02-18T00:00:00+00:00, execution_date=20260218T000000, start_date=20260219T144104, end_date=20260219T144105
[2026-02-19T14:41:05.507+0000] {standard_task_runner.py:110} ERROR - Failed to execute job 1282 for task task_GOOG (can only concatenate str (not "datetime.timedelta") to str; 31933)
[2026-02-19T14:41:05.536+0000] {local_task_job_runner.py:243} INFO - Task exited with return code 1
[2026-02-19T14:41:05.549+0000] {taskinstance.py:3503} INFO - 0 downstream tasks scheduled from follow-on schedule check
[2026-02-19T14:41:05.553+0000] {local_task_job_runner.py:222} INFO - ::endgroup::
[2026-02-19T14:45:12.085+0000] {local_task_job_runner.py:120} INFO - ::group::Pre task execution logs
[2026-02-19T14:45:12.110+0000] {taskinstance.py:2076} INFO - Dependencies all met for dep_context=non-requeueable deps ti=<TaskInstance: dag_moex.task_GOOG scheduled__2026-02-18T00:00:00+00:00 [queued]>
[2026-02-19T14:45:12.117+0000] {taskinstance.py:2076} INFO - Dependencies all met for dep_context=requeueable deps ti=<TaskInstance: dag_moex.task_GOOG scheduled__2026-02-18T00:00:00+00:00 [queued]>
[2026-02-19T14:45:12.117+0000] {taskinstance.py:2306} INFO - Starting attempt 1 of 1
[2026-02-19T14:45:12.130+0000] {taskinstance.py:2330} INFO - Executing <Task(PythonOperator): task_GOOG> on 2026-02-18 00:00:00+00:00
[2026-02-19T14:45:12.139+0000] {logging_mixin.py:188} WARNING - /home/***/.local/lib/python3.12/site-packages/***/task/task_runner/standard_task_runner.py:62 DeprecationWarning: This process (pid=32229) is multi-threaded, use of fork() may lead to deadlocks in the child.
[2026-02-19T14:45:12.140+0000] {standard_task_runner.py:64} INFO - Started process 32244 to run task
[2026-02-19T14:45:12.139+0000] {standard_task_runner.py:90} INFO - Running: ['***', 'tasks', 'run', 'dag_moex', 'task_GOOG', 'scheduled__2026-02-18T00:00:00+00:00', '--job-id', '1336', '--raw', '--subdir', 'DAGS_FOLDER/stocks/dag1.py', '--cfg-path', '/tmp/tmpr_7gw4vp']
[2026-02-19T14:45:12.141+0000] {standard_task_runner.py:91} INFO - Job 1336: Subtask task_GOOG
[2026-02-19T14:45:12.177+0000] {task_command.py:426} INFO - Running <TaskInstance: dag_moex.task_GOOG scheduled__2026-02-18T00:00:00+00:00 [running]> on host cc036e7caf02
[2026-02-19T14:45:12.250+0000] {taskinstance.py:2648} INFO - Exporting env vars: AIRFLOW_CTX_DAG_OWNER='***' AIRFLOW_CTX_DAG_ID='dag_moex' AIRFLOW_CTX_TASK_ID='task_GOOG' AIRFLOW_CTX_EXECUTION_DATE='2026-02-18T00:00:00+00:00' AIRFLOW_CTX_TRY_NUMBER='1' AIRFLOW_CTX_DAG_RUN_ID='scheduled__2026-02-18T00:00:00+00:00'
[2026-02-19T14:45:12.251+0000] {taskinstance.py:430} INFO - ::endgroup::
[2026-02-19T14:45:12.261+0000] {logging_mixin.py:188} WARNING - /opt/***/dags/stocks/scripts/api.py:9 FutureWarning: YF.download() has changed argument auto_adjust default to True
[2026-02-19T14:45:12.267+0000] {logging_mixin.py:188} WARNING - /home/***/.local/lib/python3.12/site-packages/yfinance/scrapers/history.py:204 Pandas4Warning: Timestamp.utcnow is deprecated and will be removed in a future version. Use Timestamp.now('UTC') instead.
[2026-02-19T14:45:13.142+0000] {logging_mixin.py:188} WARNING - [*********************100%***********************]  1 of 1 completed
[2026-02-19T14:45:13.159+0000] {base.py:84} INFO - Using connection ID 'pg_1' for task execution.
[2026-02-19T14:45:13.160+0000] {sql.py:254} WARNING - This setter is for backward compatibility and should not be used.
Since the introduction of connection property, the providers listed below breaks due to assigning value to self.connection in their __init__ method.
* apache-***-providers-mysql<5.7.1
* apache-***-providers-elasticsearch<5.5.1
* apache-***-providers-postgres<5.13.0
[2026-02-19T14:45:13.164+0000] {taskinstance.py:441} INFO - ::group::Post task execution logs
[2026-02-19T14:45:13.164+0000] {taskinstance.py:2905} ERROR - Task failed with exception
Traceback (most recent call last):
  File "/home/airflow/.local/lib/python3.12/site-packages/airflow/models/taskinstance.py", line 465, in _execute_task
    result = _execute_callable(context=context, **execute_callable_kwargs)
             ^^^^^^^^^^^^^^^^^^^^^^^^^^^^^^^^^^^^^^^^^^^^^^^^^^^^^^^^^^^^^
  File "/home/airflow/.local/lib/python3.12/site-packages/airflow/models/taskinstance.py", line 432, in _execute_callable
    return execute_callable(context=context, **execute_callable_kwargs)
           ^^^^^^^^^^^^^^^^^^^^^^^^^^^^^^^^^^^^^^^^^^^^^^^^^^^^^^^^^^^^
  File "/home/airflow/.local/lib/python3.12/site-packages/airflow/models/baseoperator.py", line 401, in wrapper
    return func(self, *args, **kwargs)
           ^^^^^^^^^^^^^^^^^^^^^^^^^^^
  File "/home/airflow/.local/lib/python3.12/site-packages/airflow/operators/python.py", line 235, in execute
    return_value = self.execute_callable()
                   ^^^^^^^^^^^^^^^^^^^^^^^
  File "/home/airflow/.local/lib/python3.12/site-packages/airflow/operators/python.py", line 252, in execute_callable
    return self.python_callable(*self.op_args, **self.op_kwargs)
           ^^^^^^^^^^^^^^^^^^^^^^^^^^^^^^^^^^^^^^^^^^^^^^^^^^^^^
  File "/opt/airflow/dags/stocks/scripts/manager.py", line 24, in fetch_data
    postgresHook.insert_rows(table="stocks", rows=rows,
  File "/home/airflow/.local/lib/python3.12/site-packages/airflow/providers/common/sql/hooks/sql.py", line 893, in insert_rows
    cur.executemany(sql, values)
psycopg2.errors.UniqueViolation: duplicate key value violates unique constraint "stocks_pkey"
DETAIL:  Key (ticker, date)=(GOOG, 2026-02-17) already exists.

[2026-02-19T14:45:13.173+0000] {taskinstance.py:1206} INFO - Marking task as FAILED. dag_id=dag_moex, task_id=task_GOOG, run_id=scheduled__2026-02-18T00:00:00+00:00, execution_date=20260218T000000, start_date=20260219T144512, end_date=20260219T144513
[2026-02-19T14:45:13.180+0000] {standard_task_runner.py:110} ERROR - Failed to execute job 1336 for task task_GOOG (duplicate key value violates unique constraint "stocks_pkey"
DETAIL:  Key (ticker, date)=(GOOG, 2026-02-17) already exists.
; 32244)
[2026-02-19T14:45:13.195+0000] {local_task_job_runner.py:243} INFO - Task exited with return code 1
[2026-02-19T14:45:13.206+0000] {taskinstance.py:3503} INFO - 0 downstream tasks scheduled from follow-on schedule check
[2026-02-19T14:45:13.209+0000] {local_task_job_runner.py:222} INFO - ::endgroup::
[2026-02-19T14:51:06.513+0000] {local_task_job_runner.py:120} INFO - ::group::Pre task execution logs
[2026-02-19T14:51:06.539+0000] {taskinstance.py:2076} INFO - Dependencies all met for dep_context=non-requeueable deps ti=<TaskInstance: dag_moex.task_GOOG scheduled__2026-02-18T00:00:00+00:00 [queued]>
[2026-02-19T14:51:06.547+0000] {taskinstance.py:2076} INFO - Dependencies all met for dep_context=requeueable deps ti=<TaskInstance: dag_moex.task_GOOG scheduled__2026-02-18T00:00:00+00:00 [queued]>
[2026-02-19T14:51:06.548+0000] {taskinstance.py:2306} INFO - Starting attempt 1 of 1
[2026-02-19T14:51:06.561+0000] {taskinstance.py:2330} INFO - Executing <Task(PythonOperator): task_GOOG> on 2026-02-18 00:00:00+00:00
[2026-02-19T14:51:06.573+0000] {logging_mixin.py:188} WARNING - /home/***/.local/lib/python3.12/site-packages/***/task/task_runner/standard_task_runner.py:62 DeprecationWarning: This process (pid=32971) is multi-threaded, use of fork() may lead to deadlocks in the child.
[2026-02-19T14:51:06.574+0000] {standard_task_runner.py:64} INFO - Started process 32976 to run task
[2026-02-19T14:51:06.573+0000] {standard_task_runner.py:90} INFO - Running: ['***', 'tasks', 'run', 'dag_moex', 'task_GOOG', 'scheduled__2026-02-18T00:00:00+00:00', '--job-id', '1485', '--raw', '--subdir', 'DAGS_FOLDER/stocks/dag1.py', '--cfg-path', '/tmp/tmp05ka74iv']
[2026-02-19T14:51:06.575+0000] {standard_task_runner.py:91} INFO - Job 1485: Subtask task_GOOG
[2026-02-19T14:51:06.623+0000] {task_command.py:426} INFO - Running <TaskInstance: dag_moex.task_GOOG scheduled__2026-02-18T00:00:00+00:00 [running]> on host cc036e7caf02
[2026-02-19T14:51:06.706+0000] {taskinstance.py:2648} INFO - Exporting env vars: AIRFLOW_CTX_DAG_OWNER='***' AIRFLOW_CTX_DAG_ID='dag_moex' AIRFLOW_CTX_TASK_ID='task_GOOG' AIRFLOW_CTX_EXECUTION_DATE='2026-02-18T00:00:00+00:00' AIRFLOW_CTX_TRY_NUMBER='1' AIRFLOW_CTX_DAG_RUN_ID='scheduled__2026-02-18T00:00:00+00:00'
[2026-02-19T14:51:06.707+0000] {taskinstance.py:430} INFO - ::endgroup::
[2026-02-19T14:51:06.719+0000] {logging_mixin.py:188} WARNING - /opt/***/dags/stocks/scripts/api.py:9 FutureWarning: YF.download() has changed argument auto_adjust default to True
[2026-02-19T14:51:06.726+0000] {logging_mixin.py:188} WARNING - /home/***/.local/lib/python3.12/site-packages/yfinance/scrapers/history.py:204 Pandas4Warning: Timestamp.utcnow is deprecated and will be removed in a future version. Use Timestamp.now('UTC') instead.
[2026-02-19T14:51:07.624+0000] {logging_mixin.py:188} WARNING - [*********************100%***********************]  1 of 1 completed
[2026-02-19T14:51:07.640+0000] {base.py:84} INFO - Using connection ID 'pg_1' for task execution.
[2026-02-19T14:51:07.640+0000] {sql.py:254} WARNING - This setter is for backward compatibility and should not be used.
Since the introduction of connection property, the providers listed below breaks due to assigning value to self.connection in their __init__ method.
* apache-***-providers-mysql<5.7.1
* apache-***-providers-elasticsearch<5.5.1
* apache-***-providers-postgres<5.13.0
[2026-02-19T14:51:07.644+0000] {taskinstance.py:441} INFO - ::group::Post task execution logs
[2026-02-19T14:51:07.645+0000] {taskinstance.py:2905} ERROR - Task failed with exception
Traceback (most recent call last):
  File "/home/airflow/.local/lib/python3.12/site-packages/airflow/models/taskinstance.py", line 465, in _execute_task
    result = _execute_callable(context=context, **execute_callable_kwargs)
             ^^^^^^^^^^^^^^^^^^^^^^^^^^^^^^^^^^^^^^^^^^^^^^^^^^^^^^^^^^^^^
  File "/home/airflow/.local/lib/python3.12/site-packages/airflow/models/taskinstance.py", line 432, in _execute_callable
    return execute_callable(context=context, **execute_callable_kwargs)
           ^^^^^^^^^^^^^^^^^^^^^^^^^^^^^^^^^^^^^^^^^^^^^^^^^^^^^^^^^^^^
  File "/home/airflow/.local/lib/python3.12/site-packages/airflow/models/baseoperator.py", line 401, in wrapper
    return func(self, *args, **kwargs)
           ^^^^^^^^^^^^^^^^^^^^^^^^^^^
  File "/home/airflow/.local/lib/python3.12/site-packages/airflow/operators/python.py", line 235, in execute
    return_value = self.execute_callable()
                   ^^^^^^^^^^^^^^^^^^^^^^^
  File "/home/airflow/.local/lib/python3.12/site-packages/airflow/operators/python.py", line 252, in execute_callable
    return self.python_callable(*self.op_args, **self.op_kwargs)
           ^^^^^^^^^^^^^^^^^^^^^^^^^^^^^^^^^^^^^^^^^^^^^^^^^^^^^
  File "/opt/airflow/dags/stocks/scripts/manager.py", line 24, in fetch_data
    postgresHook.insert_rows(table="stocks", rows=rows,
  File "/home/airflow/.local/lib/python3.12/site-packages/airflow/providers/common/sql/hooks/sql.py", line 893, in insert_rows
    cur.executemany(sql, values)
psycopg2.errors.UniqueViolation: duplicate key value violates unique constraint "stocks_pkey"
DETAIL:  Key (ticker, date)=(GOOG, 2026-02-17) already exists.

[2026-02-19T14:51:07.654+0000] {taskinstance.py:1206} INFO - Marking task as FAILED. dag_id=dag_moex, task_id=task_GOOG, run_id=scheduled__2026-02-18T00:00:00+00:00, execution_date=20260218T000000, start_date=20260219T145106, end_date=20260219T145107
[2026-02-19T14:51:07.685+0000] {standard_task_runner.py:110} ERROR - Failed to execute job 1485 for task task_GOOG (duplicate key value violates unique constraint "stocks_pkey"
DETAIL:  Key (ticker, date)=(GOOG, 2026-02-17) already exists.
; 32976)
[2026-02-19T14:51:07.712+0000] {local_task_job_runner.py:243} INFO - Task exited with return code 1
[2026-02-19T14:51:07.726+0000] {taskinstance.py:3503} INFO - 0 downstream tasks scheduled from follow-on schedule check
[2026-02-19T14:51:07.728+0000] {local_task_job_runner.py:222} INFO - ::endgroup::
