[2026-02-18T07:13:08.331+0000] {local_task_job_runner.py:120} INFO - ::group::Pre task execution logs
[2026-02-18T07:13:08.397+0000] {taskinstance.py:2076} INFO - Dependencies all met for dep_context=non-requeueable deps ti=<TaskInstance: dag_moex.task_GOOG scheduled__2026-01-28T00:00:00+00:00 [queued]>
[2026-02-18T07:13:08.415+0000] {taskinstance.py:2076} INFO - Dependencies all met for dep_context=requeueable deps ti=<TaskInstance: dag_moex.task_GOOG scheduled__2026-01-28T00:00:00+00:00 [queued]>
[2026-02-18T07:13:08.416+0000] {taskinstance.py:2306} INFO - Starting attempt 1 of 1
[2026-02-18T07:13:08.435+0000] {taskinstance.py:2330} INFO - Executing <Task(PythonOperator): task_GOOG> on 2026-01-28 00:00:00+00:00
[2026-02-18T07:13:08.451+0000] {logging_mixin.py:188} WARNING - /home/***/.local/lib/python3.12/site-packages/***/task/task_runner/standard_task_runner.py:62 DeprecationWarning: This process (pid=1596) is multi-threaded, use of fork() may lead to deadlocks in the child.
[2026-02-18T07:13:08.452+0000] {standard_task_runner.py:64} INFO - Started process 1631 to run task
[2026-02-18T07:13:08.451+0000] {standard_task_runner.py:90} INFO - Running: ['***', 'tasks', 'run', 'dag_moex', 'task_GOOG', 'scheduled__2026-01-28T00:00:00+00:00', '--job-id', '461', '--raw', '--subdir', 'DAGS_FOLDER/stocks/dag1.py', '--cfg-path', '/tmp/tmpwtdz32io']
[2026-02-18T07:13:08.453+0000] {standard_task_runner.py:91} INFO - Job 461: Subtask task_GOOG
[2026-02-18T07:13:08.545+0000] {task_command.py:426} INFO - Running <TaskInstance: dag_moex.task_GOOG scheduled__2026-01-28T00:00:00+00:00 [running]> on host cc036e7caf02
[2026-02-18T07:13:08.694+0000] {taskinstance.py:2648} INFO - Exporting env vars: AIRFLOW_CTX_DAG_OWNER='***' AIRFLOW_CTX_DAG_ID='dag_moex' AIRFLOW_CTX_TASK_ID='task_GOOG' AIRFLOW_CTX_EXECUTION_DATE='2026-01-28T00:00:00+00:00' AIRFLOW_CTX_TRY_NUMBER='1' AIRFLOW_CTX_DAG_RUN_ID='scheduled__2026-01-28T00:00:00+00:00'
[2026-02-18T07:13:08.697+0000] {taskinstance.py:430} INFO - ::endgroup::
[2026-02-18T07:13:08.712+0000] {manager.py:8} INFO - log
[2026-02-18T07:13:08.715+0000] {logging_mixin.py:188} WARNING - /opt/***/dags/stocks/scripts/api.py:9 FutureWarning: YF.download() has changed argument auto_adjust default to True
[2026-02-18T07:13:08.739+0000] {logging_mixin.py:188} WARNING - /home/***/.local/lib/python3.12/site-packages/yfinance/scrapers/history.py:204 Pandas4Warning: Timestamp.utcnow is deprecated and will be removed in a future version. Use Timestamp.now('UTC') instead.
[2026-02-18T07:13:09.487+0000] {logging_mixin.py:188} WARNING - [*********************100%***********************]  1 of 1 completed
[2026-02-18T07:13:09.496+0000] {manager.py:10} INFO - Price            Close        High         Low        Open    Volume
Ticker            GOOG        GOOG        GOOG        GOOG      GOOG
Date                                                                
2026-01-28  336.279999  337.630005  332.130005  336.609985  17538500
[2026-02-18T07:13:09.508+0000] {python.py:237} INFO - Done. Returned value was: None
[2026-02-18T07:13:09.509+0000] {taskinstance.py:441} INFO - ::group::Post task execution logs
[2026-02-18T07:13:09.517+0000] {taskinstance.py:1206} INFO - Marking task as SUCCESS. dag_id=dag_moex, task_id=task_GOOG, run_id=scheduled__2026-01-28T00:00:00+00:00, execution_date=20260128T000000, start_date=20260218T071308, end_date=20260218T071309
[2026-02-18T07:13:09.572+0000] {local_task_job_runner.py:243} INFO - Task exited with return code 0
[2026-02-18T07:13:09.594+0000] {taskinstance.py:3503} INFO - 0 downstream tasks scheduled from follow-on schedule check
[2026-02-18T07:13:09.596+0000] {local_task_job_runner.py:222} INFO - ::endgroup::
[2026-02-19T14:50:42.193+0000] {local_task_job_runner.py:120} INFO - ::group::Pre task execution logs
[2026-02-19T14:50:42.253+0000] {taskinstance.py:2076} INFO - Dependencies all met for dep_context=non-requeueable deps ti=<TaskInstance: dag_moex.task_GOOG scheduled__2026-01-28T00:00:00+00:00 [queued]>
[2026-02-19T14:50:42.265+0000] {taskinstance.py:2076} INFO - Dependencies all met for dep_context=requeueable deps ti=<TaskInstance: dag_moex.task_GOOG scheduled__2026-01-28T00:00:00+00:00 [queued]>
[2026-02-19T14:50:42.266+0000] {taskinstance.py:2306} INFO - Starting attempt 1 of 1
[2026-02-19T14:50:42.284+0000] {taskinstance.py:2330} INFO - Executing <Task(PythonOperator): task_GOOG> on 2026-01-28 00:00:00+00:00
[2026-02-19T14:50:42.297+0000] {logging_mixin.py:188} WARNING - /home/***/.local/lib/python3.12/site-packages/***/task/task_runner/standard_task_runner.py:62 DeprecationWarning: This process (pid=32696) is multi-threaded, use of fork() may lead to deadlocks in the child.
[2026-02-19T14:50:42.300+0000] {standard_task_runner.py:64} INFO - Started process 32723 to run task
[2026-02-19T14:50:42.300+0000] {standard_task_runner.py:90} INFO - Running: ['***', 'tasks', 'run', 'dag_moex', 'task_GOOG', 'scheduled__2026-01-28T00:00:00+00:00', '--job-id', '1418', '--raw', '--subdir', 'DAGS_FOLDER/stocks/dag1.py', '--cfg-path', '/tmp/tmpvuf1zeyk']
[2026-02-19T14:50:42.302+0000] {standard_task_runner.py:91} INFO - Job 1418: Subtask task_GOOG
[2026-02-19T14:50:42.396+0000] {task_command.py:426} INFO - Running <TaskInstance: dag_moex.task_GOOG scheduled__2026-01-28T00:00:00+00:00 [running]> on host cc036e7caf02
[2026-02-19T14:50:42.514+0000] {taskinstance.py:2648} INFO - Exporting env vars: AIRFLOW_CTX_DAG_OWNER='***' AIRFLOW_CTX_DAG_ID='dag_moex' AIRFLOW_CTX_TASK_ID='task_GOOG' AIRFLOW_CTX_EXECUTION_DATE='2026-01-28T00:00:00+00:00' AIRFLOW_CTX_TRY_NUMBER='1' AIRFLOW_CTX_DAG_RUN_ID='scheduled__2026-01-28T00:00:00+00:00'
[2026-02-19T14:50:42.515+0000] {taskinstance.py:430} INFO - ::endgroup::
[2026-02-19T14:50:42.533+0000] {logging_mixin.py:188} WARNING - /opt/***/dags/stocks/scripts/api.py:9 FutureWarning: YF.download() has changed argument auto_adjust default to True
[2026-02-19T14:50:42.551+0000] {logging_mixin.py:188} WARNING - /home/***/.local/lib/python3.12/site-packages/yfinance/scrapers/history.py:204 Pandas4Warning: Timestamp.utcnow is deprecated and will be removed in a future version. Use Timestamp.now('UTC') instead.
[2026-02-19T14:50:43.319+0000] {logging_mixin.py:188} WARNING - [*********************100%***********************]  1 of 1 completed
[2026-02-19T14:50:43.339+0000] {base.py:84} INFO - Using connection ID 'pg_1' for task execution.
[2026-02-19T14:50:43.340+0000] {sql.py:254} WARNING - This setter is for backward compatibility and should not be used.
Since the introduction of connection property, the providers listed below breaks due to assigning value to self.connection in their __init__ method.
* apache-***-providers-mysql<5.7.1
* apache-***-providers-elasticsearch<5.5.1
* apache-***-providers-postgres<5.13.0
[2026-02-19T14:50:43.346+0000] {sql.py:896} INFO - Loaded 2 rows into stocks so far
[2026-02-19T14:50:43.347+0000] {sql.py:908} INFO - Done loading. Loaded a total of 2 rows into stocks
[2026-02-19T14:50:43.353+0000] {python.py:237} INFO - Done. Returned value was: None
[2026-02-19T14:50:43.354+0000] {taskinstance.py:441} INFO - ::group::Post task execution logs
[2026-02-19T14:50:43.361+0000] {taskinstance.py:1206} INFO - Marking task as SUCCESS. dag_id=dag_moex, task_id=task_GOOG, run_id=scheduled__2026-01-28T00:00:00+00:00, execution_date=20260128T000000, start_date=20260219T145042, end_date=20260219T145043
[2026-02-19T14:50:43.410+0000] {local_task_job_runner.py:243} INFO - Task exited with return code 0
[2026-02-19T14:50:43.428+0000] {taskinstance.py:3503} INFO - 0 downstream tasks scheduled from follow-on schedule check
[2026-02-19T14:50:43.429+0000] {local_task_job_runner.py:222} INFO - ::endgroup::
