[2026-02-14T09:46:06.708+0000] {local_task_job_runner.py:120} INFO - ::group::Pre task execution logs
[2026-02-14T09:46:06.744+0000] {taskinstance.py:2076} INFO - Dependencies all met for dep_context=non-requeueable deps ti=<TaskInstance: dag_moex.task_AAPL scheduled__2026-01-01T00:00:00+00:00 [queued]>
[2026-02-14T09:46:06.757+0000] {taskinstance.py:2076} INFO - Dependencies all met for dep_context=requeueable deps ti=<TaskInstance: dag_moex.task_AAPL scheduled__2026-01-01T00:00:00+00:00 [queued]>
[2026-02-14T09:46:06.758+0000] {taskinstance.py:2306} INFO - Starting attempt 1 of 1
[2026-02-14T09:46:06.776+0000] {taskinstance.py:2330} INFO - Executing <Task(PythonOperator): task_AAPL> on 2026-01-01 00:00:00+00:00
[2026-02-14T09:46:06.788+0000] {logging_mixin.py:188} WARNING - /home/***/.local/lib/python3.12/site-packages/***/task/task_runner/standard_task_runner.py:62 DeprecationWarning: This process (pid=1120) is multi-threaded, use of fork() may lead to deadlocks in the child.
[2026-02-14T09:46:06.789+0000] {standard_task_runner.py:64} INFO - Started process 1138 to run task
[2026-02-14T09:46:06.788+0000] {standard_task_runner.py:90} INFO - Running: ['***', 'tasks', 'run', 'dag_moex', 'task_AAPL', 'scheduled__2026-01-01T00:00:00+00:00', '--job-id', '227', '--raw', '--subdir', 'DAGS_FOLDER/stocks/dag1.py', '--cfg-path', '/tmp/tmpqrrupmvx']
[2026-02-14T09:46:06.791+0000] {standard_task_runner.py:91} INFO - Job 227: Subtask task_AAPL
[2026-02-14T09:46:06.854+0000] {task_command.py:426} INFO - Running <TaskInstance: dag_moex.task_AAPL scheduled__2026-01-01T00:00:00+00:00 [running]> on host 78a955e87025
[2026-02-14T09:46:06.967+0000] {taskinstance.py:2648} INFO - Exporting env vars: AIRFLOW_CTX_DAG_OWNER='***' AIRFLOW_CTX_DAG_ID='dag_moex' AIRFLOW_CTX_TASK_ID='task_AAPL' AIRFLOW_CTX_EXECUTION_DATE='2026-01-01T00:00:00+00:00' AIRFLOW_CTX_TRY_NUMBER='1' AIRFLOW_CTX_DAG_RUN_ID='scheduled__2026-01-01T00:00:00+00:00'
[2026-02-14T09:46:06.969+0000] {taskinstance.py:430} INFO - ::endgroup::
[2026-02-14T09:46:06.988+0000] {logging_mixin.py:188} INFO - 2025-12-31 2026-01-02
[2026-02-14T09:46:06.992+0000] {logging_mixin.py:188} WARNING - /opt/***/dags/stocks/scripts/api.py:10 FutureWarning: YF.download() has changed argument auto_adjust default to True
[2026-02-14T09:46:07.003+0000] {logging_mixin.py:188} WARNING - /home/***/.local/lib/python3.12/site-packages/yfinance/scrapers/history.py:204 Pandas4Warning: Timestamp.utcnow is deprecated and will be removed in a future version. Use Timestamp.now('UTC') instead.
[2026-02-14T09:46:07.842+0000] {logging_mixin.py:188} WARNING - [*********************100%***********************]  1 of 1 completed
[2026-02-14T09:46:07.859+0000] {python.py:237} INFO - Done. Returned value was: None
[2026-02-14T09:46:07.860+0000] {taskinstance.py:441} INFO - ::group::Post task execution logs
[2026-02-14T09:46:07.873+0000] {taskinstance.py:1206} INFO - Marking task as SUCCESS. dag_id=dag_moex, task_id=task_AAPL, run_id=scheduled__2026-01-01T00:00:00+00:00, execution_date=20260101T000000, start_date=20260214T094606, end_date=20260214T094607
[2026-02-14T09:46:07.929+0000] {local_task_job_runner.py:243} INFO - Task exited with return code 0
[2026-02-14T09:46:07.956+0000] {taskinstance.py:3503} INFO - 0 downstream tasks scheduled from follow-on schedule check
[2026-02-14T09:46:07.958+0000] {local_task_job_runner.py:222} INFO - ::endgroup::
[2026-02-18T06:51:48.700+0000] {local_task_job_runner.py:120} INFO - ::group::Pre task execution logs
[2026-02-18T06:51:48.736+0000] {taskinstance.py:2076} INFO - Dependencies all met for dep_context=non-requeueable deps ti=<TaskInstance: dag_moex.task_AAPL scheduled__2026-01-01T00:00:00+00:00 [queued]>
[2026-02-18T06:51:48.746+0000] {taskinstance.py:2076} INFO - Dependencies all met for dep_context=requeueable deps ti=<TaskInstance: dag_moex.task_AAPL scheduled__2026-01-01T00:00:00+00:00 [queued]>
[2026-02-18T06:51:48.746+0000] {taskinstance.py:2306} INFO - Starting attempt 1 of 1
[2026-02-18T06:51:48.763+0000] {taskinstance.py:2330} INFO - Executing <Task(PythonOperator): task_AAPL> on 2026-01-01 00:00:00+00:00
[2026-02-18T06:51:48.775+0000] {logging_mixin.py:188} WARNING - /home/***/.local/lib/python3.12/site-packages/***/task/task_runner/standard_task_runner.py:62 DeprecationWarning: This process (pid=227) is multi-threaded, use of fork() may lead to deadlocks in the child.
[2026-02-18T06:51:48.776+0000] {standard_task_runner.py:64} INFO - Started process 246 to run task
[2026-02-18T06:51:48.775+0000] {standard_task_runner.py:90} INFO - Running: ['***', 'tasks', 'run', 'dag_moex', 'task_AAPL', 'scheduled__2026-01-01T00:00:00+00:00', '--job-id', '245', '--raw', '--subdir', 'DAGS_FOLDER/stocks/dag1.py', '--cfg-path', '/tmp/tmpzfv6hnfd']
[2026-02-18T06:51:48.778+0000] {standard_task_runner.py:91} INFO - Job 245: Subtask task_AAPL
[2026-02-18T06:51:48.832+0000] {task_command.py:426} INFO - Running <TaskInstance: dag_moex.task_AAPL scheduled__2026-01-01T00:00:00+00:00 [running]> on host cc036e7caf02
[2026-02-18T06:51:48.927+0000] {taskinstance.py:2648} INFO - Exporting env vars: AIRFLOW_CTX_DAG_OWNER='***' AIRFLOW_CTX_DAG_ID='dag_moex' AIRFLOW_CTX_TASK_ID='task_AAPL' AIRFLOW_CTX_EXECUTION_DATE='2026-01-01T00:00:00+00:00' AIRFLOW_CTX_TRY_NUMBER='1' AIRFLOW_CTX_DAG_RUN_ID='scheduled__2026-01-01T00:00:00+00:00'
[2026-02-18T06:51:48.929+0000] {taskinstance.py:430} INFO - ::endgroup::
[2026-02-18T06:51:48.966+0000] {manager.py:8} INFO - log
[2026-02-18T06:51:48.969+0000] {logging_mixin.py:188} WARNING - /opt/***/dags/stocks/scripts/api.py:9 FutureWarning: YF.download() has changed argument auto_adjust default to True
[2026-02-18T06:51:50.706+0000] {logging_mixin.py:188} WARNING - /home/***/.local/lib/python3.12/site-packages/yfinance/scrapers/history.py:204 Pandas4Warning: Timestamp.utcnow is deprecated and will be removed in a future version. Use Timestamp.now('UTC') instead.
[2026-02-18T06:51:50.934+0000] {logging_mixin.py:188} WARNING - [*********************100%***********************]  1 of 1 completed
[2026-02-18T06:51:50.941+0000] {taskinstance.py:441} INFO - ::group::Post task execution logs
[2026-02-18T06:51:50.942+0000] {taskinstance.py:2905} ERROR - Task failed with exception
Traceback (most recent call last):
  File "/home/airflow/.local/lib/python3.12/site-packages/airflow/models/taskinstance.py", line 465, in _execute_task
    result = _execute_callable(context=context, **execute_callable_kwargs)
             ^^^^^^^^^^^^^^^^^^^^^^^^^^^^^^^^^^^^^^^^^^^^^^^^^^^^^^^^^^^^^
  File "/home/airflow/.local/lib/python3.12/site-packages/airflow/models/taskinstance.py", line 432, in _execute_callable
    return execute_callable(context=context, **execute_callable_kwargs)
           ^^^^^^^^^^^^^^^^^^^^^^^^^^^^^^^^^^^^^^^^^^^^^^^^^^^^^^^^^^^^
  File "/home/airflow/.local/lib/python3.12/site-packages/airflow/models/baseoperator.py", line 401, in wrapper
    return func(self, *args, **kwargs)
           ^^^^^^^^^^^^^^^^^^^^^^^^^^^
  File "/home/airflow/.local/lib/python3.12/site-packages/airflow/operators/python.py", line 235, in execute
    return_value = self.execute_callable()
                   ^^^^^^^^^^^^^^^^^^^^^^^
  File "/home/airflow/.local/lib/python3.12/site-packages/airflow/operators/python.py", line 252, in execute_callable
    return self.python_callable(*self.op_args, **self.op_kwargs)
           ^^^^^^^^^^^^^^^^^^^^^^^^^^^^^^^^^^^^^^^^^^^^^^^^^^^^^
  File "/opt/airflow/dags/stocks/scripts/manager.py", line 10, in fetch_data
    return data.to_json(f"{stock}_{data_interval_start.strftime('%Y-%m-%d')}.json")
           ^^^^^^^^^^^^
AttributeError: 'NoneType' object has no attribute 'to_json'
[2026-02-18T06:51:50.952+0000] {taskinstance.py:1206} INFO - Marking task as FAILED. dag_id=dag_moex, task_id=task_AAPL, run_id=scheduled__2026-01-01T00:00:00+00:00, execution_date=20260101T000000, start_date=20260218T065148, end_date=20260218T065150
[2026-02-18T06:51:50.961+0000] {standard_task_runner.py:110} ERROR - Failed to execute job 245 for task task_AAPL ('NoneType' object has no attribute 'to_json'; 246)
[2026-02-18T06:51:50.978+0000] {local_task_job_runner.py:243} INFO - Task exited with return code 1
[2026-02-18T06:51:50.989+0000] {taskinstance.py:3503} INFO - 0 downstream tasks scheduled from follow-on schedule check
[2026-02-18T06:51:50.991+0000] {local_task_job_runner.py:222} INFO - ::endgroup::
[2026-02-18T06:55:55.663+0000] {local_task_job_runner.py:120} INFO - ::group::Pre task execution logs
[2026-02-18T06:55:55.708+0000] {taskinstance.py:2076} INFO - Dependencies all met for dep_context=non-requeueable deps ti=<TaskInstance: dag_moex.task_AAPL scheduled__2026-01-01T00:00:00+00:00 [queued]>
[2026-02-18T06:55:55.723+0000] {taskinstance.py:2076} INFO - Dependencies all met for dep_context=requeueable deps ti=<TaskInstance: dag_moex.task_AAPL scheduled__2026-01-01T00:00:00+00:00 [queued]>
[2026-02-18T06:55:55.724+0000] {taskinstance.py:2306} INFO - Starting attempt 1 of 1
[2026-02-18T06:55:55.748+0000] {taskinstance.py:2330} INFO - Executing <Task(PythonOperator): task_AAPL> on 2026-01-01 00:00:00+00:00
[2026-02-18T06:55:55.763+0000] {logging_mixin.py:188} WARNING - /home/***/.local/lib/python3.12/site-packages/***/task/task_runner/standard_task_runner.py:62 DeprecationWarning: This process (pid=366) is multi-threaded, use of fork() may lead to deadlocks in the child.
[2026-02-18T06:55:55.765+0000] {standard_task_runner.py:64} INFO - Started process 385 to run task
[2026-02-18T06:55:55.763+0000] {standard_task_runner.py:90} INFO - Running: ['***', 'tasks', 'run', 'dag_moex', 'task_AAPL', 'scheduled__2026-01-01T00:00:00+00:00', '--job-id', '255', '--raw', '--subdir', 'DAGS_FOLDER/stocks/dag1.py', '--cfg-path', '/tmp/tmp_51wh8zf']
[2026-02-18T06:55:55.767+0000] {standard_task_runner.py:91} INFO - Job 255: Subtask task_AAPL
[2026-02-18T06:55:55.843+0000] {task_command.py:426} INFO - Running <TaskInstance: dag_moex.task_AAPL scheduled__2026-01-01T00:00:00+00:00 [running]> on host cc036e7caf02
[2026-02-18T06:55:55.970+0000] {taskinstance.py:2648} INFO - Exporting env vars: AIRFLOW_CTX_DAG_OWNER='***' AIRFLOW_CTX_DAG_ID='dag_moex' AIRFLOW_CTX_TASK_ID='task_AAPL' AIRFLOW_CTX_EXECUTION_DATE='2026-01-01T00:00:00+00:00' AIRFLOW_CTX_TRY_NUMBER='1' AIRFLOW_CTX_DAG_RUN_ID='scheduled__2026-01-01T00:00:00+00:00'
[2026-02-18T06:55:55.974+0000] {taskinstance.py:430} INFO - ::endgroup::
[2026-02-18T06:55:55.995+0000] {manager.py:8} INFO - log
[2026-02-18T06:55:55.999+0000] {logging_mixin.py:188} WARNING - /opt/***/dags/stocks/scripts/api.py:9 FutureWarning: YF.download() has changed argument auto_adjust default to True
[2026-02-18T06:55:56.014+0000] {logging_mixin.py:188} WARNING - /home/***/.local/lib/python3.12/site-packages/yfinance/scrapers/history.py:204 Pandas4Warning: Timestamp.utcnow is deprecated and will be removed in a future version. Use Timestamp.now('UTC') instead.
[2026-02-18T06:55:56.949+0000] {logging_mixin.py:188} WARNING - [*********************100%***********************]  1 of 1 completed
[2026-02-18T06:55:56.959+0000] {taskinstance.py:441} INFO - ::group::Post task execution logs
[2026-02-18T06:55:56.959+0000] {taskinstance.py:2905} ERROR - Task failed with exception
Traceback (most recent call last):
  File "/home/airflow/.local/lib/python3.12/site-packages/airflow/models/taskinstance.py", line 465, in _execute_task
    result = _execute_callable(context=context, **execute_callable_kwargs)
             ^^^^^^^^^^^^^^^^^^^^^^^^^^^^^^^^^^^^^^^^^^^^^^^^^^^^^^^^^^^^^
  File "/home/airflow/.local/lib/python3.12/site-packages/airflow/models/taskinstance.py", line 432, in _execute_callable
    return execute_callable(context=context, **execute_callable_kwargs)
           ^^^^^^^^^^^^^^^^^^^^^^^^^^^^^^^^^^^^^^^^^^^^^^^^^^^^^^^^^^^^
  File "/home/airflow/.local/lib/python3.12/site-packages/airflow/models/baseoperator.py", line 401, in wrapper
    return func(self, *args, **kwargs)
           ^^^^^^^^^^^^^^^^^^^^^^^^^^^
  File "/home/airflow/.local/lib/python3.12/site-packages/airflow/operators/python.py", line 235, in execute
    return_value = self.execute_callable()
                   ^^^^^^^^^^^^^^^^^^^^^^^
  File "/home/airflow/.local/lib/python3.12/site-packages/airflow/operators/python.py", line 252, in execute_callable
    return self.python_callable(*self.op_args, **self.op_kwargs)
           ^^^^^^^^^^^^^^^^^^^^^^^^^^^^^^^^^^^^^^^^^^^^^^^^^^^^^
  File "/opt/airflow/dags/stocks/scripts/manager.py", line 10, in fetch_data
    logging.log(data)
TypeError: log() missing 1 required positional argument: 'msg'
[2026-02-18T06:55:56.971+0000] {taskinstance.py:1206} INFO - Marking task as FAILED. dag_id=dag_moex, task_id=task_AAPL, run_id=scheduled__2026-01-01T00:00:00+00:00, execution_date=20260101T000000, start_date=20260218T065555, end_date=20260218T065556
[2026-02-18T06:55:56.984+0000] {standard_task_runner.py:110} ERROR - Failed to execute job 255 for task task_AAPL (log() missing 1 required positional argument: 'msg'; 385)
[2026-02-18T06:55:56.996+0000] {local_task_job_runner.py:243} INFO - Task exited with return code 1
[2026-02-18T06:55:57.016+0000] {taskinstance.py:3503} INFO - 0 downstream tasks scheduled from follow-on schedule check
[2026-02-18T06:55:57.020+0000] {local_task_job_runner.py:222} INFO - ::endgroup::
[2026-02-18T06:59:01.979+0000] {local_task_job_runner.py:120} INFO - ::group::Pre task execution logs
[2026-02-18T06:59:02.016+0000] {taskinstance.py:2076} INFO - Dependencies all met for dep_context=non-requeueable deps ti=<TaskInstance: dag_moex.task_AAPL scheduled__2026-01-01T00:00:00+00:00 [queued]>
[2026-02-18T06:59:02.026+0000] {taskinstance.py:2076} INFO - Dependencies all met for dep_context=requeueable deps ti=<TaskInstance: dag_moex.task_AAPL scheduled__2026-01-01T00:00:00+00:00 [queued]>
[2026-02-18T06:59:02.027+0000] {taskinstance.py:2306} INFO - Starting attempt 1 of 1
[2026-02-18T06:59:02.044+0000] {taskinstance.py:2330} INFO - Executing <Task(PythonOperator): task_AAPL> on 2026-01-01 00:00:00+00:00
[2026-02-18T06:59:02.057+0000] {logging_mixin.py:188} WARNING - /home/***/.local/lib/python3.12/site-packages/***/task/task_runner/standard_task_runner.py:62 DeprecationWarning: This process (pid=475) is multi-threaded, use of fork() may lead to deadlocks in the child.
[2026-02-18T06:59:02.059+0000] {standard_task_runner.py:64} INFO - Started process 491 to run task
[2026-02-18T06:59:02.059+0000] {standard_task_runner.py:90} INFO - Running: ['***', 'tasks', 'run', 'dag_moex', 'task_AAPL', 'scheduled__2026-01-01T00:00:00+00:00', '--job-id', '262', '--raw', '--subdir', 'DAGS_FOLDER/stocks/dag1.py', '--cfg-path', '/tmp/tmposcyhmli']
[2026-02-18T06:59:02.063+0000] {standard_task_runner.py:91} INFO - Job 262: Subtask task_AAPL
[2026-02-18T06:59:02.126+0000] {task_command.py:426} INFO - Running <TaskInstance: dag_moex.task_AAPL scheduled__2026-01-01T00:00:00+00:00 [running]> on host cc036e7caf02
[2026-02-18T06:59:02.236+0000] {taskinstance.py:2648} INFO - Exporting env vars: AIRFLOW_CTX_DAG_OWNER='***' AIRFLOW_CTX_DAG_ID='dag_moex' AIRFLOW_CTX_TASK_ID='task_AAPL' AIRFLOW_CTX_EXECUTION_DATE='2026-01-01T00:00:00+00:00' AIRFLOW_CTX_TRY_NUMBER='1' AIRFLOW_CTX_DAG_RUN_ID='scheduled__2026-01-01T00:00:00+00:00'
[2026-02-18T06:59:02.238+0000] {taskinstance.py:430} INFO - ::endgroup::
[2026-02-18T06:59:02.253+0000] {manager.py:8} INFO - log
[2026-02-18T06:59:02.256+0000] {logging_mixin.py:188} WARNING - /opt/***/dags/stocks/scripts/api.py:9 FutureWarning: YF.download() has changed argument auto_adjust default to True
[2026-02-18T06:59:02.270+0000] {logging_mixin.py:188} WARNING - /home/***/.local/lib/python3.12/site-packages/yfinance/scrapers/history.py:204 Pandas4Warning: Timestamp.utcnow is deprecated and will be removed in a future version. Use Timestamp.now('UTC') instead.
[2026-02-18T06:59:01.190+0000] {logging_mixin.py:188} WARNING - [*********************100%***********************]  1 of 1 completed
[2026-02-18T06:59:01.198+0000] {manager.py:10} INFO - None
[2026-02-18T06:59:01.199+0000] {taskinstance.py:441} INFO - ::group::Post task execution logs
[2026-02-18T06:59:01.199+0000] {taskinstance.py:2905} ERROR - Task failed with exception
Traceback (most recent call last):
  File "/home/airflow/.local/lib/python3.12/site-packages/airflow/models/taskinstance.py", line 465, in _execute_task
    result = _execute_callable(context=context, **execute_callable_kwargs)
             ^^^^^^^^^^^^^^^^^^^^^^^^^^^^^^^^^^^^^^^^^^^^^^^^^^^^^^^^^^^^^
  File "/home/airflow/.local/lib/python3.12/site-packages/airflow/models/taskinstance.py", line 432, in _execute_callable
    return execute_callable(context=context, **execute_callable_kwargs)
           ^^^^^^^^^^^^^^^^^^^^^^^^^^^^^^^^^^^^^^^^^^^^^^^^^^^^^^^^^^^^
  File "/home/airflow/.local/lib/python3.12/site-packages/airflow/models/baseoperator.py", line 401, in wrapper
    return func(self, *args, **kwargs)
           ^^^^^^^^^^^^^^^^^^^^^^^^^^^
  File "/home/airflow/.local/lib/python3.12/site-packages/airflow/operators/python.py", line 235, in execute
    return_value = self.execute_callable()
                   ^^^^^^^^^^^^^^^^^^^^^^^
  File "/home/airflow/.local/lib/python3.12/site-packages/airflow/operators/python.py", line 252, in execute_callable
    return self.python_callable(*self.op_args, **self.op_kwargs)
           ^^^^^^^^^^^^^^^^^^^^^^^^^^^^^^^^^^^^^^^^^^^^^^^^^^^^^
  File "/opt/airflow/dags/stocks/scripts/manager.py", line 11, in fetch_data
    return data.to_json(f"{stock}_{data_interval_start.strftime('%Y-%m-%d')}.json")
           ^^^^^^^^^^^^
AttributeError: 'NoneType' object has no attribute 'to_json'
[2026-02-18T06:59:01.209+0000] {taskinstance.py:1206} INFO - Marking task as FAILED. dag_id=dag_moex, task_id=task_AAPL, run_id=scheduled__2026-01-01T00:00:00+00:00, execution_date=20260101T000000, start_date=20260218T065902, end_date=20260218T065901
[2026-02-18T06:59:01.220+0000] {standard_task_runner.py:110} ERROR - Failed to execute job 262 for task task_AAPL ('NoneType' object has no attribute 'to_json'; 491)
[2026-02-18T06:59:01.230+0000] {local_task_job_runner.py:243} INFO - Task exited with return code 1
[2026-02-18T06:59:01.243+0000] {taskinstance.py:3503} INFO - 0 downstream tasks scheduled from follow-on schedule check
[2026-02-18T06:59:01.245+0000] {local_task_job_runner.py:222} INFO - ::endgroup::
[2026-02-18T07:12:44.342+0000] {local_task_job_runner.py:120} INFO - ::group::Pre task execution logs
[2026-02-18T07:12:44.393+0000] {taskinstance.py:2076} INFO - Dependencies all met for dep_context=non-requeueable deps ti=<TaskInstance: dag_moex.task_AAPL scheduled__2026-01-01T00:00:00+00:00 [queued]>
[2026-02-18T07:12:44.420+0000] {taskinstance.py:2076} INFO - Dependencies all met for dep_context=requeueable deps ti=<TaskInstance: dag_moex.task_AAPL scheduled__2026-01-01T00:00:00+00:00 [queued]>
[2026-02-18T07:12:44.421+0000] {taskinstance.py:2306} INFO - Starting attempt 1 of 1
[2026-02-18T07:12:44.447+0000] {taskinstance.py:2330} INFO - Executing <Task(PythonOperator): task_AAPL> on 2026-01-01 00:00:00+00:00
[2026-02-18T07:12:44.480+0000] {logging_mixin.py:188} WARNING - /home/***/.local/lib/python3.12/site-packages/***/task/task_runner/standard_task_runner.py:62 DeprecationWarning: This process (pid=1270) is multi-threaded, use of fork() may lead to deadlocks in the child.
[2026-02-18T07:12:44.483+0000] {standard_task_runner.py:64} INFO - Started process 1306 to run task
[2026-02-18T07:12:44.483+0000] {standard_task_runner.py:90} INFO - Running: ['***', 'tasks', 'run', 'dag_moex', 'task_AAPL', 'scheduled__2026-01-01T00:00:00+00:00', '--job-id', '380', '--raw', '--subdir', 'DAGS_FOLDER/stocks/dag1.py', '--cfg-path', '/tmp/tmpbij2s9j5']
[2026-02-18T07:12:44.487+0000] {standard_task_runner.py:91} INFO - Job 380: Subtask task_AAPL
[2026-02-18T07:12:44.619+0000] {task_command.py:426} INFO - Running <TaskInstance: dag_moex.task_AAPL scheduled__2026-01-01T00:00:00+00:00 [running]> on host cc036e7caf02
[2026-02-18T07:12:44.750+0000] {taskinstance.py:2648} INFO - Exporting env vars: AIRFLOW_CTX_DAG_OWNER='***' AIRFLOW_CTX_DAG_ID='dag_moex' AIRFLOW_CTX_TASK_ID='task_AAPL' AIRFLOW_CTX_EXECUTION_DATE='2026-01-01T00:00:00+00:00' AIRFLOW_CTX_TRY_NUMBER='1' AIRFLOW_CTX_DAG_RUN_ID='scheduled__2026-01-01T00:00:00+00:00'
[2026-02-18T07:12:44.751+0000] {taskinstance.py:430} INFO - ::endgroup::
[2026-02-18T07:12:44.766+0000] {manager.py:8} INFO - log
[2026-02-18T07:12:44.770+0000] {logging_mixin.py:188} WARNING - /opt/***/dags/stocks/scripts/api.py:9 FutureWarning: YF.download() has changed argument auto_adjust default to True
[2026-02-18T07:12:44.797+0000] {logging_mixin.py:188} WARNING - /home/***/.local/lib/python3.12/site-packages/yfinance/scrapers/history.py:204 Pandas4Warning: Timestamp.utcnow is deprecated and will be removed in a future version. Use Timestamp.now('UTC') instead.
[2026-02-18T07:12:45.559+0000] {logging_mixin.py:188} WARNING - [*********************100%***********************]  1 of 1 completed
[2026-02-18T07:12:45.571+0000] {manager.py:10} INFO - Empty DataFrame
Columns: [(Close, AAPL), (High, AAPL), (Low, AAPL), (Open, AAPL), (Volume, AAPL)]
Index: []
[2026-02-18T07:12:45.579+0000] {python.py:237} INFO - Done. Returned value was: None
[2026-02-18T07:12:45.579+0000] {taskinstance.py:441} INFO - ::group::Post task execution logs
[2026-02-18T07:12:45.590+0000] {taskinstance.py:1206} INFO - Marking task as SUCCESS. dag_id=dag_moex, task_id=task_AAPL, run_id=scheduled__2026-01-01T00:00:00+00:00, execution_date=20260101T000000, start_date=20260218T071244, end_date=20260218T071245
[2026-02-18T07:12:45.641+0000] {local_task_job_runner.py:243} INFO - Task exited with return code 0
[2026-02-18T07:12:45.663+0000] {taskinstance.py:3503} INFO - 0 downstream tasks scheduled from follow-on schedule check
[2026-02-18T07:12:45.665+0000] {local_task_job_runner.py:222} INFO - ::endgroup::
[2026-02-19T12:59:16.076+0000] {local_task_job_runner.py:120} INFO - ::group::Pre task execution logs
[2026-02-19T12:59:16.128+0000] {taskinstance.py:2076} INFO - Dependencies all met for dep_context=non-requeueable deps ti=<TaskInstance: dag_moex.task_AAPL scheduled__2026-01-01T00:00:00+00:00 [queued]>
[2026-02-19T12:59:16.150+0000] {taskinstance.py:2076} INFO - Dependencies all met for dep_context=requeueable deps ti=<TaskInstance: dag_moex.task_AAPL scheduled__2026-01-01T00:00:00+00:00 [queued]>
[2026-02-19T12:59:16.150+0000] {taskinstance.py:2306} INFO - Starting attempt 1 of 1
[2026-02-19T12:59:16.186+0000] {taskinstance.py:2330} INFO - Executing <Task(PythonOperator): task_AAPL> on 2026-01-01 00:00:00+00:00
[2026-02-19T12:59:16.205+0000] {logging_mixin.py:188} WARNING - /home/***/.local/lib/python3.12/site-packages/***/task/task_runner/standard_task_runner.py:62 DeprecationWarning: This process (pid=27766) is multi-threaded, use of fork() may lead to deadlocks in the child.
[2026-02-19T12:59:16.214+0000] {standard_task_runner.py:90} INFO - Running: ['***', 'tasks', 'run', 'dag_moex', 'task_AAPL', 'scheduled__2026-01-01T00:00:00+00:00', '--job-id', '835', '--raw', '--subdir', 'DAGS_FOLDER/stocks/dag1.py', '--cfg-path', '/tmp/tmpzarvyw1o']
[2026-02-19T12:59:16.209+0000] {standard_task_runner.py:64} INFO - Started process 27796 to run task
[2026-02-19T12:59:16.229+0000] {standard_task_runner.py:91} INFO - Job 835: Subtask task_AAPL
[2026-02-19T12:59:16.353+0000] {task_command.py:426} INFO - Running <TaskInstance: dag_moex.task_AAPL scheduled__2026-01-01T00:00:00+00:00 [running]> on host cc036e7caf02
[2026-02-19T12:59:16.543+0000] {taskinstance.py:2648} INFO - Exporting env vars: AIRFLOW_CTX_DAG_OWNER='***' AIRFLOW_CTX_DAG_ID='dag_moex' AIRFLOW_CTX_TASK_ID='task_AAPL' AIRFLOW_CTX_EXECUTION_DATE='2026-01-01T00:00:00+00:00' AIRFLOW_CTX_TRY_NUMBER='1' AIRFLOW_CTX_DAG_RUN_ID='scheduled__2026-01-01T00:00:00+00:00'
[2026-02-19T12:59:16.545+0000] {taskinstance.py:430} INFO - ::endgroup::
[2026-02-19T12:59:16.577+0000] {logging_mixin.py:188} WARNING - /opt/***/dags/stocks/scripts/api.py:10 FutureWarning: YF.download() has changed argument auto_adjust default to True
[2026-02-19T12:59:16.606+0000] {logging_mixin.py:188} WARNING - /home/***/.local/lib/python3.12/site-packages/yfinance/scrapers/history.py:204 Pandas4Warning: Timestamp.utcnow is deprecated and will be removed in a future version. Use Timestamp.now('UTC') instead.
[2026-02-19T12:59:17.392+0000] {logging_mixin.py:188} WARNING - [*********************100%***********************]  1 of 1 completed
[2026-02-19T12:59:17.415+0000] {api.py:11} INFO - Выгрузилось
    __________________________
    Price            Close        High         Low        Open    Volume
Ticker            AAPL        AAPL        AAPL        AAPL      AAPL
Date                                                                
2025-12-31  271.605835  273.424141  271.495952  272.804725  27293600
    __________________________
    
[2026-02-19T12:59:17.416+0000] {api.py:17} INFO - start=2025-12-31, end=2026-01-02
[2026-02-19T12:59:17.419+0000] {api.py:18} INFO - После удаления
    __________________________
    Empty DataFrame
Columns: [(Close, AAPL), (High, AAPL), (Low, AAPL), (Open, AAPL), (Volume, AAPL)]
Index: []
    __________________________
    
[2026-02-19T12:59:17.437+0000] {base.py:84} INFO - Using connection ID 'pg_1' for task execution.
[2026-02-19T12:59:17.438+0000] {sql.py:254} WARNING - This setter is for backward compatibility and should not be used.
Since the introduction of connection property, the providers listed below breaks due to assigning value to self.connection in their __init__ method.
* apache-***-providers-mysql<5.7.1
* apache-***-providers-elasticsearch<5.5.1
* apache-***-providers-postgres<5.13.0
[2026-02-19T12:59:17.443+0000] {sql.py:908} INFO - Done loading. Loaded a total of 0 rows into stocks
[2026-02-19T12:59:17.449+0000] {python.py:237} INFO - Done. Returned value was: None
[2026-02-19T12:59:17.450+0000] {taskinstance.py:441} INFO - ::group::Post task execution logs
[2026-02-19T12:59:17.460+0000] {taskinstance.py:1206} INFO - Marking task as SUCCESS. dag_id=dag_moex, task_id=task_AAPL, run_id=scheduled__2026-01-01T00:00:00+00:00, execution_date=20260101T000000, start_date=20260219T125916, end_date=20260219T125917
[2026-02-19T12:59:17.489+0000] {local_task_job_runner.py:243} INFO - Task exited with return code 0
[2026-02-19T12:59:17.517+0000] {taskinstance.py:3503} INFO - 0 downstream tasks scheduled from follow-on schedule check
[2026-02-19T12:59:17.519+0000] {local_task_job_runner.py:222} INFO - ::endgroup::
[2026-02-19T13:03:38.998+0000] {local_task_job_runner.py:120} INFO - ::group::Pre task execution logs
[2026-02-19T13:03:39.075+0000] {taskinstance.py:2076} INFO - Dependencies all met for dep_context=non-requeueable deps ti=<TaskInstance: dag_moex.task_AAPL scheduled__2026-01-01T00:00:00+00:00 [queued]>
[2026-02-19T13:03:39.102+0000] {taskinstance.py:2076} INFO - Dependencies all met for dep_context=requeueable deps ti=<TaskInstance: dag_moex.task_AAPL scheduled__2026-01-01T00:00:00+00:00 [queued]>
[2026-02-19T13:03:39.103+0000] {taskinstance.py:2306} INFO - Starting attempt 1 of 1
[2026-02-19T13:03:39.157+0000] {taskinstance.py:2330} INFO - Executing <Task(PythonOperator): task_AAPL> on 2026-01-01 00:00:00+00:00
[2026-02-19T13:03:39.187+0000] {logging_mixin.py:188} WARNING - /home/***/.local/lib/python3.12/site-packages/***/task/task_runner/standard_task_runner.py:62 DeprecationWarning: This process (pid=28070) is multi-threaded, use of fork() may lead to deadlocks in the child.
[2026-02-19T13:03:39.192+0000] {standard_task_runner.py:64} INFO - Started process 28104 to run task
[2026-02-19T13:03:39.208+0000] {standard_task_runner.py:90} INFO - Running: ['***', 'tasks', 'run', 'dag_moex', 'task_AAPL', 'scheduled__2026-01-01T00:00:00+00:00', '--job-id', '888', '--raw', '--subdir', 'DAGS_FOLDER/stocks/dag1.py', '--cfg-path', '/tmp/tmppjvi4pme']
[2026-02-19T13:03:39.213+0000] {standard_task_runner.py:91} INFO - Job 888: Subtask task_AAPL
[2026-02-19T13:03:39.347+0000] {task_command.py:426} INFO - Running <TaskInstance: dag_moex.task_AAPL scheduled__2026-01-01T00:00:00+00:00 [running]> on host cc036e7caf02
[2026-02-19T13:03:39.517+0000] {taskinstance.py:2648} INFO - Exporting env vars: AIRFLOW_CTX_DAG_OWNER='***' AIRFLOW_CTX_DAG_ID='dag_moex' AIRFLOW_CTX_TASK_ID='task_AAPL' AIRFLOW_CTX_EXECUTION_DATE='2026-01-01T00:00:00+00:00' AIRFLOW_CTX_TRY_NUMBER='1' AIRFLOW_CTX_DAG_RUN_ID='scheduled__2026-01-01T00:00:00+00:00'
[2026-02-19T13:03:39.528+0000] {taskinstance.py:430} INFO - ::endgroup::
[2026-02-19T13:03:39.552+0000] {logging_mixin.py:188} WARNING - /opt/***/dags/stocks/scripts/api.py:10 FutureWarning: YF.download() has changed argument auto_adjust default to True
[2026-02-19T13:03:39.569+0000] {logging_mixin.py:188} WARNING - /home/***/.local/lib/python3.12/site-packages/yfinance/scrapers/history.py:204 Pandas4Warning: Timestamp.utcnow is deprecated and will be removed in a future version. Use Timestamp.now('UTC') instead.
[2026-02-19T13:03:40.288+0000] {logging_mixin.py:188} WARNING - [*********************100%***********************]  1 of 1 completed
[2026-02-19T13:03:40.306+0000] {api.py:11} INFO - Выгрузилось
    __________________________
    Price            Close        High         Low        Open    Volume
Ticker            AAPL        AAPL        AAPL        AAPL      AAPL
Date                                                                
2025-12-31  271.605835  273.424141  271.495952  272.804725  27293600
    __________________________
    
[2026-02-19T13:03:40.307+0000] {taskinstance.py:441} INFO - ::group::Post task execution logs
[2026-02-19T13:03:40.308+0000] {taskinstance.py:2905} ERROR - Task failed with exception
Traceback (most recent call last):
  File "/home/airflow/.local/lib/python3.12/site-packages/airflow/models/taskinstance.py", line 465, in _execute_task
    result = _execute_callable(context=context, **execute_callable_kwargs)
             ^^^^^^^^^^^^^^^^^^^^^^^^^^^^^^^^^^^^^^^^^^^^^^^^^^^^^^^^^^^^^
  File "/home/airflow/.local/lib/python3.12/site-packages/airflow/models/taskinstance.py", line 432, in _execute_callable
    return execute_callable(context=context, **execute_callable_kwargs)
           ^^^^^^^^^^^^^^^^^^^^^^^^^^^^^^^^^^^^^^^^^^^^^^^^^^^^^^^^^^^^
  File "/home/airflow/.local/lib/python3.12/site-packages/airflow/models/baseoperator.py", line 401, in wrapper
    return func(self, *args, **kwargs)
           ^^^^^^^^^^^^^^^^^^^^^^^^^^^
  File "/home/airflow/.local/lib/python3.12/site-packages/airflow/operators/python.py", line 235, in execute
    return_value = self.execute_callable()
                   ^^^^^^^^^^^^^^^^^^^^^^^
  File "/home/airflow/.local/lib/python3.12/site-packages/airflow/operators/python.py", line 252, in execute_callable
    return self.python_callable(*self.op_args, **self.op_kwargs)
           ^^^^^^^^^^^^^^^^^^^^^^^^^^^^^^^^^^^^^^^^^^^^^^^^^^^^^
  File "/opt/airflow/dags/stocks/scripts/manager.py", line 11, in fetch_data
    data = fetch_data_from_yfinance(stock, data_interval_start=data_interval_start, data_interval_end=data_interval_end)
           ^^^^^^^^^^^^^^^^^^^^^^^^^^^^^^^^^^^^^^^^^^^^^^^^^^^^^^^^^^^^^^^^^^^^^^^^^^^^^^^^^^^^^^^^^^^^^^^^^^^^^^^^^^^^^
  File "/opt/airflow/dags/stocks/scripts/api.py", line 16, in fetch_data_from_yfinance
    df.drop(index=start, inplace=True)
  File "/home/airflow/.local/lib/python3.12/site-packages/pandas/core/frame.py", line 6288, in drop
    return super().drop(
           ^^^^^^^^^^^^^
  File "/home/airflow/.local/lib/python3.12/site-packages/pandas/core/generic.py", line 4644, in drop
    obj = obj._drop_axis(labels, axis, level=level, errors=errors)
          ^^^^^^^^^^^^^^^^^^^^^^^^^^^^^^^^^^^^^^^^^^^^^^^^^^^^^^^^
  File "/home/airflow/.local/lib/python3.12/site-packages/pandas/core/generic.py", line 4686, in _drop_axis
    new_axis = axis.drop(labels, errors=errors)
               ^^^^^^^^^^^^^^^^^^^^^^^^^^^^^^^^
  File "/home/airflow/.local/lib/python3.12/site-packages/pandas/core/indexes/base.py", line 7268, in drop
    raise KeyError(f"{labels[mask].tolist()} not found in axis")
KeyError: "[DateTime(2025, 12, 31, 0, 0, 0, tzinfo=Timezone('UTC'))] not found in axis"
[2026-02-19T13:03:40.333+0000] {taskinstance.py:1206} INFO - Marking task as FAILED. dag_id=dag_moex, task_id=task_AAPL, run_id=scheduled__2026-01-01T00:00:00+00:00, execution_date=20260101T000000, start_date=20260219T130339, end_date=20260219T130340
[2026-02-19T13:03:40.346+0000] {standard_task_runner.py:110} ERROR - Failed to execute job 888 for task task_AAPL ("[DateTime(2025, 12, 31, 0, 0, 0, tzinfo=Timezone('UTC'))] not found in axis"; 28104)
[2026-02-19T13:03:40.392+0000] {local_task_job_runner.py:243} INFO - Task exited with return code 1
[2026-02-19T13:03:40.413+0000] {taskinstance.py:3503} INFO - 0 downstream tasks scheduled from follow-on schedule check
[2026-02-19T13:03:40.416+0000] {local_task_job_runner.py:222} INFO - ::endgroup::
[2026-02-19T13:07:22.979+0000] {local_task_job_runner.py:120} INFO - ::group::Pre task execution logs
[2026-02-19T13:07:23.044+0000] {taskinstance.py:2076} INFO - Dependencies all met for dep_context=non-requeueable deps ti=<TaskInstance: dag_moex.task_AAPL scheduled__2026-01-01T00:00:00+00:00 [queued]>
[2026-02-19T13:07:23.070+0000] {taskinstance.py:2076} INFO - Dependencies all met for dep_context=requeueable deps ti=<TaskInstance: dag_moex.task_AAPL scheduled__2026-01-01T00:00:00+00:00 [queued]>
[2026-02-19T13:07:23.072+0000] {taskinstance.py:2306} INFO - Starting attempt 1 of 1
[2026-02-19T13:07:23.093+0000] {taskinstance.py:2330} INFO - Executing <Task(PythonOperator): task_AAPL> on 2026-01-01 00:00:00+00:00
[2026-02-19T13:07:23.119+0000] {standard_task_runner.py:90} INFO - Running: ['***', 'tasks', 'run', 'dag_moex', 'task_AAPL', 'scheduled__2026-01-01T00:00:00+00:00', '--job-id', '921', '--raw', '--subdir', 'DAGS_FOLDER/stocks/dag1.py', '--cfg-path', '/tmp/tmp1pjddd39']
[2026-02-19T13:07:23.123+0000] {standard_task_runner.py:91} INFO - Job 921: Subtask task_AAPL
[2026-02-19T13:07:23.114+0000] {logging_mixin.py:188} WARNING - /home/***/.local/lib/python3.12/site-packages/***/task/task_runner/standard_task_runner.py:62 DeprecationWarning: This process (pid=28287) is multi-threaded, use of fork() may lead to deadlocks in the child.
[2026-02-19T13:07:23.127+0000] {standard_task_runner.py:64} INFO - Started process 28326 to run task
[2026-02-19T13:07:23.242+0000] {task_command.py:426} INFO - Running <TaskInstance: dag_moex.task_AAPL scheduled__2026-01-01T00:00:00+00:00 [running]> on host cc036e7caf02
[2026-02-19T13:07:23.436+0000] {taskinstance.py:2648} INFO - Exporting env vars: AIRFLOW_CTX_DAG_OWNER='***' AIRFLOW_CTX_DAG_ID='dag_moex' AIRFLOW_CTX_TASK_ID='task_AAPL' AIRFLOW_CTX_EXECUTION_DATE='2026-01-01T00:00:00+00:00' AIRFLOW_CTX_TRY_NUMBER='1' AIRFLOW_CTX_DAG_RUN_ID='scheduled__2026-01-01T00:00:00+00:00'
[2026-02-19T13:07:23.439+0000] {taskinstance.py:430} INFO - ::endgroup::
[2026-02-19T13:07:23.481+0000] {logging_mixin.py:188} WARNING - /opt/***/dags/stocks/scripts/api.py:9 FutureWarning: YF.download() has changed argument auto_adjust default to True
[2026-02-19T13:07:23.525+0000] {logging_mixin.py:188} WARNING - /home/***/.local/lib/python3.12/site-packages/yfinance/scrapers/history.py:204 Pandas4Warning: Timestamp.utcnow is deprecated and will be removed in a future version. Use Timestamp.now('UTC') instead.
[2026-02-19T13:07:24.708+0000] {logging_mixin.py:188} WARNING - [*********************100%***********************]  1 of 1 completed
[2026-02-19T13:07:24.723+0000] {api.py:10} INFO - Выгрузилось
    __________________________
    Price            Close        High         Low        Open    Volume
Ticker            AAPL        AAPL        AAPL        AAPL      AAPL
Date                                                                
2025-12-31  271.605835  273.424141  271.495952  272.804725  27293600
    __________________________
    
[2026-02-19T13:07:24.725+0000] {api.py:16} INFO - start=2025-12-31, end=2026-01-02
[2026-02-19T13:07:24.727+0000] {api.py:17} INFO - После удаления
    __________________________
    Empty DataFrame
Columns: [(Close, AAPL), (High, AAPL), (Low, AAPL), (Open, AAPL), (Volume, AAPL)]
Index: []
    __________________________
    
[2026-02-19T13:07:24.740+0000] {base.py:84} INFO - Using connection ID 'pg_1' for task execution.
[2026-02-19T13:07:24.741+0000] {sql.py:254} WARNING - This setter is for backward compatibility and should not be used.
Since the introduction of connection property, the providers listed below breaks due to assigning value to self.connection in their __init__ method.
* apache-***-providers-mysql<5.7.1
* apache-***-providers-elasticsearch<5.5.1
* apache-***-providers-postgres<5.13.0
[2026-02-19T13:07:24.744+0000] {sql.py:908} INFO - Done loading. Loaded a total of 0 rows into stocks
[2026-02-19T13:07:24.750+0000] {python.py:237} INFO - Done. Returned value was: None
[2026-02-19T13:07:24.750+0000] {taskinstance.py:441} INFO - ::group::Post task execution logs
[2026-02-19T13:07:24.759+0000] {taskinstance.py:1206} INFO - Marking task as SUCCESS. dag_id=dag_moex, task_id=task_AAPL, run_id=scheduled__2026-01-01T00:00:00+00:00, execution_date=20260101T000000, start_date=20260219T130723, end_date=20260219T130724
[2026-02-19T13:07:24.794+0000] {local_task_job_runner.py:243} INFO - Task exited with return code 0
[2026-02-19T13:07:24.823+0000] {taskinstance.py:3503} INFO - 0 downstream tasks scheduled from follow-on schedule check
[2026-02-19T13:07:24.825+0000] {local_task_job_runner.py:222} INFO - ::endgroup::
[2026-02-19T14:09:22.812+0000] {local_task_job_runner.py:120} INFO - ::group::Pre task execution logs
[2026-02-19T14:09:22.854+0000] {taskinstance.py:2076} INFO - Dependencies all met for dep_context=non-requeueable deps ti=<TaskInstance: dag_moex.task_AAPL scheduled__2026-01-01T00:00:00+00:00 [queued]>
[2026-02-19T14:09:22.865+0000] {taskinstance.py:2076} INFO - Dependencies all met for dep_context=requeueable deps ti=<TaskInstance: dag_moex.task_AAPL scheduled__2026-01-01T00:00:00+00:00 [queued]>
[2026-02-19T14:09:22.866+0000] {taskinstance.py:2306} INFO - Starting attempt 1 of 1
[2026-02-19T14:09:22.881+0000] {taskinstance.py:2330} INFO - Executing <Task(PythonOperator): task_AAPL> on 2026-01-01 00:00:00+00:00
[2026-02-19T14:09:22.898+0000] {logging_mixin.py:188} WARNING - /home/***/.local/lib/python3.12/site-packages/***/task/task_runner/standard_task_runner.py:62 DeprecationWarning: This process (pid=29828) is multi-threaded, use of fork() may lead to deadlocks in the child.
[2026-02-19T14:09:22.900+0000] {standard_task_runner.py:64} INFO - Started process 29859 to run task
[2026-02-19T14:09:22.906+0000] {standard_task_runner.py:90} INFO - Running: ['***', 'tasks', 'run', 'dag_moex', 'task_AAPL', 'scheduled__2026-01-01T00:00:00+00:00', '--job-id', '943', '--raw', '--subdir', 'DAGS_FOLDER/stocks/dag1.py', '--cfg-path', '/tmp/tmpf5b4s_nu']
[2026-02-19T14:09:22.912+0000] {standard_task_runner.py:91} INFO - Job 943: Subtask task_AAPL
[2026-02-19T14:09:23.017+0000] {task_command.py:426} INFO - Running <TaskInstance: dag_moex.task_AAPL scheduled__2026-01-01T00:00:00+00:00 [running]> on host cc036e7caf02
[2026-02-19T14:09:23.160+0000] {taskinstance.py:2648} INFO - Exporting env vars: AIRFLOW_CTX_DAG_OWNER='***' AIRFLOW_CTX_DAG_ID='dag_moex' AIRFLOW_CTX_TASK_ID='task_AAPL' AIRFLOW_CTX_EXECUTION_DATE='2026-01-01T00:00:00+00:00' AIRFLOW_CTX_TRY_NUMBER='1' AIRFLOW_CTX_DAG_RUN_ID='scheduled__2026-01-01T00:00:00+00:00'
[2026-02-19T14:09:23.161+0000] {taskinstance.py:430} INFO - ::endgroup::
[2026-02-19T14:09:23.192+0000] {logging_mixin.py:188} WARNING - /opt/***/dags/stocks/scripts/api.py:9 FutureWarning: YF.download() has changed argument auto_adjust default to True
[2026-02-19T14:09:23.211+0000] {logging_mixin.py:188} WARNING - /home/***/.local/lib/python3.12/site-packages/yfinance/scrapers/history.py:204 Pandas4Warning: Timestamp.utcnow is deprecated and will be removed in a future version. Use Timestamp.now('UTC') instead.
[2026-02-19T14:09:23.979+0000] {logging_mixin.py:188} WARNING - [*********************100%***********************]  1 of 1 completed
[2026-02-19T14:09:23.996+0000] {api.py:10} INFO - Выгрузилось
    __________________________
    Price            Close        High         Low        Open    Volume
Ticker            AAPL        AAPL        AAPL        AAPL      AAPL
Date                                                                
2025-12-31  271.605835  273.424141  271.495952  272.804725  27293600
    __________________________
    
[2026-02-19T14:09:23.997+0000] {api.py:16} INFO - start=2025-12-31, end=2026-01-02
[2026-02-19T14:09:23.999+0000] {api.py:17} INFO - После удаления
    __________________________
    Empty DataFrame
Columns: [(Close, AAPL), (High, AAPL), (Low, AAPL), (Open, AAPL), (Volume, AAPL)]
Index: []
    __________________________
    
[2026-02-19T14:09:24.009+0000] {base.py:84} INFO - Using connection ID 'pg_1' for task execution.
[2026-02-19T14:09:24.009+0000] {sql.py:254} WARNING - This setter is for backward compatibility and should not be used.
Since the introduction of connection property, the providers listed below breaks due to assigning value to self.connection in their __init__ method.
* apache-***-providers-mysql<5.7.1
* apache-***-providers-elasticsearch<5.5.1
* apache-***-providers-postgres<5.13.0
[2026-02-19T14:09:24.013+0000] {sql.py:908} INFO - Done loading. Loaded a total of 0 rows into stocks
[2026-02-19T14:09:24.017+0000] {python.py:237} INFO - Done. Returned value was: None
[2026-02-19T14:09:24.018+0000] {taskinstance.py:441} INFO - ::group::Post task execution logs
[2026-02-19T14:09:24.025+0000] {taskinstance.py:1206} INFO - Marking task as SUCCESS. dag_id=dag_moex, task_id=task_AAPL, run_id=scheduled__2026-01-01T00:00:00+00:00, execution_date=20260101T000000, start_date=20260219T140922, end_date=20260219T140924
[2026-02-19T14:09:24.081+0000] {local_task_job_runner.py:243} INFO - Task exited with return code 0
[2026-02-19T14:09:24.099+0000] {taskinstance.py:3503} INFO - 0 downstream tasks scheduled from follow-on schedule check
[2026-02-19T14:09:24.101+0000] {local_task_job_runner.py:222} INFO - ::endgroup::
[2026-02-19T14:10:24.656+0000] {local_task_job_runner.py:120} INFO - ::group::Pre task execution logs
[2026-02-19T14:10:24.720+0000] {taskinstance.py:2076} INFO - Dependencies all met for dep_context=non-requeueable deps ti=<TaskInstance: dag_moex.task_AAPL scheduled__2026-01-01T00:00:00+00:00 [queued]>
[2026-02-19T14:10:24.731+0000] {taskinstance.py:2076} INFO - Dependencies all met for dep_context=requeueable deps ti=<TaskInstance: dag_moex.task_AAPL scheduled__2026-01-01T00:00:00+00:00 [queued]>
[2026-02-19T14:10:24.735+0000] {taskinstance.py:2306} INFO - Starting attempt 1 of 1
[2026-02-19T14:10:24.757+0000] {taskinstance.py:2330} INFO - Executing <Task(PythonOperator): task_AAPL> on 2026-01-01 00:00:00+00:00
[2026-02-19T14:10:24.784+0000] {logging_mixin.py:188} WARNING - /home/***/.local/lib/python3.12/site-packages/***/task/task_runner/standard_task_runner.py:62 DeprecationWarning: This process (pid=29995) is multi-threaded, use of fork() may lead to deadlocks in the child.
[2026-02-19T14:10:24.788+0000] {standard_task_runner.py:64} INFO - Started process 30033 to run task
[2026-02-19T14:10:24.789+0000] {standard_task_runner.py:90} INFO - Running: ['***', 'tasks', 'run', 'dag_moex', 'task_AAPL', 'scheduled__2026-01-01T00:00:00+00:00', '--job-id', '985', '--raw', '--subdir', 'DAGS_FOLDER/stocks/dag1.py', '--cfg-path', '/tmp/tmp8a7oyvtt']
[2026-02-19T14:10:24.792+0000] {standard_task_runner.py:91} INFO - Job 985: Subtask task_AAPL
[2026-02-19T14:10:24.892+0000] {task_command.py:426} INFO - Running <TaskInstance: dag_moex.task_AAPL scheduled__2026-01-01T00:00:00+00:00 [running]> on host cc036e7caf02
[2026-02-19T14:10:25.058+0000] {taskinstance.py:2648} INFO - Exporting env vars: AIRFLOW_CTX_DAG_OWNER='***' AIRFLOW_CTX_DAG_ID='dag_moex' AIRFLOW_CTX_TASK_ID='task_AAPL' AIRFLOW_CTX_EXECUTION_DATE='2026-01-01T00:00:00+00:00' AIRFLOW_CTX_TRY_NUMBER='1' AIRFLOW_CTX_DAG_RUN_ID='scheduled__2026-01-01T00:00:00+00:00'
[2026-02-19T14:10:25.062+0000] {taskinstance.py:430} INFO - ::endgroup::
[2026-02-19T14:10:25.085+0000] {logging_mixin.py:188} WARNING - /opt/***/dags/stocks/scripts/api.py:9 FutureWarning: YF.download() has changed argument auto_adjust default to True
[2026-02-19T14:10:25.109+0000] {logging_mixin.py:188} WARNING - /home/***/.local/lib/python3.12/site-packages/yfinance/scrapers/history.py:204 Pandas4Warning: Timestamp.utcnow is deprecated and will be removed in a future version. Use Timestamp.now('UTC') instead.
[2026-02-19T14:10:25.902+0000] {logging_mixin.py:188} WARNING - [*********************100%***********************]  1 of 1 completed
[2026-02-19T14:10:25.924+0000] {api.py:10} INFO - Выгрузилось
    __________________________
    Price            Close        High         Low        Open    Volume
Ticker            AAPL        AAPL        AAPL        AAPL      AAPL
Date                                                                
2025-12-31  271.605835  273.424141  271.495952  272.804725  27293600
    __________________________
    
[2026-02-19T14:10:25.926+0000] {api.py:16} INFO - start=2025-12-31, end=2026-01-02
[2026-02-19T14:10:25.928+0000] {api.py:17} INFO - После удаления
    __________________________
    Empty DataFrame
Columns: [(Close, AAPL), (High, AAPL), (Low, AAPL), (Open, AAPL), (Volume, AAPL)]
Index: []
    __________________________
    
[2026-02-19T14:10:25.941+0000] {base.py:84} INFO - Using connection ID 'pg_1' for task execution.
[2026-02-19T14:10:25.942+0000] {sql.py:254} WARNING - This setter is for backward compatibility and should not be used.
Since the introduction of connection property, the providers listed below breaks due to assigning value to self.connection in their __init__ method.
* apache-***-providers-mysql<5.7.1
* apache-***-providers-elasticsearch<5.5.1
* apache-***-providers-postgres<5.13.0
[2026-02-19T14:10:25.945+0000] {sql.py:908} INFO - Done loading. Loaded a total of 0 rows into stocks
[2026-02-19T14:10:25.950+0000] {python.py:237} INFO - Done. Returned value was: None
[2026-02-19T14:10:25.951+0000] {taskinstance.py:441} INFO - ::group::Post task execution logs
[2026-02-19T14:10:25.961+0000] {taskinstance.py:1206} INFO - Marking task as SUCCESS. dag_id=dag_moex, task_id=task_AAPL, run_id=scheduled__2026-01-01T00:00:00+00:00, execution_date=20260101T000000, start_date=20260219T141024, end_date=20260219T141025
[2026-02-19T14:10:26.013+0000] {local_task_job_runner.py:243} INFO - Task exited with return code 0
[2026-02-19T14:10:26.042+0000] {taskinstance.py:3503} INFO - 0 downstream tasks scheduled from follow-on schedule check
[2026-02-19T14:10:26.044+0000] {local_task_job_runner.py:222} INFO - ::endgroup::
[2026-02-19T14:13:30.785+0000] {local_task_job_runner.py:120} INFO - ::group::Pre task execution logs
[2026-02-19T14:13:30.833+0000] {taskinstance.py:2076} INFO - Dependencies all met for dep_context=non-requeueable deps ti=<TaskInstance: dag_moex.task_AAPL scheduled__2026-01-01T00:00:00+00:00 [queued]>
[2026-02-19T14:13:30.851+0000] {taskinstance.py:2076} INFO - Dependencies all met for dep_context=requeueable deps ti=<TaskInstance: dag_moex.task_AAPL scheduled__2026-01-01T00:00:00+00:00 [queued]>
[2026-02-19T14:13:30.852+0000] {taskinstance.py:2306} INFO - Starting attempt 1 of 1
[2026-02-19T14:13:30.883+0000] {taskinstance.py:2330} INFO - Executing <Task(PythonOperator): task_AAPL> on 2026-01-01 00:00:00+00:00
[2026-02-19T14:13:30.897+0000] {logging_mixin.py:188} WARNING - /home/***/.local/lib/python3.12/site-packages/***/task/task_runner/standard_task_runner.py:62 DeprecationWarning: This process (pid=30213) is multi-threaded, use of fork() may lead to deadlocks in the child.
[2026-02-19T14:13:30.901+0000] {standard_task_runner.py:64} INFO - Started process 30246 to run task
[2026-02-19T14:13:30.908+0000] {standard_task_runner.py:90} INFO - Running: ['***', 'tasks', 'run', 'dag_moex', 'task_AAPL', 'scheduled__2026-01-01T00:00:00+00:00', '--job-id', '1018', '--raw', '--subdir', 'DAGS_FOLDER/stocks/dag1.py', '--cfg-path', '/tmp/tmpqyi2c5bs']
[2026-02-19T14:13:30.916+0000] {standard_task_runner.py:91} INFO - Job 1018: Subtask task_AAPL
[2026-02-19T14:13:31.014+0000] {task_command.py:426} INFO - Running <TaskInstance: dag_moex.task_AAPL scheduled__2026-01-01T00:00:00+00:00 [running]> on host cc036e7caf02
[2026-02-19T14:13:31.212+0000] {taskinstance.py:2648} INFO - Exporting env vars: AIRFLOW_CTX_DAG_OWNER='***' AIRFLOW_CTX_DAG_ID='dag_moex' AIRFLOW_CTX_TASK_ID='task_AAPL' AIRFLOW_CTX_EXECUTION_DATE='2026-01-01T00:00:00+00:00' AIRFLOW_CTX_TRY_NUMBER='1' AIRFLOW_CTX_DAG_RUN_ID='scheduled__2026-01-01T00:00:00+00:00'
[2026-02-19T14:13:31.216+0000] {taskinstance.py:430} INFO - ::endgroup::
[2026-02-19T14:13:31.241+0000] {logging_mixin.py:188} WARNING - /opt/***/dags/stocks/scripts/api.py:9 FutureWarning: YF.download() has changed argument auto_adjust default to True
[2026-02-19T14:13:31.259+0000] {logging_mixin.py:188} WARNING - /home/***/.local/lib/python3.12/site-packages/yfinance/scrapers/history.py:204 Pandas4Warning: Timestamp.utcnow is deprecated and will be removed in a future version. Use Timestamp.now('UTC') instead.
[2026-02-19T14:13:31.970+0000] {logging_mixin.py:188} WARNING - [*********************100%***********************]  1 of 1 completed
[2026-02-19T14:13:31.987+0000] {api.py:10} INFO - Выгрузилось
    __________________________
    Price            Close        High         Low        Open    Volume
Ticker            AAPL        AAPL        AAPL        AAPL      AAPL
Date                                                                
2025-12-31  271.605835  273.424141  271.495952  272.804725  27293600
    __________________________
    
[2026-02-19T14:13:31.988+0000] {api.py:16} INFO - start=2025-12-31, end=2026-01-02
[2026-02-19T14:13:31.990+0000] {api.py:17} INFO - После удаления
    __________________________
    Empty DataFrame
Columns: [(Close, AAPL), (High, AAPL), (Low, AAPL), (Open, AAPL), (Volume, AAPL)]
Index: []
    __________________________
    
[2026-02-19T14:13:32.001+0000] {base.py:84} INFO - Using connection ID 'pg_1' for task execution.
[2026-02-19T14:13:32.002+0000] {sql.py:254} WARNING - This setter is for backward compatibility and should not be used.
Since the introduction of connection property, the providers listed below breaks due to assigning value to self.connection in their __init__ method.
* apache-***-providers-mysql<5.7.1
* apache-***-providers-elasticsearch<5.5.1
* apache-***-providers-postgres<5.13.0
[2026-02-19T14:13:32.005+0000] {sql.py:908} INFO - Done loading. Loaded a total of 0 rows into stocks
[2026-02-19T14:13:32.011+0000] {python.py:237} INFO - Done. Returned value was: None
[2026-02-19T14:13:32.012+0000] {taskinstance.py:441} INFO - ::group::Post task execution logs
[2026-02-19T14:13:32.020+0000] {taskinstance.py:1206} INFO - Marking task as SUCCESS. dag_id=dag_moex, task_id=task_AAPL, run_id=scheduled__2026-01-01T00:00:00+00:00, execution_date=20260101T000000, start_date=20260219T141330, end_date=20260219T141332
[2026-02-19T14:13:32.047+0000] {local_task_job_runner.py:243} INFO - Task exited with return code 0
[2026-02-19T14:13:32.068+0000] {taskinstance.py:3503} INFO - 0 downstream tasks scheduled from follow-on schedule check
[2026-02-19T14:13:32.070+0000] {local_task_job_runner.py:222} INFO - ::endgroup::
[2026-02-19T14:18:09.046+0000] {local_task_job_runner.py:120} INFO - ::group::Pre task execution logs
[2026-02-19T14:18:09.139+0000] {taskinstance.py:2076} INFO - Dependencies all met for dep_context=non-requeueable deps ti=<TaskInstance: dag_moex.task_AAPL scheduled__2026-01-01T00:00:00+00:00 [queued]>
[2026-02-19T14:18:09.155+0000] {taskinstance.py:2076} INFO - Dependencies all met for dep_context=requeueable deps ti=<TaskInstance: dag_moex.task_AAPL scheduled__2026-01-01T00:00:00+00:00 [queued]>
[2026-02-19T14:18:09.157+0000] {taskinstance.py:2306} INFO - Starting attempt 1 of 1
[2026-02-19T14:18:09.179+0000] {taskinstance.py:2330} INFO - Executing <Task(PythonOperator): task_AAPL> on 2026-01-01 00:00:00+00:00
[2026-02-19T14:18:09.197+0000] {standard_task_runner.py:90} INFO - Running: ['***', 'tasks', 'run', 'dag_moex', 'task_AAPL', 'scheduled__2026-01-01T00:00:00+00:00', '--job-id', '1052', '--raw', '--subdir', 'DAGS_FOLDER/stocks/dag1.py', '--cfg-path', '/tmp/tmpll7b3nkl']
[2026-02-19T14:18:09.212+0000] {standard_task_runner.py:91} INFO - Job 1052: Subtask task_AAPL
[2026-02-19T14:18:09.207+0000] {logging_mixin.py:188} WARNING - /home/***/.local/lib/python3.12/site-packages/***/task/task_runner/standard_task_runner.py:62 DeprecationWarning: This process (pid=30471) is multi-threaded, use of fork() may lead to deadlocks in the child.
[2026-02-19T14:18:09.217+0000] {standard_task_runner.py:64} INFO - Started process 30502 to run task
[2026-02-19T14:18:09.329+0000] {task_command.py:426} INFO - Running <TaskInstance: dag_moex.task_AAPL scheduled__2026-01-01T00:00:00+00:00 [running]> on host cc036e7caf02
[2026-02-19T14:18:09.504+0000] {taskinstance.py:2648} INFO - Exporting env vars: AIRFLOW_CTX_DAG_OWNER='***' AIRFLOW_CTX_DAG_ID='dag_moex' AIRFLOW_CTX_TASK_ID='task_AAPL' AIRFLOW_CTX_EXECUTION_DATE='2026-01-01T00:00:00+00:00' AIRFLOW_CTX_TRY_NUMBER='1' AIRFLOW_CTX_DAG_RUN_ID='scheduled__2026-01-01T00:00:00+00:00'
[2026-02-19T14:18:09.508+0000] {taskinstance.py:430} INFO - ::endgroup::
[2026-02-19T14:18:09.532+0000] {logging_mixin.py:188} WARNING - /opt/***/dags/stocks/scripts/api.py:9 FutureWarning: YF.download() has changed argument auto_adjust default to True
[2026-02-19T14:18:09.562+0000] {logging_mixin.py:188} WARNING - /home/***/.local/lib/python3.12/site-packages/yfinance/scrapers/history.py:204 Pandas4Warning: Timestamp.utcnow is deprecated and will be removed in a future version. Use Timestamp.now('UTC') instead.
[2026-02-19T14:18:10.270+0000] {logging_mixin.py:188} WARNING - [*********************100%***********************]  1 of 1 completed
[2026-02-19T14:18:10.290+0000] {api.py:10} INFO - Выгрузилось
    __________________________
    Price            Close        High         Low        Open    Volume
Ticker            AAPL        AAPL        AAPL        AAPL      AAPL
Date                                                                
2025-12-31  271.605835  273.424141  271.495952  272.804725  27293600
    __________________________
    
[2026-02-19T14:18:10.291+0000] {api.py:16} INFO - start=2025-12-31, end=2026-01-02
[2026-02-19T14:18:10.293+0000] {api.py:17} INFO - После удаления
    __________________________
    Empty DataFrame
Columns: [(Close, AAPL), (High, AAPL), (Low, AAPL), (Open, AAPL), (Volume, AAPL)]
Index: []
    __________________________
    
[2026-02-19T14:18:10.306+0000] {base.py:84} INFO - Using connection ID 'pg_1' for task execution.
[2026-02-19T14:18:10.306+0000] {sql.py:254} WARNING - This setter is for backward compatibility and should not be used.
Since the introduction of connection property, the providers listed below breaks due to assigning value to self.connection in their __init__ method.
* apache-***-providers-mysql<5.7.1
* apache-***-providers-elasticsearch<5.5.1
* apache-***-providers-postgres<5.13.0
[2026-02-19T14:18:10.310+0000] {sql.py:908} INFO - Done loading. Loaded a total of 0 rows into stocks
[2026-02-19T14:18:10.316+0000] {python.py:237} INFO - Done. Returned value was: None
[2026-02-19T14:18:10.316+0000] {taskinstance.py:441} INFO - ::group::Post task execution logs
[2026-02-19T14:18:10.325+0000] {taskinstance.py:1206} INFO - Marking task as SUCCESS. dag_id=dag_moex, task_id=task_AAPL, run_id=scheduled__2026-01-01T00:00:00+00:00, execution_date=20260101T000000, start_date=20260219T141809, end_date=20260219T141810
[2026-02-19T14:18:10.362+0000] {local_task_job_runner.py:243} INFO - Task exited with return code 0
[2026-02-19T14:18:10.385+0000] {taskinstance.py:3503} INFO - 0 downstream tasks scheduled from follow-on schedule check
[2026-02-19T14:18:10.387+0000] {local_task_job_runner.py:222} INFO - ::endgroup::
[2026-02-19T14:50:16.569+0000] {local_task_job_runner.py:120} INFO - ::group::Pre task execution logs
[2026-02-19T14:50:16.632+0000] {taskinstance.py:2076} INFO - Dependencies all met for dep_context=non-requeueable deps ti=<TaskInstance: dag_moex.task_AAPL scheduled__2026-01-01T00:00:00+00:00 [queued]>
[2026-02-19T14:50:16.657+0000] {taskinstance.py:2076} INFO - Dependencies all met for dep_context=requeueable deps ti=<TaskInstance: dag_moex.task_AAPL scheduled__2026-01-01T00:00:00+00:00 [queued]>
[2026-02-19T14:50:16.663+0000] {taskinstance.py:2306} INFO - Starting attempt 1 of 1
[2026-02-19T14:50:16.720+0000] {taskinstance.py:2330} INFO - Executing <Task(PythonOperator): task_AAPL> on 2026-01-01 00:00:00+00:00
[2026-02-19T14:50:16.733+0000] {logging_mixin.py:188} WARNING - /home/***/.local/lib/python3.12/site-packages/***/task/task_runner/standard_task_runner.py:62 DeprecationWarning: This process (pid=32373) is multi-threaded, use of fork() may lead to deadlocks in the child.
[2026-02-19T14:50:16.738+0000] {standard_task_runner.py:64} INFO - Started process 32405 to run task
[2026-02-19T14:50:16.747+0000] {standard_task_runner.py:90} INFO - Running: ['***', 'tasks', 'run', 'dag_moex', 'task_AAPL', 'scheduled__2026-01-01T00:00:00+00:00', '--job-id', '1339', '--raw', '--subdir', 'DAGS_FOLDER/stocks/dag1.py', '--cfg-path', '/tmp/tmpc0tbl8aa']
[2026-02-19T14:50:16.754+0000] {standard_task_runner.py:91} INFO - Job 1339: Subtask task_AAPL
[2026-02-19T14:50:16.856+0000] {task_command.py:426} INFO - Running <TaskInstance: dag_moex.task_AAPL scheduled__2026-01-01T00:00:00+00:00 [running]> on host cc036e7caf02
[2026-02-19T14:50:17.014+0000] {taskinstance.py:2648} INFO - Exporting env vars: AIRFLOW_CTX_DAG_OWNER='***' AIRFLOW_CTX_DAG_ID='dag_moex' AIRFLOW_CTX_TASK_ID='task_AAPL' AIRFLOW_CTX_EXECUTION_DATE='2026-01-01T00:00:00+00:00' AIRFLOW_CTX_TRY_NUMBER='1' AIRFLOW_CTX_DAG_RUN_ID='scheduled__2026-01-01T00:00:00+00:00'
[2026-02-19T14:50:17.018+0000] {taskinstance.py:430} INFO - ::endgroup::
[2026-02-19T14:50:17.036+0000] {logging_mixin.py:188} WARNING - /opt/***/dags/stocks/scripts/api.py:9 FutureWarning: YF.download() has changed argument auto_adjust default to True
[2026-02-19T14:50:17.059+0000] {logging_mixin.py:188} WARNING - /home/***/.local/lib/python3.12/site-packages/yfinance/scrapers/history.py:204 Pandas4Warning: Timestamp.utcnow is deprecated and will be removed in a future version. Use Timestamp.now('UTC') instead.
[2026-02-19T14:50:17.980+0000] {logging_mixin.py:188} WARNING - [*********************100%***********************]  1 of 1 completed
[2026-02-19T14:50:18.003+0000] {base.py:84} INFO - Using connection ID 'pg_1' for task execution.
[2026-02-19T14:50:18.004+0000] {sql.py:254} WARNING - This setter is for backward compatibility and should not be used.
Since the introduction of connection property, the providers listed below breaks due to assigning value to self.connection in their __init__ method.
* apache-***-providers-mysql<5.7.1
* apache-***-providers-elasticsearch<5.5.1
* apache-***-providers-postgres<5.13.0
[2026-02-19T14:50:18.009+0000] {sql.py:896} INFO - Loaded 1 rows into stocks so far
[2026-02-19T14:50:18.010+0000] {sql.py:908} INFO - Done loading. Loaded a total of 1 rows into stocks
[2026-02-19T14:50:18.016+0000] {python.py:237} INFO - Done. Returned value was: None
[2026-02-19T14:50:18.017+0000] {taskinstance.py:441} INFO - ::group::Post task execution logs
[2026-02-19T14:50:18.024+0000] {taskinstance.py:1206} INFO - Marking task as SUCCESS. dag_id=dag_moex, task_id=task_AAPL, run_id=scheduled__2026-01-01T00:00:00+00:00, execution_date=20260101T000000, start_date=20260219T145016, end_date=20260219T145018
[2026-02-19T14:50:18.081+0000] {local_task_job_runner.py:243} INFO - Task exited with return code 0
[2026-02-19T14:50:18.103+0000] {taskinstance.py:3503} INFO - 0 downstream tasks scheduled from follow-on schedule check
[2026-02-19T14:50:18.105+0000] {local_task_job_runner.py:222} INFO - ::endgroup::
