[2026-02-14T09:46:06.877+0000] {local_task_job_runner.py:120} INFO - ::group::Pre task execution logs
[2026-02-14T09:46:06.911+0000] {taskinstance.py:2076} INFO - Dependencies all met for dep_context=non-requeueable deps ti=<TaskInstance: dag_moex.task_GOOG scheduled__2026-01-03T00:00:00+00:00 [queued]>
[2026-02-14T09:46:06.921+0000] {taskinstance.py:2076} INFO - Dependencies all met for dep_context=requeueable deps ti=<TaskInstance: dag_moex.task_GOOG scheduled__2026-01-03T00:00:00+00:00 [queued]>
[2026-02-14T09:46:06.922+0000] {taskinstance.py:2306} INFO - Starting attempt 1 of 1
[2026-02-14T09:46:06.940+0000] {taskinstance.py:2330} INFO - Executing <Task(PythonOperator): task_GOOG> on 2026-01-03 00:00:00+00:00
[2026-02-14T09:46:06.953+0000] {logging_mixin.py:188} WARNING - /home/***/.local/lib/python3.12/site-packages/***/task/task_runner/standard_task_runner.py:62 DeprecationWarning: This process (pid=1129) is multi-threaded, use of fork() may lead to deadlocks in the child.
[2026-02-14T09:46:06.955+0000] {standard_task_runner.py:64} INFO - Started process 1143 to run task
[2026-02-14T09:46:06.953+0000] {standard_task_runner.py:90} INFO - Running: ['***', 'tasks', 'run', 'dag_moex', 'task_GOOG', 'scheduled__2026-01-03T00:00:00+00:00', '--job-id', '232', '--raw', '--subdir', 'DAGS_FOLDER/stocks/dag1.py', '--cfg-path', '/tmp/tmpyiwhdd_9']
[2026-02-14T09:46:06.956+0000] {standard_task_runner.py:91} INFO - Job 232: Subtask task_GOOG
[2026-02-14T09:46:07.022+0000] {task_command.py:426} INFO - Running <TaskInstance: dag_moex.task_GOOG scheduled__2026-01-03T00:00:00+00:00 [running]> on host 78a955e87025
[2026-02-14T09:46:07.120+0000] {taskinstance.py:2648} INFO - Exporting env vars: AIRFLOW_CTX_DAG_OWNER='***' AIRFLOW_CTX_DAG_ID='dag_moex' AIRFLOW_CTX_TASK_ID='task_GOOG' AIRFLOW_CTX_EXECUTION_DATE='2026-01-03T00:00:00+00:00' AIRFLOW_CTX_TRY_NUMBER='1' AIRFLOW_CTX_DAG_RUN_ID='scheduled__2026-01-03T00:00:00+00:00'
[2026-02-14T09:46:07.121+0000] {taskinstance.py:430} INFO - ::endgroup::
[2026-02-14T09:46:07.134+0000] {logging_mixin.py:188} INFO - 2026-01-02 2026-01-04
[2026-02-14T09:46:07.136+0000] {logging_mixin.py:188} WARNING - /opt/***/dags/stocks/scripts/api.py:10 FutureWarning: YF.download() has changed argument auto_adjust default to True
[2026-02-14T09:46:07.143+0000] {logging_mixin.py:188} WARNING - /home/***/.local/lib/python3.12/site-packages/yfinance/scrapers/history.py:204 Pandas4Warning: Timestamp.utcnow is deprecated and will be removed in a future version. Use Timestamp.now('UTC') instead.
[2026-02-14T09:46:07.859+0000] {logging_mixin.py:188} WARNING - [*********************100%***********************]  1 of 1 completed
[2026-02-14T09:46:07.875+0000] {python.py:237} INFO - Done. Returned value was: None
[2026-02-14T09:46:07.876+0000] {taskinstance.py:441} INFO - ::group::Post task execution logs
[2026-02-14T09:46:07.888+0000] {taskinstance.py:1206} INFO - Marking task as SUCCESS. dag_id=dag_moex, task_id=task_GOOG, run_id=scheduled__2026-01-03T00:00:00+00:00, execution_date=20260103T000000, start_date=20260214T094606, end_date=20260214T094607
[2026-02-14T09:46:07.936+0000] {local_task_job_runner.py:243} INFO - Task exited with return code 0
[2026-02-14T09:46:07.962+0000] {taskinstance.py:3503} INFO - 0 downstream tasks scheduled from follow-on schedule check
[2026-02-14T09:46:07.964+0000] {local_task_job_runner.py:222} INFO - ::endgroup::
[2026-02-18T06:51:48.871+0000] {local_task_job_runner.py:120} INFO - ::group::Pre task execution logs
[2026-02-18T06:51:48.908+0000] {taskinstance.py:2076} INFO - Dependencies all met for dep_context=non-requeueable deps ti=<TaskInstance: dag_moex.task_GOOG scheduled__2026-01-03T00:00:00+00:00 [queued]>
[2026-02-18T06:51:48.918+0000] {taskinstance.py:2076} INFO - Dependencies all met for dep_context=requeueable deps ti=<TaskInstance: dag_moex.task_GOOG scheduled__2026-01-03T00:00:00+00:00 [queued]>
[2026-02-18T06:51:48.919+0000] {taskinstance.py:2306} INFO - Starting attempt 1 of 1
[2026-02-18T06:51:48.934+0000] {taskinstance.py:2330} INFO - Executing <Task(PythonOperator): task_GOOG> on 2026-01-03 00:00:00+00:00
[2026-02-18T06:51:48.948+0000] {logging_mixin.py:188} WARNING - /home/***/.local/lib/python3.12/site-packages/***/task/task_runner/standard_task_runner.py:62 DeprecationWarning: This process (pid=237) is multi-threaded, use of fork() may lead to deadlocks in the child.
[2026-02-18T06:51:48.950+0000] {standard_task_runner.py:64} INFO - Started process 253 to run task
[2026-02-18T06:51:48.949+0000] {standard_task_runner.py:90} INFO - Running: ['***', 'tasks', 'run', 'dag_moex', 'task_GOOG', 'scheduled__2026-01-03T00:00:00+00:00', '--job-id', '252', '--raw', '--subdir', 'DAGS_FOLDER/stocks/dag1.py', '--cfg-path', '/tmp/tmpksoy42nd']
[2026-02-18T06:51:48.952+0000] {standard_task_runner.py:91} INFO - Job 252: Subtask task_GOOG
[2026-02-18T06:51:49.008+0000] {task_command.py:426} INFO - Running <TaskInstance: dag_moex.task_GOOG scheduled__2026-01-03T00:00:00+00:00 [running]> on host cc036e7caf02
[2026-02-18T06:51:49.085+0000] {taskinstance.py:2648} INFO - Exporting env vars: AIRFLOW_CTX_DAG_OWNER='***' AIRFLOW_CTX_DAG_ID='dag_moex' AIRFLOW_CTX_TASK_ID='task_GOOG' AIRFLOW_CTX_EXECUTION_DATE='2026-01-03T00:00:00+00:00' AIRFLOW_CTX_TRY_NUMBER='1' AIRFLOW_CTX_DAG_RUN_ID='scheduled__2026-01-03T00:00:00+00:00'
[2026-02-18T06:51:49.086+0000] {taskinstance.py:430} INFO - ::endgroup::
[2026-02-18T06:51:49.095+0000] {manager.py:8} INFO - log
[2026-02-18T06:51:49.097+0000] {logging_mixin.py:188} WARNING - /opt/***/dags/stocks/scripts/api.py:9 FutureWarning: YF.download() has changed argument auto_adjust default to True
[2026-02-18T06:51:50.519+0000] {logging_mixin.py:188} WARNING - /home/***/.local/lib/python3.12/site-packages/yfinance/scrapers/history.py:204 Pandas4Warning: Timestamp.utcnow is deprecated and will be removed in a future version. Use Timestamp.now('UTC') instead.
[2026-02-18T06:51:50.688+0000] {logging_mixin.py:188} WARNING - [*********************100%***********************]  1 of 1 completed
[2026-02-18T06:51:50.696+0000] {taskinstance.py:441} INFO - ::group::Post task execution logs
[2026-02-18T06:51:50.696+0000] {taskinstance.py:2905} ERROR - Task failed with exception
Traceback (most recent call last):
  File "/home/airflow/.local/lib/python3.12/site-packages/airflow/models/taskinstance.py", line 465, in _execute_task
    result = _execute_callable(context=context, **execute_callable_kwargs)
             ^^^^^^^^^^^^^^^^^^^^^^^^^^^^^^^^^^^^^^^^^^^^^^^^^^^^^^^^^^^^^
  File "/home/airflow/.local/lib/python3.12/site-packages/airflow/models/taskinstance.py", line 432, in _execute_callable
    return execute_callable(context=context, **execute_callable_kwargs)
           ^^^^^^^^^^^^^^^^^^^^^^^^^^^^^^^^^^^^^^^^^^^^^^^^^^^^^^^^^^^^
  File "/home/airflow/.local/lib/python3.12/site-packages/airflow/models/baseoperator.py", line 401, in wrapper
    return func(self, *args, **kwargs)
           ^^^^^^^^^^^^^^^^^^^^^^^^^^^
  File "/home/airflow/.local/lib/python3.12/site-packages/airflow/operators/python.py", line 235, in execute
    return_value = self.execute_callable()
                   ^^^^^^^^^^^^^^^^^^^^^^^
  File "/home/airflow/.local/lib/python3.12/site-packages/airflow/operators/python.py", line 252, in execute_callable
    return self.python_callable(*self.op_args, **self.op_kwargs)
           ^^^^^^^^^^^^^^^^^^^^^^^^^^^^^^^^^^^^^^^^^^^^^^^^^^^^^
  File "/opt/airflow/dags/stocks/scripts/manager.py", line 10, in fetch_data
    return data.to_json(f"{stock}_{data_interval_start.strftime('%Y-%m-%d')}.json")
           ^^^^^^^^^^^^
AttributeError: 'NoneType' object has no attribute 'to_json'
[2026-02-18T06:51:50.707+0000] {taskinstance.py:1206} INFO - Marking task as FAILED. dag_id=dag_moex, task_id=task_GOOG, run_id=scheduled__2026-01-03T00:00:00+00:00, execution_date=20260103T000000, start_date=20260218T065148, end_date=20260218T065150
[2026-02-18T06:51:50.715+0000] {standard_task_runner.py:110} ERROR - Failed to execute job 252 for task task_GOOG ('NoneType' object has no attribute 'to_json'; 253)
[2026-02-18T06:51:50.745+0000] {local_task_job_runner.py:243} INFO - Task exited with return code 1
[2026-02-18T06:51:50.758+0000] {taskinstance.py:3503} INFO - 0 downstream tasks scheduled from follow-on schedule check
[2026-02-18T06:51:50.761+0000] {local_task_job_runner.py:222} INFO - ::endgroup::
[2026-02-18T06:55:55.831+0000] {local_task_job_runner.py:120} INFO - ::group::Pre task execution logs
[2026-02-18T06:55:55.872+0000] {taskinstance.py:2076} INFO - Dependencies all met for dep_context=non-requeueable deps ti=<TaskInstance: dag_moex.task_GOOG scheduled__2026-01-03T00:00:00+00:00 [queued]>
[2026-02-18T06:55:55.882+0000] {taskinstance.py:2076} INFO - Dependencies all met for dep_context=requeueable deps ti=<TaskInstance: dag_moex.task_GOOG scheduled__2026-01-03T00:00:00+00:00 [queued]>
[2026-02-18T06:55:55.883+0000] {taskinstance.py:2306} INFO - Starting attempt 1 of 1
[2026-02-18T06:55:55.911+0000] {taskinstance.py:2330} INFO - Executing <Task(PythonOperator): task_GOOG> on 2026-01-03 00:00:00+00:00
[2026-02-18T06:55:55.926+0000] {logging_mixin.py:188} WARNING - /home/***/.local/lib/python3.12/site-packages/***/task/task_runner/standard_task_runner.py:62 DeprecationWarning: This process (pid=375) is multi-threaded, use of fork() may lead to deadlocks in the child.
[2026-02-18T06:55:55.928+0000] {standard_task_runner.py:64} INFO - Started process 390 to run task
[2026-02-18T06:55:55.928+0000] {standard_task_runner.py:90} INFO - Running: ['***', 'tasks', 'run', 'dag_moex', 'task_GOOG', 'scheduled__2026-01-03T00:00:00+00:00', '--job-id', '260', '--raw', '--subdir', 'DAGS_FOLDER/stocks/dag1.py', '--cfg-path', '/tmp/tmpb5a91ell']
[2026-02-18T06:55:55.934+0000] {standard_task_runner.py:91} INFO - Job 260: Subtask task_GOOG
[2026-02-18T06:55:56.011+0000] {task_command.py:426} INFO - Running <TaskInstance: dag_moex.task_GOOG scheduled__2026-01-03T00:00:00+00:00 [running]> on host cc036e7caf02
[2026-02-18T06:55:56.126+0000] {taskinstance.py:2648} INFO - Exporting env vars: AIRFLOW_CTX_DAG_OWNER='***' AIRFLOW_CTX_DAG_ID='dag_moex' AIRFLOW_CTX_TASK_ID='task_GOOG' AIRFLOW_CTX_EXECUTION_DATE='2026-01-03T00:00:00+00:00' AIRFLOW_CTX_TRY_NUMBER='1' AIRFLOW_CTX_DAG_RUN_ID='scheduled__2026-01-03T00:00:00+00:00'
[2026-02-18T06:55:56.129+0000] {taskinstance.py:430} INFO - ::endgroup::
[2026-02-18T06:55:56.149+0000] {manager.py:8} INFO - log
[2026-02-18T06:55:56.152+0000] {logging_mixin.py:188} WARNING - /opt/***/dags/stocks/scripts/api.py:9 FutureWarning: YF.download() has changed argument auto_adjust default to True
[2026-02-18T06:55:56.164+0000] {logging_mixin.py:188} WARNING - /home/***/.local/lib/python3.12/site-packages/yfinance/scrapers/history.py:204 Pandas4Warning: Timestamp.utcnow is deprecated and will be removed in a future version. Use Timestamp.now('UTC') instead.
[2026-02-18T06:55:57.205+0000] {logging_mixin.py:188} WARNING - [*********************100%***********************]  1 of 1 completed
[2026-02-18T06:55:57.214+0000] {taskinstance.py:441} INFO - ::group::Post task execution logs
[2026-02-18T06:55:57.215+0000] {taskinstance.py:2905} ERROR - Task failed with exception
Traceback (most recent call last):
  File "/home/airflow/.local/lib/python3.12/site-packages/airflow/models/taskinstance.py", line 465, in _execute_task
    result = _execute_callable(context=context, **execute_callable_kwargs)
             ^^^^^^^^^^^^^^^^^^^^^^^^^^^^^^^^^^^^^^^^^^^^^^^^^^^^^^^^^^^^^
  File "/home/airflow/.local/lib/python3.12/site-packages/airflow/models/taskinstance.py", line 432, in _execute_callable
    return execute_callable(context=context, **execute_callable_kwargs)
           ^^^^^^^^^^^^^^^^^^^^^^^^^^^^^^^^^^^^^^^^^^^^^^^^^^^^^^^^^^^^
  File "/home/airflow/.local/lib/python3.12/site-packages/airflow/models/baseoperator.py", line 401, in wrapper
    return func(self, *args, **kwargs)
           ^^^^^^^^^^^^^^^^^^^^^^^^^^^
  File "/home/airflow/.local/lib/python3.12/site-packages/airflow/operators/python.py", line 235, in execute
    return_value = self.execute_callable()
                   ^^^^^^^^^^^^^^^^^^^^^^^
  File "/home/airflow/.local/lib/python3.12/site-packages/airflow/operators/python.py", line 252, in execute_callable
    return self.python_callable(*self.op_args, **self.op_kwargs)
           ^^^^^^^^^^^^^^^^^^^^^^^^^^^^^^^^^^^^^^^^^^^^^^^^^^^^^
  File "/opt/airflow/dags/stocks/scripts/manager.py", line 10, in fetch_data
    logging.log(data)
TypeError: log() missing 1 required positional argument: 'msg'
[2026-02-18T06:55:57.225+0000] {taskinstance.py:1206} INFO - Marking task as FAILED. dag_id=dag_moex, task_id=task_GOOG, run_id=scheduled__2026-01-03T00:00:00+00:00, execution_date=20260103T000000, start_date=20260218T065555, end_date=20260218T065557
[2026-02-18T06:55:57.234+0000] {standard_task_runner.py:110} ERROR - Failed to execute job 260 for task task_GOOG (log() missing 1 required positional argument: 'msg'; 390)
[2026-02-18T06:55:57.279+0000] {local_task_job_runner.py:243} INFO - Task exited with return code 1
[2026-02-18T06:55:57.292+0000] {taskinstance.py:3503} INFO - 0 downstream tasks scheduled from follow-on schedule check
[2026-02-18T06:55:57.294+0000] {local_task_job_runner.py:222} INFO - ::endgroup::
[2026-02-18T06:59:02.204+0000] {local_task_job_runner.py:120} INFO - ::group::Pre task execution logs
[2026-02-18T06:59:02.245+0000] {taskinstance.py:2076} INFO - Dependencies all met for dep_context=non-requeueable deps ti=<TaskInstance: dag_moex.task_GOOG scheduled__2026-01-03T00:00:00+00:00 [queued]>
[2026-02-18T06:59:02.258+0000] {taskinstance.py:2076} INFO - Dependencies all met for dep_context=requeueable deps ti=<TaskInstance: dag_moex.task_GOOG scheduled__2026-01-03T00:00:00+00:00 [queued]>
[2026-02-18T06:59:02.258+0000] {taskinstance.py:2306} INFO - Starting attempt 1 of 1
[2026-02-18T06:59:02.277+0000] {taskinstance.py:2330} INFO - Executing <Task(PythonOperator): task_GOOG> on 2026-01-03 00:00:00+00:00
[2026-02-18T06:59:02.290+0000] {logging_mixin.py:188} WARNING - /home/***/.local/lib/python3.12/site-packages/***/task/task_runner/standard_task_runner.py:62 DeprecationWarning: This process (pid=484) is multi-threaded, use of fork() may lead to deadlocks in the child.
[2026-02-18T06:59:02.293+0000] {standard_task_runner.py:64} INFO - Started process 502 to run task
[2026-02-18T06:59:02.293+0000] {standard_task_runner.py:90} INFO - Running: ['***', 'tasks', 'run', 'dag_moex', 'task_GOOG', 'scheduled__2026-01-03T00:00:00+00:00', '--job-id', '270', '--raw', '--subdir', 'DAGS_FOLDER/stocks/dag1.py', '--cfg-path', '/tmp/tmp9_h10ioi']
[2026-02-18T06:59:02.297+0000] {standard_task_runner.py:91} INFO - Job 270: Subtask task_GOOG
[2026-02-18T06:59:02.358+0000] {task_command.py:426} INFO - Running <TaskInstance: dag_moex.task_GOOG scheduled__2026-01-03T00:00:00+00:00 [running]> on host cc036e7caf02
[2026-02-18T06:59:02.437+0000] {taskinstance.py:2648} INFO - Exporting env vars: AIRFLOW_CTX_DAG_OWNER='***' AIRFLOW_CTX_DAG_ID='dag_moex' AIRFLOW_CTX_TASK_ID='task_GOOG' AIRFLOW_CTX_EXECUTION_DATE='2026-01-03T00:00:00+00:00' AIRFLOW_CTX_TRY_NUMBER='1' AIRFLOW_CTX_DAG_RUN_ID='scheduled__2026-01-03T00:00:00+00:00'
[2026-02-18T06:59:02.439+0000] {taskinstance.py:430} INFO - ::endgroup::
[2026-02-18T06:59:02.448+0000] {manager.py:8} INFO - log
[2026-02-18T06:59:02.451+0000] {logging_mixin.py:188} WARNING - /opt/***/dags/stocks/scripts/api.py:9 FutureWarning: YF.download() has changed argument auto_adjust default to True
[2026-02-18T06:59:02.460+0000] {logging_mixin.py:188} WARNING - /home/***/.local/lib/python3.12/site-packages/yfinance/scrapers/history.py:204 Pandas4Warning: Timestamp.utcnow is deprecated and will be removed in a future version. Use Timestamp.now('UTC') instead.
[2026-02-18T06:59:01.457+0000] {logging_mixin.py:188} WARNING - [*********************100%***********************]  1 of 1 completed
[2026-02-18T06:59:01.465+0000] {manager.py:10} INFO - None
[2026-02-18T06:59:01.466+0000] {taskinstance.py:441} INFO - ::group::Post task execution logs
[2026-02-18T06:59:01.466+0000] {taskinstance.py:2905} ERROR - Task failed with exception
Traceback (most recent call last):
  File "/home/airflow/.local/lib/python3.12/site-packages/airflow/models/taskinstance.py", line 465, in _execute_task
    result = _execute_callable(context=context, **execute_callable_kwargs)
             ^^^^^^^^^^^^^^^^^^^^^^^^^^^^^^^^^^^^^^^^^^^^^^^^^^^^^^^^^^^^^
  File "/home/airflow/.local/lib/python3.12/site-packages/airflow/models/taskinstance.py", line 432, in _execute_callable
    return execute_callable(context=context, **execute_callable_kwargs)
           ^^^^^^^^^^^^^^^^^^^^^^^^^^^^^^^^^^^^^^^^^^^^^^^^^^^^^^^^^^^^
  File "/home/airflow/.local/lib/python3.12/site-packages/airflow/models/baseoperator.py", line 401, in wrapper
    return func(self, *args, **kwargs)
           ^^^^^^^^^^^^^^^^^^^^^^^^^^^
  File "/home/airflow/.local/lib/python3.12/site-packages/airflow/operators/python.py", line 235, in execute
    return_value = self.execute_callable()
                   ^^^^^^^^^^^^^^^^^^^^^^^
  File "/home/airflow/.local/lib/python3.12/site-packages/airflow/operators/python.py", line 252, in execute_callable
    return self.python_callable(*self.op_args, **self.op_kwargs)
           ^^^^^^^^^^^^^^^^^^^^^^^^^^^^^^^^^^^^^^^^^^^^^^^^^^^^^
  File "/opt/airflow/dags/stocks/scripts/manager.py", line 11, in fetch_data
    return data.to_json(f"{stock}_{data_interval_start.strftime('%Y-%m-%d')}.json")
           ^^^^^^^^^^^^
AttributeError: 'NoneType' object has no attribute 'to_json'
[2026-02-18T06:59:01.476+0000] {taskinstance.py:1206} INFO - Marking task as FAILED. dag_id=dag_moex, task_id=task_GOOG, run_id=scheduled__2026-01-03T00:00:00+00:00, execution_date=20260103T000000, start_date=20260218T065902, end_date=20260218T065901
[2026-02-18T06:59:01.485+0000] {standard_task_runner.py:110} ERROR - Failed to execute job 270 for task task_GOOG ('NoneType' object has no attribute 'to_json'; 502)
[2026-02-18T06:59:01.506+0000] {local_task_job_runner.py:243} INFO - Task exited with return code 1
[2026-02-18T06:59:01.519+0000] {taskinstance.py:3503} INFO - 0 downstream tasks scheduled from follow-on schedule check
[2026-02-18T06:59:01.521+0000] {local_task_job_runner.py:222} INFO - ::endgroup::
[2026-02-18T07:12:44.488+0000] {local_task_job_runner.py:120} INFO - ::group::Pre task execution logs
[2026-02-18T07:12:44.548+0000] {taskinstance.py:2076} INFO - Dependencies all met for dep_context=non-requeueable deps ti=<TaskInstance: dag_moex.task_GOOG scheduled__2026-01-03T00:00:00+00:00 [queued]>
[2026-02-18T07:12:44.567+0000] {taskinstance.py:2076} INFO - Dependencies all met for dep_context=requeueable deps ti=<TaskInstance: dag_moex.task_GOOG scheduled__2026-01-03T00:00:00+00:00 [queued]>
[2026-02-18T07:12:44.571+0000] {taskinstance.py:2306} INFO - Starting attempt 1 of 1
[2026-02-18T07:12:44.599+0000] {taskinstance.py:2330} INFO - Executing <Task(PythonOperator): task_GOOG> on 2026-01-03 00:00:00+00:00
[2026-02-18T07:12:44.614+0000] {logging_mixin.py:188} WARNING - /home/***/.local/lib/python3.12/site-packages/***/task/task_runner/standard_task_runner.py:62 DeprecationWarning: This process (pid=1284) is multi-threaded, use of fork() may lead to deadlocks in the child.
[2026-02-18T07:12:44.623+0000] {standard_task_runner.py:64} INFO - Started process 1309 to run task
[2026-02-18T07:12:44.625+0000] {standard_task_runner.py:90} INFO - Running: ['***', 'tasks', 'run', 'dag_moex', 'task_GOOG', 'scheduled__2026-01-03T00:00:00+00:00', '--job-id', '382', '--raw', '--subdir', 'DAGS_FOLDER/stocks/dag1.py', '--cfg-path', '/tmp/tmpsijpqxn8']
[2026-02-18T07:12:44.647+0000] {standard_task_runner.py:91} INFO - Job 382: Subtask task_GOOG
[2026-02-18T07:12:44.753+0000] {task_command.py:426} INFO - Running <TaskInstance: dag_moex.task_GOOG scheduled__2026-01-03T00:00:00+00:00 [running]> on host cc036e7caf02
[2026-02-18T07:12:44.873+0000] {taskinstance.py:2648} INFO - Exporting env vars: AIRFLOW_CTX_DAG_OWNER='***' AIRFLOW_CTX_DAG_ID='dag_moex' AIRFLOW_CTX_TASK_ID='task_GOOG' AIRFLOW_CTX_EXECUTION_DATE='2026-01-03T00:00:00+00:00' AIRFLOW_CTX_TRY_NUMBER='1' AIRFLOW_CTX_DAG_RUN_ID='scheduled__2026-01-03T00:00:00+00:00'
[2026-02-18T07:12:44.875+0000] {taskinstance.py:430} INFO - ::endgroup::
[2026-02-18T07:12:44.891+0000] {manager.py:8} INFO - log
[2026-02-18T07:12:44.895+0000] {logging_mixin.py:188} WARNING - /opt/***/dags/stocks/scripts/api.py:9 FutureWarning: YF.download() has changed argument auto_adjust default to True
[2026-02-18T07:12:44.909+0000] {logging_mixin.py:188} WARNING - /home/***/.local/lib/python3.12/site-packages/yfinance/scrapers/history.py:204 Pandas4Warning: Timestamp.utcnow is deprecated and will be removed in a future version. Use Timestamp.now('UTC') instead.
[2026-02-18T07:12:45.618+0000] {logging_mixin.py:188} WARNING - [*********************100%***********************]  1 of 1 completed
[2026-02-18T07:12:45.628+0000] {manager.py:10} INFO - Empty DataFrame
Columns: [(Close, GOOG), (High, GOOG), (Low, GOOG), (Open, GOOG), (Volume, GOOG)]
Index: []
[2026-02-18T07:12:45.635+0000] {python.py:237} INFO - Done. Returned value was: None
[2026-02-18T07:12:45.635+0000] {taskinstance.py:441} INFO - ::group::Post task execution logs
[2026-02-18T07:12:45.646+0000] {taskinstance.py:1206} INFO - Marking task as SUCCESS. dag_id=dag_moex, task_id=task_GOOG, run_id=scheduled__2026-01-03T00:00:00+00:00, execution_date=20260103T000000, start_date=20260218T071244, end_date=20260218T071245
[2026-02-18T07:12:45.711+0000] {local_task_job_runner.py:243} INFO - Task exited with return code 0
[2026-02-18T07:12:45.721+0000] {local_task_job_runner.py:222} INFO - ::endgroup::
[2026-02-19T14:09:22.870+0000] {local_task_job_runner.py:120} INFO - ::group::Pre task execution logs
[2026-02-19T14:09:22.919+0000] {taskinstance.py:2076} INFO - Dependencies all met for dep_context=non-requeueable deps ti=<TaskInstance: dag_moex.task_GOOG scheduled__2026-01-03T00:00:00+00:00 [queued]>
[2026-02-19T14:09:22.929+0000] {taskinstance.py:2076} INFO - Dependencies all met for dep_context=requeueable deps ti=<TaskInstance: dag_moex.task_GOOG scheduled__2026-01-03T00:00:00+00:00 [queued]>
[2026-02-19T14:09:22.929+0000] {taskinstance.py:2306} INFO - Starting attempt 1 of 1
[2026-02-19T14:09:22.945+0000] {taskinstance.py:2330} INFO - Executing <Task(PythonOperator): task_GOOG> on 2026-01-03 00:00:00+00:00
[2026-02-19T14:09:22.960+0000] {logging_mixin.py:188} WARNING - /home/***/.local/lib/python3.12/site-packages/***/task/task_runner/standard_task_runner.py:62 DeprecationWarning: This process (pid=29835) is multi-threaded, use of fork() may lead to deadlocks in the child.
[2026-02-19T14:09:22.962+0000] {standard_task_runner.py:64} INFO - Started process 29862 to run task
[2026-02-19T14:09:22.969+0000] {standard_task_runner.py:90} INFO - Running: ['***', 'tasks', 'run', 'dag_moex', 'task_GOOG', 'scheduled__2026-01-03T00:00:00+00:00', '--job-id', '946', '--raw', '--subdir', 'DAGS_FOLDER/stocks/dag1.py', '--cfg-path', '/tmp/tmptjm16avy']
[2026-02-19T14:09:22.973+0000] {standard_task_runner.py:91} INFO - Job 946: Subtask task_GOOG
[2026-02-19T14:09:23.081+0000] {task_command.py:426} INFO - Running <TaskInstance: dag_moex.task_GOOG scheduled__2026-01-03T00:00:00+00:00 [running]> on host cc036e7caf02
[2026-02-19T14:09:23.239+0000] {taskinstance.py:2648} INFO - Exporting env vars: AIRFLOW_CTX_DAG_OWNER='***' AIRFLOW_CTX_DAG_ID='dag_moex' AIRFLOW_CTX_TASK_ID='task_GOOG' AIRFLOW_CTX_EXECUTION_DATE='2026-01-03T00:00:00+00:00' AIRFLOW_CTX_TRY_NUMBER='1' AIRFLOW_CTX_DAG_RUN_ID='scheduled__2026-01-03T00:00:00+00:00'
[2026-02-19T14:09:23.242+0000] {taskinstance.py:430} INFO - ::endgroup::
[2026-02-19T14:09:23.270+0000] {logging_mixin.py:188} WARNING - /opt/***/dags/stocks/scripts/api.py:9 FutureWarning: YF.download() has changed argument auto_adjust default to True
[2026-02-19T14:09:23.286+0000] {logging_mixin.py:188} WARNING - /home/***/.local/lib/python3.12/site-packages/yfinance/scrapers/history.py:204 Pandas4Warning: Timestamp.utcnow is deprecated and will be removed in a future version. Use Timestamp.now('UTC') instead.
[2026-02-19T14:09:24.109+0000] {logging_mixin.py:188} WARNING - [*********************100%***********************]  1 of 1 completed
[2026-02-19T14:09:24.125+0000] {api.py:10} INFO - Выгрузилось
    __________________________
    Price            Close        High         Low        Open    Volume
Ticker            GOOG        GOOG        GOOG        GOOG      GOOG
Date                                                                
2026-01-02  315.320007  322.914001  310.649994  317.589996  22043700
    __________________________
    
[2026-02-19T14:09:24.126+0000] {api.py:16} INFO - start=2026-01-02, end=2026-01-04
[2026-02-19T14:09:24.128+0000] {api.py:17} INFO - После удаления
    __________________________
    Empty DataFrame
Columns: [(Close, GOOG), (High, GOOG), (Low, GOOG), (Open, GOOG), (Volume, GOOG)]
Index: []
    __________________________
    
[2026-02-19T14:09:24.136+0000] {base.py:84} INFO - Using connection ID 'pg_1' for task execution.
[2026-02-19T14:09:24.137+0000] {sql.py:254} WARNING - This setter is for backward compatibility and should not be used.
Since the introduction of connection property, the providers listed below breaks due to assigning value to self.connection in their __init__ method.
* apache-***-providers-mysql<5.7.1
* apache-***-providers-elasticsearch<5.5.1
* apache-***-providers-postgres<5.13.0
[2026-02-19T14:09:24.140+0000] {sql.py:908} INFO - Done loading. Loaded a total of 0 rows into stocks
[2026-02-19T14:09:24.144+0000] {python.py:237} INFO - Done. Returned value was: None
[2026-02-19T14:09:24.145+0000] {taskinstance.py:441} INFO - ::group::Post task execution logs
[2026-02-19T14:09:24.151+0000] {taskinstance.py:1206} INFO - Marking task as SUCCESS. dag_id=dag_moex, task_id=task_GOOG, run_id=scheduled__2026-01-03T00:00:00+00:00, execution_date=20260103T000000, start_date=20260219T140922, end_date=20260219T140924
[2026-02-19T14:09:24.181+0000] {local_task_job_runner.py:243} INFO - Task exited with return code 0
[2026-02-19T14:09:24.202+0000] {taskinstance.py:3503} INFO - 0 downstream tasks scheduled from follow-on schedule check
[2026-02-19T14:09:24.204+0000] {local_task_job_runner.py:222} INFO - ::endgroup::
[2026-02-19T14:10:24.866+0000] {local_task_job_runner.py:120} INFO - ::group::Pre task execution logs
[2026-02-19T14:10:24.936+0000] {taskinstance.py:2076} INFO - Dependencies all met for dep_context=non-requeueable deps ti=<TaskInstance: dag_moex.task_GOOG scheduled__2026-01-03T00:00:00+00:00 [queued]>
[2026-02-19T14:10:24.956+0000] {taskinstance.py:2076} INFO - Dependencies all met for dep_context=requeueable deps ti=<TaskInstance: dag_moex.task_GOOG scheduled__2026-01-03T00:00:00+00:00 [queued]>
[2026-02-19T14:10:24.957+0000] {taskinstance.py:2306} INFO - Starting attempt 1 of 1
[2026-02-19T14:10:24.985+0000] {taskinstance.py:2330} INFO - Executing <Task(PythonOperator): task_GOOG> on 2026-01-03 00:00:00+00:00
[2026-02-19T14:10:25.010+0000] {logging_mixin.py:188} WARNING - /home/***/.local/lib/python3.12/site-packages/***/task/task_runner/standard_task_runner.py:62 DeprecationWarning: This process (pid=30009) is multi-threaded, use of fork() may lead to deadlocks in the child.
[2026-02-19T14:10:25.011+0000] {standard_task_runner.py:64} INFO - Started process 30036 to run task
[2026-02-19T14:10:25.011+0000] {standard_task_runner.py:90} INFO - Running: ['***', 'tasks', 'run', 'dag_moex', 'task_GOOG', 'scheduled__2026-01-03T00:00:00+00:00', '--job-id', '987', '--raw', '--subdir', 'DAGS_FOLDER/stocks/dag1.py', '--cfg-path', '/tmp/tmpx20zmeat']
[2026-02-19T14:10:25.016+0000] {standard_task_runner.py:91} INFO - Job 987: Subtask task_GOOG
[2026-02-19T14:10:25.123+0000] {task_command.py:426} INFO - Running <TaskInstance: dag_moex.task_GOOG scheduled__2026-01-03T00:00:00+00:00 [running]> on host cc036e7caf02
[2026-02-19T14:10:25.238+0000] {taskinstance.py:2648} INFO - Exporting env vars: AIRFLOW_CTX_DAG_OWNER='***' AIRFLOW_CTX_DAG_ID='dag_moex' AIRFLOW_CTX_TASK_ID='task_GOOG' AIRFLOW_CTX_EXECUTION_DATE='2026-01-03T00:00:00+00:00' AIRFLOW_CTX_TRY_NUMBER='1' AIRFLOW_CTX_DAG_RUN_ID='scheduled__2026-01-03T00:00:00+00:00'
[2026-02-19T14:10:25.242+0000] {taskinstance.py:430} INFO - ::endgroup::
[2026-02-19T14:10:25.263+0000] {logging_mixin.py:188} WARNING - /opt/***/dags/stocks/scripts/api.py:9 FutureWarning: YF.download() has changed argument auto_adjust default to True
[2026-02-19T14:10:25.274+0000] {logging_mixin.py:188} WARNING - /home/***/.local/lib/python3.12/site-packages/yfinance/scrapers/history.py:204 Pandas4Warning: Timestamp.utcnow is deprecated and will be removed in a future version. Use Timestamp.now('UTC') instead.
[2026-02-19T14:10:25.958+0000] {logging_mixin.py:188} WARNING - [*********************100%***********************]  1 of 1 completed
[2026-02-19T14:10:25.975+0000] {api.py:10} INFO - Выгрузилось
    __________________________
    Price            Close        High         Low        Open    Volume
Ticker            GOOG        GOOG        GOOG        GOOG      GOOG
Date                                                                
2026-01-02  315.320007  322.914001  310.649994  317.589996  22043700
    __________________________
    
[2026-02-19T14:10:25.977+0000] {api.py:16} INFO - start=2026-01-02, end=2026-01-04
[2026-02-19T14:10:25.979+0000] {api.py:17} INFO - После удаления
    __________________________
    Empty DataFrame
Columns: [(Close, GOOG), (High, GOOG), (Low, GOOG), (Open, GOOG), (Volume, GOOG)]
Index: []
    __________________________
    
[2026-02-19T14:10:25.991+0000] {base.py:84} INFO - Using connection ID 'pg_1' for task execution.
[2026-02-19T14:10:25.992+0000] {sql.py:254} WARNING - This setter is for backward compatibility and should not be used.
Since the introduction of connection property, the providers listed below breaks due to assigning value to self.connection in their __init__ method.
* apache-***-providers-mysql<5.7.1
* apache-***-providers-elasticsearch<5.5.1
* apache-***-providers-postgres<5.13.0
[2026-02-19T14:10:25.995+0000] {sql.py:908} INFO - Done loading. Loaded a total of 0 rows into stocks
[2026-02-19T14:10:26.000+0000] {python.py:237} INFO - Done. Returned value was: None
[2026-02-19T14:10:26.001+0000] {taskinstance.py:441} INFO - ::group::Post task execution logs
[2026-02-19T14:10:26.009+0000] {taskinstance.py:1206} INFO - Marking task as SUCCESS. dag_id=dag_moex, task_id=task_GOOG, run_id=scheduled__2026-01-03T00:00:00+00:00, execution_date=20260103T000000, start_date=20260219T141024, end_date=20260219T141026
[2026-02-19T14:10:26.073+0000] {local_task_job_runner.py:243} INFO - Task exited with return code 0
[2026-02-19T14:10:26.100+0000] {taskinstance.py:3503} INFO - 0 downstream tasks scheduled from follow-on schedule check
[2026-02-19T14:10:26.102+0000] {local_task_job_runner.py:222} INFO - ::endgroup::
[2026-02-19T14:13:31.023+0000] {local_task_job_runner.py:120} INFO - ::group::Pre task execution logs
[2026-02-19T14:13:31.083+0000] {taskinstance.py:2076} INFO - Dependencies all met for dep_context=non-requeueable deps ti=<TaskInstance: dag_moex.task_GOOG scheduled__2026-01-03T00:00:00+00:00 [queued]>
[2026-02-19T14:13:31.099+0000] {taskinstance.py:2076} INFO - Dependencies all met for dep_context=requeueable deps ti=<TaskInstance: dag_moex.task_GOOG scheduled__2026-01-03T00:00:00+00:00 [queued]>
[2026-02-19T14:13:31.102+0000] {taskinstance.py:2306} INFO - Starting attempt 1 of 1
[2026-02-19T14:13:31.139+0000] {taskinstance.py:2330} INFO - Executing <Task(PythonOperator): task_GOOG> on 2026-01-03 00:00:00+00:00
[2026-02-19T14:13:31.159+0000] {logging_mixin.py:188} WARNING - /home/***/.local/lib/python3.12/site-packages/***/task/task_runner/standard_task_runner.py:62 DeprecationWarning: This process (pid=30225) is multi-threaded, use of fork() may lead to deadlocks in the child.
[2026-02-19T14:13:31.163+0000] {standard_task_runner.py:64} INFO - Started process 30251 to run task
[2026-02-19T14:13:31.162+0000] {standard_task_runner.py:90} INFO - Running: ['***', 'tasks', 'run', 'dag_moex', 'task_GOOG', 'scheduled__2026-01-03T00:00:00+00:00', '--job-id', '1022', '--raw', '--subdir', 'DAGS_FOLDER/stocks/dag1.py', '--cfg-path', '/tmp/tmpg8ttis95']
[2026-02-19T14:13:31.165+0000] {standard_task_runner.py:91} INFO - Job 1022: Subtask task_GOOG
[2026-02-19T14:13:31.273+0000] {task_command.py:426} INFO - Running <TaskInstance: dag_moex.task_GOOG scheduled__2026-01-03T00:00:00+00:00 [running]> on host cc036e7caf02
[2026-02-19T14:13:31.412+0000] {taskinstance.py:2648} INFO - Exporting env vars: AIRFLOW_CTX_DAG_OWNER='***' AIRFLOW_CTX_DAG_ID='dag_moex' AIRFLOW_CTX_TASK_ID='task_GOOG' AIRFLOW_CTX_EXECUTION_DATE='2026-01-03T00:00:00+00:00' AIRFLOW_CTX_TRY_NUMBER='1' AIRFLOW_CTX_DAG_RUN_ID='scheduled__2026-01-03T00:00:00+00:00'
[2026-02-19T14:13:31.416+0000] {taskinstance.py:430} INFO - ::endgroup::
[2026-02-19T14:13:31.442+0000] {logging_mixin.py:188} WARNING - /opt/***/dags/stocks/scripts/api.py:9 FutureWarning: YF.download() has changed argument auto_adjust default to True
[2026-02-19T14:13:31.457+0000] {logging_mixin.py:188} WARNING - /home/***/.local/lib/python3.12/site-packages/yfinance/scrapers/history.py:204 Pandas4Warning: Timestamp.utcnow is deprecated and will be removed in a future version. Use Timestamp.now('UTC') instead.
[2026-02-19T14:13:32.125+0000] {logging_mixin.py:188} WARNING - [*********************100%***********************]  1 of 1 completed
[2026-02-19T14:13:32.141+0000] {api.py:10} INFO - Выгрузилось
    __________________________
    Price            Close        High         Low        Open    Volume
Ticker            GOOG        GOOG        GOOG        GOOG      GOOG
Date                                                                
2026-01-02  315.320007  322.914001  310.649994  317.589996  22043700
    __________________________
    
[2026-02-19T14:13:32.143+0000] {api.py:16} INFO - start=2026-01-02, end=2026-01-04
[2026-02-19T14:13:32.145+0000] {api.py:17} INFO - После удаления
    __________________________
    Empty DataFrame
Columns: [(Close, GOOG), (High, GOOG), (Low, GOOG), (Open, GOOG), (Volume, GOOG)]
Index: []
    __________________________
    
[2026-02-19T14:13:32.157+0000] {base.py:84} INFO - Using connection ID 'pg_1' for task execution.
[2026-02-19T14:13:32.158+0000] {sql.py:254} WARNING - This setter is for backward compatibility and should not be used.
Since the introduction of connection property, the providers listed below breaks due to assigning value to self.connection in their __init__ method.
* apache-***-providers-mysql<5.7.1
* apache-***-providers-elasticsearch<5.5.1
* apache-***-providers-postgres<5.13.0
[2026-02-19T14:13:32.162+0000] {sql.py:908} INFO - Done loading. Loaded a total of 0 rows into stocks
[2026-02-19T14:13:32.167+0000] {python.py:237} INFO - Done. Returned value was: None
[2026-02-19T14:13:32.167+0000] {taskinstance.py:441} INFO - ::group::Post task execution logs
[2026-02-19T14:13:32.175+0000] {taskinstance.py:1206} INFO - Marking task as SUCCESS. dag_id=dag_moex, task_id=task_GOOG, run_id=scheduled__2026-01-03T00:00:00+00:00, execution_date=20260103T000000, start_date=20260219T141331, end_date=20260219T141332
[2026-02-19T14:13:32.233+0000] {local_task_job_runner.py:243} INFO - Task exited with return code 0
[2026-02-19T14:13:32.259+0000] {taskinstance.py:3503} INFO - 0 downstream tasks scheduled from follow-on schedule check
[2026-02-19T14:13:32.261+0000] {local_task_job_runner.py:222} INFO - ::endgroup::
[2026-02-19T14:18:09.185+0000] {local_task_job_runner.py:120} INFO - ::group::Pre task execution logs
[2026-02-19T14:18:09.244+0000] {taskinstance.py:2076} INFO - Dependencies all met for dep_context=non-requeueable deps ti=<TaskInstance: dag_moex.task_GOOG scheduled__2026-01-03T00:00:00+00:00 [queued]>
[2026-02-19T14:18:09.274+0000] {taskinstance.py:2076} INFO - Dependencies all met for dep_context=requeueable deps ti=<TaskInstance: dag_moex.task_GOOG scheduled__2026-01-03T00:00:00+00:00 [queued]>
[2026-02-19T14:18:09.275+0000] {taskinstance.py:2306} INFO - Starting attempt 1 of 1
[2026-02-19T14:18:09.313+0000] {taskinstance.py:2330} INFO - Executing <Task(PythonOperator): task_GOOG> on 2026-01-03 00:00:00+00:00
[2026-02-19T14:18:09.330+0000] {logging_mixin.py:188} WARNING - /home/***/.local/lib/python3.12/site-packages/***/task/task_runner/standard_task_runner.py:62 DeprecationWarning: This process (pid=30483) is multi-threaded, use of fork() may lead to deadlocks in the child.
[2026-02-19T14:18:09.338+0000] {standard_task_runner.py:64} INFO - Started process 30505 to run task
[2026-02-19T14:18:09.330+0000] {standard_task_runner.py:90} INFO - Running: ['***', 'tasks', 'run', 'dag_moex', 'task_GOOG', 'scheduled__2026-01-03T00:00:00+00:00', '--job-id', '1056', '--raw', '--subdir', 'DAGS_FOLDER/stocks/dag1.py', '--cfg-path', '/tmp/tmpb7ijnx90']
[2026-02-19T14:18:09.340+0000] {standard_task_runner.py:91} INFO - Job 1056: Subtask task_GOOG
[2026-02-19T14:18:09.463+0000] {task_command.py:426} INFO - Running <TaskInstance: dag_moex.task_GOOG scheduled__2026-01-03T00:00:00+00:00 [running]> on host cc036e7caf02
[2026-02-19T14:18:09.658+0000] {taskinstance.py:2648} INFO - Exporting env vars: AIRFLOW_CTX_DAG_OWNER='***' AIRFLOW_CTX_DAG_ID='dag_moex' AIRFLOW_CTX_TASK_ID='task_GOOG' AIRFLOW_CTX_EXECUTION_DATE='2026-01-03T00:00:00+00:00' AIRFLOW_CTX_TRY_NUMBER='1' AIRFLOW_CTX_DAG_RUN_ID='scheduled__2026-01-03T00:00:00+00:00'
[2026-02-19T14:18:09.662+0000] {taskinstance.py:430} INFO - ::endgroup::
[2026-02-19T14:18:09.695+0000] {logging_mixin.py:188} WARNING - /opt/***/dags/stocks/scripts/api.py:9 FutureWarning: YF.download() has changed argument auto_adjust default to True
[2026-02-19T14:18:09.712+0000] {logging_mixin.py:188} WARNING - /home/***/.local/lib/python3.12/site-packages/yfinance/scrapers/history.py:204 Pandas4Warning: Timestamp.utcnow is deprecated and will be removed in a future version. Use Timestamp.now('UTC') instead.
[2026-02-19T14:18:10.468+0000] {logging_mixin.py:188} WARNING - [*********************100%***********************]  1 of 1 completed
[2026-02-19T14:18:10.490+0000] {api.py:10} INFO - Выгрузилось
    __________________________
    Price            Close        High         Low        Open    Volume
Ticker            GOOG        GOOG        GOOG        GOOG      GOOG
Date                                                                
2026-01-02  315.320007  322.914001  310.649994  317.589996  22043700
    __________________________
    
[2026-02-19T14:18:10.492+0000] {api.py:16} INFO - start=2026-01-02, end=2026-01-04
[2026-02-19T14:18:10.494+0000] {api.py:17} INFO - После удаления
    __________________________
    Empty DataFrame
Columns: [(Close, GOOG), (High, GOOG), (Low, GOOG), (Open, GOOG), (Volume, GOOG)]
Index: []
    __________________________
    
[2026-02-19T14:18:10.510+0000] {base.py:84} INFO - Using connection ID 'pg_1' for task execution.
[2026-02-19T14:18:10.511+0000] {sql.py:254} WARNING - This setter is for backward compatibility and should not be used.
Since the introduction of connection property, the providers listed below breaks due to assigning value to self.connection in their __init__ method.
* apache-***-providers-mysql<5.7.1
* apache-***-providers-elasticsearch<5.5.1
* apache-***-providers-postgres<5.13.0
[2026-02-19T14:18:10.516+0000] {sql.py:908} INFO - Done loading. Loaded a total of 0 rows into stocks
[2026-02-19T14:18:10.529+0000] {python.py:237} INFO - Done. Returned value was: None
[2026-02-19T14:18:10.530+0000] {taskinstance.py:441} INFO - ::group::Post task execution logs
[2026-02-19T14:18:10.544+0000] {taskinstance.py:1206} INFO - Marking task as SUCCESS. dag_id=dag_moex, task_id=task_GOOG, run_id=scheduled__2026-01-03T00:00:00+00:00, execution_date=20260103T000000, start_date=20260219T141809, end_date=20260219T141810
[2026-02-19T14:18:10.607+0000] {local_task_job_runner.py:243} INFO - Task exited with return code 0
[2026-02-19T14:18:10.638+0000] {taskinstance.py:3503} INFO - 0 downstream tasks scheduled from follow-on schedule check
[2026-02-19T14:18:10.640+0000] {local_task_job_runner.py:222} INFO - ::endgroup::
[2026-02-19T14:50:17.036+0000] {local_task_job_runner.py:120} INFO - ::group::Pre task execution logs
[2026-02-19T14:50:17.089+0000] {taskinstance.py:2076} INFO - Dependencies all met for dep_context=non-requeueable deps ti=<TaskInstance: dag_moex.task_GOOG scheduled__2026-01-03T00:00:00+00:00 [queued]>
[2026-02-19T14:50:17.106+0000] {taskinstance.py:2076} INFO - Dependencies all met for dep_context=requeueable deps ti=<TaskInstance: dag_moex.task_GOOG scheduled__2026-01-03T00:00:00+00:00 [queued]>
[2026-02-19T14:50:17.107+0000] {taskinstance.py:2306} INFO - Starting attempt 1 of 1
[2026-02-19T14:50:17.128+0000] {taskinstance.py:2330} INFO - Executing <Task(PythonOperator): task_GOOG> on 2026-01-03 00:00:00+00:00
[2026-02-19T14:50:17.142+0000] {standard_task_runner.py:90} INFO - Running: ['***', 'tasks', 'run', 'dag_moex', 'task_GOOG', 'scheduled__2026-01-03T00:00:00+00:00', '--job-id', '1347', '--raw', '--subdir', 'DAGS_FOLDER/stocks/dag1.py', '--cfg-path', '/tmp/tmphoez3xvt']
[2026-02-19T14:50:17.154+0000] {standard_task_runner.py:91} INFO - Job 1347: Subtask task_GOOG
[2026-02-19T14:50:17.143+0000] {logging_mixin.py:188} WARNING - /home/***/.local/lib/python3.12/site-packages/***/task/task_runner/standard_task_runner.py:62 DeprecationWarning: This process (pid=32385) is multi-threaded, use of fork() may lead to deadlocks in the child.
[2026-02-19T14:50:17.161+0000] {standard_task_runner.py:64} INFO - Started process 32415 to run task
[2026-02-19T14:50:17.244+0000] {task_command.py:426} INFO - Running <TaskInstance: dag_moex.task_GOOG scheduled__2026-01-03T00:00:00+00:00 [running]> on host cc036e7caf02
[2026-02-19T14:50:17.378+0000] {taskinstance.py:2648} INFO - Exporting env vars: AIRFLOW_CTX_DAG_OWNER='***' AIRFLOW_CTX_DAG_ID='dag_moex' AIRFLOW_CTX_TASK_ID='task_GOOG' AIRFLOW_CTX_EXECUTION_DATE='2026-01-03T00:00:00+00:00' AIRFLOW_CTX_TRY_NUMBER='1' AIRFLOW_CTX_DAG_RUN_ID='scheduled__2026-01-03T00:00:00+00:00'
[2026-02-19T14:50:17.380+0000] {taskinstance.py:430} INFO - ::endgroup::
[2026-02-19T14:50:17.398+0000] {logging_mixin.py:188} WARNING - /opt/***/dags/stocks/scripts/api.py:9 FutureWarning: YF.download() has changed argument auto_adjust default to True
[2026-02-19T14:50:17.409+0000] {logging_mixin.py:188} WARNING - /home/***/.local/lib/python3.12/site-packages/yfinance/scrapers/history.py:204 Pandas4Warning: Timestamp.utcnow is deprecated and will be removed in a future version. Use Timestamp.now('UTC') instead.
[2026-02-19T14:50:18.285+0000] {logging_mixin.py:188} WARNING - [*********************100%***********************]  1 of 1 completed
[2026-02-19T14:50:18.311+0000] {base.py:84} INFO - Using connection ID 'pg_1' for task execution.
[2026-02-19T14:50:18.312+0000] {sql.py:254} WARNING - This setter is for backward compatibility and should not be used.
Since the introduction of connection property, the providers listed below breaks due to assigning value to self.connection in their __init__ method.
* apache-***-providers-mysql<5.7.1
* apache-***-providers-elasticsearch<5.5.1
* apache-***-providers-postgres<5.13.0
[2026-02-19T14:50:18.322+0000] {sql.py:896} INFO - Loaded 1 rows into stocks so far
[2026-02-19T14:50:18.323+0000] {sql.py:908} INFO - Done loading. Loaded a total of 1 rows into stocks
[2026-02-19T14:50:18.330+0000] {python.py:237} INFO - Done. Returned value was: None
[2026-02-19T14:50:18.330+0000] {taskinstance.py:441} INFO - ::group::Post task execution logs
[2026-02-19T14:50:18.340+0000] {taskinstance.py:1206} INFO - Marking task as SUCCESS. dag_id=dag_moex, task_id=task_GOOG, run_id=scheduled__2026-01-03T00:00:00+00:00, execution_date=20260103T000000, start_date=20260219T145017, end_date=20260219T145018
[2026-02-19T14:50:18.394+0000] {local_task_job_runner.py:243} INFO - Task exited with return code 0
[2026-02-19T14:50:18.406+0000] {local_task_job_runner.py:222} INFO - ::endgroup::
