[2026-02-18T07:12:57.037+0000] {local_task_job_runner.py:120} INFO - ::group::Pre task execution logs
[2026-02-18T07:12:57.065+0000] {taskinstance.py:2076} INFO - Dependencies all met for dep_context=non-requeueable deps ti=<TaskInstance: dag_moex.task_AAPL scheduled__2026-01-17T00:00:00+00:00 [queued]>
[2026-02-18T07:12:57.073+0000] {taskinstance.py:2076} INFO - Dependencies all met for dep_context=requeueable deps ti=<TaskInstance: dag_moex.task_AAPL scheduled__2026-01-17T00:00:00+00:00 [queued]>
[2026-02-18T07:12:57.074+0000] {taskinstance.py:2306} INFO - Starting attempt 1 of 1
[2026-02-18T07:12:57.088+0000] {taskinstance.py:2330} INFO - Executing <Task(PythonOperator): task_AAPL> on 2026-01-17 00:00:00+00:00
[2026-02-18T07:12:57.096+0000] {logging_mixin.py:188} WARNING - /home/***/.local/lib/python3.12/site-packages/***/task/task_runner/standard_task_runner.py:62 DeprecationWarning: This process (pid=1438) is multi-threaded, use of fork() may lead to deadlocks in the child.
[2026-02-18T07:12:57.097+0000] {standard_task_runner.py:64} INFO - Started process 1468 to run task
[2026-02-18T07:12:57.096+0000] {standard_task_runner.py:90} INFO - Running: ['***', 'tasks', 'run', 'dag_moex', 'task_AAPL', 'scheduled__2026-01-17T00:00:00+00:00', '--job-id', '424', '--raw', '--subdir', 'DAGS_FOLDER/stocks/dag1.py', '--cfg-path', '/tmp/tmpa4c8ejdx']
[2026-02-18T07:12:57.098+0000] {standard_task_runner.py:91} INFO - Job 424: Subtask task_AAPL
[2026-02-18T07:12:57.139+0000] {task_command.py:426} INFO - Running <TaskInstance: dag_moex.task_AAPL scheduled__2026-01-17T00:00:00+00:00 [running]> on host cc036e7caf02
[2026-02-18T07:12:57.212+0000] {taskinstance.py:2648} INFO - Exporting env vars: AIRFLOW_CTX_DAG_OWNER='***' AIRFLOW_CTX_DAG_ID='dag_moex' AIRFLOW_CTX_TASK_ID='task_AAPL' AIRFLOW_CTX_EXECUTION_DATE='2026-01-17T00:00:00+00:00' AIRFLOW_CTX_TRY_NUMBER='1' AIRFLOW_CTX_DAG_RUN_ID='scheduled__2026-01-17T00:00:00+00:00'
[2026-02-18T07:12:57.213+0000] {taskinstance.py:430} INFO - ::endgroup::
[2026-02-18T07:12:57.225+0000] {manager.py:8} INFO - log
[2026-02-18T07:12:57.228+0000] {logging_mixin.py:188} WARNING - /opt/***/dags/stocks/scripts/api.py:9 FutureWarning: YF.download() has changed argument auto_adjust default to True
[2026-02-18T07:12:57.235+0000] {logging_mixin.py:188} WARNING - /home/***/.local/lib/python3.12/site-packages/yfinance/scrapers/history.py:204 Pandas4Warning: Timestamp.utcnow is deprecated and will be removed in a future version. Use Timestamp.now('UTC') instead.
[2026-02-18T07:12:58.036+0000] {logging_mixin.py:188} WARNING - [*********************100%***********************]  1 of 1 completed
[2026-02-18T07:12:58.042+0000] {manager.py:10} INFO - Empty DataFrame
Columns: [(Close, AAPL), (High, AAPL), (Low, AAPL), (Open, AAPL), (Volume, AAPL)]
Index: []
[2026-02-18T07:12:58.048+0000] {python.py:237} INFO - Done. Returned value was: None
[2026-02-18T07:12:58.048+0000] {taskinstance.py:441} INFO - ::group::Post task execution logs
[2026-02-18T07:12:58.054+0000] {taskinstance.py:1206} INFO - Marking task as SUCCESS. dag_id=dag_moex, task_id=task_AAPL, run_id=scheduled__2026-01-17T00:00:00+00:00, execution_date=20260117T000000, start_date=20260218T071257, end_date=20260218T071258
[2026-02-18T07:12:58.079+0000] {local_task_job_runner.py:243} INFO - Task exited with return code 0
[2026-02-18T07:12:58.096+0000] {taskinstance.py:3503} INFO - 0 downstream tasks scheduled from follow-on schedule check
[2026-02-18T07:12:58.098+0000] {local_task_job_runner.py:222} INFO - ::endgroup::
[2026-02-19T14:50:28.329+0000] {local_task_job_runner.py:120} INFO - ::group::Pre task execution logs
[2026-02-19T14:50:28.372+0000] {taskinstance.py:2076} INFO - Dependencies all met for dep_context=non-requeueable deps ti=<TaskInstance: dag_moex.task_AAPL scheduled__2026-01-17T00:00:00+00:00 [queued]>
[2026-02-19T14:50:28.382+0000] {taskinstance.py:2076} INFO - Dependencies all met for dep_context=requeueable deps ti=<TaskInstance: dag_moex.task_AAPL scheduled__2026-01-17T00:00:00+00:00 [queued]>
[2026-02-19T14:50:28.383+0000] {taskinstance.py:2306} INFO - Starting attempt 1 of 1
[2026-02-19T14:50:28.400+0000] {taskinstance.py:2330} INFO - Executing <Task(PythonOperator): task_AAPL> on 2026-01-17 00:00:00+00:00
[2026-02-19T14:50:28.408+0000] {logging_mixin.py:188} WARNING - /home/***/.local/lib/python3.12/site-packages/***/task/task_runner/standard_task_runner.py:62 DeprecationWarning: This process (pid=32541) is multi-threaded, use of fork() may lead to deadlocks in the child.
[2026-02-19T14:50:28.409+0000] {standard_task_runner.py:64} INFO - Started process 32569 to run task
[2026-02-19T14:50:28.408+0000] {standard_task_runner.py:90} INFO - Running: ['***', 'tasks', 'run', 'dag_moex', 'task_AAPL', 'scheduled__2026-01-17T00:00:00+00:00', '--job-id', '1387', '--raw', '--subdir', 'DAGS_FOLDER/stocks/dag1.py', '--cfg-path', '/tmp/tmpn30dtdzd']
[2026-02-19T14:50:28.411+0000] {standard_task_runner.py:91} INFO - Job 1387: Subtask task_AAPL
[2026-02-19T14:50:28.459+0000] {task_command.py:426} INFO - Running <TaskInstance: dag_moex.task_AAPL scheduled__2026-01-17T00:00:00+00:00 [running]> on host cc036e7caf02
[2026-02-19T14:50:28.534+0000] {taskinstance.py:2648} INFO - Exporting env vars: AIRFLOW_CTX_DAG_OWNER='***' AIRFLOW_CTX_DAG_ID='dag_moex' AIRFLOW_CTX_TASK_ID='task_AAPL' AIRFLOW_CTX_EXECUTION_DATE='2026-01-17T00:00:00+00:00' AIRFLOW_CTX_TRY_NUMBER='1' AIRFLOW_CTX_DAG_RUN_ID='scheduled__2026-01-17T00:00:00+00:00'
[2026-02-19T14:50:28.535+0000] {taskinstance.py:430} INFO - ::endgroup::
[2026-02-19T14:50:28.545+0000] {logging_mixin.py:188} WARNING - /opt/***/dags/stocks/scripts/api.py:9 FutureWarning: YF.download() has changed argument auto_adjust default to True
[2026-02-19T14:50:28.552+0000] {logging_mixin.py:188} WARNING - /home/***/.local/lib/python3.12/site-packages/yfinance/scrapers/history.py:204 Pandas4Warning: Timestamp.utcnow is deprecated and will be removed in a future version. Use Timestamp.now('UTC') instead.
[2026-02-19T14:50:29.310+0000] {logging_mixin.py:188} WARNING - [*********************100%***********************]  1 of 1 completed
[2026-02-19T14:50:29.324+0000] {base.py:84} INFO - Using connection ID 'pg_1' for task execution.
[2026-02-19T14:50:29.325+0000] {sql.py:254} WARNING - This setter is for backward compatibility and should not be used.
Since the introduction of connection property, the providers listed below breaks due to assigning value to self.connection in their __init__ method.
* apache-***-providers-mysql<5.7.1
* apache-***-providers-elasticsearch<5.5.1
* apache-***-providers-postgres<5.13.0
[2026-02-19T14:50:29.329+0000] {taskinstance.py:441} INFO - ::group::Post task execution logs
[2026-02-19T14:50:29.329+0000] {taskinstance.py:2905} ERROR - Task failed with exception
Traceback (most recent call last):
  File "/home/airflow/.local/lib/python3.12/site-packages/airflow/models/taskinstance.py", line 465, in _execute_task
    result = _execute_callable(context=context, **execute_callable_kwargs)
             ^^^^^^^^^^^^^^^^^^^^^^^^^^^^^^^^^^^^^^^^^^^^^^^^^^^^^^^^^^^^^
  File "/home/airflow/.local/lib/python3.12/site-packages/airflow/models/taskinstance.py", line 432, in _execute_callable
    return execute_callable(context=context, **execute_callable_kwargs)
           ^^^^^^^^^^^^^^^^^^^^^^^^^^^^^^^^^^^^^^^^^^^^^^^^^^^^^^^^^^^^
  File "/home/airflow/.local/lib/python3.12/site-packages/airflow/models/baseoperator.py", line 401, in wrapper
    return func(self, *args, **kwargs)
           ^^^^^^^^^^^^^^^^^^^^^^^^^^^
  File "/home/airflow/.local/lib/python3.12/site-packages/airflow/operators/python.py", line 235, in execute
    return_value = self.execute_callable()
                   ^^^^^^^^^^^^^^^^^^^^^^^
  File "/home/airflow/.local/lib/python3.12/site-packages/airflow/operators/python.py", line 252, in execute_callable
    return self.python_callable(*self.op_args, **self.op_kwargs)
           ^^^^^^^^^^^^^^^^^^^^^^^^^^^^^^^^^^^^^^^^^^^^^^^^^^^^^
  File "/opt/airflow/dags/stocks/scripts/manager.py", line 24, in fetch_data
    postgresHook.insert_rows(table="stocks", rows=rows,
  File "/home/airflow/.local/lib/python3.12/site-packages/airflow/providers/common/sql/hooks/sql.py", line 893, in insert_rows
    cur.executemany(sql, values)
psycopg2.errors.UniqueViolation: duplicate key value violates unique constraint "stocks_pkey"
DETAIL:  Key (ticker, date)=(AAPL, 2026-01-16) already exists.

[2026-02-19T14:50:29.338+0000] {taskinstance.py:1206} INFO - Marking task as FAILED. dag_id=dag_moex, task_id=task_AAPL, run_id=scheduled__2026-01-17T00:00:00+00:00, execution_date=20260117T000000, start_date=20260219T145028, end_date=20260219T145029
[2026-02-19T14:50:29.348+0000] {standard_task_runner.py:110} ERROR - Failed to execute job 1387 for task task_AAPL (duplicate key value violates unique constraint "stocks_pkey"
DETAIL:  Key (ticker, date)=(AAPL, 2026-01-16) already exists.
; 32569)
[2026-02-19T14:50:29.384+0000] {local_task_job_runner.py:243} INFO - Task exited with return code 1
[2026-02-19T14:50:29.399+0000] {taskinstance.py:3503} INFO - 0 downstream tasks scheduled from follow-on schedule check
[2026-02-19T14:50:29.403+0000] {local_task_job_runner.py:222} INFO - ::endgroup::
