[2026-02-18T07:13:07.903+0000] {local_task_job_runner.py:120} INFO - ::group::Pre task execution logs
[2026-02-18T07:13:07.954+0000] {taskinstance.py:2076} INFO - Dependencies all met for dep_context=non-requeueable deps ti=<TaskInstance: dag_moex.task_TSLA scheduled__2026-01-27T00:00:00+00:00 [queued]>
[2026-02-18T07:13:07.969+0000] {taskinstance.py:2076} INFO - Dependencies all met for dep_context=requeueable deps ti=<TaskInstance: dag_moex.task_TSLA scheduled__2026-01-27T00:00:00+00:00 [queued]>
[2026-02-18T07:13:07.971+0000] {taskinstance.py:2306} INFO - Starting attempt 1 of 1
[2026-02-18T07:13:08.035+0000] {taskinstance.py:2330} INFO - Executing <Task(PythonOperator): task_TSLA> on 2026-01-27 00:00:00+00:00
[2026-02-18T07:13:08.058+0000] {logging_mixin.py:188} WARNING - /home/***/.local/lib/python3.12/site-packages/***/task/task_runner/standard_task_runner.py:62 DeprecationWarning: This process (pid=1595) is multi-threaded, use of fork() may lead to deadlocks in the child.
[2026-02-18T07:13:08.062+0000] {standard_task_runner.py:64} INFO - Started process 1624 to run task
[2026-02-18T07:13:08.056+0000] {standard_task_runner.py:90} INFO - Running: ['***', 'tasks', 'run', 'dag_moex', 'task_TSLA', 'scheduled__2026-01-27T00:00:00+00:00', '--job-id', '455', '--raw', '--subdir', 'DAGS_FOLDER/stocks/dag1.py', '--cfg-path', '/tmp/tmpxalwfytn']
[2026-02-18T07:13:08.070+0000] {standard_task_runner.py:91} INFO - Job 455: Subtask task_TSLA
[2026-02-18T07:13:08.174+0000] {task_command.py:426} INFO - Running <TaskInstance: dag_moex.task_TSLA scheduled__2026-01-27T00:00:00+00:00 [running]> on host cc036e7caf02
[2026-02-18T07:13:08.333+0000] {taskinstance.py:2648} INFO - Exporting env vars: AIRFLOW_CTX_DAG_OWNER='***' AIRFLOW_CTX_DAG_ID='dag_moex' AIRFLOW_CTX_TASK_ID='task_TSLA' AIRFLOW_CTX_EXECUTION_DATE='2026-01-27T00:00:00+00:00' AIRFLOW_CTX_TRY_NUMBER='1' AIRFLOW_CTX_DAG_RUN_ID='scheduled__2026-01-27T00:00:00+00:00'
[2026-02-18T07:13:08.339+0000] {taskinstance.py:430} INFO - ::endgroup::
[2026-02-18T07:13:08.361+0000] {manager.py:8} INFO - log
[2026-02-18T07:13:08.369+0000] {logging_mixin.py:188} WARNING - /opt/***/dags/stocks/scripts/api.py:9 FutureWarning: YF.download() has changed argument auto_adjust default to True
[2026-02-18T07:13:08.399+0000] {logging_mixin.py:188} WARNING - /home/***/.local/lib/python3.12/site-packages/yfinance/scrapers/history.py:204 Pandas4Warning: Timestamp.utcnow is deprecated and will be removed in a future version. Use Timestamp.now('UTC') instead.
[2026-02-18T07:13:09.117+0000] {logging_mixin.py:188} WARNING - [*********************100%***********************]  1 of 1 completed
[2026-02-18T07:13:09.124+0000] {manager.py:10} INFO - Price            Close        High         Low        Open    Volume
Ticker            TSLA        TSLA        TSLA        TSLA      TSLA
Date                                                                
2026-01-27  430.899994  437.519989  430.690002  437.410004  37733100
[2026-02-18T07:13:09.136+0000] {python.py:237} INFO - Done. Returned value was: None
[2026-02-18T07:13:09.136+0000] {taskinstance.py:441} INFO - ::group::Post task execution logs
[2026-02-18T07:13:09.144+0000] {taskinstance.py:1206} INFO - Marking task as SUCCESS. dag_id=dag_moex, task_id=task_TSLA, run_id=scheduled__2026-01-27T00:00:00+00:00, execution_date=20260127T000000, start_date=20260218T071307, end_date=20260218T071309
[2026-02-18T07:13:09.183+0000] {local_task_job_runner.py:243} INFO - Task exited with return code 0
[2026-02-18T07:13:09.203+0000] {taskinstance.py:3503} INFO - 0 downstream tasks scheduled from follow-on schedule check
[2026-02-18T07:13:09.211+0000] {local_task_job_runner.py:222} INFO - ::endgroup::
[2026-02-19T14:50:42.230+0000] {local_task_job_runner.py:120} INFO - ::group::Pre task execution logs
[2026-02-19T14:50:42.271+0000] {taskinstance.py:2076} INFO - Dependencies all met for dep_context=non-requeueable deps ti=<TaskInstance: dag_moex.task_TSLA scheduled__2026-01-27T00:00:00+00:00 [queued]>
[2026-02-19T14:50:42.280+0000] {taskinstance.py:2076} INFO - Dependencies all met for dep_context=requeueable deps ti=<TaskInstance: dag_moex.task_TSLA scheduled__2026-01-27T00:00:00+00:00 [queued]>
[2026-02-19T14:50:42.281+0000] {taskinstance.py:2306} INFO - Starting attempt 1 of 1
[2026-02-19T14:50:42.299+0000] {taskinstance.py:2330} INFO - Executing <Task(PythonOperator): task_TSLA> on 2026-01-27 00:00:00+00:00
[2026-02-19T14:50:42.318+0000] {logging_mixin.py:188} WARNING - /home/***/.local/lib/python3.12/site-packages/***/task/task_runner/standard_task_runner.py:62 DeprecationWarning: This process (pid=32695) is multi-threaded, use of fork() may lead to deadlocks in the child.
[2026-02-19T14:50:42.315+0000] {standard_task_runner.py:90} INFO - Running: ['***', 'tasks', 'run', 'dag_moex', 'task_TSLA', 'scheduled__2026-01-27T00:00:00+00:00', '--job-id', '1419', '--raw', '--subdir', 'DAGS_FOLDER/stocks/dag1.py', '--cfg-path', '/tmp/tmp4ws6u1ti']
[2026-02-19T14:50:42.319+0000] {standard_task_runner.py:64} INFO - Started process 32724 to run task
[2026-02-19T14:50:42.321+0000] {standard_task_runner.py:91} INFO - Job 1419: Subtask task_TSLA
[2026-02-19T14:50:42.397+0000] {task_command.py:426} INFO - Running <TaskInstance: dag_moex.task_TSLA scheduled__2026-01-27T00:00:00+00:00 [running]> on host cc036e7caf02
[2026-02-19T14:50:42.562+0000] {taskinstance.py:2648} INFO - Exporting env vars: AIRFLOW_CTX_DAG_OWNER='***' AIRFLOW_CTX_DAG_ID='dag_moex' AIRFLOW_CTX_TASK_ID='task_TSLA' AIRFLOW_CTX_EXECUTION_DATE='2026-01-27T00:00:00+00:00' AIRFLOW_CTX_TRY_NUMBER='1' AIRFLOW_CTX_DAG_RUN_ID='scheduled__2026-01-27T00:00:00+00:00'
[2026-02-19T14:50:42.564+0000] {taskinstance.py:430} INFO - ::endgroup::
[2026-02-19T14:50:42.582+0000] {logging_mixin.py:188} WARNING - /opt/***/dags/stocks/scripts/api.py:9 FutureWarning: YF.download() has changed argument auto_adjust default to True
[2026-02-19T14:50:42.599+0000] {logging_mixin.py:188} WARNING - /home/***/.local/lib/python3.12/site-packages/yfinance/scrapers/history.py:204 Pandas4Warning: Timestamp.utcnow is deprecated and will be removed in a future version. Use Timestamp.now('UTC') instead.
[2026-02-19T14:50:43.258+0000] {logging_mixin.py:188} WARNING - [*********************100%***********************]  1 of 1 completed
[2026-02-19T14:50:43.274+0000] {base.py:84} INFO - Using connection ID 'pg_1' for task execution.
[2026-02-19T14:50:43.274+0000] {sql.py:254} WARNING - This setter is for backward compatibility and should not be used.
Since the introduction of connection property, the providers listed below breaks due to assigning value to self.connection in their __init__ method.
* apache-***-providers-mysql<5.7.1
* apache-***-providers-elasticsearch<5.5.1
* apache-***-providers-postgres<5.13.0
[2026-02-19T14:50:43.278+0000] {taskinstance.py:441} INFO - ::group::Post task execution logs
[2026-02-19T14:50:43.279+0000] {taskinstance.py:2905} ERROR - Task failed with exception
Traceback (most recent call last):
  File "/home/airflow/.local/lib/python3.12/site-packages/airflow/models/taskinstance.py", line 465, in _execute_task
    result = _execute_callable(context=context, **execute_callable_kwargs)
             ^^^^^^^^^^^^^^^^^^^^^^^^^^^^^^^^^^^^^^^^^^^^^^^^^^^^^^^^^^^^^
  File "/home/airflow/.local/lib/python3.12/site-packages/airflow/models/taskinstance.py", line 432, in _execute_callable
    return execute_callable(context=context, **execute_callable_kwargs)
           ^^^^^^^^^^^^^^^^^^^^^^^^^^^^^^^^^^^^^^^^^^^^^^^^^^^^^^^^^^^^
  File "/home/airflow/.local/lib/python3.12/site-packages/airflow/models/baseoperator.py", line 401, in wrapper
    return func(self, *args, **kwargs)
           ^^^^^^^^^^^^^^^^^^^^^^^^^^^
  File "/home/airflow/.local/lib/python3.12/site-packages/airflow/operators/python.py", line 235, in execute
    return_value = self.execute_callable()
                   ^^^^^^^^^^^^^^^^^^^^^^^
  File "/home/airflow/.local/lib/python3.12/site-packages/airflow/operators/python.py", line 252, in execute_callable
    return self.python_callable(*self.op_args, **self.op_kwargs)
           ^^^^^^^^^^^^^^^^^^^^^^^^^^^^^^^^^^^^^^^^^^^^^^^^^^^^^
  File "/opt/airflow/dags/stocks/scripts/manager.py", line 24, in fetch_data
    postgresHook.insert_rows(table="stocks", rows=rows,
  File "/home/airflow/.local/lib/python3.12/site-packages/airflow/providers/common/sql/hooks/sql.py", line 893, in insert_rows
    cur.executemany(sql, values)
psycopg2.errors.UniqueViolation: duplicate key value violates unique constraint "stocks_pkey"
DETAIL:  Key (ticker, date)=(TSLA, 2026-01-26) already exists.

[2026-02-19T14:50:43.288+0000] {taskinstance.py:1206} INFO - Marking task as FAILED. dag_id=dag_moex, task_id=task_TSLA, run_id=scheduled__2026-01-27T00:00:00+00:00, execution_date=20260127T000000, start_date=20260219T145042, end_date=20260219T145043
[2026-02-19T14:50:43.299+0000] {standard_task_runner.py:110} ERROR - Failed to execute job 1419 for task task_TSLA (duplicate key value violates unique constraint "stocks_pkey"
DETAIL:  Key (ticker, date)=(TSLA, 2026-01-26) already exists.
; 32724)
[2026-02-19T14:50:43.344+0000] {local_task_job_runner.py:243} INFO - Task exited with return code 1
[2026-02-19T14:50:43.359+0000] {taskinstance.py:3503} INFO - 0 downstream tasks scheduled from follow-on schedule check
[2026-02-19T14:50:43.361+0000] {local_task_job_runner.py:222} INFO - ::endgroup::
[2026-02-19T14:53:17.123+0000] {local_task_job_runner.py:120} INFO - ::group::Pre task execution logs
[2026-02-19T14:53:17.160+0000] {taskinstance.py:2076} INFO - Dependencies all met for dep_context=non-requeueable deps ti=<TaskInstance: dag_moex.task_TSLA scheduled__2026-01-27T00:00:00+00:00 [queued]>
[2026-02-19T14:53:17.168+0000] {taskinstance.py:2076} INFO - Dependencies all met for dep_context=requeueable deps ti=<TaskInstance: dag_moex.task_TSLA scheduled__2026-01-27T00:00:00+00:00 [queued]>
[2026-02-19T14:53:17.169+0000] {taskinstance.py:2306} INFO - Starting attempt 1 of 1
[2026-02-19T14:53:17.308+0000] {taskinstance.py:2330} INFO - Executing <Task(PythonOperator): task_TSLA> on 2026-01-27 00:00:00+00:00
[2026-02-19T14:53:17.318+0000] {logging_mixin.py:188} WARNING - /home/***/.local/lib/python3.12/site-packages/***/task/task_runner/standard_task_runner.py:62 DeprecationWarning: This process (pid=33203) is multi-threaded, use of fork() may lead to deadlocks in the child.
[2026-02-19T14:53:17.320+0000] {standard_task_runner.py:64} INFO - Started process 33229 to run task
[2026-02-19T14:53:17.318+0000] {standard_task_runner.py:90} INFO - Running: ['***', 'tasks', 'run', 'dag_moex', 'task_TSLA', 'scheduled__2026-01-27T00:00:00+00:00', '--job-id', '1523', '--raw', '--subdir', 'DAGS_FOLDER/stocks/dag1.py', '--cfg-path', '/tmp/tmpsam89lrr']
[2026-02-19T14:53:17.323+0000] {standard_task_runner.py:91} INFO - Job 1523: Subtask task_TSLA
[2026-02-19T14:53:17.372+0000] {task_command.py:426} INFO - Running <TaskInstance: dag_moex.task_TSLA scheduled__2026-01-27T00:00:00+00:00 [running]> on host cc036e7caf02
[2026-02-19T14:53:17.457+0000] {taskinstance.py:2648} INFO - Exporting env vars: AIRFLOW_CTX_DAG_OWNER='***' AIRFLOW_CTX_DAG_ID='dag_moex' AIRFLOW_CTX_TASK_ID='task_TSLA' AIRFLOW_CTX_EXECUTION_DATE='2026-01-27T00:00:00+00:00' AIRFLOW_CTX_TRY_NUMBER='1' AIRFLOW_CTX_DAG_RUN_ID='scheduled__2026-01-27T00:00:00+00:00'
[2026-02-19T14:53:17.458+0000] {taskinstance.py:430} INFO - ::endgroup::
[2026-02-19T14:53:17.471+0000] {logging_mixin.py:188} WARNING - /opt/***/dags/stocks/scripts/api.py:9 FutureWarning: YF.download() has changed argument auto_adjust default to True
[2026-02-19T14:53:17.479+0000] {logging_mixin.py:188} WARNING - /home/***/.local/lib/python3.12/site-packages/yfinance/scrapers/history.py:204 Pandas4Warning: Timestamp.utcnow is deprecated and will be removed in a future version. Use Timestamp.now('UTC') instead.
[2026-02-19T14:53:18.184+0000] {logging_mixin.py:188} WARNING - [*********************100%***********************]  1 of 1 completed
[2026-02-19T14:53:18.201+0000] {base.py:84} INFO - Using connection ID 'pg_1' for task execution.
[2026-02-19T14:53:18.202+0000] {sql.py:254} WARNING - This setter is for backward compatibility and should not be used.
Since the introduction of connection property, the providers listed below breaks due to assigning value to self.connection in their __init__ method.
* apache-***-providers-mysql<5.7.1
* apache-***-providers-elasticsearch<5.5.1
* apache-***-providers-postgres<5.13.0
[2026-02-19T14:53:18.205+0000] {taskinstance.py:441} INFO - ::group::Post task execution logs
[2026-02-19T14:53:18.206+0000] {taskinstance.py:2905} ERROR - Task failed with exception
Traceback (most recent call last):
  File "/home/airflow/.local/lib/python3.12/site-packages/airflow/models/taskinstance.py", line 465, in _execute_task
    result = _execute_callable(context=context, **execute_callable_kwargs)
             ^^^^^^^^^^^^^^^^^^^^^^^^^^^^^^^^^^^^^^^^^^^^^^^^^^^^^^^^^^^^^
  File "/home/airflow/.local/lib/python3.12/site-packages/airflow/models/taskinstance.py", line 432, in _execute_callable
    return execute_callable(context=context, **execute_callable_kwargs)
           ^^^^^^^^^^^^^^^^^^^^^^^^^^^^^^^^^^^^^^^^^^^^^^^^^^^^^^^^^^^^
  File "/home/airflow/.local/lib/python3.12/site-packages/airflow/models/baseoperator.py", line 401, in wrapper
    return func(self, *args, **kwargs)
           ^^^^^^^^^^^^^^^^^^^^^^^^^^^
  File "/home/airflow/.local/lib/python3.12/site-packages/airflow/operators/python.py", line 235, in execute
    return_value = self.execute_callable()
                   ^^^^^^^^^^^^^^^^^^^^^^^
  File "/home/airflow/.local/lib/python3.12/site-packages/airflow/operators/python.py", line 252, in execute_callable
    return self.python_callable(*self.op_args, **self.op_kwargs)
           ^^^^^^^^^^^^^^^^^^^^^^^^^^^^^^^^^^^^^^^^^^^^^^^^^^^^^
  File "/opt/airflow/dags/stocks/scripts/manager.py", line 24, in fetch_data
    postgresHook.insert_rows(table="stocks", rows=rows,
  File "/home/airflow/.local/lib/python3.12/site-packages/airflow/providers/common/sql/hooks/sql.py", line 893, in insert_rows
    cur.executemany(sql, values)
psycopg2.errors.UniqueViolation: duplicate key value violates unique constraint "stocks_pkey"
DETAIL:  Key (ticker, date)=(TSLA, 2026-01-26) already exists.

[2026-02-19T14:53:18.214+0000] {taskinstance.py:1206} INFO - Marking task as FAILED. dag_id=dag_moex, task_id=task_TSLA, run_id=scheduled__2026-01-27T00:00:00+00:00, execution_date=20260127T000000, start_date=20260219T145317, end_date=20260219T145318
[2026-02-19T14:53:18.222+0000] {standard_task_runner.py:110} ERROR - Failed to execute job 1523 for task task_TSLA (duplicate key value violates unique constraint "stocks_pkey"
DETAIL:  Key (ticker, date)=(TSLA, 2026-01-26) already exists.
; 33229)
[2026-02-19T14:53:18.258+0000] {local_task_job_runner.py:243} INFO - Task exited with return code 1
[2026-02-19T14:53:18.272+0000] {taskinstance.py:3503} INFO - 0 downstream tasks scheduled from follow-on schedule check
[2026-02-19T14:53:18.275+0000] {local_task_job_runner.py:222} INFO - ::endgroup::
[2026-02-19T14:56:08.283+0000] {local_task_job_runner.py:120} INFO - ::group::Pre task execution logs
[2026-02-19T14:56:08.320+0000] {taskinstance.py:2076} INFO - Dependencies all met for dep_context=non-requeueable deps ti=<TaskInstance: dag_moex.task_TSLA scheduled__2026-01-27T00:00:00+00:00 [queued]>
[2026-02-19T14:56:08.334+0000] {taskinstance.py:2076} INFO - Dependencies all met for dep_context=requeueable deps ti=<TaskInstance: dag_moex.task_TSLA scheduled__2026-01-27T00:00:00+00:00 [queued]>
[2026-02-19T14:56:08.335+0000] {taskinstance.py:2306} INFO - Starting attempt 1 of 1
[2026-02-19T14:56:08.469+0000] {taskinstance.py:2330} INFO - Executing <Task(PythonOperator): task_TSLA> on 2026-01-27 00:00:00+00:00
[2026-02-19T14:56:08.482+0000] {logging_mixin.py:188} WARNING - /home/***/.local/lib/python3.12/site-packages/***/task/task_runner/standard_task_runner.py:62 DeprecationWarning: This process (pid=33455) is multi-threaded, use of fork() may lead to deadlocks in the child.
[2026-02-19T14:56:08.483+0000] {standard_task_runner.py:90} INFO - Running: ['***', 'tasks', 'run', 'dag_moex', 'task_TSLA', 'scheduled__2026-01-27T00:00:00+00:00', '--job-id', '1564', '--raw', '--subdir', 'DAGS_FOLDER/stocks/dag1.py', '--cfg-path', '/tmp/tmpmcxbcy1o']
[2026-02-19T14:56:08.485+0000] {standard_task_runner.py:64} INFO - Started process 33475 to run task
[2026-02-19T14:56:08.485+0000] {standard_task_runner.py:91} INFO - Job 1564: Subtask task_TSLA
[2026-02-19T14:56:08.556+0000] {task_command.py:426} INFO - Running <TaskInstance: dag_moex.task_TSLA scheduled__2026-01-27T00:00:00+00:00 [running]> on host cc036e7caf02
[2026-02-19T14:56:08.653+0000] {taskinstance.py:2648} INFO - Exporting env vars: AIRFLOW_CTX_DAG_OWNER='***' AIRFLOW_CTX_DAG_ID='dag_moex' AIRFLOW_CTX_TASK_ID='task_TSLA' AIRFLOW_CTX_EXECUTION_DATE='2026-01-27T00:00:00+00:00' AIRFLOW_CTX_TRY_NUMBER='1' AIRFLOW_CTX_DAG_RUN_ID='scheduled__2026-01-27T00:00:00+00:00'
[2026-02-19T14:56:08.657+0000] {taskinstance.py:430} INFO - ::endgroup::
[2026-02-19T14:56:08.671+0000] {logging_mixin.py:188} WARNING - /opt/***/dags/stocks/scripts/api.py:9 FutureWarning: YF.download() has changed argument auto_adjust default to True
[2026-02-19T14:56:08.681+0000] {logging_mixin.py:188} WARNING - /home/***/.local/lib/python3.12/site-packages/yfinance/scrapers/history.py:204 Pandas4Warning: Timestamp.utcnow is deprecated and will be removed in a future version. Use Timestamp.now('UTC') instead.
[2026-02-19T14:56:09.571+0000] {logging_mixin.py:188} WARNING - [*********************100%***********************]  1 of 1 completed
[2026-02-19T14:56:09.595+0000] {base.py:84} INFO - Using connection ID 'pg_1' for task execution.
[2026-02-19T14:56:09.598+0000] {sql.py:254} WARNING - This setter is for backward compatibility and should not be used.
Since the introduction of connection property, the providers listed below breaks due to assigning value to self.connection in their __init__ method.
* apache-***-providers-mysql<5.7.1
* apache-***-providers-elasticsearch<5.5.1
* apache-***-providers-postgres<5.13.0
[2026-02-19T14:56:09.608+0000] {taskinstance.py:441} INFO - ::group::Post task execution logs
[2026-02-19T14:56:09.609+0000] {taskinstance.py:2905} ERROR - Task failed with exception
Traceback (most recent call last):
  File "/home/airflow/.local/lib/python3.12/site-packages/airflow/models/taskinstance.py", line 465, in _execute_task
    result = _execute_callable(context=context, **execute_callable_kwargs)
             ^^^^^^^^^^^^^^^^^^^^^^^^^^^^^^^^^^^^^^^^^^^^^^^^^^^^^^^^^^^^^
  File "/home/airflow/.local/lib/python3.12/site-packages/airflow/models/taskinstance.py", line 432, in _execute_callable
    return execute_callable(context=context, **execute_callable_kwargs)
           ^^^^^^^^^^^^^^^^^^^^^^^^^^^^^^^^^^^^^^^^^^^^^^^^^^^^^^^^^^^^
  File "/home/airflow/.local/lib/python3.12/site-packages/airflow/models/baseoperator.py", line 401, in wrapper
    return func(self, *args, **kwargs)
           ^^^^^^^^^^^^^^^^^^^^^^^^^^^
  File "/home/airflow/.local/lib/python3.12/site-packages/airflow/operators/python.py", line 235, in execute
    return_value = self.execute_callable()
                   ^^^^^^^^^^^^^^^^^^^^^^^
  File "/home/airflow/.local/lib/python3.12/site-packages/airflow/operators/python.py", line 252, in execute_callable
    return self.python_callable(*self.op_args, **self.op_kwargs)
           ^^^^^^^^^^^^^^^^^^^^^^^^^^^^^^^^^^^^^^^^^^^^^^^^^^^^^
  File "/opt/airflow/dags/stocks/scripts/manager.py", line 24, in fetch_data
    postgresHook.insert_rows(table="stocks", rows=rows,
  File "/home/airflow/.local/lib/python3.12/site-packages/airflow/providers/common/sql/hooks/sql.py", line 893, in insert_rows
    cur.executemany(sql, values)
psycopg2.errors.UniqueViolation: duplicate key value violates unique constraint "stocks_pkey"
DETAIL:  Key (ticker, date)=(TSLA, 2026-01-26) already exists.

[2026-02-19T14:56:09.636+0000] {taskinstance.py:1206} INFO - Marking task as FAILED. dag_id=dag_moex, task_id=task_TSLA, run_id=scheduled__2026-01-27T00:00:00+00:00, execution_date=20260127T000000, start_date=20260219T145608, end_date=20260219T145609
[2026-02-19T14:56:09.676+0000] {standard_task_runner.py:110} ERROR - Failed to execute job 1564 for task task_TSLA (duplicate key value violates unique constraint "stocks_pkey"
DETAIL:  Key (ticker, date)=(TSLA, 2026-01-26) already exists.
; 33475)
[2026-02-19T14:56:09.707+0000] {local_task_job_runner.py:243} INFO - Task exited with return code 1
[2026-02-19T14:56:09.726+0000] {taskinstance.py:3503} INFO - 0 downstream tasks scheduled from follow-on schedule check
[2026-02-19T14:56:09.731+0000] {local_task_job_runner.py:222} INFO - ::endgroup::
[2026-02-19T14:57:39.228+0000] {local_task_job_runner.py:120} INFO - ::group::Pre task execution logs
[2026-02-19T14:57:39.287+0000] {taskinstance.py:2076} INFO - Dependencies all met for dep_context=non-requeueable deps ti=<TaskInstance: dag_moex.task_TSLA scheduled__2026-01-27T00:00:00+00:00 [queued]>
[2026-02-19T14:57:39.301+0000] {taskinstance.py:2076} INFO - Dependencies all met for dep_context=requeueable deps ti=<TaskInstance: dag_moex.task_TSLA scheduled__2026-01-27T00:00:00+00:00 [queued]>
[2026-02-19T14:57:39.304+0000] {taskinstance.py:2306} INFO - Starting attempt 1 of 1
[2026-02-19T14:57:39.461+0000] {taskinstance.py:2330} INFO - Executing <Task(PythonOperator): task_TSLA> on 2026-01-27 00:00:00+00:00
[2026-02-19T14:57:39.478+0000] {logging_mixin.py:188} WARNING - /home/***/.local/lib/python3.12/site-packages/***/task/task_runner/standard_task_runner.py:62 DeprecationWarning: This process (pid=33631) is multi-threaded, use of fork() may lead to deadlocks in the child.
[2026-02-19T14:57:39.479+0000] {standard_task_runner.py:64} INFO - Started process 33651 to run task
[2026-02-19T14:57:39.480+0000] {standard_task_runner.py:90} INFO - Running: ['***', 'tasks', 'run', 'dag_moex', 'task_TSLA', 'scheduled__2026-01-27T00:00:00+00:00', '--job-id', '1599', '--raw', '--subdir', 'DAGS_FOLDER/stocks/dag1.py', '--cfg-path', '/tmp/tmpiedq6bt6']
[2026-02-19T14:57:39.483+0000] {standard_task_runner.py:91} INFO - Job 1599: Subtask task_TSLA
[2026-02-19T14:57:39.542+0000] {task_command.py:426} INFO - Running <TaskInstance: dag_moex.task_TSLA scheduled__2026-01-27T00:00:00+00:00 [running]> on host cc036e7caf02
[2026-02-19T14:57:39.640+0000] {taskinstance.py:2648} INFO - Exporting env vars: AIRFLOW_CTX_DAG_OWNER='***' AIRFLOW_CTX_DAG_ID='dag_moex' AIRFLOW_CTX_TASK_ID='task_TSLA' AIRFLOW_CTX_EXECUTION_DATE='2026-01-27T00:00:00+00:00' AIRFLOW_CTX_TRY_NUMBER='1' AIRFLOW_CTX_DAG_RUN_ID='scheduled__2026-01-27T00:00:00+00:00'
[2026-02-19T14:57:39.641+0000] {taskinstance.py:430} INFO - ::endgroup::
[2026-02-19T14:57:39.661+0000] {logging_mixin.py:188} WARNING - /opt/***/dags/stocks/scripts/api.py:9 FutureWarning: YF.download() has changed argument auto_adjust default to True
[2026-02-19T14:57:39.675+0000] {logging_mixin.py:188} WARNING - /home/***/.local/lib/python3.12/site-packages/yfinance/scrapers/history.py:204 Pandas4Warning: Timestamp.utcnow is deprecated and will be removed in a future version. Use Timestamp.now('UTC') instead.
[2026-02-19T14:57:40.302+0000] {logging_mixin.py:188} WARNING - [*********************100%***********************]  1 of 1 completed
[2026-02-19T14:57:40.323+0000] {base.py:84} INFO - Using connection ID 'pg_1' for task execution.
[2026-02-19T14:57:40.324+0000] {sql.py:254} WARNING - This setter is for backward compatibility and should not be used.
Since the introduction of connection property, the providers listed below breaks due to assigning value to self.connection in their __init__ method.
* apache-***-providers-mysql<5.7.1
* apache-***-providers-elasticsearch<5.5.1
* apache-***-providers-postgres<5.13.0
[2026-02-19T14:57:40.330+0000] {sql.py:896} INFO - Loaded 2 rows into stocks so far
[2026-02-19T14:57:40.330+0000] {sql.py:908} INFO - Done loading. Loaded a total of 2 rows into stocks
[2026-02-19T14:57:40.336+0000] {python.py:237} INFO - Done. Returned value was: None
[2026-02-19T14:57:40.337+0000] {taskinstance.py:441} INFO - ::group::Post task execution logs
[2026-02-19T14:57:40.347+0000] {taskinstance.py:1206} INFO - Marking task as SUCCESS. dag_id=dag_moex, task_id=task_TSLA, run_id=scheduled__2026-01-27T00:00:00+00:00, execution_date=20260127T000000, start_date=20260219T145739, end_date=20260219T145740
[2026-02-19T14:57:40.460+0000] {local_task_job_runner.py:243} INFO - Task exited with return code 0
[2026-02-19T14:57:40.469+0000] {local_task_job_runner.py:222} INFO - ::endgroup::
[2026-02-19T15:52:56.257+0000] {local_task_job_runner.py:120} INFO - ::group::Pre task execution logs
[2026-02-19T15:52:56.300+0000] {taskinstance.py:2076} INFO - Dependencies all met for dep_context=non-requeueable deps ti=<TaskInstance: dag_moex.task_TSLA scheduled__2026-01-27T00:00:00+00:00 [queued]>
[2026-02-19T15:52:56.313+0000] {taskinstance.py:2076} INFO - Dependencies all met for dep_context=requeueable deps ti=<TaskInstance: dag_moex.task_TSLA scheduled__2026-01-27T00:00:00+00:00 [queued]>
[2026-02-19T15:52:56.315+0000] {taskinstance.py:2306} INFO - Starting attempt 1 of 1
[2026-02-19T15:52:56.333+0000] {taskinstance.py:2330} INFO - Executing <Task(PythonOperator): task_TSLA> on 2026-01-27 00:00:00+00:00
[2026-02-19T15:52:56.347+0000] {logging_mixin.py:188} WARNING - /home/***/.local/lib/python3.12/site-packages/***/task/task_runner/standard_task_runner.py:62 DeprecationWarning: This process (pid=34059) is multi-threaded, use of fork() may lead to deadlocks in the child.
[2026-02-19T15:52:56.347+0000] {standard_task_runner.py:90} INFO - Running: ['***', 'tasks', 'run', 'dag_moex', 'task_TSLA', 'scheduled__2026-01-27T00:00:00+00:00', '--job-id', '1634', '--raw', '--subdir', 'DAGS_FOLDER/stocks/dag1.py', '--cfg-path', '/tmp/tmpjhy4xg37']
[2026-02-19T15:52:56.349+0000] {standard_task_runner.py:64} INFO - Started process 34074 to run task
[2026-02-19T15:52:56.349+0000] {standard_task_runner.py:91} INFO - Job 1634: Subtask task_TSLA
[2026-02-19T15:52:56.409+0000] {task_command.py:426} INFO - Running <TaskInstance: dag_moex.task_TSLA scheduled__2026-01-27T00:00:00+00:00 [running]> on host cc036e7caf02
[2026-02-19T15:52:56.519+0000] {taskinstance.py:2648} INFO - Exporting env vars: AIRFLOW_CTX_DAG_OWNER='***' AIRFLOW_CTX_DAG_ID='dag_moex' AIRFLOW_CTX_TASK_ID='task_TSLA' AIRFLOW_CTX_EXECUTION_DATE='2026-01-27T00:00:00+00:00' AIRFLOW_CTX_TRY_NUMBER='1' AIRFLOW_CTX_DAG_RUN_ID='scheduled__2026-01-27T00:00:00+00:00'
[2026-02-19T15:52:56.521+0000] {taskinstance.py:430} INFO - ::endgroup::
[2026-02-19T15:52:56.545+0000] {logging_mixin.py:188} WARNING - /opt/***/dags/stocks/scripts/api.py:9 FutureWarning: YF.download() has changed argument auto_adjust default to True
[2026-02-19T15:52:56.558+0000] {logging_mixin.py:188} WARNING - /home/***/.local/lib/python3.12/site-packages/yfinance/scrapers/history.py:204 Pandas4Warning: Timestamp.utcnow is deprecated and will be removed in a future version. Use Timestamp.now('UTC') instead.
[2026-02-19T15:52:57.257+0000] {logging_mixin.py:188} WARNING - [*********************100%***********************]  1 of 1 completed
[2026-02-19T15:52:57.271+0000] {taskinstance.py:441} INFO - ::group::Post task execution logs
[2026-02-19T15:52:57.271+0000] {taskinstance.py:2905} ERROR - Task failed with exception
Traceback (most recent call last):
  File "/home/airflow/.local/lib/python3.12/site-packages/airflow/models/taskinstance.py", line 465, in _execute_task
    result = _execute_callable(context=context, **execute_callable_kwargs)
             ^^^^^^^^^^^^^^^^^^^^^^^^^^^^^^^^^^^^^^^^^^^^^^^^^^^^^^^^^^^^^
  File "/home/airflow/.local/lib/python3.12/site-packages/airflow/models/taskinstance.py", line 432, in _execute_callable
    return execute_callable(context=context, **execute_callable_kwargs)
           ^^^^^^^^^^^^^^^^^^^^^^^^^^^^^^^^^^^^^^^^^^^^^^^^^^^^^^^^^^^^
  File "/home/airflow/.local/lib/python3.12/site-packages/airflow/models/baseoperator.py", line 401, in wrapper
    return func(self, *args, **kwargs)
           ^^^^^^^^^^^^^^^^^^^^^^^^^^^
  File "/home/airflow/.local/lib/python3.12/site-packages/airflow/operators/python.py", line 235, in execute
    return_value = self.execute_callable()
                   ^^^^^^^^^^^^^^^^^^^^^^^
  File "/home/airflow/.local/lib/python3.12/site-packages/airflow/operators/python.py", line 252, in execute_callable
    return self.python_callable(*self.op_args, **self.op_kwargs)
           ^^^^^^^^^^^^^^^^^^^^^^^^^^^^^^^^^^^^^^^^^^^^^^^^^^^^^
  File "/opt/airflow/dags/stocks/scripts/manager.py", line 12, in fetch_data
    data = data.loc[data_interval_start:data_interval_start]
           ~~~~~~~~^^^^^^^^^^^^^^^^^^^^^^^^^^^^^^^^^^^^^^^^^
  File "/home/airflow/.local/lib/python3.12/site-packages/pandas/core/indexing.py", line 1207, in __getitem__
    return self._getitem_axis(maybe_callable, axis=axis)
           ^^^^^^^^^^^^^^^^^^^^^^^^^^^^^^^^^^^^^^^^^^^^^
  File "/home/airflow/.local/lib/python3.12/site-packages/pandas/core/indexing.py", line 1429, in _getitem_axis
    return self._get_slice_axis(key, axis=axis)
           ^^^^^^^^^^^^^^^^^^^^^^^^^^^^^^^^^^^^
  File "/home/airflow/.local/lib/python3.12/site-packages/pandas/core/indexing.py", line 1461, in _get_slice_axis
    indexer = labels.slice_indexer(slice_obj.start, slice_obj.stop, slice_obj.step)
              ^^^^^^^^^^^^^^^^^^^^^^^^^^^^^^^^^^^^^^^^^^^^^^^^^^^^^^^^^^^^^^^^^^^^^
  File "/home/airflow/.local/lib/python3.12/site-packages/pandas/core/indexes/datetimes.py", line 1072, in slice_indexer
    return Index.slice_indexer(self, start, end, step)
           ^^^^^^^^^^^^^^^^^^^^^^^^^^^^^^^^^^^^^^^^^^^
  File "/home/airflow/.local/lib/python3.12/site-packages/pandas/core/indexes/base.py", line 6804, in slice_indexer
    start_slice, end_slice = self.slice_locs(start, end, step=step)
                             ^^^^^^^^^^^^^^^^^^^^^^^^^^^^^^^^^^^^^^
  File "/home/airflow/.local/lib/python3.12/site-packages/pandas/core/indexes/base.py", line 7062, in slice_locs
    start_slice = self.get_slice_bound(start, "left")
                  ^^^^^^^^^^^^^^^^^^^^^^^^^^^^^^^^^^^
  File "/home/airflow/.local/lib/python3.12/site-packages/pandas/core/indexes/base.py", line 6964, in get_slice_bound
    label = self._maybe_cast_slice_bound(label, side)
            ^^^^^^^^^^^^^^^^^^^^^^^^^^^^^^^^^^^^^^^^^
  File "/home/airflow/.local/lib/python3.12/site-packages/pandas/core/indexes/datetimes.py", line 1033, in _maybe_cast_slice_bound
    self._data._assert_tzawareness_compat(label)
  File "/home/airflow/.local/lib/python3.12/site-packages/pandas/core/arrays/datetimes.py", line 796, in _assert_tzawareness_compat
    raise TypeError(
TypeError: Cannot compare tz-naive and tz-aware datetime-like objects.
[2026-02-19T15:52:57.288+0000] {taskinstance.py:1206} INFO - Marking task as FAILED. dag_id=dag_moex, task_id=task_TSLA, run_id=scheduled__2026-01-27T00:00:00+00:00, execution_date=20260127T000000, start_date=20260219T155256, end_date=20260219T155257
[2026-02-19T15:52:57.386+0000] {standard_task_runner.py:110} ERROR - Failed to execute job 1634 for task task_TSLA (Cannot compare tz-naive and tz-aware datetime-like objects.; 34074)
[2026-02-19T15:52:57.407+0000] {local_task_job_runner.py:243} INFO - Task exited with return code 1
[2026-02-19T15:52:57.436+0000] {taskinstance.py:3503} INFO - 0 downstream tasks scheduled from follow-on schedule check
[2026-02-19T15:52:57.442+0000] {local_task_job_runner.py:222} INFO - ::endgroup::
[2026-02-19T15:55:55.174+0000] {local_task_job_runner.py:120} INFO - ::group::Pre task execution logs
[2026-02-19T15:55:55.223+0000] {taskinstance.py:2076} INFO - Dependencies all met for dep_context=non-requeueable deps ti=<TaskInstance: dag_moex.task_TSLA scheduled__2026-01-27T00:00:00+00:00 [queued]>
[2026-02-19T15:55:55.236+0000] {taskinstance.py:2076} INFO - Dependencies all met for dep_context=requeueable deps ti=<TaskInstance: dag_moex.task_TSLA scheduled__2026-01-27T00:00:00+00:00 [queued]>
[2026-02-19T15:55:55.239+0000] {taskinstance.py:2306} INFO - Starting attempt 1 of 1
[2026-02-19T15:55:55.411+0000] {taskinstance.py:2330} INFO - Executing <Task(PythonOperator): task_TSLA> on 2026-01-27 00:00:00+00:00
[2026-02-19T15:55:55.425+0000] {logging_mixin.py:188} WARNING - /home/***/.local/lib/python3.12/site-packages/***/task/task_runner/standard_task_runner.py:62 DeprecationWarning: This process (pid=34271) is multi-threaded, use of fork() may lead to deadlocks in the child.
[2026-02-19T15:55:55.424+0000] {standard_task_runner.py:90} INFO - Running: ['***', 'tasks', 'run', 'dag_moex', 'task_TSLA', 'scheduled__2026-01-27T00:00:00+00:00', '--job-id', '1669', '--raw', '--subdir', 'DAGS_FOLDER/stocks/dag1.py', '--cfg-path', '/tmp/tmpx5a47jdy']
[2026-02-19T15:55:55.427+0000] {standard_task_runner.py:91} INFO - Job 1669: Subtask task_TSLA
[2026-02-19T15:55:55.427+0000] {standard_task_runner.py:64} INFO - Started process 34292 to run task
[2026-02-19T15:55:55.491+0000] {task_command.py:426} INFO - Running <TaskInstance: dag_moex.task_TSLA scheduled__2026-01-27T00:00:00+00:00 [running]> on host cc036e7caf02
[2026-02-19T15:55:55.607+0000] {taskinstance.py:2648} INFO - Exporting env vars: AIRFLOW_CTX_DAG_OWNER='***' AIRFLOW_CTX_DAG_ID='dag_moex' AIRFLOW_CTX_TASK_ID='task_TSLA' AIRFLOW_CTX_EXECUTION_DATE='2026-01-27T00:00:00+00:00' AIRFLOW_CTX_TRY_NUMBER='1' AIRFLOW_CTX_DAG_RUN_ID='scheduled__2026-01-27T00:00:00+00:00'
[2026-02-19T15:55:55.609+0000] {taskinstance.py:430} INFO - ::endgroup::
[2026-02-19T15:55:55.633+0000] {logging_mixin.py:188} WARNING - /opt/***/dags/stocks/scripts/api.py:9 FutureWarning: YF.download() has changed argument auto_adjust default to True
[2026-02-19T15:55:55.644+0000] {logging_mixin.py:188} WARNING - /home/***/.local/lib/python3.12/site-packages/yfinance/scrapers/history.py:204 Pandas4Warning: Timestamp.utcnow is deprecated and will be removed in a future version. Use Timestamp.now('UTC') instead.
[2026-02-19T15:55:56.341+0000] {logging_mixin.py:188} WARNING - [*********************100%***********************]  1 of 1 completed
[2026-02-19T15:55:56.368+0000] {base.py:84} INFO - Using connection ID 'pg_1' for task execution.
[2026-02-19T15:55:56.370+0000] {sql.py:254} WARNING - This setter is for backward compatibility and should not be used.
Since the introduction of connection property, the providers listed below breaks due to assigning value to self.connection in their __init__ method.
* apache-***-providers-mysql<5.7.1
* apache-***-providers-elasticsearch<5.5.1
* apache-***-providers-postgres<5.13.0
[2026-02-19T15:55:56.377+0000] {sql.py:896} INFO - Loaded 1 rows into stocks so far
[2026-02-19T15:55:56.377+0000] {sql.py:908} INFO - Done loading. Loaded a total of 1 rows into stocks
[2026-02-19T15:55:56.384+0000] {python.py:237} INFO - Done. Returned value was: None
[2026-02-19T15:55:56.385+0000] {taskinstance.py:441} INFO - ::group::Post task execution logs
[2026-02-19T15:55:56.398+0000] {taskinstance.py:1206} INFO - Marking task as SUCCESS. dag_id=dag_moex, task_id=task_TSLA, run_id=scheduled__2026-01-27T00:00:00+00:00, execution_date=20260127T000000, start_date=20260219T155555, end_date=20260219T155556
[2026-02-19T15:55:56.500+0000] {local_task_job_runner.py:243} INFO - Task exited with return code 0
[2026-02-19T15:55:56.529+0000] {taskinstance.py:3503} INFO - 0 downstream tasks scheduled from follow-on schedule check
[2026-02-19T15:55:56.536+0000] {local_task_job_runner.py:222} INFO - ::endgroup::
[2026-02-19T16:06:02.290+0000] {local_task_job_runner.py:120} INFO - ::group::Pre task execution logs
[2026-02-19T16:06:02.348+0000] {taskinstance.py:2076} INFO - Dependencies all met for dep_context=non-requeueable deps ti=<TaskInstance: dag_moex.task_TSLA scheduled__2026-01-27T00:00:00+00:00 [queued]>
[2026-02-19T16:06:02.360+0000] {taskinstance.py:2076} INFO - Dependencies all met for dep_context=requeueable deps ti=<TaskInstance: dag_moex.task_TSLA scheduled__2026-01-27T00:00:00+00:00 [queued]>
[2026-02-19T16:06:02.361+0000] {taskinstance.py:2306} INFO - Starting attempt 1 of 1
[2026-02-19T16:06:02.390+0000] {taskinstance.py:2330} INFO - Executing <Task(PythonOperator): task_TSLA> on 2026-01-27 00:00:00+00:00
[2026-02-19T16:06:02.410+0000] {logging_mixin.py:188} WARNING - /home/***/.local/lib/python3.12/site-packages/***/task/task_runner/standard_task_runner.py:62 DeprecationWarning: This process (pid=34652) is multi-threaded, use of fork() may lead to deadlocks in the child.
[2026-02-19T16:06:02.409+0000] {standard_task_runner.py:90} INFO - Running: ['***', 'tasks', 'run', 'dag_moex', 'task_TSLA', 'scheduled__2026-01-27T00:00:00+00:00', '--job-id', '1704', '--raw', '--subdir', 'DAGS_FOLDER/stocks/dag1.py', '--cfg-path', '/tmp/tmpvjk4qm6s']
[2026-02-19T16:06:02.414+0000] {standard_task_runner.py:64} INFO - Started process 34677 to run task
[2026-02-19T16:06:02.414+0000] {standard_task_runner.py:91} INFO - Job 1704: Subtask task_TSLA
[2026-02-19T16:06:02.519+0000] {task_command.py:426} INFO - Running <TaskInstance: dag_moex.task_TSLA scheduled__2026-01-27T00:00:00+00:00 [running]> on host cc036e7caf02
[2026-02-19T16:06:02.703+0000] {taskinstance.py:2648} INFO - Exporting env vars: AIRFLOW_CTX_DAG_OWNER='***' AIRFLOW_CTX_DAG_ID='dag_moex' AIRFLOW_CTX_TASK_ID='task_TSLA' AIRFLOW_CTX_EXECUTION_DATE='2026-01-27T00:00:00+00:00' AIRFLOW_CTX_TRY_NUMBER='1' AIRFLOW_CTX_DAG_RUN_ID='scheduled__2026-01-27T00:00:00+00:00'
[2026-02-19T16:06:02.707+0000] {taskinstance.py:430} INFO - ::endgroup::
[2026-02-19T16:06:02.727+0000] {logging_mixin.py:188} WARNING - /opt/***/dags/stocks/scripts/api.py:9 FutureWarning: YF.download() has changed argument auto_adjust default to True
[2026-02-19T16:06:02.740+0000] {logging_mixin.py:188} WARNING - /home/***/.local/lib/python3.12/site-packages/yfinance/scrapers/history.py:204 Pandas4Warning: Timestamp.utcnow is deprecated and will be removed in a future version. Use Timestamp.now('UTC') instead.
[2026-02-19T16:06:03.485+0000] {logging_mixin.py:188} WARNING - [*********************100%***********************]  1 of 1 completed
[2026-02-19T16:06:03.525+0000] {base.py:84} INFO - Using connection ID 'pg_1' for task execution.
[2026-02-19T16:06:03.529+0000] {sql.py:254} WARNING - This setter is for backward compatibility and should not be used.
Since the introduction of connection property, the providers listed below breaks due to assigning value to self.connection in their __init__ method.
* apache-***-providers-mysql<5.7.1
* apache-***-providers-elasticsearch<5.5.1
* apache-***-providers-postgres<5.13.0
[2026-02-19T16:06:03.555+0000] {taskinstance.py:441} INFO - ::group::Post task execution logs
[2026-02-19T16:06:03.558+0000] {taskinstance.py:2905} ERROR - Task failed with exception
Traceback (most recent call last):
  File "/home/airflow/.local/lib/python3.12/site-packages/airflow/models/taskinstance.py", line 465, in _execute_task
    result = _execute_callable(context=context, **execute_callable_kwargs)
             ^^^^^^^^^^^^^^^^^^^^^^^^^^^^^^^^^^^^^^^^^^^^^^^^^^^^^^^^^^^^^
  File "/home/airflow/.local/lib/python3.12/site-packages/airflow/models/taskinstance.py", line 432, in _execute_callable
    return execute_callable(context=context, **execute_callable_kwargs)
           ^^^^^^^^^^^^^^^^^^^^^^^^^^^^^^^^^^^^^^^^^^^^^^^^^^^^^^^^^^^^
  File "/home/airflow/.local/lib/python3.12/site-packages/airflow/models/baseoperator.py", line 401, in wrapper
    return func(self, *args, **kwargs)
           ^^^^^^^^^^^^^^^^^^^^^^^^^^^
  File "/home/airflow/.local/lib/python3.12/site-packages/airflow/operators/python.py", line 235, in execute
    return_value = self.execute_callable()
                   ^^^^^^^^^^^^^^^^^^^^^^^
  File "/home/airflow/.local/lib/python3.12/site-packages/airflow/operators/python.py", line 252, in execute_callable
    return self.python_callable(*self.op_args, **self.op_kwargs)
           ^^^^^^^^^^^^^^^^^^^^^^^^^^^^^^^^^^^^^^^^^^^^^^^^^^^^^
  File "/opt/airflow/dags/stocks/scripts/manager.py", line 23, in fetch_data
    postgresHook.insert_rows(table="stocks", rows=rows,
  File "/home/airflow/.local/lib/python3.12/site-packages/airflow/providers/common/sql/hooks/sql.py", line 893, in insert_rows
    cur.executemany(sql, values)
psycopg2.errors.UniqueViolation: duplicate key value violates unique constraint "stocks_pkey"
DETAIL:  Key (ticker, date)=(TSLA, 2026-01-26) already exists.

[2026-02-19T16:06:03.592+0000] {taskinstance.py:1206} INFO - Marking task as FAILED. dag_id=dag_moex, task_id=task_TSLA, run_id=scheduled__2026-01-27T00:00:00+00:00, execution_date=20260127T000000, start_date=20260219T160602, end_date=20260219T160603
[2026-02-19T16:06:03.799+0000] {standard_task_runner.py:110} ERROR - Failed to execute job 1704 for task task_TSLA (duplicate key value violates unique constraint "stocks_pkey"
DETAIL:  Key (ticker, date)=(TSLA, 2026-01-26) already exists.
; 34677)
[2026-02-19T16:06:03.876+0000] {local_task_job_runner.py:243} INFO - Task exited with return code 1
[2026-02-19T16:06:03.940+0000] {local_task_job_runner.py:222} INFO - ::endgroup::
[2026-02-19T16:07:15.564+0000] {local_task_job_runner.py:120} INFO - ::group::Pre task execution logs
[2026-02-19T16:07:15.618+0000] {taskinstance.py:2076} INFO - Dependencies all met for dep_context=non-requeueable deps ti=<TaskInstance: dag_moex.task_TSLA scheduled__2026-01-27T00:00:00+00:00 [queued]>
[2026-02-19T16:07:15.633+0000] {taskinstance.py:2076} INFO - Dependencies all met for dep_context=requeueable deps ti=<TaskInstance: dag_moex.task_TSLA scheduled__2026-01-27T00:00:00+00:00 [queued]>
[2026-02-19T16:07:15.636+0000] {taskinstance.py:2306} INFO - Starting attempt 1 of 1
[2026-02-19T16:07:15.681+0000] {taskinstance.py:2330} INFO - Executing <Task(PythonOperator): task_TSLA> on 2026-01-27 00:00:00+00:00
[2026-02-19T16:07:15.701+0000] {logging_mixin.py:188} WARNING - /home/***/.local/lib/python3.12/site-packages/***/task/task_runner/standard_task_runner.py:62 DeprecationWarning: This process (pid=34824) is multi-threaded, use of fork() may lead to deadlocks in the child.
[2026-02-19T16:07:15.703+0000] {standard_task_runner.py:64} INFO - Started process 34843 to run task
[2026-02-19T16:07:15.701+0000] {standard_task_runner.py:90} INFO - Running: ['***', 'tasks', 'run', 'dag_moex', 'task_TSLA', 'scheduled__2026-01-27T00:00:00+00:00', '--job-id', '1739', '--raw', '--subdir', 'DAGS_FOLDER/stocks/dag1.py', '--cfg-path', '/tmp/tmp_apqhmyd']
[2026-02-19T16:07:15.704+0000] {standard_task_runner.py:91} INFO - Job 1739: Subtask task_TSLA
[2026-02-19T16:07:15.783+0000] {task_command.py:426} INFO - Running <TaskInstance: dag_moex.task_TSLA scheduled__2026-01-27T00:00:00+00:00 [running]> on host cc036e7caf02
[2026-02-19T16:07:15.966+0000] {taskinstance.py:2648} INFO - Exporting env vars: AIRFLOW_CTX_DAG_OWNER='***' AIRFLOW_CTX_DAG_ID='dag_moex' AIRFLOW_CTX_TASK_ID='task_TSLA' AIRFLOW_CTX_EXECUTION_DATE='2026-01-27T00:00:00+00:00' AIRFLOW_CTX_TRY_NUMBER='1' AIRFLOW_CTX_DAG_RUN_ID='scheduled__2026-01-27T00:00:00+00:00'
[2026-02-19T16:07:15.967+0000] {taskinstance.py:430} INFO - ::endgroup::
[2026-02-19T16:07:15.995+0000] {logging_mixin.py:188} WARNING - /opt/***/dags/stocks/scripts/api.py:9 FutureWarning: YF.download() has changed argument auto_adjust default to True
[2026-02-19T16:07:16.007+0000] {logging_mixin.py:188} WARNING - /home/***/.local/lib/python3.12/site-packages/yfinance/scrapers/history.py:204 Pandas4Warning: Timestamp.utcnow is deprecated and will be removed in a future version. Use Timestamp.now('UTC') instead.
[2026-02-19T16:07:16.820+0000] {logging_mixin.py:188} WARNING - [*********************100%***********************]  1 of 1 completed
[2026-02-19T16:07:16.860+0000] {base.py:84} INFO - Using connection ID 'pg_1' for task execution.
[2026-02-19T16:07:16.861+0000] {sql.py:254} WARNING - This setter is for backward compatibility and should not be used.
Since the introduction of connection property, the providers listed below breaks due to assigning value to self.connection in their __init__ method.
* apache-***-providers-mysql<5.7.1
* apache-***-providers-elasticsearch<5.5.1
* apache-***-providers-postgres<5.13.0
[2026-02-19T16:07:16.867+0000] {taskinstance.py:441} INFO - ::group::Post task execution logs
[2026-02-19T16:07:16.869+0000] {taskinstance.py:2905} ERROR - Task failed with exception
Traceback (most recent call last):
  File "/home/airflow/.local/lib/python3.12/site-packages/airflow/models/taskinstance.py", line 465, in _execute_task
    result = _execute_callable(context=context, **execute_callable_kwargs)
             ^^^^^^^^^^^^^^^^^^^^^^^^^^^^^^^^^^^^^^^^^^^^^^^^^^^^^^^^^^^^^
  File "/home/airflow/.local/lib/python3.12/site-packages/airflow/models/taskinstance.py", line 432, in _execute_callable
    return execute_callable(context=context, **execute_callable_kwargs)
           ^^^^^^^^^^^^^^^^^^^^^^^^^^^^^^^^^^^^^^^^^^^^^^^^^^^^^^^^^^^^
  File "/home/airflow/.local/lib/python3.12/site-packages/airflow/models/baseoperator.py", line 401, in wrapper
    return func(self, *args, **kwargs)
           ^^^^^^^^^^^^^^^^^^^^^^^^^^^
  File "/home/airflow/.local/lib/python3.12/site-packages/airflow/operators/python.py", line 235, in execute
    return_value = self.execute_callable()
                   ^^^^^^^^^^^^^^^^^^^^^^^
  File "/home/airflow/.local/lib/python3.12/site-packages/airflow/operators/python.py", line 252, in execute_callable
    return self.python_callable(*self.op_args, **self.op_kwargs)
           ^^^^^^^^^^^^^^^^^^^^^^^^^^^^^^^^^^^^^^^^^^^^^^^^^^^^^
  File "/opt/airflow/dags/stocks/scripts/manager.py", line 23, in fetch_data
    postgresHook.insert_rows(table="stocks", rows=rows,
  File "/home/airflow/.local/lib/python3.12/site-packages/airflow/providers/common/sql/hooks/sql.py", line 893, in insert_rows
    cur.executemany(sql, values)
psycopg2.errors.UniqueViolation: duplicate key value violates unique constraint "stocks_pkey"
DETAIL:  Key (ticker, date)=(TSLA, 2026-01-26) already exists.

[2026-02-19T16:07:16.886+0000] {taskinstance.py:1206} INFO - Marking task as FAILED. dag_id=dag_moex, task_id=task_TSLA, run_id=scheduled__2026-01-27T00:00:00+00:00, execution_date=20260127T000000, start_date=20260219T160715, end_date=20260219T160716
[2026-02-19T16:07:16.944+0000] {standard_task_runner.py:110} ERROR - Failed to execute job 1739 for task task_TSLA (duplicate key value violates unique constraint "stocks_pkey"
DETAIL:  Key (ticker, date)=(TSLA, 2026-01-26) already exists.
; 34843)
[2026-02-19T16:07:16.981+0000] {local_task_job_runner.py:243} INFO - Task exited with return code 1
[2026-02-19T16:07:17.034+0000] {taskinstance.py:3503} INFO - 0 downstream tasks scheduled from follow-on schedule check
[2026-02-19T16:07:17.046+0000] {local_task_job_runner.py:222} INFO - ::endgroup::
[2026-02-19T16:14:31.286+0000] {local_task_job_runner.py:120} INFO - ::group::Pre task execution logs
[2026-02-19T16:14:31.330+0000] {taskinstance.py:2066} INFO - Dependencies not met for <TaskInstance: dag_moex.task_TSLA scheduled__2026-01-27T00:00:00+00:00 [queued]>, dependency 'Previous Dagrun State' FAILED: depends_on_past is true for this task, but 1 previous task instance(s) are not in a successful state.
[2026-02-19T16:14:31.339+0000] {local_task_job_runner.py:163} INFO - Task is not able to be run
[2026-02-19T16:19:09.076+0000] {local_task_job_runner.py:120} INFO - ::group::Pre task execution logs
[2026-02-19T16:19:09.110+0000] {taskinstance.py:2076} INFO - Dependencies all met for dep_context=non-requeueable deps ti=<TaskInstance: dag_moex.task_TSLA scheduled__2026-01-27T00:00:00+00:00 [queued]>
[2026-02-19T16:19:09.117+0000] {taskinstance.py:2076} INFO - Dependencies all met for dep_context=requeueable deps ti=<TaskInstance: dag_moex.task_TSLA scheduled__2026-01-27T00:00:00+00:00 [queued]>
[2026-02-19T16:19:09.117+0000] {taskinstance.py:2306} INFO - Starting attempt 1 of 1
[2026-02-19T16:19:09.127+0000] {taskinstance.py:2330} INFO - Executing <Task(PythonOperator): task_TSLA> on 2026-01-27 00:00:00+00:00
[2026-02-19T16:19:09.133+0000] {logging_mixin.py:188} WARNING - /home/***/.local/lib/python3.12/site-packages/***/task/task_runner/standard_task_runner.py:62 DeprecationWarning: This process (pid=35380) is multi-threaded, use of fork() may lead to deadlocks in the child.
[2026-02-19T16:19:09.134+0000] {standard_task_runner.py:64} INFO - Started process 35382 to run task
[2026-02-19T16:19:09.133+0000] {standard_task_runner.py:90} INFO - Running: ['***', 'tasks', 'run', 'dag_moex', 'task_TSLA', 'scheduled__2026-01-27T00:00:00+00:00', '--job-id', '1809', '--raw', '--subdir', 'DAGS_FOLDER/stocks/dag1.py', '--cfg-path', '/tmp/tmpsa31hljn']
[2026-02-19T16:19:09.135+0000] {standard_task_runner.py:91} INFO - Job 1809: Subtask task_TSLA
[2026-02-19T16:19:09.170+0000] {task_command.py:426} INFO - Running <TaskInstance: dag_moex.task_TSLA scheduled__2026-01-27T00:00:00+00:00 [running]> on host cc036e7caf02
[2026-02-19T16:19:09.238+0000] {taskinstance.py:2648} INFO - Exporting env vars: AIRFLOW_CTX_DAG_OWNER='***' AIRFLOW_CTX_DAG_ID='dag_moex' AIRFLOW_CTX_TASK_ID='task_TSLA' AIRFLOW_CTX_EXECUTION_DATE='2026-01-27T00:00:00+00:00' AIRFLOW_CTX_TRY_NUMBER='1' AIRFLOW_CTX_DAG_RUN_ID='scheduled__2026-01-27T00:00:00+00:00'
[2026-02-19T16:19:09.239+0000] {taskinstance.py:430} INFO - ::endgroup::
[2026-02-19T16:19:09.254+0000] {logging_mixin.py:188} WARNING - /opt/***/dags/stocks/scripts/api.py:9 FutureWarning: YF.download() has changed argument auto_adjust default to True
[2026-02-19T16:19:09.262+0000] {logging_mixin.py:188} WARNING - /home/***/.local/lib/python3.12/site-packages/yfinance/scrapers/history.py:204 Pandas4Warning: Timestamp.utcnow is deprecated and will be removed in a future version. Use Timestamp.now('UTC') instead.
[2026-02-19T16:19:09.983+0000] {logging_mixin.py:188} WARNING - [*********************100%***********************]  1 of 1 completed
[2026-02-19T16:19:10.001+0000] {base.py:84} INFO - Using connection ID 'pg_1' for task execution.
[2026-02-19T16:19:10.002+0000] {sql.py:254} WARNING - This setter is for backward compatibility and should not be used.
Since the introduction of connection property, the providers listed below breaks due to assigning value to self.connection in their __init__ method.
* apache-***-providers-mysql<5.7.1
* apache-***-providers-elasticsearch<5.5.1
* apache-***-providers-postgres<5.13.0
[2026-02-19T16:19:10.006+0000] {manager.py:26} INFO - [['TSLA', Timestamp('2026-01-26 00:00:00'), 435.20001220703125, 445.0400085449219, 434.2799987792969, 445.0, 49397400], ['TSLA', Timestamp('2026-01-27 00:00:00'), 430.8999938964844, 437.5199890136719, 430.69000244140625, 437.4100036621094, 37733100]]
[2026-02-19T16:19:10.012+0000] {python.py:237} INFO - Done. Returned value was: None
[2026-02-19T16:19:10.014+0000] {taskinstance.py:441} INFO - ::group::Post task execution logs
[2026-02-19T16:19:10.022+0000] {taskinstance.py:1206} INFO - Marking task as SUCCESS. dag_id=dag_moex, task_id=task_TSLA, run_id=scheduled__2026-01-27T00:00:00+00:00, execution_date=20260127T000000, start_date=20260219T161909, end_date=20260219T161910
[2026-02-19T16:19:10.069+0000] {local_task_job_runner.py:243} INFO - Task exited with return code 0
[2026-02-19T16:19:10.087+0000] {taskinstance.py:3503} INFO - 0 downstream tasks scheduled from follow-on schedule check
[2026-02-19T16:19:10.090+0000] {local_task_job_runner.py:222} INFO - ::endgroup::
[2026-02-19T16:33:23.861+0000] {local_task_job_runner.py:120} INFO - ::group::Pre task execution logs
[2026-02-19T16:33:23.893+0000] {taskinstance.py:2076} INFO - Dependencies all met for dep_context=non-requeueable deps ti=<TaskInstance: dag_moex.task_TSLA scheduled__2026-01-27T00:00:00+00:00 [queued]>
[2026-02-19T16:33:23.900+0000] {taskinstance.py:2076} INFO - Dependencies all met for dep_context=requeueable deps ti=<TaskInstance: dag_moex.task_TSLA scheduled__2026-01-27T00:00:00+00:00 [queued]>
[2026-02-19T16:33:23.901+0000] {taskinstance.py:2306} INFO - Starting attempt 1 of 1
[2026-02-19T16:33:23.912+0000] {taskinstance.py:2330} INFO - Executing <Task(PythonOperator): task_TSLA> on 2026-01-27 00:00:00+00:00
[2026-02-19T16:33:23.919+0000] {logging_mixin.py:188} WARNING - /home/***/.local/lib/python3.12/site-packages/***/task/task_runner/standard_task_runner.py:62 DeprecationWarning: This process (pid=35882) is multi-threaded, use of fork() may lead to deadlocks in the child.
[2026-02-19T16:33:23.920+0000] {standard_task_runner.py:64} INFO - Started process 35884 to run task
[2026-02-19T16:33:23.919+0000] {standard_task_runner.py:90} INFO - Running: ['***', 'tasks', 'run', 'dag_moex', 'task_TSLA', 'scheduled__2026-01-27T00:00:00+00:00', '--job-id', '1849', '--raw', '--subdir', 'DAGS_FOLDER/stocks/dag1.py', '--cfg-path', '/tmp/tmpk3t3y3gw']
[2026-02-19T16:33:23.921+0000] {standard_task_runner.py:91} INFO - Job 1849: Subtask task_TSLA
[2026-02-19T16:33:23.962+0000] {task_command.py:426} INFO - Running <TaskInstance: dag_moex.task_TSLA scheduled__2026-01-27T00:00:00+00:00 [running]> on host cc036e7caf02
[2026-02-19T16:33:24.031+0000] {taskinstance.py:2648} INFO - Exporting env vars: AIRFLOW_CTX_DAG_OWNER='***' AIRFLOW_CTX_DAG_ID='dag_moex' AIRFLOW_CTX_TASK_ID='task_TSLA' AIRFLOW_CTX_EXECUTION_DATE='2026-01-27T00:00:00+00:00' AIRFLOW_CTX_TRY_NUMBER='1' AIRFLOW_CTX_DAG_RUN_ID='scheduled__2026-01-27T00:00:00+00:00'
[2026-02-19T16:33:24.032+0000] {taskinstance.py:430} INFO - ::endgroup::
[2026-02-19T16:33:24.042+0000] {logging_mixin.py:188} WARNING - /opt/***/dags/stocks/scripts/api.py:9 FutureWarning: YF.download() has changed argument auto_adjust default to True
[2026-02-19T16:33:24.048+0000] {logging_mixin.py:188} WARNING - /home/***/.local/lib/python3.12/site-packages/yfinance/scrapers/history.py:204 Pandas4Warning: Timestamp.utcnow is deprecated and will be removed in a future version. Use Timestamp.now('UTC') instead.
[2026-02-19T16:33:24.815+0000] {logging_mixin.py:188} WARNING - [*********************100%***********************]  1 of 1 completed
[2026-02-19T16:33:24.829+0000] {python.py:237} INFO - Done. Returned value was: None
[2026-02-19T16:33:24.829+0000] {taskinstance.py:441} INFO - ::group::Post task execution logs
[2026-02-19T16:33:24.836+0000] {taskinstance.py:1206} INFO - Marking task as SUCCESS. dag_id=dag_moex, task_id=task_TSLA, run_id=scheduled__2026-01-27T00:00:00+00:00, execution_date=20260127T000000, start_date=20260219T163323, end_date=20260219T163324
[2026-02-19T16:33:24.856+0000] {local_task_job_runner.py:243} INFO - Task exited with return code 0
[2026-02-19T16:33:24.874+0000] {taskinstance.py:3503} INFO - 0 downstream tasks scheduled from follow-on schedule check
[2026-02-19T16:33:24.877+0000] {local_task_job_runner.py:222} INFO - ::endgroup::
[2026-02-23T03:51:52.035+0000] {local_task_job_runner.py:120} INFO - ::group::Pre task execution logs
[2026-02-23T03:51:52.075+0000] {taskinstance.py:2076} INFO - Dependencies all met for dep_context=non-requeueable deps ti=<TaskInstance: dag_moex.task_TSLA scheduled__2026-01-27T00:00:00+00:00 [queued]>
[2026-02-23T03:51:52.085+0000] {taskinstance.py:2076} INFO - Dependencies all met for dep_context=requeueable deps ti=<TaskInstance: dag_moex.task_TSLA scheduled__2026-01-27T00:00:00+00:00 [queued]>
[2026-02-23T03:51:52.085+0000] {taskinstance.py:2306} INFO - Starting attempt 1 of 1
[2026-02-23T03:51:52.143+0000] {taskinstance.py:2330} INFO - Executing <Task(PythonOperator): task_TSLA> on 2026-01-27 00:00:00+00:00
[2026-02-23T03:51:52.157+0000] {standard_task_runner.py:90} INFO - Running: ['***', 'tasks', 'run', 'dag_moex', 'task_TSLA', 'scheduled__2026-01-27T00:00:00+00:00', '--job-id', '2003', '--raw', '--subdir', 'DAGS_FOLDER/stocks/dag1.py', '--cfg-path', '/tmp/tmpl34wg643']
[2026-02-23T03:51:52.162+0000] {standard_task_runner.py:91} INFO - Job 2003: Subtask task_TSLA
[2026-02-23T03:51:52.159+0000] {logging_mixin.py:188} WARNING - /home/***/.local/lib/python3.12/site-packages/***/task/task_runner/standard_task_runner.py:62 DeprecationWarning: This process (pid=1384) is multi-threaded, use of fork() may lead to deadlocks in the child.
[2026-02-23T03:51:52.173+0000] {standard_task_runner.py:64} INFO - Started process 1403 to run task
[2026-02-23T03:51:52.253+0000] {task_command.py:426} INFO - Running <TaskInstance: dag_moex.task_TSLA scheduled__2026-01-27T00:00:00+00:00 [running]> on host c6ea4dedb566
[2026-02-23T03:51:52.401+0000] {taskinstance.py:2648} INFO - Exporting env vars: AIRFLOW_CTX_DAG_OWNER='***' AIRFLOW_CTX_DAG_ID='dag_moex' AIRFLOW_CTX_TASK_ID='task_TSLA' AIRFLOW_CTX_EXECUTION_DATE='2026-01-27T00:00:00+00:00' AIRFLOW_CTX_TRY_NUMBER='1' AIRFLOW_CTX_DAG_RUN_ID='scheduled__2026-01-27T00:00:00+00:00'
[2026-02-23T03:51:52.403+0000] {taskinstance.py:430} INFO - ::endgroup::
[2026-02-23T03:51:52.421+0000] {logging_mixin.py:188} WARNING - /opt/***/dags/stocks/scripts/api.py:9 FutureWarning: YF.download() has changed argument auto_adjust default to True
[2026-02-23T03:51:52.432+0000] {logging_mixin.py:188} WARNING - /home/***/.local/lib/python3.12/site-packages/yfinance/scrapers/history.py:204 Pandas4Warning: Timestamp.utcnow is deprecated and will be removed in a future version. Use Timestamp.now('UTC') instead.
[2026-02-23T03:51:53.146+0000] {logging_mixin.py:188} WARNING - [*********************100%***********************]  1 of 1 completed
[2026-02-23T03:51:53.180+0000] {base.py:84} INFO - Using connection ID 'pg_1' for task execution.
[2026-02-23T03:51:53.183+0000] {sql.py:254} WARNING - This setter is for backward compatibility and should not be used.
Since the introduction of connection property, the providers listed below breaks due to assigning value to self.connection in their __init__ method.
* apache-***-providers-mysql<5.7.1
* apache-***-providers-elasticsearch<5.5.1
* apache-***-providers-postgres<5.13.0
[2026-02-23T03:51:53.198+0000] {sql.py:896} INFO - Loaded 1 rows into stocks so far
[2026-02-23T03:51:53.199+0000] {sql.py:908} INFO - Done loading. Loaded a total of 1 rows into stocks
[2026-02-23T03:51:53.209+0000] {python.py:237} INFO - Done. Returned value was: None
[2026-02-23T03:51:53.210+0000] {taskinstance.py:441} INFO - ::group::Post task execution logs
[2026-02-23T03:51:53.226+0000] {taskinstance.py:1206} INFO - Marking task as SUCCESS. dag_id=dag_moex, task_id=task_TSLA, run_id=scheduled__2026-01-27T00:00:00+00:00, execution_date=20260127T000000, start_date=20260223T035152, end_date=20260223T035153
[2026-02-23T03:51:53.419+0000] {local_task_job_runner.py:243} INFO - Task exited with return code 0
[2026-02-23T03:51:53.438+0000] {taskinstance.py:3503} INFO - 0 downstream tasks scheduled from follow-on schedule check
[2026-02-23T03:51:53.440+0000] {local_task_job_runner.py:222} INFO - ::endgroup::
[2026-02-23T03:52:13.788+0000] {local_task_job_runner.py:120} INFO - ::group::Pre task execution logs
[2026-02-23T03:52:13.810+0000] {taskinstance.py:2076} INFO - Dependencies all met for dep_context=non-requeueable deps ti=<TaskInstance: dag_moex.task_TSLA scheduled__2026-01-27T00:00:00+00:00 [queued]>
[2026-02-23T03:52:13.816+0000] {taskinstance.py:2076} INFO - Dependencies all met for dep_context=requeueable deps ti=<TaskInstance: dag_moex.task_TSLA scheduled__2026-01-27T00:00:00+00:00 [queued]>
[2026-02-23T03:52:13.817+0000] {taskinstance.py:2306} INFO - Starting attempt 1 of 1
[2026-02-23T03:52:13.826+0000] {taskinstance.py:2330} INFO - Executing <Task(PythonOperator): task_TSLA> on 2026-01-27 00:00:00+00:00
[2026-02-23T03:52:13.834+0000] {logging_mixin.py:188} WARNING - /home/***/.local/lib/python3.12/site-packages/***/task/task_runner/standard_task_runner.py:62 DeprecationWarning: This process (pid=1451) is multi-threaded, use of fork() may lead to deadlocks in the child.
[2026-02-23T03:52:13.834+0000] {standard_task_runner.py:64} INFO - Started process 1453 to run task
[2026-02-23T03:52:13.834+0000] {standard_task_runner.py:90} INFO - Running: ['***', 'tasks', 'run', 'dag_moex', 'task_TSLA', 'scheduled__2026-01-27T00:00:00+00:00', '--job-id', '2017', '--raw', '--subdir', 'DAGS_FOLDER/stocks/dag1.py', '--cfg-path', '/tmp/tmphlnmswit']
[2026-02-23T03:52:13.836+0000] {standard_task_runner.py:91} INFO - Job 2017: Subtask task_TSLA
[2026-02-23T03:52:13.869+0000] {task_command.py:426} INFO - Running <TaskInstance: dag_moex.task_TSLA scheduled__2026-01-27T00:00:00+00:00 [running]> on host c6ea4dedb566
[2026-02-23T03:52:13.926+0000] {taskinstance.py:2648} INFO - Exporting env vars: AIRFLOW_CTX_DAG_OWNER='***' AIRFLOW_CTX_DAG_ID='dag_moex' AIRFLOW_CTX_TASK_ID='task_TSLA' AIRFLOW_CTX_EXECUTION_DATE='2026-01-27T00:00:00+00:00' AIRFLOW_CTX_TRY_NUMBER='1' AIRFLOW_CTX_DAG_RUN_ID='scheduled__2026-01-27T00:00:00+00:00'
[2026-02-23T03:52:13.927+0000] {taskinstance.py:430} INFO - ::endgroup::
[2026-02-23T03:52:13.937+0000] {logging_mixin.py:188} WARNING - /opt/***/dags/stocks/scripts/api.py:9 FutureWarning: YF.download() has changed argument auto_adjust default to True
[2026-02-23T03:52:13.943+0000] {logging_mixin.py:188} WARNING - /home/***/.local/lib/python3.12/site-packages/yfinance/scrapers/history.py:204 Pandas4Warning: Timestamp.utcnow is deprecated and will be removed in a future version. Use Timestamp.now('UTC') instead.
[2026-02-23T03:52:15.693+0000] {logging_mixin.py:188} WARNING - [*********************100%***********************]  1 of 1 completed
[2026-02-23T03:52:15.709+0000] {base.py:84} INFO - Using connection ID 'pg_1' for task execution.
[2026-02-23T03:52:15.709+0000] {sql.py:254} WARNING - This setter is for backward compatibility and should not be used.
Since the introduction of connection property, the providers listed below breaks due to assigning value to self.connection in their __init__ method.
* apache-***-providers-mysql<5.7.1
* apache-***-providers-elasticsearch<5.5.1
* apache-***-providers-postgres<5.13.0
[2026-02-23T03:52:15.713+0000] {manager.py:27} INFO - [['TSLA', Timestamp('2026-01-27 00:00:00'), 430.8999938964844, 437.5199890136719, 430.69000244140625, 437.4100036621094, 37733100]]
[2026-02-23T03:52:15.714+0000] {taskinstance.py:441} INFO - ::group::Post task execution logs
[2026-02-23T03:52:15.714+0000] {taskinstance.py:2905} ERROR - Task failed with exception
Traceback (most recent call last):
  File "/opt/airflow/dags/stocks/scripts/manager.py", line 24, in fetch_data
    postgresHook.insert_rows(table="stocks", rows=rows,
  File "/home/airflow/.local/lib/python3.12/site-packages/airflow/providers/common/sql/hooks/sql.py", line 893, in insert_rows
    cur.executemany(sql, values)
psycopg2.errors.UniqueViolation: duplicate key value violates unique constraint "stocks_pkey"
DETAIL:  Key (ticker, date)=(TSLA, 2026-01-27) already exists.


During handling of the above exception, another exception occurred:

Traceback (most recent call last):
  File "/home/airflow/.local/lib/python3.12/site-packages/airflow/models/taskinstance.py", line 465, in _execute_task
    result = _execute_callable(context=context, **execute_callable_kwargs)
             ^^^^^^^^^^^^^^^^^^^^^^^^^^^^^^^^^^^^^^^^^^^^^^^^^^^^^^^^^^^^^
  File "/home/airflow/.local/lib/python3.12/site-packages/airflow/models/taskinstance.py", line 432, in _execute_callable
    return execute_callable(context=context, **execute_callable_kwargs)
           ^^^^^^^^^^^^^^^^^^^^^^^^^^^^^^^^^^^^^^^^^^^^^^^^^^^^^^^^^^^^
  File "/home/airflow/.local/lib/python3.12/site-packages/airflow/models/baseoperator.py", line 401, in wrapper
    return func(self, *args, **kwargs)
           ^^^^^^^^^^^^^^^^^^^^^^^^^^^
  File "/home/airflow/.local/lib/python3.12/site-packages/airflow/operators/python.py", line 235, in execute
    return_value = self.execute_callable()
                   ^^^^^^^^^^^^^^^^^^^^^^^
  File "/home/airflow/.local/lib/python3.12/site-packages/airflow/operators/python.py", line 252, in execute_callable
    return self.python_callable(*self.op_args, **self.op_kwargs)
           ^^^^^^^^^^^^^^^^^^^^^^^^^^^^^^^^^^^^^^^^^^^^^^^^^^^^^
  File "/opt/airflow/dags/stocks/scripts/manager.py", line 28, in fetch_data
    raise AirflowFailException("ошибка")
airflow.exceptions.AirflowFailException: ошибка
[2026-02-23T03:52:15.726+0000] {taskinstance.py:1206} INFO - Immediate failure requested. Marking task as FAILED. dag_id=dag_moex, task_id=task_TSLA, run_id=scheduled__2026-01-27T00:00:00+00:00, execution_date=20260127T000000, start_date=20260223T035213, end_date=20260223T035215
[2026-02-23T03:52:15.735+0000] {standard_task_runner.py:110} ERROR - Failed to execute job 2017 for task task_TSLA (ошибка; 1453)
[2026-02-23T03:52:15.780+0000] {local_task_job_runner.py:243} INFO - Task exited with return code 1
[2026-02-23T03:52:15.795+0000] {taskinstance.py:3503} INFO - 0 downstream tasks scheduled from follow-on schedule check
[2026-02-23T03:52:15.808+0000] {local_task_job_runner.py:222} INFO - ::endgroup::
[2026-02-23T03:56:03.011+0000] {local_task_job_runner.py:120} INFO - ::group::Pre task execution logs
[2026-02-23T03:56:03.031+0000] {taskinstance.py:2076} INFO - Dependencies all met for dep_context=non-requeueable deps ti=<TaskInstance: dag_moex.task_TSLA scheduled__2026-01-27T00:00:00+00:00 [queued]>
[2026-02-23T03:56:03.038+0000] {taskinstance.py:2076} INFO - Dependencies all met for dep_context=requeueable deps ti=<TaskInstance: dag_moex.task_TSLA scheduled__2026-01-27T00:00:00+00:00 [queued]>
[2026-02-23T03:56:03.039+0000] {taskinstance.py:2306} INFO - Starting attempt 1 of 1
[2026-02-23T03:56:03.047+0000] {taskinstance.py:2330} INFO - Executing <Task(PythonOperator): task_TSLA> on 2026-01-27 00:00:00+00:00
[2026-02-23T03:56:03.053+0000] {logging_mixin.py:188} WARNING - /home/***/.local/lib/python3.12/site-packages/***/task/task_runner/standard_task_runner.py:62 DeprecationWarning: This process (pid=1715) is multi-threaded, use of fork() may lead to deadlocks in the child.
[2026-02-23T03:56:03.054+0000] {standard_task_runner.py:64} INFO - Started process 1717 to run task
[2026-02-23T03:56:03.053+0000] {standard_task_runner.py:90} INFO - Running: ['***', 'tasks', 'run', 'dag_moex', 'task_TSLA', 'scheduled__2026-01-27T00:00:00+00:00', '--job-id', '2058', '--raw', '--subdir', 'DAGS_FOLDER/stocks/dag1.py', '--cfg-path', '/tmp/tmp18890_yp']
[2026-02-23T03:56:03.055+0000] {standard_task_runner.py:91} INFO - Job 2058: Subtask task_TSLA
[2026-02-23T03:56:03.085+0000] {task_command.py:426} INFO - Running <TaskInstance: dag_moex.task_TSLA scheduled__2026-01-27T00:00:00+00:00 [running]> on host c6ea4dedb566
[2026-02-23T03:56:03.141+0000] {taskinstance.py:2648} INFO - Exporting env vars: AIRFLOW_CTX_DAG_OWNER='***' AIRFLOW_CTX_DAG_ID='dag_moex' AIRFLOW_CTX_TASK_ID='task_TSLA' AIRFLOW_CTX_EXECUTION_DATE='2026-01-27T00:00:00+00:00' AIRFLOW_CTX_TRY_NUMBER='1' AIRFLOW_CTX_DAG_RUN_ID='scheduled__2026-01-27T00:00:00+00:00'
[2026-02-23T03:56:03.142+0000] {taskinstance.py:430} INFO - ::endgroup::
[2026-02-23T03:56:03.152+0000] {logging_mixin.py:188} WARNING - /opt/***/dags/stocks/scripts/api.py:9 FutureWarning: YF.download() has changed argument auto_adjust default to True
[2026-02-23T03:56:03.158+0000] {logging_mixin.py:188} WARNING - /home/***/.local/lib/python3.12/site-packages/yfinance/scrapers/history.py:204 Pandas4Warning: Timestamp.utcnow is deprecated and will be removed in a future version. Use Timestamp.now('UTC') instead.
[2026-02-23T03:56:03.784+0000] {logging_mixin.py:188} WARNING - [*********************100%***********************]  1 of 1 completed
[2026-02-23T03:56:03.796+0000] {base.py:84} INFO - Using connection ID 'pg_1' for task execution.
[2026-02-23T03:56:03.797+0000] {sql.py:254} WARNING - This setter is for backward compatibility and should not be used.
Since the introduction of connection property, the providers listed below breaks due to assigning value to self.connection in their __init__ method.
* apache-***-providers-mysql<5.7.1
* apache-***-providers-elasticsearch<5.5.1
* apache-***-providers-postgres<5.13.0
[2026-02-23T03:56:03.814+0000] {sql.py:896} INFO - Loaded 1 rows into stocks so far
[2026-02-23T03:56:03.815+0000] {sql.py:908} INFO - Done loading. Loaded a total of 1 rows into stocks
[2026-02-23T03:56:03.818+0000] {python.py:237} INFO - Done. Returned value was: None
[2026-02-23T03:56:03.819+0000] {taskinstance.py:441} INFO - ::group::Post task execution logs
[2026-02-23T03:56:03.824+0000] {taskinstance.py:1206} INFO - Marking task as SUCCESS. dag_id=dag_moex, task_id=task_TSLA, run_id=scheduled__2026-01-27T00:00:00+00:00, execution_date=20260127T000000, start_date=20260223T035603, end_date=20260223T035603
[2026-02-23T03:56:03.869+0000] {local_task_job_runner.py:243} INFO - Task exited with return code 0
[2026-02-23T03:56:03.880+0000] {taskinstance.py:3503} INFO - 0 downstream tasks scheduled from follow-on schedule check
[2026-02-23T03:56:03.887+0000] {local_task_job_runner.py:222} INFO - ::endgroup::
