[2026-02-18T07:04:40.664+0000] {local_task_job_runner.py:120} INFO - ::group::Pre task execution logs
[2026-02-18T07:04:40.737+0000] {taskinstance.py:2076} INFO - Dependencies all met for dep_context=non-requeueable deps ti=<TaskInstance: dag_moex.task_GOOG scheduled__2026-02-14T00:00:00+00:00 [queued]>
[2026-02-18T07:04:40.757+0000] {taskinstance.py:2076} INFO - Dependencies all met for dep_context=requeueable deps ti=<TaskInstance: dag_moex.task_GOOG scheduled__2026-02-14T00:00:00+00:00 [queued]>
[2026-02-18T07:04:40.758+0000] {taskinstance.py:2306} INFO - Starting attempt 1 of 1
[2026-02-18T07:04:40.791+0000] {taskinstance.py:2330} INFO - Executing <Task(PythonOperator): task_GOOG> on 2026-02-14 00:00:00+00:00
[2026-02-18T07:04:40.809+0000] {logging_mixin.py:188} WARNING - /home/***/.local/lib/python3.12/site-packages/***/task/task_runner/standard_task_runner.py:62 DeprecationWarning: This process (pid=768) is multi-threaded, use of fork() may lead to deadlocks in the child.
[2026-02-18T07:04:40.812+0000] {standard_task_runner.py:64} INFO - Started process 794 to run task
[2026-02-18T07:04:40.811+0000] {standard_task_runner.py:90} INFO - Running: ['***', 'tasks', 'run', 'dag_moex', 'task_GOOG', 'scheduled__2026-02-14T00:00:00+00:00', '--job-id', '306', '--raw', '--subdir', 'DAGS_FOLDER/stocks/dag1.py', '--cfg-path', '/tmp/tmpbqz0uwep']
[2026-02-18T07:04:40.820+0000] {standard_task_runner.py:91} INFO - Job 306: Subtask task_GOOG
[2026-02-18T07:04:40.942+0000] {task_command.py:426} INFO - Running <TaskInstance: dag_moex.task_GOOG scheduled__2026-02-14T00:00:00+00:00 [running]> on host cc036e7caf02
[2026-02-18T07:04:41.083+0000] {taskinstance.py:2648} INFO - Exporting env vars: AIRFLOW_CTX_DAG_OWNER='***' AIRFLOW_CTX_DAG_ID='dag_moex' AIRFLOW_CTX_TASK_ID='task_GOOG' AIRFLOW_CTX_EXECUTION_DATE='2026-02-14T00:00:00+00:00' AIRFLOW_CTX_TRY_NUMBER='1' AIRFLOW_CTX_DAG_RUN_ID='scheduled__2026-02-14T00:00:00+00:00'
[2026-02-18T07:04:41.084+0000] {taskinstance.py:430} INFO - ::endgroup::
[2026-02-18T07:04:41.099+0000] {manager.py:8} INFO - log
[2026-02-18T07:04:41.102+0000] {logging_mixin.py:188} WARNING - /opt/***/dags/stocks/scripts/api.py:9 FutureWarning: YF.download() has changed argument auto_adjust default to True
[2026-02-18T07:04:41.117+0000] {logging_mixin.py:188} WARNING - /home/***/.local/lib/python3.12/site-packages/yfinance/scrapers/history.py:204 Pandas4Warning: Timestamp.utcnow is deprecated and will be removed in a future version. Use Timestamp.now('UTC') instead.
[2026-02-18T07:04:41.826+0000] {logging_mixin.py:188} WARNING - [*********************100%***********************]  1 of 1 completed
[2026-02-18T07:04:41.836+0000] {manager.py:10} INFO - None
[2026-02-18T07:04:41.837+0000] {taskinstance.py:441} INFO - ::group::Post task execution logs
[2026-02-18T07:04:41.837+0000] {taskinstance.py:2905} ERROR - Task failed with exception
Traceback (most recent call last):
  File "/home/airflow/.local/lib/python3.12/site-packages/airflow/models/taskinstance.py", line 465, in _execute_task
    result = _execute_callable(context=context, **execute_callable_kwargs)
             ^^^^^^^^^^^^^^^^^^^^^^^^^^^^^^^^^^^^^^^^^^^^^^^^^^^^^^^^^^^^^
  File "/home/airflow/.local/lib/python3.12/site-packages/airflow/models/taskinstance.py", line 432, in _execute_callable
    return execute_callable(context=context, **execute_callable_kwargs)
           ^^^^^^^^^^^^^^^^^^^^^^^^^^^^^^^^^^^^^^^^^^^^^^^^^^^^^^^^^^^^
  File "/home/airflow/.local/lib/python3.12/site-packages/airflow/models/baseoperator.py", line 401, in wrapper
    return func(self, *args, **kwargs)
           ^^^^^^^^^^^^^^^^^^^^^^^^^^^
  File "/home/airflow/.local/lib/python3.12/site-packages/airflow/operators/python.py", line 235, in execute
    return_value = self.execute_callable()
                   ^^^^^^^^^^^^^^^^^^^^^^^
  File "/home/airflow/.local/lib/python3.12/site-packages/airflow/operators/python.py", line 252, in execute_callable
    return self.python_callable(*self.op_args, **self.op_kwargs)
           ^^^^^^^^^^^^^^^^^^^^^^^^^^^^^^^^^^^^^^^^^^^^^^^^^^^^^
  File "/opt/airflow/dags/stocks/scripts/manager.py", line 11, in fetch_data
    return data.to_json(f"{stock}_{data_interval_start.strftime('%Y-%m-%d')}.json")
           ^^^^^^^^^^^^
AttributeError: 'NoneType' object has no attribute 'to_json'
[2026-02-18T07:04:41.850+0000] {taskinstance.py:1206} INFO - Marking task as FAILED. dag_id=dag_moex, task_id=task_GOOG, run_id=scheduled__2026-02-14T00:00:00+00:00, execution_date=20260214T000000, start_date=20260218T070440, end_date=20260218T070441
[2026-02-18T07:04:41.862+0000] {standard_task_runner.py:110} ERROR - Failed to execute job 306 for task task_GOOG ('NoneType' object has no attribute 'to_json'; 794)
[2026-02-18T07:04:41.885+0000] {local_task_job_runner.py:243} INFO - Task exited with return code 1
[2026-02-18T07:04:41.906+0000] {taskinstance.py:3503} INFO - 0 downstream tasks scheduled from follow-on schedule check
[2026-02-18T07:04:41.911+0000] {local_task_job_runner.py:222} INFO - ::endgroup::
[2026-02-18T07:05:13.410+0000] {local_task_job_runner.py:120} INFO - ::group::Pre task execution logs
[2026-02-18T07:05:13.460+0000] {taskinstance.py:2076} INFO - Dependencies all met for dep_context=non-requeueable deps ti=<TaskInstance: dag_moex.task_GOOG scheduled__2026-02-14T00:00:00+00:00 [queued]>
[2026-02-18T07:05:13.474+0000] {taskinstance.py:2076} INFO - Dependencies all met for dep_context=requeueable deps ti=<TaskInstance: dag_moex.task_GOOG scheduled__2026-02-14T00:00:00+00:00 [queued]>
[2026-02-18T07:05:13.476+0000] {taskinstance.py:2306} INFO - Starting attempt 1 of 1
[2026-02-18T07:05:13.504+0000] {taskinstance.py:2330} INFO - Executing <Task(PythonOperator): task_GOOG> on 2026-02-14 00:00:00+00:00
[2026-02-18T07:05:13.517+0000] {logging_mixin.py:188} WARNING - /home/***/.local/lib/python3.12/site-packages/***/task/task_runner/standard_task_runner.py:62 DeprecationWarning: This process (pid=839) is multi-threaded, use of fork() may lead to deadlocks in the child.
[2026-02-18T07:05:13.519+0000] {standard_task_runner.py:64} INFO - Started process 871 to run task
[2026-02-18T07:05:13.517+0000] {standard_task_runner.py:90} INFO - Running: ['***', 'tasks', 'run', 'dag_moex', 'task_GOOG', 'scheduled__2026-02-14T00:00:00+00:00', '--job-id', '324', '--raw', '--subdir', 'DAGS_FOLDER/stocks/dag1.py', '--cfg-path', '/tmp/tmpeaiebzeh']
[2026-02-18T07:05:13.521+0000] {standard_task_runner.py:91} INFO - Job 324: Subtask task_GOOG
[2026-02-18T07:05:13.590+0000] {task_command.py:426} INFO - Running <TaskInstance: dag_moex.task_GOOG scheduled__2026-02-14T00:00:00+00:00 [running]> on host cc036e7caf02
[2026-02-18T07:05:13.696+0000] {taskinstance.py:2648} INFO - Exporting env vars: AIRFLOW_CTX_DAG_OWNER='***' AIRFLOW_CTX_DAG_ID='dag_moex' AIRFLOW_CTX_TASK_ID='task_GOOG' AIRFLOW_CTX_EXECUTION_DATE='2026-02-14T00:00:00+00:00' AIRFLOW_CTX_TRY_NUMBER='1' AIRFLOW_CTX_DAG_RUN_ID='scheduled__2026-02-14T00:00:00+00:00'
[2026-02-18T07:05:13.698+0000] {taskinstance.py:430} INFO - ::endgroup::
[2026-02-18T07:05:13.711+0000] {manager.py:8} INFO - log
[2026-02-18T07:05:13.713+0000] {logging_mixin.py:188} WARNING - /opt/***/dags/stocks/scripts/api.py:9 FutureWarning: YF.download() has changed argument auto_adjust default to True
[2026-02-18T07:05:13.724+0000] {logging_mixin.py:188} WARNING - /home/***/.local/lib/python3.12/site-packages/yfinance/scrapers/history.py:204 Pandas4Warning: Timestamp.utcnow is deprecated and will be removed in a future version. Use Timestamp.now('UTC') instead.
[2026-02-18T07:05:14.514+0000] {logging_mixin.py:188} WARNING - [*********************100%***********************]  1 of 1 completed
[2026-02-18T07:05:14.522+0000] {manager.py:10} INFO - None
[2026-02-18T07:05:14.523+0000] {taskinstance.py:441} INFO - ::group::Post task execution logs
[2026-02-18T07:05:14.523+0000] {taskinstance.py:2905} ERROR - Task failed with exception
Traceback (most recent call last):
  File "/home/airflow/.local/lib/python3.12/site-packages/airflow/models/taskinstance.py", line 465, in _execute_task
    result = _execute_callable(context=context, **execute_callable_kwargs)
             ^^^^^^^^^^^^^^^^^^^^^^^^^^^^^^^^^^^^^^^^^^^^^^^^^^^^^^^^^^^^^
  File "/home/airflow/.local/lib/python3.12/site-packages/airflow/models/taskinstance.py", line 432, in _execute_callable
    return execute_callable(context=context, **execute_callable_kwargs)
           ^^^^^^^^^^^^^^^^^^^^^^^^^^^^^^^^^^^^^^^^^^^^^^^^^^^^^^^^^^^^
  File "/home/airflow/.local/lib/python3.12/site-packages/airflow/models/baseoperator.py", line 401, in wrapper
    return func(self, *args, **kwargs)
           ^^^^^^^^^^^^^^^^^^^^^^^^^^^
  File "/home/airflow/.local/lib/python3.12/site-packages/airflow/operators/python.py", line 235, in execute
    return_value = self.execute_callable()
                   ^^^^^^^^^^^^^^^^^^^^^^^
  File "/home/airflow/.local/lib/python3.12/site-packages/airflow/operators/python.py", line 252, in execute_callable
    return self.python_callable(*self.op_args, **self.op_kwargs)
           ^^^^^^^^^^^^^^^^^^^^^^^^^^^^^^^^^^^^^^^^^^^^^^^^^^^^^
  File "/opt/airflow/dags/stocks/scripts/manager.py", line 11, in fetch_data
    return data.to_json(f"{stock}_{data_interval_start.strftime('%Y-%m-%d')}.json")
           ^^^^^^^^^^^^
AttributeError: 'NoneType' object has no attribute 'to_json'
[2026-02-18T07:05:14.533+0000] {taskinstance.py:1206} INFO - Marking task as FAILED. dag_id=dag_moex, task_id=task_GOOG, run_id=scheduled__2026-02-14T00:00:00+00:00, execution_date=20260214T000000, start_date=20260218T070513, end_date=20260218T070514
[2026-02-18T07:05:14.544+0000] {standard_task_runner.py:110} ERROR - Failed to execute job 324 for task task_GOOG ('NoneType' object has no attribute 'to_json'; 871)
[2026-02-18T07:05:14.582+0000] {local_task_job_runner.py:243} INFO - Task exited with return code 1
[2026-02-18T07:05:14.603+0000] {taskinstance.py:3503} INFO - 0 downstream tasks scheduled from follow-on schedule check
[2026-02-18T07:05:14.608+0000] {local_task_job_runner.py:222} INFO - ::endgroup::
[2026-02-18T07:07:48.870+0000] {local_task_job_runner.py:120} INFO - ::group::Pre task execution logs
[2026-02-18T07:07:48.985+0000] {taskinstance.py:2076} INFO - Dependencies all met for dep_context=non-requeueable deps ti=<TaskInstance: dag_moex.task_GOOG scheduled__2026-02-14T00:00:00+00:00 [queued]>
[2026-02-18T07:07:49.015+0000] {taskinstance.py:2076} INFO - Dependencies all met for dep_context=requeueable deps ti=<TaskInstance: dag_moex.task_GOOG scheduled__2026-02-14T00:00:00+00:00 [queued]>
[2026-02-18T07:07:49.019+0000] {taskinstance.py:2306} INFO - Starting attempt 1 of 1
[2026-02-18T07:07:49.069+0000] {taskinstance.py:2330} INFO - Executing <Task(PythonOperator): task_GOOG> on 2026-02-14 00:00:00+00:00
[2026-02-18T07:07:49.092+0000] {logging_mixin.py:188} WARNING - /home/***/.local/lib/python3.12/site-packages/***/task/task_runner/standard_task_runner.py:62 DeprecationWarning: This process (pid=966) is multi-threaded, use of fork() may lead to deadlocks in the child.
[2026-02-18T07:07:49.098+0000] {standard_task_runner.py:64} INFO - Started process 988 to run task
[2026-02-18T07:07:49.100+0000] {standard_task_runner.py:90} INFO - Running: ['***', 'tasks', 'run', 'dag_moex', 'task_GOOG', 'scheduled__2026-02-14T00:00:00+00:00', '--job-id', '333', '--raw', '--subdir', 'DAGS_FOLDER/stocks/dag1.py', '--cfg-path', '/tmp/tmp243s2dlx']
[2026-02-18T07:07:49.107+0000] {standard_task_runner.py:91} INFO - Job 333: Subtask task_GOOG
[2026-02-18T07:07:49.254+0000] {task_command.py:426} INFO - Running <TaskInstance: dag_moex.task_GOOG scheduled__2026-02-14T00:00:00+00:00 [running]> on host cc036e7caf02
[2026-02-18T07:07:49.425+0000] {taskinstance.py:2648} INFO - Exporting env vars: AIRFLOW_CTX_DAG_OWNER='***' AIRFLOW_CTX_DAG_ID='dag_moex' AIRFLOW_CTX_TASK_ID='task_GOOG' AIRFLOW_CTX_EXECUTION_DATE='2026-02-14T00:00:00+00:00' AIRFLOW_CTX_TRY_NUMBER='1' AIRFLOW_CTX_DAG_RUN_ID='scheduled__2026-02-14T00:00:00+00:00'
[2026-02-18T07:07:49.434+0000] {taskinstance.py:430} INFO - ::endgroup::
[2026-02-18T07:07:49.451+0000] {manager.py:8} INFO - log
[2026-02-18T07:07:49.455+0000] {logging_mixin.py:188} WARNING - /opt/***/dags/stocks/scripts/api.py:9 FutureWarning: YF.download() has changed argument auto_adjust default to True
[2026-02-18T07:07:49.473+0000] {logging_mixin.py:188} WARNING - /home/***/.local/lib/python3.12/site-packages/yfinance/scrapers/history.py:204 Pandas4Warning: Timestamp.utcnow is deprecated and will be removed in a future version. Use Timestamp.now('UTC') instead.
[2026-02-18T07:07:50.229+0000] {logging_mixin.py:188} WARNING - [*********************100%***********************]  1 of 1 completed
[2026-02-18T07:07:50.238+0000] {manager.py:10} INFO - Empty DataFrame
Columns: [(Close, GOOG), (High, GOOG), (Low, GOOG), (Open, GOOG), (Volume, GOOG)]
Index: []
[2026-02-18T07:07:50.245+0000] {python.py:237} INFO - Done. Returned value was: None
[2026-02-18T07:07:50.246+0000] {taskinstance.py:441} INFO - ::group::Post task execution logs
[2026-02-18T07:07:50.254+0000] {taskinstance.py:1206} INFO - Marking task as SUCCESS. dag_id=dag_moex, task_id=task_GOOG, run_id=scheduled__2026-02-14T00:00:00+00:00, execution_date=20260214T000000, start_date=20260218T070748, end_date=20260218T070750
[2026-02-18T07:07:50.297+0000] {local_task_job_runner.py:243} INFO - Task exited with return code 0
[2026-02-18T07:07:50.317+0000] {taskinstance.py:3503} INFO - 0 downstream tasks scheduled from follow-on schedule check
[2026-02-18T07:07:50.319+0000] {local_task_job_runner.py:222} INFO - ::endgroup::
[2026-02-18T07:09:20.274+0000] {local_task_job_runner.py:120} INFO - ::group::Pre task execution logs
[2026-02-18T07:09:20.339+0000] {taskinstance.py:2076} INFO - Dependencies all met for dep_context=non-requeueable deps ti=<TaskInstance: dag_moex.task_GOOG scheduled__2026-02-14T00:00:00+00:00 [queued]>
[2026-02-18T07:09:20.354+0000] {taskinstance.py:2076} INFO - Dependencies all met for dep_context=requeueable deps ti=<TaskInstance: dag_moex.task_GOOG scheduled__2026-02-14T00:00:00+00:00 [queued]>
[2026-02-18T07:09:20.354+0000] {taskinstance.py:2306} INFO - Starting attempt 1 of 1
[2026-02-18T07:09:20.380+0000] {taskinstance.py:2330} INFO - Executing <Task(PythonOperator): task_GOOG> on 2026-02-14 00:00:00+00:00
[2026-02-18T07:09:20.394+0000] {logging_mixin.py:188} WARNING - /home/***/.local/lib/python3.12/site-packages/***/task/task_runner/standard_task_runner.py:62 DeprecationWarning: This process (pid=1060) is multi-threaded, use of fork() may lead to deadlocks in the child.
[2026-02-18T07:09:20.399+0000] {standard_task_runner.py:64} INFO - Started process 1087 to run task
[2026-02-18T07:09:20.394+0000] {standard_task_runner.py:90} INFO - Running: ['***', 'tasks', 'run', 'dag_moex', 'task_GOOG', 'scheduled__2026-02-14T00:00:00+00:00', '--job-id', '351', '--raw', '--subdir', 'DAGS_FOLDER/stocks/dag1.py', '--cfg-path', '/tmp/tmpwmt0ywrh']
[2026-02-18T07:09:20.401+0000] {standard_task_runner.py:91} INFO - Job 351: Subtask task_GOOG
[2026-02-18T07:09:20.484+0000] {task_command.py:426} INFO - Running <TaskInstance: dag_moex.task_GOOG scheduled__2026-02-14T00:00:00+00:00 [running]> on host cc036e7caf02
[2026-02-18T07:09:20.594+0000] {taskinstance.py:2648} INFO - Exporting env vars: AIRFLOW_CTX_DAG_OWNER='***' AIRFLOW_CTX_DAG_ID='dag_moex' AIRFLOW_CTX_TASK_ID='task_GOOG' AIRFLOW_CTX_EXECUTION_DATE='2026-02-14T00:00:00+00:00' AIRFLOW_CTX_TRY_NUMBER='1' AIRFLOW_CTX_DAG_RUN_ID='scheduled__2026-02-14T00:00:00+00:00'
[2026-02-18T07:09:20.597+0000] {taskinstance.py:430} INFO - ::endgroup::
[2026-02-18T07:09:20.611+0000] {manager.py:8} INFO - log
[2026-02-18T07:09:20.615+0000] {logging_mixin.py:188} WARNING - /opt/***/dags/stocks/scripts/api.py:9 FutureWarning: YF.download() has changed argument auto_adjust default to True
[2026-02-18T07:09:20.625+0000] {logging_mixin.py:188} WARNING - /home/***/.local/lib/python3.12/site-packages/yfinance/scrapers/history.py:204 Pandas4Warning: Timestamp.utcnow is deprecated and will be removed in a future version. Use Timestamp.now('UTC') instead.
[2026-02-18T07:09:19.434+0000] {logging_mixin.py:188} WARNING - [*********************100%***********************]  1 of 1 completed
[2026-02-18T07:09:19.444+0000] {manager.py:10} INFO - Empty DataFrame
Columns: [(Close, GOOG), (High, GOOG), (Low, GOOG), (Open, GOOG), (Volume, GOOG)]
Index: []
[2026-02-18T07:09:19.450+0000] {python.py:237} INFO - Done. Returned value was: None
[2026-02-18T07:09:19.450+0000] {taskinstance.py:441} INFO - ::group::Post task execution logs
[2026-02-18T07:09:19.458+0000] {taskinstance.py:1206} INFO - Marking task as SUCCESS. dag_id=dag_moex, task_id=task_GOOG, run_id=scheduled__2026-02-14T00:00:00+00:00, execution_date=20260214T000000, start_date=20260218T070920, end_date=20260218T070919
[2026-02-18T07:09:19.494+0000] {local_task_job_runner.py:243} INFO - Task exited with return code 0
[2026-02-18T07:09:19.502+0000] {local_task_job_runner.py:222} INFO - ::endgroup::
[2026-02-18T07:10:23.422+0000] {local_task_job_runner.py:120} INFO - ::group::Pre task execution logs
[2026-02-18T07:10:23.475+0000] {taskinstance.py:2076} INFO - Dependencies all met for dep_context=non-requeueable deps ti=<TaskInstance: dag_moex.task_GOOG scheduled__2026-02-14T00:00:00+00:00 [queued]>
[2026-02-18T07:10:23.488+0000] {taskinstance.py:2076} INFO - Dependencies all met for dep_context=requeueable deps ti=<TaskInstance: dag_moex.task_GOOG scheduled__2026-02-14T00:00:00+00:00 [queued]>
[2026-02-18T07:10:23.491+0000] {taskinstance.py:2306} INFO - Starting attempt 1 of 1
[2026-02-18T07:10:23.537+0000] {taskinstance.py:2330} INFO - Executing <Task(PythonOperator): task_GOOG> on 2026-02-14 00:00:00+00:00
[2026-02-18T07:10:23.550+0000] {standard_task_runner.py:90} INFO - Running: ['***', 'tasks', 'run', 'dag_moex', 'task_GOOG', 'scheduled__2026-02-14T00:00:00+00:00', '--job-id', '364', '--raw', '--subdir', 'DAGS_FOLDER/stocks/dag1.py', '--cfg-path', '/tmp/tmpif72l7eu']
[2026-02-18T07:10:23.552+0000] {logging_mixin.py:188} WARNING - /home/***/.local/lib/python3.12/site-packages/***/task/task_runner/standard_task_runner.py:62 DeprecationWarning: This process (pid=1144) is multi-threaded, use of fork() may lead to deadlocks in the child.
[2026-02-18T07:10:23.554+0000] {standard_task_runner.py:64} INFO - Started process 1170 to run task
[2026-02-18T07:10:23.554+0000] {standard_task_runner.py:91} INFO - Job 364: Subtask task_GOOG
[2026-02-18T07:10:23.632+0000] {task_command.py:426} INFO - Running <TaskInstance: dag_moex.task_GOOG scheduled__2026-02-14T00:00:00+00:00 [running]> on host cc036e7caf02
[2026-02-18T07:10:23.752+0000] {taskinstance.py:2648} INFO - Exporting env vars: AIRFLOW_CTX_DAG_OWNER='***' AIRFLOW_CTX_DAG_ID='dag_moex' AIRFLOW_CTX_TASK_ID='task_GOOG' AIRFLOW_CTX_EXECUTION_DATE='2026-02-14T00:00:00+00:00' AIRFLOW_CTX_TRY_NUMBER='1' AIRFLOW_CTX_DAG_RUN_ID='scheduled__2026-02-14T00:00:00+00:00'
[2026-02-18T07:10:23.754+0000] {taskinstance.py:430} INFO - ::endgroup::
[2026-02-18T07:10:23.771+0000] {manager.py:8} INFO - log
[2026-02-18T07:10:23.775+0000] {logging_mixin.py:188} WARNING - /opt/***/dags/stocks/scripts/api.py:9 FutureWarning: YF.download() has changed argument auto_adjust default to True
[2026-02-18T07:10:23.828+0000] {logging_mixin.py:188} WARNING - /home/***/.local/lib/python3.12/site-packages/yfinance/scrapers/history.py:204 Pandas4Warning: Timestamp.utcnow is deprecated and will be removed in a future version. Use Timestamp.now('UTC') instead.
[2026-02-18T07:10:24.659+0000] {logging_mixin.py:188} WARNING - [*********************100%***********************]  1 of 1 completed
[2026-02-18T07:10:24.672+0000] {manager.py:10} INFO - Empty DataFrame
Columns: [(Close, GOOG), (High, GOOG), (Low, GOOG), (Open, GOOG), (Volume, GOOG)]
Index: []
[2026-02-18T07:10:24.681+0000] {python.py:237} INFO - Done. Returned value was: None
[2026-02-18T07:10:24.682+0000] {taskinstance.py:441} INFO - ::group::Post task execution logs
[2026-02-18T07:10:24.699+0000] {taskinstance.py:1206} INFO - Marking task as SUCCESS. dag_id=dag_moex, task_id=task_GOOG, run_id=scheduled__2026-02-14T00:00:00+00:00, execution_date=20260214T000000, start_date=20260218T071023, end_date=20260218T071024
[2026-02-18T07:10:24.738+0000] {local_task_job_runner.py:243} INFO - Task exited with return code 0
[2026-02-18T07:10:24.753+0000] {taskinstance.py:3503} INFO - 0 downstream tasks scheduled from follow-on schedule check
[2026-02-18T07:10:24.755+0000] {local_task_job_runner.py:222} INFO - ::endgroup::
[2026-02-18T07:13:25.596+0000] {local_task_job_runner.py:120} INFO - ::group::Pre task execution logs
[2026-02-18T07:13:25.639+0000] {taskinstance.py:2076} INFO - Dependencies all met for dep_context=non-requeueable deps ti=<TaskInstance: dag_moex.task_GOOG scheduled__2026-02-14T00:00:00+00:00 [queued]>
[2026-02-18T07:13:25.651+0000] {taskinstance.py:2076} INFO - Dependencies all met for dep_context=requeueable deps ti=<TaskInstance: dag_moex.task_GOOG scheduled__2026-02-14T00:00:00+00:00 [queued]>
[2026-02-18T07:13:25.652+0000] {taskinstance.py:2306} INFO - Starting attempt 1 of 1
[2026-02-18T07:13:25.669+0000] {taskinstance.py:2330} INFO - Executing <Task(PythonOperator): task_GOOG> on 2026-02-14 00:00:00+00:00
[2026-02-18T07:13:25.689+0000] {standard_task_runner.py:90} INFO - Running: ['***', 'tasks', 'run', 'dag_moex', 'task_GOOG', 'scheduled__2026-02-14T00:00:00+00:00', '--job-id', '504', '--raw', '--subdir', 'DAGS_FOLDER/stocks/dag1.py', '--cfg-path', '/tmp/tmp5hnmf9m0']
[2026-02-18T07:13:25.693+0000] {standard_task_runner.py:91} INFO - Job 504: Subtask task_GOOG
[2026-02-18T07:13:25.693+0000] {logging_mixin.py:188} WARNING - /home/***/.local/lib/python3.12/site-packages/***/task/task_runner/standard_task_runner.py:62 DeprecationWarning: This process (pid=1805) is multi-threaded, use of fork() may lead to deadlocks in the child.
[2026-02-18T07:13:25.696+0000] {standard_task_runner.py:64} INFO - Started process 1826 to run task
[2026-02-18T07:13:25.789+0000] {task_command.py:426} INFO - Running <TaskInstance: dag_moex.task_GOOG scheduled__2026-02-14T00:00:00+00:00 [running]> on host cc036e7caf02
[2026-02-18T07:13:25.911+0000] {taskinstance.py:2648} INFO - Exporting env vars: AIRFLOW_CTX_DAG_OWNER='***' AIRFLOW_CTX_DAG_ID='dag_moex' AIRFLOW_CTX_TASK_ID='task_GOOG' AIRFLOW_CTX_EXECUTION_DATE='2026-02-14T00:00:00+00:00' AIRFLOW_CTX_TRY_NUMBER='1' AIRFLOW_CTX_DAG_RUN_ID='scheduled__2026-02-14T00:00:00+00:00'
[2026-02-18T07:13:25.915+0000] {taskinstance.py:430} INFO - ::endgroup::
[2026-02-18T07:13:25.939+0000] {manager.py:8} INFO - log
[2026-02-18T07:13:25.949+0000] {logging_mixin.py:188} WARNING - /opt/***/dags/stocks/scripts/api.py:9 FutureWarning: YF.download() has changed argument auto_adjust default to True
[2026-02-18T07:13:25.962+0000] {logging_mixin.py:188} WARNING - /home/***/.local/lib/python3.12/site-packages/yfinance/scrapers/history.py:204 Pandas4Warning: Timestamp.utcnow is deprecated and will be removed in a future version. Use Timestamp.now('UTC') instead.
[2026-02-18T07:13:27.081+0000] {logging_mixin.py:188} WARNING - [*********************100%***********************]  1 of 1 completed
[2026-02-18T07:13:27.088+0000] {manager.py:10} INFO - Empty DataFrame
Columns: [(Close, GOOG), (High, GOOG), (Low, GOOG), (Open, GOOG), (Volume, GOOG)]
Index: []
[2026-02-18T07:13:27.096+0000] {python.py:237} INFO - Done. Returned value was: None
[2026-02-18T07:13:27.097+0000] {taskinstance.py:441} INFO - ::group::Post task execution logs
[2026-02-18T07:13:27.104+0000] {taskinstance.py:1206} INFO - Marking task as SUCCESS. dag_id=dag_moex, task_id=task_GOOG, run_id=scheduled__2026-02-14T00:00:00+00:00, execution_date=20260214T000000, start_date=20260218T071325, end_date=20260218T071327
[2026-02-18T07:13:27.127+0000] {local_task_job_runner.py:243} INFO - Task exited with return code 0
[2026-02-18T07:13:27.140+0000] {taskinstance.py:3503} INFO - 0 downstream tasks scheduled from follow-on schedule check
[2026-02-18T07:13:27.141+0000] {local_task_job_runner.py:222} INFO - ::endgroup::
[2026-02-18T07:15:48.205+0000] {local_task_job_runner.py:120} INFO - ::group::Pre task execution logs
[2026-02-18T07:15:48.278+0000] {taskinstance.py:2076} INFO - Dependencies all met for dep_context=non-requeueable deps ti=<TaskInstance: dag_moex.task_GOOG scheduled__2026-02-14T00:00:00+00:00 [queued]>
[2026-02-18T07:15:48.298+0000] {taskinstance.py:2076} INFO - Dependencies all met for dep_context=requeueable deps ti=<TaskInstance: dag_moex.task_GOOG scheduled__2026-02-14T00:00:00+00:00 [queued]>
[2026-02-18T07:15:48.300+0000] {taskinstance.py:2306} INFO - Starting attempt 1 of 1
[2026-02-18T07:15:48.325+0000] {taskinstance.py:2330} INFO - Executing <Task(PythonOperator): task_GOOG> on 2026-02-14 00:00:00+00:00
[2026-02-18T07:15:48.349+0000] {logging_mixin.py:188} WARNING - /home/***/.local/lib/python3.12/site-packages/***/task/task_runner/standard_task_runner.py:62 DeprecationWarning: This process (pid=2077) is multi-threaded, use of fork() may lead to deadlocks in the child.
[2026-02-18T07:15:48.363+0000] {standard_task_runner.py:64} INFO - Started process 2102 to run task
[2026-02-18T07:15:48.347+0000] {standard_task_runner.py:90} INFO - Running: ['***', 'tasks', 'run', 'dag_moex', 'task_GOOG', 'scheduled__2026-02-14T00:00:00+00:00', '--job-id', '561', '--raw', '--subdir', 'DAGS_FOLDER/stocks/dag1.py', '--cfg-path', '/tmp/tmpp_mxhxwt']
[2026-02-18T07:15:48.370+0000] {standard_task_runner.py:91} INFO - Job 561: Subtask task_GOOG
[2026-02-18T07:15:48.464+0000] {task_command.py:426} INFO - Running <TaskInstance: dag_moex.task_GOOG scheduled__2026-02-14T00:00:00+00:00 [running]> on host cc036e7caf02
[2026-02-18T07:15:48.646+0000] {taskinstance.py:2648} INFO - Exporting env vars: AIRFLOW_CTX_DAG_OWNER='***' AIRFLOW_CTX_DAG_ID='dag_moex' AIRFLOW_CTX_TASK_ID='task_GOOG' AIRFLOW_CTX_EXECUTION_DATE='2026-02-14T00:00:00+00:00' AIRFLOW_CTX_TRY_NUMBER='1' AIRFLOW_CTX_DAG_RUN_ID='scheduled__2026-02-14T00:00:00+00:00'
[2026-02-18T07:15:48.649+0000] {taskinstance.py:430} INFO - ::endgroup::
[2026-02-18T07:15:48.676+0000] {manager.py:8} INFO - log
[2026-02-18T07:15:48.681+0000] {logging_mixin.py:188} WARNING - /opt/***/dags/stocks/scripts/api.py:9 FutureWarning: YF.download() has changed argument auto_adjust default to True
[2026-02-18T07:15:48.693+0000] {logging_mixin.py:188} WARNING - /home/***/.local/lib/python3.12/site-packages/yfinance/scrapers/history.py:204 Pandas4Warning: Timestamp.utcnow is deprecated and will be removed in a future version. Use Timestamp.now('UTC') instead.
[2026-02-18T07:15:49.494+0000] {logging_mixin.py:188} WARNING - [*********************100%***********************]  1 of 1 completed
[2026-02-18T07:15:49.512+0000] {manager.py:10} INFO - Empty DataFrame
Columns: [(Close, GOOG), (High, GOOG), (Low, GOOG), (Open, GOOG), (Volume, GOOG)]
Index: []
[2026-02-18T07:15:49.522+0000] {python.py:237} INFO - Done. Returned value was: None
[2026-02-18T07:15:49.523+0000] {taskinstance.py:441} INFO - ::group::Post task execution logs
[2026-02-18T07:15:49.532+0000] {taskinstance.py:1206} INFO - Marking task as SUCCESS. dag_id=dag_moex, task_id=task_GOOG, run_id=scheduled__2026-02-14T00:00:00+00:00, execution_date=20260214T000000, start_date=20260218T071548, end_date=20260218T071549
[2026-02-18T07:15:49.565+0000] {local_task_job_runner.py:243} INFO - Task exited with return code 0
[2026-02-18T07:15:49.587+0000] {taskinstance.py:3503} INFO - 0 downstream tasks scheduled from follow-on schedule check
[2026-02-18T07:15:49.589+0000] {local_task_job_runner.py:222} INFO - ::endgroup::
[2026-02-18T07:35:35.432+0000] {local_task_job_runner.py:120} INFO - ::group::Pre task execution logs
[2026-02-18T07:35:35.474+0000] {taskinstance.py:2076} INFO - Dependencies all met for dep_context=non-requeueable deps ti=<TaskInstance: dag_moex.task_GOOG scheduled__2026-02-14T00:00:00+00:00 [queued]>
[2026-02-18T07:35:35.485+0000] {taskinstance.py:2076} INFO - Dependencies all met for dep_context=requeueable deps ti=<TaskInstance: dag_moex.task_GOOG scheduled__2026-02-14T00:00:00+00:00 [queued]>
[2026-02-18T07:35:35.486+0000] {taskinstance.py:2306} INFO - Starting attempt 1 of 1
[2026-02-18T07:35:35.508+0000] {taskinstance.py:2330} INFO - Executing <Task(PythonOperator): task_GOOG> on 2026-02-14 00:00:00+00:00
[2026-02-18T07:35:35.521+0000] {logging_mixin.py:188} WARNING - /home/***/.local/lib/python3.12/site-packages/***/task/task_runner/standard_task_runner.py:62 DeprecationWarning: This process (pid=2923) is multi-threaded, use of fork() may lead to deadlocks in the child.
[2026-02-18T07:35:35.523+0000] {standard_task_runner.py:64} INFO - Started process 2939 to run task
[2026-02-18T07:35:35.532+0000] {standard_task_runner.py:90} INFO - Running: ['***', 'tasks', 'run', 'dag_moex', 'task_GOOG', 'scheduled__2026-02-14T00:00:00+00:00', '--job-id', '646', '--raw', '--subdir', 'DAGS_FOLDER/stocks/dag1.py', '--cfg-path', '/tmp/tmpe30qhq39']
[2026-02-18T07:35:35.537+0000] {standard_task_runner.py:91} INFO - Job 646: Subtask task_GOOG
[2026-02-18T07:35:35.600+0000] {task_command.py:426} INFO - Running <TaskInstance: dag_moex.task_GOOG scheduled__2026-02-14T00:00:00+00:00 [running]> on host cc036e7caf02
[2026-02-18T07:35:35.727+0000] {taskinstance.py:2648} INFO - Exporting env vars: AIRFLOW_CTX_DAG_OWNER='***' AIRFLOW_CTX_DAG_ID='dag_moex' AIRFLOW_CTX_TASK_ID='task_GOOG' AIRFLOW_CTX_EXECUTION_DATE='2026-02-14T00:00:00+00:00' AIRFLOW_CTX_TRY_NUMBER='1' AIRFLOW_CTX_DAG_RUN_ID='scheduled__2026-02-14T00:00:00+00:00'
[2026-02-18T07:35:35.729+0000] {taskinstance.py:430} INFO - ::endgroup::
[2026-02-18T07:35:35.747+0000] {manager.py:8} INFO - log
[2026-02-18T07:35:35.751+0000] {logging_mixin.py:188} WARNING - /opt/***/dags/stocks/scripts/api.py:9 FutureWarning: YF.download() has changed argument auto_adjust default to True
[2026-02-18T07:35:35.761+0000] {logging_mixin.py:188} WARNING - /home/***/.local/lib/python3.12/site-packages/yfinance/scrapers/history.py:204 Pandas4Warning: Timestamp.utcnow is deprecated and will be removed in a future version. Use Timestamp.now('UTC') instead.
[2026-02-18T07:35:36.494+0000] {logging_mixin.py:188} WARNING - [*********************100%***********************]  1 of 1 completed
[2026-02-18T07:35:36.503+0000] {manager.py:10} INFO - Empty DataFrame
Columns: [(Close, GOOG), (High, GOOG), (Low, GOOG), (Open, GOOG), (Volume, GOOG)]
Index: []
[2026-02-18T07:35:36.511+0000] {python.py:237} INFO - Done. Returned value was: None
[2026-02-18T07:35:36.511+0000] {taskinstance.py:441} INFO - ::group::Post task execution logs
[2026-02-18T07:35:36.518+0000] {taskinstance.py:1206} INFO - Marking task as SUCCESS. dag_id=dag_moex, task_id=task_GOOG, run_id=scheduled__2026-02-14T00:00:00+00:00, execution_date=20260214T000000, start_date=20260218T073535, end_date=20260218T073536
[2026-02-18T07:35:36.551+0000] {local_task_job_runner.py:243} INFO - Task exited with return code 0
[2026-02-18T07:35:36.569+0000] {taskinstance.py:3503} INFO - 0 downstream tasks scheduled from follow-on schedule check
[2026-02-18T07:35:36.571+0000] {local_task_job_runner.py:222} INFO - ::endgroup::
[2026-02-18T08:33:59.976+0000] {local_task_job_runner.py:120} INFO - ::group::Pre task execution logs
[2026-02-18T08:34:00.017+0000] {taskinstance.py:2076} INFO - Dependencies all met for dep_context=non-requeueable deps ti=<TaskInstance: dag_moex.task_GOOG scheduled__2026-02-14T00:00:00+00:00 [queued]>
[2026-02-18T08:34:00.035+0000] {taskinstance.py:2076} INFO - Dependencies all met for dep_context=requeueable deps ti=<TaskInstance: dag_moex.task_GOOG scheduled__2026-02-14T00:00:00+00:00 [queued]>
[2026-02-18T08:34:00.036+0000] {taskinstance.py:2306} INFO - Starting attempt 1 of 1
[2026-02-18T08:34:00.054+0000] {taskinstance.py:2330} INFO - Executing <Task(PythonOperator): task_GOOG> on 2026-02-14 00:00:00+00:00
[2026-02-18T08:34:00.066+0000] {logging_mixin.py:188} WARNING - /home/***/.local/lib/python3.12/site-packages/***/task/task_runner/standard_task_runner.py:62 DeprecationWarning: This process (pid=4551) is multi-threaded, use of fork() may lead to deadlocks in the child.
[2026-02-18T08:34:00.068+0000] {standard_task_runner.py:64} INFO - Started process 4569 to run task
[2026-02-18T08:34:00.067+0000] {standard_task_runner.py:90} INFO - Running: ['***', 'tasks', 'run', 'dag_moex', 'task_GOOG', 'scheduled__2026-02-14T00:00:00+00:00', '--job-id', '692', '--raw', '--subdir', 'DAGS_FOLDER/stocks/dag1.py', '--cfg-path', '/tmp/tmp_9afq56a']
[2026-02-18T08:34:00.078+0000] {standard_task_runner.py:91} INFO - Job 692: Subtask task_GOOG
[2026-02-18T08:34:00.161+0000] {task_command.py:426} INFO - Running <TaskInstance: dag_moex.task_GOOG scheduled__2026-02-14T00:00:00+00:00 [running]> on host cc036e7caf02
[2026-02-18T08:34:00.273+0000] {taskinstance.py:2648} INFO - Exporting env vars: AIRFLOW_CTX_DAG_OWNER='***' AIRFLOW_CTX_DAG_ID='dag_moex' AIRFLOW_CTX_TASK_ID='task_GOOG' AIRFLOW_CTX_EXECUTION_DATE='2026-02-14T00:00:00+00:00' AIRFLOW_CTX_TRY_NUMBER='1' AIRFLOW_CTX_DAG_RUN_ID='scheduled__2026-02-14T00:00:00+00:00'
[2026-02-18T08:34:00.275+0000] {taskinstance.py:430} INFO - ::endgroup::
[2026-02-18T08:34:00.292+0000] {logging_mixin.py:188} WARNING - /opt/***/dags/stocks/scripts/api.py:9 FutureWarning: YF.download() has changed argument auto_adjust default to True
[2026-02-18T08:34:00.303+0000] {logging_mixin.py:188} WARNING - /home/***/.local/lib/python3.12/site-packages/yfinance/scrapers/history.py:204 Pandas4Warning: Timestamp.utcnow is deprecated and will be removed in a future version. Use Timestamp.now('UTC') instead.
[2026-02-18T08:34:01.085+0000] {logging_mixin.py:188} WARNING - [*********************100%***********************]  1 of 1 completed
[2026-02-18T08:34:01.105+0000] {api.py:10} INFO - Выгрузилось
    __________________________
    Price            Close        High         Low        Open    Volume
Ticker            GOOG        GOOG        GOOG        GOOG      GOOG
Date                                                                
2026-02-13  306.019989  308.890015  303.899994  307.984985  20236000
    __________________________
    
[2026-02-18T08:34:01.107+0000] {api.py:16} INFO - start=2026-02-13, end=2026-02-15
[2026-02-18T08:34:01.109+0000] {api.py:17} INFO - После удаления
    __________________________
    Empty DataFrame
Columns: [(Close, GOOG), (High, GOOG), (Low, GOOG), (Open, GOOG), (Volume, GOOG)]
Index: []
    __________________________
    
[2026-02-18T08:34:01.114+0000] {python.py:237} INFO - Done. Returned value was: None
[2026-02-18T08:34:01.114+0000] {taskinstance.py:441} INFO - ::group::Post task execution logs
[2026-02-18T08:34:01.123+0000] {taskinstance.py:1206} INFO - Marking task as SUCCESS. dag_id=dag_moex, task_id=task_GOOG, run_id=scheduled__2026-02-14T00:00:00+00:00, execution_date=20260214T000000, start_date=20260218T083400, end_date=20260218T083401
[2026-02-18T08:34:01.180+0000] {local_task_job_runner.py:243} INFO - Task exited with return code 0
[2026-02-18T08:34:01.196+0000] {taskinstance.py:3503} INFO - 0 downstream tasks scheduled from follow-on schedule check
[2026-02-18T08:34:01.198+0000] {local_task_job_runner.py:222} INFO - ::endgroup::
[2026-02-19T14:19:28.966+0000] {local_task_job_runner.py:120} INFO - ::group::Pre task execution logs
[2026-02-19T14:19:29.029+0000] {taskinstance.py:2076} INFO - Dependencies all met for dep_context=non-requeueable deps ti=<TaskInstance: dag_moex.task_GOOG scheduled__2026-02-14T00:00:00+00:00 [queued]>
[2026-02-19T14:19:29.040+0000] {taskinstance.py:2076} INFO - Dependencies all met for dep_context=requeueable deps ti=<TaskInstance: dag_moex.task_GOOG scheduled__2026-02-14T00:00:00+00:00 [queued]>
[2026-02-19T14:19:29.042+0000] {taskinstance.py:2306} INFO - Starting attempt 1 of 1
[2026-02-19T14:19:29.072+0000] {taskinstance.py:2330} INFO - Executing <Task(PythonOperator): task_GOOG> on 2026-02-14 00:00:00+00:00
[2026-02-19T14:19:29.097+0000] {logging_mixin.py:188} WARNING - /home/***/.local/lib/python3.12/site-packages/***/task/task_runner/standard_task_runner.py:62 DeprecationWarning: This process (pid=30706) is multi-threaded, use of fork() may lead to deadlocks in the child.
[2026-02-19T14:19:29.098+0000] {standard_task_runner.py:64} INFO - Started process 30733 to run task
[2026-02-19T14:19:29.107+0000] {standard_task_runner.py:90} INFO - Running: ['***', 'tasks', 'run', 'dag_moex', 'task_GOOG', 'scheduled__2026-02-14T00:00:00+00:00', '--job-id', '1106', '--raw', '--subdir', 'DAGS_FOLDER/stocks/dag1.py', '--cfg-path', '/tmp/tmpyndjomw_']
[2026-02-19T14:19:29.114+0000] {standard_task_runner.py:91} INFO - Job 1106: Subtask task_GOOG
[2026-02-19T14:19:29.194+0000] {task_command.py:426} INFO - Running <TaskInstance: dag_moex.task_GOOG scheduled__2026-02-14T00:00:00+00:00 [running]> on host cc036e7caf02
[2026-02-19T14:19:29.312+0000] {taskinstance.py:2648} INFO - Exporting env vars: AIRFLOW_CTX_DAG_OWNER='***' AIRFLOW_CTX_DAG_ID='dag_moex' AIRFLOW_CTX_TASK_ID='task_GOOG' AIRFLOW_CTX_EXECUTION_DATE='2026-02-14T00:00:00+00:00' AIRFLOW_CTX_TRY_NUMBER='1' AIRFLOW_CTX_DAG_RUN_ID='scheduled__2026-02-14T00:00:00+00:00'
[2026-02-19T14:19:29.314+0000] {taskinstance.py:430} INFO - ::endgroup::
[2026-02-19T14:19:29.332+0000] {logging_mixin.py:188} WARNING - /opt/***/dags/stocks/scripts/api.py:9 FutureWarning: YF.download() has changed argument auto_adjust default to True
[2026-02-19T14:19:29.341+0000] {logging_mixin.py:188} WARNING - /home/***/.local/lib/python3.12/site-packages/yfinance/scrapers/history.py:204 Pandas4Warning: Timestamp.utcnow is deprecated and will be removed in a future version. Use Timestamp.now('UTC') instead.
[2026-02-19T14:19:30.006+0000] {logging_mixin.py:188} WARNING - [*********************100%***********************]  1 of 1 completed
[2026-02-19T14:19:30.020+0000] {api.py:10} INFO - Выгрузилось
    __________________________
    Price            Close        High         Low        Open    Volume
Ticker            GOOG        GOOG        GOOG        GOOG      GOOG
Date                                                                
2026-02-13  306.019989  308.890015  303.899994  307.984985  20236000
    __________________________
    
[2026-02-19T14:19:30.021+0000] {api.py:16} INFO - start=2026-02-13, end=2026-02-15
[2026-02-19T14:19:30.023+0000] {api.py:17} INFO - После удаления
    __________________________
    Empty DataFrame
Columns: [(Close, GOOG), (High, GOOG), (Low, GOOG), (Open, GOOG), (Volume, GOOG)]
Index: []
    __________________________
    
[2026-02-19T14:19:30.034+0000] {base.py:84} INFO - Using connection ID 'pg_1' for task execution.
[2026-02-19T14:19:30.035+0000] {sql.py:254} WARNING - This setter is for backward compatibility and should not be used.
Since the introduction of connection property, the providers listed below breaks due to assigning value to self.connection in their __init__ method.
* apache-***-providers-mysql<5.7.1
* apache-***-providers-elasticsearch<5.5.1
* apache-***-providers-postgres<5.13.0
[2026-02-19T14:19:30.039+0000] {sql.py:908} INFO - Done loading. Loaded a total of 0 rows into stocks
[2026-02-19T14:19:30.046+0000] {python.py:237} INFO - Done. Returned value was: None
[2026-02-19T14:19:30.046+0000] {taskinstance.py:441} INFO - ::group::Post task execution logs
[2026-02-19T14:19:30.057+0000] {taskinstance.py:1206} INFO - Marking task as SUCCESS. dag_id=dag_moex, task_id=task_GOOG, run_id=scheduled__2026-02-14T00:00:00+00:00, execution_date=20260214T000000, start_date=20260219T141929, end_date=20260219T141930
[2026-02-19T14:19:30.095+0000] {local_task_job_runner.py:243} INFO - Task exited with return code 0
[2026-02-19T14:19:30.118+0000] {taskinstance.py:3503} INFO - 0 downstream tasks scheduled from follow-on schedule check
[2026-02-19T14:19:30.120+0000] {local_task_job_runner.py:222} INFO - ::endgroup::
[2026-02-19T14:21:02.311+0000] {local_task_job_runner.py:120} INFO - ::group::Pre task execution logs
[2026-02-19T14:21:02.354+0000] {taskinstance.py:2076} INFO - Dependencies all met for dep_context=non-requeueable deps ti=<TaskInstance: dag_moex.task_GOOG scheduled__2026-02-14T00:00:00+00:00 [queued]>
[2026-02-19T14:21:02.370+0000] {taskinstance.py:2076} INFO - Dependencies all met for dep_context=requeueable deps ti=<TaskInstance: dag_moex.task_GOOG scheduled__2026-02-14T00:00:00+00:00 [queued]>
[2026-02-19T14:21:02.370+0000] {taskinstance.py:2306} INFO - Starting attempt 1 of 1
[2026-02-19T14:21:02.385+0000] {taskinstance.py:2330} INFO - Executing <Task(PythonOperator): task_GOOG> on 2026-02-14 00:00:00+00:00
[2026-02-19T14:21:02.398+0000] {logging_mixin.py:188} WARNING - /home/***/.local/lib/python3.12/site-packages/***/task/task_runner/standard_task_runner.py:62 DeprecationWarning: This process (pid=30965) is multi-threaded, use of fork() may lead to deadlocks in the child.
[2026-02-19T14:21:02.400+0000] {standard_task_runner.py:64} INFO - Started process 30996 to run task
[2026-02-19T14:21:02.398+0000] {standard_task_runner.py:90} INFO - Running: ['***', 'tasks', 'run', 'dag_moex', 'task_GOOG', 'scheduled__2026-02-14T00:00:00+00:00', '--job-id', '1165', '--raw', '--subdir', 'DAGS_FOLDER/stocks/dag1.py', '--cfg-path', '/tmp/tmpcmqc9fkk']
[2026-02-19T14:21:02.401+0000] {standard_task_runner.py:91} INFO - Job 1165: Subtask task_GOOG
[2026-02-19T14:21:02.462+0000] {task_command.py:426} INFO - Running <TaskInstance: dag_moex.task_GOOG scheduled__2026-02-14T00:00:00+00:00 [running]> on host cc036e7caf02
[2026-02-19T14:21:02.562+0000] {taskinstance.py:2648} INFO - Exporting env vars: AIRFLOW_CTX_DAG_OWNER='***' AIRFLOW_CTX_DAG_ID='dag_moex' AIRFLOW_CTX_TASK_ID='task_GOOG' AIRFLOW_CTX_EXECUTION_DATE='2026-02-14T00:00:00+00:00' AIRFLOW_CTX_TRY_NUMBER='1' AIRFLOW_CTX_DAG_RUN_ID='scheduled__2026-02-14T00:00:00+00:00'
[2026-02-19T14:21:02.563+0000] {taskinstance.py:430} INFO - ::endgroup::
[2026-02-19T14:21:02.577+0000] {logging_mixin.py:188} WARNING - /opt/***/dags/stocks/scripts/api.py:9 FutureWarning: YF.download() has changed argument auto_adjust default to True
[2026-02-19T14:21:02.584+0000] {logging_mixin.py:188} WARNING - /home/***/.local/lib/python3.12/site-packages/yfinance/scrapers/history.py:204 Pandas4Warning: Timestamp.utcnow is deprecated and will be removed in a future version. Use Timestamp.now('UTC') instead.
[2026-02-19T14:21:03.216+0000] {logging_mixin.py:188} WARNING - [*********************100%***********************]  1 of 1 completed
[2026-02-19T14:21:03.231+0000] {api.py:10} INFO - Выгрузилось
    __________________________
    Price            Close        High         Low        Open    Volume
Ticker            GOOG        GOOG        GOOG        GOOG      GOOG
Date                                                                
2026-02-13  306.019989  308.890015  303.899994  307.984985  20236000
    __________________________
    
[2026-02-19T14:21:03.232+0000] {api.py:16} INFO - start=2026-02-13, end=2026-02-15
[2026-02-19T14:21:03.234+0000] {api.py:17} INFO - После удаления
    __________________________
    Empty DataFrame
Columns: [(Close, GOOG), (High, GOOG), (Low, GOOG), (Open, GOOG), (Volume, GOOG)]
Index: []
    __________________________
    
[2026-02-19T14:21:03.246+0000] {base.py:84} INFO - Using connection ID 'pg_1' for task execution.
[2026-02-19T14:21:03.247+0000] {sql.py:254} WARNING - This setter is for backward compatibility and should not be used.
Since the introduction of connection property, the providers listed below breaks due to assigning value to self.connection in their __init__ method.
* apache-***-providers-mysql<5.7.1
* apache-***-providers-elasticsearch<5.5.1
* apache-***-providers-postgres<5.13.0
[2026-02-19T14:21:03.252+0000] {sql.py:908} INFO - Done loading. Loaded a total of 0 rows into stocks
[2026-02-19T14:21:03.259+0000] {python.py:237} INFO - Done. Returned value was: None
[2026-02-19T14:21:03.259+0000] {taskinstance.py:441} INFO - ::group::Post task execution logs
[2026-02-19T14:21:03.270+0000] {taskinstance.py:1206} INFO - Marking task as SUCCESS. dag_id=dag_moex, task_id=task_GOOG, run_id=scheduled__2026-02-14T00:00:00+00:00, execution_date=20260214T000000, start_date=20260219T142102, end_date=20260219T142103
[2026-02-19T14:21:03.297+0000] {local_task_job_runner.py:243} INFO - Task exited with return code 0
[2026-02-19T14:21:03.315+0000] {taskinstance.py:3503} INFO - 0 downstream tasks scheduled from follow-on schedule check
[2026-02-19T14:21:03.317+0000] {local_task_job_runner.py:222} INFO - ::endgroup::
[2026-02-19T14:27:42.335+0000] {local_task_job_runner.py:120} INFO - ::group::Pre task execution logs
[2026-02-19T14:27:42.409+0000] {taskinstance.py:2076} INFO - Dependencies all met for dep_context=non-requeueable deps ti=<TaskInstance: dag_moex.task_GOOG scheduled__2026-02-14T00:00:00+00:00 [queued]>
[2026-02-19T14:27:42.432+0000] {taskinstance.py:2076} INFO - Dependencies all met for dep_context=requeueable deps ti=<TaskInstance: dag_moex.task_GOOG scheduled__2026-02-14T00:00:00+00:00 [queued]>
[2026-02-19T14:27:42.433+0000] {taskinstance.py:2306} INFO - Starting attempt 1 of 1
[2026-02-19T14:27:42.478+0000] {taskinstance.py:2330} INFO - Executing <Task(PythonOperator): task_GOOG> on 2026-02-14 00:00:00+00:00
[2026-02-19T14:27:42.499+0000] {logging_mixin.py:188} WARNING - /home/***/.local/lib/python3.12/site-packages/***/task/task_runner/standard_task_runner.py:62 DeprecationWarning: This process (pid=31337) is multi-threaded, use of fork() may lead to deadlocks in the child.
[2026-02-19T14:27:42.501+0000] {standard_task_runner.py:64} INFO - Started process 31361 to run task
[2026-02-19T14:27:42.506+0000] {standard_task_runner.py:90} INFO - Running: ['***', 'tasks', 'run', 'dag_moex', 'task_GOOG', 'scheduled__2026-02-14T00:00:00+00:00', '--job-id', '1216', '--raw', '--subdir', 'DAGS_FOLDER/stocks/dag1.py', '--cfg-path', '/tmp/tmpcj0bzax3']
[2026-02-19T14:27:42.511+0000] {standard_task_runner.py:91} INFO - Job 1216: Subtask task_GOOG
[2026-02-19T14:27:42.598+0000] {task_command.py:426} INFO - Running <TaskInstance: dag_moex.task_GOOG scheduled__2026-02-14T00:00:00+00:00 [running]> on host cc036e7caf02
[2026-02-19T14:27:42.724+0000] {taskinstance.py:2648} INFO - Exporting env vars: AIRFLOW_CTX_DAG_OWNER='***' AIRFLOW_CTX_DAG_ID='dag_moex' AIRFLOW_CTX_TASK_ID='task_GOOG' AIRFLOW_CTX_EXECUTION_DATE='2026-02-14T00:00:00+00:00' AIRFLOW_CTX_TRY_NUMBER='1' AIRFLOW_CTX_DAG_RUN_ID='scheduled__2026-02-14T00:00:00+00:00'
[2026-02-19T14:27:42.726+0000] {taskinstance.py:430} INFO - ::endgroup::
[2026-02-19T14:27:42.742+0000] {logging_mixin.py:188} WARNING - /opt/***/dags/stocks/scripts/api.py:9 FutureWarning: YF.download() has changed argument auto_adjust default to True
[2026-02-19T14:27:42.751+0000] {logging_mixin.py:188} WARNING - /home/***/.local/lib/python3.12/site-packages/yfinance/scrapers/history.py:204 Pandas4Warning: Timestamp.utcnow is deprecated and will be removed in a future version. Use Timestamp.now('UTC') instead.
[2026-02-19T14:27:43.386+0000] {logging_mixin.py:188} WARNING - [*********************100%***********************]  1 of 1 completed
[2026-02-19T14:27:43.402+0000] {api.py:10} INFO - Выгрузилось
    __________________________
    Price            Close        High         Low        Open    Volume
Ticker            GOOG        GOOG        GOOG        GOOG      GOOG
Date                                                                
2026-02-13  306.019989  308.890015  303.899994  307.984985  20236000
    __________________________
    
[2026-02-19T14:27:43.405+0000] {api.py:16} INFO - start=2026-02-13, end=2026-02-15
[2026-02-19T14:27:43.407+0000] {api.py:17} INFO - После удаления
    __________________________
    Empty DataFrame
Columns: [(Close, GOOG), (High, GOOG), (Low, GOOG), (Open, GOOG), (Volume, GOOG)]
Index: []
    __________________________
    
[2026-02-19T14:27:43.421+0000] {base.py:84} INFO - Using connection ID 'pg_1' for task execution.
[2026-02-19T14:27:43.422+0000] {sql.py:254} WARNING - This setter is for backward compatibility and should not be used.
Since the introduction of connection property, the providers listed below breaks due to assigning value to self.connection in their __init__ method.
* apache-***-providers-mysql<5.7.1
* apache-***-providers-elasticsearch<5.5.1
* apache-***-providers-postgres<5.13.0
[2026-02-19T14:27:43.427+0000] {sql.py:908} INFO - Done loading. Loaded a total of 0 rows into stocks
[2026-02-19T14:27:43.434+0000] {python.py:237} INFO - Done. Returned value was: None
[2026-02-19T14:27:43.435+0000] {taskinstance.py:441} INFO - ::group::Post task execution logs
[2026-02-19T14:27:43.447+0000] {taskinstance.py:1206} INFO - Marking task as SUCCESS. dag_id=dag_moex, task_id=task_GOOG, run_id=scheduled__2026-02-14T00:00:00+00:00, execution_date=20260214T000000, start_date=20260219T142742, end_date=20260219T142743
[2026-02-19T14:27:43.566+0000] {local_task_job_runner.py:243} INFO - Task exited with return code 0
[2026-02-19T14:27:43.602+0000] {taskinstance.py:3503} INFO - 0 downstream tasks scheduled from follow-on schedule check
[2026-02-19T14:27:43.609+0000] {local_task_job_runner.py:222} INFO - ::endgroup::
[2026-02-19T14:41:02.303+0000] {local_task_job_runner.py:120} INFO - ::group::Pre task execution logs
[2026-02-19T14:41:02.346+0000] {taskinstance.py:2076} INFO - Dependencies all met for dep_context=non-requeueable deps ti=<TaskInstance: dag_moex.task_GOOG scheduled__2026-02-14T00:00:00+00:00 [queued]>
[2026-02-19T14:41:02.355+0000] {taskinstance.py:2076} INFO - Dependencies all met for dep_context=requeueable deps ti=<TaskInstance: dag_moex.task_GOOG scheduled__2026-02-14T00:00:00+00:00 [queued]>
[2026-02-19T14:41:02.356+0000] {taskinstance.py:2306} INFO - Starting attempt 1 of 1
[2026-02-19T14:41:02.372+0000] {taskinstance.py:2330} INFO - Executing <Task(PythonOperator): task_GOOG> on 2026-02-14 00:00:00+00:00
[2026-02-19T14:41:02.383+0000] {logging_mixin.py:188} WARNING - /home/***/.local/lib/python3.12/site-packages/***/task/task_runner/standard_task_runner.py:62 DeprecationWarning: This process (pid=31871) is multi-threaded, use of fork() may lead to deadlocks in the child.
[2026-02-19T14:41:02.385+0000] {standard_task_runner.py:64} INFO - Started process 31895 to run task
[2026-02-19T14:41:02.389+0000] {standard_task_runner.py:90} INFO - Running: ['***', 'tasks', 'run', 'dag_moex', 'task_GOOG', 'scheduled__2026-02-14T00:00:00+00:00', '--job-id', '1271', '--raw', '--subdir', 'DAGS_FOLDER/stocks/dag1.py', '--cfg-path', '/tmp/tmposzsp82z']
[2026-02-19T14:41:02.400+0000] {standard_task_runner.py:91} INFO - Job 1271: Subtask task_GOOG
[2026-02-19T14:41:02.503+0000] {task_command.py:426} INFO - Running <TaskInstance: dag_moex.task_GOOG scheduled__2026-02-14T00:00:00+00:00 [running]> on host cc036e7caf02
[2026-02-19T14:41:02.627+0000] {taskinstance.py:2648} INFO - Exporting env vars: AIRFLOW_CTX_DAG_OWNER='***' AIRFLOW_CTX_DAG_ID='dag_moex' AIRFLOW_CTX_TASK_ID='task_GOOG' AIRFLOW_CTX_EXECUTION_DATE='2026-02-14T00:00:00+00:00' AIRFLOW_CTX_TRY_NUMBER='1' AIRFLOW_CTX_DAG_RUN_ID='scheduled__2026-02-14T00:00:00+00:00'
[2026-02-19T14:41:02.633+0000] {taskinstance.py:430} INFO - ::endgroup::
[2026-02-19T14:41:02.648+0000] {logging_mixin.py:188} WARNING - /opt/***/dags/stocks/scripts/api.py:9 FutureWarning: YF.download() has changed argument auto_adjust default to True
[2026-02-19T14:41:02.657+0000] {logging_mixin.py:188} WARNING - /home/***/.local/lib/python3.12/site-packages/yfinance/scrapers/history.py:204 Pandas4Warning: Timestamp.utcnow is deprecated and will be removed in a future version. Use Timestamp.now('UTC') instead.
[2026-02-19T14:41:03.332+0000] {logging_mixin.py:188} WARNING - [*********************100%***********************]  1 of 1 completed
[2026-02-19T14:41:03.347+0000] {api.py:10} INFO - Выгрузилось
    __________________________
    Price            Close        High         Low        Open    Volume
Ticker            GOOG        GOOG        GOOG        GOOG      GOOG
Date                                                                
2026-02-13  306.019989  308.890015  303.899994  307.984985  20236000
    __________________________
    
[2026-02-19T14:41:03.347+0000] {taskinstance.py:441} INFO - ::group::Post task execution logs
[2026-02-19T14:41:03.348+0000] {taskinstance.py:2905} ERROR - Task failed with exception
Traceback (most recent call last):
  File "/home/airflow/.local/lib/python3.12/site-packages/airflow/models/taskinstance.py", line 465, in _execute_task
    result = _execute_callable(context=context, **execute_callable_kwargs)
             ^^^^^^^^^^^^^^^^^^^^^^^^^^^^^^^^^^^^^^^^^^^^^^^^^^^^^^^^^^^^^
  File "/home/airflow/.local/lib/python3.12/site-packages/airflow/models/taskinstance.py", line 432, in _execute_callable
    return execute_callable(context=context, **execute_callable_kwargs)
           ^^^^^^^^^^^^^^^^^^^^^^^^^^^^^^^^^^^^^^^^^^^^^^^^^^^^^^^^^^^^
  File "/home/airflow/.local/lib/python3.12/site-packages/airflow/models/baseoperator.py", line 401, in wrapper
    return func(self, *args, **kwargs)
           ^^^^^^^^^^^^^^^^^^^^^^^^^^^
  File "/home/airflow/.local/lib/python3.12/site-packages/airflow/operators/python.py", line 235, in execute
    return_value = self.execute_callable()
                   ^^^^^^^^^^^^^^^^^^^^^^^
  File "/home/airflow/.local/lib/python3.12/site-packages/airflow/operators/python.py", line 252, in execute_callable
    return self.python_callable(*self.op_args, **self.op_kwargs)
           ^^^^^^^^^^^^^^^^^^^^^^^^^^^^^^^^^^^^^^^^^^^^^^^^^^^^^
  File "/opt/airflow/dags/stocks/scripts/manager.py", line 11, in fetch_data
    data = fetch_data_from_yfinance(stock, data_interval_start=data_interval_start, data_interval_end=data_interval_end)
           ^^^^^^^^^^^^^^^^^^^^^^^^^^^^^^^^^^^^^^^^^^^^^^^^^^^^^^^^^^^^^^^^^^^^^^^^^^^^^^^^^^^^^^^^^^^^^^^^^^^^^^^^^^^^^
  File "/opt/airflow/dags/stocks/scripts/api.py", line 15, in fetch_data_from_yfinance
    df = df.loc[start:start + timedelta(days=1)]
                      ~~~~~~^~~~~~~~~~~~~~~~~~~
TypeError: can only concatenate str (not "datetime.timedelta") to str
[2026-02-19T14:41:03.358+0000] {taskinstance.py:1206} INFO - Marking task as FAILED. dag_id=dag_moex, task_id=task_GOOG, run_id=scheduled__2026-02-14T00:00:00+00:00, execution_date=20260214T000000, start_date=20260219T144102, end_date=20260219T144103
[2026-02-19T14:41:03.366+0000] {standard_task_runner.py:110} ERROR - Failed to execute job 1271 for task task_GOOG (can only concatenate str (not "datetime.timedelta") to str; 31895)
[2026-02-19T14:41:03.412+0000] {local_task_job_runner.py:243} INFO - Task exited with return code 1
[2026-02-19T14:41:03.424+0000] {taskinstance.py:3503} INFO - 0 downstream tasks scheduled from follow-on schedule check
[2026-02-19T14:41:03.426+0000] {local_task_job_runner.py:222} INFO - ::endgroup::
[2026-02-19T14:45:10.002+0000] {local_task_job_runner.py:120} INFO - ::group::Pre task execution logs
[2026-02-19T14:45:10.043+0000] {taskinstance.py:2076} INFO - Dependencies all met for dep_context=non-requeueable deps ti=<TaskInstance: dag_moex.task_GOOG scheduled__2026-02-14T00:00:00+00:00 [queued]>
[2026-02-19T14:45:10.060+0000] {taskinstance.py:2076} INFO - Dependencies all met for dep_context=requeueable deps ti=<TaskInstance: dag_moex.task_GOOG scheduled__2026-02-14T00:00:00+00:00 [queued]>
[2026-02-19T14:45:10.064+0000] {taskinstance.py:2306} INFO - Starting attempt 1 of 1
[2026-02-19T14:45:10.077+0000] {taskinstance.py:2330} INFO - Executing <Task(PythonOperator): task_GOOG> on 2026-02-14 00:00:00+00:00
[2026-02-19T14:45:10.088+0000] {logging_mixin.py:188} WARNING - /home/***/.local/lib/python3.12/site-packages/***/task/task_runner/standard_task_runner.py:62 DeprecationWarning: This process (pid=32176) is multi-threaded, use of fork() may lead to deadlocks in the child.
[2026-02-19T14:45:10.090+0000] {standard_task_runner.py:64} INFO - Started process 32210 to run task
[2026-02-19T14:45:10.089+0000] {standard_task_runner.py:90} INFO - Running: ['***', 'tasks', 'run', 'dag_moex', 'task_GOOG', 'scheduled__2026-02-14T00:00:00+00:00', '--job-id', '1329', '--raw', '--subdir', 'DAGS_FOLDER/stocks/dag1.py', '--cfg-path', '/tmp/tmpsga9o85q']
[2026-02-19T14:45:10.095+0000] {standard_task_runner.py:91} INFO - Job 1329: Subtask task_GOOG
[2026-02-19T14:45:10.165+0000] {task_command.py:426} INFO - Running <TaskInstance: dag_moex.task_GOOG scheduled__2026-02-14T00:00:00+00:00 [running]> on host cc036e7caf02
[2026-02-19T14:45:10.255+0000] {taskinstance.py:2648} INFO - Exporting env vars: AIRFLOW_CTX_DAG_OWNER='***' AIRFLOW_CTX_DAG_ID='dag_moex' AIRFLOW_CTX_TASK_ID='task_GOOG' AIRFLOW_CTX_EXECUTION_DATE='2026-02-14T00:00:00+00:00' AIRFLOW_CTX_TRY_NUMBER='1' AIRFLOW_CTX_DAG_RUN_ID='scheduled__2026-02-14T00:00:00+00:00'
[2026-02-19T14:45:10.257+0000] {taskinstance.py:430} INFO - ::endgroup::
[2026-02-19T14:45:10.270+0000] {logging_mixin.py:188} WARNING - /opt/***/dags/stocks/scripts/api.py:9 FutureWarning: YF.download() has changed argument auto_adjust default to True
[2026-02-19T14:45:10.279+0000] {logging_mixin.py:188} WARNING - /home/***/.local/lib/python3.12/site-packages/yfinance/scrapers/history.py:204 Pandas4Warning: Timestamp.utcnow is deprecated and will be removed in a future version. Use Timestamp.now('UTC') instead.
[2026-02-19T14:45:11.118+0000] {logging_mixin.py:188} WARNING - [*********************100%***********************]  1 of 1 completed
[2026-02-19T14:45:11.132+0000] {base.py:84} INFO - Using connection ID 'pg_1' for task execution.
[2026-02-19T14:45:11.133+0000] {sql.py:254} WARNING - This setter is for backward compatibility and should not be used.
Since the introduction of connection property, the providers listed below breaks due to assigning value to self.connection in their __init__ method.
* apache-***-providers-mysql<5.7.1
* apache-***-providers-elasticsearch<5.5.1
* apache-***-providers-postgres<5.13.0
[2026-02-19T14:45:11.137+0000] {taskinstance.py:441} INFO - ::group::Post task execution logs
[2026-02-19T14:45:11.138+0000] {taskinstance.py:2905} ERROR - Task failed with exception
Traceback (most recent call last):
  File "/home/airflow/.local/lib/python3.12/site-packages/airflow/models/taskinstance.py", line 465, in _execute_task
    result = _execute_callable(context=context, **execute_callable_kwargs)
             ^^^^^^^^^^^^^^^^^^^^^^^^^^^^^^^^^^^^^^^^^^^^^^^^^^^^^^^^^^^^^
  File "/home/airflow/.local/lib/python3.12/site-packages/airflow/models/taskinstance.py", line 432, in _execute_callable
    return execute_callable(context=context, **execute_callable_kwargs)
           ^^^^^^^^^^^^^^^^^^^^^^^^^^^^^^^^^^^^^^^^^^^^^^^^^^^^^^^^^^^^
  File "/home/airflow/.local/lib/python3.12/site-packages/airflow/models/baseoperator.py", line 401, in wrapper
    return func(self, *args, **kwargs)
           ^^^^^^^^^^^^^^^^^^^^^^^^^^^
  File "/home/airflow/.local/lib/python3.12/site-packages/airflow/operators/python.py", line 235, in execute
    return_value = self.execute_callable()
                   ^^^^^^^^^^^^^^^^^^^^^^^
  File "/home/airflow/.local/lib/python3.12/site-packages/airflow/operators/python.py", line 252, in execute_callable
    return self.python_callable(*self.op_args, **self.op_kwargs)
           ^^^^^^^^^^^^^^^^^^^^^^^^^^^^^^^^^^^^^^^^^^^^^^^^^^^^^
  File "/opt/airflow/dags/stocks/scripts/manager.py", line 24, in fetch_data
    postgresHook.insert_rows(table="stocks", rows=rows,
  File "/home/airflow/.local/lib/python3.12/site-packages/airflow/providers/common/sql/hooks/sql.py", line 893, in insert_rows
    cur.executemany(sql, values)
psycopg2.errors.UniqueViolation: duplicate key value violates unique constraint "stocks_pkey"
DETAIL:  Key (ticker, date)=(GOOG, 2026-02-13) already exists.

[2026-02-19T14:45:11.147+0000] {taskinstance.py:1206} INFO - Marking task as FAILED. dag_id=dag_moex, task_id=task_GOOG, run_id=scheduled__2026-02-14T00:00:00+00:00, execution_date=20260214T000000, start_date=20260219T144510, end_date=20260219T144511
[2026-02-19T14:45:11.156+0000] {standard_task_runner.py:110} ERROR - Failed to execute job 1329 for task task_GOOG (duplicate key value violates unique constraint "stocks_pkey"
DETAIL:  Key (ticker, date)=(GOOG, 2026-02-13) already exists.
; 32210)
[2026-02-19T14:45:11.190+0000] {local_task_job_runner.py:243} INFO - Task exited with return code 1
[2026-02-19T14:45:11.203+0000] {taskinstance.py:3503} INFO - 0 downstream tasks scheduled from follow-on schedule check
[2026-02-19T14:45:11.205+0000] {local_task_job_runner.py:222} INFO - ::endgroup::
[2026-02-19T14:51:04.003+0000] {local_task_job_runner.py:120} INFO - ::group::Pre task execution logs
[2026-02-19T14:51:04.062+0000] {taskinstance.py:2076} INFO - Dependencies all met for dep_context=non-requeueable deps ti=<TaskInstance: dag_moex.task_GOOG scheduled__2026-02-14T00:00:00+00:00 [queued]>
[2026-02-19T14:51:04.075+0000] {taskinstance.py:2076} INFO - Dependencies all met for dep_context=requeueable deps ti=<TaskInstance: dag_moex.task_GOOG scheduled__2026-02-14T00:00:00+00:00 [queued]>
[2026-02-19T14:51:04.076+0000] {taskinstance.py:2306} INFO - Starting attempt 1 of 1
[2026-02-19T14:51:04.098+0000] {taskinstance.py:2330} INFO - Executing <Task(PythonOperator): task_GOOG> on 2026-02-14 00:00:00+00:00
[2026-02-19T14:51:04.114+0000] {logging_mixin.py:188} WARNING - /home/***/.local/lib/python3.12/site-packages/***/task/task_runner/standard_task_runner.py:62 DeprecationWarning: This process (pid=32914) is multi-threaded, use of fork() may lead to deadlocks in the child.
[2026-02-19T14:51:04.123+0000] {standard_task_runner.py:64} INFO - Started process 32940 to run task
[2026-02-19T14:51:04.123+0000] {standard_task_runner.py:90} INFO - Running: ['***', 'tasks', 'run', 'dag_moex', 'task_GOOG', 'scheduled__2026-02-14T00:00:00+00:00', '--job-id', '1469', '--raw', '--subdir', 'DAGS_FOLDER/stocks/dag1.py', '--cfg-path', '/tmp/tmpcklsav54']
[2026-02-19T14:51:04.131+0000] {standard_task_runner.py:91} INFO - Job 1469: Subtask task_GOOG
[2026-02-19T14:51:04.228+0000] {task_command.py:426} INFO - Running <TaskInstance: dag_moex.task_GOOG scheduled__2026-02-14T00:00:00+00:00 [running]> on host cc036e7caf02
[2026-02-19T14:51:04.424+0000] {taskinstance.py:2648} INFO - Exporting env vars: AIRFLOW_CTX_DAG_OWNER='***' AIRFLOW_CTX_DAG_ID='dag_moex' AIRFLOW_CTX_TASK_ID='task_GOOG' AIRFLOW_CTX_EXECUTION_DATE='2026-02-14T00:00:00+00:00' AIRFLOW_CTX_TRY_NUMBER='1' AIRFLOW_CTX_DAG_RUN_ID='scheduled__2026-02-14T00:00:00+00:00'
[2026-02-19T14:51:04.426+0000] {taskinstance.py:430} INFO - ::endgroup::
[2026-02-19T14:51:04.467+0000] {logging_mixin.py:188} WARNING - /opt/***/dags/stocks/scripts/api.py:9 FutureWarning: YF.download() has changed argument auto_adjust default to True
[2026-02-19T14:51:04.484+0000] {logging_mixin.py:188} WARNING - /home/***/.local/lib/python3.12/site-packages/yfinance/scrapers/history.py:204 Pandas4Warning: Timestamp.utcnow is deprecated and will be removed in a future version. Use Timestamp.now('UTC') instead.
[2026-02-19T14:51:05.165+0000] {logging_mixin.py:188} WARNING - [*********************100%***********************]  1 of 1 completed
[2026-02-19T14:51:05.187+0000] {base.py:84} INFO - Using connection ID 'pg_1' for task execution.
[2026-02-19T14:51:05.187+0000] {sql.py:254} WARNING - This setter is for backward compatibility and should not be used.
Since the introduction of connection property, the providers listed below breaks due to assigning value to self.connection in their __init__ method.
* apache-***-providers-mysql<5.7.1
* apache-***-providers-elasticsearch<5.5.1
* apache-***-providers-postgres<5.13.0
[2026-02-19T14:51:05.192+0000] {taskinstance.py:441} INFO - ::group::Post task execution logs
[2026-02-19T14:51:05.193+0000] {taskinstance.py:2905} ERROR - Task failed with exception
Traceback (most recent call last):
  File "/home/airflow/.local/lib/python3.12/site-packages/airflow/models/taskinstance.py", line 465, in _execute_task
    result = _execute_callable(context=context, **execute_callable_kwargs)
             ^^^^^^^^^^^^^^^^^^^^^^^^^^^^^^^^^^^^^^^^^^^^^^^^^^^^^^^^^^^^^
  File "/home/airflow/.local/lib/python3.12/site-packages/airflow/models/taskinstance.py", line 432, in _execute_callable
    return execute_callable(context=context, **execute_callable_kwargs)
           ^^^^^^^^^^^^^^^^^^^^^^^^^^^^^^^^^^^^^^^^^^^^^^^^^^^^^^^^^^^^
  File "/home/airflow/.local/lib/python3.12/site-packages/airflow/models/baseoperator.py", line 401, in wrapper
    return func(self, *args, **kwargs)
           ^^^^^^^^^^^^^^^^^^^^^^^^^^^
  File "/home/airflow/.local/lib/python3.12/site-packages/airflow/operators/python.py", line 235, in execute
    return_value = self.execute_callable()
                   ^^^^^^^^^^^^^^^^^^^^^^^
  File "/home/airflow/.local/lib/python3.12/site-packages/airflow/operators/python.py", line 252, in execute_callable
    return self.python_callable(*self.op_args, **self.op_kwargs)
           ^^^^^^^^^^^^^^^^^^^^^^^^^^^^^^^^^^^^^^^^^^^^^^^^^^^^^
  File "/opt/airflow/dags/stocks/scripts/manager.py", line 24, in fetch_data
    postgresHook.insert_rows(table="stocks", rows=rows,
  File "/home/airflow/.local/lib/python3.12/site-packages/airflow/providers/common/sql/hooks/sql.py", line 893, in insert_rows
    cur.executemany(sql, values)
psycopg2.errors.UniqueViolation: duplicate key value violates unique constraint "stocks_pkey"
DETAIL:  Key (ticker, date)=(GOOG, 2026-02-13) already exists.

[2026-02-19T14:51:05.205+0000] {taskinstance.py:1206} INFO - Marking task as FAILED. dag_id=dag_moex, task_id=task_GOOG, run_id=scheduled__2026-02-14T00:00:00+00:00, execution_date=20260214T000000, start_date=20260219T145104, end_date=20260219T145105
[2026-02-19T14:51:05.215+0000] {standard_task_runner.py:110} ERROR - Failed to execute job 1469 for task task_GOOG (duplicate key value violates unique constraint "stocks_pkey"
DETAIL:  Key (ticker, date)=(GOOG, 2026-02-13) already exists.
; 32940)
[2026-02-19T14:51:05.244+0000] {local_task_job_runner.py:243} INFO - Task exited with return code 1
[2026-02-19T14:51:05.261+0000] {taskinstance.py:3503} INFO - 0 downstream tasks scheduled from follow-on schedule check
[2026-02-19T14:51:05.264+0000] {local_task_job_runner.py:222} INFO - ::endgroup::
