[2026-02-18T07:13:04.789+0000] {local_task_job_runner.py:120} INFO - ::group::Pre task execution logs
[2026-02-18T07:13:04.834+0000] {taskinstance.py:2076} INFO - Dependencies all met for dep_context=non-requeueable deps ti=<TaskInstance: dag_moex.task_AAPL scheduled__2026-01-22T00:00:00+00:00 [queued]>
[2026-02-18T07:13:04.848+0000] {taskinstance.py:2076} INFO - Dependencies all met for dep_context=requeueable deps ti=<TaskInstance: dag_moex.task_AAPL scheduled__2026-01-22T00:00:00+00:00 [queued]>
[2026-02-18T07:13:04.849+0000] {taskinstance.py:2306} INFO - Starting attempt 1 of 1
[2026-02-18T07:13:04.881+0000] {taskinstance.py:2330} INFO - Executing <Task(PythonOperator): task_AAPL> on 2026-01-22 00:00:00+00:00
[2026-02-18T07:13:04.902+0000] {logging_mixin.py:188} WARNING - /home/***/.local/lib/python3.12/site-packages/***/task/task_runner/standard_task_runner.py:62 DeprecationWarning: This process (pid=1528) is multi-threaded, use of fork() may lead to deadlocks in the child.
[2026-02-18T07:13:04.904+0000] {standard_task_runner.py:64} INFO - Started process 1568 to run task
[2026-02-18T07:13:04.907+0000] {standard_task_runner.py:90} INFO - Running: ['***', 'tasks', 'run', 'dag_moex', 'task_AAPL', 'scheduled__2026-01-22T00:00:00+00:00', '--job-id', '445', '--raw', '--subdir', 'DAGS_FOLDER/stocks/dag1.py', '--cfg-path', '/tmp/tmpjh4nbzu5']
[2026-02-18T07:13:04.914+0000] {standard_task_runner.py:91} INFO - Job 445: Subtask task_AAPL
[2026-02-18T07:13:05.064+0000] {task_command.py:426} INFO - Running <TaskInstance: dag_moex.task_AAPL scheduled__2026-01-22T00:00:00+00:00 [running]> on host cc036e7caf02
[2026-02-18T07:13:05.206+0000] {taskinstance.py:2648} INFO - Exporting env vars: AIRFLOW_CTX_DAG_OWNER='***' AIRFLOW_CTX_DAG_ID='dag_moex' AIRFLOW_CTX_TASK_ID='task_AAPL' AIRFLOW_CTX_EXECUTION_DATE='2026-01-22T00:00:00+00:00' AIRFLOW_CTX_TRY_NUMBER='1' AIRFLOW_CTX_DAG_RUN_ID='scheduled__2026-01-22T00:00:00+00:00'
[2026-02-18T07:13:05.208+0000] {taskinstance.py:430} INFO - ::endgroup::
[2026-02-18T07:13:05.230+0000] {manager.py:8} INFO - log
[2026-02-18T07:13:05.241+0000] {logging_mixin.py:188} WARNING - /opt/***/dags/stocks/scripts/api.py:9 FutureWarning: YF.download() has changed argument auto_adjust default to True
[2026-02-18T07:13:05.255+0000] {logging_mixin.py:188} WARNING - /home/***/.local/lib/python3.12/site-packages/yfinance/scrapers/history.py:204 Pandas4Warning: Timestamp.utcnow is deprecated and will be removed in a future version. Use Timestamp.now('UTC') instead.
[2026-02-18T07:13:06.037+0000] {logging_mixin.py:188} WARNING - [*********************100%***********************]  1 of 1 completed
[2026-02-18T07:13:06.045+0000] {manager.py:10} INFO - Price            Close       High         Low       Open    Volume
Ticker            AAPL       AAPL        AAPL       AAPL      AAPL
Date                                                              
2026-01-22  248.117844  250.76536  247.918018  248.96704  39708300
[2026-02-18T07:13:06.062+0000] {python.py:237} INFO - Done. Returned value was: None
[2026-02-18T07:13:06.063+0000] {taskinstance.py:441} INFO - ::group::Post task execution logs
[2026-02-18T07:13:06.071+0000] {taskinstance.py:1206} INFO - Marking task as SUCCESS. dag_id=dag_moex, task_id=task_AAPL, run_id=scheduled__2026-01-22T00:00:00+00:00, execution_date=20260122T000000, start_date=20260218T071304, end_date=20260218T071306
[2026-02-18T07:13:06.104+0000] {local_task_job_runner.py:243} INFO - Task exited with return code 0
[2026-02-18T07:13:06.124+0000] {taskinstance.py:3503} INFO - 0 downstream tasks scheduled from follow-on schedule check
[2026-02-18T07:13:06.126+0000] {local_task_job_runner.py:222} INFO - ::endgroup::
[2026-02-19T12:59:31.288+0000] {local_task_job_runner.py:120} INFO - ::group::Pre task execution logs
[2026-02-19T12:59:31.330+0000] {taskinstance.py:2076} INFO - Dependencies all met for dep_context=non-requeueable deps ti=<TaskInstance: dag_moex.task_AAPL scheduled__2026-01-22T00:00:00+00:00 [queued]>
[2026-02-19T12:59:31.339+0000] {taskinstance.py:2076} INFO - Dependencies all met for dep_context=requeueable deps ti=<TaskInstance: dag_moex.task_AAPL scheduled__2026-01-22T00:00:00+00:00 [queued]>
[2026-02-19T12:59:31.340+0000] {taskinstance.py:2306} INFO - Starting attempt 1 of 1
[2026-02-19T12:59:31.353+0000] {taskinstance.py:2330} INFO - Executing <Task(PythonOperator): task_AAPL> on 2026-01-22 00:00:00+00:00
[2026-02-19T12:59:31.363+0000] {logging_mixin.py:188} WARNING - /home/***/.local/lib/python3.12/site-packages/***/task/task_runner/standard_task_runner.py:62 DeprecationWarning: This process (pid=27914) is multi-threaded, use of fork() may lead to deadlocks in the child.
[2026-02-19T12:59:31.362+0000] {standard_task_runner.py:90} INFO - Running: ['***', 'tasks', 'run', 'dag_moex', 'task_AAPL', 'scheduled__2026-01-22T00:00:00+00:00', '--job-id', '880', '--raw', '--subdir', 'DAGS_FOLDER/stocks/dag1.py', '--cfg-path', '/tmp/tmp8jsurby6']
[2026-02-19T12:59:31.364+0000] {standard_task_runner.py:64} INFO - Started process 27942 to run task
[2026-02-19T12:59:31.365+0000] {standard_task_runner.py:91} INFO - Job 880: Subtask task_AAPL
[2026-02-19T12:59:31.409+0000] {task_command.py:426} INFO - Running <TaskInstance: dag_moex.task_AAPL scheduled__2026-01-22T00:00:00+00:00 [running]> on host cc036e7caf02
[2026-02-19T12:59:31.485+0000] {taskinstance.py:2648} INFO - Exporting env vars: AIRFLOW_CTX_DAG_OWNER='***' AIRFLOW_CTX_DAG_ID='dag_moex' AIRFLOW_CTX_TASK_ID='task_AAPL' AIRFLOW_CTX_EXECUTION_DATE='2026-01-22T00:00:00+00:00' AIRFLOW_CTX_TRY_NUMBER='1' AIRFLOW_CTX_DAG_RUN_ID='scheduled__2026-01-22T00:00:00+00:00'
[2026-02-19T12:59:31.486+0000] {taskinstance.py:430} INFO - ::endgroup::
[2026-02-19T12:59:31.496+0000] {logging_mixin.py:188} WARNING - /opt/***/dags/stocks/scripts/api.py:10 FutureWarning: YF.download() has changed argument auto_adjust default to True
[2026-02-19T12:59:31.503+0000] {logging_mixin.py:188} WARNING - /home/***/.local/lib/python3.12/site-packages/yfinance/scrapers/history.py:204 Pandas4Warning: Timestamp.utcnow is deprecated and will be removed in a future version. Use Timestamp.now('UTC') instead.
[2026-02-19T12:59:32.389+0000] {logging_mixin.py:188} WARNING - [*********************100%***********************]  1 of 1 completed
[2026-02-19T12:59:32.404+0000] {api.py:11} INFO - Выгрузилось
    __________________________
    Price            Close        High         Low        Open    Volume
Ticker            AAPL        AAPL        AAPL        AAPL      AAPL
Date                                                                
2026-01-21  247.418488  251.324836  244.950795  248.467509  54641700
2026-01-22  248.117844  250.765360  247.918018  248.967040  39708300
    __________________________
    
[2026-02-19T12:59:32.405+0000] {api.py:17} INFO - start=2026-01-21, end=2026-01-23
[2026-02-19T12:59:32.410+0000] {api.py:18} INFO - После удаления
    __________________________
    Price            Close       High         Low       Open    Volume
Ticker            AAPL       AAPL        AAPL       AAPL      AAPL
Date                                                              
2026-01-22  248.117844  250.76536  247.918018  248.96704  39708300
    __________________________
    
[2026-02-19T12:59:32.421+0000] {base.py:84} INFO - Using connection ID 'pg_1' for task execution.
[2026-02-19T12:59:32.422+0000] {sql.py:254} WARNING - This setter is for backward compatibility and should not be used.
Since the introduction of connection property, the providers listed below breaks due to assigning value to self.connection in their __init__ method.
* apache-***-providers-mysql<5.7.1
* apache-***-providers-elasticsearch<5.5.1
* apache-***-providers-postgres<5.13.0
[2026-02-19T12:59:32.427+0000] {sql.py:896} INFO - Loaded 1 rows into stocks so far
[2026-02-19T12:59:32.428+0000] {sql.py:908} INFO - Done loading. Loaded a total of 1 rows into stocks
[2026-02-19T12:59:32.432+0000] {python.py:237} INFO - Done. Returned value was: None
[2026-02-19T12:59:32.433+0000] {taskinstance.py:441} INFO - ::group::Post task execution logs
[2026-02-19T12:59:32.439+0000] {taskinstance.py:1206} INFO - Marking task as SUCCESS. dag_id=dag_moex, task_id=task_AAPL, run_id=scheduled__2026-01-22T00:00:00+00:00, execution_date=20260122T000000, start_date=20260219T125931, end_date=20260219T125932
[2026-02-19T12:59:32.460+0000] {local_task_job_runner.py:243} INFO - Task exited with return code 0
[2026-02-19T12:59:32.475+0000] {taskinstance.py:3503} INFO - 0 downstream tasks scheduled from follow-on schedule check
[2026-02-19T12:59:32.477+0000] {local_task_job_runner.py:222} INFO - ::endgroup::
[2026-02-19T14:50:39.029+0000] {local_task_job_runner.py:120} INFO - ::group::Pre task execution logs
[2026-02-19T14:50:39.086+0000] {taskinstance.py:2076} INFO - Dependencies all met for dep_context=non-requeueable deps ti=<TaskInstance: dag_moex.task_AAPL scheduled__2026-01-22T00:00:00+00:00 [queued]>
[2026-02-19T14:50:39.103+0000] {taskinstance.py:2076} INFO - Dependencies all met for dep_context=requeueable deps ti=<TaskInstance: dag_moex.task_AAPL scheduled__2026-01-22T00:00:00+00:00 [queued]>
[2026-02-19T14:50:39.104+0000] {taskinstance.py:2306} INFO - Starting attempt 1 of 1
[2026-02-19T14:50:39.140+0000] {taskinstance.py:2330} INFO - Executing <Task(PythonOperator): task_AAPL> on 2026-01-22 00:00:00+00:00
[2026-02-19T14:50:39.165+0000] {logging_mixin.py:188} WARNING - /home/***/.local/lib/python3.12/site-packages/***/task/task_runner/standard_task_runner.py:62 DeprecationWarning: This process (pid=32631) is multi-threaded, use of fork() may lead to deadlocks in the child.
[2026-02-19T14:50:39.168+0000] {standard_task_runner.py:64} INFO - Started process 32663 to run task
[2026-02-19T14:50:39.189+0000] {standard_task_runner.py:90} INFO - Running: ['***', 'tasks', 'run', 'dag_moex', 'task_AAPL', 'scheduled__2026-01-22T00:00:00+00:00', '--job-id', '1402', '--raw', '--subdir', 'DAGS_FOLDER/stocks/dag1.py', '--cfg-path', '/tmp/tmpdyd7b4u7']
[2026-02-19T14:50:39.195+0000] {standard_task_runner.py:91} INFO - Job 1402: Subtask task_AAPL
[2026-02-19T14:50:39.302+0000] {task_command.py:426} INFO - Running <TaskInstance: dag_moex.task_AAPL scheduled__2026-01-22T00:00:00+00:00 [running]> on host cc036e7caf02
[2026-02-19T14:50:39.480+0000] {taskinstance.py:2648} INFO - Exporting env vars: AIRFLOW_CTX_DAG_OWNER='***' AIRFLOW_CTX_DAG_ID='dag_moex' AIRFLOW_CTX_TASK_ID='task_AAPL' AIRFLOW_CTX_EXECUTION_DATE='2026-01-22T00:00:00+00:00' AIRFLOW_CTX_TRY_NUMBER='1' AIRFLOW_CTX_DAG_RUN_ID='scheduled__2026-01-22T00:00:00+00:00'
[2026-02-19T14:50:39.483+0000] {taskinstance.py:430} INFO - ::endgroup::
[2026-02-19T14:50:39.501+0000] {logging_mixin.py:188} WARNING - /opt/***/dags/stocks/scripts/api.py:9 FutureWarning: YF.download() has changed argument auto_adjust default to True
[2026-02-19T14:50:39.515+0000] {logging_mixin.py:188} WARNING - /home/***/.local/lib/python3.12/site-packages/yfinance/scrapers/history.py:204 Pandas4Warning: Timestamp.utcnow is deprecated and will be removed in a future version. Use Timestamp.now('UTC') instead.
[2026-02-19T14:50:40.218+0000] {logging_mixin.py:188} WARNING - [*********************100%***********************]  1 of 1 completed
[2026-02-19T14:50:40.235+0000] {base.py:84} INFO - Using connection ID 'pg_1' for task execution.
[2026-02-19T14:50:40.236+0000] {sql.py:254} WARNING - This setter is for backward compatibility and should not be used.
Since the introduction of connection property, the providers listed below breaks due to assigning value to self.connection in their __init__ method.
* apache-***-providers-mysql<5.7.1
* apache-***-providers-elasticsearch<5.5.1
* apache-***-providers-postgres<5.13.0
[2026-02-19T14:50:40.241+0000] {sql.py:896} INFO - Loaded 2 rows into stocks so far
[2026-02-19T14:50:40.242+0000] {sql.py:908} INFO - Done loading. Loaded a total of 2 rows into stocks
[2026-02-19T14:50:40.247+0000] {python.py:237} INFO - Done. Returned value was: None
[2026-02-19T14:50:40.248+0000] {taskinstance.py:441} INFO - ::group::Post task execution logs
[2026-02-19T14:50:40.256+0000] {taskinstance.py:1206} INFO - Marking task as SUCCESS. dag_id=dag_moex, task_id=task_AAPL, run_id=scheduled__2026-01-22T00:00:00+00:00, execution_date=20260122T000000, start_date=20260219T145039, end_date=20260219T145040
[2026-02-19T14:50:40.299+0000] {local_task_job_runner.py:243} INFO - Task exited with return code 0
[2026-02-19T14:50:40.316+0000] {taskinstance.py:3503} INFO - 0 downstream tasks scheduled from follow-on schedule check
[2026-02-19T14:50:40.318+0000] {local_task_job_runner.py:222} INFO - ::endgroup::
