[2026-02-18T07:12:59.598+0000] {local_task_job_runner.py:120} INFO - ::group::Pre task execution logs
[2026-02-18T07:12:59.668+0000] {taskinstance.py:2076} INFO - Dependencies all met for dep_context=non-requeueable deps ti=<TaskInstance: dag_moex.task_AAPL scheduled__2026-01-20T00:00:00+00:00 [queued]>
[2026-02-18T07:12:59.698+0000] {taskinstance.py:2076} INFO - Dependencies all met for dep_context=requeueable deps ti=<TaskInstance: dag_moex.task_AAPL scheduled__2026-01-20T00:00:00+00:00 [queued]>
[2026-02-18T07:12:59.699+0000] {taskinstance.py:2306} INFO - Starting attempt 1 of 1
[2026-02-18T07:12:59.724+0000] {taskinstance.py:2330} INFO - Executing <Task(PythonOperator): task_AAPL> on 2026-01-20 00:00:00+00:00
[2026-02-18T07:12:59.741+0000] {standard_task_runner.py:90} INFO - Running: ['***', 'tasks', 'run', 'dag_moex', 'task_AAPL', 'scheduled__2026-01-20T00:00:00+00:00', '--job-id', '426', '--raw', '--subdir', 'DAGS_FOLDER/stocks/dag1.py', '--cfg-path', '/tmp/tmp2aeuvwj5']
[2026-02-18T07:12:59.748+0000] {standard_task_runner.py:91} INFO - Job 426: Subtask task_AAPL
[2026-02-18T07:12:59.745+0000] {logging_mixin.py:188} WARNING - /home/***/.local/lib/python3.12/site-packages/***/task/task_runner/standard_task_runner.py:62 DeprecationWarning: This process (pid=1479) is multi-threaded, use of fork() may lead to deadlocks in the child.
[2026-02-18T07:12:59.758+0000] {standard_task_runner.py:64} INFO - Started process 1502 to run task
[2026-02-18T07:12:59.861+0000] {task_command.py:426} INFO - Running <TaskInstance: dag_moex.task_AAPL scheduled__2026-01-20T00:00:00+00:00 [running]> on host cc036e7caf02
[2026-02-18T07:13:00.012+0000] {taskinstance.py:2648} INFO - Exporting env vars: AIRFLOW_CTX_DAG_OWNER='***' AIRFLOW_CTX_DAG_ID='dag_moex' AIRFLOW_CTX_TASK_ID='task_AAPL' AIRFLOW_CTX_EXECUTION_DATE='2026-01-20T00:00:00+00:00' AIRFLOW_CTX_TRY_NUMBER='1' AIRFLOW_CTX_DAG_RUN_ID='scheduled__2026-01-20T00:00:00+00:00'
[2026-02-18T07:13:00.017+0000] {taskinstance.py:430} INFO - ::endgroup::
[2026-02-18T07:13:00.035+0000] {manager.py:8} INFO - log
[2026-02-18T07:13:00.039+0000] {logging_mixin.py:188} WARNING - /opt/***/dags/stocks/scripts/api.py:9 FutureWarning: YF.download() has changed argument auto_adjust default to True
[2026-02-18T07:13:00.049+0000] {logging_mixin.py:188} WARNING - /home/***/.local/lib/python3.12/site-packages/yfinance/scrapers/history.py:204 Pandas4Warning: Timestamp.utcnow is deprecated and will be removed in a future version. Use Timestamp.now('UTC') instead.
[2026-02-18T07:13:00.860+0000] {logging_mixin.py:188} WARNING - [*********************100%***********************]  1 of 1 completed
[2026-02-18T07:13:00.870+0000] {taskinstance.py:441} INFO - ::group::Post task execution logs
[2026-02-18T07:13:00.870+0000] {taskinstance.py:2905} ERROR - Task failed with exception
Traceback (most recent call last):
  File "/home/airflow/.local/lib/python3.12/site-packages/airflow/models/taskinstance.py", line 465, in _execute_task
    result = _execute_callable(context=context, **execute_callable_kwargs)
             ^^^^^^^^^^^^^^^^^^^^^^^^^^^^^^^^^^^^^^^^^^^^^^^^^^^^^^^^^^^^^
  File "/home/airflow/.local/lib/python3.12/site-packages/airflow/models/taskinstance.py", line 432, in _execute_callable
    return execute_callable(context=context, **execute_callable_kwargs)
           ^^^^^^^^^^^^^^^^^^^^^^^^^^^^^^^^^^^^^^^^^^^^^^^^^^^^^^^^^^^^
  File "/home/airflow/.local/lib/python3.12/site-packages/airflow/models/baseoperator.py", line 401, in wrapper
    return func(self, *args, **kwargs)
           ^^^^^^^^^^^^^^^^^^^^^^^^^^^
  File "/home/airflow/.local/lib/python3.12/site-packages/airflow/operators/python.py", line 235, in execute
    return_value = self.execute_callable()
                   ^^^^^^^^^^^^^^^^^^^^^^^
  File "/home/airflow/.local/lib/python3.12/site-packages/airflow/operators/python.py", line 252, in execute_callable
    return self.python_callable(*self.op_args, **self.op_kwargs)
           ^^^^^^^^^^^^^^^^^^^^^^^^^^^^^^^^^^^^^^^^^^^^^^^^^^^^^
  File "/opt/airflow/dags/stocks/scripts/manager.py", line 9, in fetch_data
    data = fetch_data_from_yfinance(stock, data_interval_start=data_interval_start, data_interval_end=data_interval_end)
           ^^^^^^^^^^^^^^^^^^^^^^^^^^^^^^^^^^^^^^^^^^^^^^^^^^^^^^^^^^^^^^^^^^^^^^^^^^^^^^^^^^^^^^^^^^^^^^^^^^^^^^^^^^^^^
  File "/opt/airflow/dags/stocks/scripts/api.py", line 10, in fetch_data_from_yfinance
    df.drop(index=start, inplace=True)
  File "/home/airflow/.local/lib/python3.12/site-packages/pandas/core/frame.py", line 6288, in drop
    return super().drop(
           ^^^^^^^^^^^^^
  File "/home/airflow/.local/lib/python3.12/site-packages/pandas/core/generic.py", line 4644, in drop
    obj = obj._drop_axis(labels, axis, level=level, errors=errors)
          ^^^^^^^^^^^^^^^^^^^^^^^^^^^^^^^^^^^^^^^^^^^^^^^^^^^^^^^^
  File "/home/airflow/.local/lib/python3.12/site-packages/pandas/core/generic.py", line 4686, in _drop_axis
    new_axis = axis.drop(labels, errors=errors)
               ^^^^^^^^^^^^^^^^^^^^^^^^^^^^^^^^
  File "/home/airflow/.local/lib/python3.12/site-packages/pandas/core/indexes/base.py", line 7268, in drop
    raise KeyError(f"{labels[mask].tolist()} not found in axis")
KeyError: "['2026-01-19'] not found in axis"
[2026-02-18T07:13:00.890+0000] {taskinstance.py:1206} INFO - Marking task as FAILED. dag_id=dag_moex, task_id=task_AAPL, run_id=scheduled__2026-01-20T00:00:00+00:00, execution_date=20260120T000000, start_date=20260218T071259, end_date=20260218T071300
[2026-02-18T07:13:00.902+0000] {standard_task_runner.py:110} ERROR - Failed to execute job 426 for task task_AAPL ("['2026-01-19'] not found in axis"; 1502)
[2026-02-18T07:13:00.920+0000] {local_task_job_runner.py:243} INFO - Task exited with return code 1
[2026-02-18T07:13:00.935+0000] {taskinstance.py:3503} INFO - 0 downstream tasks scheduled from follow-on schedule check
[2026-02-18T07:13:00.937+0000] {local_task_job_runner.py:222} INFO - ::endgroup::
[2026-02-19T12:59:31.065+0000] {local_task_job_runner.py:120} INFO - ::group::Pre task execution logs
[2026-02-19T12:59:31.104+0000] {taskinstance.py:2076} INFO - Dependencies all met for dep_context=non-requeueable deps ti=<TaskInstance: dag_moex.task_AAPL scheduled__2026-01-20T00:00:00+00:00 [queued]>
[2026-02-19T12:59:31.114+0000] {taskinstance.py:2076} INFO - Dependencies all met for dep_context=requeueable deps ti=<TaskInstance: dag_moex.task_AAPL scheduled__2026-01-20T00:00:00+00:00 [queued]>
[2026-02-19T12:59:31.115+0000] {taskinstance.py:2306} INFO - Starting attempt 1 of 1
[2026-02-19T12:59:31.131+0000] {taskinstance.py:2330} INFO - Executing <Task(PythonOperator): task_AAPL> on 2026-01-20 00:00:00+00:00
[2026-02-19T12:59:31.146+0000] {logging_mixin.py:188} WARNING - /home/***/.local/lib/python3.12/site-packages/***/task/task_runner/standard_task_runner.py:62 DeprecationWarning: This process (pid=27903) is multi-threaded, use of fork() may lead to deadlocks in the child.
[2026-02-19T12:59:31.151+0000] {standard_task_runner.py:64} INFO - Started process 27931 to run task
[2026-02-19T12:59:31.146+0000] {standard_task_runner.py:90} INFO - Running: ['***', 'tasks', 'run', 'dag_moex', 'task_AAPL', 'scheduled__2026-01-20T00:00:00+00:00', '--job-id', '875', '--raw', '--subdir', 'DAGS_FOLDER/stocks/dag1.py', '--cfg-path', '/tmp/tmpsads02xa']
[2026-02-19T12:59:31.154+0000] {standard_task_runner.py:91} INFO - Job 875: Subtask task_AAPL
[2026-02-19T12:59:31.229+0000] {task_command.py:426} INFO - Running <TaskInstance: dag_moex.task_AAPL scheduled__2026-01-20T00:00:00+00:00 [running]> on host cc036e7caf02
[2026-02-19T12:59:31.333+0000] {taskinstance.py:2648} INFO - Exporting env vars: AIRFLOW_CTX_DAG_OWNER='***' AIRFLOW_CTX_DAG_ID='dag_moex' AIRFLOW_CTX_TASK_ID='task_AAPL' AIRFLOW_CTX_EXECUTION_DATE='2026-01-20T00:00:00+00:00' AIRFLOW_CTX_TRY_NUMBER='1' AIRFLOW_CTX_DAG_RUN_ID='scheduled__2026-01-20T00:00:00+00:00'
[2026-02-19T12:59:31.335+0000] {taskinstance.py:430} INFO - ::endgroup::
[2026-02-19T12:59:31.348+0000] {logging_mixin.py:188} WARNING - /opt/***/dags/stocks/scripts/api.py:10 FutureWarning: YF.download() has changed argument auto_adjust default to True
[2026-02-19T12:59:31.358+0000] {logging_mixin.py:188} WARNING - /home/***/.local/lib/python3.12/site-packages/yfinance/scrapers/history.py:204 Pandas4Warning: Timestamp.utcnow is deprecated and will be removed in a future version. Use Timestamp.now('UTC') instead.
[2026-02-19T12:59:32.443+0000] {logging_mixin.py:188} WARNING - [*********************100%***********************]  1 of 1 completed
[2026-02-19T12:59:32.457+0000] {api.py:11} INFO - Выгрузилось
    __________________________
    Price            Close        High         Low        Open    Volume
Ticker            AAPL        AAPL        AAPL        AAPL      AAPL
Date                                                                
2026-01-20  246.469376  254.551809  243.192443  252.493737  80267500
    __________________________
    
[2026-02-19T12:59:32.457+0000] {taskinstance.py:441} INFO - ::group::Post task execution logs
[2026-02-19T12:59:32.458+0000] {taskinstance.py:2905} ERROR - Task failed with exception
Traceback (most recent call last):
  File "/home/airflow/.local/lib/python3.12/site-packages/airflow/models/taskinstance.py", line 465, in _execute_task
    result = _execute_callable(context=context, **execute_callable_kwargs)
             ^^^^^^^^^^^^^^^^^^^^^^^^^^^^^^^^^^^^^^^^^^^^^^^^^^^^^^^^^^^^^
  File "/home/airflow/.local/lib/python3.12/site-packages/airflow/models/taskinstance.py", line 432, in _execute_callable
    return execute_callable(context=context, **execute_callable_kwargs)
           ^^^^^^^^^^^^^^^^^^^^^^^^^^^^^^^^^^^^^^^^^^^^^^^^^^^^^^^^^^^^
  File "/home/airflow/.local/lib/python3.12/site-packages/airflow/models/baseoperator.py", line 401, in wrapper
    return func(self, *args, **kwargs)
           ^^^^^^^^^^^^^^^^^^^^^^^^^^^
  File "/home/airflow/.local/lib/python3.12/site-packages/airflow/operators/python.py", line 235, in execute
    return_value = self.execute_callable()
                   ^^^^^^^^^^^^^^^^^^^^^^^
  File "/home/airflow/.local/lib/python3.12/site-packages/airflow/operators/python.py", line 252, in execute_callable
    return self.python_callable(*self.op_args, **self.op_kwargs)
           ^^^^^^^^^^^^^^^^^^^^^^^^^^^^^^^^^^^^^^^^^^^^^^^^^^^^^
  File "/opt/airflow/dags/stocks/scripts/manager.py", line 11, in fetch_data
    data = fetch_data_from_yfinance(stock, data_interval_start=data_interval_start, data_interval_end=data_interval_end)
           ^^^^^^^^^^^^^^^^^^^^^^^^^^^^^^^^^^^^^^^^^^^^^^^^^^^^^^^^^^^^^^^^^^^^^^^^^^^^^^^^^^^^^^^^^^^^^^^^^^^^^^^^^^^^^
  File "/opt/airflow/dags/stocks/scripts/api.py", line 16, in fetch_data_from_yfinance
    df.drop(index=start, inplace=True)
  File "/home/airflow/.local/lib/python3.12/site-packages/pandas/core/frame.py", line 6288, in drop
    return super().drop(
           ^^^^^^^^^^^^^
  File "/home/airflow/.local/lib/python3.12/site-packages/pandas/core/generic.py", line 4644, in drop
    obj = obj._drop_axis(labels, axis, level=level, errors=errors)
          ^^^^^^^^^^^^^^^^^^^^^^^^^^^^^^^^^^^^^^^^^^^^^^^^^^^^^^^^
  File "/home/airflow/.local/lib/python3.12/site-packages/pandas/core/generic.py", line 4686, in _drop_axis
    new_axis = axis.drop(labels, errors=errors)
               ^^^^^^^^^^^^^^^^^^^^^^^^^^^^^^^^
  File "/home/airflow/.local/lib/python3.12/site-packages/pandas/core/indexes/base.py", line 7268, in drop
    raise KeyError(f"{labels[mask].tolist()} not found in axis")
KeyError: "['2026-01-19'] not found in axis"
[2026-02-19T12:59:32.474+0000] {taskinstance.py:1206} INFO - Marking task as FAILED. dag_id=dag_moex, task_id=task_AAPL, run_id=scheduled__2026-01-20T00:00:00+00:00, execution_date=20260120T000000, start_date=20260219T125931, end_date=20260219T125932
[2026-02-19T12:59:32.483+0000] {standard_task_runner.py:110} ERROR - Failed to execute job 875 for task task_AAPL ("['2026-01-19'] not found in axis"; 27931)
[2026-02-19T12:59:32.494+0000] {local_task_job_runner.py:243} INFO - Task exited with return code 1
[2026-02-19T12:59:32.504+0000] {taskinstance.py:3503} INFO - 0 downstream tasks scheduled from follow-on schedule check
[2026-02-19T12:59:32.506+0000] {local_task_job_runner.py:222} INFO - ::endgroup::
[2026-02-19T14:50:30.908+0000] {local_task_job_runner.py:120} INFO - ::group::Pre task execution logs
[2026-02-19T14:50:30.960+0000] {taskinstance.py:2076} INFO - Dependencies all met for dep_context=non-requeueable deps ti=<TaskInstance: dag_moex.task_AAPL scheduled__2026-01-20T00:00:00+00:00 [queued]>
[2026-02-19T14:50:30.972+0000] {taskinstance.py:2076} INFO - Dependencies all met for dep_context=requeueable deps ti=<TaskInstance: dag_moex.task_AAPL scheduled__2026-01-20T00:00:00+00:00 [queued]>
[2026-02-19T14:50:30.974+0000] {taskinstance.py:2306} INFO - Starting attempt 1 of 1
[2026-02-19T14:50:30.995+0000] {taskinstance.py:2330} INFO - Executing <Task(PythonOperator): task_AAPL> on 2026-01-20 00:00:00+00:00
[2026-02-19T14:50:31.014+0000] {logging_mixin.py:188} WARNING - /home/***/.local/lib/python3.12/site-packages/***/task/task_runner/standard_task_runner.py:62 DeprecationWarning: This process (pid=32583) is multi-threaded, use of fork() may lead to deadlocks in the child.
[2026-02-19T14:50:31.014+0000] {standard_task_runner.py:90} INFO - Running: ['***', 'tasks', 'run', 'dag_moex', 'task_AAPL', 'scheduled__2026-01-20T00:00:00+00:00', '--job-id', '1394', '--raw', '--subdir', 'DAGS_FOLDER/stocks/dag1.py', '--cfg-path', '/tmp/tmpn8sovask']
[2026-02-19T14:50:31.019+0000] {standard_task_runner.py:64} INFO - Started process 32608 to run task
[2026-02-19T14:50:31.019+0000] {standard_task_runner.py:91} INFO - Job 1394: Subtask task_AAPL
[2026-02-19T14:50:31.127+0000] {task_command.py:426} INFO - Running <TaskInstance: dag_moex.task_AAPL scheduled__2026-01-20T00:00:00+00:00 [running]> on host cc036e7caf02
[2026-02-19T14:50:31.250+0000] {taskinstance.py:2648} INFO - Exporting env vars: AIRFLOW_CTX_DAG_OWNER='***' AIRFLOW_CTX_DAG_ID='dag_moex' AIRFLOW_CTX_TASK_ID='task_AAPL' AIRFLOW_CTX_EXECUTION_DATE='2026-01-20T00:00:00+00:00' AIRFLOW_CTX_TRY_NUMBER='1' AIRFLOW_CTX_DAG_RUN_ID='scheduled__2026-01-20T00:00:00+00:00'
[2026-02-19T14:50:31.252+0000] {taskinstance.py:430} INFO - ::endgroup::
[2026-02-19T14:50:31.272+0000] {logging_mixin.py:188} WARNING - /opt/***/dags/stocks/scripts/api.py:9 FutureWarning: YF.download() has changed argument auto_adjust default to True
[2026-02-19T14:50:31.281+0000] {logging_mixin.py:188} WARNING - /home/***/.local/lib/python3.12/site-packages/yfinance/scrapers/history.py:204 Pandas4Warning: Timestamp.utcnow is deprecated and will be removed in a future version. Use Timestamp.now('UTC') instead.
[2026-02-19T14:50:31.959+0000] {logging_mixin.py:188} WARNING - [*********************100%***********************]  1 of 1 completed
[2026-02-19T14:50:31.975+0000] {base.py:84} INFO - Using connection ID 'pg_1' for task execution.
[2026-02-19T14:50:31.976+0000] {sql.py:254} WARNING - This setter is for backward compatibility and should not be used.
Since the introduction of connection property, the providers listed below breaks due to assigning value to self.connection in their __init__ method.
* apache-***-providers-mysql<5.7.1
* apache-***-providers-elasticsearch<5.5.1
* apache-***-providers-postgres<5.13.0
[2026-02-19T14:50:31.980+0000] {sql.py:896} INFO - Loaded 1 rows into stocks so far
[2026-02-19T14:50:31.981+0000] {sql.py:908} INFO - Done loading. Loaded a total of 1 rows into stocks
[2026-02-19T14:50:31.985+0000] {python.py:237} INFO - Done. Returned value was: None
[2026-02-19T14:50:31.986+0000] {taskinstance.py:441} INFO - ::group::Post task execution logs
[2026-02-19T14:50:31.992+0000] {taskinstance.py:1206} INFO - Marking task as SUCCESS. dag_id=dag_moex, task_id=task_AAPL, run_id=scheduled__2026-01-20T00:00:00+00:00, execution_date=20260120T000000, start_date=20260219T145030, end_date=20260219T145031
[2026-02-19T14:50:32.047+0000] {local_task_job_runner.py:243} INFO - Task exited with return code 0
[2026-02-19T14:50:32.057+0000] {local_task_job_runner.py:222} INFO - ::endgroup::
