[2026-02-14T09:34:03.875+0000] {local_task_job_runner.py:120} INFO - ::group::Pre task execution logs
[2026-02-14T09:34:03.933+0000] {taskinstance.py:2076} INFO - Dependencies all met for dep_context=non-requeueable deps ti=<TaskInstance: dag_moex.task_GOOG scheduled__2025-12-02T00:00:00+00:00 [queued]>
[2026-02-14T09:34:03.951+0000] {taskinstance.py:2076} INFO - Dependencies all met for dep_context=requeueable deps ti=<TaskInstance: dag_moex.task_GOOG scheduled__2025-12-02T00:00:00+00:00 [queued]>
[2026-02-14T09:34:03.953+0000] {taskinstance.py:2306} INFO - Starting attempt 1 of 1
[2026-02-14T09:34:03.974+0000] {taskinstance.py:2330} INFO - Executing <Task(PythonOperator): task_GOOG> on 2025-12-02 00:00:00+00:00
[2026-02-14T09:34:03.988+0000] {logging_mixin.py:188} WARNING - /home/***/.local/lib/python3.12/site-packages/***/task/task_runner/standard_task_runner.py:62 DeprecationWarning: This process (pid=721) is multi-threaded, use of fork() may lead to deadlocks in the child.
[2026-02-14T09:34:03.989+0000] {standard_task_runner.py:64} INFO - Started process 737 to run task
[2026-02-14T09:34:03.988+0000] {standard_task_runner.py:90} INFO - Running: ['***', 'tasks', 'run', 'dag_moex', 'task_GOOG', 'scheduled__2025-12-02T00:00:00+00:00', '--job-id', '201', '--raw', '--subdir', 'DAGS_FOLDER/stocks/dag1.py', '--cfg-path', '/tmp/tmpgs1cy1kk']
[2026-02-14T09:34:03.991+0000] {standard_task_runner.py:91} INFO - Job 201: Subtask task_GOOG
[2026-02-14T09:34:04.080+0000] {task_command.py:426} INFO - Running <TaskInstance: dag_moex.task_GOOG scheduled__2025-12-02T00:00:00+00:00 [running]> on host 78a955e87025
[2026-02-14T09:34:04.212+0000] {taskinstance.py:2648} INFO - Exporting env vars: AIRFLOW_CTX_DAG_OWNER='***' AIRFLOW_CTX_DAG_ID='dag_moex' AIRFLOW_CTX_TASK_ID='task_GOOG' AIRFLOW_CTX_EXECUTION_DATE='2025-12-02T00:00:00+00:00' AIRFLOW_CTX_TRY_NUMBER='1' AIRFLOW_CTX_DAG_RUN_ID='scheduled__2025-12-02T00:00:00+00:00'
[2026-02-14T09:34:04.214+0000] {taskinstance.py:430} INFO - ::endgroup::
[2026-02-14T09:34:04.234+0000] {logging_mixin.py:188} INFO - 2025-12-01 2025-12-03
[2026-02-14T09:34:04.237+0000] {logging_mixin.py:188} WARNING - /opt/***/dags/stocks/scripts/api.py:10 FutureWarning: YF.download() has changed argument auto_adjust default to True
[2026-02-14T09:34:04.255+0000] {logging_mixin.py:188} WARNING - /home/***/.local/lib/python3.12/site-packages/yfinance/scrapers/history.py:204 Pandas4Warning: Timestamp.utcnow is deprecated and will be removed in a future version. Use Timestamp.now('UTC') instead.
[2026-02-14T09:34:05.161+0000] {logging_mixin.py:188} WARNING - [*********************100%***********************]  1 of 1 completed
[2026-02-14T09:34:05.175+0000] {python.py:237} INFO - Done. Returned value was: None
[2026-02-14T09:34:05.176+0000] {taskinstance.py:441} INFO - ::group::Post task execution logs
[2026-02-14T09:34:05.184+0000] {taskinstance.py:1206} INFO - Marking task as SUCCESS. dag_id=dag_moex, task_id=task_GOOG, run_id=scheduled__2025-12-02T00:00:00+00:00, execution_date=20251202T000000, start_date=20260214T093403, end_date=20260214T093405
[2026-02-14T09:34:05.218+0000] {local_task_job_runner.py:243} INFO - Task exited with return code 0
[2026-02-14T09:34:05.234+0000] {taskinstance.py:3503} INFO - 0 downstream tasks scheduled from follow-on schedule check
[2026-02-14T09:34:05.240+0000] {local_task_job_runner.py:222} INFO - ::endgroup::
[2026-02-14T09:43:20.565+0000] {local_task_job_runner.py:120} INFO - ::group::Pre task execution logs
[2026-02-14T09:43:20.611+0000] {taskinstance.py:2076} INFO - Dependencies all met for dep_context=non-requeueable deps ti=<TaskInstance: dag_moex.task_GOOG scheduled__2025-12-02T00:00:00+00:00 [queued]>
[2026-02-14T09:43:20.626+0000] {taskinstance.py:2076} INFO - Dependencies all met for dep_context=requeueable deps ti=<TaskInstance: dag_moex.task_GOOG scheduled__2025-12-02T00:00:00+00:00 [queued]>
[2026-02-14T09:43:20.627+0000] {taskinstance.py:2306} INFO - Starting attempt 1 of 1
[2026-02-14T09:43:20.647+0000] {taskinstance.py:2330} INFO - Executing <Task(PythonOperator): task_GOOG> on 2025-12-02 00:00:00+00:00
[2026-02-14T09:43:20.657+0000] {logging_mixin.py:188} WARNING - /home/***/.local/lib/python3.12/site-packages/***/task/task_runner/standard_task_runner.py:62 DeprecationWarning: This process (pid=979) is multi-threaded, use of fork() may lead to deadlocks in the child.
[2026-02-14T09:43:20.659+0000] {standard_task_runner.py:64} INFO - Started process 995 to run task
[2026-02-14T09:43:20.659+0000] {standard_task_runner.py:90} INFO - Running: ['***', 'tasks', 'run', 'dag_moex', 'task_GOOG', 'scheduled__2025-12-02T00:00:00+00:00', '--job-id', '210', '--raw', '--subdir', 'DAGS_FOLDER/stocks/dag1.py', '--cfg-path', '/tmp/tmp8fcsynyr']
[2026-02-14T09:43:20.662+0000] {standard_task_runner.py:91} INFO - Job 210: Subtask task_GOOG
[2026-02-14T09:43:20.735+0000] {task_command.py:426} INFO - Running <TaskInstance: dag_moex.task_GOOG scheduled__2025-12-02T00:00:00+00:00 [running]> on host 78a955e87025
[2026-02-14T09:43:20.858+0000] {taskinstance.py:2648} INFO - Exporting env vars: AIRFLOW_CTX_DAG_OWNER='***' AIRFLOW_CTX_DAG_ID='dag_moex' AIRFLOW_CTX_TASK_ID='task_GOOG' AIRFLOW_CTX_EXECUTION_DATE='2025-12-02T00:00:00+00:00' AIRFLOW_CTX_TRY_NUMBER='1' AIRFLOW_CTX_DAG_RUN_ID='scheduled__2025-12-02T00:00:00+00:00'
[2026-02-14T09:43:20.861+0000] {taskinstance.py:430} INFO - ::endgroup::
[2026-02-14T09:43:20.883+0000] {logging_mixin.py:188} INFO - 2025-12-01 2025-12-03
[2026-02-14T09:43:20.886+0000] {logging_mixin.py:188} WARNING - /opt/***/dags/stocks/scripts/api.py:10 FutureWarning: YF.download() has changed argument auto_adjust default to True
[2026-02-14T09:43:20.898+0000] {logging_mixin.py:188} WARNING - /home/***/.local/lib/python3.12/site-packages/yfinance/scrapers/history.py:204 Pandas4Warning: Timestamp.utcnow is deprecated and will be removed in a future version. Use Timestamp.now('UTC') instead.
[2026-02-14T09:43:21.646+0000] {logging_mixin.py:188} WARNING - [*********************100%***********************]  1 of 1 completed
[2026-02-14T09:43:21.663+0000] {taskinstance.py:441} INFO - ::group::Post task execution logs
[2026-02-14T09:43:21.664+0000] {taskinstance.py:2905} ERROR - Task failed with exception
Traceback (most recent call last):
  File "/home/airflow/.local/lib/python3.12/site-packages/airflow/models/taskinstance.py", line 465, in _execute_task
    result = _execute_callable(context=context, **execute_callable_kwargs)
             ^^^^^^^^^^^^^^^^^^^^^^^^^^^^^^^^^^^^^^^^^^^^^^^^^^^^^^^^^^^^^
  File "/home/airflow/.local/lib/python3.12/site-packages/airflow/models/taskinstance.py", line 432, in _execute_callable
    return execute_callable(context=context, **execute_callable_kwargs)
           ^^^^^^^^^^^^^^^^^^^^^^^^^^^^^^^^^^^^^^^^^^^^^^^^^^^^^^^^^^^^
  File "/home/airflow/.local/lib/python3.12/site-packages/airflow/models/baseoperator.py", line 401, in wrapper
    return func(self, *args, **kwargs)
           ^^^^^^^^^^^^^^^^^^^^^^^^^^^
  File "/home/airflow/.local/lib/python3.12/site-packages/airflow/operators/python.py", line 235, in execute
    return_value = self.execute_callable()
                   ^^^^^^^^^^^^^^^^^^^^^^^
  File "/home/airflow/.local/lib/python3.12/site-packages/airflow/operators/python.py", line 252, in execute_callable
    return self.python_callable(*self.op_args, **self.op_kwargs)
           ^^^^^^^^^^^^^^^^^^^^^^^^^^^^^^^^^^^^^^^^^^^^^^^^^^^^^
  File "/opt/airflow/dags/stocks/scripts/manager.py", line 9, in fetch_data
    data.to_json(file_path)
  File "/home/airflow/.local/lib/python3.12/site-packages/pandas/core/generic.py", line 2635, in to_json
    return json.to_json(
           ^^^^^^^^^^^^^
  File "/home/airflow/.local/lib/python3.12/site-packages/pandas/io/json/_json.py", line 248, in to_json
    with get_handle(
         ^^^^^^^^^^^
  File "/home/airflow/.local/lib/python3.12/site-packages/pandas/io/common.py", line 926, in get_handle
    handle = open(
             ^^^^^
PermissionError: [Errno 13] Permission denied: '/opt/airflow/dags/GOOG_2025-12-02.json'
[2026-02-14T09:43:21.686+0000] {taskinstance.py:1206} INFO - Marking task as FAILED. dag_id=dag_moex, task_id=task_GOOG, run_id=scheduled__2025-12-02T00:00:00+00:00, execution_date=20251202T000000, start_date=20260214T094320, end_date=20260214T094321
[2026-02-14T09:43:21.727+0000] {standard_task_runner.py:110} ERROR - Failed to execute job 210 for task task_GOOG ([Errno 13] Permission denied: '/opt/airflow/dags/GOOG_2025-12-02.json'; 995)
[2026-02-14T09:43:21.763+0000] {local_task_job_runner.py:243} INFO - Task exited with return code 1
[2026-02-14T09:43:21.783+0000] {taskinstance.py:3503} INFO - 0 downstream tasks scheduled from follow-on schedule check
[2026-02-14T09:43:21.786+0000] {local_task_job_runner.py:222} INFO - ::endgroup::
[2026-02-14T09:44:55.213+0000] {local_task_job_runner.py:120} INFO - ::group::Pre task execution logs
[2026-02-14T09:44:55.264+0000] {taskinstance.py:2076} INFO - Dependencies all met for dep_context=non-requeueable deps ti=<TaskInstance: dag_moex.task_GOOG scheduled__2025-12-02T00:00:00+00:00 [queued]>
[2026-02-14T09:44:55.275+0000] {taskinstance.py:2076} INFO - Dependencies all met for dep_context=requeueable deps ti=<TaskInstance: dag_moex.task_GOOG scheduled__2025-12-02T00:00:00+00:00 [queued]>
[2026-02-14T09:44:55.276+0000] {taskinstance.py:2306} INFO - Starting attempt 1 of 1
[2026-02-14T09:44:55.295+0000] {taskinstance.py:2330} INFO - Executing <Task(PythonOperator): task_GOOG> on 2025-12-02 00:00:00+00:00
[2026-02-14T09:44:55.310+0000] {logging_mixin.py:188} WARNING - /home/***/.local/lib/python3.12/site-packages/***/task/task_runner/standard_task_runner.py:62 DeprecationWarning: This process (pid=1054) is multi-threaded, use of fork() may lead to deadlocks in the child.
[2026-02-14T09:44:55.309+0000] {standard_task_runner.py:90} INFO - Running: ['***', 'tasks', 'run', 'dag_moex', 'task_GOOG', 'scheduled__2025-12-02T00:00:00+00:00', '--job-id', '219', '--raw', '--subdir', 'DAGS_FOLDER/stocks/dag1.py', '--cfg-path', '/tmp/tmpzbfjggn2']
[2026-02-14T09:44:55.312+0000] {standard_task_runner.py:64} INFO - Started process 1067 to run task
[2026-02-14T09:44:55.313+0000] {standard_task_runner.py:91} INFO - Job 219: Subtask task_GOOG
[2026-02-14T09:44:55.404+0000] {task_command.py:426} INFO - Running <TaskInstance: dag_moex.task_GOOG scheduled__2025-12-02T00:00:00+00:00 [running]> on host 78a955e87025
[2026-02-14T09:44:55.533+0000] {taskinstance.py:2648} INFO - Exporting env vars: AIRFLOW_CTX_DAG_OWNER='***' AIRFLOW_CTX_DAG_ID='dag_moex' AIRFLOW_CTX_TASK_ID='task_GOOG' AIRFLOW_CTX_EXECUTION_DATE='2025-12-02T00:00:00+00:00' AIRFLOW_CTX_TRY_NUMBER='1' AIRFLOW_CTX_DAG_RUN_ID='scheduled__2025-12-02T00:00:00+00:00'
[2026-02-14T09:44:55.536+0000] {taskinstance.py:430} INFO - ::endgroup::
[2026-02-14T09:44:55.557+0000] {logging_mixin.py:188} INFO - 2025-12-01 2025-12-03
[2026-02-14T09:44:55.561+0000] {logging_mixin.py:188} WARNING - /opt/***/dags/stocks/scripts/api.py:10 FutureWarning: YF.download() has changed argument auto_adjust default to True
[2026-02-14T09:44:55.585+0000] {logging_mixin.py:188} WARNING - /home/***/.local/lib/python3.12/site-packages/yfinance/scrapers/history.py:204 Pandas4Warning: Timestamp.utcnow is deprecated and will be removed in a future version. Use Timestamp.now('UTC') instead.
[2026-02-14T09:44:56.273+0000] {logging_mixin.py:188} WARNING - [*********************100%***********************]  1 of 1 completed
[2026-02-14T09:44:56.293+0000] {python.py:237} INFO - Done. Returned value was: None
[2026-02-14T09:44:56.294+0000] {taskinstance.py:441} INFO - ::group::Post task execution logs
[2026-02-14T09:44:56.307+0000] {taskinstance.py:1206} INFO - Marking task as SUCCESS. dag_id=dag_moex, task_id=task_GOOG, run_id=scheduled__2025-12-02T00:00:00+00:00, execution_date=20251202T000000, start_date=20260214T094455, end_date=20260214T094456
[2026-02-14T09:44:56.339+0000] {local_task_job_runner.py:243} INFO - Task exited with return code 0
[2026-02-14T09:44:56.376+0000] {taskinstance.py:3503} INFO - 0 downstream tasks scheduled from follow-on schedule check
[2026-02-14T09:44:56.379+0000] {local_task_job_runner.py:222} INFO - ::endgroup::
