[2026-02-18T07:11:11.708+0000] {local_task_job_runner.py:120} INFO - ::group::Pre task execution logs
[2026-02-18T07:11:11.743+0000] {taskinstance.py:2076} INFO - Dependencies all met for dep_context=non-requeueable deps ti=<TaskInstance: dag_moex.task_AAPL scheduled__2026-02-16T00:00:00+00:00 [queued]>
[2026-02-18T07:11:11.753+0000] {taskinstance.py:2076} INFO - Dependencies all met for dep_context=requeueable deps ti=<TaskInstance: dag_moex.task_AAPL scheduled__2026-02-16T00:00:00+00:00 [queued]>
[2026-02-18T07:11:11.754+0000] {taskinstance.py:2306} INFO - Starting attempt 1 of 1
[2026-02-18T07:11:11.769+0000] {taskinstance.py:2330} INFO - Executing <Task(PythonOperator): task_AAPL> on 2026-02-16 00:00:00+00:00
[2026-02-18T07:11:11.778+0000] {logging_mixin.py:188} WARNING - /home/***/.local/lib/python3.12/site-packages/***/task/task_runner/standard_task_runner.py:62 DeprecationWarning: This process (pid=1210) is multi-threaded, use of fork() may lead to deadlocks in the child.
[2026-02-18T07:11:11.781+0000] {standard_task_runner.py:64} INFO - Started process 1222 to run task
[2026-02-18T07:11:11.779+0000] {standard_task_runner.py:90} INFO - Running: ['***', 'tasks', 'run', 'dag_moex', 'task_AAPL', 'scheduled__2026-02-16T00:00:00+00:00', '--job-id', '370', '--raw', '--subdir', 'DAGS_FOLDER/stocks/dag1.py', '--cfg-path', '/tmp/tmp9bq900oj']
[2026-02-18T07:11:11.782+0000] {standard_task_runner.py:91} INFO - Job 370: Subtask task_AAPL
[2026-02-18T07:11:11.831+0000] {task_command.py:426} INFO - Running <TaskInstance: dag_moex.task_AAPL scheduled__2026-02-16T00:00:00+00:00 [running]> on host cc036e7caf02
[2026-02-18T07:11:11.924+0000] {taskinstance.py:2648} INFO - Exporting env vars: AIRFLOW_CTX_DAG_OWNER='***' AIRFLOW_CTX_DAG_ID='dag_moex' AIRFLOW_CTX_TASK_ID='task_AAPL' AIRFLOW_CTX_EXECUTION_DATE='2026-02-16T00:00:00+00:00' AIRFLOW_CTX_TRY_NUMBER='1' AIRFLOW_CTX_DAG_RUN_ID='scheduled__2026-02-16T00:00:00+00:00'
[2026-02-18T07:11:11.925+0000] {taskinstance.py:430} INFO - ::endgroup::
[2026-02-18T07:11:11.938+0000] {manager.py:8} INFO - log
[2026-02-18T07:11:11.941+0000] {logging_mixin.py:188} WARNING - /opt/***/dags/stocks/scripts/api.py:9 FutureWarning: YF.download() has changed argument auto_adjust default to True
[2026-02-18T07:11:11.951+0000] {logging_mixin.py:188} WARNING - /home/***/.local/lib/python3.12/site-packages/yfinance/scrapers/history.py:204 Pandas4Warning: Timestamp.utcnow is deprecated and will be removed in a future version. Use Timestamp.now('UTC') instead.
[2026-02-18T07:11:12.725+0000] {logging_mixin.py:188} WARNING - [*********************100%***********************]  1 of 1 completed
[2026-02-18T07:11:12.726+0000] {multi.py:185} ERROR - 
1 Failed download:
[2026-02-18T07:11:12.726+0000] {multi.py:198} ERROR - ['AAPL']: YFPricesMissingError('possibly delisted; no price data found  (1d 2026-02-15 -> 2026-02-17)')
[2026-02-18T07:11:12.741+0000] {taskinstance.py:441} INFO - ::group::Post task execution logs
[2026-02-18T07:11:12.742+0000] {taskinstance.py:2905} ERROR - Task failed with exception
Traceback (most recent call last):
  File "/home/airflow/.local/lib/python3.12/site-packages/airflow/models/taskinstance.py", line 465, in _execute_task
    result = _execute_callable(context=context, **execute_callable_kwargs)
             ^^^^^^^^^^^^^^^^^^^^^^^^^^^^^^^^^^^^^^^^^^^^^^^^^^^^^^^^^^^^^
  File "/home/airflow/.local/lib/python3.12/site-packages/airflow/models/taskinstance.py", line 432, in _execute_callable
    return execute_callable(context=context, **execute_callable_kwargs)
           ^^^^^^^^^^^^^^^^^^^^^^^^^^^^^^^^^^^^^^^^^^^^^^^^^^^^^^^^^^^^
  File "/home/airflow/.local/lib/python3.12/site-packages/airflow/models/baseoperator.py", line 401, in wrapper
    return func(self, *args, **kwargs)
           ^^^^^^^^^^^^^^^^^^^^^^^^^^^
  File "/home/airflow/.local/lib/python3.12/site-packages/airflow/operators/python.py", line 235, in execute
    return_value = self.execute_callable()
                   ^^^^^^^^^^^^^^^^^^^^^^^
  File "/home/airflow/.local/lib/python3.12/site-packages/airflow/operators/python.py", line 252, in execute_callable
    return self.python_callable(*self.op_args, **self.op_kwargs)
           ^^^^^^^^^^^^^^^^^^^^^^^^^^^^^^^^^^^^^^^^^^^^^^^^^^^^^
  File "/opt/airflow/dags/stocks/scripts/manager.py", line 9, in fetch_data
    data = fetch_data_from_yfinance(stock, data_interval_start=data_interval_start, data_interval_end=data_interval_end)
           ^^^^^^^^^^^^^^^^^^^^^^^^^^^^^^^^^^^^^^^^^^^^^^^^^^^^^^^^^^^^^^^^^^^^^^^^^^^^^^^^^^^^^^^^^^^^^^^^^^^^^^^^^^^^^
  File "/opt/airflow/dags/stocks/scripts/api.py", line 10, in fetch_data_from_yfinance
    df.drop(index=start, inplace=True)
  File "/home/airflow/.local/lib/python3.12/site-packages/pandas/core/frame.py", line 6288, in drop
    return super().drop(
           ^^^^^^^^^^^^^
  File "/home/airflow/.local/lib/python3.12/site-packages/pandas/core/generic.py", line 4644, in drop
    obj = obj._drop_axis(labels, axis, level=level, errors=errors)
          ^^^^^^^^^^^^^^^^^^^^^^^^^^^^^^^^^^^^^^^^^^^^^^^^^^^^^^^^
  File "/home/airflow/.local/lib/python3.12/site-packages/pandas/core/generic.py", line 4686, in _drop_axis
    new_axis = axis.drop(labels, errors=errors)
               ^^^^^^^^^^^^^^^^^^^^^^^^^^^^^^^^
  File "/home/airflow/.local/lib/python3.12/site-packages/pandas/core/indexes/base.py", line 7268, in drop
    raise KeyError(f"{labels[mask].tolist()} not found in axis")
KeyError: "['2026-02-15'] not found in axis"
[2026-02-18T07:11:12.760+0000] {taskinstance.py:1206} INFO - Marking task as FAILED. dag_id=dag_moex, task_id=task_AAPL, run_id=scheduled__2026-02-16T00:00:00+00:00, execution_date=20260216T000000, start_date=20260218T071111, end_date=20260218T071112
[2026-02-18T07:11:12.771+0000] {standard_task_runner.py:110} ERROR - Failed to execute job 370 for task task_AAPL ("['2026-02-15'] not found in axis"; 1222)
[2026-02-18T07:11:12.805+0000] {local_task_job_runner.py:243} INFO - Task exited with return code 1
[2026-02-18T07:11:12.822+0000] {taskinstance.py:3503} INFO - 0 downstream tasks scheduled from follow-on schedule check
[2026-02-18T07:11:12.824+0000] {local_task_job_runner.py:222} INFO - ::endgroup::
[2026-02-18T07:13:26.179+0000] {local_task_job_runner.py:120} INFO - ::group::Pre task execution logs
[2026-02-18T07:13:26.212+0000] {taskinstance.py:2076} INFO - Dependencies all met for dep_context=non-requeueable deps ti=<TaskInstance: dag_moex.task_AAPL scheduled__2026-02-16T00:00:00+00:00 [queued]>
[2026-02-18T07:13:26.220+0000] {taskinstance.py:2076} INFO - Dependencies all met for dep_context=requeueable deps ti=<TaskInstance: dag_moex.task_AAPL scheduled__2026-02-16T00:00:00+00:00 [queued]>
[2026-02-18T07:13:26.220+0000] {taskinstance.py:2306} INFO - Starting attempt 1 of 1
[2026-02-18T07:13:26.236+0000] {taskinstance.py:2330} INFO - Executing <Task(PythonOperator): task_AAPL> on 2026-02-16 00:00:00+00:00
[2026-02-18T07:13:26.245+0000] {standard_task_runner.py:90} INFO - Running: ['***', 'tasks', 'run', 'dag_moex', 'task_AAPL', 'scheduled__2026-02-16T00:00:00+00:00', '--job-id', '515', '--raw', '--subdir', 'DAGS_FOLDER/stocks/dag1.py', '--cfg-path', '/tmp/tmp3_6qwjjl']
[2026-02-18T07:13:26.247+0000] {logging_mixin.py:188} WARNING - /home/***/.local/lib/python3.12/site-packages/***/task/task_runner/standard_task_runner.py:62 DeprecationWarning: This process (pid=1815) is multi-threaded, use of fork() may lead to deadlocks in the child.
[2026-02-18T07:13:26.248+0000] {standard_task_runner.py:91} INFO - Job 515: Subtask task_AAPL
[2026-02-18T07:13:26.248+0000] {standard_task_runner.py:64} INFO - Started process 1846 to run task
[2026-02-18T07:13:26.299+0000] {task_command.py:426} INFO - Running <TaskInstance: dag_moex.task_AAPL scheduled__2026-02-16T00:00:00+00:00 [running]> on host cc036e7caf02
[2026-02-18T07:13:26.402+0000] {taskinstance.py:2648} INFO - Exporting env vars: AIRFLOW_CTX_DAG_OWNER='***' AIRFLOW_CTX_DAG_ID='dag_moex' AIRFLOW_CTX_TASK_ID='task_AAPL' AIRFLOW_CTX_EXECUTION_DATE='2026-02-16T00:00:00+00:00' AIRFLOW_CTX_TRY_NUMBER='1' AIRFLOW_CTX_DAG_RUN_ID='scheduled__2026-02-16T00:00:00+00:00'
[2026-02-18T07:13:26.404+0000] {taskinstance.py:430} INFO - ::endgroup::
[2026-02-18T07:13:26.424+0000] {manager.py:8} INFO - log
[2026-02-18T07:13:26.427+0000] {logging_mixin.py:188} WARNING - /opt/***/dags/stocks/scripts/api.py:9 FutureWarning: YF.download() has changed argument auto_adjust default to True
[2026-02-18T07:13:26.437+0000] {logging_mixin.py:188} WARNING - /home/***/.local/lib/python3.12/site-packages/yfinance/scrapers/history.py:204 Pandas4Warning: Timestamp.utcnow is deprecated and will be removed in a future version. Use Timestamp.now('UTC') instead.
[2026-02-18T07:13:27.271+0000] {logging_mixin.py:188} WARNING - [*********************100%***********************]  1 of 1 completed
[2026-02-18T07:13:27.271+0000] {multi.py:185} ERROR - 
1 Failed download:
[2026-02-18T07:13:27.272+0000] {multi.py:198} ERROR - ['AAPL']: YFPricesMissingError('possibly delisted; no price data found  (1d 2026-02-15 -> 2026-02-17)')
[2026-02-18T07:13:27.284+0000] {taskinstance.py:441} INFO - ::group::Post task execution logs
[2026-02-18T07:13:27.285+0000] {taskinstance.py:2905} ERROR - Task failed with exception
Traceback (most recent call last):
  File "/home/airflow/.local/lib/python3.12/site-packages/airflow/models/taskinstance.py", line 465, in _execute_task
    result = _execute_callable(context=context, **execute_callable_kwargs)
             ^^^^^^^^^^^^^^^^^^^^^^^^^^^^^^^^^^^^^^^^^^^^^^^^^^^^^^^^^^^^^
  File "/home/airflow/.local/lib/python3.12/site-packages/airflow/models/taskinstance.py", line 432, in _execute_callable
    return execute_callable(context=context, **execute_callable_kwargs)
           ^^^^^^^^^^^^^^^^^^^^^^^^^^^^^^^^^^^^^^^^^^^^^^^^^^^^^^^^^^^^
  File "/home/airflow/.local/lib/python3.12/site-packages/airflow/models/baseoperator.py", line 401, in wrapper
    return func(self, *args, **kwargs)
           ^^^^^^^^^^^^^^^^^^^^^^^^^^^
  File "/home/airflow/.local/lib/python3.12/site-packages/airflow/operators/python.py", line 235, in execute
    return_value = self.execute_callable()
                   ^^^^^^^^^^^^^^^^^^^^^^^
  File "/home/airflow/.local/lib/python3.12/site-packages/airflow/operators/python.py", line 252, in execute_callable
    return self.python_callable(*self.op_args, **self.op_kwargs)
           ^^^^^^^^^^^^^^^^^^^^^^^^^^^^^^^^^^^^^^^^^^^^^^^^^^^^^
  File "/opt/airflow/dags/stocks/scripts/manager.py", line 9, in fetch_data
    data = fetch_data_from_yfinance(stock, data_interval_start=data_interval_start, data_interval_end=data_interval_end)
           ^^^^^^^^^^^^^^^^^^^^^^^^^^^^^^^^^^^^^^^^^^^^^^^^^^^^^^^^^^^^^^^^^^^^^^^^^^^^^^^^^^^^^^^^^^^^^^^^^^^^^^^^^^^^^
  File "/opt/airflow/dags/stocks/scripts/api.py", line 10, in fetch_data_from_yfinance
    df.drop(index=start, inplace=True)
  File "/home/airflow/.local/lib/python3.12/site-packages/pandas/core/frame.py", line 6288, in drop
    return super().drop(
           ^^^^^^^^^^^^^
  File "/home/airflow/.local/lib/python3.12/site-packages/pandas/core/generic.py", line 4644, in drop
    obj = obj._drop_axis(labels, axis, level=level, errors=errors)
          ^^^^^^^^^^^^^^^^^^^^^^^^^^^^^^^^^^^^^^^^^^^^^^^^^^^^^^^^
  File "/home/airflow/.local/lib/python3.12/site-packages/pandas/core/generic.py", line 4686, in _drop_axis
    new_axis = axis.drop(labels, errors=errors)
               ^^^^^^^^^^^^^^^^^^^^^^^^^^^^^^^^
  File "/home/airflow/.local/lib/python3.12/site-packages/pandas/core/indexes/base.py", line 7268, in drop
    raise KeyError(f"{labels[mask].tolist()} not found in axis")
KeyError: "['2026-02-15'] not found in axis"
[2026-02-18T07:13:27.303+0000] {taskinstance.py:1206} INFO - Marking task as FAILED. dag_id=dag_moex, task_id=task_AAPL, run_id=scheduled__2026-02-16T00:00:00+00:00, execution_date=20260216T000000, start_date=20260218T071326, end_date=20260218T071327
[2026-02-18T07:13:27.316+0000] {standard_task_runner.py:110} ERROR - Failed to execute job 515 for task task_AAPL ("['2026-02-15'] not found in axis"; 1846)
[2026-02-18T07:13:27.348+0000] {local_task_job_runner.py:243} INFO - Task exited with return code 1
[2026-02-18T07:13:27.364+0000] {taskinstance.py:3503} INFO - 0 downstream tasks scheduled from follow-on schedule check
[2026-02-18T07:13:27.366+0000] {local_task_job_runner.py:222} INFO - ::endgroup::
[2026-02-18T07:15:48.709+0000] {local_task_job_runner.py:120} INFO - ::group::Pre task execution logs
[2026-02-18T07:15:48.741+0000] {taskinstance.py:2076} INFO - Dependencies all met for dep_context=non-requeueable deps ti=<TaskInstance: dag_moex.task_AAPL scheduled__2026-02-16T00:00:00+00:00 [queued]>
[2026-02-18T07:15:48.754+0000] {taskinstance.py:2076} INFO - Dependencies all met for dep_context=requeueable deps ti=<TaskInstance: dag_moex.task_AAPL scheduled__2026-02-16T00:00:00+00:00 [queued]>
[2026-02-18T07:15:48.759+0000] {taskinstance.py:2306} INFO - Starting attempt 1 of 1
[2026-02-18T07:15:48.778+0000] {taskinstance.py:2330} INFO - Executing <Task(PythonOperator): task_AAPL> on 2026-02-16 00:00:00+00:00
[2026-02-18T07:15:48.790+0000] {logging_mixin.py:188} WARNING - /home/***/.local/lib/python3.12/site-packages/***/task/task_runner/standard_task_runner.py:62 DeprecationWarning: This process (pid=2088) is multi-threaded, use of fork() may lead to deadlocks in the child.
[2026-02-18T07:15:48.792+0000] {standard_task_runner.py:64} INFO - Started process 2117 to run task
[2026-02-18T07:15:48.792+0000] {standard_task_runner.py:90} INFO - Running: ['***', 'tasks', 'run', 'dag_moex', 'task_AAPL', 'scheduled__2026-02-16T00:00:00+00:00', '--job-id', '567', '--raw', '--subdir', 'DAGS_FOLDER/stocks/dag1.py', '--cfg-path', '/tmp/tmpicl8s6ug']
[2026-02-18T07:15:48.794+0000] {standard_task_runner.py:91} INFO - Job 567: Subtask task_AAPL
[2026-02-18T07:15:48.850+0000] {task_command.py:426} INFO - Running <TaskInstance: dag_moex.task_AAPL scheduled__2026-02-16T00:00:00+00:00 [running]> on host cc036e7caf02
[2026-02-18T07:15:48.946+0000] {taskinstance.py:2648} INFO - Exporting env vars: AIRFLOW_CTX_DAG_OWNER='***' AIRFLOW_CTX_DAG_ID='dag_moex' AIRFLOW_CTX_TASK_ID='task_AAPL' AIRFLOW_CTX_EXECUTION_DATE='2026-02-16T00:00:00+00:00' AIRFLOW_CTX_TRY_NUMBER='1' AIRFLOW_CTX_DAG_RUN_ID='scheduled__2026-02-16T00:00:00+00:00'
[2026-02-18T07:15:48.949+0000] {taskinstance.py:430} INFO - ::endgroup::
[2026-02-18T07:15:48.982+0000] {manager.py:8} INFO - log
[2026-02-18T07:15:48.986+0000] {logging_mixin.py:188} WARNING - /opt/***/dags/stocks/scripts/api.py:9 FutureWarning: YF.download() has changed argument auto_adjust default to True
[2026-02-18T07:15:48.996+0000] {logging_mixin.py:188} WARNING - /home/***/.local/lib/python3.12/site-packages/yfinance/scrapers/history.py:204 Pandas4Warning: Timestamp.utcnow is deprecated and will be removed in a future version. Use Timestamp.now('UTC') instead.
[2026-02-18T07:15:49.779+0000] {logging_mixin.py:188} WARNING - [*********************100%***********************]  1 of 1 completed
[2026-02-18T07:15:49.780+0000] {multi.py:185} ERROR - 
1 Failed download:
[2026-02-18T07:15:49.781+0000] {multi.py:198} ERROR - ['AAPL']: YFPricesMissingError('possibly delisted; no price data found  (1d 2026-02-15 -> 2026-02-17)')
[2026-02-18T07:15:49.798+0000] {taskinstance.py:441} INFO - ::group::Post task execution logs
[2026-02-18T07:15:49.799+0000] {taskinstance.py:2905} ERROR - Task failed with exception
Traceback (most recent call last):
  File "/home/airflow/.local/lib/python3.12/site-packages/airflow/models/taskinstance.py", line 465, in _execute_task
    result = _execute_callable(context=context, **execute_callable_kwargs)
             ^^^^^^^^^^^^^^^^^^^^^^^^^^^^^^^^^^^^^^^^^^^^^^^^^^^^^^^^^^^^^
  File "/home/airflow/.local/lib/python3.12/site-packages/airflow/models/taskinstance.py", line 432, in _execute_callable
    return execute_callable(context=context, **execute_callable_kwargs)
           ^^^^^^^^^^^^^^^^^^^^^^^^^^^^^^^^^^^^^^^^^^^^^^^^^^^^^^^^^^^^
  File "/home/airflow/.local/lib/python3.12/site-packages/airflow/models/baseoperator.py", line 401, in wrapper
    return func(self, *args, **kwargs)
           ^^^^^^^^^^^^^^^^^^^^^^^^^^^
  File "/home/airflow/.local/lib/python3.12/site-packages/airflow/operators/python.py", line 235, in execute
    return_value = self.execute_callable()
                   ^^^^^^^^^^^^^^^^^^^^^^^
  File "/home/airflow/.local/lib/python3.12/site-packages/airflow/operators/python.py", line 252, in execute_callable
    return self.python_callable(*self.op_args, **self.op_kwargs)
           ^^^^^^^^^^^^^^^^^^^^^^^^^^^^^^^^^^^^^^^^^^^^^^^^^^^^^
  File "/opt/airflow/dags/stocks/scripts/manager.py", line 9, in fetch_data
    data = fetch_data_from_yfinance(stock, data_interval_start=data_interval_start, data_interval_end=data_interval_end)
           ^^^^^^^^^^^^^^^^^^^^^^^^^^^^^^^^^^^^^^^^^^^^^^^^^^^^^^^^^^^^^^^^^^^^^^^^^^^^^^^^^^^^^^^^^^^^^^^^^^^^^^^^^^^^^
  File "/opt/airflow/dags/stocks/scripts/api.py", line 10, in fetch_data_from_yfinance
    df.drop(index=start, inplace=True)
  File "/home/airflow/.local/lib/python3.12/site-packages/pandas/core/frame.py", line 6288, in drop
    return super().drop(
           ^^^^^^^^^^^^^
  File "/home/airflow/.local/lib/python3.12/site-packages/pandas/core/generic.py", line 4644, in drop
    obj = obj._drop_axis(labels, axis, level=level, errors=errors)
          ^^^^^^^^^^^^^^^^^^^^^^^^^^^^^^^^^^^^^^^^^^^^^^^^^^^^^^^^
  File "/home/airflow/.local/lib/python3.12/site-packages/pandas/core/generic.py", line 4686, in _drop_axis
    new_axis = axis.drop(labels, errors=errors)
               ^^^^^^^^^^^^^^^^^^^^^^^^^^^^^^^^
  File "/home/airflow/.local/lib/python3.12/site-packages/pandas/core/indexes/base.py", line 7268, in drop
    raise KeyError(f"{labels[mask].tolist()} not found in axis")
KeyError: "['2026-02-15'] not found in axis"
[2026-02-18T07:15:49.821+0000] {taskinstance.py:1206} INFO - Marking task as FAILED. dag_id=dag_moex, task_id=task_AAPL, run_id=scheduled__2026-02-16T00:00:00+00:00, execution_date=20260216T000000, start_date=20260218T071548, end_date=20260218T071549
[2026-02-18T07:15:49.838+0000] {standard_task_runner.py:110} ERROR - Failed to execute job 567 for task task_AAPL ("['2026-02-15'] not found in axis"; 2117)
[2026-02-18T07:15:49.853+0000] {local_task_job_runner.py:243} INFO - Task exited with return code 1
[2026-02-18T07:15:49.867+0000] {taskinstance.py:3503} INFO - 0 downstream tasks scheduled from follow-on schedule check
[2026-02-18T07:15:49.869+0000] {local_task_job_runner.py:222} INFO - ::endgroup::
[2026-02-18T07:16:32.770+0000] {local_task_job_runner.py:120} INFO - ::group::Pre task execution logs
[2026-02-18T07:16:32.822+0000] {taskinstance.py:2076} INFO - Dependencies all met for dep_context=non-requeueable deps ti=<TaskInstance: dag_moex.task_AAPL scheduled__2026-02-16T00:00:00+00:00 [queued]>
[2026-02-18T07:16:32.845+0000] {taskinstance.py:2076} INFO - Dependencies all met for dep_context=requeueable deps ti=<TaskInstance: dag_moex.task_AAPL scheduled__2026-02-16T00:00:00+00:00 [queued]>
[2026-02-18T07:16:32.846+0000] {taskinstance.py:2306} INFO - Starting attempt 1 of 1
[2026-02-18T07:16:32.869+0000] {taskinstance.py:2330} INFO - Executing <Task(PythonOperator): task_AAPL> on 2026-02-16 00:00:00+00:00
[2026-02-18T07:16:32.889+0000] {logging_mixin.py:188} WARNING - /home/***/.local/lib/python3.12/site-packages/***/task/task_runner/standard_task_runner.py:62 DeprecationWarning: This process (pid=2251) is multi-threaded, use of fork() may lead to deadlocks in the child.
[2026-02-18T07:16:32.890+0000] {standard_task_runner.py:64} INFO - Started process 2273 to run task
[2026-02-18T07:16:32.889+0000] {standard_task_runner.py:90} INFO - Running: ['***', 'tasks', 'run', 'dag_moex', 'task_AAPL', 'scheduled__2026-02-16T00:00:00+00:00', '--job-id', '601', '--raw', '--subdir', 'DAGS_FOLDER/stocks/dag1.py', '--cfg-path', '/tmp/tmpuw0qcbtf']
[2026-02-18T07:16:32.893+0000] {standard_task_runner.py:91} INFO - Job 601: Subtask task_AAPL
[2026-02-18T07:16:32.965+0000] {task_command.py:426} INFO - Running <TaskInstance: dag_moex.task_AAPL scheduled__2026-02-16T00:00:00+00:00 [running]> on host cc036e7caf02
[2026-02-18T07:16:33.076+0000] {taskinstance.py:2648} INFO - Exporting env vars: AIRFLOW_CTX_DAG_OWNER='***' AIRFLOW_CTX_DAG_ID='dag_moex' AIRFLOW_CTX_TASK_ID='task_AAPL' AIRFLOW_CTX_EXECUTION_DATE='2026-02-16T00:00:00+00:00' AIRFLOW_CTX_TRY_NUMBER='1' AIRFLOW_CTX_DAG_RUN_ID='scheduled__2026-02-16T00:00:00+00:00'
[2026-02-18T07:16:33.078+0000] {taskinstance.py:430} INFO - ::endgroup::
[2026-02-18T07:16:33.089+0000] {manager.py:8} INFO - log
[2026-02-18T07:16:33.091+0000] {logging_mixin.py:188} WARNING - /opt/***/dags/stocks/scripts/api.py:9 FutureWarning: YF.download() has changed argument auto_adjust default to True
[2026-02-18T07:16:33.099+0000] {logging_mixin.py:188} WARNING - /home/***/.local/lib/python3.12/site-packages/yfinance/scrapers/history.py:204 Pandas4Warning: Timestamp.utcnow is deprecated and will be removed in a future version. Use Timestamp.now('UTC') instead.
[2026-02-18T07:16:33.937+0000] {logging_mixin.py:188} WARNING - [*********************100%***********************]  1 of 1 completed
[2026-02-18T07:16:33.937+0000] {multi.py:185} ERROR - 
1 Failed download:
[2026-02-18T07:16:33.938+0000] {multi.py:198} ERROR - ['AAPL']: YFPricesMissingError('possibly delisted; no price data found  (1d 2026-02-15 -> 2026-02-17)')
[2026-02-18T07:16:33.950+0000] {taskinstance.py:441} INFO - ::group::Post task execution logs
[2026-02-18T07:16:33.951+0000] {taskinstance.py:2905} ERROR - Task failed with exception
Traceback (most recent call last):
  File "/home/airflow/.local/lib/python3.12/site-packages/airflow/models/taskinstance.py", line 465, in _execute_task
    result = _execute_callable(context=context, **execute_callable_kwargs)
             ^^^^^^^^^^^^^^^^^^^^^^^^^^^^^^^^^^^^^^^^^^^^^^^^^^^^^^^^^^^^^
  File "/home/airflow/.local/lib/python3.12/site-packages/airflow/models/taskinstance.py", line 432, in _execute_callable
    return execute_callable(context=context, **execute_callable_kwargs)
           ^^^^^^^^^^^^^^^^^^^^^^^^^^^^^^^^^^^^^^^^^^^^^^^^^^^^^^^^^^^^
  File "/home/airflow/.local/lib/python3.12/site-packages/airflow/models/baseoperator.py", line 401, in wrapper
    return func(self, *args, **kwargs)
           ^^^^^^^^^^^^^^^^^^^^^^^^^^^
  File "/home/airflow/.local/lib/python3.12/site-packages/airflow/operators/python.py", line 235, in execute
    return_value = self.execute_callable()
                   ^^^^^^^^^^^^^^^^^^^^^^^
  File "/home/airflow/.local/lib/python3.12/site-packages/airflow/operators/python.py", line 252, in execute_callable
    return self.python_callable(*self.op_args, **self.op_kwargs)
           ^^^^^^^^^^^^^^^^^^^^^^^^^^^^^^^^^^^^^^^^^^^^^^^^^^^^^
  File "/opt/airflow/dags/stocks/scripts/manager.py", line 9, in fetch_data
    data = fetch_data_from_yfinance(stock, data_interval_start=data_interval_start, data_interval_end=data_interval_end)
           ^^^^^^^^^^^^^^^^^^^^^^^^^^^^^^^^^^^^^^^^^^^^^^^^^^^^^^^^^^^^^^^^^^^^^^^^^^^^^^^^^^^^^^^^^^^^^^^^^^^^^^^^^^^^^
  File "/opt/airflow/dags/stocks/scripts/api.py", line 10, in fetch_data_from_yfinance
    df.drop(index=start, inplace=True)
  File "/home/airflow/.local/lib/python3.12/site-packages/pandas/core/frame.py", line 6288, in drop
    return super().drop(
           ^^^^^^^^^^^^^
  File "/home/airflow/.local/lib/python3.12/site-packages/pandas/core/generic.py", line 4644, in drop
    obj = obj._drop_axis(labels, axis, level=level, errors=errors)
          ^^^^^^^^^^^^^^^^^^^^^^^^^^^^^^^^^^^^^^^^^^^^^^^^^^^^^^^^
  File "/home/airflow/.local/lib/python3.12/site-packages/pandas/core/generic.py", line 4686, in _drop_axis
    new_axis = axis.drop(labels, errors=errors)
               ^^^^^^^^^^^^^^^^^^^^^^^^^^^^^^^^
  File "/home/airflow/.local/lib/python3.12/site-packages/pandas/core/indexes/base.py", line 7268, in drop
    raise KeyError(f"{labels[mask].tolist()} not found in axis")
KeyError: "['2026-02-15'] not found in axis"
[2026-02-18T07:16:33.969+0000] {taskinstance.py:1206} INFO - Marking task as FAILED. dag_id=dag_moex, task_id=task_AAPL, run_id=scheduled__2026-02-16T00:00:00+00:00, execution_date=20260216T000000, start_date=20260218T071632, end_date=20260218T071633
[2026-02-18T07:16:33.980+0000] {standard_task_runner.py:110} ERROR - Failed to execute job 601 for task task_AAPL ("['2026-02-15'] not found in axis"; 2273)
[2026-02-18T07:16:33.998+0000] {local_task_job_runner.py:243} INFO - Task exited with return code 1
[2026-02-18T07:16:34.020+0000] {taskinstance.py:3503} INFO - 0 downstream tasks scheduled from follow-on schedule check
[2026-02-18T07:16:34.027+0000] {local_task_job_runner.py:222} INFO - ::endgroup::
[2026-02-19T12:57:58.671+0000] {local_task_job_runner.py:120} INFO - ::group::Pre task execution logs
[2026-02-19T12:57:58.725+0000] {taskinstance.py:2076} INFO - Dependencies all met for dep_context=non-requeueable deps ti=<TaskInstance: dag_moex.task_AAPL scheduled__2026-02-16T00:00:00+00:00 [queued]>
[2026-02-19T12:57:58.735+0000] {taskinstance.py:2076} INFO - Dependencies all met for dep_context=requeueable deps ti=<TaskInstance: dag_moex.task_AAPL scheduled__2026-02-16T00:00:00+00:00 [queued]>
[2026-02-19T12:57:58.736+0000] {taskinstance.py:2306} INFO - Starting attempt 1 of 1
[2026-02-19T12:57:58.749+0000] {taskinstance.py:2330} INFO - Executing <Task(PythonOperator): task_AAPL> on 2026-02-16 00:00:00+00:00
[2026-02-19T12:57:58.759+0000] {logging_mixin.py:188} WARNING - /home/***/.local/lib/python3.12/site-packages/***/task/task_runner/standard_task_runner.py:62 DeprecationWarning: This process (pid=27660) is multi-threaded, use of fork() may lead to deadlocks in the child.
[2026-02-19T12:57:58.761+0000] {standard_task_runner.py:64} INFO - Started process 27689 to run task
[2026-02-19T12:57:58.760+0000] {standard_task_runner.py:90} INFO - Running: ['***', 'tasks', 'run', 'dag_moex', 'task_AAPL', 'scheduled__2026-02-16T00:00:00+00:00', '--job-id', '825', '--raw', '--subdir', 'DAGS_FOLDER/stocks/dag1.py', '--cfg-path', '/tmp/tmpkvq3nmgz']
[2026-02-19T12:57:58.762+0000] {standard_task_runner.py:91} INFO - Job 825: Subtask task_AAPL
[2026-02-19T12:57:58.811+0000] {task_command.py:426} INFO - Running <TaskInstance: dag_moex.task_AAPL scheduled__2026-02-16T00:00:00+00:00 [running]> on host cc036e7caf02
[2026-02-19T12:57:58.903+0000] {taskinstance.py:2648} INFO - Exporting env vars: AIRFLOW_CTX_DAG_OWNER='***' AIRFLOW_CTX_DAG_ID='dag_moex' AIRFLOW_CTX_TASK_ID='task_AAPL' AIRFLOW_CTX_EXECUTION_DATE='2026-02-16T00:00:00+00:00' AIRFLOW_CTX_TRY_NUMBER='1' AIRFLOW_CTX_DAG_RUN_ID='scheduled__2026-02-16T00:00:00+00:00'
[2026-02-19T12:57:58.904+0000] {taskinstance.py:430} INFO - ::endgroup::
[2026-02-19T12:57:58.917+0000] {logging_mixin.py:188} WARNING - /opt/***/dags/stocks/scripts/api.py:10 FutureWarning: YF.download() has changed argument auto_adjust default to True
[2026-02-19T12:57:58.925+0000] {logging_mixin.py:188} WARNING - /home/***/.local/lib/python3.12/site-packages/yfinance/scrapers/history.py:204 Pandas4Warning: Timestamp.utcnow is deprecated and will be removed in a future version. Use Timestamp.now('UTC') instead.
[2026-02-19T12:57:59.778+0000] {logging_mixin.py:188} WARNING - [*********************100%***********************]  1 of 1 completed
[2026-02-19T12:57:59.778+0000] {multi.py:185} ERROR - 
1 Failed download:
[2026-02-19T12:57:59.778+0000] {multi.py:198} ERROR - ['AAPL']: YFPricesMissingError('possibly delisted; no price data found  (1d 2026-02-15 -> 2026-02-17)')
[2026-02-19T12:57:59.797+0000] {api.py:11} INFO - Выгрузилось
    __________________________
    Empty DataFrame
Columns: [(Adj Close, AAPL), (Close, AAPL), (High, AAPL), (Low, AAPL), (Open, AAPL), (Volume, AAPL)]
Index: []
    __________________________
    
[2026-02-19T12:57:59.800+0000] {taskinstance.py:441} INFO - ::group::Post task execution logs
[2026-02-19T12:57:59.801+0000] {taskinstance.py:2905} ERROR - Task failed with exception
Traceback (most recent call last):
  File "/home/airflow/.local/lib/python3.12/site-packages/airflow/models/taskinstance.py", line 465, in _execute_task
    result = _execute_callable(context=context, **execute_callable_kwargs)
             ^^^^^^^^^^^^^^^^^^^^^^^^^^^^^^^^^^^^^^^^^^^^^^^^^^^^^^^^^^^^^
  File "/home/airflow/.local/lib/python3.12/site-packages/airflow/models/taskinstance.py", line 432, in _execute_callable
    return execute_callable(context=context, **execute_callable_kwargs)
           ^^^^^^^^^^^^^^^^^^^^^^^^^^^^^^^^^^^^^^^^^^^^^^^^^^^^^^^^^^^^
  File "/home/airflow/.local/lib/python3.12/site-packages/airflow/models/baseoperator.py", line 401, in wrapper
    return func(self, *args, **kwargs)
           ^^^^^^^^^^^^^^^^^^^^^^^^^^^
  File "/home/airflow/.local/lib/python3.12/site-packages/airflow/operators/python.py", line 235, in execute
    return_value = self.execute_callable()
                   ^^^^^^^^^^^^^^^^^^^^^^^
  File "/home/airflow/.local/lib/python3.12/site-packages/airflow/operators/python.py", line 252, in execute_callable
    return self.python_callable(*self.op_args, **self.op_kwargs)
           ^^^^^^^^^^^^^^^^^^^^^^^^^^^^^^^^^^^^^^^^^^^^^^^^^^^^^
  File "/opt/airflow/dags/stocks/scripts/manager.py", line 11, in fetch_data
    data = fetch_data_from_yfinance(stock, data_interval_start=data_interval_start, data_interval_end=data_interval_end)
           ^^^^^^^^^^^^^^^^^^^^^^^^^^^^^^^^^^^^^^^^^^^^^^^^^^^^^^^^^^^^^^^^^^^^^^^^^^^^^^^^^^^^^^^^^^^^^^^^^^^^^^^^^^^^^
  File "/opt/airflow/dags/stocks/scripts/api.py", line 16, in fetch_data_from_yfinance
    df.drop(index=start, inplace=True)
  File "/home/airflow/.local/lib/python3.12/site-packages/pandas/core/frame.py", line 6288, in drop
    return super().drop(
           ^^^^^^^^^^^^^
  File "/home/airflow/.local/lib/python3.12/site-packages/pandas/core/generic.py", line 4644, in drop
    obj = obj._drop_axis(labels, axis, level=level, errors=errors)
          ^^^^^^^^^^^^^^^^^^^^^^^^^^^^^^^^^^^^^^^^^^^^^^^^^^^^^^^^
  File "/home/airflow/.local/lib/python3.12/site-packages/pandas/core/generic.py", line 4686, in _drop_axis
    new_axis = axis.drop(labels, errors=errors)
               ^^^^^^^^^^^^^^^^^^^^^^^^^^^^^^^^
  File "/home/airflow/.local/lib/python3.12/site-packages/pandas/core/indexes/base.py", line 7268, in drop
    raise KeyError(f"{labels[mask].tolist()} not found in axis")
KeyError: "['2026-02-15'] not found in axis"
[2026-02-19T12:57:59.819+0000] {taskinstance.py:1206} INFO - Marking task as FAILED. dag_id=dag_moex, task_id=task_AAPL, run_id=scheduled__2026-02-16T00:00:00+00:00, execution_date=20260216T000000, start_date=20260219T125758, end_date=20260219T125759
[2026-02-19T12:57:59.831+0000] {standard_task_runner.py:110} ERROR - Failed to execute job 825 for task task_AAPL ("['2026-02-15'] not found in axis"; 27689)
[2026-02-19T12:57:59.860+0000] {local_task_job_runner.py:243} INFO - Task exited with return code 1
[2026-02-19T12:57:59.878+0000] {taskinstance.py:3503} INFO - 0 downstream tasks scheduled from follow-on schedule check
[2026-02-19T12:57:59.881+0000] {local_task_job_runner.py:222} INFO - ::endgroup::
[2026-02-19T14:19:29.301+0000] {local_task_job_runner.py:120} INFO - ::group::Pre task execution logs
[2026-02-19T14:19:29.336+0000] {taskinstance.py:2076} INFO - Dependencies all met for dep_context=non-requeueable deps ti=<TaskInstance: dag_moex.task_AAPL scheduled__2026-02-16T00:00:00+00:00 [queued]>
[2026-02-19T14:19:29.347+0000] {taskinstance.py:2076} INFO - Dependencies all met for dep_context=requeueable deps ti=<TaskInstance: dag_moex.task_AAPL scheduled__2026-02-16T00:00:00+00:00 [queued]>
[2026-02-19T14:19:29.348+0000] {taskinstance.py:2306} INFO - Starting attempt 1 of 1
[2026-02-19T14:19:29.360+0000] {taskinstance.py:2330} INFO - Executing <Task(PythonOperator): task_AAPL> on 2026-02-16 00:00:00+00:00
[2026-02-19T14:19:29.369+0000] {logging_mixin.py:188} WARNING - /home/***/.local/lib/python3.12/site-packages/***/task/task_runner/standard_task_runner.py:62 DeprecationWarning: This process (pid=30719) is multi-threaded, use of fork() may lead to deadlocks in the child.
[2026-02-19T14:19:29.371+0000] {standard_task_runner.py:64} INFO - Started process 30746 to run task
[2026-02-19T14:19:29.369+0000] {standard_task_runner.py:90} INFO - Running: ['***', 'tasks', 'run', 'dag_moex', 'task_AAPL', 'scheduled__2026-02-16T00:00:00+00:00', '--job-id', '1111', '--raw', '--subdir', 'DAGS_FOLDER/stocks/dag1.py', '--cfg-path', '/tmp/tmpnp6ylf97']
[2026-02-19T14:19:29.372+0000] {standard_task_runner.py:91} INFO - Job 1111: Subtask task_AAPL
[2026-02-19T14:19:29.427+0000] {task_command.py:426} INFO - Running <TaskInstance: dag_moex.task_AAPL scheduled__2026-02-16T00:00:00+00:00 [running]> on host cc036e7caf02
[2026-02-19T14:19:29.507+0000] {taskinstance.py:2648} INFO - Exporting env vars: AIRFLOW_CTX_DAG_OWNER='***' AIRFLOW_CTX_DAG_ID='dag_moex' AIRFLOW_CTX_TASK_ID='task_AAPL' AIRFLOW_CTX_EXECUTION_DATE='2026-02-16T00:00:00+00:00' AIRFLOW_CTX_TRY_NUMBER='1' AIRFLOW_CTX_DAG_RUN_ID='scheduled__2026-02-16T00:00:00+00:00'
[2026-02-19T14:19:29.508+0000] {taskinstance.py:430} INFO - ::endgroup::
[2026-02-19T14:19:29.523+0000] {logging_mixin.py:188} WARNING - /opt/***/dags/stocks/scripts/api.py:9 FutureWarning: YF.download() has changed argument auto_adjust default to True
[2026-02-19T14:19:29.530+0000] {logging_mixin.py:188} WARNING - /home/***/.local/lib/python3.12/site-packages/yfinance/scrapers/history.py:204 Pandas4Warning: Timestamp.utcnow is deprecated and will be removed in a future version. Use Timestamp.now('UTC') instead.
[2026-02-19T14:19:30.251+0000] {logging_mixin.py:188} WARNING - [*********************100%***********************]  1 of 1 completed
[2026-02-19T14:19:30.253+0000] {multi.py:185} ERROR - 
1 Failed download:
[2026-02-19T14:19:30.255+0000] {multi.py:198} ERROR - ['AAPL']: YFPricesMissingError('possibly delisted; no price data found  (1d 2026-02-15 -> 2026-02-17)')
[2026-02-19T14:19:30.270+0000] {api.py:10} INFO - Выгрузилось
    __________________________
    Empty DataFrame
Columns: [(Adj Close, AAPL), (Close, AAPL), (High, AAPL), (Low, AAPL), (Open, AAPL), (Volume, AAPL)]
Index: []
    __________________________
    
[2026-02-19T14:19:30.272+0000] {taskinstance.py:441} INFO - ::group::Post task execution logs
[2026-02-19T14:19:30.272+0000] {taskinstance.py:2905} ERROR - Task failed with exception
Traceback (most recent call last):
  File "/home/airflow/.local/lib/python3.12/site-packages/airflow/models/taskinstance.py", line 465, in _execute_task
    result = _execute_callable(context=context, **execute_callable_kwargs)
             ^^^^^^^^^^^^^^^^^^^^^^^^^^^^^^^^^^^^^^^^^^^^^^^^^^^^^^^^^^^^^
  File "/home/airflow/.local/lib/python3.12/site-packages/airflow/models/taskinstance.py", line 432, in _execute_callable
    return execute_callable(context=context, **execute_callable_kwargs)
           ^^^^^^^^^^^^^^^^^^^^^^^^^^^^^^^^^^^^^^^^^^^^^^^^^^^^^^^^^^^^
  File "/home/airflow/.local/lib/python3.12/site-packages/airflow/models/baseoperator.py", line 401, in wrapper
    return func(self, *args, **kwargs)
           ^^^^^^^^^^^^^^^^^^^^^^^^^^^
  File "/home/airflow/.local/lib/python3.12/site-packages/airflow/operators/python.py", line 235, in execute
    return_value = self.execute_callable()
                   ^^^^^^^^^^^^^^^^^^^^^^^
  File "/home/airflow/.local/lib/python3.12/site-packages/airflow/operators/python.py", line 252, in execute_callable
    return self.python_callable(*self.op_args, **self.op_kwargs)
           ^^^^^^^^^^^^^^^^^^^^^^^^^^^^^^^^^^^^^^^^^^^^^^^^^^^^^
  File "/opt/airflow/dags/stocks/scripts/manager.py", line 11, in fetch_data
    data = fetch_data_from_yfinance(stock, data_interval_start=data_interval_start, data_interval_end=data_interval_end)
           ^^^^^^^^^^^^^^^^^^^^^^^^^^^^^^^^^^^^^^^^^^^^^^^^^^^^^^^^^^^^^^^^^^^^^^^^^^^^^^^^^^^^^^^^^^^^^^^^^^^^^^^^^^^^^
  File "/opt/airflow/dags/stocks/scripts/api.py", line 15, in fetch_data_from_yfinance
    df.drop(index=start, inplace=True)
  File "/home/airflow/.local/lib/python3.12/site-packages/pandas/core/frame.py", line 6288, in drop
    return super().drop(
           ^^^^^^^^^^^^^
  File "/home/airflow/.local/lib/python3.12/site-packages/pandas/core/generic.py", line 4644, in drop
    obj = obj._drop_axis(labels, axis, level=level, errors=errors)
          ^^^^^^^^^^^^^^^^^^^^^^^^^^^^^^^^^^^^^^^^^^^^^^^^^^^^^^^^
  File "/home/airflow/.local/lib/python3.12/site-packages/pandas/core/generic.py", line 4686, in _drop_axis
    new_axis = axis.drop(labels, errors=errors)
               ^^^^^^^^^^^^^^^^^^^^^^^^^^^^^^^^
  File "/home/airflow/.local/lib/python3.12/site-packages/pandas/core/indexes/base.py", line 7268, in drop
    raise KeyError(f"{labels[mask].tolist()} not found in axis")
KeyError: "['2026-02-15'] not found in axis"
[2026-02-19T14:19:30.298+0000] {taskinstance.py:1206} INFO - Marking task as FAILED. dag_id=dag_moex, task_id=task_AAPL, run_id=scheduled__2026-02-16T00:00:00+00:00, execution_date=20260216T000000, start_date=20260219T141929, end_date=20260219T141930
[2026-02-19T14:19:30.324+0000] {standard_task_runner.py:110} ERROR - Failed to execute job 1111 for task task_AAPL ("['2026-02-15'] not found in axis"; 30746)
[2026-02-19T14:19:30.347+0000] {local_task_job_runner.py:243} INFO - Task exited with return code 1
[2026-02-19T14:19:30.365+0000] {local_task_job_runner.py:222} INFO - ::endgroup::
[2026-02-19T14:21:02.546+0000] {local_task_job_runner.py:120} INFO - ::group::Pre task execution logs
[2026-02-19T14:21:02.578+0000] {taskinstance.py:2076} INFO - Dependencies all met for dep_context=non-requeueable deps ti=<TaskInstance: dag_moex.task_AAPL scheduled__2026-02-16T00:00:00+00:00 [queued]>
[2026-02-19T14:21:02.585+0000] {taskinstance.py:2076} INFO - Dependencies all met for dep_context=requeueable deps ti=<TaskInstance: dag_moex.task_AAPL scheduled__2026-02-16T00:00:00+00:00 [queued]>
[2026-02-19T14:21:02.585+0000] {taskinstance.py:2306} INFO - Starting attempt 1 of 1
[2026-02-19T14:21:02.596+0000] {taskinstance.py:2330} INFO - Executing <Task(PythonOperator): task_AAPL> on 2026-02-16 00:00:00+00:00
[2026-02-19T14:21:02.606+0000] {standard_task_runner.py:90} INFO - Running: ['***', 'tasks', 'run', 'dag_moex', 'task_AAPL', 'scheduled__2026-02-16T00:00:00+00:00', '--job-id', '1168', '--raw', '--subdir', 'DAGS_FOLDER/stocks/dag1.py', '--cfg-path', '/tmp/tmpg2xmviar']
[2026-02-19T14:21:02.607+0000] {logging_mixin.py:188} WARNING - /home/***/.local/lib/python3.12/site-packages/***/task/task_runner/standard_task_runner.py:62 DeprecationWarning: This process (pid=30974) is multi-threaded, use of fork() may lead to deadlocks in the child.
[2026-02-19T14:21:02.608+0000] {standard_task_runner.py:91} INFO - Job 1168: Subtask task_AAPL
[2026-02-19T14:21:02.608+0000] {standard_task_runner.py:64} INFO - Started process 31005 to run task
[2026-02-19T14:21:02.647+0000] {task_command.py:426} INFO - Running <TaskInstance: dag_moex.task_AAPL scheduled__2026-02-16T00:00:00+00:00 [running]> on host cc036e7caf02
[2026-02-19T14:21:02.716+0000] {taskinstance.py:2648} INFO - Exporting env vars: AIRFLOW_CTX_DAG_OWNER='***' AIRFLOW_CTX_DAG_ID='dag_moex' AIRFLOW_CTX_TASK_ID='task_AAPL' AIRFLOW_CTX_EXECUTION_DATE='2026-02-16T00:00:00+00:00' AIRFLOW_CTX_TRY_NUMBER='1' AIRFLOW_CTX_DAG_RUN_ID='scheduled__2026-02-16T00:00:00+00:00'
[2026-02-19T14:21:02.717+0000] {taskinstance.py:430} INFO - ::endgroup::
[2026-02-19T14:21:02.726+0000] {logging_mixin.py:188} WARNING - /opt/***/dags/stocks/scripts/api.py:9 FutureWarning: YF.download() has changed argument auto_adjust default to True
[2026-02-19T14:21:02.732+0000] {logging_mixin.py:188} WARNING - /home/***/.local/lib/python3.12/site-packages/yfinance/scrapers/history.py:204 Pandas4Warning: Timestamp.utcnow is deprecated and will be removed in a future version. Use Timestamp.now('UTC') instead.
[2026-02-19T14:21:03.422+0000] {logging_mixin.py:188} WARNING - [*********************100%***********************]  1 of 1 completed
[2026-02-19T14:21:03.423+0000] {multi.py:185} ERROR - 
1 Failed download:
[2026-02-19T14:21:03.423+0000] {multi.py:198} ERROR - ['AAPL']: YFPricesMissingError('possibly delisted; no price data found  (1d 2026-02-15 -> 2026-02-17)')
[2026-02-19T14:21:03.434+0000] {api.py:10} INFO - Выгрузилось
    __________________________
    Empty DataFrame
Columns: [(Adj Close, AAPL), (Close, AAPL), (High, AAPL), (Low, AAPL), (Open, AAPL), (Volume, AAPL)]
Index: []
    __________________________
    
[2026-02-19T14:21:03.435+0000] {taskinstance.py:441} INFO - ::group::Post task execution logs
[2026-02-19T14:21:03.436+0000] {taskinstance.py:2905} ERROR - Task failed with exception
Traceback (most recent call last):
  File "/home/airflow/.local/lib/python3.12/site-packages/airflow/models/taskinstance.py", line 465, in _execute_task
    result = _execute_callable(context=context, **execute_callable_kwargs)
             ^^^^^^^^^^^^^^^^^^^^^^^^^^^^^^^^^^^^^^^^^^^^^^^^^^^^^^^^^^^^^
  File "/home/airflow/.local/lib/python3.12/site-packages/airflow/models/taskinstance.py", line 432, in _execute_callable
    return execute_callable(context=context, **execute_callable_kwargs)
           ^^^^^^^^^^^^^^^^^^^^^^^^^^^^^^^^^^^^^^^^^^^^^^^^^^^^^^^^^^^^
  File "/home/airflow/.local/lib/python3.12/site-packages/airflow/models/baseoperator.py", line 401, in wrapper
    return func(self, *args, **kwargs)
           ^^^^^^^^^^^^^^^^^^^^^^^^^^^
  File "/home/airflow/.local/lib/python3.12/site-packages/airflow/operators/python.py", line 235, in execute
    return_value = self.execute_callable()
                   ^^^^^^^^^^^^^^^^^^^^^^^
  File "/home/airflow/.local/lib/python3.12/site-packages/airflow/operators/python.py", line 252, in execute_callable
    return self.python_callable(*self.op_args, **self.op_kwargs)
           ^^^^^^^^^^^^^^^^^^^^^^^^^^^^^^^^^^^^^^^^^^^^^^^^^^^^^
  File "/opt/airflow/dags/stocks/scripts/manager.py", line 11, in fetch_data
    data = fetch_data_from_yfinance(stock, data_interval_start=data_interval_start, data_interval_end=data_interval_end)
           ^^^^^^^^^^^^^^^^^^^^^^^^^^^^^^^^^^^^^^^^^^^^^^^^^^^^^^^^^^^^^^^^^^^^^^^^^^^^^^^^^^^^^^^^^^^^^^^^^^^^^^^^^^^^^
  File "/opt/airflow/dags/stocks/scripts/api.py", line 15, in fetch_data_from_yfinance
    df.drop(index=start, inplace=True)
  File "/home/airflow/.local/lib/python3.12/site-packages/pandas/core/frame.py", line 6288, in drop
    return super().drop(
           ^^^^^^^^^^^^^
  File "/home/airflow/.local/lib/python3.12/site-packages/pandas/core/generic.py", line 4644, in drop
    obj = obj._drop_axis(labels, axis, level=level, errors=errors)
          ^^^^^^^^^^^^^^^^^^^^^^^^^^^^^^^^^^^^^^^^^^^^^^^^^^^^^^^^
  File "/home/airflow/.local/lib/python3.12/site-packages/pandas/core/generic.py", line 4686, in _drop_axis
    new_axis = axis.drop(labels, errors=errors)
               ^^^^^^^^^^^^^^^^^^^^^^^^^^^^^^^^
  File "/home/airflow/.local/lib/python3.12/site-packages/pandas/core/indexes/base.py", line 7268, in drop
    raise KeyError(f"{labels[mask].tolist()} not found in axis")
KeyError: "['2026-02-15'] not found in axis"
[2026-02-19T14:21:03.450+0000] {taskinstance.py:1206} INFO - Marking task as FAILED. dag_id=dag_moex, task_id=task_AAPL, run_id=scheduled__2026-02-16T00:00:00+00:00, execution_date=20260216T000000, start_date=20260219T142102, end_date=20260219T142103
[2026-02-19T14:21:03.459+0000] {standard_task_runner.py:110} ERROR - Failed to execute job 1168 for task task_AAPL ("['2026-02-15'] not found in axis"; 31005)
[2026-02-19T14:21:03.504+0000] {local_task_job_runner.py:243} INFO - Task exited with return code 1
[2026-02-19T14:21:03.518+0000] {taskinstance.py:3503} INFO - 0 downstream tasks scheduled from follow-on schedule check
[2026-02-19T14:21:03.522+0000] {local_task_job_runner.py:222} INFO - ::endgroup::
[2026-02-19T14:27:42.611+0000] {local_task_job_runner.py:120} INFO - ::group::Pre task execution logs
[2026-02-19T14:27:42.668+0000] {taskinstance.py:2076} INFO - Dependencies all met for dep_context=non-requeueable deps ti=<TaskInstance: dag_moex.task_AAPL scheduled__2026-02-16T00:00:00+00:00 [queued]>
[2026-02-19T14:27:42.683+0000] {taskinstance.py:2076} INFO - Dependencies all met for dep_context=requeueable deps ti=<TaskInstance: dag_moex.task_AAPL scheduled__2026-02-16T00:00:00+00:00 [queued]>
[2026-02-19T14:27:42.684+0000] {taskinstance.py:2306} INFO - Starting attempt 1 of 1
[2026-02-19T14:27:42.703+0000] {taskinstance.py:2330} INFO - Executing <Task(PythonOperator): task_AAPL> on 2026-02-16 00:00:00+00:00
[2026-02-19T14:27:42.713+0000] {standard_task_runner.py:90} INFO - Running: ['***', 'tasks', 'run', 'dag_moex', 'task_AAPL', 'scheduled__2026-02-16T00:00:00+00:00', '--job-id', '1219', '--raw', '--subdir', 'DAGS_FOLDER/stocks/dag1.py', '--cfg-path', '/tmp/tmp1g6zgkm1']
[2026-02-19T14:27:42.715+0000] {logging_mixin.py:188} WARNING - /home/***/.local/lib/python3.12/site-packages/***/task/task_runner/standard_task_runner.py:62 DeprecationWarning: This process (pid=31344) is multi-threaded, use of fork() may lead to deadlocks in the child.
[2026-02-19T14:27:42.716+0000] {standard_task_runner.py:91} INFO - Job 1219: Subtask task_AAPL
[2026-02-19T14:27:42.716+0000] {standard_task_runner.py:64} INFO - Started process 31370 to run task
[2026-02-19T14:27:42.773+0000] {task_command.py:426} INFO - Running <TaskInstance: dag_moex.task_AAPL scheduled__2026-02-16T00:00:00+00:00 [running]> on host cc036e7caf02
[2026-02-19T14:27:42.856+0000] {taskinstance.py:2648} INFO - Exporting env vars: AIRFLOW_CTX_DAG_OWNER='***' AIRFLOW_CTX_DAG_ID='dag_moex' AIRFLOW_CTX_TASK_ID='task_AAPL' AIRFLOW_CTX_EXECUTION_DATE='2026-02-16T00:00:00+00:00' AIRFLOW_CTX_TRY_NUMBER='1' AIRFLOW_CTX_DAG_RUN_ID='scheduled__2026-02-16T00:00:00+00:00'
[2026-02-19T14:27:42.856+0000] {taskinstance.py:430} INFO - ::endgroup::
[2026-02-19T14:27:42.869+0000] {logging_mixin.py:188} WARNING - /opt/***/dags/stocks/scripts/api.py:9 FutureWarning: YF.download() has changed argument auto_adjust default to True
[2026-02-19T14:27:42.877+0000] {logging_mixin.py:188} WARNING - /home/***/.local/lib/python3.12/site-packages/yfinance/scrapers/history.py:204 Pandas4Warning: Timestamp.utcnow is deprecated and will be removed in a future version. Use Timestamp.now('UTC') instead.
[2026-02-19T14:27:43.813+0000] {logging_mixin.py:188} WARNING - [*********************100%***********************]  1 of 1 completed
[2026-02-19T14:27:43.814+0000] {multi.py:185} ERROR - 
1 Failed download:
[2026-02-19T14:27:43.816+0000] {multi.py:198} ERROR - ['AAPL']: YFPricesMissingError('possibly delisted; no price data found  (1d 2026-02-15 -> 2026-02-17)')
[2026-02-19T14:27:43.849+0000] {api.py:10} INFO - Выгрузилось
    __________________________
    Empty DataFrame
Columns: [(Adj Close, AAPL), (Close, AAPL), (High, AAPL), (Low, AAPL), (Open, AAPL), (Volume, AAPL)]
Index: []
    __________________________
    
[2026-02-19T14:27:43.852+0000] {taskinstance.py:441} INFO - ::group::Post task execution logs
[2026-02-19T14:27:43.852+0000] {taskinstance.py:2905} ERROR - Task failed with exception
Traceback (most recent call last):
  File "/home/airflow/.local/lib/python3.12/site-packages/airflow/models/taskinstance.py", line 465, in _execute_task
    result = _execute_callable(context=context, **execute_callable_kwargs)
             ^^^^^^^^^^^^^^^^^^^^^^^^^^^^^^^^^^^^^^^^^^^^^^^^^^^^^^^^^^^^^
  File "/home/airflow/.local/lib/python3.12/site-packages/airflow/models/taskinstance.py", line 432, in _execute_callable
    return execute_callable(context=context, **execute_callable_kwargs)
           ^^^^^^^^^^^^^^^^^^^^^^^^^^^^^^^^^^^^^^^^^^^^^^^^^^^^^^^^^^^^
  File "/home/airflow/.local/lib/python3.12/site-packages/airflow/models/baseoperator.py", line 401, in wrapper
    return func(self, *args, **kwargs)
           ^^^^^^^^^^^^^^^^^^^^^^^^^^^
  File "/home/airflow/.local/lib/python3.12/site-packages/airflow/operators/python.py", line 235, in execute
    return_value = self.execute_callable()
                   ^^^^^^^^^^^^^^^^^^^^^^^
  File "/home/airflow/.local/lib/python3.12/site-packages/airflow/operators/python.py", line 252, in execute_callable
    return self.python_callable(*self.op_args, **self.op_kwargs)
           ^^^^^^^^^^^^^^^^^^^^^^^^^^^^^^^^^^^^^^^^^^^^^^^^^^^^^
  File "/opt/airflow/dags/stocks/scripts/manager.py", line 11, in fetch_data
    data = fetch_data_from_yfinance(stock, data_interval_start=data_interval_start, data_interval_end=data_interval_end)
           ^^^^^^^^^^^^^^^^^^^^^^^^^^^^^^^^^^^^^^^^^^^^^^^^^^^^^^^^^^^^^^^^^^^^^^^^^^^^^^^^^^^^^^^^^^^^^^^^^^^^^^^^^^^^^
  File "/opt/airflow/dags/stocks/scripts/api.py", line 15, in fetch_data_from_yfinance
    df.drop(index=start, inplace=True)
  File "/home/airflow/.local/lib/python3.12/site-packages/pandas/core/frame.py", line 6288, in drop
    return super().drop(
           ^^^^^^^^^^^^^
  File "/home/airflow/.local/lib/python3.12/site-packages/pandas/core/generic.py", line 4644, in drop
    obj = obj._drop_axis(labels, axis, level=level, errors=errors)
          ^^^^^^^^^^^^^^^^^^^^^^^^^^^^^^^^^^^^^^^^^^^^^^^^^^^^^^^^
  File "/home/airflow/.local/lib/python3.12/site-packages/pandas/core/generic.py", line 4686, in _drop_axis
    new_axis = axis.drop(labels, errors=errors)
               ^^^^^^^^^^^^^^^^^^^^^^^^^^^^^^^^
  File "/home/airflow/.local/lib/python3.12/site-packages/pandas/core/indexes/base.py", line 7268, in drop
    raise KeyError(f"{labels[mask].tolist()} not found in axis")
KeyError: "['2026-02-15'] not found in axis"
[2026-02-19T14:27:43.880+0000] {taskinstance.py:1206} INFO - Marking task as FAILED. dag_id=dag_moex, task_id=task_AAPL, run_id=scheduled__2026-02-16T00:00:00+00:00, execution_date=20260216T000000, start_date=20260219T142742, end_date=20260219T142743
[2026-02-19T14:27:43.914+0000] {standard_task_runner.py:110} ERROR - Failed to execute job 1219 for task task_AAPL ("['2026-02-15'] not found in axis"; 31370)
[2026-02-19T14:27:43.943+0000] {local_task_job_runner.py:243} INFO - Task exited with return code 1
[2026-02-19T14:27:43.976+0000] {taskinstance.py:3503} INFO - 0 downstream tasks scheduled from follow-on schedule check
[2026-02-19T14:27:43.982+0000] {local_task_job_runner.py:222} INFO - ::endgroup::
[2026-02-19T14:41:02.608+0000] {local_task_job_runner.py:120} INFO - ::group::Pre task execution logs
[2026-02-19T14:41:02.647+0000] {taskinstance.py:2076} INFO - Dependencies all met for dep_context=non-requeueable deps ti=<TaskInstance: dag_moex.task_AAPL scheduled__2026-02-16T00:00:00+00:00 [queued]>
[2026-02-19T14:41:02.660+0000] {taskinstance.py:2076} INFO - Dependencies all met for dep_context=requeueable deps ti=<TaskInstance: dag_moex.task_AAPL scheduled__2026-02-16T00:00:00+00:00 [queued]>
[2026-02-19T14:41:02.663+0000] {taskinstance.py:2306} INFO - Starting attempt 1 of 1
[2026-02-19T14:41:02.676+0000] {taskinstance.py:2330} INFO - Executing <Task(PythonOperator): task_AAPL> on 2026-02-16 00:00:00+00:00
[2026-02-19T14:41:02.686+0000] {logging_mixin.py:188} WARNING - /home/***/.local/lib/python3.12/site-packages/***/task/task_runner/standard_task_runner.py:62 DeprecationWarning: This process (pid=31883) is multi-threaded, use of fork() may lead to deadlocks in the child.
[2026-02-19T14:41:02.687+0000] {standard_task_runner.py:64} INFO - Started process 31910 to run task
[2026-02-19T14:41:02.686+0000] {standard_task_runner.py:90} INFO - Running: ['***', 'tasks', 'run', 'dag_moex', 'task_AAPL', 'scheduled__2026-02-16T00:00:00+00:00', '--job-id', '1276', '--raw', '--subdir', 'DAGS_FOLDER/stocks/dag1.py', '--cfg-path', '/tmp/tmpgbqt9z60']
[2026-02-19T14:41:02.689+0000] {standard_task_runner.py:91} INFO - Job 1276: Subtask task_AAPL
[2026-02-19T14:41:02.746+0000] {task_command.py:426} INFO - Running <TaskInstance: dag_moex.task_AAPL scheduled__2026-02-16T00:00:00+00:00 [running]> on host cc036e7caf02
[2026-02-19T14:41:02.824+0000] {taskinstance.py:2648} INFO - Exporting env vars: AIRFLOW_CTX_DAG_OWNER='***' AIRFLOW_CTX_DAG_ID='dag_moex' AIRFLOW_CTX_TASK_ID='task_AAPL' AIRFLOW_CTX_EXECUTION_DATE='2026-02-16T00:00:00+00:00' AIRFLOW_CTX_TRY_NUMBER='1' AIRFLOW_CTX_DAG_RUN_ID='scheduled__2026-02-16T00:00:00+00:00'
[2026-02-19T14:41:02.825+0000] {taskinstance.py:430} INFO - ::endgroup::
[2026-02-19T14:41:02.836+0000] {logging_mixin.py:188} WARNING - /opt/***/dags/stocks/scripts/api.py:9 FutureWarning: YF.download() has changed argument auto_adjust default to True
[2026-02-19T14:41:02.844+0000] {logging_mixin.py:188} WARNING - /home/***/.local/lib/python3.12/site-packages/yfinance/scrapers/history.py:204 Pandas4Warning: Timestamp.utcnow is deprecated and will be removed in a future version. Use Timestamp.now('UTC') instead.
[2026-02-19T14:41:03.523+0000] {logging_mixin.py:188} WARNING - [*********************100%***********************]  1 of 1 completed
[2026-02-19T14:41:03.523+0000] {multi.py:185} ERROR - 
1 Failed download:
[2026-02-19T14:41:03.524+0000] {multi.py:198} ERROR - ['AAPL']: YFPricesMissingError('possibly delisted; no price data found  (1d 2026-02-15 -> 2026-02-17)')
[2026-02-19T14:41:03.535+0000] {api.py:10} INFO - Выгрузилось
    __________________________
    Empty DataFrame
Columns: [(Adj Close, AAPL), (Close, AAPL), (High, AAPL), (Low, AAPL), (Open, AAPL), (Volume, AAPL)]
Index: []
    __________________________
    
[2026-02-19T14:41:03.536+0000] {taskinstance.py:441} INFO - ::group::Post task execution logs
[2026-02-19T14:41:03.537+0000] {taskinstance.py:2905} ERROR - Task failed with exception
Traceback (most recent call last):
  File "/home/airflow/.local/lib/python3.12/site-packages/airflow/models/taskinstance.py", line 465, in _execute_task
    result = _execute_callable(context=context, **execute_callable_kwargs)
             ^^^^^^^^^^^^^^^^^^^^^^^^^^^^^^^^^^^^^^^^^^^^^^^^^^^^^^^^^^^^^
  File "/home/airflow/.local/lib/python3.12/site-packages/airflow/models/taskinstance.py", line 432, in _execute_callable
    return execute_callable(context=context, **execute_callable_kwargs)
           ^^^^^^^^^^^^^^^^^^^^^^^^^^^^^^^^^^^^^^^^^^^^^^^^^^^^^^^^^^^^
  File "/home/airflow/.local/lib/python3.12/site-packages/airflow/models/baseoperator.py", line 401, in wrapper
    return func(self, *args, **kwargs)
           ^^^^^^^^^^^^^^^^^^^^^^^^^^^
  File "/home/airflow/.local/lib/python3.12/site-packages/airflow/operators/python.py", line 235, in execute
    return_value = self.execute_callable()
                   ^^^^^^^^^^^^^^^^^^^^^^^
  File "/home/airflow/.local/lib/python3.12/site-packages/airflow/operators/python.py", line 252, in execute_callable
    return self.python_callable(*self.op_args, **self.op_kwargs)
           ^^^^^^^^^^^^^^^^^^^^^^^^^^^^^^^^^^^^^^^^^^^^^^^^^^^^^
  File "/opt/airflow/dags/stocks/scripts/manager.py", line 11, in fetch_data
    data = fetch_data_from_yfinance(stock, data_interval_start=data_interval_start, data_interval_end=data_interval_end)
           ^^^^^^^^^^^^^^^^^^^^^^^^^^^^^^^^^^^^^^^^^^^^^^^^^^^^^^^^^^^^^^^^^^^^^^^^^^^^^^^^^^^^^^^^^^^^^^^^^^^^^^^^^^^^^
  File "/opt/airflow/dags/stocks/scripts/api.py", line 15, in fetch_data_from_yfinance
    df = df.loc[start:start + timedelta(days=1)]
                      ~~~~~~^~~~~~~~~~~~~~~~~~~
TypeError: can only concatenate str (not "datetime.timedelta") to str
[2026-02-19T14:41:03.550+0000] {taskinstance.py:1206} INFO - Marking task as FAILED. dag_id=dag_moex, task_id=task_AAPL, run_id=scheduled__2026-02-16T00:00:00+00:00, execution_date=20260216T000000, start_date=20260219T144102, end_date=20260219T144103
[2026-02-19T14:41:03.558+0000] {standard_task_runner.py:110} ERROR - Failed to execute job 1276 for task task_AAPL (can only concatenate str (not "datetime.timedelta") to str; 31910)
[2026-02-19T14:41:03.585+0000] {local_task_job_runner.py:243} INFO - Task exited with return code 1
[2026-02-19T14:41:03.597+0000] {taskinstance.py:3503} INFO - 0 downstream tasks scheduled from follow-on schedule check
[2026-02-19T14:41:03.598+0000] {local_task_job_runner.py:222} INFO - ::endgroup::
[2026-02-19T14:45:10.024+0000] {local_task_job_runner.py:120} INFO - ::group::Pre task execution logs
[2026-02-19T14:45:10.064+0000] {taskinstance.py:2076} INFO - Dependencies all met for dep_context=non-requeueable deps ti=<TaskInstance: dag_moex.task_AAPL scheduled__2026-02-16T00:00:00+00:00 [queued]>
[2026-02-19T14:45:10.076+0000] {taskinstance.py:2076} INFO - Dependencies all met for dep_context=requeueable deps ti=<TaskInstance: dag_moex.task_AAPL scheduled__2026-02-16T00:00:00+00:00 [queued]>
[2026-02-19T14:45:10.079+0000] {taskinstance.py:2306} INFO - Starting attempt 1 of 1
[2026-02-19T14:45:10.096+0000] {taskinstance.py:2330} INFO - Executing <Task(PythonOperator): task_AAPL> on 2026-02-16 00:00:00+00:00
[2026-02-19T14:45:10.107+0000] {logging_mixin.py:188} WARNING - /home/***/.local/lib/python3.12/site-packages/***/task/task_runner/standard_task_runner.py:62 DeprecationWarning: This process (pid=32186) is multi-threaded, use of fork() may lead to deadlocks in the child.
[2026-02-19T14:45:10.109+0000] {standard_task_runner.py:64} INFO - Started process 32211 to run task
[2026-02-19T14:45:10.111+0000] {standard_task_runner.py:90} INFO - Running: ['***', 'tasks', 'run', 'dag_moex', 'task_AAPL', 'scheduled__2026-02-16T00:00:00+00:00', '--job-id', '1328', '--raw', '--subdir', 'DAGS_FOLDER/stocks/dag1.py', '--cfg-path', '/tmp/tmpjqx5rlmb']
[2026-02-19T14:45:10.114+0000] {standard_task_runner.py:91} INFO - Job 1328: Subtask task_AAPL
[2026-02-19T14:45:10.177+0000] {task_command.py:426} INFO - Running <TaskInstance: dag_moex.task_AAPL scheduled__2026-02-16T00:00:00+00:00 [running]> on host cc036e7caf02
[2026-02-19T14:45:10.268+0000] {taskinstance.py:2648} INFO - Exporting env vars: AIRFLOW_CTX_DAG_OWNER='***' AIRFLOW_CTX_DAG_ID='dag_moex' AIRFLOW_CTX_TASK_ID='task_AAPL' AIRFLOW_CTX_EXECUTION_DATE='2026-02-16T00:00:00+00:00' AIRFLOW_CTX_TRY_NUMBER='1' AIRFLOW_CTX_DAG_RUN_ID='scheduled__2026-02-16T00:00:00+00:00'
[2026-02-19T14:45:10.270+0000] {taskinstance.py:430} INFO - ::endgroup::
[2026-02-19T14:45:10.284+0000] {logging_mixin.py:188} WARNING - /opt/***/dags/stocks/scripts/api.py:9 FutureWarning: YF.download() has changed argument auto_adjust default to True
[2026-02-19T14:45:10.291+0000] {logging_mixin.py:188} WARNING - /home/***/.local/lib/python3.12/site-packages/yfinance/scrapers/history.py:204 Pandas4Warning: Timestamp.utcnow is deprecated and will be removed in a future version. Use Timestamp.now('UTC') instead.
[2026-02-19T14:45:11.192+0000] {logging_mixin.py:188} WARNING - [*********************100%***********************]  1 of 1 completed
[2026-02-19T14:45:11.192+0000] {multi.py:185} ERROR - 
1 Failed download:
[2026-02-19T14:45:11.193+0000] {multi.py:198} ERROR - ['AAPL']: YFPricesMissingError('possibly delisted; no price data found  (1d 2026-02-15 -> 2026-02-17)')
[2026-02-19T14:45:11.213+0000] {base.py:84} INFO - Using connection ID 'pg_1' for task execution.
[2026-02-19T14:45:11.214+0000] {sql.py:254} WARNING - This setter is for backward compatibility and should not be used.
Since the introduction of connection property, the providers listed below breaks due to assigning value to self.connection in their __init__ method.
* apache-***-providers-mysql<5.7.1
* apache-***-providers-elasticsearch<5.5.1
* apache-***-providers-postgres<5.13.0
[2026-02-19T14:45:11.216+0000] {sql.py:908} INFO - Done loading. Loaded a total of 0 rows into stocks
[2026-02-19T14:45:11.221+0000] {python.py:237} INFO - Done. Returned value was: None
[2026-02-19T14:45:11.222+0000] {taskinstance.py:441} INFO - ::group::Post task execution logs
[2026-02-19T14:45:11.229+0000] {taskinstance.py:1206} INFO - Marking task as SUCCESS. dag_id=dag_moex, task_id=task_AAPL, run_id=scheduled__2026-02-16T00:00:00+00:00, execution_date=20260216T000000, start_date=20260219T144510, end_date=20260219T144511
[2026-02-19T14:45:11.246+0000] {local_task_job_runner.py:243} INFO - Task exited with return code 0
[2026-02-19T14:45:11.259+0000] {taskinstance.py:3503} INFO - 0 downstream tasks scheduled from follow-on schedule check
[2026-02-19T14:45:11.260+0000] {local_task_job_runner.py:222} INFO - ::endgroup::
[2026-02-19T14:51:04.532+0000] {local_task_job_runner.py:120} INFO - ::group::Pre task execution logs
[2026-02-19T14:51:04.577+0000] {taskinstance.py:2076} INFO - Dependencies all met for dep_context=non-requeueable deps ti=<TaskInstance: dag_moex.task_AAPL scheduled__2026-02-16T00:00:00+00:00 [queued]>
[2026-02-19T14:51:04.587+0000] {taskinstance.py:2076} INFO - Dependencies all met for dep_context=requeueable deps ti=<TaskInstance: dag_moex.task_AAPL scheduled__2026-02-16T00:00:00+00:00 [queued]>
[2026-02-19T14:51:04.588+0000] {taskinstance.py:2306} INFO - Starting attempt 1 of 1
[2026-02-19T14:51:04.606+0000] {taskinstance.py:2330} INFO - Executing <Task(PythonOperator): task_AAPL> on 2026-02-16 00:00:00+00:00
[2026-02-19T14:51:04.622+0000] {logging_mixin.py:188} WARNING - /home/***/.local/lib/python3.12/site-packages/***/task/task_runner/standard_task_runner.py:62 DeprecationWarning: This process (pid=32925) is multi-threaded, use of fork() may lead to deadlocks in the child.
[2026-02-19T14:51:04.624+0000] {standard_task_runner.py:64} INFO - Started process 32956 to run task
[2026-02-19T14:51:04.622+0000] {standard_task_runner.py:90} INFO - Running: ['***', 'tasks', 'run', 'dag_moex', 'task_AAPL', 'scheduled__2026-02-16T00:00:00+00:00', '--job-id', '1478', '--raw', '--subdir', 'DAGS_FOLDER/stocks/dag1.py', '--cfg-path', '/tmp/tmprshp4lup']
[2026-02-19T14:51:04.626+0000] {standard_task_runner.py:91} INFO - Job 1478: Subtask task_AAPL
[2026-02-19T14:51:04.702+0000] {task_command.py:426} INFO - Running <TaskInstance: dag_moex.task_AAPL scheduled__2026-02-16T00:00:00+00:00 [running]> on host cc036e7caf02
[2026-02-19T14:51:04.832+0000] {taskinstance.py:2648} INFO - Exporting env vars: AIRFLOW_CTX_DAG_OWNER='***' AIRFLOW_CTX_DAG_ID='dag_moex' AIRFLOW_CTX_TASK_ID='task_AAPL' AIRFLOW_CTX_EXECUTION_DATE='2026-02-16T00:00:00+00:00' AIRFLOW_CTX_TRY_NUMBER='1' AIRFLOW_CTX_DAG_RUN_ID='scheduled__2026-02-16T00:00:00+00:00'
[2026-02-19T14:51:04.835+0000] {taskinstance.py:430} INFO - ::endgroup::
[2026-02-19T14:51:04.852+0000] {logging_mixin.py:188} WARNING - /opt/***/dags/stocks/scripts/api.py:9 FutureWarning: YF.download() has changed argument auto_adjust default to True
[2026-02-19T14:51:04.862+0000] {logging_mixin.py:188} WARNING - /home/***/.local/lib/python3.12/site-packages/yfinance/scrapers/history.py:204 Pandas4Warning: Timestamp.utcnow is deprecated and will be removed in a future version. Use Timestamp.now('UTC') instead.
[2026-02-19T14:51:05.913+0000] {logging_mixin.py:188} WARNING - [*********************100%***********************]  1 of 1 completed
[2026-02-19T14:51:05.914+0000] {multi.py:185} ERROR - 
1 Failed download:
[2026-02-19T14:51:05.914+0000] {multi.py:198} ERROR - ['AAPL']: YFPricesMissingError('possibly delisted; no price data found  (1d 2026-02-15 -> 2026-02-17)')
[2026-02-19T14:51:05.938+0000] {base.py:84} INFO - Using connection ID 'pg_1' for task execution.
[2026-02-19T14:51:05.939+0000] {sql.py:254} WARNING - This setter is for backward compatibility and should not be used.
Since the introduction of connection property, the providers listed below breaks due to assigning value to self.connection in their __init__ method.
* apache-***-providers-mysql<5.7.1
* apache-***-providers-elasticsearch<5.5.1
* apache-***-providers-postgres<5.13.0
[2026-02-19T14:51:05.943+0000] {sql.py:908} INFO - Done loading. Loaded a total of 0 rows into stocks
[2026-02-19T14:51:05.950+0000] {python.py:237} INFO - Done. Returned value was: None
[2026-02-19T14:51:05.952+0000] {taskinstance.py:441} INFO - ::group::Post task execution logs
[2026-02-19T14:51:05.962+0000] {taskinstance.py:1206} INFO - Marking task as SUCCESS. dag_id=dag_moex, task_id=task_AAPL, run_id=scheduled__2026-02-16T00:00:00+00:00, execution_date=20260216T000000, start_date=20260219T145104, end_date=20260219T145105
[2026-02-19T14:51:06.004+0000] {local_task_job_runner.py:243} INFO - Task exited with return code 0
[2026-02-19T14:51:06.022+0000] {taskinstance.py:3503} INFO - 0 downstream tasks scheduled from follow-on schedule check
[2026-02-19T14:51:06.024+0000] {local_task_job_runner.py:222} INFO - ::endgroup::
