[2026-02-18T07:12:44.989+0000] {local_task_job_runner.py:120} INFO - ::group::Pre task execution logs
[2026-02-18T07:12:45.029+0000] {taskinstance.py:2076} INFO - Dependencies all met for dep_context=non-requeueable deps ti=<TaskInstance: dag_moex.task_AAPL scheduled__2026-01-06T00:00:00+00:00 [queued]>
[2026-02-18T07:12:45.038+0000] {taskinstance.py:2076} INFO - Dependencies all met for dep_context=requeueable deps ti=<TaskInstance: dag_moex.task_AAPL scheduled__2026-01-06T00:00:00+00:00 [queued]>
[2026-02-18T07:12:45.039+0000] {taskinstance.py:2306} INFO - Starting attempt 1 of 1
[2026-02-18T07:12:45.055+0000] {taskinstance.py:2330} INFO - Executing <Task(PythonOperator): task_AAPL> on 2026-01-06 00:00:00+00:00
[2026-02-18T07:12:45.065+0000] {logging_mixin.py:188} WARNING - /home/***/.local/lib/python3.12/site-packages/***/task/task_runner/standard_task_runner.py:62 DeprecationWarning: This process (pid=1299) is multi-threaded, use of fork() may lead to deadlocks in the child.
[2026-02-18T07:12:45.066+0000] {standard_task_runner.py:64} INFO - Started process 1328 to run task
[2026-02-18T07:12:45.066+0000] {standard_task_runner.py:90} INFO - Running: ['***', 'tasks', 'run', 'dag_moex', 'task_AAPL', 'scheduled__2026-01-06T00:00:00+00:00', '--job-id', '391', '--raw', '--subdir', 'DAGS_FOLDER/stocks/dag1.py', '--cfg-path', '/tmp/tmpykkphjc1']
[2026-02-18T07:12:45.070+0000] {standard_task_runner.py:91} INFO - Job 391: Subtask task_AAPL
[2026-02-18T07:12:45.128+0000] {task_command.py:426} INFO - Running <TaskInstance: dag_moex.task_AAPL scheduled__2026-01-06T00:00:00+00:00 [running]> on host cc036e7caf02
[2026-02-18T07:12:45.227+0000] {taskinstance.py:2648} INFO - Exporting env vars: AIRFLOW_CTX_DAG_OWNER='***' AIRFLOW_CTX_DAG_ID='dag_moex' AIRFLOW_CTX_TASK_ID='task_AAPL' AIRFLOW_CTX_EXECUTION_DATE='2026-01-06T00:00:00+00:00' AIRFLOW_CTX_TRY_NUMBER='1' AIRFLOW_CTX_DAG_RUN_ID='scheduled__2026-01-06T00:00:00+00:00'
[2026-02-18T07:12:45.228+0000] {taskinstance.py:430} INFO - ::endgroup::
[2026-02-18T07:12:45.243+0000] {manager.py:8} INFO - log
[2026-02-18T07:12:45.246+0000] {logging_mixin.py:188} WARNING - /opt/***/dags/stocks/scripts/api.py:9 FutureWarning: YF.download() has changed argument auto_adjust default to True
[2026-02-18T07:12:45.256+0000] {logging_mixin.py:188} WARNING - /home/***/.local/lib/python3.12/site-packages/yfinance/scrapers/history.py:204 Pandas4Warning: Timestamp.utcnow is deprecated and will be removed in a future version. Use Timestamp.now('UTC') instead.
[2026-02-18T07:12:46.037+0000] {logging_mixin.py:188} WARNING - [*********************100%***********************]  1 of 1 completed
[2026-02-18T07:12:46.047+0000] {manager.py:10} INFO - Price            Close        High        Low        Open    Volume
Ticker            AAPL        AAPL       AAPL        AAPL      AAPL
Date                                                               
2026-01-06  262.114716  267.299866  261.87495  266.750392  52352100
[2026-02-18T07:12:46.060+0000] {python.py:237} INFO - Done. Returned value was: None
[2026-02-18T07:12:46.060+0000] {taskinstance.py:441} INFO - ::group::Post task execution logs
[2026-02-18T07:12:46.070+0000] {taskinstance.py:1206} INFO - Marking task as SUCCESS. dag_id=dag_moex, task_id=task_AAPL, run_id=scheduled__2026-01-06T00:00:00+00:00, execution_date=20260106T000000, start_date=20260218T071245, end_date=20260218T071246
[2026-02-18T07:12:46.129+0000] {local_task_job_runner.py:243} INFO - Task exited with return code 0
[2026-02-18T07:12:46.146+0000] {taskinstance.py:3503} INFO - 0 downstream tasks scheduled from follow-on schedule check
[2026-02-18T07:12:46.148+0000] {local_task_job_runner.py:222} INFO - ::endgroup::
[2026-02-19T12:59:16.566+0000] {local_task_job_runner.py:120} INFO - ::group::Pre task execution logs
[2026-02-19T12:59:16.622+0000] {taskinstance.py:2076} INFO - Dependencies all met for dep_context=non-requeueable deps ti=<TaskInstance: dag_moex.task_AAPL scheduled__2026-01-06T00:00:00+00:00 [queued]>
[2026-02-19T12:59:16.635+0000] {taskinstance.py:2076} INFO - Dependencies all met for dep_context=requeueable deps ti=<TaskInstance: dag_moex.task_AAPL scheduled__2026-01-06T00:00:00+00:00 [queued]>
[2026-02-19T12:59:16.637+0000] {taskinstance.py:2306} INFO - Starting attempt 1 of 1
[2026-02-19T12:59:16.663+0000] {taskinstance.py:2330} INFO - Executing <Task(PythonOperator): task_AAPL> on 2026-01-06 00:00:00+00:00
[2026-02-19T12:59:16.677+0000] {logging_mixin.py:188} WARNING - /home/***/.local/lib/python3.12/site-packages/***/task/task_runner/standard_task_runner.py:62 DeprecationWarning: This process (pid=27783) is multi-threaded, use of fork() may lead to deadlocks in the child.
[2026-02-19T12:59:16.681+0000] {standard_task_runner.py:64} INFO - Started process 27807 to run task
[2026-02-19T12:59:16.687+0000] {standard_task_runner.py:90} INFO - Running: ['***', 'tasks', 'run', 'dag_moex', 'task_AAPL', 'scheduled__2026-01-06T00:00:00+00:00', '--job-id', '843', '--raw', '--subdir', 'DAGS_FOLDER/stocks/dag1.py', '--cfg-path', '/tmp/tmph3gza8tj']
[2026-02-19T12:59:16.691+0000] {standard_task_runner.py:91} INFO - Job 843: Subtask task_AAPL
[2026-02-19T12:59:16.790+0000] {task_command.py:426} INFO - Running <TaskInstance: dag_moex.task_AAPL scheduled__2026-01-06T00:00:00+00:00 [running]> on host cc036e7caf02
[2026-02-19T12:59:16.923+0000] {taskinstance.py:2648} INFO - Exporting env vars: AIRFLOW_CTX_DAG_OWNER='***' AIRFLOW_CTX_DAG_ID='dag_moex' AIRFLOW_CTX_TASK_ID='task_AAPL' AIRFLOW_CTX_EXECUTION_DATE='2026-01-06T00:00:00+00:00' AIRFLOW_CTX_TRY_NUMBER='1' AIRFLOW_CTX_DAG_RUN_ID='scheduled__2026-01-06T00:00:00+00:00'
[2026-02-19T12:59:16.925+0000] {taskinstance.py:430} INFO - ::endgroup::
[2026-02-19T12:59:16.943+0000] {logging_mixin.py:188} WARNING - /opt/***/dags/stocks/scripts/api.py:10 FutureWarning: YF.download() has changed argument auto_adjust default to True
[2026-02-19T12:59:16.958+0000] {logging_mixin.py:188} WARNING - /home/***/.local/lib/python3.12/site-packages/yfinance/scrapers/history.py:204 Pandas4Warning: Timestamp.utcnow is deprecated and will be removed in a future version. Use Timestamp.now('UTC') instead.
[2026-02-19T12:59:17.729+0000] {logging_mixin.py:188} WARNING - [*********************100%***********************]  1 of 1 completed
[2026-02-19T12:59:17.748+0000] {api.py:11} INFO - Выгрузилось
    __________________________
    Price            Close        High         Low        Open    Volume
Ticker            AAPL        AAPL        AAPL        AAPL      AAPL
Date                                                                
2026-01-05  267.010162  271.256189  265.891214  270.387007  45647200
2026-01-06  262.114716  267.299866  261.874950  266.750392  52352100
    __________________________
    
[2026-02-19T12:59:17.750+0000] {api.py:17} INFO - start=2026-01-05, end=2026-01-07
[2026-02-19T12:59:17.757+0000] {api.py:18} INFO - После удаления
    __________________________
    Price            Close        High        Low        Open    Volume
Ticker            AAPL        AAPL       AAPL        AAPL      AAPL
Date                                                               
2026-01-06  262.114716  267.299866  261.87495  266.750392  52352100
    __________________________
    
[2026-02-19T12:59:17.770+0000] {base.py:84} INFO - Using connection ID 'pg_1' for task execution.
[2026-02-19T12:59:17.771+0000] {sql.py:254} WARNING - This setter is for backward compatibility and should not be used.
Since the introduction of connection property, the providers listed below breaks due to assigning value to self.connection in their __init__ method.
* apache-***-providers-mysql<5.7.1
* apache-***-providers-elasticsearch<5.5.1
* apache-***-providers-postgres<5.13.0
[2026-02-19T12:59:17.777+0000] {sql.py:896} INFO - Loaded 1 rows into stocks so far
[2026-02-19T12:59:17.777+0000] {sql.py:908} INFO - Done loading. Loaded a total of 1 rows into stocks
[2026-02-19T12:59:17.783+0000] {python.py:237} INFO - Done. Returned value was: None
[2026-02-19T12:59:17.784+0000] {taskinstance.py:441} INFO - ::group::Post task execution logs
[2026-02-19T12:59:17.793+0000] {taskinstance.py:1206} INFO - Marking task as SUCCESS. dag_id=dag_moex, task_id=task_AAPL, run_id=scheduled__2026-01-06T00:00:00+00:00, execution_date=20260106T000000, start_date=20260219T125916, end_date=20260219T125917
[2026-02-19T12:59:17.832+0000] {local_task_job_runner.py:243} INFO - Task exited with return code 0
[2026-02-19T12:59:17.843+0000] {local_task_job_runner.py:222} INFO - ::endgroup::
[2026-02-19T13:03:39.556+0000] {local_task_job_runner.py:120} INFO - ::group::Pre task execution logs
[2026-02-19T13:03:39.629+0000] {taskinstance.py:2076} INFO - Dependencies all met for dep_context=non-requeueable deps ti=<TaskInstance: dag_moex.task_AAPL scheduled__2026-01-06T00:00:00+00:00 [queued]>
[2026-02-19T13:03:39.642+0000] {taskinstance.py:2076} INFO - Dependencies all met for dep_context=requeueable deps ti=<TaskInstance: dag_moex.task_AAPL scheduled__2026-01-06T00:00:00+00:00 [queued]>
[2026-02-19T13:03:39.644+0000] {taskinstance.py:2306} INFO - Starting attempt 1 of 1
[2026-02-19T13:03:39.668+0000] {taskinstance.py:2330} INFO - Executing <Task(PythonOperator): task_AAPL> on 2026-01-06 00:00:00+00:00
[2026-02-19T13:03:39.695+0000] {logging_mixin.py:188} WARNING - /home/***/.local/lib/python3.12/site-packages/***/task/task_runner/standard_task_runner.py:62 DeprecationWarning: This process (pid=28088) is multi-threaded, use of fork() may lead to deadlocks in the child.
[2026-02-19T13:03:39.698+0000] {standard_task_runner.py:64} INFO - Started process 28117 to run task
[2026-02-19T13:03:39.699+0000] {standard_task_runner.py:90} INFO - Running: ['***', 'tasks', 'run', 'dag_moex', 'task_AAPL', 'scheduled__2026-01-06T00:00:00+00:00', '--job-id', '896', '--raw', '--subdir', 'DAGS_FOLDER/stocks/dag1.py', '--cfg-path', '/tmp/tmp_hmkp4gf']
[2026-02-19T13:03:39.708+0000] {standard_task_runner.py:91} INFO - Job 896: Subtask task_AAPL
[2026-02-19T13:03:39.790+0000] {task_command.py:426} INFO - Running <TaskInstance: dag_moex.task_AAPL scheduled__2026-01-06T00:00:00+00:00 [running]> on host cc036e7caf02
[2026-02-19T13:03:39.910+0000] {taskinstance.py:2648} INFO - Exporting env vars: AIRFLOW_CTX_DAG_OWNER='***' AIRFLOW_CTX_DAG_ID='dag_moex' AIRFLOW_CTX_TASK_ID='task_AAPL' AIRFLOW_CTX_EXECUTION_DATE='2026-01-06T00:00:00+00:00' AIRFLOW_CTX_TRY_NUMBER='1' AIRFLOW_CTX_DAG_RUN_ID='scheduled__2026-01-06T00:00:00+00:00'
[2026-02-19T13:03:39.912+0000] {taskinstance.py:430} INFO - ::endgroup::
[2026-02-19T13:03:39.931+0000] {logging_mixin.py:188} WARNING - /opt/***/dags/stocks/scripts/api.py:10 FutureWarning: YF.download() has changed argument auto_adjust default to True
[2026-02-19T13:03:39.945+0000] {logging_mixin.py:188} WARNING - /home/***/.local/lib/python3.12/site-packages/yfinance/scrapers/history.py:204 Pandas4Warning: Timestamp.utcnow is deprecated and will be removed in a future version. Use Timestamp.now('UTC') instead.
[2026-02-19T13:03:40.858+0000] {logging_mixin.py:188} WARNING - [*********************100%***********************]  1 of 1 completed
[2026-02-19T13:03:40.886+0000] {api.py:11} INFO - Выгрузилось
    __________________________
    Price            Close        High         Low        Open    Volume
Ticker            AAPL        AAPL        AAPL        AAPL      AAPL
Date                                                                
2026-01-05  267.010162  271.256189  265.891214  270.387007  45647200
2026-01-06  262.114716  267.299866  261.874950  266.750392  52352100
    __________________________
    
[2026-02-19T13:03:40.888+0000] {taskinstance.py:441} INFO - ::group::Post task execution logs
[2026-02-19T13:03:40.889+0000] {taskinstance.py:2905} ERROR - Task failed with exception
Traceback (most recent call last):
  File "/home/airflow/.local/lib/python3.12/site-packages/airflow/models/taskinstance.py", line 465, in _execute_task
    result = _execute_callable(context=context, **execute_callable_kwargs)
             ^^^^^^^^^^^^^^^^^^^^^^^^^^^^^^^^^^^^^^^^^^^^^^^^^^^^^^^^^^^^^
  File "/home/airflow/.local/lib/python3.12/site-packages/airflow/models/taskinstance.py", line 432, in _execute_callable
    return execute_callable(context=context, **execute_callable_kwargs)
           ^^^^^^^^^^^^^^^^^^^^^^^^^^^^^^^^^^^^^^^^^^^^^^^^^^^^^^^^^^^^
  File "/home/airflow/.local/lib/python3.12/site-packages/airflow/models/baseoperator.py", line 401, in wrapper
    return func(self, *args, **kwargs)
           ^^^^^^^^^^^^^^^^^^^^^^^^^^^
  File "/home/airflow/.local/lib/python3.12/site-packages/airflow/operators/python.py", line 235, in execute
    return_value = self.execute_callable()
                   ^^^^^^^^^^^^^^^^^^^^^^^
  File "/home/airflow/.local/lib/python3.12/site-packages/airflow/operators/python.py", line 252, in execute_callable
    return self.python_callable(*self.op_args, **self.op_kwargs)
           ^^^^^^^^^^^^^^^^^^^^^^^^^^^^^^^^^^^^^^^^^^^^^^^^^^^^^
  File "/opt/airflow/dags/stocks/scripts/manager.py", line 11, in fetch_data
    data = fetch_data_from_yfinance(stock, data_interval_start=data_interval_start, data_interval_end=data_interval_end)
           ^^^^^^^^^^^^^^^^^^^^^^^^^^^^^^^^^^^^^^^^^^^^^^^^^^^^^^^^^^^^^^^^^^^^^^^^^^^^^^^^^^^^^^^^^^^^^^^^^^^^^^^^^^^^^
  File "/opt/airflow/dags/stocks/scripts/api.py", line 16, in fetch_data_from_yfinance
    df.drop(index=start, inplace=True)
  File "/home/airflow/.local/lib/python3.12/site-packages/pandas/core/frame.py", line 6288, in drop
    return super().drop(
           ^^^^^^^^^^^^^
  File "/home/airflow/.local/lib/python3.12/site-packages/pandas/core/generic.py", line 4644, in drop
    obj = obj._drop_axis(labels, axis, level=level, errors=errors)
          ^^^^^^^^^^^^^^^^^^^^^^^^^^^^^^^^^^^^^^^^^^^^^^^^^^^^^^^^
  File "/home/airflow/.local/lib/python3.12/site-packages/pandas/core/generic.py", line 4686, in _drop_axis
    new_axis = axis.drop(labels, errors=errors)
               ^^^^^^^^^^^^^^^^^^^^^^^^^^^^^^^^
  File "/home/airflow/.local/lib/python3.12/site-packages/pandas/core/indexes/base.py", line 7268, in drop
    raise KeyError(f"{labels[mask].tolist()} not found in axis")
KeyError: "[DateTime(2026, 1, 5, 0, 0, 0, tzinfo=Timezone('UTC'))] not found in axis"
[2026-02-19T13:03:40.934+0000] {taskinstance.py:1206} INFO - Marking task as FAILED. dag_id=dag_moex, task_id=task_AAPL, run_id=scheduled__2026-01-06T00:00:00+00:00, execution_date=20260106T000000, start_date=20260219T130339, end_date=20260219T130340
[2026-02-19T13:03:40.958+0000] {standard_task_runner.py:110} ERROR - Failed to execute job 896 for task task_AAPL ("[DateTime(2026, 1, 5, 0, 0, 0, tzinfo=Timezone('UTC'))] not found in axis"; 28117)
[2026-02-19T13:03:41.010+0000] {local_task_job_runner.py:243} INFO - Task exited with return code 1
[2026-02-19T13:03:41.038+0000] {taskinstance.py:3503} INFO - 0 downstream tasks scheduled from follow-on schedule check
[2026-02-19T13:03:41.048+0000] {local_task_job_runner.py:222} INFO - ::endgroup::
[2026-02-19T13:07:23.407+0000] {local_task_job_runner.py:120} INFO - ::group::Pre task execution logs
[2026-02-19T13:07:23.497+0000] {taskinstance.py:2076} INFO - Dependencies all met for dep_context=non-requeueable deps ti=<TaskInstance: dag_moex.task_AAPL scheduled__2026-01-06T00:00:00+00:00 [queued]>
[2026-02-19T13:07:23.524+0000] {taskinstance.py:2076} INFO - Dependencies all met for dep_context=requeueable deps ti=<TaskInstance: dag_moex.task_AAPL scheduled__2026-01-06T00:00:00+00:00 [queued]>
[2026-02-19T13:07:23.526+0000] {taskinstance.py:2306} INFO - Starting attempt 1 of 1
[2026-02-19T13:07:23.554+0000] {taskinstance.py:2330} INFO - Executing <Task(PythonOperator): task_AAPL> on 2026-01-06 00:00:00+00:00
[2026-02-19T13:07:23.573+0000] {logging_mixin.py:188} WARNING - /home/***/.local/lib/python3.12/site-packages/***/task/task_runner/standard_task_runner.py:62 DeprecationWarning: This process (pid=28310) is multi-threaded, use of fork() may lead to deadlocks in the child.
[2026-02-19T13:07:23.575+0000] {standard_task_runner.py:64} INFO - Started process 28340 to run task
[2026-02-19T13:07:23.580+0000] {standard_task_runner.py:90} INFO - Running: ['***', 'tasks', 'run', 'dag_moex', 'task_AAPL', 'scheduled__2026-01-06T00:00:00+00:00', '--job-id', '930', '--raw', '--subdir', 'DAGS_FOLDER/stocks/dag1.py', '--cfg-path', '/tmp/tmpow2ppgi2']
[2026-02-19T13:07:23.588+0000] {standard_task_runner.py:91} INFO - Job 930: Subtask task_AAPL
[2026-02-19T13:07:23.671+0000] {task_command.py:426} INFO - Running <TaskInstance: dag_moex.task_AAPL scheduled__2026-01-06T00:00:00+00:00 [running]> on host cc036e7caf02
[2026-02-19T13:07:23.840+0000] {taskinstance.py:2648} INFO - Exporting env vars: AIRFLOW_CTX_DAG_OWNER='***' AIRFLOW_CTX_DAG_ID='dag_moex' AIRFLOW_CTX_TASK_ID='task_AAPL' AIRFLOW_CTX_EXECUTION_DATE='2026-01-06T00:00:00+00:00' AIRFLOW_CTX_TRY_NUMBER='1' AIRFLOW_CTX_DAG_RUN_ID='scheduled__2026-01-06T00:00:00+00:00'
[2026-02-19T13:07:23.841+0000] {taskinstance.py:430} INFO - ::endgroup::
[2026-02-19T13:07:23.857+0000] {logging_mixin.py:188} WARNING - /opt/***/dags/stocks/scripts/api.py:9 FutureWarning: YF.download() has changed argument auto_adjust default to True
[2026-02-19T13:07:23.866+0000] {logging_mixin.py:188} WARNING - /home/***/.local/lib/python3.12/site-packages/yfinance/scrapers/history.py:204 Pandas4Warning: Timestamp.utcnow is deprecated and will be removed in a future version. Use Timestamp.now('UTC') instead.
[2026-02-19T13:07:24.641+0000] {logging_mixin.py:188} WARNING - [*********************100%***********************]  1 of 1 completed
[2026-02-19T13:07:24.656+0000] {api.py:10} INFO - Выгрузилось
    __________________________
    Price            Close        High         Low        Open    Volume
Ticker            AAPL        AAPL        AAPL        AAPL      AAPL
Date                                                                
2026-01-05  267.010162  271.256189  265.891214  270.387007  45647200
2026-01-06  262.114716  267.299866  261.874950  266.750392  52352100
    __________________________
    
[2026-02-19T13:07:24.658+0000] {api.py:16} INFO - start=2026-01-05, end=2026-01-07
[2026-02-19T13:07:24.664+0000] {api.py:17} INFO - После удаления
    __________________________
    Price            Close        High        Low        Open    Volume
Ticker            AAPL        AAPL       AAPL        AAPL      AAPL
Date                                                               
2026-01-06  262.114716  267.299866  261.87495  266.750392  52352100
    __________________________
    
[2026-02-19T13:07:24.675+0000] {base.py:84} INFO - Using connection ID 'pg_1' for task execution.
[2026-02-19T13:07:24.676+0000] {sql.py:254} WARNING - This setter is for backward compatibility and should not be used.
Since the introduction of connection property, the providers listed below breaks due to assigning value to self.connection in their __init__ method.
* apache-***-providers-mysql<5.7.1
* apache-***-providers-elasticsearch<5.5.1
* apache-***-providers-postgres<5.13.0
[2026-02-19T13:07:24.680+0000] {taskinstance.py:441} INFO - ::group::Post task execution logs
[2026-02-19T13:07:24.681+0000] {taskinstance.py:2905} ERROR - Task failed with exception
Traceback (most recent call last):
  File "/home/airflow/.local/lib/python3.12/site-packages/airflow/models/taskinstance.py", line 465, in _execute_task
    result = _execute_callable(context=context, **execute_callable_kwargs)
             ^^^^^^^^^^^^^^^^^^^^^^^^^^^^^^^^^^^^^^^^^^^^^^^^^^^^^^^^^^^^^
  File "/home/airflow/.local/lib/python3.12/site-packages/airflow/models/taskinstance.py", line 432, in _execute_callable
    return execute_callable(context=context, **execute_callable_kwargs)
           ^^^^^^^^^^^^^^^^^^^^^^^^^^^^^^^^^^^^^^^^^^^^^^^^^^^^^^^^^^^^
  File "/home/airflow/.local/lib/python3.12/site-packages/airflow/models/baseoperator.py", line 401, in wrapper
    return func(self, *args, **kwargs)
           ^^^^^^^^^^^^^^^^^^^^^^^^^^^
  File "/home/airflow/.local/lib/python3.12/site-packages/airflow/operators/python.py", line 235, in execute
    return_value = self.execute_callable()
                   ^^^^^^^^^^^^^^^^^^^^^^^
  File "/home/airflow/.local/lib/python3.12/site-packages/airflow/operators/python.py", line 252, in execute_callable
    return self.python_callable(*self.op_args, **self.op_kwargs)
           ^^^^^^^^^^^^^^^^^^^^^^^^^^^^^^^^^^^^^^^^^^^^^^^^^^^^^
  File "/opt/airflow/dags/stocks/scripts/manager.py", line 23, in fetch_data
    postgresHook.insert_rows(table="stocks", rows=rows,
  File "/home/airflow/.local/lib/python3.12/site-packages/airflow/providers/common/sql/hooks/sql.py", line 893, in insert_rows
    cur.executemany(sql, values)
psycopg2.errors.UniqueViolation: duplicate key value violates unique constraint "stocks_pkey"
DETAIL:  Key (ticker, date)=(AAPL, 2026-01-06) already exists.

[2026-02-19T13:07:24.695+0000] {taskinstance.py:1206} INFO - Marking task as FAILED. dag_id=dag_moex, task_id=task_AAPL, run_id=scheduled__2026-01-06T00:00:00+00:00, execution_date=20260106T000000, start_date=20260219T130723, end_date=20260219T130724
[2026-02-19T13:07:24.707+0000] {standard_task_runner.py:110} ERROR - Failed to execute job 930 for task task_AAPL (duplicate key value violates unique constraint "stocks_pkey"
DETAIL:  Key (ticker, date)=(AAPL, 2026-01-06) already exists.
; 28340)
[2026-02-19T13:07:24.729+0000] {local_task_job_runner.py:243} INFO - Task exited with return code 1
[2026-02-19T13:07:24.749+0000] {taskinstance.py:3503} INFO - 0 downstream tasks scheduled from follow-on schedule check
[2026-02-19T13:07:24.754+0000] {local_task_job_runner.py:222} INFO - ::endgroup::
[2026-02-19T14:09:23.249+0000] {local_task_job_runner.py:120} INFO - ::group::Pre task execution logs
[2026-02-19T14:09:23.295+0000] {taskinstance.py:2076} INFO - Dependencies all met for dep_context=non-requeueable deps ti=<TaskInstance: dag_moex.task_AAPL scheduled__2026-01-06T00:00:00+00:00 [queued]>
[2026-02-19T14:09:23.307+0000] {taskinstance.py:2076} INFO - Dependencies all met for dep_context=requeueable deps ti=<TaskInstance: dag_moex.task_AAPL scheduled__2026-01-06T00:00:00+00:00 [queued]>
[2026-02-19T14:09:23.308+0000] {taskinstance.py:2306} INFO - Starting attempt 1 of 1
[2026-02-19T14:09:23.322+0000] {taskinstance.py:2330} INFO - Executing <Task(PythonOperator): task_AAPL> on 2026-01-06 00:00:00+00:00
[2026-02-19T14:09:23.332+0000] {logging_mixin.py:188} WARNING - /home/***/.local/lib/python3.12/site-packages/***/task/task_runner/standard_task_runner.py:62 DeprecationWarning: This process (pid=29857) is multi-threaded, use of fork() may lead to deadlocks in the child.
[2026-02-19T14:09:23.335+0000] {standard_task_runner.py:64} INFO - Started process 29880 to run task
[2026-02-19T14:09:23.336+0000] {standard_task_runner.py:90} INFO - Running: ['***', 'tasks', 'run', 'dag_moex', 'task_AAPL', 'scheduled__2026-01-06T00:00:00+00:00', '--job-id', '957', '--raw', '--subdir', 'DAGS_FOLDER/stocks/dag1.py', '--cfg-path', '/tmp/tmp5wiyjs1q']
[2026-02-19T14:09:23.339+0000] {standard_task_runner.py:91} INFO - Job 957: Subtask task_AAPL
[2026-02-19T14:09:23.399+0000] {task_command.py:426} INFO - Running <TaskInstance: dag_moex.task_AAPL scheduled__2026-01-06T00:00:00+00:00 [running]> on host cc036e7caf02
[2026-02-19T14:09:23.470+0000] {taskinstance.py:2648} INFO - Exporting env vars: AIRFLOW_CTX_DAG_OWNER='***' AIRFLOW_CTX_DAG_ID='dag_moex' AIRFLOW_CTX_TASK_ID='task_AAPL' AIRFLOW_CTX_EXECUTION_DATE='2026-01-06T00:00:00+00:00' AIRFLOW_CTX_TRY_NUMBER='1' AIRFLOW_CTX_DAG_RUN_ID='scheduled__2026-01-06T00:00:00+00:00'
[2026-02-19T14:09:23.471+0000] {taskinstance.py:430} INFO - ::endgroup::
[2026-02-19T14:09:23.484+0000] {logging_mixin.py:188} WARNING - /opt/***/dags/stocks/scripts/api.py:9 FutureWarning: YF.download() has changed argument auto_adjust default to True
[2026-02-19T14:09:23.491+0000] {logging_mixin.py:188} WARNING - /home/***/.local/lib/python3.12/site-packages/yfinance/scrapers/history.py:204 Pandas4Warning: Timestamp.utcnow is deprecated and will be removed in a future version. Use Timestamp.now('UTC') instead.
[2026-02-19T14:09:24.448+0000] {logging_mixin.py:188} WARNING - [*********************100%***********************]  1 of 1 completed
[2026-02-19T14:09:24.482+0000] {api.py:10} INFO - Выгрузилось
    __________________________
    Price            Close        High         Low        Open    Volume
Ticker            AAPL        AAPL        AAPL        AAPL      AAPL
Date                                                                
2026-01-05  267.010162  271.256189  265.891214  270.387007  45647200
2026-01-06  262.114716  267.299866  261.874950  266.750392  52352100
    __________________________
    
[2026-02-19T14:09:24.484+0000] {api.py:16} INFO - start=2026-01-05, end=2026-01-07
[2026-02-19T14:09:24.497+0000] {api.py:17} INFO - После удаления
    __________________________
    Price            Close        High        Low        Open    Volume
Ticker            AAPL        AAPL       AAPL        AAPL      AAPL
Date                                                               
2026-01-06  262.114716  267.299866  261.87495  266.750392  52352100
    __________________________
    
[2026-02-19T14:09:24.513+0000] {base.py:84} INFO - Using connection ID 'pg_1' for task execution.
[2026-02-19T14:09:24.514+0000] {sql.py:254} WARNING - This setter is for backward compatibility and should not be used.
Since the introduction of connection property, the providers listed below breaks due to assigning value to self.connection in their __init__ method.
* apache-***-providers-mysql<5.7.1
* apache-***-providers-elasticsearch<5.5.1
* apache-***-providers-postgres<5.13.0
[2026-02-19T14:09:24.523+0000] {taskinstance.py:441} INFO - ::group::Post task execution logs
[2026-02-19T14:09:24.523+0000] {taskinstance.py:2905} ERROR - Task failed with exception
Traceback (most recent call last):
  File "/home/airflow/.local/lib/python3.12/site-packages/airflow/models/taskinstance.py", line 465, in _execute_task
    result = _execute_callable(context=context, **execute_callable_kwargs)
             ^^^^^^^^^^^^^^^^^^^^^^^^^^^^^^^^^^^^^^^^^^^^^^^^^^^^^^^^^^^^^
  File "/home/airflow/.local/lib/python3.12/site-packages/airflow/models/taskinstance.py", line 432, in _execute_callable
    return execute_callable(context=context, **execute_callable_kwargs)
           ^^^^^^^^^^^^^^^^^^^^^^^^^^^^^^^^^^^^^^^^^^^^^^^^^^^^^^^^^^^^
  File "/home/airflow/.local/lib/python3.12/site-packages/airflow/models/baseoperator.py", line 401, in wrapper
    return func(self, *args, **kwargs)
           ^^^^^^^^^^^^^^^^^^^^^^^^^^^
  File "/home/airflow/.local/lib/python3.12/site-packages/airflow/operators/python.py", line 235, in execute
    return_value = self.execute_callable()
                   ^^^^^^^^^^^^^^^^^^^^^^^
  File "/home/airflow/.local/lib/python3.12/site-packages/airflow/operators/python.py", line 252, in execute_callable
    return self.python_callable(*self.op_args, **self.op_kwargs)
           ^^^^^^^^^^^^^^^^^^^^^^^^^^^^^^^^^^^^^^^^^^^^^^^^^^^^^
  File "/opt/airflow/dags/stocks/scripts/manager.py", line 24, in fetch_data
    postgresHook.insert_rows(table="stocks", rows=rows,
  File "/home/airflow/.local/lib/python3.12/site-packages/airflow/providers/common/sql/hooks/sql.py", line 893, in insert_rows
    cur.executemany(sql, values)
psycopg2.errors.UniqueViolation: duplicate key value violates unique constraint "stocks_pkey"
DETAIL:  Key (ticker, date)=(AAPL, 2026-01-06) already exists.

[2026-02-19T14:09:24.538+0000] {taskinstance.py:1206} INFO - Marking task as FAILED. dag_id=dag_moex, task_id=task_AAPL, run_id=scheduled__2026-01-06T00:00:00+00:00, execution_date=20260106T000000, start_date=20260219T140923, end_date=20260219T140924
[2026-02-19T14:09:24.550+0000] {standard_task_runner.py:110} ERROR - Failed to execute job 957 for task task_AAPL (duplicate key value violates unique constraint "stocks_pkey"
DETAIL:  Key (ticker, date)=(AAPL, 2026-01-06) already exists.
; 29880)
[2026-02-19T14:09:24.595+0000] {local_task_job_runner.py:243} INFO - Task exited with return code 1
[2026-02-19T14:09:24.645+0000] {taskinstance.py:3503} INFO - 0 downstream tasks scheduled from follow-on schedule check
[2026-02-19T14:09:24.658+0000] {local_task_job_runner.py:222} INFO - ::endgroup::
[2026-02-19T14:10:25.319+0000] {local_task_job_runner.py:120} INFO - ::group::Pre task execution logs
[2026-02-19T14:10:25.365+0000] {taskinstance.py:2076} INFO - Dependencies all met for dep_context=non-requeueable deps ti=<TaskInstance: dag_moex.task_AAPL scheduled__2026-01-06T00:00:00+00:00 [queued]>
[2026-02-19T14:10:25.376+0000] {taskinstance.py:2076} INFO - Dependencies all met for dep_context=requeueable deps ti=<TaskInstance: dag_moex.task_AAPL scheduled__2026-01-06T00:00:00+00:00 [queued]>
[2026-02-19T14:10:25.377+0000] {taskinstance.py:2306} INFO - Starting attempt 1 of 1
[2026-02-19T14:10:25.393+0000] {taskinstance.py:2330} INFO - Executing <Task(PythonOperator): task_AAPL> on 2026-01-06 00:00:00+00:00
[2026-02-19T14:10:25.404+0000] {logging_mixin.py:188} WARNING - /home/***/.local/lib/python3.12/site-packages/***/task/task_runner/standard_task_runner.py:62 DeprecationWarning: This process (pid=30024) is multi-threaded, use of fork() may lead to deadlocks in the child.
[2026-02-19T14:10:25.403+0000] {standard_task_runner.py:90} INFO - Running: ['***', 'tasks', 'run', 'dag_moex', 'task_AAPL', 'scheduled__2026-01-06T00:00:00+00:00', '--job-id', '994', '--raw', '--subdir', 'DAGS_FOLDER/stocks/dag1.py', '--cfg-path', '/tmp/tmp777lijfz']
[2026-02-19T14:10:25.405+0000] {standard_task_runner.py:64} INFO - Started process 30054 to run task
[2026-02-19T14:10:25.405+0000] {standard_task_runner.py:91} INFO - Job 994: Subtask task_AAPL
[2026-02-19T14:10:25.456+0000] {task_command.py:426} INFO - Running <TaskInstance: dag_moex.task_AAPL scheduled__2026-01-06T00:00:00+00:00 [running]> on host cc036e7caf02
[2026-02-19T14:10:25.547+0000] {taskinstance.py:2648} INFO - Exporting env vars: AIRFLOW_CTX_DAG_OWNER='***' AIRFLOW_CTX_DAG_ID='dag_moex' AIRFLOW_CTX_TASK_ID='task_AAPL' AIRFLOW_CTX_EXECUTION_DATE='2026-01-06T00:00:00+00:00' AIRFLOW_CTX_TRY_NUMBER='1' AIRFLOW_CTX_DAG_RUN_ID='scheduled__2026-01-06T00:00:00+00:00'
[2026-02-19T14:10:25.548+0000] {taskinstance.py:430} INFO - ::endgroup::
[2026-02-19T14:10:25.564+0000] {logging_mixin.py:188} WARNING - /opt/***/dags/stocks/scripts/api.py:9 FutureWarning: YF.download() has changed argument auto_adjust default to True
[2026-02-19T14:10:25.572+0000] {logging_mixin.py:188} WARNING - /home/***/.local/lib/python3.12/site-packages/yfinance/scrapers/history.py:204 Pandas4Warning: Timestamp.utcnow is deprecated and will be removed in a future version. Use Timestamp.now('UTC') instead.
[2026-02-19T14:10:26.368+0000] {logging_mixin.py:188} WARNING - [*********************100%***********************]  1 of 1 completed
[2026-02-19T14:10:26.394+0000] {api.py:10} INFO - Выгрузилось
    __________________________
    Price            Close        High         Low        Open    Volume
Ticker            AAPL        AAPL        AAPL        AAPL      AAPL
Date                                                                
2026-01-05  267.010162  271.256189  265.891214  270.387007  45647200
2026-01-06  262.114716  267.299866  261.874950  266.750392  52352100
    __________________________
    
[2026-02-19T14:10:26.397+0000] {api.py:16} INFO - start=2026-01-05, end=2026-01-07
[2026-02-19T14:10:26.406+0000] {api.py:17} INFO - После удаления
    __________________________
    Price            Close        High        Low        Open    Volume
Ticker            AAPL        AAPL       AAPL        AAPL      AAPL
Date                                                               
2026-01-06  262.114716  267.299866  261.87495  266.750392  52352100
    __________________________
    
[2026-02-19T14:10:26.419+0000] {base.py:84} INFO - Using connection ID 'pg_1' for task execution.
[2026-02-19T14:10:26.420+0000] {sql.py:254} WARNING - This setter is for backward compatibility and should not be used.
Since the introduction of connection property, the providers listed below breaks due to assigning value to self.connection in their __init__ method.
* apache-***-providers-mysql<5.7.1
* apache-***-providers-elasticsearch<5.5.1
* apache-***-providers-postgres<5.13.0
[2026-02-19T14:10:26.428+0000] {taskinstance.py:441} INFO - ::group::Post task execution logs
[2026-02-19T14:10:26.429+0000] {taskinstance.py:2905} ERROR - Task failed with exception
Traceback (most recent call last):
  File "/home/airflow/.local/lib/python3.12/site-packages/airflow/models/taskinstance.py", line 465, in _execute_task
    result = _execute_callable(context=context, **execute_callable_kwargs)
             ^^^^^^^^^^^^^^^^^^^^^^^^^^^^^^^^^^^^^^^^^^^^^^^^^^^^^^^^^^^^^
  File "/home/airflow/.local/lib/python3.12/site-packages/airflow/models/taskinstance.py", line 432, in _execute_callable
    return execute_callable(context=context, **execute_callable_kwargs)
           ^^^^^^^^^^^^^^^^^^^^^^^^^^^^^^^^^^^^^^^^^^^^^^^^^^^^^^^^^^^^
  File "/home/airflow/.local/lib/python3.12/site-packages/airflow/models/baseoperator.py", line 401, in wrapper
    return func(self, *args, **kwargs)
           ^^^^^^^^^^^^^^^^^^^^^^^^^^^
  File "/home/airflow/.local/lib/python3.12/site-packages/airflow/operators/python.py", line 235, in execute
    return_value = self.execute_callable()
                   ^^^^^^^^^^^^^^^^^^^^^^^
  File "/home/airflow/.local/lib/python3.12/site-packages/airflow/operators/python.py", line 252, in execute_callable
    return self.python_callable(*self.op_args, **self.op_kwargs)
           ^^^^^^^^^^^^^^^^^^^^^^^^^^^^^^^^^^^^^^^^^^^^^^^^^^^^^
  File "/opt/airflow/dags/stocks/scripts/manager.py", line 24, in fetch_data
    postgresHook.insert_rows(table="stocks", rows=rows,
  File "/home/airflow/.local/lib/python3.12/site-packages/airflow/providers/common/sql/hooks/sql.py", line 893, in insert_rows
    cur.executemany(sql, values)
psycopg2.errors.UniqueViolation: duplicate key value violates unique constraint "stocks_pkey"
DETAIL:  Key (ticker, date)=(AAPL, 2026-01-06) already exists.

[2026-02-19T14:10:26.445+0000] {taskinstance.py:1206} INFO - Marking task as FAILED. dag_id=dag_moex, task_id=task_AAPL, run_id=scheduled__2026-01-06T00:00:00+00:00, execution_date=20260106T000000, start_date=20260219T141025, end_date=20260219T141026
[2026-02-19T14:10:26.480+0000] {standard_task_runner.py:110} ERROR - Failed to execute job 994 for task task_AAPL (duplicate key value violates unique constraint "stocks_pkey"
DETAIL:  Key (ticker, date)=(AAPL, 2026-01-06) already exists.
; 30054)
[2026-02-19T14:10:26.503+0000] {local_task_job_runner.py:243} INFO - Task exited with return code 1
[2026-02-19T14:10:26.536+0000] {taskinstance.py:3503} INFO - 0 downstream tasks scheduled from follow-on schedule check
[2026-02-19T14:10:26.543+0000] {local_task_job_runner.py:222} INFO - ::endgroup::
[2026-02-19T14:13:34.038+0000] {local_task_job_runner.py:120} INFO - ::group::Pre task execution logs
[2026-02-19T14:13:34.080+0000] {taskinstance.py:2076} INFO - Dependencies all met for dep_context=non-requeueable deps ti=<TaskInstance: dag_moex.task_AAPL scheduled__2026-01-06T00:00:00+00:00 [queued]>
[2026-02-19T14:13:34.094+0000] {taskinstance.py:2076} INFO - Dependencies all met for dep_context=requeueable deps ti=<TaskInstance: dag_moex.task_AAPL scheduled__2026-01-06T00:00:00+00:00 [queued]>
[2026-02-19T14:13:34.095+0000] {taskinstance.py:2306} INFO - Starting attempt 1 of 1
[2026-02-19T14:13:34.109+0000] {taskinstance.py:2330} INFO - Executing <Task(PythonOperator): task_AAPL> on 2026-01-06 00:00:00+00:00
[2026-02-19T14:13:34.120+0000] {logging_mixin.py:188} WARNING - /home/***/.local/lib/python3.12/site-packages/***/task/task_runner/standard_task_runner.py:62 DeprecationWarning: This process (pid=30275) is multi-threaded, use of fork() may lead to deadlocks in the child.
[2026-02-19T14:13:34.122+0000] {standard_task_runner.py:64} INFO - Started process 30317 to run task
[2026-02-19T14:13:34.120+0000] {standard_task_runner.py:90} INFO - Running: ['***', 'tasks', 'run', 'dag_moex', 'task_AAPL', 'scheduled__2026-01-06T00:00:00+00:00', '--job-id', '1043', '--raw', '--subdir', 'DAGS_FOLDER/stocks/dag1.py', '--cfg-path', '/tmp/tmp0l_s62hg']
[2026-02-19T14:13:34.123+0000] {standard_task_runner.py:91} INFO - Job 1043: Subtask task_AAPL
[2026-02-19T14:13:34.180+0000] {task_command.py:426} INFO - Running <TaskInstance: dag_moex.task_AAPL scheduled__2026-01-06T00:00:00+00:00 [running]> on host cc036e7caf02
[2026-02-19T14:13:34.267+0000] {taskinstance.py:2648} INFO - Exporting env vars: AIRFLOW_CTX_DAG_OWNER='***' AIRFLOW_CTX_DAG_ID='dag_moex' AIRFLOW_CTX_TASK_ID='task_AAPL' AIRFLOW_CTX_EXECUTION_DATE='2026-01-06T00:00:00+00:00' AIRFLOW_CTX_TRY_NUMBER='1' AIRFLOW_CTX_DAG_RUN_ID='scheduled__2026-01-06T00:00:00+00:00'
[2026-02-19T14:13:34.269+0000] {taskinstance.py:430} INFO - ::endgroup::
[2026-02-19T14:13:34.279+0000] {logging_mixin.py:188} WARNING - /opt/***/dags/stocks/scripts/api.py:9 FutureWarning: YF.download() has changed argument auto_adjust default to True
[2026-02-19T14:13:34.288+0000] {logging_mixin.py:188} WARNING - /home/***/.local/lib/python3.12/site-packages/yfinance/scrapers/history.py:204 Pandas4Warning: Timestamp.utcnow is deprecated and will be removed in a future version. Use Timestamp.now('UTC') instead.
[2026-02-19T14:13:35.212+0000] {logging_mixin.py:188} WARNING - [*********************100%***********************]  1 of 1 completed
[2026-02-19T14:13:35.225+0000] {api.py:10} INFO - Выгрузилось
    __________________________
    Price            Close        High         Low        Open    Volume
Ticker            AAPL        AAPL        AAPL        AAPL      AAPL
Date                                                                
2026-01-05  267.010162  271.256189  265.891214  270.387007  45647200
2026-01-06  262.114716  267.299866  261.874950  266.750392  52352100
    __________________________
    
[2026-02-19T14:13:35.226+0000] {api.py:16} INFO - start=2026-01-05, end=2026-01-07
[2026-02-19T14:13:35.230+0000] {api.py:17} INFO - После удаления
    __________________________
    Price            Close        High        Low        Open    Volume
Ticker            AAPL        AAPL       AAPL        AAPL      AAPL
Date                                                               
2026-01-06  262.114716  267.299866  261.87495  266.750392  52352100
    __________________________
    
[2026-02-19T14:13:35.238+0000] {base.py:84} INFO - Using connection ID 'pg_1' for task execution.
[2026-02-19T14:13:35.239+0000] {sql.py:254} WARNING - This setter is for backward compatibility and should not be used.
Since the introduction of connection property, the providers listed below breaks due to assigning value to self.connection in their __init__ method.
* apache-***-providers-mysql<5.7.1
* apache-***-providers-elasticsearch<5.5.1
* apache-***-providers-postgres<5.13.0
[2026-02-19T14:13:35.243+0000] {sql.py:896} INFO - Loaded 1 rows into stocks so far
[2026-02-19T14:13:35.244+0000] {sql.py:908} INFO - Done loading. Loaded a total of 1 rows into stocks
[2026-02-19T14:13:35.248+0000] {python.py:237} INFO - Done. Returned value was: None
[2026-02-19T14:13:35.248+0000] {taskinstance.py:441} INFO - ::group::Post task execution logs
[2026-02-19T14:13:35.254+0000] {taskinstance.py:1206} INFO - Marking task as SUCCESS. dag_id=dag_moex, task_id=task_AAPL, run_id=scheduled__2026-01-06T00:00:00+00:00, execution_date=20260106T000000, start_date=20260219T141334, end_date=20260219T141335
[2026-02-19T14:13:35.300+0000] {local_task_job_runner.py:243} INFO - Task exited with return code 0
[2026-02-19T14:13:35.312+0000] {taskinstance.py:3503} INFO - 0 downstream tasks scheduled from follow-on schedule check
[2026-02-19T14:13:35.314+0000] {local_task_job_runner.py:222} INFO - ::endgroup::
[2026-02-19T14:50:17.417+0000] {local_task_job_runner.py:120} INFO - ::group::Pre task execution logs
[2026-02-19T14:50:17.458+0000] {taskinstance.py:2076} INFO - Dependencies all met for dep_context=non-requeueable deps ti=<TaskInstance: dag_moex.task_AAPL scheduled__2026-01-06T00:00:00+00:00 [queued]>
[2026-02-19T14:50:17.468+0000] {taskinstance.py:2076} INFO - Dependencies all met for dep_context=requeueable deps ti=<TaskInstance: dag_moex.task_AAPL scheduled__2026-01-06T00:00:00+00:00 [queued]>
[2026-02-19T14:50:17.469+0000] {taskinstance.py:2306} INFO - Starting attempt 1 of 1
[2026-02-19T14:50:17.483+0000] {taskinstance.py:2330} INFO - Executing <Task(PythonOperator): task_AAPL> on 2026-01-06 00:00:00+00:00
[2026-02-19T14:50:17.493+0000] {logging_mixin.py:188} WARNING - /home/***/.local/lib/python3.12/site-packages/***/task/task_runner/standard_task_runner.py:62 DeprecationWarning: This process (pid=32401) is multi-threaded, use of fork() may lead to deadlocks in the child.
[2026-02-19T14:50:17.495+0000] {standard_task_runner.py:64} INFO - Started process 32430 to run task
[2026-02-19T14:50:17.493+0000] {standard_task_runner.py:90} INFO - Running: ['***', 'tasks', 'run', 'dag_moex', 'task_AAPL', 'scheduled__2026-01-06T00:00:00+00:00', '--job-id', '1354', '--raw', '--subdir', 'DAGS_FOLDER/stocks/dag1.py', '--cfg-path', '/tmp/tmplza6v_cd']
[2026-02-19T14:50:17.496+0000] {standard_task_runner.py:91} INFO - Job 1354: Subtask task_AAPL
[2026-02-19T14:50:17.548+0000] {task_command.py:426} INFO - Running <TaskInstance: dag_moex.task_AAPL scheduled__2026-01-06T00:00:00+00:00 [running]> on host cc036e7caf02
[2026-02-19T14:50:17.626+0000] {taskinstance.py:2648} INFO - Exporting env vars: AIRFLOW_CTX_DAG_OWNER='***' AIRFLOW_CTX_DAG_ID='dag_moex' AIRFLOW_CTX_TASK_ID='task_AAPL' AIRFLOW_CTX_EXECUTION_DATE='2026-01-06T00:00:00+00:00' AIRFLOW_CTX_TRY_NUMBER='1' AIRFLOW_CTX_DAG_RUN_ID='scheduled__2026-01-06T00:00:00+00:00'
[2026-02-19T14:50:17.627+0000] {taskinstance.py:430} INFO - ::endgroup::
[2026-02-19T14:50:17.639+0000] {logging_mixin.py:188} WARNING - /opt/***/dags/stocks/scripts/api.py:9 FutureWarning: YF.download() has changed argument auto_adjust default to True
[2026-02-19T14:50:17.648+0000] {logging_mixin.py:188} WARNING - /home/***/.local/lib/python3.12/site-packages/yfinance/scrapers/history.py:204 Pandas4Warning: Timestamp.utcnow is deprecated and will be removed in a future version. Use Timestamp.now('UTC') instead.
[2026-02-19T14:50:18.607+0000] {logging_mixin.py:188} WARNING - [*********************100%***********************]  1 of 1 completed
[2026-02-19T14:50:18.627+0000] {base.py:84} INFO - Using connection ID 'pg_1' for task execution.
[2026-02-19T14:50:18.627+0000] {sql.py:254} WARNING - This setter is for backward compatibility and should not be used.
Since the introduction of connection property, the providers listed below breaks due to assigning value to self.connection in their __init__ method.
* apache-***-providers-mysql<5.7.1
* apache-***-providers-elasticsearch<5.5.1
* apache-***-providers-postgres<5.13.0
[2026-02-19T14:50:18.631+0000] {taskinstance.py:441} INFO - ::group::Post task execution logs
[2026-02-19T14:50:18.632+0000] {taskinstance.py:2905} ERROR - Task failed with exception
Traceback (most recent call last):
  File "/home/airflow/.local/lib/python3.12/site-packages/airflow/models/taskinstance.py", line 465, in _execute_task
    result = _execute_callable(context=context, **execute_callable_kwargs)
             ^^^^^^^^^^^^^^^^^^^^^^^^^^^^^^^^^^^^^^^^^^^^^^^^^^^^^^^^^^^^^
  File "/home/airflow/.local/lib/python3.12/site-packages/airflow/models/taskinstance.py", line 432, in _execute_callable
    return execute_callable(context=context, **execute_callable_kwargs)
           ^^^^^^^^^^^^^^^^^^^^^^^^^^^^^^^^^^^^^^^^^^^^^^^^^^^^^^^^^^^^
  File "/home/airflow/.local/lib/python3.12/site-packages/airflow/models/baseoperator.py", line 401, in wrapper
    return func(self, *args, **kwargs)
           ^^^^^^^^^^^^^^^^^^^^^^^^^^^
  File "/home/airflow/.local/lib/python3.12/site-packages/airflow/operators/python.py", line 235, in execute
    return_value = self.execute_callable()
                   ^^^^^^^^^^^^^^^^^^^^^^^
  File "/home/airflow/.local/lib/python3.12/site-packages/airflow/operators/python.py", line 252, in execute_callable
    return self.python_callable(*self.op_args, **self.op_kwargs)
           ^^^^^^^^^^^^^^^^^^^^^^^^^^^^^^^^^^^^^^^^^^^^^^^^^^^^^
  File "/opt/airflow/dags/stocks/scripts/manager.py", line 24, in fetch_data
    postgresHook.insert_rows(table="stocks", rows=rows,
  File "/home/airflow/.local/lib/python3.12/site-packages/airflow/providers/common/sql/hooks/sql.py", line 893, in insert_rows
    cur.executemany(sql, values)
psycopg2.errors.UniqueViolation: duplicate key value violates unique constraint "stocks_pkey"
DETAIL:  Key (ticker, date)=(AAPL, 2026-01-05) already exists.

[2026-02-19T14:50:18.643+0000] {taskinstance.py:1206} INFO - Marking task as FAILED. dag_id=dag_moex, task_id=task_AAPL, run_id=scheduled__2026-01-06T00:00:00+00:00, execution_date=20260106T000000, start_date=20260219T145017, end_date=20260219T145018
[2026-02-19T14:50:18.654+0000] {standard_task_runner.py:110} ERROR - Failed to execute job 1354 for task task_AAPL (duplicate key value violates unique constraint "stocks_pkey"
DETAIL:  Key (ticker, date)=(AAPL, 2026-01-05) already exists.
; 32430)
[2026-02-19T14:50:18.672+0000] {local_task_job_runner.py:243} INFO - Task exited with return code 1
[2026-02-19T14:50:18.693+0000] {taskinstance.py:3503} INFO - 0 downstream tasks scheduled from follow-on schedule check
[2026-02-19T14:50:18.699+0000] {local_task_job_runner.py:222} INFO - ::endgroup::
