[2026-02-18T07:12:56.889+0000] {local_task_job_runner.py:120} INFO - ::group::Pre task execution logs
[2026-02-18T07:12:56.929+0000] {taskinstance.py:2076} INFO - Dependencies all met for dep_context=non-requeueable deps ti=<TaskInstance: dag_moex.task_AAPL scheduled__2026-01-16T00:00:00+00:00 [queued]>
[2026-02-18T07:12:56.939+0000] {taskinstance.py:2076} INFO - Dependencies all met for dep_context=requeueable deps ti=<TaskInstance: dag_moex.task_AAPL scheduled__2026-01-16T00:00:00+00:00 [queued]>
[2026-02-18T07:12:56.940+0000] {taskinstance.py:2306} INFO - Starting attempt 1 of 1
[2026-02-18T07:12:56.955+0000] {taskinstance.py:2330} INFO - Executing <Task(PythonOperator): task_AAPL> on 2026-01-16 00:00:00+00:00
[2026-02-18T07:12:56.964+0000] {logging_mixin.py:188} WARNING - /home/***/.local/lib/python3.12/site-packages/***/task/task_runner/standard_task_runner.py:62 DeprecationWarning: This process (pid=1434) is multi-threaded, use of fork() may lead to deadlocks in the child.
[2026-02-18T07:12:56.964+0000] {standard_task_runner.py:90} INFO - Running: ['***', 'tasks', 'run', 'dag_moex', 'task_AAPL', 'scheduled__2026-01-16T00:00:00+00:00', '--job-id', '423', '--raw', '--subdir', 'DAGS_FOLDER/stocks/dag1.py', '--cfg-path', '/tmp/tmpg2pnkom6']
[2026-02-18T07:12:56.966+0000] {standard_task_runner.py:64} INFO - Started process 1464 to run task
[2026-02-18T07:12:56.967+0000] {standard_task_runner.py:91} INFO - Job 423: Subtask task_AAPL
[2026-02-18T07:12:57.019+0000] {task_command.py:426} INFO - Running <TaskInstance: dag_moex.task_AAPL scheduled__2026-01-16T00:00:00+00:00 [running]> on host cc036e7caf02
[2026-02-18T07:12:57.098+0000] {taskinstance.py:2648} INFO - Exporting env vars: AIRFLOW_CTX_DAG_OWNER='***' AIRFLOW_CTX_DAG_ID='dag_moex' AIRFLOW_CTX_TASK_ID='task_AAPL' AIRFLOW_CTX_EXECUTION_DATE='2026-01-16T00:00:00+00:00' AIRFLOW_CTX_TRY_NUMBER='1' AIRFLOW_CTX_DAG_RUN_ID='scheduled__2026-01-16T00:00:00+00:00'
[2026-02-18T07:12:57.099+0000] {taskinstance.py:430} INFO - ::endgroup::
[2026-02-18T07:12:57.111+0000] {manager.py:8} INFO - log
[2026-02-18T07:12:57.114+0000] {logging_mixin.py:188} WARNING - /opt/***/dags/stocks/scripts/api.py:9 FutureWarning: YF.download() has changed argument auto_adjust default to True
[2026-02-18T07:12:57.122+0000] {logging_mixin.py:188} WARNING - /home/***/.local/lib/python3.12/site-packages/yfinance/scrapers/history.py:204 Pandas4Warning: Timestamp.utcnow is deprecated and will be removed in a future version. Use Timestamp.now('UTC') instead.
[2026-02-18T07:12:58.127+0000] {logging_mixin.py:188} WARNING - [*********************100%***********************]  1 of 1 completed
[2026-02-18T07:12:58.134+0000] {manager.py:10} INFO - Price            Close        High         Low        Open    Volume
Ticker            AAPL        AAPL        AAPL        AAPL      AAPL
Date                                                                
2026-01-16  255.291122  258.657967  254.691677  257.658902  72142800
[2026-02-18T07:12:58.143+0000] {python.py:237} INFO - Done. Returned value was: None
[2026-02-18T07:12:58.144+0000] {taskinstance.py:441} INFO - ::group::Post task execution logs
[2026-02-18T07:12:58.150+0000] {taskinstance.py:1206} INFO - Marking task as SUCCESS. dag_id=dag_moex, task_id=task_AAPL, run_id=scheduled__2026-01-16T00:00:00+00:00, execution_date=20260116T000000, start_date=20260218T071256, end_date=20260218T071258
[2026-02-18T07:12:58.188+0000] {local_task_job_runner.py:243} INFO - Task exited with return code 0
[2026-02-18T07:12:58.216+0000] {taskinstance.py:3503} INFO - 0 downstream tasks scheduled from follow-on schedule check
[2026-02-18T07:12:58.221+0000] {local_task_job_runner.py:222} INFO - ::endgroup::
[2026-02-19T12:59:30.627+0000] {local_task_job_runner.py:120} INFO - ::group::Pre task execution logs
[2026-02-19T12:59:30.737+0000] {taskinstance.py:2076} INFO - Dependencies all met for dep_context=non-requeueable deps ti=<TaskInstance: dag_moex.task_AAPL scheduled__2026-01-16T00:00:00+00:00 [queued]>
[2026-02-19T12:59:30.782+0000] {taskinstance.py:2076} INFO - Dependencies all met for dep_context=requeueable deps ti=<TaskInstance: dag_moex.task_AAPL scheduled__2026-01-16T00:00:00+00:00 [queued]>
[2026-02-19T12:59:30.783+0000] {taskinstance.py:2306} INFO - Starting attempt 1 of 1
[2026-02-19T12:59:30.812+0000] {taskinstance.py:2330} INFO - Executing <Task(PythonOperator): task_AAPL> on 2026-01-16 00:00:00+00:00
[2026-02-19T12:59:30.822+0000] {logging_mixin.py:188} WARNING - /home/***/.local/lib/python3.12/site-packages/***/task/task_runner/standard_task_runner.py:62 DeprecationWarning: This process (pid=27888) is multi-threaded, use of fork() may lead to deadlocks in the child.
[2026-02-19T12:59:30.822+0000] {standard_task_runner.py:90} INFO - Running: ['***', 'tasks', 'run', 'dag_moex', 'task_AAPL', 'scheduled__2026-01-16T00:00:00+00:00', '--job-id', '868', '--raw', '--subdir', 'DAGS_FOLDER/stocks/dag1.py', '--cfg-path', '/tmp/tmp40wurtcc']
[2026-02-19T12:59:30.824+0000] {standard_task_runner.py:64} INFO - Started process 27919 to run task
[2026-02-19T12:59:30.824+0000] {standard_task_runner.py:91} INFO - Job 868: Subtask task_AAPL
[2026-02-19T12:59:30.902+0000] {task_command.py:426} INFO - Running <TaskInstance: dag_moex.task_AAPL scheduled__2026-01-16T00:00:00+00:00 [running]> on host cc036e7caf02
[2026-02-19T12:59:31.062+0000] {taskinstance.py:2648} INFO - Exporting env vars: AIRFLOW_CTX_DAG_OWNER='***' AIRFLOW_CTX_DAG_ID='dag_moex' AIRFLOW_CTX_TASK_ID='task_AAPL' AIRFLOW_CTX_EXECUTION_DATE='2026-01-16T00:00:00+00:00' AIRFLOW_CTX_TRY_NUMBER='1' AIRFLOW_CTX_DAG_RUN_ID='scheduled__2026-01-16T00:00:00+00:00'
[2026-02-19T12:59:31.064+0000] {taskinstance.py:430} INFO - ::endgroup::
[2026-02-19T12:59:31.079+0000] {logging_mixin.py:188} WARNING - /opt/***/dags/stocks/scripts/api.py:10 FutureWarning: YF.download() has changed argument auto_adjust default to True
[2026-02-19T12:59:31.088+0000] {logging_mixin.py:188} WARNING - /home/***/.local/lib/python3.12/site-packages/yfinance/scrapers/history.py:204 Pandas4Warning: Timestamp.utcnow is deprecated and will be removed in a future version. Use Timestamp.now('UTC') instead.
[2026-02-19T12:59:31.904+0000] {logging_mixin.py:188} WARNING - [*********************100%***********************]  1 of 1 completed
[2026-02-19T12:59:31.919+0000] {api.py:11} INFO - Выгрузилось
    __________________________
    Price            Close        High         Low        Open    Volume
Ticker            AAPL        AAPL        AAPL        AAPL      AAPL
Date                                                                
2026-01-15  257.968597  260.795969  256.809678  260.406319  39388600
2026-01-16  255.291122  258.657967  254.691677  257.658902  72142800
    __________________________
    
[2026-02-19T12:59:31.920+0000] {api.py:17} INFO - start=2026-01-15, end=2026-01-19
[2026-02-19T12:59:31.925+0000] {api.py:18} INFO - После удаления
    __________________________
    Price            Close        High         Low        Open    Volume
Ticker            AAPL        AAPL        AAPL        AAPL      AAPL
Date                                                                
2026-01-16  255.291122  258.657967  254.691677  257.658902  72142800
    __________________________
    
[2026-02-19T12:59:31.934+0000] {base.py:84} INFO - Using connection ID 'pg_1' for task execution.
[2026-02-19T12:59:31.935+0000] {sql.py:254} WARNING - This setter is for backward compatibility and should not be used.
Since the introduction of connection property, the providers listed below breaks due to assigning value to self.connection in their __init__ method.
* apache-***-providers-mysql<5.7.1
* apache-***-providers-elasticsearch<5.5.1
* apache-***-providers-postgres<5.13.0
[2026-02-19T12:59:31.939+0000] {sql.py:896} INFO - Loaded 1 rows into stocks so far
[2026-02-19T12:59:31.940+0000] {sql.py:908} INFO - Done loading. Loaded a total of 1 rows into stocks
[2026-02-19T12:59:31.944+0000] {python.py:237} INFO - Done. Returned value was: None
[2026-02-19T12:59:31.944+0000] {taskinstance.py:441} INFO - ::group::Post task execution logs
[2026-02-19T12:59:31.950+0000] {taskinstance.py:1206} INFO - Marking task as SUCCESS. dag_id=dag_moex, task_id=task_AAPL, run_id=scheduled__2026-01-16T00:00:00+00:00, execution_date=20260116T000000, start_date=20260219T125930, end_date=20260219T125931
[2026-02-19T12:59:31.980+0000] {local_task_job_runner.py:243} INFO - Task exited with return code 0
[2026-02-19T12:59:32.000+0000] {taskinstance.py:3503} INFO - 0 downstream tasks scheduled from follow-on schedule check
[2026-02-19T12:59:32.002+0000] {local_task_job_runner.py:222} INFO - ::endgroup::
[2026-02-19T14:50:28.131+0000] {local_task_job_runner.py:120} INFO - ::group::Pre task execution logs
[2026-02-19T14:50:28.188+0000] {taskinstance.py:2076} INFO - Dependencies all met for dep_context=non-requeueable deps ti=<TaskInstance: dag_moex.task_AAPL scheduled__2026-01-16T00:00:00+00:00 [queued]>
[2026-02-19T14:50:28.203+0000] {taskinstance.py:2076} INFO - Dependencies all met for dep_context=requeueable deps ti=<TaskInstance: dag_moex.task_AAPL scheduled__2026-01-16T00:00:00+00:00 [queued]>
[2026-02-19T14:50:28.207+0000] {taskinstance.py:2306} INFO - Starting attempt 1 of 1
[2026-02-19T14:50:28.226+0000] {taskinstance.py:2330} INFO - Executing <Task(PythonOperator): task_AAPL> on 2026-01-16 00:00:00+00:00
[2026-02-19T14:50:28.241+0000] {logging_mixin.py:188} WARNING - /home/***/.local/lib/python3.12/site-packages/***/task/task_runner/standard_task_runner.py:62 DeprecationWarning: This process (pid=32533) is multi-threaded, use of fork() may lead to deadlocks in the child.
[2026-02-19T14:50:28.242+0000] {standard_task_runner.py:90} INFO - Running: ['***', 'tasks', 'run', 'dag_moex', 'task_AAPL', 'scheduled__2026-01-16T00:00:00+00:00', '--job-id', '1384', '--raw', '--subdir', 'DAGS_FOLDER/stocks/dag1.py', '--cfg-path', '/tmp/tmpmkz0ae3u']
[2026-02-19T14:50:28.249+0000] {standard_task_runner.py:64} INFO - Started process 32563 to run task
[2026-02-19T14:50:28.250+0000] {standard_task_runner.py:91} INFO - Job 1384: Subtask task_AAPL
[2026-02-19T14:50:28.315+0000] {task_command.py:426} INFO - Running <TaskInstance: dag_moex.task_AAPL scheduled__2026-01-16T00:00:00+00:00 [running]> on host cc036e7caf02
[2026-02-19T14:50:28.418+0000] {taskinstance.py:2648} INFO - Exporting env vars: AIRFLOW_CTX_DAG_OWNER='***' AIRFLOW_CTX_DAG_ID='dag_moex' AIRFLOW_CTX_TASK_ID='task_AAPL' AIRFLOW_CTX_EXECUTION_DATE='2026-01-16T00:00:00+00:00' AIRFLOW_CTX_TRY_NUMBER='1' AIRFLOW_CTX_DAG_RUN_ID='scheduled__2026-01-16T00:00:00+00:00'
[2026-02-19T14:50:28.419+0000] {taskinstance.py:430} INFO - ::endgroup::
[2026-02-19T14:50:28.435+0000] {logging_mixin.py:188} WARNING - /opt/***/dags/stocks/scripts/api.py:9 FutureWarning: YF.download() has changed argument auto_adjust default to True
[2026-02-19T14:50:28.446+0000] {logging_mixin.py:188} WARNING - /home/***/.local/lib/python3.12/site-packages/yfinance/scrapers/history.py:204 Pandas4Warning: Timestamp.utcnow is deprecated and will be removed in a future version. Use Timestamp.now('UTC') instead.
[2026-02-19T14:50:29.161+0000] {logging_mixin.py:188} WARNING - [*********************100%***********************]  1 of 1 completed
[2026-02-19T14:50:29.182+0000] {base.py:84} INFO - Using connection ID 'pg_1' for task execution.
[2026-02-19T14:50:29.183+0000] {sql.py:254} WARNING - This setter is for backward compatibility and should not be used.
Since the introduction of connection property, the providers listed below breaks due to assigning value to self.connection in their __init__ method.
* apache-***-providers-mysql<5.7.1
* apache-***-providers-elasticsearch<5.5.1
* apache-***-providers-postgres<5.13.0
[2026-02-19T14:50:29.189+0000] {sql.py:896} INFO - Loaded 2 rows into stocks so far
[2026-02-19T14:50:29.189+0000] {sql.py:908} INFO - Done loading. Loaded a total of 2 rows into stocks
[2026-02-19T14:50:29.196+0000] {python.py:237} INFO - Done. Returned value was: None
[2026-02-19T14:50:29.197+0000] {taskinstance.py:441} INFO - ::group::Post task execution logs
[2026-02-19T14:50:29.204+0000] {taskinstance.py:1206} INFO - Marking task as SUCCESS. dag_id=dag_moex, task_id=task_AAPL, run_id=scheduled__2026-01-16T00:00:00+00:00, execution_date=20260116T000000, start_date=20260219T145028, end_date=20260219T145029
[2026-02-19T14:50:29.232+0000] {local_task_job_runner.py:243} INFO - Task exited with return code 0
[2026-02-19T14:50:29.248+0000] {taskinstance.py:3503} INFO - 0 downstream tasks scheduled from follow-on schedule check
[2026-02-19T14:50:29.251+0000] {local_task_job_runner.py:222} INFO - ::endgroup::
