[2026-02-18T07:13:04.637+0000] {local_task_job_runner.py:120} INFO - ::group::Pre task execution logs
[2026-02-18T07:13:04.714+0000] {taskinstance.py:2076} INFO - Dependencies all met for dep_context=non-requeueable deps ti=<TaskInstance: dag_moex.task_TSLA scheduled__2026-01-22T00:00:00+00:00 [queued]>
[2026-02-18T07:13:04.735+0000] {taskinstance.py:2076} INFO - Dependencies all met for dep_context=requeueable deps ti=<TaskInstance: dag_moex.task_TSLA scheduled__2026-01-22T00:00:00+00:00 [queued]>
[2026-02-18T07:13:04.741+0000] {taskinstance.py:2306} INFO - Starting attempt 1 of 1
[2026-02-18T07:13:04.791+0000] {taskinstance.py:2330} INFO - Executing <Task(PythonOperator): task_TSLA> on 2026-01-22 00:00:00+00:00
[2026-02-18T07:13:04.808+0000] {logging_mixin.py:188} WARNING - /home/***/.local/lib/python3.12/site-packages/***/task/task_runner/standard_task_runner.py:62 DeprecationWarning: This process (pid=1530) is multi-threaded, use of fork() may lead to deadlocks in the child.
[2026-02-18T07:13:04.815+0000] {standard_task_runner.py:64} INFO - Started process 1564 to run task
[2026-02-18T07:13:04.816+0000] {standard_task_runner.py:90} INFO - Running: ['***', 'tasks', 'run', 'dag_moex', 'task_TSLA', 'scheduled__2026-01-22T00:00:00+00:00', '--job-id', '442', '--raw', '--subdir', 'DAGS_FOLDER/stocks/dag1.py', '--cfg-path', '/tmp/tmp95ln_2ql']
[2026-02-18T07:13:04.834+0000] {standard_task_runner.py:91} INFO - Job 442: Subtask task_TSLA
[2026-02-18T07:13:04.950+0000] {task_command.py:426} INFO - Running <TaskInstance: dag_moex.task_TSLA scheduled__2026-01-22T00:00:00+00:00 [running]> on host cc036e7caf02
[2026-02-18T07:13:05.120+0000] {taskinstance.py:2648} INFO - Exporting env vars: AIRFLOW_CTX_DAG_OWNER='***' AIRFLOW_CTX_DAG_ID='dag_moex' AIRFLOW_CTX_TASK_ID='task_TSLA' AIRFLOW_CTX_EXECUTION_DATE='2026-01-22T00:00:00+00:00' AIRFLOW_CTX_TRY_NUMBER='1' AIRFLOW_CTX_DAG_RUN_ID='scheduled__2026-01-22T00:00:00+00:00'
[2026-02-18T07:13:05.125+0000] {taskinstance.py:430} INFO - ::endgroup::
[2026-02-18T07:13:05.151+0000] {manager.py:8} INFO - log
[2026-02-18T07:13:05.157+0000] {logging_mixin.py:188} WARNING - /opt/***/dags/stocks/scripts/api.py:9 FutureWarning: YF.download() has changed argument auto_adjust default to True
[2026-02-18T07:13:05.171+0000] {logging_mixin.py:188} WARNING - /home/***/.local/lib/python3.12/site-packages/yfinance/scrapers/history.py:204 Pandas4Warning: Timestamp.utcnow is deprecated and will be removed in a future version. Use Timestamp.now('UTC') instead.
[2026-02-18T07:13:06.252+0000] {logging_mixin.py:188} WARNING - [*********************100%***********************]  1 of 1 completed
[2026-02-18T07:13:06.261+0000] {manager.py:10} INFO - Price            Close   High         Low        Open    Volume
Ticker            TSLA   TSLA        TSLA        TSLA      TSLA
Date                                                           
2026-01-22  449.359985  449.5  432.630005  435.160004  71546700
[2026-02-18T07:13:06.276+0000] {python.py:237} INFO - Done. Returned value was: None
[2026-02-18T07:13:06.278+0000] {taskinstance.py:441} INFO - ::group::Post task execution logs
[2026-02-18T07:13:06.286+0000] {taskinstance.py:1206} INFO - Marking task as SUCCESS. dag_id=dag_moex, task_id=task_TSLA, run_id=scheduled__2026-01-22T00:00:00+00:00, execution_date=20260122T000000, start_date=20260218T071304, end_date=20260218T071306
[2026-02-18T07:13:06.334+0000] {local_task_job_runner.py:243} INFO - Task exited with return code 0
[2026-02-18T07:13:06.376+0000] {taskinstance.py:3503} INFO - 0 downstream tasks scheduled from follow-on schedule check
[2026-02-18T07:13:06.383+0000] {local_task_job_runner.py:222} INFO - ::endgroup::
[2026-02-19T12:59:33.651+0000] {local_task_job_runner.py:120} INFO - ::group::Pre task execution logs
[2026-02-19T12:59:33.675+0000] {taskinstance.py:2076} INFO - Dependencies all met for dep_context=non-requeueable deps ti=<TaskInstance: dag_moex.task_TSLA scheduled__2026-01-22T00:00:00+00:00 [queued]>
[2026-02-19T12:59:33.681+0000] {taskinstance.py:2076} INFO - Dependencies all met for dep_context=requeueable deps ti=<TaskInstance: dag_moex.task_TSLA scheduled__2026-01-22T00:00:00+00:00 [queued]>
[2026-02-19T12:59:33.681+0000] {taskinstance.py:2306} INFO - Starting attempt 1 of 1
[2026-02-19T12:59:33.691+0000] {taskinstance.py:2330} INFO - Executing <Task(PythonOperator): task_TSLA> on 2026-01-22 00:00:00+00:00
[2026-02-19T12:59:33.699+0000] {logging_mixin.py:188} WARNING - /home/***/.local/lib/python3.12/site-packages/***/task/task_runner/standard_task_runner.py:62 DeprecationWarning: This process (pid=27952) is multi-threaded, use of fork() may lead to deadlocks in the child.
[2026-02-19T12:59:33.700+0000] {standard_task_runner.py:64} INFO - Started process 27960 to run task
[2026-02-19T12:59:33.699+0000] {standard_task_runner.py:90} INFO - Running: ['***', 'tasks', 'run', 'dag_moex', 'task_TSLA', 'scheduled__2026-01-22T00:00:00+00:00', '--job-id', '882', '--raw', '--subdir', 'DAGS_FOLDER/stocks/dag1.py', '--cfg-path', '/tmp/tmp_eddecfl']
[2026-02-19T12:59:33.701+0000] {standard_task_runner.py:91} INFO - Job 882: Subtask task_TSLA
[2026-02-19T12:59:33.737+0000] {task_command.py:426} INFO - Running <TaskInstance: dag_moex.task_TSLA scheduled__2026-01-22T00:00:00+00:00 [running]> on host cc036e7caf02
[2026-02-19T12:59:33.803+0000] {taskinstance.py:2648} INFO - Exporting env vars: AIRFLOW_CTX_DAG_OWNER='***' AIRFLOW_CTX_DAG_ID='dag_moex' AIRFLOW_CTX_TASK_ID='task_TSLA' AIRFLOW_CTX_EXECUTION_DATE='2026-01-22T00:00:00+00:00' AIRFLOW_CTX_TRY_NUMBER='1' AIRFLOW_CTX_DAG_RUN_ID='scheduled__2026-01-22T00:00:00+00:00'
[2026-02-19T12:59:33.805+0000] {taskinstance.py:430} INFO - ::endgroup::
[2026-02-19T12:59:33.815+0000] {logging_mixin.py:188} WARNING - /opt/***/dags/stocks/scripts/api.py:10 FutureWarning: YF.download() has changed argument auto_adjust default to True
[2026-02-19T12:59:33.821+0000] {logging_mixin.py:188} WARNING - /home/***/.local/lib/python3.12/site-packages/yfinance/scrapers/history.py:204 Pandas4Warning: Timestamp.utcnow is deprecated and will be removed in a future version. Use Timestamp.now('UTC') instead.
[2026-02-19T12:59:34.565+0000] {logging_mixin.py:188} WARNING - [*********************100%***********************]  1 of 1 completed
[2026-02-19T12:59:34.583+0000] {api.py:11} INFO - Выгрузилось
    __________________________
    Price            Close        High         Low        Open    Volume
Ticker            TSLA        TSLA        TSLA        TSLA      TSLA
Date                                                                
2026-01-21  431.440002  438.200012  419.619995  421.660004  68124000
2026-01-22  449.359985  449.500000  432.630005  435.160004  71546700
    __________________________
    
[2026-02-19T12:59:34.584+0000] {api.py:17} INFO - start=2026-01-21, end=2026-01-23
[2026-02-19T12:59:34.589+0000] {api.py:18} INFO - После удаления
    __________________________
    Price            Close   High         Low        Open    Volume
Ticker            TSLA   TSLA        TSLA        TSLA      TSLA
Date                                                           
2026-01-22  449.359985  449.5  432.630005  435.160004  71546700
    __________________________
    
[2026-02-19T12:59:34.601+0000] {base.py:84} INFO - Using connection ID 'pg_1' for task execution.
[2026-02-19T12:59:34.601+0000] {sql.py:254} WARNING - This setter is for backward compatibility and should not be used.
Since the introduction of connection property, the providers listed below breaks due to assigning value to self.connection in their __init__ method.
* apache-***-providers-mysql<5.7.1
* apache-***-providers-elasticsearch<5.5.1
* apache-***-providers-postgres<5.13.0
[2026-02-19T12:59:34.606+0000] {sql.py:896} INFO - Loaded 1 rows into stocks so far
[2026-02-19T12:59:34.607+0000] {sql.py:908} INFO - Done loading. Loaded a total of 1 rows into stocks
[2026-02-19T12:59:34.611+0000] {python.py:237} INFO - Done. Returned value was: None
[2026-02-19T12:59:34.612+0000] {taskinstance.py:441} INFO - ::group::Post task execution logs
[2026-02-19T12:59:34.619+0000] {taskinstance.py:1206} INFO - Marking task as SUCCESS. dag_id=dag_moex, task_id=task_TSLA, run_id=scheduled__2026-01-22T00:00:00+00:00, execution_date=20260122T000000, start_date=20260219T125933, end_date=20260219T125934
[2026-02-19T12:59:34.635+0000] {local_task_job_runner.py:243} INFO - Task exited with return code 0
[2026-02-19T12:59:34.651+0000] {taskinstance.py:3503} INFO - 0 downstream tasks scheduled from follow-on schedule check
[2026-02-19T12:59:34.653+0000] {local_task_job_runner.py:222} INFO - ::endgroup::
[2026-02-19T14:50:39.227+0000] {local_task_job_runner.py:120} INFO - ::group::Pre task execution logs
[2026-02-19T14:50:39.296+0000] {taskinstance.py:2076} INFO - Dependencies all met for dep_context=non-requeueable deps ti=<TaskInstance: dag_moex.task_TSLA scheduled__2026-01-22T00:00:00+00:00 [queued]>
[2026-02-19T14:50:39.315+0000] {taskinstance.py:2076} INFO - Dependencies all met for dep_context=requeueable deps ti=<TaskInstance: dag_moex.task_TSLA scheduled__2026-01-22T00:00:00+00:00 [queued]>
[2026-02-19T14:50:39.317+0000] {taskinstance.py:2306} INFO - Starting attempt 1 of 1
[2026-02-19T14:50:39.359+0000] {taskinstance.py:2330} INFO - Executing <Task(PythonOperator): task_TSLA> on 2026-01-22 00:00:00+00:00
[2026-02-19T14:50:39.372+0000] {logging_mixin.py:188} WARNING - /home/***/.local/lib/python3.12/site-packages/***/task/task_runner/standard_task_runner.py:62 DeprecationWarning: This process (pid=32633) is multi-threaded, use of fork() may lead to deadlocks in the child.
[2026-02-19T14:50:39.374+0000] {standard_task_runner.py:64} INFO - Started process 32667 to run task
[2026-02-19T14:50:39.378+0000] {standard_task_runner.py:90} INFO - Running: ['***', 'tasks', 'run', 'dag_moex', 'task_TSLA', 'scheduled__2026-01-22T00:00:00+00:00', '--job-id', '1405', '--raw', '--subdir', 'DAGS_FOLDER/stocks/dag1.py', '--cfg-path', '/tmp/tmpbnpz3j1t']
[2026-02-19T14:50:39.395+0000] {standard_task_runner.py:91} INFO - Job 1405: Subtask task_TSLA
[2026-02-19T14:50:39.509+0000] {task_command.py:426} INFO - Running <TaskInstance: dag_moex.task_TSLA scheduled__2026-01-22T00:00:00+00:00 [running]> on host cc036e7caf02
[2026-02-19T14:50:39.655+0000] {taskinstance.py:2648} INFO - Exporting env vars: AIRFLOW_CTX_DAG_OWNER='***' AIRFLOW_CTX_DAG_ID='dag_moex' AIRFLOW_CTX_TASK_ID='task_TSLA' AIRFLOW_CTX_EXECUTION_DATE='2026-01-22T00:00:00+00:00' AIRFLOW_CTX_TRY_NUMBER='1' AIRFLOW_CTX_DAG_RUN_ID='scheduled__2026-01-22T00:00:00+00:00'
[2026-02-19T14:50:39.659+0000] {taskinstance.py:430} INFO - ::endgroup::
[2026-02-19T14:50:39.674+0000] {logging_mixin.py:188} WARNING - /opt/***/dags/stocks/scripts/api.py:9 FutureWarning: YF.download() has changed argument auto_adjust default to True
[2026-02-19T14:50:39.690+0000] {logging_mixin.py:188} WARNING - /home/***/.local/lib/python3.12/site-packages/yfinance/scrapers/history.py:204 Pandas4Warning: Timestamp.utcnow is deprecated and will be removed in a future version. Use Timestamp.now('UTC') instead.
[2026-02-19T14:50:40.309+0000] {logging_mixin.py:188} WARNING - [*********************100%***********************]  1 of 1 completed
[2026-02-19T14:50:40.327+0000] {base.py:84} INFO - Using connection ID 'pg_1' for task execution.
[2026-02-19T14:50:40.327+0000] {sql.py:254} WARNING - This setter is for backward compatibility and should not be used.
Since the introduction of connection property, the providers listed below breaks due to assigning value to self.connection in their __init__ method.
* apache-***-providers-mysql<5.7.1
* apache-***-providers-elasticsearch<5.5.1
* apache-***-providers-postgres<5.13.0
[2026-02-19T14:50:40.333+0000] {sql.py:896} INFO - Loaded 2 rows into stocks so far
[2026-02-19T14:50:40.334+0000] {sql.py:908} INFO - Done loading. Loaded a total of 2 rows into stocks
[2026-02-19T14:50:40.340+0000] {python.py:237} INFO - Done. Returned value was: None
[2026-02-19T14:50:40.341+0000] {taskinstance.py:441} INFO - ::group::Post task execution logs
[2026-02-19T14:50:40.350+0000] {taskinstance.py:1206} INFO - Marking task as SUCCESS. dag_id=dag_moex, task_id=task_TSLA, run_id=scheduled__2026-01-22T00:00:00+00:00, execution_date=20260122T000000, start_date=20260219T145039, end_date=20260219T145040
[2026-02-19T14:50:40.394+0000] {local_task_job_runner.py:243} INFO - Task exited with return code 0
[2026-02-19T14:50:40.414+0000] {taskinstance.py:3503} INFO - 0 downstream tasks scheduled from follow-on schedule check
[2026-02-19T14:50:40.416+0000] {local_task_job_runner.py:222} INFO - ::endgroup::
[2026-02-19T14:53:16.311+0000] {local_task_job_runner.py:120} INFO - ::group::Pre task execution logs
[2026-02-19T14:53:16.347+0000] {taskinstance.py:2076} INFO - Dependencies all met for dep_context=non-requeueable deps ti=<TaskInstance: dag_moex.task_TSLA scheduled__2026-01-22T00:00:00+00:00 [queued]>
[2026-02-19T14:53:16.356+0000] {taskinstance.py:2076} INFO - Dependencies all met for dep_context=requeueable deps ti=<TaskInstance: dag_moex.task_TSLA scheduled__2026-01-22T00:00:00+00:00 [queued]>
[2026-02-19T14:53:16.356+0000] {taskinstance.py:2306} INFO - Starting attempt 1 of 1
[2026-02-19T14:53:16.490+0000] {taskinstance.py:2330} INFO - Executing <Task(PythonOperator): task_TSLA> on 2026-01-22 00:00:00+00:00
[2026-02-19T14:53:16.502+0000] {logging_mixin.py:188} WARNING - /home/***/.local/lib/python3.12/site-packages/***/task/task_runner/standard_task_runner.py:62 DeprecationWarning: This process (pid=33187) is multi-threaded, use of fork() may lead to deadlocks in the child.
[2026-02-19T14:53:16.504+0000] {standard_task_runner.py:64} INFO - Started process 33212 to run task
[2026-02-19T14:53:16.508+0000] {standard_task_runner.py:90} INFO - Running: ['***', 'tasks', 'run', 'dag_moex', 'task_TSLA', 'scheduled__2026-01-22T00:00:00+00:00', '--job-id', '1518', '--raw', '--subdir', 'DAGS_FOLDER/stocks/dag1.py', '--cfg-path', '/tmp/tmp7j92ap6c']
[2026-02-19T14:53:16.511+0000] {standard_task_runner.py:91} INFO - Job 1518: Subtask task_TSLA
[2026-02-19T14:53:16.578+0000] {task_command.py:426} INFO - Running <TaskInstance: dag_moex.task_TSLA scheduled__2026-01-22T00:00:00+00:00 [running]> on host cc036e7caf02
[2026-02-19T14:53:16.687+0000] {taskinstance.py:2648} INFO - Exporting env vars: AIRFLOW_CTX_DAG_OWNER='***' AIRFLOW_CTX_DAG_ID='dag_moex' AIRFLOW_CTX_TASK_ID='task_TSLA' AIRFLOW_CTX_EXECUTION_DATE='2026-01-22T00:00:00+00:00' AIRFLOW_CTX_TRY_NUMBER='1' AIRFLOW_CTX_DAG_RUN_ID='scheduled__2026-01-22T00:00:00+00:00'
[2026-02-19T14:53:16.689+0000] {taskinstance.py:430} INFO - ::endgroup::
[2026-02-19T14:53:16.707+0000] {logging_mixin.py:188} WARNING - /opt/***/dags/stocks/scripts/api.py:9 FutureWarning: YF.download() has changed argument auto_adjust default to True
[2026-02-19T14:53:16.717+0000] {logging_mixin.py:188} WARNING - /home/***/.local/lib/python3.12/site-packages/yfinance/scrapers/history.py:204 Pandas4Warning: Timestamp.utcnow is deprecated and will be removed in a future version. Use Timestamp.now('UTC') instead.
[2026-02-19T14:53:17.353+0000] {logging_mixin.py:188} WARNING - [*********************100%***********************]  1 of 1 completed
[2026-02-19T14:53:17.372+0000] {base.py:84} INFO - Using connection ID 'pg_1' for task execution.
[2026-02-19T14:53:17.373+0000] {sql.py:254} WARNING - This setter is for backward compatibility and should not be used.
Since the introduction of connection property, the providers listed below breaks due to assigning value to self.connection in their __init__ method.
* apache-***-providers-mysql<5.7.1
* apache-***-providers-elasticsearch<5.5.1
* apache-***-providers-postgres<5.13.0
[2026-02-19T14:53:17.379+0000] {taskinstance.py:441} INFO - ::group::Post task execution logs
[2026-02-19T14:53:17.380+0000] {taskinstance.py:2905} ERROR - Task failed with exception
Traceback (most recent call last):
  File "/home/airflow/.local/lib/python3.12/site-packages/airflow/models/taskinstance.py", line 465, in _execute_task
    result = _execute_callable(context=context, **execute_callable_kwargs)
             ^^^^^^^^^^^^^^^^^^^^^^^^^^^^^^^^^^^^^^^^^^^^^^^^^^^^^^^^^^^^^
  File "/home/airflow/.local/lib/python3.12/site-packages/airflow/models/taskinstance.py", line 432, in _execute_callable
    return execute_callable(context=context, **execute_callable_kwargs)
           ^^^^^^^^^^^^^^^^^^^^^^^^^^^^^^^^^^^^^^^^^^^^^^^^^^^^^^^^^^^^
  File "/home/airflow/.local/lib/python3.12/site-packages/airflow/models/baseoperator.py", line 401, in wrapper
    return func(self, *args, **kwargs)
           ^^^^^^^^^^^^^^^^^^^^^^^^^^^
  File "/home/airflow/.local/lib/python3.12/site-packages/airflow/operators/python.py", line 235, in execute
    return_value = self.execute_callable()
                   ^^^^^^^^^^^^^^^^^^^^^^^
  File "/home/airflow/.local/lib/python3.12/site-packages/airflow/operators/python.py", line 252, in execute_callable
    return self.python_callable(*self.op_args, **self.op_kwargs)
           ^^^^^^^^^^^^^^^^^^^^^^^^^^^^^^^^^^^^^^^^^^^^^^^^^^^^^
  File "/opt/airflow/dags/stocks/scripts/manager.py", line 24, in fetch_data
    postgresHook.insert_rows(table="stocks", rows=rows,
  File "/home/airflow/.local/lib/python3.12/site-packages/airflow/providers/common/sql/hooks/sql.py", line 893, in insert_rows
    cur.executemany(sql, values)
psycopg2.errors.UniqueViolation: duplicate key value violates unique constraint "stocks_pkey"
DETAIL:  Key (ticker, date)=(TSLA, 2026-01-22) already exists.

[2026-02-19T14:53:17.391+0000] {taskinstance.py:1206} INFO - Marking task as FAILED. dag_id=dag_moex, task_id=task_TSLA, run_id=scheduled__2026-01-22T00:00:00+00:00, execution_date=20260122T000000, start_date=20260219T145316, end_date=20260219T145317
[2026-02-19T14:53:17.404+0000] {standard_task_runner.py:110} ERROR - Failed to execute job 1518 for task task_TSLA (duplicate key value violates unique constraint "stocks_pkey"
DETAIL:  Key (ticker, date)=(TSLA, 2026-01-22) already exists.
; 33212)
[2026-02-19T14:53:17.441+0000] {local_task_job_runner.py:243} INFO - Task exited with return code 1
[2026-02-19T14:53:17.463+0000] {taskinstance.py:3503} INFO - 0 downstream tasks scheduled from follow-on schedule check
[2026-02-19T14:53:17.469+0000] {local_task_job_runner.py:222} INFO - ::endgroup::
[2026-02-19T14:56:00.765+0000] {local_task_job_runner.py:120} INFO - ::group::Pre task execution logs
[2026-02-19T14:56:00.793+0000] {taskinstance.py:2076} INFO - Dependencies all met for dep_context=non-requeueable deps ti=<TaskInstance: dag_moex.task_TSLA scheduled__2026-01-22T00:00:00+00:00 [queued]>
[2026-02-19T14:56:00.802+0000] {taskinstance.py:2076} INFO - Dependencies all met for dep_context=requeueable deps ti=<TaskInstance: dag_moex.task_TSLA scheduled__2026-01-22T00:00:00+00:00 [queued]>
[2026-02-19T14:56:00.802+0000] {taskinstance.py:2306} INFO - Starting attempt 1 of 1
[2026-02-19T14:56:00.814+0000] {taskinstance.py:2330} INFO - Executing <Task(PythonOperator): task_TSLA> on 2026-01-22 00:00:00+00:00
[2026-02-19T14:56:00.825+0000] {logging_mixin.py:188} WARNING - /home/***/.local/lib/python3.12/site-packages/***/task/task_runner/standard_task_runner.py:62 DeprecationWarning: This process (pid=33437) is multi-threaded, use of fork() may lead to deadlocks in the child.
[2026-02-19T14:56:00.827+0000] {standard_task_runner.py:64} INFO - Started process 33450 to run task
[2026-02-19T14:56:00.825+0000] {standard_task_runner.py:90} INFO - Running: ['***', 'tasks', 'run', 'dag_moex', 'task_TSLA', 'scheduled__2026-01-22T00:00:00+00:00', '--job-id', '1561', '--raw', '--subdir', 'DAGS_FOLDER/stocks/dag1.py', '--cfg-path', '/tmp/tmpgd1o54ny']
[2026-02-19T14:56:00.828+0000] {standard_task_runner.py:91} INFO - Job 1561: Subtask task_TSLA
[2026-02-19T14:56:00.877+0000] {task_command.py:426} INFO - Running <TaskInstance: dag_moex.task_TSLA scheduled__2026-01-22T00:00:00+00:00 [running]> on host cc036e7caf02
[2026-02-19T14:56:00.962+0000] {taskinstance.py:2648} INFO - Exporting env vars: AIRFLOW_CTX_DAG_OWNER='***' AIRFLOW_CTX_DAG_ID='dag_moex' AIRFLOW_CTX_TASK_ID='task_TSLA' AIRFLOW_CTX_EXECUTION_DATE='2026-01-22T00:00:00+00:00' AIRFLOW_CTX_TRY_NUMBER='1' AIRFLOW_CTX_DAG_RUN_ID='scheduled__2026-01-22T00:00:00+00:00'
[2026-02-19T14:56:00.963+0000] {taskinstance.py:430} INFO - ::endgroup::
[2026-02-19T14:56:00.977+0000] {logging_mixin.py:188} WARNING - /opt/***/dags/stocks/scripts/api.py:9 FutureWarning: YF.download() has changed argument auto_adjust default to True
[2026-02-19T14:56:00.986+0000] {logging_mixin.py:188} WARNING - /home/***/.local/lib/python3.12/site-packages/yfinance/scrapers/history.py:204 Pandas4Warning: Timestamp.utcnow is deprecated and will be removed in a future version. Use Timestamp.now('UTC') instead.
[2026-02-19T14:56:01.743+0000] {logging_mixin.py:188} WARNING - [*********************100%***********************]  1 of 1 completed
[2026-02-19T14:56:01.760+0000] {base.py:84} INFO - Using connection ID 'pg_1' for task execution.
[2026-02-19T14:56:01.761+0000] {sql.py:254} WARNING - This setter is for backward compatibility and should not be used.
Since the introduction of connection property, the providers listed below breaks due to assigning value to self.connection in their __init__ method.
* apache-***-providers-mysql<5.7.1
* apache-***-providers-elasticsearch<5.5.1
* apache-***-providers-postgres<5.13.0
[2026-02-19T14:56:01.765+0000] {taskinstance.py:441} INFO - ::group::Post task execution logs
[2026-02-19T14:56:01.766+0000] {taskinstance.py:2905} ERROR - Task failed with exception
Traceback (most recent call last):
  File "/home/airflow/.local/lib/python3.12/site-packages/airflow/models/taskinstance.py", line 465, in _execute_task
    result = _execute_callable(context=context, **execute_callable_kwargs)
             ^^^^^^^^^^^^^^^^^^^^^^^^^^^^^^^^^^^^^^^^^^^^^^^^^^^^^^^^^^^^^
  File "/home/airflow/.local/lib/python3.12/site-packages/airflow/models/taskinstance.py", line 432, in _execute_callable
    return execute_callable(context=context, **execute_callable_kwargs)
           ^^^^^^^^^^^^^^^^^^^^^^^^^^^^^^^^^^^^^^^^^^^^^^^^^^^^^^^^^^^^
  File "/home/airflow/.local/lib/python3.12/site-packages/airflow/models/baseoperator.py", line 401, in wrapper
    return func(self, *args, **kwargs)
           ^^^^^^^^^^^^^^^^^^^^^^^^^^^
  File "/home/airflow/.local/lib/python3.12/site-packages/airflow/operators/python.py", line 235, in execute
    return_value = self.execute_callable()
                   ^^^^^^^^^^^^^^^^^^^^^^^
  File "/home/airflow/.local/lib/python3.12/site-packages/airflow/operators/python.py", line 252, in execute_callable
    return self.python_callable(*self.op_args, **self.op_kwargs)
           ^^^^^^^^^^^^^^^^^^^^^^^^^^^^^^^^^^^^^^^^^^^^^^^^^^^^^
  File "/opt/airflow/dags/stocks/scripts/manager.py", line 24, in fetch_data
    postgresHook.insert_rows(table="stocks", rows=rows,
  File "/home/airflow/.local/lib/python3.12/site-packages/airflow/providers/common/sql/hooks/sql.py", line 893, in insert_rows
    cur.executemany(sql, values)
psycopg2.errors.UniqueViolation: duplicate key value violates unique constraint "stocks_pkey"
DETAIL:  Key (ticker, date)=(TSLA, 2026-01-22) already exists.

[2026-02-19T14:56:01.775+0000] {taskinstance.py:1206} INFO - Marking task as FAILED. dag_id=dag_moex, task_id=task_TSLA, run_id=scheduled__2026-01-22T00:00:00+00:00, execution_date=20260122T000000, start_date=20260219T145600, end_date=20260219T145601
[2026-02-19T14:56:01.796+0000] {standard_task_runner.py:110} ERROR - Failed to execute job 1561 for task task_TSLA (duplicate key value violates unique constraint "stocks_pkey"
DETAIL:  Key (ticker, date)=(TSLA, 2026-01-22) already exists.
; 33450)
[2026-02-19T14:56:01.843+0000] {local_task_job_runner.py:243} INFO - Task exited with return code 1
[2026-02-19T14:56:01.859+0000] {taskinstance.py:3503} INFO - 0 downstream tasks scheduled from follow-on schedule check
[2026-02-19T14:56:01.862+0000] {local_task_job_runner.py:222} INFO - ::endgroup::
[2026-02-19T14:57:32.371+0000] {local_task_job_runner.py:120} INFO - ::group::Pre task execution logs
[2026-02-19T14:57:32.394+0000] {taskinstance.py:2076} INFO - Dependencies all met for dep_context=non-requeueable deps ti=<TaskInstance: dag_moex.task_TSLA scheduled__2026-01-22T00:00:00+00:00 [queued]>
[2026-02-19T14:57:32.401+0000] {taskinstance.py:2076} INFO - Dependencies all met for dep_context=requeueable deps ti=<TaskInstance: dag_moex.task_TSLA scheduled__2026-01-22T00:00:00+00:00 [queued]>
[2026-02-19T14:57:32.402+0000] {taskinstance.py:2306} INFO - Starting attempt 1 of 1
[2026-02-19T14:57:32.411+0000] {taskinstance.py:2330} INFO - Executing <Task(PythonOperator): task_TSLA> on 2026-01-22 00:00:00+00:00
[2026-02-19T14:57:32.420+0000] {logging_mixin.py:188} WARNING - /home/***/.local/lib/python3.12/site-packages/***/task/task_runner/standard_task_runner.py:62 DeprecationWarning: This process (pid=33613) is multi-threaded, use of fork() may lead to deadlocks in the child.
[2026-02-19T14:57:32.421+0000] {standard_task_runner.py:64} INFO - Started process 33626 to run task
[2026-02-19T14:57:32.420+0000] {standard_task_runner.py:90} INFO - Running: ['***', 'tasks', 'run', 'dag_moex', 'task_TSLA', 'scheduled__2026-01-22T00:00:00+00:00', '--job-id', '1596', '--raw', '--subdir', 'DAGS_FOLDER/stocks/dag1.py', '--cfg-path', '/tmp/tmpp0rw_fna']
[2026-02-19T14:57:32.422+0000] {standard_task_runner.py:91} INFO - Job 1596: Subtask task_TSLA
[2026-02-19T14:57:32.458+0000] {task_command.py:426} INFO - Running <TaskInstance: dag_moex.task_TSLA scheduled__2026-01-22T00:00:00+00:00 [running]> on host cc036e7caf02
[2026-02-19T14:57:32.539+0000] {taskinstance.py:2648} INFO - Exporting env vars: AIRFLOW_CTX_DAG_OWNER='***' AIRFLOW_CTX_DAG_ID='dag_moex' AIRFLOW_CTX_TASK_ID='task_TSLA' AIRFLOW_CTX_EXECUTION_DATE='2026-01-22T00:00:00+00:00' AIRFLOW_CTX_TRY_NUMBER='1' AIRFLOW_CTX_DAG_RUN_ID='scheduled__2026-01-22T00:00:00+00:00'
[2026-02-19T14:57:32.542+0000] {taskinstance.py:430} INFO - ::endgroup::
[2026-02-19T14:57:32.558+0000] {logging_mixin.py:188} WARNING - /opt/***/dags/stocks/scripts/api.py:9 FutureWarning: YF.download() has changed argument auto_adjust default to True
[2026-02-19T14:57:32.568+0000] {logging_mixin.py:188} WARNING - /home/***/.local/lib/python3.12/site-packages/yfinance/scrapers/history.py:204 Pandas4Warning: Timestamp.utcnow is deprecated and will be removed in a future version. Use Timestamp.now('UTC') instead.
[2026-02-19T14:57:33.347+0000] {logging_mixin.py:188} WARNING - [*********************100%***********************]  1 of 1 completed
[2026-02-19T14:57:33.361+0000] {base.py:84} INFO - Using connection ID 'pg_1' for task execution.
[2026-02-19T14:57:33.361+0000] {sql.py:254} WARNING - This setter is for backward compatibility and should not be used.
Since the introduction of connection property, the providers listed below breaks due to assigning value to self.connection in their __init__ method.
* apache-***-providers-mysql<5.7.1
* apache-***-providers-elasticsearch<5.5.1
* apache-***-providers-postgres<5.13.0
[2026-02-19T14:57:33.397+0000] {sql.py:896} INFO - Loaded 2 rows into stocks so far
[2026-02-19T14:57:33.397+0000] {sql.py:908} INFO - Done loading. Loaded a total of 2 rows into stocks
[2026-02-19T14:57:33.401+0000] {python.py:237} INFO - Done. Returned value was: None
[2026-02-19T14:57:33.402+0000] {taskinstance.py:441} INFO - ::group::Post task execution logs
[2026-02-19T14:57:33.409+0000] {taskinstance.py:1206} INFO - Marking task as SUCCESS. dag_id=dag_moex, task_id=task_TSLA, run_id=scheduled__2026-01-22T00:00:00+00:00, execution_date=20260122T000000, start_date=20260219T145732, end_date=20260219T145733
[2026-02-19T14:57:33.436+0000] {local_task_job_runner.py:243} INFO - Task exited with return code 0
[2026-02-19T14:57:33.447+0000] {taskinstance.py:3503} INFO - 0 downstream tasks scheduled from follow-on schedule check
[2026-02-19T14:57:33.449+0000] {local_task_job_runner.py:222} INFO - ::endgroup::
[2026-02-19T15:52:50.655+0000] {local_task_job_runner.py:120} INFO - ::group::Pre task execution logs
[2026-02-19T15:52:50.678+0000] {taskinstance.py:2076} INFO - Dependencies all met for dep_context=non-requeueable deps ti=<TaskInstance: dag_moex.task_TSLA scheduled__2026-01-22T00:00:00+00:00 [queued]>
[2026-02-19T15:52:50.684+0000] {taskinstance.py:2076} INFO - Dependencies all met for dep_context=requeueable deps ti=<TaskInstance: dag_moex.task_TSLA scheduled__2026-01-22T00:00:00+00:00 [queued]>
[2026-02-19T15:52:50.684+0000] {taskinstance.py:2306} INFO - Starting attempt 1 of 1
[2026-02-19T15:52:50.694+0000] {taskinstance.py:2330} INFO - Executing <Task(PythonOperator): task_TSLA> on 2026-01-22 00:00:00+00:00
[2026-02-19T15:52:50.703+0000] {logging_mixin.py:188} WARNING - /home/***/.local/lib/python3.12/site-packages/***/task/task_runner/standard_task_runner.py:62 DeprecationWarning: This process (pid=34041) is multi-threaded, use of fork() may lead to deadlocks in the child.
[2026-02-19T15:52:50.705+0000] {standard_task_runner.py:64} INFO - Started process 34053 to run task
[2026-02-19T15:52:50.703+0000] {standard_task_runner.py:90} INFO - Running: ['***', 'tasks', 'run', 'dag_moex', 'task_TSLA', 'scheduled__2026-01-22T00:00:00+00:00', '--job-id', '1631', '--raw', '--subdir', 'DAGS_FOLDER/stocks/dag1.py', '--cfg-path', '/tmp/tmp176qjd5z']
[2026-02-19T15:52:50.705+0000] {standard_task_runner.py:91} INFO - Job 1631: Subtask task_TSLA
[2026-02-19T15:52:50.745+0000] {task_command.py:426} INFO - Running <TaskInstance: dag_moex.task_TSLA scheduled__2026-01-22T00:00:00+00:00 [running]> on host cc036e7caf02
[2026-02-19T15:52:50.818+0000] {taskinstance.py:2648} INFO - Exporting env vars: AIRFLOW_CTX_DAG_OWNER='***' AIRFLOW_CTX_DAG_ID='dag_moex' AIRFLOW_CTX_TASK_ID='task_TSLA' AIRFLOW_CTX_EXECUTION_DATE='2026-01-22T00:00:00+00:00' AIRFLOW_CTX_TRY_NUMBER='1' AIRFLOW_CTX_DAG_RUN_ID='scheduled__2026-01-22T00:00:00+00:00'
[2026-02-19T15:52:50.820+0000] {taskinstance.py:430} INFO - ::endgroup::
[2026-02-19T15:52:50.832+0000] {logging_mixin.py:188} WARNING - /opt/***/dags/stocks/scripts/api.py:9 FutureWarning: YF.download() has changed argument auto_adjust default to True
[2026-02-19T15:52:50.839+0000] {logging_mixin.py:188} WARNING - /home/***/.local/lib/python3.12/site-packages/yfinance/scrapers/history.py:204 Pandas4Warning: Timestamp.utcnow is deprecated and will be removed in a future version. Use Timestamp.now('UTC') instead.
[2026-02-19T15:52:51.523+0000] {logging_mixin.py:188} WARNING - [*********************100%***********************]  1 of 1 completed
[2026-02-19T15:52:51.530+0000] {taskinstance.py:441} INFO - ::group::Post task execution logs
[2026-02-19T15:52:51.531+0000] {taskinstance.py:2905} ERROR - Task failed with exception
Traceback (most recent call last):
  File "/home/airflow/.local/lib/python3.12/site-packages/airflow/models/taskinstance.py", line 465, in _execute_task
    result = _execute_callable(context=context, **execute_callable_kwargs)
             ^^^^^^^^^^^^^^^^^^^^^^^^^^^^^^^^^^^^^^^^^^^^^^^^^^^^^^^^^^^^^
  File "/home/airflow/.local/lib/python3.12/site-packages/airflow/models/taskinstance.py", line 432, in _execute_callable
    return execute_callable(context=context, **execute_callable_kwargs)
           ^^^^^^^^^^^^^^^^^^^^^^^^^^^^^^^^^^^^^^^^^^^^^^^^^^^^^^^^^^^^
  File "/home/airflow/.local/lib/python3.12/site-packages/airflow/models/baseoperator.py", line 401, in wrapper
    return func(self, *args, **kwargs)
           ^^^^^^^^^^^^^^^^^^^^^^^^^^^
  File "/home/airflow/.local/lib/python3.12/site-packages/airflow/operators/python.py", line 235, in execute
    return_value = self.execute_callable()
                   ^^^^^^^^^^^^^^^^^^^^^^^
  File "/home/airflow/.local/lib/python3.12/site-packages/airflow/operators/python.py", line 252, in execute_callable
    return self.python_callable(*self.op_args, **self.op_kwargs)
           ^^^^^^^^^^^^^^^^^^^^^^^^^^^^^^^^^^^^^^^^^^^^^^^^^^^^^
  File "/opt/airflow/dags/stocks/scripts/manager.py", line 12, in fetch_data
    data = data.loc[data_interval_start:data_interval_start]
           ~~~~~~~~^^^^^^^^^^^^^^^^^^^^^^^^^^^^^^^^^^^^^^^^^
  File "/home/airflow/.local/lib/python3.12/site-packages/pandas/core/indexing.py", line 1207, in __getitem__
    return self._getitem_axis(maybe_callable, axis=axis)
           ^^^^^^^^^^^^^^^^^^^^^^^^^^^^^^^^^^^^^^^^^^^^^
  File "/home/airflow/.local/lib/python3.12/site-packages/pandas/core/indexing.py", line 1429, in _getitem_axis
    return self._get_slice_axis(key, axis=axis)
           ^^^^^^^^^^^^^^^^^^^^^^^^^^^^^^^^^^^^
  File "/home/airflow/.local/lib/python3.12/site-packages/pandas/core/indexing.py", line 1461, in _get_slice_axis
    indexer = labels.slice_indexer(slice_obj.start, slice_obj.stop, slice_obj.step)
              ^^^^^^^^^^^^^^^^^^^^^^^^^^^^^^^^^^^^^^^^^^^^^^^^^^^^^^^^^^^^^^^^^^^^^
  File "/home/airflow/.local/lib/python3.12/site-packages/pandas/core/indexes/datetimes.py", line 1072, in slice_indexer
    return Index.slice_indexer(self, start, end, step)
           ^^^^^^^^^^^^^^^^^^^^^^^^^^^^^^^^^^^^^^^^^^^
  File "/home/airflow/.local/lib/python3.12/site-packages/pandas/core/indexes/base.py", line 6804, in slice_indexer
    start_slice, end_slice = self.slice_locs(start, end, step=step)
                             ^^^^^^^^^^^^^^^^^^^^^^^^^^^^^^^^^^^^^^
  File "/home/airflow/.local/lib/python3.12/site-packages/pandas/core/indexes/base.py", line 7062, in slice_locs
    start_slice = self.get_slice_bound(start, "left")
                  ^^^^^^^^^^^^^^^^^^^^^^^^^^^^^^^^^^^
  File "/home/airflow/.local/lib/python3.12/site-packages/pandas/core/indexes/base.py", line 6964, in get_slice_bound
    label = self._maybe_cast_slice_bound(label, side)
            ^^^^^^^^^^^^^^^^^^^^^^^^^^^^^^^^^^^^^^^^^
  File "/home/airflow/.local/lib/python3.12/site-packages/pandas/core/indexes/datetimes.py", line 1033, in _maybe_cast_slice_bound
    self._data._assert_tzawareness_compat(label)
  File "/home/airflow/.local/lib/python3.12/site-packages/pandas/core/arrays/datetimes.py", line 796, in _assert_tzawareness_compat
    raise TypeError(
TypeError: Cannot compare tz-naive and tz-aware datetime-like objects.
[2026-02-19T15:52:51.544+0000] {taskinstance.py:1206} INFO - Marking task as FAILED. dag_id=dag_moex, task_id=task_TSLA, run_id=scheduled__2026-01-22T00:00:00+00:00, execution_date=20260122T000000, start_date=20260219T155250, end_date=20260219T155251
[2026-02-19T15:52:51.553+0000] {standard_task_runner.py:110} ERROR - Failed to execute job 1631 for task task_TSLA (Cannot compare tz-naive and tz-aware datetime-like objects.; 34053)
[2026-02-19T15:52:51.600+0000] {local_task_job_runner.py:243} INFO - Task exited with return code 1
[2026-02-19T15:52:51.617+0000] {taskinstance.py:3503} INFO - 0 downstream tasks scheduled from follow-on schedule check
[2026-02-19T15:52:51.621+0000] {local_task_job_runner.py:222} INFO - ::endgroup::
[2026-02-19T15:55:50.535+0000] {local_task_job_runner.py:120} INFO - ::group::Pre task execution logs
[2026-02-19T15:55:50.568+0000] {taskinstance.py:2076} INFO - Dependencies all met for dep_context=non-requeueable deps ti=<TaskInstance: dag_moex.task_TSLA scheduled__2026-01-22T00:00:00+00:00 [queued]>
[2026-02-19T15:55:50.576+0000] {taskinstance.py:2076} INFO - Dependencies all met for dep_context=requeueable deps ti=<TaskInstance: dag_moex.task_TSLA scheduled__2026-01-22T00:00:00+00:00 [queued]>
[2026-02-19T15:55:50.576+0000] {taskinstance.py:2306} INFO - Starting attempt 1 of 1
[2026-02-19T15:55:50.590+0000] {taskinstance.py:2330} INFO - Executing <Task(PythonOperator): task_TSLA> on 2026-01-22 00:00:00+00:00
[2026-02-19T15:55:50.600+0000] {logging_mixin.py:188} WARNING - /home/***/.local/lib/python3.12/site-packages/***/task/task_runner/standard_task_runner.py:62 DeprecationWarning: This process (pid=34253) is multi-threaded, use of fork() may lead to deadlocks in the child.
[2026-02-19T15:55:50.601+0000] {standard_task_runner.py:64} INFO - Started process 34266 to run task
[2026-02-19T15:55:50.600+0000] {standard_task_runner.py:90} INFO - Running: ['***', 'tasks', 'run', 'dag_moex', 'task_TSLA', 'scheduled__2026-01-22T00:00:00+00:00', '--job-id', '1666', '--raw', '--subdir', 'DAGS_FOLDER/stocks/dag1.py', '--cfg-path', '/tmp/tmpx6eb4w8p']
[2026-02-19T15:55:50.602+0000] {standard_task_runner.py:91} INFO - Job 1666: Subtask task_TSLA
[2026-02-19T15:55:50.645+0000] {task_command.py:426} INFO - Running <TaskInstance: dag_moex.task_TSLA scheduled__2026-01-22T00:00:00+00:00 [running]> on host cc036e7caf02
[2026-02-19T15:55:50.720+0000] {taskinstance.py:2648} INFO - Exporting env vars: AIRFLOW_CTX_DAG_OWNER='***' AIRFLOW_CTX_DAG_ID='dag_moex' AIRFLOW_CTX_TASK_ID='task_TSLA' AIRFLOW_CTX_EXECUTION_DATE='2026-01-22T00:00:00+00:00' AIRFLOW_CTX_TRY_NUMBER='1' AIRFLOW_CTX_DAG_RUN_ID='scheduled__2026-01-22T00:00:00+00:00'
[2026-02-19T15:55:50.722+0000] {taskinstance.py:430} INFO - ::endgroup::
[2026-02-19T15:55:50.736+0000] {logging_mixin.py:188} WARNING - /opt/***/dags/stocks/scripts/api.py:9 FutureWarning: YF.download() has changed argument auto_adjust default to True
[2026-02-19T15:55:50.744+0000] {logging_mixin.py:188} WARNING - /home/***/.local/lib/python3.12/site-packages/yfinance/scrapers/history.py:204 Pandas4Warning: Timestamp.utcnow is deprecated and will be removed in a future version. Use Timestamp.now('UTC') instead.
[2026-02-19T15:55:51.404+0000] {logging_mixin.py:188} WARNING - [*********************100%***********************]  1 of 1 completed
[2026-02-19T15:55:51.420+0000] {base.py:84} INFO - Using connection ID 'pg_1' for task execution.
[2026-02-19T15:55:51.420+0000] {sql.py:254} WARNING - This setter is for backward compatibility and should not be used.
Since the introduction of connection property, the providers listed below breaks due to assigning value to self.connection in their __init__ method.
* apache-***-providers-mysql<5.7.1
* apache-***-providers-elasticsearch<5.5.1
* apache-***-providers-postgres<5.13.0
[2026-02-19T15:55:51.426+0000] {sql.py:896} INFO - Loaded 1 rows into stocks so far
[2026-02-19T15:55:51.426+0000] {sql.py:908} INFO - Done loading. Loaded a total of 1 rows into stocks
[2026-02-19T15:55:51.430+0000] {python.py:237} INFO - Done. Returned value was: None
[2026-02-19T15:55:51.431+0000] {taskinstance.py:441} INFO - ::group::Post task execution logs
[2026-02-19T15:55:51.438+0000] {taskinstance.py:1206} INFO - Marking task as SUCCESS. dag_id=dag_moex, task_id=task_TSLA, run_id=scheduled__2026-01-22T00:00:00+00:00, execution_date=20260122T000000, start_date=20260219T155550, end_date=20260219T155551
[2026-02-19T15:55:51.455+0000] {local_task_job_runner.py:243} INFO - Task exited with return code 0
[2026-02-19T15:55:51.467+0000] {taskinstance.py:3503} INFO - 0 downstream tasks scheduled from follow-on schedule check
[2026-02-19T15:55:51.468+0000] {local_task_job_runner.py:222} INFO - ::endgroup::
[2026-02-19T16:05:54.827+0000] {local_task_job_runner.py:120} INFO - ::group::Pre task execution logs
[2026-02-19T16:05:54.859+0000] {taskinstance.py:2076} INFO - Dependencies all met for dep_context=non-requeueable deps ti=<TaskInstance: dag_moex.task_TSLA scheduled__2026-01-22T00:00:00+00:00 [queued]>
[2026-02-19T16:05:54.867+0000] {taskinstance.py:2076} INFO - Dependencies all met for dep_context=requeueable deps ti=<TaskInstance: dag_moex.task_TSLA scheduled__2026-01-22T00:00:00+00:00 [queued]>
[2026-02-19T16:05:54.868+0000] {taskinstance.py:2306} INFO - Starting attempt 1 of 1
[2026-02-19T16:05:54.878+0000] {taskinstance.py:2330} INFO - Executing <Task(PythonOperator): task_TSLA> on 2026-01-22 00:00:00+00:00
[2026-02-19T16:05:54.887+0000] {logging_mixin.py:188} WARNING - /home/***/.local/lib/python3.12/site-packages/***/task/task_runner/standard_task_runner.py:62 DeprecationWarning: This process (pid=34628) is multi-threaded, use of fork() may lead to deadlocks in the child.
[2026-02-19T16:05:54.888+0000] {standard_task_runner.py:64} INFO - Started process 34643 to run task
[2026-02-19T16:05:54.886+0000] {standard_task_runner.py:90} INFO - Running: ['***', 'tasks', 'run', 'dag_moex', 'task_TSLA', 'scheduled__2026-01-22T00:00:00+00:00', '--job-id', '1701', '--raw', '--subdir', 'DAGS_FOLDER/stocks/dag1.py', '--cfg-path', '/tmp/tmpo1vimb_c']
[2026-02-19T16:05:54.888+0000] {standard_task_runner.py:91} INFO - Job 1701: Subtask task_TSLA
[2026-02-19T16:05:54.937+0000] {task_command.py:426} INFO - Running <TaskInstance: dag_moex.task_TSLA scheduled__2026-01-22T00:00:00+00:00 [running]> on host cc036e7caf02
[2026-02-19T16:05:55.030+0000] {taskinstance.py:2648} INFO - Exporting env vars: AIRFLOW_CTX_DAG_OWNER='***' AIRFLOW_CTX_DAG_ID='dag_moex' AIRFLOW_CTX_TASK_ID='task_TSLA' AIRFLOW_CTX_EXECUTION_DATE='2026-01-22T00:00:00+00:00' AIRFLOW_CTX_TRY_NUMBER='1' AIRFLOW_CTX_DAG_RUN_ID='scheduled__2026-01-22T00:00:00+00:00'
[2026-02-19T16:05:55.031+0000] {taskinstance.py:430} INFO - ::endgroup::
[2026-02-19T16:05:55.043+0000] {logging_mixin.py:188} WARNING - /opt/***/dags/stocks/scripts/api.py:9 FutureWarning: YF.download() has changed argument auto_adjust default to True
[2026-02-19T16:05:55.050+0000] {logging_mixin.py:188} WARNING - /home/***/.local/lib/python3.12/site-packages/yfinance/scrapers/history.py:204 Pandas4Warning: Timestamp.utcnow is deprecated and will be removed in a future version. Use Timestamp.now('UTC') instead.
[2026-02-19T16:05:55.701+0000] {logging_mixin.py:188} WARNING - [*********************100%***********************]  1 of 1 completed
[2026-02-19T16:05:55.716+0000] {base.py:84} INFO - Using connection ID 'pg_1' for task execution.
[2026-02-19T16:05:55.717+0000] {sql.py:254} WARNING - This setter is for backward compatibility and should not be used.
Since the introduction of connection property, the providers listed below breaks due to assigning value to self.connection in their __init__ method.
* apache-***-providers-mysql<5.7.1
* apache-***-providers-elasticsearch<5.5.1
* apache-***-providers-postgres<5.13.0
[2026-02-19T16:05:55.721+0000] {taskinstance.py:441} INFO - ::group::Post task execution logs
[2026-02-19T16:05:55.722+0000] {taskinstance.py:2905} ERROR - Task failed with exception
Traceback (most recent call last):
  File "/home/airflow/.local/lib/python3.12/site-packages/airflow/models/taskinstance.py", line 465, in _execute_task
    result = _execute_callable(context=context, **execute_callable_kwargs)
             ^^^^^^^^^^^^^^^^^^^^^^^^^^^^^^^^^^^^^^^^^^^^^^^^^^^^^^^^^^^^^
  File "/home/airflow/.local/lib/python3.12/site-packages/airflow/models/taskinstance.py", line 432, in _execute_callable
    return execute_callable(context=context, **execute_callable_kwargs)
           ^^^^^^^^^^^^^^^^^^^^^^^^^^^^^^^^^^^^^^^^^^^^^^^^^^^^^^^^^^^^
  File "/home/airflow/.local/lib/python3.12/site-packages/airflow/models/baseoperator.py", line 401, in wrapper
    return func(self, *args, **kwargs)
           ^^^^^^^^^^^^^^^^^^^^^^^^^^^
  File "/home/airflow/.local/lib/python3.12/site-packages/airflow/operators/python.py", line 235, in execute
    return_value = self.execute_callable()
                   ^^^^^^^^^^^^^^^^^^^^^^^
  File "/home/airflow/.local/lib/python3.12/site-packages/airflow/operators/python.py", line 252, in execute_callable
    return self.python_callable(*self.op_args, **self.op_kwargs)
           ^^^^^^^^^^^^^^^^^^^^^^^^^^^^^^^^^^^^^^^^^^^^^^^^^^^^^
  File "/opt/airflow/dags/stocks/scripts/manager.py", line 23, in fetch_data
    postgresHook.insert_rows(table="stocks", rows=rows,
  File "/home/airflow/.local/lib/python3.12/site-packages/airflow/providers/common/sql/hooks/sql.py", line 893, in insert_rows
    cur.executemany(sql, values)
psycopg2.errors.UniqueViolation: duplicate key value violates unique constraint "stocks_pkey"
DETAIL:  Key (ticker, date)=(TSLA, 2026-01-21) already exists.

[2026-02-19T16:05:55.732+0000] {taskinstance.py:1206} INFO - Marking task as FAILED. dag_id=dag_moex, task_id=task_TSLA, run_id=scheduled__2026-01-22T00:00:00+00:00, execution_date=20260122T000000, start_date=20260219T160554, end_date=20260219T160555
[2026-02-19T16:05:55.744+0000] {standard_task_runner.py:110} ERROR - Failed to execute job 1701 for task task_TSLA (duplicate key value violates unique constraint "stocks_pkey"
DETAIL:  Key (ticker, date)=(TSLA, 2026-01-21) already exists.
; 34643)
[2026-02-19T16:05:55.783+0000] {local_task_job_runner.py:243} INFO - Task exited with return code 1
[2026-02-19T16:05:55.800+0000] {taskinstance.py:3503} INFO - 0 downstream tasks scheduled from follow-on schedule check
[2026-02-19T16:05:55.803+0000] {local_task_job_runner.py:222} INFO - ::endgroup::
[2026-02-19T16:07:08.775+0000] {local_task_job_runner.py:120} INFO - ::group::Pre task execution logs
[2026-02-19T16:07:08.806+0000] {taskinstance.py:2076} INFO - Dependencies all met for dep_context=non-requeueable deps ti=<TaskInstance: dag_moex.task_TSLA scheduled__2026-01-22T00:00:00+00:00 [queued]>
[2026-02-19T16:07:08.821+0000] {taskinstance.py:2076} INFO - Dependencies all met for dep_context=requeueable deps ti=<TaskInstance: dag_moex.task_TSLA scheduled__2026-01-22T00:00:00+00:00 [queued]>
[2026-02-19T16:07:08.822+0000] {taskinstance.py:2306} INFO - Starting attempt 1 of 1
[2026-02-19T16:07:08.836+0000] {taskinstance.py:2330} INFO - Executing <Task(PythonOperator): task_TSLA> on 2026-01-22 00:00:00+00:00
[2026-02-19T16:07:08.844+0000] {logging_mixin.py:188} WARNING - /home/***/.local/lib/python3.12/site-packages/***/task/task_runner/standard_task_runner.py:62 DeprecationWarning: This process (pid=34807) is multi-threaded, use of fork() may lead to deadlocks in the child.
[2026-02-19T16:07:08.845+0000] {standard_task_runner.py:64} INFO - Started process 34819 to run task
[2026-02-19T16:07:08.844+0000] {standard_task_runner.py:90} INFO - Running: ['***', 'tasks', 'run', 'dag_moex', 'task_TSLA', 'scheduled__2026-01-22T00:00:00+00:00', '--job-id', '1736', '--raw', '--subdir', 'DAGS_FOLDER/stocks/dag1.py', '--cfg-path', '/tmp/tmphh3o2jdm']
[2026-02-19T16:07:08.846+0000] {standard_task_runner.py:91} INFO - Job 1736: Subtask task_TSLA
[2026-02-19T16:07:08.883+0000] {task_command.py:426} INFO - Running <TaskInstance: dag_moex.task_TSLA scheduled__2026-01-22T00:00:00+00:00 [running]> on host cc036e7caf02
[2026-02-19T16:07:08.952+0000] {taskinstance.py:2648} INFO - Exporting env vars: AIRFLOW_CTX_DAG_OWNER='***' AIRFLOW_CTX_DAG_ID='dag_moex' AIRFLOW_CTX_TASK_ID='task_TSLA' AIRFLOW_CTX_EXECUTION_DATE='2026-01-22T00:00:00+00:00' AIRFLOW_CTX_TRY_NUMBER='1' AIRFLOW_CTX_DAG_RUN_ID='scheduled__2026-01-22T00:00:00+00:00'
[2026-02-19T16:07:08.953+0000] {taskinstance.py:430} INFO - ::endgroup::
[2026-02-19T16:07:08.965+0000] {logging_mixin.py:188} WARNING - /opt/***/dags/stocks/scripts/api.py:9 FutureWarning: YF.download() has changed argument auto_adjust default to True
[2026-02-19T16:07:08.974+0000] {logging_mixin.py:188} WARNING - /home/***/.local/lib/python3.12/site-packages/yfinance/scrapers/history.py:204 Pandas4Warning: Timestamp.utcnow is deprecated and will be removed in a future version. Use Timestamp.now('UTC') instead.
[2026-02-19T16:07:09.727+0000] {logging_mixin.py:188} WARNING - [*********************100%***********************]  1 of 1 completed
[2026-02-19T16:07:09.747+0000] {base.py:84} INFO - Using connection ID 'pg_1' for task execution.
[2026-02-19T16:07:09.748+0000] {sql.py:254} WARNING - This setter is for backward compatibility and should not be used.
Since the introduction of connection property, the providers listed below breaks due to assigning value to self.connection in their __init__ method.
* apache-***-providers-mysql<5.7.1
* apache-***-providers-elasticsearch<5.5.1
* apache-***-providers-postgres<5.13.0
[2026-02-19T16:07:09.755+0000] {sql.py:896} INFO - Loaded 2 rows into stocks so far
[2026-02-19T16:07:09.756+0000] {sql.py:908} INFO - Done loading. Loaded a total of 2 rows into stocks
[2026-02-19T16:07:09.765+0000] {python.py:237} INFO - Done. Returned value was: None
[2026-02-19T16:07:09.767+0000] {taskinstance.py:441} INFO - ::group::Post task execution logs
[2026-02-19T16:07:09.778+0000] {taskinstance.py:1206} INFO - Marking task as SUCCESS. dag_id=dag_moex, task_id=task_TSLA, run_id=scheduled__2026-01-22T00:00:00+00:00, execution_date=20260122T000000, start_date=20260219T160708, end_date=20260219T160709
[2026-02-19T16:07:09.821+0000] {local_task_job_runner.py:243} INFO - Task exited with return code 0
[2026-02-19T16:07:09.835+0000] {taskinstance.py:3503} INFO - 0 downstream tasks scheduled from follow-on schedule check
[2026-02-19T16:07:09.837+0000] {local_task_job_runner.py:222} INFO - ::endgroup::
[2026-02-19T16:14:26.678+0000] {local_task_job_runner.py:120} INFO - ::group::Pre task execution logs
[2026-02-19T16:14:26.725+0000] {taskinstance.py:2076} INFO - Dependencies all met for dep_context=non-requeueable deps ti=<TaskInstance: dag_moex.task_TSLA scheduled__2026-01-22T00:00:00+00:00 [queued]>
[2026-02-19T16:14:26.738+0000] {taskinstance.py:2076} INFO - Dependencies all met for dep_context=requeueable deps ti=<TaskInstance: dag_moex.task_TSLA scheduled__2026-01-22T00:00:00+00:00 [queued]>
[2026-02-19T16:14:26.739+0000] {taskinstance.py:2306} INFO - Starting attempt 1 of 1
[2026-02-19T16:14:26.756+0000] {taskinstance.py:2330} INFO - Executing <Task(PythonOperator): task_TSLA> on 2026-01-22 00:00:00+00:00
[2026-02-19T16:14:26.771+0000] {logging_mixin.py:188} WARNING - /home/***/.local/lib/python3.12/site-packages/***/task/task_runner/standard_task_runner.py:62 DeprecationWarning: This process (pid=35120) is multi-threaded, use of fork() may lead to deadlocks in the child.
[2026-02-19T16:14:26.772+0000] {standard_task_runner.py:64} INFO - Started process 35137 to run task
[2026-02-19T16:14:26.771+0000] {standard_task_runner.py:90} INFO - Running: ['***', 'tasks', 'run', 'dag_moex', 'task_TSLA', 'scheduled__2026-01-22T00:00:00+00:00', '--job-id', '1771', '--raw', '--subdir', 'DAGS_FOLDER/stocks/dag1.py', '--cfg-path', '/tmp/tmpnuuihw3d']
[2026-02-19T16:14:26.774+0000] {standard_task_runner.py:91} INFO - Job 1771: Subtask task_TSLA
[2026-02-19T16:14:26.840+0000] {task_command.py:426} INFO - Running <TaskInstance: dag_moex.task_TSLA scheduled__2026-01-22T00:00:00+00:00 [running]> on host cc036e7caf02
[2026-02-19T16:14:26.954+0000] {taskinstance.py:2648} INFO - Exporting env vars: AIRFLOW_CTX_DAG_OWNER='***' AIRFLOW_CTX_DAG_ID='dag_moex' AIRFLOW_CTX_TASK_ID='task_TSLA' AIRFLOW_CTX_EXECUTION_DATE='2026-01-22T00:00:00+00:00' AIRFLOW_CTX_TRY_NUMBER='1' AIRFLOW_CTX_DAG_RUN_ID='scheduled__2026-01-22T00:00:00+00:00'
[2026-02-19T16:14:26.955+0000] {taskinstance.py:430} INFO - ::endgroup::
[2026-02-19T16:14:26.968+0000] {logging_mixin.py:188} WARNING - /opt/***/dags/stocks/scripts/api.py:9 FutureWarning: YF.download() has changed argument auto_adjust default to True
[2026-02-19T16:14:26.976+0000] {logging_mixin.py:188} WARNING - /home/***/.local/lib/python3.12/site-packages/yfinance/scrapers/history.py:204 Pandas4Warning: Timestamp.utcnow is deprecated and will be removed in a future version. Use Timestamp.now('UTC') instead.
[2026-02-19T16:14:27.631+0000] {logging_mixin.py:188} WARNING - [*********************100%***********************]  1 of 1 completed
[2026-02-19T16:14:27.651+0000] {base.py:84} INFO - Using connection ID 'pg_1' for task execution.
[2026-02-19T16:14:27.651+0000] {sql.py:254} WARNING - This setter is for backward compatibility and should not be used.
Since the introduction of connection property, the providers listed below breaks due to assigning value to self.connection in their __init__ method.
* apache-***-providers-mysql<5.7.1
* apache-***-providers-elasticsearch<5.5.1
* apache-***-providers-postgres<5.13.0
[2026-02-19T16:14:27.658+0000] {sql.py:896} INFO - Loaded 2 rows into stocks so far
[2026-02-19T16:14:27.659+0000] {sql.py:908} INFO - Done loading. Loaded a total of 2 rows into stocks
[2026-02-19T16:14:27.666+0000] {python.py:237} INFO - Done. Returned value was: None
[2026-02-19T16:14:27.667+0000] {taskinstance.py:441} INFO - ::group::Post task execution logs
[2026-02-19T16:14:27.674+0000] {taskinstance.py:1206} INFO - Marking task as SUCCESS. dag_id=dag_moex, task_id=task_TSLA, run_id=scheduled__2026-01-22T00:00:00+00:00, execution_date=20260122T000000, start_date=20260219T161426, end_date=20260219T161427
[2026-02-19T16:14:27.709+0000] {local_task_job_runner.py:243} INFO - Task exited with return code 0
[2026-02-19T16:14:27.725+0000] {taskinstance.py:3503} INFO - 0 downstream tasks scheduled from follow-on schedule check
[2026-02-19T16:14:27.727+0000] {local_task_job_runner.py:222} INFO - ::endgroup::
[2026-02-19T16:18:53.930+0000] {local_task_job_runner.py:120} INFO - ::group::Pre task execution logs
[2026-02-19T16:18:53.963+0000] {taskinstance.py:2076} INFO - Dependencies all met for dep_context=non-requeueable deps ti=<TaskInstance: dag_moex.task_TSLA scheduled__2026-01-22T00:00:00+00:00 [queued]>
[2026-02-19T16:18:53.972+0000] {taskinstance.py:2076} INFO - Dependencies all met for dep_context=requeueable deps ti=<TaskInstance: dag_moex.task_TSLA scheduled__2026-01-22T00:00:00+00:00 [queued]>
[2026-02-19T16:18:53.973+0000] {taskinstance.py:2306} INFO - Starting attempt 1 of 1
[2026-02-19T16:18:53.997+0000] {taskinstance.py:2330} INFO - Executing <Task(PythonOperator): task_TSLA> on 2026-01-22 00:00:00+00:00
[2026-02-19T16:18:54.006+0000] {logging_mixin.py:188} WARNING - /home/***/.local/lib/python3.12/site-packages/***/task/task_runner/standard_task_runner.py:62 DeprecationWarning: This process (pid=35362) is multi-threaded, use of fork() may lead to deadlocks in the child.
[2026-02-19T16:18:54.008+0000] {standard_task_runner.py:64} INFO - Started process 35364 to run task
[2026-02-19T16:18:54.006+0000] {standard_task_runner.py:90} INFO - Running: ['***', 'tasks', 'run', 'dag_moex', 'task_TSLA', 'scheduled__2026-01-22T00:00:00+00:00', '--job-id', '1806', '--raw', '--subdir', 'DAGS_FOLDER/stocks/dag1.py', '--cfg-path', '/tmp/tmpqh_it1dz']
[2026-02-19T16:18:54.008+0000] {standard_task_runner.py:91} INFO - Job 1806: Subtask task_TSLA
[2026-02-19T16:18:54.041+0000] {task_command.py:426} INFO - Running <TaskInstance: dag_moex.task_TSLA scheduled__2026-01-22T00:00:00+00:00 [running]> on host cc036e7caf02
[2026-02-19T16:18:54.108+0000] {taskinstance.py:2648} INFO - Exporting env vars: AIRFLOW_CTX_DAG_OWNER='***' AIRFLOW_CTX_DAG_ID='dag_moex' AIRFLOW_CTX_TASK_ID='task_TSLA' AIRFLOW_CTX_EXECUTION_DATE='2026-01-22T00:00:00+00:00' AIRFLOW_CTX_TRY_NUMBER='1' AIRFLOW_CTX_DAG_RUN_ID='scheduled__2026-01-22T00:00:00+00:00'
[2026-02-19T16:18:54.109+0000] {taskinstance.py:430} INFO - ::endgroup::
[2026-02-19T16:18:54.119+0000] {logging_mixin.py:188} WARNING - /opt/***/dags/stocks/scripts/api.py:9 FutureWarning: YF.download() has changed argument auto_adjust default to True
[2026-02-19T16:18:54.125+0000] {logging_mixin.py:188} WARNING - /home/***/.local/lib/python3.12/site-packages/yfinance/scrapers/history.py:204 Pandas4Warning: Timestamp.utcnow is deprecated and will be removed in a future version. Use Timestamp.now('UTC') instead.
[2026-02-19T16:18:54.788+0000] {logging_mixin.py:188} WARNING - [*********************100%***********************]  1 of 1 completed
[2026-02-19T16:18:54.803+0000] {base.py:84} INFO - Using connection ID 'pg_1' for task execution.
[2026-02-19T16:18:54.804+0000] {sql.py:254} WARNING - This setter is for backward compatibility and should not be used.
Since the introduction of connection property, the providers listed below breaks due to assigning value to self.connection in their __init__ method.
* apache-***-providers-mysql<5.7.1
* apache-***-providers-elasticsearch<5.5.1
* apache-***-providers-postgres<5.13.0
[2026-02-19T16:18:54.808+0000] {manager.py:26} INFO - [['TSLA', Timestamp('2026-01-21 00:00:00'), 431.44000244140625, 438.20001220703125, 419.6199951171875, 421.6600036621094, 68124000], ['TSLA', Timestamp('2026-01-22 00:00:00'), 449.3599853515625, 449.5, 432.6300048828125, 435.1600036621094, 71546700]]
[2026-02-19T16:18:54.819+0000] {python.py:237} INFO - Done. Returned value was: None
[2026-02-19T16:18:54.820+0000] {taskinstance.py:441} INFO - ::group::Post task execution logs
[2026-02-19T16:18:54.828+0000] {taskinstance.py:1206} INFO - Marking task as SUCCESS. dag_id=dag_moex, task_id=task_TSLA, run_id=scheduled__2026-01-22T00:00:00+00:00, execution_date=20260122T000000, start_date=20260219T161853, end_date=20260219T161854
[2026-02-19T16:18:54.863+0000] {local_task_job_runner.py:243} INFO - Task exited with return code 0
[2026-02-19T16:18:54.877+0000] {taskinstance.py:3503} INFO - 0 downstream tasks scheduled from follow-on schedule check
[2026-02-19T16:18:54.878+0000] {local_task_job_runner.py:222} INFO - ::endgroup::
[2026-02-19T16:33:08.705+0000] {local_task_job_runner.py:120} INFO - ::group::Pre task execution logs
[2026-02-19T16:33:08.734+0000] {taskinstance.py:2076} INFO - Dependencies all met for dep_context=non-requeueable deps ti=<TaskInstance: dag_moex.task_TSLA scheduled__2026-01-22T00:00:00+00:00 [queued]>
[2026-02-19T16:33:08.742+0000] {taskinstance.py:2076} INFO - Dependencies all met for dep_context=requeueable deps ti=<TaskInstance: dag_moex.task_TSLA scheduled__2026-01-22T00:00:00+00:00 [queued]>
[2026-02-19T16:33:08.743+0000] {taskinstance.py:2306} INFO - Starting attempt 1 of 1
[2026-02-19T16:33:08.756+0000] {taskinstance.py:2330} INFO - Executing <Task(PythonOperator): task_TSLA> on 2026-01-22 00:00:00+00:00
[2026-02-19T16:33:08.770+0000] {logging_mixin.py:188} WARNING - /home/***/.local/lib/python3.12/site-packages/***/task/task_runner/standard_task_runner.py:62 DeprecationWarning: This process (pid=35870) is multi-threaded, use of fork() may lead to deadlocks in the child.
[2026-02-19T16:33:08.769+0000] {standard_task_runner.py:90} INFO - Running: ['***', 'tasks', 'run', 'dag_moex', 'task_TSLA', 'scheduled__2026-01-22T00:00:00+00:00', '--job-id', '1846', '--raw', '--subdir', 'DAGS_FOLDER/stocks/dag1.py', '--cfg-path', '/tmp/tmp1k99if5u']
[2026-02-19T16:33:08.772+0000] {standard_task_runner.py:64} INFO - Started process 35872 to run task
[2026-02-19T16:33:08.772+0000] {standard_task_runner.py:91} INFO - Job 1846: Subtask task_TSLA
[2026-02-19T16:33:08.808+0000] {task_command.py:426} INFO - Running <TaskInstance: dag_moex.task_TSLA scheduled__2026-01-22T00:00:00+00:00 [running]> on host cc036e7caf02
[2026-02-19T16:33:08.881+0000] {taskinstance.py:2648} INFO - Exporting env vars: AIRFLOW_CTX_DAG_OWNER='***' AIRFLOW_CTX_DAG_ID='dag_moex' AIRFLOW_CTX_TASK_ID='task_TSLA' AIRFLOW_CTX_EXECUTION_DATE='2026-01-22T00:00:00+00:00' AIRFLOW_CTX_TRY_NUMBER='1' AIRFLOW_CTX_DAG_RUN_ID='scheduled__2026-01-22T00:00:00+00:00'
[2026-02-19T16:33:08.883+0000] {taskinstance.py:430} INFO - ::endgroup::
[2026-02-19T16:33:08.893+0000] {logging_mixin.py:188} WARNING - /opt/***/dags/stocks/scripts/api.py:9 FutureWarning: YF.download() has changed argument auto_adjust default to True
[2026-02-19T16:33:08.900+0000] {logging_mixin.py:188} WARNING - /home/***/.local/lib/python3.12/site-packages/yfinance/scrapers/history.py:204 Pandas4Warning: Timestamp.utcnow is deprecated and will be removed in a future version. Use Timestamp.now('UTC') instead.
[2026-02-19T16:33:09.565+0000] {logging_mixin.py:188} WARNING - [*********************100%***********************]  1 of 1 completed
[2026-02-19T16:33:09.583+0000] {python.py:237} INFO - Done. Returned value was: None
[2026-02-19T16:33:09.584+0000] {taskinstance.py:441} INFO - ::group::Post task execution logs
[2026-02-19T16:33:09.595+0000] {taskinstance.py:1206} INFO - Marking task as SUCCESS. dag_id=dag_moex, task_id=task_TSLA, run_id=scheduled__2026-01-22T00:00:00+00:00, execution_date=20260122T000000, start_date=20260219T163308, end_date=20260219T163309
[2026-02-19T16:33:09.628+0000] {local_task_job_runner.py:243} INFO - Task exited with return code 0
[2026-02-19T16:33:09.643+0000] {taskinstance.py:3503} INFO - 0 downstream tasks scheduled from follow-on schedule check
[2026-02-19T16:33:09.645+0000] {local_task_job_runner.py:222} INFO - ::endgroup::
[2026-02-23T03:51:44.133+0000] {local_task_job_runner.py:120} INFO - ::group::Pre task execution logs
[2026-02-23T03:51:44.158+0000] {taskinstance.py:2076} INFO - Dependencies all met for dep_context=non-requeueable deps ti=<TaskInstance: dag_moex.task_TSLA scheduled__2026-01-22T00:00:00+00:00 [queued]>
[2026-02-23T03:51:44.165+0000] {taskinstance.py:2076} INFO - Dependencies all met for dep_context=requeueable deps ti=<TaskInstance: dag_moex.task_TSLA scheduled__2026-01-22T00:00:00+00:00 [queued]>
[2026-02-23T03:51:44.165+0000] {taskinstance.py:2306} INFO - Starting attempt 1 of 1
[2026-02-23T03:51:44.175+0000] {taskinstance.py:2330} INFO - Executing <Task(PythonOperator): task_TSLA> on 2026-01-22 00:00:00+00:00
[2026-02-23T03:51:44.183+0000] {logging_mixin.py:188} WARNING - /home/***/.local/lib/python3.12/site-packages/***/task/task_runner/standard_task_runner.py:62 DeprecationWarning: This process (pid=1360) is multi-threaded, use of fork() may lead to deadlocks in the child.
[2026-02-23T03:51:44.184+0000] {standard_task_runner.py:64} INFO - Started process 1373 to run task
[2026-02-23T03:51:44.183+0000] {standard_task_runner.py:90} INFO - Running: ['***', 'tasks', 'run', 'dag_moex', 'task_TSLA', 'scheduled__2026-01-22T00:00:00+00:00', '--job-id', '2000', '--raw', '--subdir', 'DAGS_FOLDER/stocks/dag1.py', '--cfg-path', '/tmp/tmpgt2btj65']
[2026-02-23T03:51:44.185+0000] {standard_task_runner.py:91} INFO - Job 2000: Subtask task_TSLA
[2026-02-23T03:51:44.215+0000] {task_command.py:426} INFO - Running <TaskInstance: dag_moex.task_TSLA scheduled__2026-01-22T00:00:00+00:00 [running]> on host c6ea4dedb566
[2026-02-23T03:51:44.284+0000] {taskinstance.py:2648} INFO - Exporting env vars: AIRFLOW_CTX_DAG_OWNER='***' AIRFLOW_CTX_DAG_ID='dag_moex' AIRFLOW_CTX_TASK_ID='task_TSLA' AIRFLOW_CTX_EXECUTION_DATE='2026-01-22T00:00:00+00:00' AIRFLOW_CTX_TRY_NUMBER='1' AIRFLOW_CTX_DAG_RUN_ID='scheduled__2026-01-22T00:00:00+00:00'
[2026-02-23T03:51:44.286+0000] {taskinstance.py:430} INFO - ::endgroup::
[2026-02-23T03:51:44.297+0000] {logging_mixin.py:188} WARNING - /opt/***/dags/stocks/scripts/api.py:9 FutureWarning: YF.download() has changed argument auto_adjust default to True
[2026-02-23T03:51:44.303+0000] {logging_mixin.py:188} WARNING - /home/***/.local/lib/python3.12/site-packages/yfinance/scrapers/history.py:204 Pandas4Warning: Timestamp.utcnow is deprecated and will be removed in a future version. Use Timestamp.now('UTC') instead.
[2026-02-23T03:51:44.947+0000] {logging_mixin.py:188} WARNING - [*********************100%***********************]  1 of 1 completed
[2026-02-23T03:51:44.966+0000] {base.py:84} INFO - Using connection ID 'pg_1' for task execution.
[2026-02-23T03:51:44.966+0000] {sql.py:254} WARNING - This setter is for backward compatibility and should not be used.
Since the introduction of connection property, the providers listed below breaks due to assigning value to self.connection in their __init__ method.
* apache-***-providers-mysql<5.7.1
* apache-***-providers-elasticsearch<5.5.1
* apache-***-providers-postgres<5.13.0
[2026-02-23T03:51:44.972+0000] {sql.py:896} INFO - Loaded 1 rows into stocks so far
[2026-02-23T03:51:44.973+0000] {sql.py:908} INFO - Done loading. Loaded a total of 1 rows into stocks
[2026-02-23T03:51:44.977+0000] {python.py:237} INFO - Done. Returned value was: None
[2026-02-23T03:51:44.978+0000] {taskinstance.py:441} INFO - ::group::Post task execution logs
[2026-02-23T03:51:44.985+0000] {taskinstance.py:1206} INFO - Marking task as SUCCESS. dag_id=dag_moex, task_id=task_TSLA, run_id=scheduled__2026-01-22T00:00:00+00:00, execution_date=20260122T000000, start_date=20260223T035144, end_date=20260223T035144
[2026-02-23T03:51:45.040+0000] {local_task_job_runner.py:243} INFO - Task exited with return code 0
[2026-02-23T03:51:45.052+0000] {taskinstance.py:3503} INFO - 0 downstream tasks scheduled from follow-on schedule check
[2026-02-23T03:51:45.053+0000] {local_task_job_runner.py:222} INFO - ::endgroup::
[2026-02-23T03:55:47.827+0000] {local_task_job_runner.py:120} INFO - ::group::Pre task execution logs
[2026-02-23T03:55:47.846+0000] {taskinstance.py:2076} INFO - Dependencies all met for dep_context=non-requeueable deps ti=<TaskInstance: dag_moex.task_TSLA scheduled__2026-01-22T00:00:00+00:00 [queued]>
[2026-02-23T03:55:47.852+0000] {taskinstance.py:2076} INFO - Dependencies all met for dep_context=requeueable deps ti=<TaskInstance: dag_moex.task_TSLA scheduled__2026-01-22T00:00:00+00:00 [queued]>
[2026-02-23T03:55:47.852+0000] {taskinstance.py:2306} INFO - Starting attempt 1 of 1
[2026-02-23T03:55:47.859+0000] {taskinstance.py:2330} INFO - Executing <Task(PythonOperator): task_TSLA> on 2026-01-22 00:00:00+00:00
[2026-02-23T03:55:47.865+0000] {logging_mixin.py:188} WARNING - /home/***/.local/lib/python3.12/site-packages/***/task/task_runner/standard_task_runner.py:62 DeprecationWarning: This process (pid=1697) is multi-threaded, use of fork() may lead to deadlocks in the child.
[2026-02-23T03:55:47.866+0000] {standard_task_runner.py:64} INFO - Started process 1699 to run task
[2026-02-23T03:55:47.865+0000] {standard_task_runner.py:90} INFO - Running: ['***', 'tasks', 'run', 'dag_moex', 'task_TSLA', 'scheduled__2026-01-22T00:00:00+00:00', '--job-id', '2055', '--raw', '--subdir', 'DAGS_FOLDER/stocks/dag1.py', '--cfg-path', '/tmp/tmpdz8z5k6y']
[2026-02-23T03:55:47.867+0000] {standard_task_runner.py:91} INFO - Job 2055: Subtask task_TSLA
[2026-02-23T03:55:47.897+0000] {task_command.py:426} INFO - Running <TaskInstance: dag_moex.task_TSLA scheduled__2026-01-22T00:00:00+00:00 [running]> on host c6ea4dedb566
[2026-02-23T03:55:47.964+0000] {taskinstance.py:2648} INFO - Exporting env vars: AIRFLOW_CTX_DAG_OWNER='***' AIRFLOW_CTX_DAG_ID='dag_moex' AIRFLOW_CTX_TASK_ID='task_TSLA' AIRFLOW_CTX_EXECUTION_DATE='2026-01-22T00:00:00+00:00' AIRFLOW_CTX_TRY_NUMBER='1' AIRFLOW_CTX_DAG_RUN_ID='scheduled__2026-01-22T00:00:00+00:00'
[2026-02-23T03:55:47.965+0000] {taskinstance.py:430} INFO - ::endgroup::
[2026-02-23T03:55:47.974+0000] {logging_mixin.py:188} WARNING - /opt/***/dags/stocks/scripts/api.py:9 FutureWarning: YF.download() has changed argument auto_adjust default to True
[2026-02-23T03:55:47.980+0000] {logging_mixin.py:188} WARNING - /home/***/.local/lib/python3.12/site-packages/yfinance/scrapers/history.py:204 Pandas4Warning: Timestamp.utcnow is deprecated and will be removed in a future version. Use Timestamp.now('UTC') instead.
[2026-02-23T03:55:48.677+0000] {logging_mixin.py:188} WARNING - [*********************100%***********************]  1 of 1 completed
[2026-02-23T03:55:48.691+0000] {base.py:84} INFO - Using connection ID 'pg_1' for task execution.
[2026-02-23T03:55:48.691+0000] {sql.py:254} WARNING - This setter is for backward compatibility and should not be used.
Since the introduction of connection property, the providers listed below breaks due to assigning value to self.connection in their __init__ method.
* apache-***-providers-mysql<5.7.1
* apache-***-providers-elasticsearch<5.5.1
* apache-***-providers-postgres<5.13.0
[2026-02-23T03:55:48.695+0000] {sql.py:896} INFO - Loaded 1 rows into stocks so far
[2026-02-23T03:55:48.696+0000] {sql.py:908} INFO - Done loading. Loaded a total of 1 rows into stocks
[2026-02-23T03:55:48.700+0000] {python.py:237} INFO - Done. Returned value was: None
[2026-02-23T03:55:48.700+0000] {taskinstance.py:441} INFO - ::group::Post task execution logs
[2026-02-23T03:55:48.706+0000] {taskinstance.py:1206} INFO - Marking task as SUCCESS. dag_id=dag_moex, task_id=task_TSLA, run_id=scheduled__2026-01-22T00:00:00+00:00, execution_date=20260122T000000, start_date=20260223T035547, end_date=20260223T035548
[2026-02-23T03:55:48.723+0000] {local_task_job_runner.py:243} INFO - Task exited with return code 0
[2026-02-23T03:55:48.733+0000] {taskinstance.py:3503} INFO - 0 downstream tasks scheduled from follow-on schedule check
[2026-02-23T03:55:48.734+0000] {local_task_job_runner.py:222} INFO - ::endgroup::
