[2026-02-20T06:07:47.249+0000] {local_task_job_runner.py:120} INFO - ::group::Pre task execution logs
[2026-02-20T06:07:47.334+0000] {taskinstance.py:2076} INFO - Dependencies all met for dep_context=non-requeueable deps ti=<TaskInstance: dag_moex.task_TSLA scheduled__2026-02-19T00:00:00+00:00 [queued]>
[2026-02-20T06:07:47.363+0000] {taskinstance.py:2076} INFO - Dependencies all met for dep_context=requeueable deps ti=<TaskInstance: dag_moex.task_TSLA scheduled__2026-02-19T00:00:00+00:00 [queued]>
[2026-02-20T06:07:47.364+0000] {taskinstance.py:2306} INFO - Starting attempt 1 of 1
[2026-02-20T06:07:47.391+0000] {taskinstance.py:2330} INFO - Executing <Task(PythonOperator): task_TSLA> on 2026-02-19 00:00:00+00:00
[2026-02-20T06:07:47.411+0000] {standard_task_runner.py:90} INFO - Running: ['***', 'tasks', 'run', 'dag_moex', 'task_TSLA', 'scheduled__2026-02-19T00:00:00+00:00', '--job-id', '1866', '--raw', '--subdir', 'DAGS_FOLDER/stocks/dag1.py', '--cfg-path', '/tmp/tmpw13mhs1a']
[2026-02-20T06:07:47.413+0000] {standard_task_runner.py:91} INFO - Job 1866: Subtask task_TSLA
[2026-02-20T06:07:47.411+0000] {logging_mixin.py:188} WARNING - /home/***/.local/lib/python3.12/site-packages/***/task/task_runner/standard_task_runner.py:62 DeprecationWarning: This process (pid=36159) is multi-threaded, use of fork() may lead to deadlocks in the child.
[2026-02-20T06:07:47.417+0000] {standard_task_runner.py:64} INFO - Started process 36165 to run task
[2026-02-20T06:07:47.499+0000] {task_command.py:426} INFO - Running <TaskInstance: dag_moex.task_TSLA scheduled__2026-02-19T00:00:00+00:00 [running]> on host cc036e7caf02
[2026-02-20T06:07:47.753+0000] {taskinstance.py:2648} INFO - Exporting env vars: AIRFLOW_CTX_DAG_OWNER='***' AIRFLOW_CTX_DAG_ID='dag_moex' AIRFLOW_CTX_TASK_ID='task_TSLA' AIRFLOW_CTX_EXECUTION_DATE='2026-02-19T00:00:00+00:00' AIRFLOW_CTX_TRY_NUMBER='1' AIRFLOW_CTX_DAG_RUN_ID='scheduled__2026-02-19T00:00:00+00:00'
[2026-02-20T06:07:47.760+0000] {taskinstance.py:430} INFO - ::endgroup::
[2026-02-20T06:07:47.788+0000] {logging_mixin.py:188} WARNING - /opt/***/dags/stocks/scripts/api.py:9 FutureWarning: YF.download() has changed argument auto_adjust default to True
[2026-02-20T06:07:47.803+0000] {logging_mixin.py:188} WARNING - /home/***/.local/lib/python3.12/site-packages/yfinance/scrapers/history.py:204 Pandas4Warning: Timestamp.utcnow is deprecated and will be removed in a future version. Use Timestamp.now('UTC') instead.
[2026-02-20T06:07:48.717+0000] {logging_mixin.py:188} WARNING - [*********************100%***********************]  1 of 1 completed
[2026-02-20T06:07:48.742+0000] {python.py:237} INFO - Done. Returned value was: None
[2026-02-20T06:07:48.743+0000] {taskinstance.py:441} INFO - ::group::Post task execution logs
[2026-02-20T06:07:48.759+0000] {taskinstance.py:1206} INFO - Marking task as SUCCESS. dag_id=dag_moex, task_id=task_TSLA, run_id=scheduled__2026-02-19T00:00:00+00:00, execution_date=20260219T000000, start_date=20260220T060747, end_date=20260220T060748
[2026-02-20T06:07:48.819+0000] {local_task_job_runner.py:243} INFO - Task exited with return code 0
[2026-02-20T06:07:48.853+0000] {taskinstance.py:3503} INFO - 0 downstream tasks scheduled from follow-on schedule check
[2026-02-20T06:07:48.856+0000] {local_task_job_runner.py:222} INFO - ::endgroup::
[2026-02-23T03:57:28.593+0000] {local_task_job_runner.py:120} INFO - ::group::Pre task execution logs
[2026-02-23T03:57:28.613+0000] {taskinstance.py:2076} INFO - Dependencies all met for dep_context=non-requeueable deps ti=<TaskInstance: dag_moex.task_TSLA scheduled__2026-02-19T00:00:00+00:00 [queued]>
[2026-02-23T03:57:28.618+0000] {taskinstance.py:2076} INFO - Dependencies all met for dep_context=requeueable deps ti=<TaskInstance: dag_moex.task_TSLA scheduled__2026-02-19T00:00:00+00:00 [queued]>
[2026-02-23T03:57:28.619+0000] {taskinstance.py:2306} INFO - Starting attempt 1 of 1
[2026-02-23T03:57:28.627+0000] {taskinstance.py:2330} INFO - Executing <Task(PythonOperator): task_TSLA> on 2026-02-19 00:00:00+00:00
[2026-02-23T03:57:28.634+0000] {logging_mixin.py:188} WARNING - /home/***/.local/lib/python3.12/site-packages/***/task/task_runner/standard_task_runner.py:62 DeprecationWarning: This process (pid=1819) is multi-threaded, use of fork() may lead to deadlocks in the child.
[2026-02-23T03:57:28.635+0000] {standard_task_runner.py:64} INFO - Started process 1821 to run task
[2026-02-23T03:57:28.634+0000] {standard_task_runner.py:90} INFO - Running: ['***', 'tasks', 'run', 'dag_moex', 'task_TSLA', 'scheduled__2026-02-19T00:00:00+00:00', '--job-id', '2075', '--raw', '--subdir', 'DAGS_FOLDER/stocks/dag1.py', '--cfg-path', '/tmp/tmpixt_pvty']
[2026-02-23T03:57:28.636+0000] {standard_task_runner.py:91} INFO - Job 2075: Subtask task_TSLA
[2026-02-23T03:57:28.665+0000] {task_command.py:426} INFO - Running <TaskInstance: dag_moex.task_TSLA scheduled__2026-02-19T00:00:00+00:00 [running]> on host c6ea4dedb566
[2026-02-23T03:57:28.724+0000] {taskinstance.py:2648} INFO - Exporting env vars: AIRFLOW_CTX_DAG_OWNER='***' AIRFLOW_CTX_DAG_ID='dag_moex' AIRFLOW_CTX_TASK_ID='task_TSLA' AIRFLOW_CTX_EXECUTION_DATE='2026-02-19T00:00:00+00:00' AIRFLOW_CTX_TRY_NUMBER='1' AIRFLOW_CTX_DAG_RUN_ID='scheduled__2026-02-19T00:00:00+00:00'
[2026-02-23T03:57:28.725+0000] {taskinstance.py:430} INFO - ::endgroup::
[2026-02-23T03:57:28.733+0000] {logging_mixin.py:188} WARNING - /opt/***/dags/stocks/scripts/api.py:9 FutureWarning: YF.download() has changed argument auto_adjust default to True
[2026-02-23T03:57:28.739+0000] {logging_mixin.py:188} WARNING - /home/***/.local/lib/python3.12/site-packages/yfinance/scrapers/history.py:204 Pandas4Warning: Timestamp.utcnow is deprecated and will be removed in a future version. Use Timestamp.now('UTC') instead.
[2026-02-23T03:57:29.373+0000] {logging_mixin.py:188} WARNING - [*********************100%***********************]  1 of 1 completed
[2026-02-23T03:57:29.391+0000] {base.py:84} INFO - Using connection ID 'pg_1' for task execution.
[2026-02-23T03:57:29.392+0000] {sql.py:254} WARNING - This setter is for backward compatibility and should not be used.
Since the introduction of connection property, the providers listed below breaks due to assigning value to self.connection in their __init__ method.
* apache-***-providers-mysql<5.7.1
* apache-***-providers-elasticsearch<5.5.1
* apache-***-providers-postgres<5.13.0
[2026-02-23T03:57:29.410+0000] {sql.py:896} INFO - Loaded 1 rows into stocks so far
[2026-02-23T03:57:29.410+0000] {sql.py:908} INFO - Done loading. Loaded a total of 1 rows into stocks
[2026-02-23T03:57:29.415+0000] {python.py:237} INFO - Done. Returned value was: None
[2026-02-23T03:57:29.415+0000] {taskinstance.py:441} INFO - ::group::Post task execution logs
[2026-02-23T03:57:29.421+0000] {taskinstance.py:1206} INFO - Marking task as SUCCESS. dag_id=dag_moex, task_id=task_TSLA, run_id=scheduled__2026-02-19T00:00:00+00:00, execution_date=20260219T000000, start_date=20260223T035728, end_date=20260223T035729
[2026-02-23T03:57:29.458+0000] {local_task_job_runner.py:243} INFO - Task exited with return code 0
[2026-02-23T03:57:29.469+0000] {taskinstance.py:3503} INFO - 0 downstream tasks scheduled from follow-on schedule check
[2026-02-23T03:57:29.475+0000] {local_task_job_runner.py:222} INFO - ::endgroup::
