[2026-02-18T07:04:40.159+0000] {local_task_job_runner.py:120} INFO - ::group::Pre task execution logs
[2026-02-18T07:04:40.232+0000] {taskinstance.py:2076} INFO - Dependencies all met for dep_context=non-requeueable deps ti=<TaskInstance: dag_moex.task_GOOG scheduled__2026-02-11T00:00:00+00:00 [queued]>
[2026-02-18T07:04:40.250+0000] {taskinstance.py:2076} INFO - Dependencies all met for dep_context=requeueable deps ti=<TaskInstance: dag_moex.task_GOOG scheduled__2026-02-11T00:00:00+00:00 [queued]>
[2026-02-18T07:04:40.253+0000] {taskinstance.py:2306} INFO - Starting attempt 1 of 1
[2026-02-18T07:04:40.289+0000] {taskinstance.py:2330} INFO - Executing <Task(PythonOperator): task_GOOG> on 2026-02-11 00:00:00+00:00
[2026-02-18T07:04:40.310+0000] {logging_mixin.py:188} WARNING - /home/***/.local/lib/python3.12/site-packages/***/task/task_runner/standard_task_runner.py:62 DeprecationWarning: This process (pid=748) is multi-threaded, use of fork() may lead to deadlocks in the child.
[2026-02-18T07:04:40.313+0000] {standard_task_runner.py:64} INFO - Started process 779 to run task
[2026-02-18T07:04:40.315+0000] {standard_task_runner.py:90} INFO - Running: ['***', 'tasks', 'run', 'dag_moex', 'task_GOOG', 'scheduled__2026-02-11T00:00:00+00:00', '--job-id', '296', '--raw', '--subdir', 'DAGS_FOLDER/stocks/dag1.py', '--cfg-path', '/tmp/tmpi2cf37sl']
[2026-02-18T07:04:40.325+0000] {standard_task_runner.py:91} INFO - Job 296: Subtask task_GOOG
[2026-02-18T07:04:40.471+0000] {task_command.py:426} INFO - Running <TaskInstance: dag_moex.task_GOOG scheduled__2026-02-11T00:00:00+00:00 [running]> on host cc036e7caf02
[2026-02-18T07:04:40.634+0000] {taskinstance.py:2648} INFO - Exporting env vars: AIRFLOW_CTX_DAG_OWNER='***' AIRFLOW_CTX_DAG_ID='dag_moex' AIRFLOW_CTX_TASK_ID='task_GOOG' AIRFLOW_CTX_EXECUTION_DATE='2026-02-11T00:00:00+00:00' AIRFLOW_CTX_TRY_NUMBER='1' AIRFLOW_CTX_DAG_RUN_ID='scheduled__2026-02-11T00:00:00+00:00'
[2026-02-18T07:04:40.639+0000] {taskinstance.py:430} INFO - ::endgroup::
[2026-02-18T07:04:40.661+0000] {manager.py:8} INFO - log
[2026-02-18T07:04:40.675+0000] {logging_mixin.py:188} WARNING - /opt/***/dags/stocks/scripts/api.py:9 FutureWarning: YF.download() has changed argument auto_adjust default to True
[2026-02-18T07:04:40.712+0000] {logging_mixin.py:188} WARNING - /home/***/.local/lib/python3.12/site-packages/yfinance/scrapers/history.py:204 Pandas4Warning: Timestamp.utcnow is deprecated and will be removed in a future version. Use Timestamp.now('UTC') instead.
[2026-02-18T07:04:41.615+0000] {logging_mixin.py:188} WARNING - [*********************100%***********************]  1 of 1 completed
[2026-02-18T07:04:41.623+0000] {manager.py:10} INFO - None
[2026-02-18T07:04:41.623+0000] {taskinstance.py:441} INFO - ::group::Post task execution logs
[2026-02-18T07:04:41.624+0000] {taskinstance.py:2905} ERROR - Task failed with exception
Traceback (most recent call last):
  File "/home/airflow/.local/lib/python3.12/site-packages/airflow/models/taskinstance.py", line 465, in _execute_task
    result = _execute_callable(context=context, **execute_callable_kwargs)
             ^^^^^^^^^^^^^^^^^^^^^^^^^^^^^^^^^^^^^^^^^^^^^^^^^^^^^^^^^^^^^
  File "/home/airflow/.local/lib/python3.12/site-packages/airflow/models/taskinstance.py", line 432, in _execute_callable
    return execute_callable(context=context, **execute_callable_kwargs)
           ^^^^^^^^^^^^^^^^^^^^^^^^^^^^^^^^^^^^^^^^^^^^^^^^^^^^^^^^^^^^
  File "/home/airflow/.local/lib/python3.12/site-packages/airflow/models/baseoperator.py", line 401, in wrapper
    return func(self, *args, **kwargs)
           ^^^^^^^^^^^^^^^^^^^^^^^^^^^
  File "/home/airflow/.local/lib/python3.12/site-packages/airflow/operators/python.py", line 235, in execute
    return_value = self.execute_callable()
                   ^^^^^^^^^^^^^^^^^^^^^^^
  File "/home/airflow/.local/lib/python3.12/site-packages/airflow/operators/python.py", line 252, in execute_callable
    return self.python_callable(*self.op_args, **self.op_kwargs)
           ^^^^^^^^^^^^^^^^^^^^^^^^^^^^^^^^^^^^^^^^^^^^^^^^^^^^^
  File "/opt/airflow/dags/stocks/scripts/manager.py", line 11, in fetch_data
    return data.to_json(f"{stock}_{data_interval_start.strftime('%Y-%m-%d')}.json")
           ^^^^^^^^^^^^
AttributeError: 'NoneType' object has no attribute 'to_json'
[2026-02-18T07:04:41.635+0000] {taskinstance.py:1206} INFO - Marking task as FAILED. dag_id=dag_moex, task_id=task_GOOG, run_id=scheduled__2026-02-11T00:00:00+00:00, execution_date=20260211T000000, start_date=20260218T070440, end_date=20260218T070441
[2026-02-18T07:04:41.646+0000] {standard_task_runner.py:110} ERROR - Failed to execute job 296 for task task_GOOG ('NoneType' object has no attribute 'to_json'; 779)
[2026-02-18T07:04:41.672+0000] {local_task_job_runner.py:243} INFO - Task exited with return code 1
[2026-02-18T07:04:41.686+0000] {taskinstance.py:3503} INFO - 0 downstream tasks scheduled from follow-on schedule check
[2026-02-18T07:04:41.689+0000] {local_task_job_runner.py:222} INFO - ::endgroup::
[2026-02-18T07:05:12.681+0000] {local_task_job_runner.py:120} INFO - ::group::Pre task execution logs
[2026-02-18T07:05:12.754+0000] {taskinstance.py:2076} INFO - Dependencies all met for dep_context=non-requeueable deps ti=<TaskInstance: dag_moex.task_GOOG scheduled__2026-02-11T00:00:00+00:00 [queued]>
[2026-02-18T07:05:12.776+0000] {taskinstance.py:2076} INFO - Dependencies all met for dep_context=requeueable deps ti=<TaskInstance: dag_moex.task_GOOG scheduled__2026-02-11T00:00:00+00:00 [queued]>
[2026-02-18T07:05:12.777+0000] {taskinstance.py:2306} INFO - Starting attempt 1 of 1
[2026-02-18T07:05:12.827+0000] {taskinstance.py:2330} INFO - Executing <Task(PythonOperator): task_GOOG> on 2026-02-11 00:00:00+00:00
[2026-02-18T07:05:12.845+0000] {logging_mixin.py:188} WARNING - /home/***/.local/lib/python3.12/site-packages/***/task/task_runner/standard_task_runner.py:62 DeprecationWarning: This process (pid=822) is multi-threaded, use of fork() may lead to deadlocks in the child.
[2026-02-18T07:05:12.850+0000] {standard_task_runner.py:64} INFO - Started process 851 to run task
[2026-02-18T07:05:12.845+0000] {standard_task_runner.py:90} INFO - Running: ['***', 'tasks', 'run', 'dag_moex', 'task_GOOG', 'scheduled__2026-02-11T00:00:00+00:00', '--job-id', '311', '--raw', '--subdir', 'DAGS_FOLDER/stocks/dag1.py', '--cfg-path', '/tmp/tmpgxxo8v1b']
[2026-02-18T07:05:12.857+0000] {standard_task_runner.py:91} INFO - Job 311: Subtask task_GOOG
[2026-02-18T07:05:13.005+0000] {task_command.py:426} INFO - Running <TaskInstance: dag_moex.task_GOOG scheduled__2026-02-11T00:00:00+00:00 [running]> on host cc036e7caf02
[2026-02-18T07:05:13.242+0000] {taskinstance.py:2648} INFO - Exporting env vars: AIRFLOW_CTX_DAG_OWNER='***' AIRFLOW_CTX_DAG_ID='dag_moex' AIRFLOW_CTX_TASK_ID='task_GOOG' AIRFLOW_CTX_EXECUTION_DATE='2026-02-11T00:00:00+00:00' AIRFLOW_CTX_TRY_NUMBER='1' AIRFLOW_CTX_DAG_RUN_ID='scheduled__2026-02-11T00:00:00+00:00'
[2026-02-18T07:05:13.248+0000] {taskinstance.py:430} INFO - ::endgroup::
[2026-02-18T07:05:13.273+0000] {manager.py:8} INFO - log
[2026-02-18T07:05:13.286+0000] {logging_mixin.py:188} WARNING - /opt/***/dags/stocks/scripts/api.py:9 FutureWarning: YF.download() has changed argument auto_adjust default to True
[2026-02-18T07:05:13.333+0000] {logging_mixin.py:188} WARNING - /home/***/.local/lib/python3.12/site-packages/yfinance/scrapers/history.py:204 Pandas4Warning: Timestamp.utcnow is deprecated and will be removed in a future version. Use Timestamp.now('UTC') instead.
[2026-02-18T07:05:14.045+0000] {logging_mixin.py:188} WARNING - [*********************100%***********************]  1 of 1 completed
[2026-02-18T07:05:14.052+0000] {manager.py:10} INFO - None
[2026-02-18T07:05:14.053+0000] {taskinstance.py:441} INFO - ::group::Post task execution logs
[2026-02-18T07:05:14.053+0000] {taskinstance.py:2905} ERROR - Task failed with exception
Traceback (most recent call last):
  File "/home/airflow/.local/lib/python3.12/site-packages/airflow/models/taskinstance.py", line 465, in _execute_task
    result = _execute_callable(context=context, **execute_callable_kwargs)
             ^^^^^^^^^^^^^^^^^^^^^^^^^^^^^^^^^^^^^^^^^^^^^^^^^^^^^^^^^^^^^
  File "/home/airflow/.local/lib/python3.12/site-packages/airflow/models/taskinstance.py", line 432, in _execute_callable
    return execute_callable(context=context, **execute_callable_kwargs)
           ^^^^^^^^^^^^^^^^^^^^^^^^^^^^^^^^^^^^^^^^^^^^^^^^^^^^^^^^^^^^
  File "/home/airflow/.local/lib/python3.12/site-packages/airflow/models/baseoperator.py", line 401, in wrapper
    return func(self, *args, **kwargs)
           ^^^^^^^^^^^^^^^^^^^^^^^^^^^
  File "/home/airflow/.local/lib/python3.12/site-packages/airflow/operators/python.py", line 235, in execute
    return_value = self.execute_callable()
                   ^^^^^^^^^^^^^^^^^^^^^^^
  File "/home/airflow/.local/lib/python3.12/site-packages/airflow/operators/python.py", line 252, in execute_callable
    return self.python_callable(*self.op_args, **self.op_kwargs)
           ^^^^^^^^^^^^^^^^^^^^^^^^^^^^^^^^^^^^^^^^^^^^^^^^^^^^^
  File "/opt/airflow/dags/stocks/scripts/manager.py", line 11, in fetch_data
    return data.to_json(f"{stock}_{data_interval_start.strftime('%Y-%m-%d')}.json")
           ^^^^^^^^^^^^
AttributeError: 'NoneType' object has no attribute 'to_json'
[2026-02-18T07:05:14.064+0000] {taskinstance.py:1206} INFO - Marking task as FAILED. dag_id=dag_moex, task_id=task_GOOG, run_id=scheduled__2026-02-11T00:00:00+00:00, execution_date=20260211T000000, start_date=20260218T070512, end_date=20260218T070514
[2026-02-18T07:05:14.075+0000] {standard_task_runner.py:110} ERROR - Failed to execute job 311 for task task_GOOG ('NoneType' object has no attribute 'to_json'; 851)
[2026-02-18T07:05:14.087+0000] {local_task_job_runner.py:243} INFO - Task exited with return code 1
[2026-02-18T07:05:14.101+0000] {taskinstance.py:3503} INFO - 0 downstream tasks scheduled from follow-on schedule check
[2026-02-18T07:05:14.103+0000] {local_task_job_runner.py:222} INFO - ::endgroup::
[2026-02-18T07:07:48.089+0000] {local_task_job_runner.py:120} INFO - ::group::Pre task execution logs
[2026-02-18T07:07:48.191+0000] {taskinstance.py:2076} INFO - Dependencies all met for dep_context=non-requeueable deps ti=<TaskInstance: dag_moex.task_GOOG scheduled__2026-02-11T00:00:00+00:00 [queued]>
[2026-02-18T07:07:48.233+0000] {taskinstance.py:2076} INFO - Dependencies all met for dep_context=requeueable deps ti=<TaskInstance: dag_moex.task_GOOG scheduled__2026-02-11T00:00:00+00:00 [queued]>
[2026-02-18T07:07:48.236+0000] {taskinstance.py:2306} INFO - Starting attempt 1 of 1
[2026-02-18T07:07:48.279+0000] {taskinstance.py:2330} INFO - Executing <Task(PythonOperator): task_GOOG> on 2026-02-11 00:00:00+00:00
[2026-02-18T07:07:48.318+0000] {logging_mixin.py:188} WARNING - /home/***/.local/lib/python3.12/site-packages/***/task/task_runner/standard_task_runner.py:62 DeprecationWarning: This process (pid=948) is multi-threaded, use of fork() may lead to deadlocks in the child.
[2026-02-18T07:07:48.324+0000] {standard_task_runner.py:90} INFO - Running: ['***', 'tasks', 'run', 'dag_moex', 'task_GOOG', 'scheduled__2026-02-11T00:00:00+00:00', '--job-id', '325', '--raw', '--subdir', 'DAGS_FOLDER/stocks/dag1.py', '--cfg-path', '/tmp/tmp0h669s_z']
[2026-02-18T07:07:48.340+0000] {standard_task_runner.py:91} INFO - Job 325: Subtask task_GOOG
[2026-02-18T07:07:48.324+0000] {standard_task_runner.py:64} INFO - Started process 976 to run task
[2026-02-18T07:07:48.538+0000] {task_command.py:426} INFO - Running <TaskInstance: dag_moex.task_GOOG scheduled__2026-02-11T00:00:00+00:00 [running]> on host cc036e7caf02
[2026-02-18T07:07:48.753+0000] {taskinstance.py:2648} INFO - Exporting env vars: AIRFLOW_CTX_DAG_OWNER='***' AIRFLOW_CTX_DAG_ID='dag_moex' AIRFLOW_CTX_TASK_ID='task_GOOG' AIRFLOW_CTX_EXECUTION_DATE='2026-02-11T00:00:00+00:00' AIRFLOW_CTX_TRY_NUMBER='1' AIRFLOW_CTX_DAG_RUN_ID='scheduled__2026-02-11T00:00:00+00:00'
[2026-02-18T07:07:48.757+0000] {taskinstance.py:430} INFO - ::endgroup::
[2026-02-18T07:07:48.781+0000] {manager.py:8} INFO - log
[2026-02-18T07:07:48.791+0000] {logging_mixin.py:188} WARNING - /opt/***/dags/stocks/scripts/api.py:9 FutureWarning: YF.download() has changed argument auto_adjust default to True
[2026-02-18T07:07:48.826+0000] {logging_mixin.py:188} WARNING - /home/***/.local/lib/python3.12/site-packages/yfinance/scrapers/history.py:204 Pandas4Warning: Timestamp.utcnow is deprecated and will be removed in a future version. Use Timestamp.now('UTC') instead.
[2026-02-18T07:07:49.625+0000] {logging_mixin.py:188} WARNING - [*********************100%***********************]  1 of 1 completed
[2026-02-18T07:07:49.636+0000] {manager.py:10} INFO - Price            Close        High         Low        Open    Volume
Ticker            GOOG        GOOG        GOOG        GOOG      GOOG
Date                                                                
2026-02-11  311.329987  321.045013  310.130005  318.959991  24008100
[2026-02-18T07:07:49.655+0000] {python.py:237} INFO - Done. Returned value was: None
[2026-02-18T07:07:49.656+0000] {taskinstance.py:441} INFO - ::group::Post task execution logs
[2026-02-18T07:07:49.667+0000] {taskinstance.py:1206} INFO - Marking task as SUCCESS. dag_id=dag_moex, task_id=task_GOOG, run_id=scheduled__2026-02-11T00:00:00+00:00, execution_date=20260211T000000, start_date=20260218T070748, end_date=20260218T070749
[2026-02-18T07:07:49.702+0000] {local_task_job_runner.py:243} INFO - Task exited with return code 0
[2026-02-18T07:07:49.727+0000] {taskinstance.py:3503} INFO - 0 downstream tasks scheduled from follow-on schedule check
[2026-02-18T07:07:49.729+0000] {local_task_job_runner.py:222} INFO - ::endgroup::
[2026-02-18T07:09:19.696+0000] {local_task_job_runner.py:120} INFO - ::group::Pre task execution logs
[2026-02-18T07:09:19.746+0000] {taskinstance.py:2076} INFO - Dependencies all met for dep_context=non-requeueable deps ti=<TaskInstance: dag_moex.task_GOOG scheduled__2026-02-11T00:00:00+00:00 [queued]>
[2026-02-18T07:09:19.766+0000] {taskinstance.py:2076} INFO - Dependencies all met for dep_context=requeueable deps ti=<TaskInstance: dag_moex.task_GOOG scheduled__2026-02-11T00:00:00+00:00 [queued]>
[2026-02-18T07:09:19.767+0000] {taskinstance.py:2306} INFO - Starting attempt 1 of 1
[2026-02-18T07:09:19.800+0000] {taskinstance.py:2330} INFO - Executing <Task(PythonOperator): task_GOOG> on 2026-02-11 00:00:00+00:00
[2026-02-18T07:09:19.835+0000] {logging_mixin.py:188} WARNING - /home/***/.local/lib/python3.12/site-packages/***/task/task_runner/standard_task_runner.py:62 DeprecationWarning: This process (pid=1043) is multi-threaded, use of fork() may lead to deadlocks in the child.
[2026-02-18T07:09:19.837+0000] {standard_task_runner.py:90} INFO - Running: ['***', 'tasks', 'run', 'dag_moex', 'task_GOOG', 'scheduled__2026-02-11T00:00:00+00:00', '--job-id', '341', '--raw', '--subdir', 'DAGS_FOLDER/stocks/dag1.py', '--cfg-path', '/tmp/tmp0xqldyfr']
[2026-02-18T07:09:19.849+0000] {standard_task_runner.py:91} INFO - Job 341: Subtask task_GOOG
[2026-02-18T07:09:19.849+0000] {standard_task_runner.py:64} INFO - Started process 1072 to run task
[2026-02-18T07:09:19.973+0000] {task_command.py:426} INFO - Running <TaskInstance: dag_moex.task_GOOG scheduled__2026-02-11T00:00:00+00:00 [running]> on host cc036e7caf02
[2026-02-18T07:09:20.173+0000] {taskinstance.py:2648} INFO - Exporting env vars: AIRFLOW_CTX_DAG_OWNER='***' AIRFLOW_CTX_DAG_ID='dag_moex' AIRFLOW_CTX_TASK_ID='task_GOOG' AIRFLOW_CTX_EXECUTION_DATE='2026-02-11T00:00:00+00:00' AIRFLOW_CTX_TRY_NUMBER='1' AIRFLOW_CTX_DAG_RUN_ID='scheduled__2026-02-11T00:00:00+00:00'
[2026-02-18T07:09:20.176+0000] {taskinstance.py:430} INFO - ::endgroup::
[2026-02-18T07:09:20.212+0000] {manager.py:8} INFO - log
[2026-02-18T07:09:20.217+0000] {logging_mixin.py:188} WARNING - /opt/***/dags/stocks/scripts/api.py:9 FutureWarning: YF.download() has changed argument auto_adjust default to True
[2026-02-18T07:09:20.233+0000] {logging_mixin.py:188} WARNING - /home/***/.local/lib/python3.12/site-packages/yfinance/scrapers/history.py:204 Pandas4Warning: Timestamp.utcnow is deprecated and will be removed in a future version. Use Timestamp.now('UTC') instead.
[2026-02-18T07:09:20.979+0000] {logging_mixin.py:188} WARNING - [*********************100%***********************]  1 of 1 completed
[2026-02-18T07:09:20.989+0000] {manager.py:10} INFO - Price            Close        High         Low        Open    Volume
Ticker            GOOG        GOOG        GOOG        GOOG      GOOG
Date                                                                
2026-02-11  311.329987  321.045013  310.130005  318.959991  24008100
[2026-02-18T07:09:21.002+0000] {python.py:237} INFO - Done. Returned value was: None
[2026-02-18T07:09:21.003+0000] {taskinstance.py:441} INFO - ::group::Post task execution logs
[2026-02-18T07:09:20.279+0000] {taskinstance.py:1206} INFO - Marking task as SUCCESS. dag_id=dag_moex, task_id=task_GOOG, run_id=scheduled__2026-02-11T00:00:00+00:00, execution_date=20260211T000000, start_date=20260218T070919, end_date=20260218T070920
[2026-02-18T07:09:20.321+0000] {local_task_job_runner.py:243} INFO - Task exited with return code 0
[2026-02-18T07:09:20.340+0000] {taskinstance.py:3503} INFO - 0 downstream tasks scheduled from follow-on schedule check
[2026-02-18T07:09:20.342+0000] {local_task_job_runner.py:222} INFO - ::endgroup::
[2026-02-18T07:10:23.076+0000] {local_task_job_runner.py:120} INFO - ::group::Pre task execution logs
[2026-02-18T07:10:23.133+0000] {taskinstance.py:2076} INFO - Dependencies all met for dep_context=non-requeueable deps ti=<TaskInstance: dag_moex.task_GOOG scheduled__2026-02-11T00:00:00+00:00 [queued]>
[2026-02-18T07:10:23.158+0000] {taskinstance.py:2076} INFO - Dependencies all met for dep_context=requeueable deps ti=<TaskInstance: dag_moex.task_GOOG scheduled__2026-02-11T00:00:00+00:00 [queued]>
[2026-02-18T07:10:23.159+0000] {taskinstance.py:2306} INFO - Starting attempt 1 of 1
[2026-02-18T07:10:23.183+0000] {taskinstance.py:2330} INFO - Executing <Task(PythonOperator): task_GOOG> on 2026-02-11 00:00:00+00:00
[2026-02-18T07:10:23.200+0000] {logging_mixin.py:188} WARNING - /home/***/.local/lib/python3.12/site-packages/***/task/task_runner/standard_task_runner.py:62 DeprecationWarning: This process (pid=1127) is multi-threaded, use of fork() may lead to deadlocks in the child.
[2026-02-18T07:10:23.202+0000] {standard_task_runner.py:64} INFO - Started process 1159 to run task
[2026-02-18T07:10:23.210+0000] {standard_task_runner.py:90} INFO - Running: ['***', 'tasks', 'run', 'dag_moex', 'task_GOOG', 'scheduled__2026-02-11T00:00:00+00:00', '--job-id', '358', '--raw', '--subdir', 'DAGS_FOLDER/stocks/dag1.py', '--cfg-path', '/tmp/tmpippeiyb5']
[2026-02-18T07:10:23.223+0000] {standard_task_runner.py:91} INFO - Job 358: Subtask task_GOOG
[2026-02-18T07:10:23.333+0000] {task_command.py:426} INFO - Running <TaskInstance: dag_moex.task_GOOG scheduled__2026-02-11T00:00:00+00:00 [running]> on host cc036e7caf02
[2026-02-18T07:10:23.471+0000] {taskinstance.py:2648} INFO - Exporting env vars: AIRFLOW_CTX_DAG_OWNER='***' AIRFLOW_CTX_DAG_ID='dag_moex' AIRFLOW_CTX_TASK_ID='task_GOOG' AIRFLOW_CTX_EXECUTION_DATE='2026-02-11T00:00:00+00:00' AIRFLOW_CTX_TRY_NUMBER='1' AIRFLOW_CTX_DAG_RUN_ID='scheduled__2026-02-11T00:00:00+00:00'
[2026-02-18T07:10:23.479+0000] {taskinstance.py:430} INFO - ::endgroup::
[2026-02-18T07:10:23.496+0000] {manager.py:8} INFO - log
[2026-02-18T07:10:23.504+0000] {logging_mixin.py:188} WARNING - /opt/***/dags/stocks/scripts/api.py:9 FutureWarning: YF.download() has changed argument auto_adjust default to True
[2026-02-18T07:10:23.519+0000] {logging_mixin.py:188} WARNING - /home/***/.local/lib/python3.12/site-packages/yfinance/scrapers/history.py:204 Pandas4Warning: Timestamp.utcnow is deprecated and will be removed in a future version. Use Timestamp.now('UTC') instead.
[2026-02-18T07:10:24.268+0000] {logging_mixin.py:188} WARNING - [*********************100%***********************]  1 of 1 completed
[2026-02-18T07:10:24.279+0000] {manager.py:10} INFO - Price            Close        High         Low        Open    Volume
Ticker            GOOG        GOOG        GOOG        GOOG      GOOG
Date                                                                
2026-02-11  311.329987  321.045013  310.130005  318.959991  24008100
[2026-02-18T07:10:24.296+0000] {python.py:237} INFO - Done. Returned value was: None
[2026-02-18T07:10:24.297+0000] {taskinstance.py:441} INFO - ::group::Post task execution logs
[2026-02-18T07:10:24.308+0000] {taskinstance.py:1206} INFO - Marking task as SUCCESS. dag_id=dag_moex, task_id=task_GOOG, run_id=scheduled__2026-02-11T00:00:00+00:00, execution_date=20260211T000000, start_date=20260218T071023, end_date=20260218T071024
[2026-02-18T07:10:24.354+0000] {local_task_job_runner.py:243} INFO - Task exited with return code 0
[2026-02-18T07:10:24.376+0000] {taskinstance.py:3503} INFO - 0 downstream tasks scheduled from follow-on schedule check
[2026-02-18T07:10:24.378+0000] {local_task_job_runner.py:222} INFO - ::endgroup::
[2026-02-18T07:13:18.779+0000] {local_task_job_runner.py:120} INFO - ::group::Pre task execution logs
[2026-02-18T07:13:18.833+0000] {taskinstance.py:2076} INFO - Dependencies all met for dep_context=non-requeueable deps ti=<TaskInstance: dag_moex.task_GOOG scheduled__2026-02-11T00:00:00+00:00 [queued]>
[2026-02-18T07:13:18.850+0000] {taskinstance.py:2076} INFO - Dependencies all met for dep_context=requeueable deps ti=<TaskInstance: dag_moex.task_GOOG scheduled__2026-02-11T00:00:00+00:00 [queued]>
[2026-02-18T07:13:18.853+0000] {taskinstance.py:2306} INFO - Starting attempt 1 of 1
[2026-02-18T07:13:18.874+0000] {taskinstance.py:2330} INFO - Executing <Task(PythonOperator): task_GOOG> on 2026-02-11 00:00:00+00:00
[2026-02-18T07:13:18.889+0000] {logging_mixin.py:188} WARNING - /home/***/.local/lib/python3.12/site-packages/***/task/task_runner/standard_task_runner.py:62 DeprecationWarning: This process (pid=1758) is multi-threaded, use of fork() may lead to deadlocks in the child.
[2026-02-18T07:13:18.889+0000] {standard_task_runner.py:90} INFO - Running: ['***', 'tasks', 'run', 'dag_moex', 'task_GOOG', 'scheduled__2026-02-11T00:00:00+00:00', '--job-id', '499', '--raw', '--subdir', 'DAGS_FOLDER/stocks/dag1.py', '--cfg-path', '/tmp/tmp7bo9a5vh']
[2026-02-18T07:13:18.892+0000] {standard_task_runner.py:91} INFO - Job 499: Subtask task_GOOG
[2026-02-18T07:13:18.891+0000] {standard_task_runner.py:64} INFO - Started process 1775 to run task
[2026-02-18T07:13:18.963+0000] {task_command.py:426} INFO - Running <TaskInstance: dag_moex.task_GOOG scheduled__2026-02-11T00:00:00+00:00 [running]> on host cc036e7caf02
[2026-02-18T07:13:19.087+0000] {taskinstance.py:2648} INFO - Exporting env vars: AIRFLOW_CTX_DAG_OWNER='***' AIRFLOW_CTX_DAG_ID='dag_moex' AIRFLOW_CTX_TASK_ID='task_GOOG' AIRFLOW_CTX_EXECUTION_DATE='2026-02-11T00:00:00+00:00' AIRFLOW_CTX_TRY_NUMBER='1' AIRFLOW_CTX_DAG_RUN_ID='scheduled__2026-02-11T00:00:00+00:00'
[2026-02-18T07:13:19.088+0000] {taskinstance.py:430} INFO - ::endgroup::
[2026-02-18T07:13:19.101+0000] {manager.py:8} INFO - log
[2026-02-18T07:13:19.104+0000] {logging_mixin.py:188} WARNING - /opt/***/dags/stocks/scripts/api.py:9 FutureWarning: YF.download() has changed argument auto_adjust default to True
[2026-02-18T07:13:19.113+0000] {logging_mixin.py:188} WARNING - /home/***/.local/lib/python3.12/site-packages/yfinance/scrapers/history.py:204 Pandas4Warning: Timestamp.utcnow is deprecated and will be removed in a future version. Use Timestamp.now('UTC') instead.
[2026-02-18T07:13:20.069+0000] {logging_mixin.py:188} WARNING - [*********************100%***********************]  1 of 1 completed
[2026-02-18T07:13:20.078+0000] {manager.py:10} INFO - Price            Close        High         Low        Open    Volume
Ticker            GOOG        GOOG        GOOG        GOOG      GOOG
Date                                                                
2026-02-11  311.329987  321.045013  310.130005  318.959991  24008100
[2026-02-18T07:13:20.089+0000] {python.py:237} INFO - Done. Returned value was: None
[2026-02-18T07:13:20.089+0000] {taskinstance.py:441} INFO - ::group::Post task execution logs
[2026-02-18T07:13:20.095+0000] {taskinstance.py:1206} INFO - Marking task as SUCCESS. dag_id=dag_moex, task_id=task_GOOG, run_id=scheduled__2026-02-11T00:00:00+00:00, execution_date=20260211T000000, start_date=20260218T071318, end_date=20260218T071320
[2026-02-18T07:13:20.123+0000] {local_task_job_runner.py:243} INFO - Task exited with return code 0
[2026-02-18T07:13:20.136+0000] {taskinstance.py:3503} INFO - 0 downstream tasks scheduled from follow-on schedule check
[2026-02-18T07:13:20.138+0000] {local_task_job_runner.py:222} INFO - ::endgroup::
[2026-02-18T07:15:41.945+0000] {local_task_job_runner.py:120} INFO - ::group::Pre task execution logs
[2026-02-18T07:15:41.968+0000] {taskinstance.py:2076} INFO - Dependencies all met for dep_context=non-requeueable deps ti=<TaskInstance: dag_moex.task_GOOG scheduled__2026-02-11T00:00:00+00:00 [queued]>
[2026-02-18T07:15:41.975+0000] {taskinstance.py:2076} INFO - Dependencies all met for dep_context=requeueable deps ti=<TaskInstance: dag_moex.task_GOOG scheduled__2026-02-11T00:00:00+00:00 [queued]>
[2026-02-18T07:15:41.975+0000] {taskinstance.py:2306} INFO - Starting attempt 1 of 1
[2026-02-18T07:15:41.986+0000] {taskinstance.py:2330} INFO - Executing <Task(PythonOperator): task_GOOG> on 2026-02-11 00:00:00+00:00
[2026-02-18T07:15:41.995+0000] {logging_mixin.py:188} WARNING - /home/***/.local/lib/python3.12/site-packages/***/task/task_runner/standard_task_runner.py:62 DeprecationWarning: This process (pid=2056) is multi-threaded, use of fork() may lead to deadlocks in the child.
[2026-02-18T07:15:41.996+0000] {standard_task_runner.py:64} INFO - Started process 2059 to run task
[2026-02-18T07:15:41.996+0000] {standard_task_runner.py:90} INFO - Running: ['***', 'tasks', 'run', 'dag_moex', 'task_GOOG', 'scheduled__2026-02-11T00:00:00+00:00', '--job-id', '551', '--raw', '--subdir', 'DAGS_FOLDER/stocks/dag1.py', '--cfg-path', '/tmp/tmp7vxk_z3g']
[2026-02-18T07:15:41.998+0000] {standard_task_runner.py:91} INFO - Job 551: Subtask task_GOOG
[2026-02-18T07:15:42.035+0000] {task_command.py:426} INFO - Running <TaskInstance: dag_moex.task_GOOG scheduled__2026-02-11T00:00:00+00:00 [running]> on host cc036e7caf02
[2026-02-18T07:15:42.112+0000] {taskinstance.py:2648} INFO - Exporting env vars: AIRFLOW_CTX_DAG_OWNER='***' AIRFLOW_CTX_DAG_ID='dag_moex' AIRFLOW_CTX_TASK_ID='task_GOOG' AIRFLOW_CTX_EXECUTION_DATE='2026-02-11T00:00:00+00:00' AIRFLOW_CTX_TRY_NUMBER='1' AIRFLOW_CTX_DAG_RUN_ID='scheduled__2026-02-11T00:00:00+00:00'
[2026-02-18T07:15:42.114+0000] {taskinstance.py:430} INFO - ::endgroup::
[2026-02-18T07:15:42.124+0000] {manager.py:8} INFO - log
[2026-02-18T07:15:42.126+0000] {logging_mixin.py:188} WARNING - /opt/***/dags/stocks/scripts/api.py:9 FutureWarning: YF.download() has changed argument auto_adjust default to True
[2026-02-18T07:15:42.135+0000] {logging_mixin.py:188} WARNING - /home/***/.local/lib/python3.12/site-packages/yfinance/scrapers/history.py:204 Pandas4Warning: Timestamp.utcnow is deprecated and will be removed in a future version. Use Timestamp.now('UTC') instead.
[2026-02-18T07:15:42.911+0000] {logging_mixin.py:188} WARNING - [*********************100%***********************]  1 of 1 completed
[2026-02-18T07:15:42.919+0000] {manager.py:10} INFO - Price            Close        High         Low        Open    Volume
Ticker            GOOG        GOOG        GOOG        GOOG      GOOG
Date                                                                
2026-02-11  311.329987  321.045013  310.130005  318.959991  24008100
[2026-02-18T07:15:42.929+0000] {python.py:237} INFO - Done. Returned value was: None
[2026-02-18T07:15:42.930+0000] {taskinstance.py:441} INFO - ::group::Post task execution logs
[2026-02-18T07:15:42.937+0000] {taskinstance.py:1206} INFO - Marking task as SUCCESS. dag_id=dag_moex, task_id=task_GOOG, run_id=scheduled__2026-02-11T00:00:00+00:00, execution_date=20260211T000000, start_date=20260218T071541, end_date=20260218T071542
[2026-02-18T07:15:42.993+0000] {local_task_job_runner.py:243} INFO - Task exited with return code 0
[2026-02-18T07:15:43.005+0000] {taskinstance.py:3503} INFO - 0 downstream tasks scheduled from follow-on schedule check
[2026-02-18T07:15:43.007+0000] {local_task_job_runner.py:222} INFO - ::endgroup::
[2026-02-18T07:16:32.670+0000] {local_task_job_runner.py:120} INFO - ::group::Pre task execution logs
[2026-02-18T07:16:32.715+0000] {taskinstance.py:2076} INFO - Dependencies all met for dep_context=non-requeueable deps ti=<TaskInstance: dag_moex.task_GOOG scheduled__2026-02-11T00:00:00+00:00 [queued]>
[2026-02-18T07:16:32.737+0000] {taskinstance.py:2076} INFO - Dependencies all met for dep_context=requeueable deps ti=<TaskInstance: dag_moex.task_GOOG scheduled__2026-02-11T00:00:00+00:00 [queued]>
[2026-02-18T07:16:32.738+0000] {taskinstance.py:2306} INFO - Starting attempt 1 of 1
[2026-02-18T07:16:32.776+0000] {taskinstance.py:2330} INFO - Executing <Task(PythonOperator): task_GOOG> on 2026-02-11 00:00:00+00:00
[2026-02-18T07:16:32.797+0000] {standard_task_runner.py:90} INFO - Running: ['***', 'tasks', 'run', 'dag_moex', 'task_GOOG', 'scheduled__2026-02-11T00:00:00+00:00', '--job-id', '599', '--raw', '--subdir', 'DAGS_FOLDER/stocks/dag1.py', '--cfg-path', '/tmp/tmplx5vaycy']
[2026-02-18T07:16:32.801+0000] {standard_task_runner.py:91} INFO - Job 599: Subtask task_GOOG
[2026-02-18T07:16:32.800+0000] {logging_mixin.py:188} WARNING - /home/***/.local/lib/python3.12/site-packages/***/task/task_runner/standard_task_runner.py:62 DeprecationWarning: This process (pid=2236) is multi-threaded, use of fork() may lead to deadlocks in the child.
[2026-02-18T07:16:32.809+0000] {standard_task_runner.py:64} INFO - Started process 2268 to run task
[2026-02-18T07:16:32.889+0000] {task_command.py:426} INFO - Running <TaskInstance: dag_moex.task_GOOG scheduled__2026-02-11T00:00:00+00:00 [running]> on host cc036e7caf02
[2026-02-18T07:16:33.024+0000] {taskinstance.py:2648} INFO - Exporting env vars: AIRFLOW_CTX_DAG_OWNER='***' AIRFLOW_CTX_DAG_ID='dag_moex' AIRFLOW_CTX_TASK_ID='task_GOOG' AIRFLOW_CTX_EXECUTION_DATE='2026-02-11T00:00:00+00:00' AIRFLOW_CTX_TRY_NUMBER='1' AIRFLOW_CTX_DAG_RUN_ID='scheduled__2026-02-11T00:00:00+00:00'
[2026-02-18T07:16:33.025+0000] {taskinstance.py:430} INFO - ::endgroup::
[2026-02-18T07:16:33.042+0000] {manager.py:8} INFO - log
[2026-02-18T07:16:33.045+0000] {logging_mixin.py:188} WARNING - /opt/***/dags/stocks/scripts/api.py:9 FutureWarning: YF.download() has changed argument auto_adjust default to True
[2026-02-18T07:16:33.055+0000] {logging_mixin.py:188} WARNING - /home/***/.local/lib/python3.12/site-packages/yfinance/scrapers/history.py:204 Pandas4Warning: Timestamp.utcnow is deprecated and will be removed in a future version. Use Timestamp.now('UTC') instead.
[2026-02-18T07:16:33.819+0000] {logging_mixin.py:188} WARNING - [*********************100%***********************]  1 of 1 completed
[2026-02-18T07:16:33.828+0000] {manager.py:10} INFO - Price            Close        High         Low        Open    Volume
Ticker            GOOG        GOOG        GOOG        GOOG      GOOG
Date                                                                
2026-02-11  311.329987  321.045013  310.130005  318.959991  24008100
[2026-02-18T07:16:33.843+0000] {python.py:237} INFO - Done. Returned value was: None
[2026-02-18T07:16:33.844+0000] {taskinstance.py:441} INFO - ::group::Post task execution logs
[2026-02-18T07:16:33.853+0000] {taskinstance.py:1206} INFO - Marking task as SUCCESS. dag_id=dag_moex, task_id=task_GOOG, run_id=scheduled__2026-02-11T00:00:00+00:00, execution_date=20260211T000000, start_date=20260218T071632, end_date=20260218T071633
[2026-02-18T07:16:33.881+0000] {local_task_job_runner.py:243} INFO - Task exited with return code 0
[2026-02-18T07:16:33.902+0000] {taskinstance.py:3503} INFO - 0 downstream tasks scheduled from follow-on schedule check
[2026-02-18T07:16:33.905+0000] {local_task_job_runner.py:222} INFO - ::endgroup::
[2026-02-18T07:35:31.708+0000] {local_task_job_runner.py:120} INFO - ::group::Pre task execution logs
[2026-02-18T07:35:31.731+0000] {taskinstance.py:2076} INFO - Dependencies all met for dep_context=non-requeueable deps ti=<TaskInstance: dag_moex.task_GOOG scheduled__2026-02-11T00:00:00+00:00 [queued]>
[2026-02-18T07:35:31.738+0000] {taskinstance.py:2076} INFO - Dependencies all met for dep_context=requeueable deps ti=<TaskInstance: dag_moex.task_GOOG scheduled__2026-02-11T00:00:00+00:00 [queued]>
[2026-02-18T07:35:31.739+0000] {taskinstance.py:2306} INFO - Starting attempt 1 of 1
[2026-02-18T07:35:31.750+0000] {taskinstance.py:2330} INFO - Executing <Task(PythonOperator): task_GOOG> on 2026-02-11 00:00:00+00:00
[2026-02-18T07:35:31.759+0000] {logging_mixin.py:188} WARNING - /home/***/.local/lib/python3.12/site-packages/***/task/task_runner/standard_task_runner.py:62 DeprecationWarning: This process (pid=2905) is multi-threaded, use of fork() may lead to deadlocks in the child.
[2026-02-18T07:35:31.760+0000] {standard_task_runner.py:64} INFO - Started process 2907 to run task
[2026-02-18T07:35:31.759+0000] {standard_task_runner.py:90} INFO - Running: ['***', 'tasks', 'run', 'dag_moex', 'task_GOOG', 'scheduled__2026-02-11T00:00:00+00:00', '--job-id', '639', '--raw', '--subdir', 'DAGS_FOLDER/stocks/dag1.py', '--cfg-path', '/tmp/tmp86vq7ehp']
[2026-02-18T07:35:31.761+0000] {standard_task_runner.py:91} INFO - Job 639: Subtask task_GOOG
[2026-02-18T07:35:31.801+0000] {task_command.py:426} INFO - Running <TaskInstance: dag_moex.task_GOOG scheduled__2026-02-11T00:00:00+00:00 [running]> on host cc036e7caf02
[2026-02-18T07:35:31.870+0000] {taskinstance.py:2648} INFO - Exporting env vars: AIRFLOW_CTX_DAG_OWNER='***' AIRFLOW_CTX_DAG_ID='dag_moex' AIRFLOW_CTX_TASK_ID='task_GOOG' AIRFLOW_CTX_EXECUTION_DATE='2026-02-11T00:00:00+00:00' AIRFLOW_CTX_TRY_NUMBER='1' AIRFLOW_CTX_DAG_RUN_ID='scheduled__2026-02-11T00:00:00+00:00'
[2026-02-18T07:35:31.871+0000] {taskinstance.py:430} INFO - ::endgroup::
[2026-02-18T07:35:31.883+0000] {manager.py:8} INFO - log
[2026-02-18T07:35:31.885+0000] {logging_mixin.py:188} WARNING - /opt/***/dags/stocks/scripts/api.py:9 FutureWarning: YF.download() has changed argument auto_adjust default to True
[2026-02-18T07:35:31.892+0000] {logging_mixin.py:188} WARNING - /home/***/.local/lib/python3.12/site-packages/yfinance/scrapers/history.py:204 Pandas4Warning: Timestamp.utcnow is deprecated and will be removed in a future version. Use Timestamp.now('UTC') instead.
[2026-02-18T07:35:32.600+0000] {logging_mixin.py:188} WARNING - [*********************100%***********************]  1 of 1 completed
[2026-02-18T07:35:32.608+0000] {manager.py:10} INFO - Price            Close        High         Low        Open    Volume
Ticker            GOOG        GOOG        GOOG        GOOG      GOOG
Date                                                                
2026-02-11  311.329987  321.045013  310.130005  318.959991  24008100
[2026-02-18T07:35:32.619+0000] {python.py:237} INFO - Done. Returned value was: None
[2026-02-18T07:35:32.620+0000] {taskinstance.py:441} INFO - ::group::Post task execution logs
[2026-02-18T07:35:32.627+0000] {taskinstance.py:1206} INFO - Marking task as SUCCESS. dag_id=dag_moex, task_id=task_GOOG, run_id=scheduled__2026-02-11T00:00:00+00:00, execution_date=20260211T000000, start_date=20260218T073531, end_date=20260218T073532
[2026-02-18T07:35:32.672+0000] {local_task_job_runner.py:243} INFO - Task exited with return code 0
[2026-02-18T07:35:32.685+0000] {taskinstance.py:3503} INFO - 0 downstream tasks scheduled from follow-on schedule check
[2026-02-18T07:35:32.707+0000] {local_task_job_runner.py:222} INFO - ::endgroup::
[2026-02-18T08:33:53.738+0000] {local_task_job_runner.py:120} INFO - ::group::Pre task execution logs
[2026-02-18T08:33:53.763+0000] {taskinstance.py:2076} INFO - Dependencies all met for dep_context=non-requeueable deps ti=<TaskInstance: dag_moex.task_GOOG scheduled__2026-02-11T00:00:00+00:00 [queued]>
[2026-02-18T08:33:53.769+0000] {taskinstance.py:2076} INFO - Dependencies all met for dep_context=requeueable deps ti=<TaskInstance: dag_moex.task_GOOG scheduled__2026-02-11T00:00:00+00:00 [queued]>
[2026-02-18T08:33:53.770+0000] {taskinstance.py:2306} INFO - Starting attempt 1 of 1
[2026-02-18T08:33:53.784+0000] {taskinstance.py:2330} INFO - Executing <Task(PythonOperator): task_GOOG> on 2026-02-11 00:00:00+00:00
[2026-02-18T08:33:53.795+0000] {logging_mixin.py:188} WARNING - /home/***/.local/lib/python3.12/site-packages/***/task/task_runner/standard_task_runner.py:62 DeprecationWarning: This process (pid=4533) is multi-threaded, use of fork() may lead to deadlocks in the child.
[2026-02-18T08:33:53.795+0000] {standard_task_runner.py:90} INFO - Running: ['***', 'tasks', 'run', 'dag_moex', 'task_GOOG', 'scheduled__2026-02-11T00:00:00+00:00', '--job-id', '684', '--raw', '--subdir', 'DAGS_FOLDER/stocks/dag1.py', '--cfg-path', '/tmp/tmp3g3yf83_']
[2026-02-18T08:33:53.798+0000] {standard_task_runner.py:64} INFO - Started process 4535 to run task
[2026-02-18T08:33:53.799+0000] {standard_task_runner.py:91} INFO - Job 684: Subtask task_GOOG
[2026-02-18T08:33:53.843+0000] {task_command.py:426} INFO - Running <TaskInstance: dag_moex.task_GOOG scheduled__2026-02-11T00:00:00+00:00 [running]> on host cc036e7caf02
[2026-02-18T08:33:53.915+0000] {taskinstance.py:2648} INFO - Exporting env vars: AIRFLOW_CTX_DAG_OWNER='***' AIRFLOW_CTX_DAG_ID='dag_moex' AIRFLOW_CTX_TASK_ID='task_GOOG' AIRFLOW_CTX_EXECUTION_DATE='2026-02-11T00:00:00+00:00' AIRFLOW_CTX_TRY_NUMBER='1' AIRFLOW_CTX_DAG_RUN_ID='scheduled__2026-02-11T00:00:00+00:00'
[2026-02-18T08:33:53.916+0000] {taskinstance.py:430} INFO - ::endgroup::
[2026-02-18T08:33:53.927+0000] {logging_mixin.py:188} WARNING - /opt/***/dags/stocks/scripts/api.py:9 FutureWarning: YF.download() has changed argument auto_adjust default to True
[2026-02-18T08:33:53.935+0000] {logging_mixin.py:188} WARNING - /home/***/.local/lib/python3.12/site-packages/yfinance/scrapers/history.py:204 Pandas4Warning: Timestamp.utcnow is deprecated and will be removed in a future version. Use Timestamp.now('UTC') instead.
[2026-02-18T08:33:54.652+0000] {logging_mixin.py:188} WARNING - [*********************100%***********************]  1 of 1 completed
[2026-02-18T08:33:54.667+0000] {api.py:10} INFO - Выгрузилось
    __________________________
    Price            Close        High         Low        Open    Volume
Ticker            GOOG        GOOG        GOOG        GOOG      GOOG
Date                                                                
2026-02-10  318.630005  321.630005  314.660004  320.910004  25281900
2026-02-11  311.329987  321.045013  310.130005  318.959991  24008100
    __________________________
    
[2026-02-18T08:33:54.669+0000] {api.py:16} INFO - start=2026-02-10, end=2026-02-12
[2026-02-18T08:33:54.673+0000] {api.py:17} INFO - После удаления
    __________________________
    Price            Close        High         Low        Open    Volume
Ticker            GOOG        GOOG        GOOG        GOOG      GOOG
Date                                                                
2026-02-11  311.329987  321.045013  310.130005  318.959991  24008100
    __________________________
    
[2026-02-18T08:33:54.677+0000] {python.py:237} INFO - Done. Returned value was: None
[2026-02-18T08:33:54.678+0000] {taskinstance.py:441} INFO - ::group::Post task execution logs
[2026-02-18T08:33:54.686+0000] {taskinstance.py:1206} INFO - Marking task as SUCCESS. dag_id=dag_moex, task_id=task_GOOG, run_id=scheduled__2026-02-11T00:00:00+00:00, execution_date=20260211T000000, start_date=20260218T083353, end_date=20260218T083354
[2026-02-18T08:33:54.722+0000] {local_task_job_runner.py:243} INFO - Task exited with return code 0
[2026-02-18T08:33:54.736+0000] {taskinstance.py:3503} INFO - 0 downstream tasks scheduled from follow-on schedule check
[2026-02-18T08:33:54.737+0000] {local_task_job_runner.py:222} INFO - ::endgroup::
[2026-02-19T12:55:11.566+0000] {local_task_job_runner.py:120} INFO - ::group::Pre task execution logs
[2026-02-19T12:55:11.628+0000] {taskinstance.py:2076} INFO - Dependencies all met for dep_context=non-requeueable deps ti=<TaskInstance: dag_moex.task_GOOG scheduled__2026-02-11T00:00:00+00:00 [queued]>
[2026-02-19T12:55:11.647+0000] {taskinstance.py:2076} INFO - Dependencies all met for dep_context=requeueable deps ti=<TaskInstance: dag_moex.task_GOOG scheduled__2026-02-11T00:00:00+00:00 [queued]>
[2026-02-19T12:55:11.649+0000] {taskinstance.py:2306} INFO - Starting attempt 1 of 1
[2026-02-19T12:55:11.687+0000] {taskinstance.py:2330} INFO - Executing <Task(PythonOperator): task_GOOG> on 2026-02-11 00:00:00+00:00
[2026-02-19T12:55:11.705+0000] {logging_mixin.py:188} WARNING - /home/***/.local/lib/python3.12/site-packages/***/task/task_runner/standard_task_runner.py:62 DeprecationWarning: This process (pid=27445) is multi-threaded, use of fork() may lead to deadlocks in the child.
[2026-02-19T12:55:11.707+0000] {standard_task_runner.py:64} INFO - Started process 27457 to run task
[2026-02-19T12:55:11.712+0000] {standard_task_runner.py:90} INFO - Running: ['***', 'tasks', 'run', 'dag_moex', 'task_GOOG', 'scheduled__2026-02-11T00:00:00+00:00', '--job-id', '780', '--raw', '--subdir', 'DAGS_FOLDER/stocks/dag1.py', '--cfg-path', '/tmp/tmp7i5uqrhy']
[2026-02-19T12:55:11.717+0000] {standard_task_runner.py:91} INFO - Job 780: Subtask task_GOOG
[2026-02-19T12:55:11.847+0000] {task_command.py:426} INFO - Running <TaskInstance: dag_moex.task_GOOG scheduled__2026-02-11T00:00:00+00:00 [running]> on host cc036e7caf02
[2026-02-19T12:55:12.035+0000] {taskinstance.py:2648} INFO - Exporting env vars: AIRFLOW_CTX_DAG_OWNER='***' AIRFLOW_CTX_DAG_ID='dag_moex' AIRFLOW_CTX_TASK_ID='task_GOOG' AIRFLOW_CTX_EXECUTION_DATE='2026-02-11T00:00:00+00:00' AIRFLOW_CTX_TRY_NUMBER='1' AIRFLOW_CTX_DAG_RUN_ID='scheduled__2026-02-11T00:00:00+00:00'
[2026-02-19T12:55:12.039+0000] {taskinstance.py:430} INFO - ::endgroup::
[2026-02-19T12:55:12.066+0000] {logging_mixin.py:188} WARNING - /opt/***/dags/stocks/scripts/api.py:10 FutureWarning: YF.download() has changed argument auto_adjust default to True
[2026-02-19T12:55:12.107+0000] {logging_mixin.py:188} WARNING - /home/***/.local/lib/python3.12/site-packages/yfinance/scrapers/history.py:204 Pandas4Warning: Timestamp.utcnow is deprecated and will be removed in a future version. Use Timestamp.now('UTC') instead.
[2026-02-19T12:55:12.806+0000] {logging_mixin.py:188} WARNING - [*********************100%***********************]  1 of 1 completed
[2026-02-19T12:55:12.820+0000] {api.py:11} INFO - Выгрузилось
    __________________________
    Price            Close        High         Low        Open    Volume
Ticker            GOOG        GOOG        GOOG        GOOG      GOOG
Date                                                                
2026-02-10  318.630005  321.630005  314.660004  320.910004  25281900
2026-02-11  311.329987  321.045013  310.130005  318.959991  24008100
    __________________________
    
[2026-02-19T12:55:12.821+0000] {api.py:17} INFO - start=2026-02-10, end=2026-02-12
[2026-02-19T12:55:12.827+0000] {api.py:18} INFO - После удаления
    __________________________
    Price            Close        High         Low        Open    Volume
Ticker            GOOG        GOOG        GOOG        GOOG      GOOG
Date                                                                
2026-02-11  311.329987  321.045013  310.130005  318.959991  24008100
    __________________________
    
[2026-02-19T12:55:12.837+0000] {base.py:84} INFO - Using connection ID 'pg_1' for task execution.
[2026-02-19T12:55:12.838+0000] {sql.py:254} WARNING - This setter is for backward compatibility and should not be used.
Since the introduction of connection property, the providers listed below breaks due to assigning value to self.connection in their __init__ method.
* apache-***-providers-mysql<5.7.1
* apache-***-providers-elasticsearch<5.5.1
* apache-***-providers-postgres<5.13.0
[2026-02-19T12:55:12.844+0000] {sql.py:896} INFO - Loaded 1 rows into stocks so far
[2026-02-19T12:55:12.845+0000] {sql.py:908} INFO - Done loading. Loaded a total of 1 rows into stocks
[2026-02-19T12:55:12.849+0000] {python.py:237} INFO - Done. Returned value was: None
[2026-02-19T12:55:12.850+0000] {taskinstance.py:441} INFO - ::group::Post task execution logs
[2026-02-19T12:55:12.858+0000] {taskinstance.py:1206} INFO - Marking task as SUCCESS. dag_id=dag_moex, task_id=task_GOOG, run_id=scheduled__2026-02-11T00:00:00+00:00, execution_date=20260211T000000, start_date=20260219T125511, end_date=20260219T125512
[2026-02-19T12:55:12.904+0000] {local_task_job_runner.py:243} INFO - Task exited with return code 0
[2026-02-19T12:55:12.921+0000] {taskinstance.py:3503} INFO - 0 downstream tasks scheduled from follow-on schedule check
[2026-02-19T12:55:12.923+0000] {local_task_job_runner.py:222} INFO - ::endgroup::
[2026-02-19T12:57:58.287+0000] {local_task_job_runner.py:120} INFO - ::group::Pre task execution logs
[2026-02-19T12:57:58.345+0000] {taskinstance.py:2076} INFO - Dependencies all met for dep_context=non-requeueable deps ti=<TaskInstance: dag_moex.task_GOOG scheduled__2026-02-11T00:00:00+00:00 [queued]>
[2026-02-19T12:57:58.357+0000] {taskinstance.py:2076} INFO - Dependencies all met for dep_context=requeueable deps ti=<TaskInstance: dag_moex.task_GOOG scheduled__2026-02-11T00:00:00+00:00 [queued]>
[2026-02-19T12:57:58.358+0000] {taskinstance.py:2306} INFO - Starting attempt 1 of 1
[2026-02-19T12:57:58.378+0000] {taskinstance.py:2330} INFO - Executing <Task(PythonOperator): task_GOOG> on 2026-02-11 00:00:00+00:00
[2026-02-19T12:57:58.395+0000] {logging_mixin.py:188} WARNING - /home/***/.local/lib/python3.12/site-packages/***/task/task_runner/standard_task_runner.py:62 DeprecationWarning: This process (pid=27648) is multi-threaded, use of fork() may lead to deadlocks in the child.
[2026-02-19T12:57:58.398+0000] {standard_task_runner.py:64} INFO - Started process 27675 to run task
[2026-02-19T12:57:58.401+0000] {standard_task_runner.py:90} INFO - Running: ['***', 'tasks', 'run', 'dag_moex', 'task_GOOG', 'scheduled__2026-02-11T00:00:00+00:00', '--job-id', '819', '--raw', '--subdir', 'DAGS_FOLDER/stocks/dag1.py', '--cfg-path', '/tmp/tmpbnruvnhu']
[2026-02-19T12:57:58.406+0000] {standard_task_runner.py:91} INFO - Job 819: Subtask task_GOOG
[2026-02-19T12:57:58.531+0000] {task_command.py:426} INFO - Running <TaskInstance: dag_moex.task_GOOG scheduled__2026-02-11T00:00:00+00:00 [running]> on host cc036e7caf02
[2026-02-19T12:57:58.672+0000] {taskinstance.py:2648} INFO - Exporting env vars: AIRFLOW_CTX_DAG_OWNER='***' AIRFLOW_CTX_DAG_ID='dag_moex' AIRFLOW_CTX_TASK_ID='task_GOOG' AIRFLOW_CTX_EXECUTION_DATE='2026-02-11T00:00:00+00:00' AIRFLOW_CTX_TRY_NUMBER='1' AIRFLOW_CTX_DAG_RUN_ID='scheduled__2026-02-11T00:00:00+00:00'
[2026-02-19T12:57:58.679+0000] {taskinstance.py:430} INFO - ::endgroup::
[2026-02-19T12:57:58.703+0000] {logging_mixin.py:188} WARNING - /opt/***/dags/stocks/scripts/api.py:10 FutureWarning: YF.download() has changed argument auto_adjust default to True
[2026-02-19T12:57:58.716+0000] {logging_mixin.py:188} WARNING - /home/***/.local/lib/python3.12/site-packages/yfinance/scrapers/history.py:204 Pandas4Warning: Timestamp.utcnow is deprecated and will be removed in a future version. Use Timestamp.now('UTC') instead.
[2026-02-19T12:57:59.450+0000] {logging_mixin.py:188} WARNING - [*********************100%***********************]  1 of 1 completed
[2026-02-19T12:57:59.470+0000] {api.py:11} INFO - Выгрузилось
    __________________________
    Price            Close        High         Low        Open    Volume
Ticker            GOOG        GOOG        GOOG        GOOG      GOOG
Date                                                                
2026-02-10  318.630005  321.630005  314.660004  320.910004  25281900
2026-02-11  311.329987  321.045013  310.130005  318.959991  24008100
    __________________________
    
[2026-02-19T12:57:59.472+0000] {api.py:17} INFO - start=2026-02-10, end=2026-02-12
[2026-02-19T12:57:59.480+0000] {api.py:18} INFO - После удаления
    __________________________
    Price            Close        High         Low        Open    Volume
Ticker            GOOG        GOOG        GOOG        GOOG      GOOG
Date                                                                
2026-02-11  311.329987  321.045013  310.130005  318.959991  24008100
    __________________________
    
[2026-02-19T12:57:59.493+0000] {base.py:84} INFO - Using connection ID 'pg_1' for task execution.
[2026-02-19T12:57:59.494+0000] {sql.py:254} WARNING - This setter is for backward compatibility and should not be used.
Since the introduction of connection property, the providers listed below breaks due to assigning value to self.connection in their __init__ method.
* apache-***-providers-mysql<5.7.1
* apache-***-providers-elasticsearch<5.5.1
* apache-***-providers-postgres<5.13.0
[2026-02-19T12:57:59.499+0000] {taskinstance.py:441} INFO - ::group::Post task execution logs
[2026-02-19T12:57:59.500+0000] {taskinstance.py:2905} ERROR - Task failed with exception
Traceback (most recent call last):
  File "/home/airflow/.local/lib/python3.12/site-packages/airflow/models/taskinstance.py", line 465, in _execute_task
    result = _execute_callable(context=context, **execute_callable_kwargs)
             ^^^^^^^^^^^^^^^^^^^^^^^^^^^^^^^^^^^^^^^^^^^^^^^^^^^^^^^^^^^^^
  File "/home/airflow/.local/lib/python3.12/site-packages/airflow/models/taskinstance.py", line 432, in _execute_callable
    return execute_callable(context=context, **execute_callable_kwargs)
           ^^^^^^^^^^^^^^^^^^^^^^^^^^^^^^^^^^^^^^^^^^^^^^^^^^^^^^^^^^^^
  File "/home/airflow/.local/lib/python3.12/site-packages/airflow/models/baseoperator.py", line 401, in wrapper
    return func(self, *args, **kwargs)
           ^^^^^^^^^^^^^^^^^^^^^^^^^^^
  File "/home/airflow/.local/lib/python3.12/site-packages/airflow/operators/python.py", line 235, in execute
    return_value = self.execute_callable()
                   ^^^^^^^^^^^^^^^^^^^^^^^
  File "/home/airflow/.local/lib/python3.12/site-packages/airflow/operators/python.py", line 252, in execute_callable
    return self.python_callable(*self.op_args, **self.op_kwargs)
           ^^^^^^^^^^^^^^^^^^^^^^^^^^^^^^^^^^^^^^^^^^^^^^^^^^^^^
  File "/opt/airflow/dags/stocks/scripts/manager.py", line 24, in fetch_data
    postgresHook.insert_rows(table="stocks", rows=rows,
  File "/home/airflow/.local/lib/python3.12/site-packages/airflow/providers/common/sql/hooks/sql.py", line 893, in insert_rows
    cur.executemany(sql, values)
psycopg2.errors.UniqueViolation: duplicate key value violates unique constraint "stocks_pkey"
DETAIL:  Key (ticker, date)=(GOOG, 2026-02-11) already exists.

[2026-02-19T12:57:59.514+0000] {taskinstance.py:1206} INFO - Marking task as FAILED. dag_id=dag_moex, task_id=task_GOOG, run_id=scheduled__2026-02-11T00:00:00+00:00, execution_date=20260211T000000, start_date=20260219T125758, end_date=20260219T125759
[2026-02-19T12:57:59.527+0000] {standard_task_runner.py:110} ERROR - Failed to execute job 819 for task task_GOOG (duplicate key value violates unique constraint "stocks_pkey"
DETAIL:  Key (ticker, date)=(GOOG, 2026-02-11) already exists.
; 27675)
[2026-02-19T12:57:59.547+0000] {local_task_job_runner.py:243} INFO - Task exited with return code 1
[2026-02-19T12:57:59.563+0000] {taskinstance.py:3503} INFO - 0 downstream tasks scheduled from follow-on schedule check
[2026-02-19T12:57:59.566+0000] {local_task_job_runner.py:222} INFO - ::endgroup::
[2026-02-19T14:19:23.019+0000] {local_task_job_runner.py:120} INFO - ::group::Pre task execution logs
[2026-02-19T14:19:23.044+0000] {taskinstance.py:2076} INFO - Dependencies all met for dep_context=non-requeueable deps ti=<TaskInstance: dag_moex.task_GOOG scheduled__2026-02-11T00:00:00+00:00 [queued]>
[2026-02-19T14:19:23.052+0000] {taskinstance.py:2076} INFO - Dependencies all met for dep_context=requeueable deps ti=<TaskInstance: dag_moex.task_GOOG scheduled__2026-02-11T00:00:00+00:00 [queued]>
[2026-02-19T14:19:23.052+0000] {taskinstance.py:2306} INFO - Starting attempt 1 of 1
[2026-02-19T14:19:23.063+0000] {taskinstance.py:2330} INFO - Executing <Task(PythonOperator): task_GOOG> on 2026-02-11 00:00:00+00:00
[2026-02-19T14:19:23.073+0000] {logging_mixin.py:188} WARNING - /home/***/.local/lib/python3.12/site-packages/***/task/task_runner/standard_task_runner.py:62 DeprecationWarning: This process (pid=30689) is multi-threaded, use of fork() may lead to deadlocks in the child.
[2026-02-19T14:19:23.073+0000] {standard_task_runner.py:90} INFO - Running: ['***', 'tasks', 'run', 'dag_moex', 'task_GOOG', 'scheduled__2026-02-11T00:00:00+00:00', '--job-id', '1098', '--raw', '--subdir', 'DAGS_FOLDER/stocks/dag1.py', '--cfg-path', '/tmp/tmpn074vdwl']
[2026-02-19T14:19:23.075+0000] {standard_task_runner.py:64} INFO - Started process 30691 to run task
[2026-02-19T14:19:23.075+0000] {standard_task_runner.py:91} INFO - Job 1098: Subtask task_GOOG
[2026-02-19T14:19:23.112+0000] {task_command.py:426} INFO - Running <TaskInstance: dag_moex.task_GOOG scheduled__2026-02-11T00:00:00+00:00 [running]> on host cc036e7caf02
[2026-02-19T14:19:23.177+0000] {taskinstance.py:2648} INFO - Exporting env vars: AIRFLOW_CTX_DAG_OWNER='***' AIRFLOW_CTX_DAG_ID='dag_moex' AIRFLOW_CTX_TASK_ID='task_GOOG' AIRFLOW_CTX_EXECUTION_DATE='2026-02-11T00:00:00+00:00' AIRFLOW_CTX_TRY_NUMBER='1' AIRFLOW_CTX_DAG_RUN_ID='scheduled__2026-02-11T00:00:00+00:00'
[2026-02-19T14:19:23.178+0000] {taskinstance.py:430} INFO - ::endgroup::
[2026-02-19T14:19:23.187+0000] {logging_mixin.py:188} WARNING - /opt/***/dags/stocks/scripts/api.py:9 FutureWarning: YF.download() has changed argument auto_adjust default to True
[2026-02-19T14:19:23.195+0000] {logging_mixin.py:188} WARNING - /home/***/.local/lib/python3.12/site-packages/yfinance/scrapers/history.py:204 Pandas4Warning: Timestamp.utcnow is deprecated and will be removed in a future version. Use Timestamp.now('UTC') instead.
[2026-02-19T14:19:23.827+0000] {logging_mixin.py:188} WARNING - [*********************100%***********************]  1 of 1 completed
[2026-02-19T14:19:23.844+0000] {api.py:10} INFO - Выгрузилось
    __________________________
    Price            Close        High         Low        Open    Volume
Ticker            GOOG        GOOG        GOOG        GOOG      GOOG
Date                                                                
2026-02-10  318.630005  321.630005  314.660004  320.910004  25281900
2026-02-11  311.329987  321.045013  310.130005  318.959991  24008100
    __________________________
    
[2026-02-19T14:19:23.845+0000] {api.py:16} INFO - start=2026-02-10, end=2026-02-12
[2026-02-19T14:19:23.850+0000] {api.py:17} INFO - После удаления
    __________________________
    Price            Close        High         Low        Open    Volume
Ticker            GOOG        GOOG        GOOG        GOOG      GOOG
Date                                                                
2026-02-11  311.329987  321.045013  310.130005  318.959991  24008100
    __________________________
    
[2026-02-19T14:19:23.860+0000] {base.py:84} INFO - Using connection ID 'pg_1' for task execution.
[2026-02-19T14:19:23.860+0000] {sql.py:254} WARNING - This setter is for backward compatibility and should not be used.
Since the introduction of connection property, the providers listed below breaks due to assigning value to self.connection in their __init__ method.
* apache-***-providers-mysql<5.7.1
* apache-***-providers-elasticsearch<5.5.1
* apache-***-providers-postgres<5.13.0
[2026-02-19T14:19:23.865+0000] {sql.py:896} INFO - Loaded 1 rows into stocks so far
[2026-02-19T14:19:23.865+0000] {sql.py:908} INFO - Done loading. Loaded a total of 1 rows into stocks
[2026-02-19T14:19:23.870+0000] {python.py:237} INFO - Done. Returned value was: None
[2026-02-19T14:19:23.870+0000] {taskinstance.py:441} INFO - ::group::Post task execution logs
[2026-02-19T14:19:23.877+0000] {taskinstance.py:1206} INFO - Marking task as SUCCESS. dag_id=dag_moex, task_id=task_GOOG, run_id=scheduled__2026-02-11T00:00:00+00:00, execution_date=20260211T000000, start_date=20260219T141923, end_date=20260219T141923
[2026-02-19T14:19:23.931+0000] {local_task_job_runner.py:243} INFO - Task exited with return code 0
[2026-02-19T14:19:23.944+0000] {taskinstance.py:3503} INFO - 0 downstream tasks scheduled from follow-on schedule check
[2026-02-19T14:19:23.946+0000] {local_task_job_runner.py:222} INFO - ::endgroup::
[2026-02-19T14:21:01.856+0000] {local_task_job_runner.py:120} INFO - ::group::Pre task execution logs
[2026-02-19T14:21:01.910+0000] {taskinstance.py:2076} INFO - Dependencies all met for dep_context=non-requeueable deps ti=<TaskInstance: dag_moex.task_GOOG scheduled__2026-02-11T00:00:00+00:00 [queued]>
[2026-02-19T14:21:01.928+0000] {taskinstance.py:2076} INFO - Dependencies all met for dep_context=requeueable deps ti=<TaskInstance: dag_moex.task_GOOG scheduled__2026-02-11T00:00:00+00:00 [queued]>
[2026-02-19T14:21:01.930+0000] {taskinstance.py:2306} INFO - Starting attempt 1 of 1
[2026-02-19T14:21:01.951+0000] {taskinstance.py:2330} INFO - Executing <Task(PythonOperator): task_GOOG> on 2026-02-11 00:00:00+00:00
[2026-02-19T14:21:01.970+0000] {logging_mixin.py:188} WARNING - /home/***/.local/lib/python3.12/site-packages/***/task/task_runner/standard_task_runner.py:62 DeprecationWarning: This process (pid=30947) is multi-threaded, use of fork() may lead to deadlocks in the child.
[2026-02-19T14:21:01.973+0000] {standard_task_runner.py:64} INFO - Started process 30981 to run task
[2026-02-19T14:21:01.977+0000] {standard_task_runner.py:90} INFO - Running: ['***', 'tasks', 'run', 'dag_moex', 'task_GOOG', 'scheduled__2026-02-11T00:00:00+00:00', '--job-id', '1157', '--raw', '--subdir', 'DAGS_FOLDER/stocks/dag1.py', '--cfg-path', '/tmp/tmp4mcey0y_']
[2026-02-19T14:21:01.982+0000] {standard_task_runner.py:91} INFO - Job 1157: Subtask task_GOOG
[2026-02-19T14:21:02.071+0000] {task_command.py:426} INFO - Running <TaskInstance: dag_moex.task_GOOG scheduled__2026-02-11T00:00:00+00:00 [running]> on host cc036e7caf02
[2026-02-19T14:21:02.275+0000] {taskinstance.py:2648} INFO - Exporting env vars: AIRFLOW_CTX_DAG_OWNER='***' AIRFLOW_CTX_DAG_ID='dag_moex' AIRFLOW_CTX_TASK_ID='task_GOOG' AIRFLOW_CTX_EXECUTION_DATE='2026-02-11T00:00:00+00:00' AIRFLOW_CTX_TRY_NUMBER='1' AIRFLOW_CTX_DAG_RUN_ID='scheduled__2026-02-11T00:00:00+00:00'
[2026-02-19T14:21:02.277+0000] {taskinstance.py:430} INFO - ::endgroup::
[2026-02-19T14:21:02.297+0000] {logging_mixin.py:188} WARNING - /opt/***/dags/stocks/scripts/api.py:9 FutureWarning: YF.download() has changed argument auto_adjust default to True
[2026-02-19T14:21:02.310+0000] {logging_mixin.py:188} WARNING - /home/***/.local/lib/python3.12/site-packages/yfinance/scrapers/history.py:204 Pandas4Warning: Timestamp.utcnow is deprecated and will be removed in a future version. Use Timestamp.now('UTC') instead.
[2026-02-19T14:21:03.222+0000] {logging_mixin.py:188} WARNING - [*********************100%***********************]  1 of 1 completed
[2026-02-19T14:21:03.236+0000] {api.py:10} INFO - Выгрузилось
    __________________________
    Price            Close        High         Low        Open    Volume
Ticker            GOOG        GOOG        GOOG        GOOG      GOOG
Date                                                                
2026-02-10  318.630005  321.630005  314.660004  320.910004  25281900
2026-02-11  311.329987  321.045013  310.130005  318.959991  24008100
    __________________________
    
[2026-02-19T14:21:03.237+0000] {api.py:16} INFO - start=2026-02-10, end=2026-02-12
[2026-02-19T14:21:03.242+0000] {api.py:17} INFO - После удаления
    __________________________
    Price            Close        High         Low        Open    Volume
Ticker            GOOG        GOOG        GOOG        GOOG      GOOG
Date                                                                
2026-02-11  311.329987  321.045013  310.130005  318.959991  24008100
    __________________________
    
[2026-02-19T14:21:03.256+0000] {base.py:84} INFO - Using connection ID 'pg_1' for task execution.
[2026-02-19T14:21:03.257+0000] {sql.py:254} WARNING - This setter is for backward compatibility and should not be used.
Since the introduction of connection property, the providers listed below breaks due to assigning value to self.connection in their __init__ method.
* apache-***-providers-mysql<5.7.1
* apache-***-providers-elasticsearch<5.5.1
* apache-***-providers-postgres<5.13.0
[2026-02-19T14:21:03.263+0000] {taskinstance.py:441} INFO - ::group::Post task execution logs
[2026-02-19T14:21:03.263+0000] {taskinstance.py:2905} ERROR - Task failed with exception
Traceback (most recent call last):
  File "/home/airflow/.local/lib/python3.12/site-packages/airflow/models/taskinstance.py", line 465, in _execute_task
    result = _execute_callable(context=context, **execute_callable_kwargs)
             ^^^^^^^^^^^^^^^^^^^^^^^^^^^^^^^^^^^^^^^^^^^^^^^^^^^^^^^^^^^^^
  File "/home/airflow/.local/lib/python3.12/site-packages/airflow/models/taskinstance.py", line 432, in _execute_callable
    return execute_callable(context=context, **execute_callable_kwargs)
           ^^^^^^^^^^^^^^^^^^^^^^^^^^^^^^^^^^^^^^^^^^^^^^^^^^^^^^^^^^^^
  File "/home/airflow/.local/lib/python3.12/site-packages/airflow/models/baseoperator.py", line 401, in wrapper
    return func(self, *args, **kwargs)
           ^^^^^^^^^^^^^^^^^^^^^^^^^^^
  File "/home/airflow/.local/lib/python3.12/site-packages/airflow/operators/python.py", line 235, in execute
    return_value = self.execute_callable()
                   ^^^^^^^^^^^^^^^^^^^^^^^
  File "/home/airflow/.local/lib/python3.12/site-packages/airflow/operators/python.py", line 252, in execute_callable
    return self.python_callable(*self.op_args, **self.op_kwargs)
           ^^^^^^^^^^^^^^^^^^^^^^^^^^^^^^^^^^^^^^^^^^^^^^^^^^^^^
  File "/opt/airflow/dags/stocks/scripts/manager.py", line 24, in fetch_data
    postgresHook.insert_rows(table="stocks", rows=rows,
  File "/home/airflow/.local/lib/python3.12/site-packages/airflow/providers/common/sql/hooks/sql.py", line 893, in insert_rows
    cur.executemany(sql, values)
psycopg2.errors.UniqueViolation: duplicate key value violates unique constraint "stocks_pkey"
DETAIL:  Key (ticker, date)=(GOOG, 2026-02-11) already exists.

[2026-02-19T14:21:03.277+0000] {taskinstance.py:1206} INFO - Marking task as FAILED. dag_id=dag_moex, task_id=task_GOOG, run_id=scheduled__2026-02-11T00:00:00+00:00, execution_date=20260211T000000, start_date=20260219T142101, end_date=20260219T142103
[2026-02-19T14:21:03.291+0000] {standard_task_runner.py:110} ERROR - Failed to execute job 1157 for task task_GOOG (duplicate key value violates unique constraint "stocks_pkey"
DETAIL:  Key (ticker, date)=(GOOG, 2026-02-11) already exists.
; 30981)
[2026-02-19T14:21:03.319+0000] {local_task_job_runner.py:243} INFO - Task exited with return code 1
[2026-02-19T14:21:03.335+0000] {taskinstance.py:3503} INFO - 0 downstream tasks scheduled from follow-on schedule check
[2026-02-19T14:21:03.337+0000] {local_task_job_runner.py:222} INFO - ::endgroup::
[2026-02-19T14:27:41.685+0000] {local_task_job_runner.py:120} INFO - ::group::Pre task execution logs
[2026-02-19T14:27:41.802+0000] {taskinstance.py:2076} INFO - Dependencies all met for dep_context=non-requeueable deps ti=<TaskInstance: dag_moex.task_GOOG scheduled__2026-02-11T00:00:00+00:00 [queued]>
[2026-02-19T14:27:41.845+0000] {taskinstance.py:2076} INFO - Dependencies all met for dep_context=requeueable deps ti=<TaskInstance: dag_moex.task_GOOG scheduled__2026-02-11T00:00:00+00:00 [queued]>
[2026-02-19T14:27:41.846+0000] {taskinstance.py:2306} INFO - Starting attempt 1 of 1
[2026-02-19T14:27:41.880+0000] {taskinstance.py:2330} INFO - Executing <Task(PythonOperator): task_GOOG> on 2026-02-11 00:00:00+00:00
[2026-02-19T14:27:41.899+0000] {logging_mixin.py:188} WARNING - /home/***/.local/lib/python3.12/site-packages/***/task/task_runner/standard_task_runner.py:62 DeprecationWarning: This process (pid=31318) is multi-threaded, use of fork() may lead to deadlocks in the child.
[2026-02-19T14:27:41.909+0000] {standard_task_runner.py:64} INFO - Started process 31350 to run task
[2026-02-19T14:27:41.924+0000] {standard_task_runner.py:90} INFO - Running: ['***', 'tasks', 'run', 'dag_moex', 'task_GOOG', 'scheduled__2026-02-11T00:00:00+00:00', '--job-id', '1208', '--raw', '--subdir', 'DAGS_FOLDER/stocks/dag1.py', '--cfg-path', '/tmp/tmp0249yg89']
[2026-02-19T14:27:41.930+0000] {standard_task_runner.py:91} INFO - Job 1208: Subtask task_GOOG
[2026-02-19T14:27:42.088+0000] {task_command.py:426} INFO - Running <TaskInstance: dag_moex.task_GOOG scheduled__2026-02-11T00:00:00+00:00 [running]> on host cc036e7caf02
[2026-02-19T14:27:42.386+0000] {taskinstance.py:2648} INFO - Exporting env vars: AIRFLOW_CTX_DAG_OWNER='***' AIRFLOW_CTX_DAG_ID='dag_moex' AIRFLOW_CTX_TASK_ID='task_GOOG' AIRFLOW_CTX_EXECUTION_DATE='2026-02-11T00:00:00+00:00' AIRFLOW_CTX_TRY_NUMBER='1' AIRFLOW_CTX_DAG_RUN_ID='scheduled__2026-02-11T00:00:00+00:00'
[2026-02-19T14:27:42.397+0000] {taskinstance.py:430} INFO - ::endgroup::
[2026-02-19T14:27:42.432+0000] {logging_mixin.py:188} WARNING - /opt/***/dags/stocks/scripts/api.py:9 FutureWarning: YF.download() has changed argument auto_adjust default to True
[2026-02-19T14:27:42.450+0000] {logging_mixin.py:188} WARNING - /home/***/.local/lib/python3.12/site-packages/yfinance/scrapers/history.py:204 Pandas4Warning: Timestamp.utcnow is deprecated and will be removed in a future version. Use Timestamp.now('UTC') instead.
[2026-02-19T14:27:43.087+0000] {logging_mixin.py:188} WARNING - [*********************100%***********************]  1 of 1 completed
[2026-02-19T14:27:43.101+0000] {api.py:10} INFO - Выгрузилось
    __________________________
    Price            Close        High         Low        Open    Volume
Ticker            GOOG        GOOG        GOOG        GOOG      GOOG
Date                                                                
2026-02-10  318.630005  321.630005  314.660004  320.910004  25281900
2026-02-11  311.329987  321.045013  310.130005  318.959991  24008100
    __________________________
    
[2026-02-19T14:27:43.103+0000] {api.py:16} INFO - start=2026-02-10, end=2026-02-12
[2026-02-19T14:27:43.108+0000] {api.py:17} INFO - После удаления
    __________________________
    Price            Close        High         Low        Open    Volume
Ticker            GOOG        GOOG        GOOG        GOOG      GOOG
Date                                                                
2026-02-11  311.329987  321.045013  310.130005  318.959991  24008100
    __________________________
    
[2026-02-19T14:27:43.118+0000] {base.py:84} INFO - Using connection ID 'pg_1' for task execution.
[2026-02-19T14:27:43.119+0000] {sql.py:254} WARNING - This setter is for backward compatibility and should not be used.
Since the introduction of connection property, the providers listed below breaks due to assigning value to self.connection in their __init__ method.
* apache-***-providers-mysql<5.7.1
* apache-***-providers-elasticsearch<5.5.1
* apache-***-providers-postgres<5.13.0
[2026-02-19T14:27:43.124+0000] {sql.py:896} INFO - Loaded 1 rows into stocks so far
[2026-02-19T14:27:43.125+0000] {sql.py:908} INFO - Done loading. Loaded a total of 1 rows into stocks
[2026-02-19T14:27:43.130+0000] {python.py:237} INFO - Done. Returned value was: None
[2026-02-19T14:27:43.131+0000] {taskinstance.py:441} INFO - ::group::Post task execution logs
[2026-02-19T14:27:43.138+0000] {taskinstance.py:1206} INFO - Marking task as SUCCESS. dag_id=dag_moex, task_id=task_GOOG, run_id=scheduled__2026-02-11T00:00:00+00:00, execution_date=20260211T000000, start_date=20260219T142741, end_date=20260219T142743
[2026-02-19T14:27:43.191+0000] {local_task_job_runner.py:243} INFO - Task exited with return code 0
[2026-02-19T14:27:43.210+0000] {taskinstance.py:3503} INFO - 0 downstream tasks scheduled from follow-on schedule check
[2026-02-19T14:27:43.212+0000] {local_task_job_runner.py:222} INFO - ::endgroup::
[2026-02-19T14:40:57.430+0000] {local_task_job_runner.py:120} INFO - ::group::Pre task execution logs
[2026-02-19T14:40:57.452+0000] {taskinstance.py:2076} INFO - Dependencies all met for dep_context=non-requeueable deps ti=<TaskInstance: dag_moex.task_GOOG scheduled__2026-02-11T00:00:00+00:00 [queued]>
[2026-02-19T14:40:57.457+0000] {taskinstance.py:2076} INFO - Dependencies all met for dep_context=requeueable deps ti=<TaskInstance: dag_moex.task_GOOG scheduled__2026-02-11T00:00:00+00:00 [queued]>
[2026-02-19T14:40:57.458+0000] {taskinstance.py:2306} INFO - Starting attempt 1 of 1
[2026-02-19T14:40:57.466+0000] {taskinstance.py:2330} INFO - Executing <Task(PythonOperator): task_GOOG> on 2026-02-11 00:00:00+00:00
[2026-02-19T14:40:57.474+0000] {logging_mixin.py:188} WARNING - /home/***/.local/lib/python3.12/site-packages/***/task/task_runner/standard_task_runner.py:62 DeprecationWarning: This process (pid=31846) is multi-threaded, use of fork() may lead to deadlocks in the child.
[2026-02-19T14:40:57.475+0000] {standard_task_runner.py:64} INFO - Started process 31848 to run task
[2026-02-19T14:40:57.474+0000] {standard_task_runner.py:90} INFO - Running: ['***', 'tasks', 'run', 'dag_moex', 'task_GOOG', 'scheduled__2026-02-11T00:00:00+00:00', '--job-id', '1263', '--raw', '--subdir', 'DAGS_FOLDER/stocks/dag1.py', '--cfg-path', '/tmp/tmpt9z_faqn']
[2026-02-19T14:40:57.475+0000] {standard_task_runner.py:91} INFO - Job 1263: Subtask task_GOOG
[2026-02-19T14:40:57.506+0000] {task_command.py:426} INFO - Running <TaskInstance: dag_moex.task_GOOG scheduled__2026-02-11T00:00:00+00:00 [running]> on host cc036e7caf02
[2026-02-19T14:40:57.558+0000] {taskinstance.py:2648} INFO - Exporting env vars: AIRFLOW_CTX_DAG_OWNER='***' AIRFLOW_CTX_DAG_ID='dag_moex' AIRFLOW_CTX_TASK_ID='task_GOOG' AIRFLOW_CTX_EXECUTION_DATE='2026-02-11T00:00:00+00:00' AIRFLOW_CTX_TRY_NUMBER='1' AIRFLOW_CTX_DAG_RUN_ID='scheduled__2026-02-11T00:00:00+00:00'
[2026-02-19T14:40:57.559+0000] {taskinstance.py:430} INFO - ::endgroup::
[2026-02-19T14:40:57.568+0000] {logging_mixin.py:188} WARNING - /opt/***/dags/stocks/scripts/api.py:9 FutureWarning: YF.download() has changed argument auto_adjust default to True
[2026-02-19T14:40:57.575+0000] {logging_mixin.py:188} WARNING - /home/***/.local/lib/python3.12/site-packages/yfinance/scrapers/history.py:204 Pandas4Warning: Timestamp.utcnow is deprecated and will be removed in a future version. Use Timestamp.now('UTC') instead.
[2026-02-19T14:40:58.221+0000] {logging_mixin.py:188} WARNING - [*********************100%***********************]  1 of 1 completed
[2026-02-19T14:40:58.235+0000] {api.py:10} INFO - Выгрузилось
    __________________________
    Price            Close        High         Low        Open    Volume
Ticker            GOOG        GOOG        GOOG        GOOG      GOOG
Date                                                                
2026-02-10  318.630005  321.630005  314.660004  320.910004  25281900
2026-02-11  311.329987  321.045013  310.130005  318.959991  24008100
    __________________________
    
[2026-02-19T14:40:58.235+0000] {taskinstance.py:441} INFO - ::group::Post task execution logs
[2026-02-19T14:40:58.236+0000] {taskinstance.py:2905} ERROR - Task failed with exception
Traceback (most recent call last):
  File "/home/airflow/.local/lib/python3.12/site-packages/airflow/models/taskinstance.py", line 465, in _execute_task
    result = _execute_callable(context=context, **execute_callable_kwargs)
             ^^^^^^^^^^^^^^^^^^^^^^^^^^^^^^^^^^^^^^^^^^^^^^^^^^^^^^^^^^^^^
  File "/home/airflow/.local/lib/python3.12/site-packages/airflow/models/taskinstance.py", line 432, in _execute_callable
    return execute_callable(context=context, **execute_callable_kwargs)
           ^^^^^^^^^^^^^^^^^^^^^^^^^^^^^^^^^^^^^^^^^^^^^^^^^^^^^^^^^^^^
  File "/home/airflow/.local/lib/python3.12/site-packages/airflow/models/baseoperator.py", line 401, in wrapper
    return func(self, *args, **kwargs)
           ^^^^^^^^^^^^^^^^^^^^^^^^^^^
  File "/home/airflow/.local/lib/python3.12/site-packages/airflow/operators/python.py", line 235, in execute
    return_value = self.execute_callable()
                   ^^^^^^^^^^^^^^^^^^^^^^^
  File "/home/airflow/.local/lib/python3.12/site-packages/airflow/operators/python.py", line 252, in execute_callable
    return self.python_callable(*self.op_args, **self.op_kwargs)
           ^^^^^^^^^^^^^^^^^^^^^^^^^^^^^^^^^^^^^^^^^^^^^^^^^^^^^
  File "/opt/airflow/dags/stocks/scripts/manager.py", line 11, in fetch_data
    data = fetch_data_from_yfinance(stock, data_interval_start=data_interval_start, data_interval_end=data_interval_end)
           ^^^^^^^^^^^^^^^^^^^^^^^^^^^^^^^^^^^^^^^^^^^^^^^^^^^^^^^^^^^^^^^^^^^^^^^^^^^^^^^^^^^^^^^^^^^^^^^^^^^^^^^^^^^^^
  File "/opt/airflow/dags/stocks/scripts/api.py", line 15, in fetch_data_from_yfinance
    df = df.loc[start:start + timedelta(days=1)]
                      ~~~~~~^~~~~~~~~~~~~~~~~~~
TypeError: can only concatenate str (not "datetime.timedelta") to str
[2026-02-19T14:40:58.247+0000] {taskinstance.py:1206} INFO - Marking task as FAILED. dag_id=dag_moex, task_id=task_GOOG, run_id=scheduled__2026-02-11T00:00:00+00:00, execution_date=20260211T000000, start_date=20260219T144057, end_date=20260219T144058
[2026-02-19T14:40:58.266+0000] {standard_task_runner.py:110} ERROR - Failed to execute job 1263 for task task_GOOG (can only concatenate str (not "datetime.timedelta") to str; 31848)
[2026-02-19T14:40:58.289+0000] {local_task_job_runner.py:243} INFO - Task exited with return code 1
[2026-02-19T14:40:58.300+0000] {taskinstance.py:3503} INFO - 0 downstream tasks scheduled from follow-on schedule check
[2026-02-19T14:40:58.302+0000] {local_task_job_runner.py:222} INFO - ::endgroup::
[2026-02-19T14:45:04.681+0000] {local_task_job_runner.py:120} INFO - ::group::Pre task execution logs
[2026-02-19T14:45:04.705+0000] {taskinstance.py:2076} INFO - Dependencies all met for dep_context=non-requeueable deps ti=<TaskInstance: dag_moex.task_GOOG scheduled__2026-02-11T00:00:00+00:00 [queued]>
[2026-02-19T14:45:04.711+0000] {taskinstance.py:2076} INFO - Dependencies all met for dep_context=requeueable deps ti=<TaskInstance: dag_moex.task_GOOG scheduled__2026-02-11T00:00:00+00:00 [queued]>
[2026-02-19T14:45:04.711+0000] {taskinstance.py:2306} INFO - Starting attempt 1 of 1
[2026-02-19T14:45:04.721+0000] {taskinstance.py:2330} INFO - Executing <Task(PythonOperator): task_GOOG> on 2026-02-11 00:00:00+00:00
[2026-02-19T14:45:04.729+0000] {standard_task_runner.py:90} INFO - Running: ['***', 'tasks', 'run', 'dag_moex', 'task_GOOG', 'scheduled__2026-02-11T00:00:00+00:00', '--job-id', '1317', '--raw', '--subdir', 'DAGS_FOLDER/stocks/dag1.py', '--cfg-path', '/tmp/tmpsmmhq2hz']
[2026-02-19T14:45:04.729+0000] {logging_mixin.py:188} WARNING - /home/***/.local/lib/python3.12/site-packages/***/task/task_runner/standard_task_runner.py:62 DeprecationWarning: This process (pid=32159) is multi-threaded, use of fork() may lead to deadlocks in the child.
[2026-02-19T14:45:04.731+0000] {standard_task_runner.py:91} INFO - Job 1317: Subtask task_GOOG
[2026-02-19T14:45:04.731+0000] {standard_task_runner.py:64} INFO - Started process 32161 to run task
[2026-02-19T14:45:04.765+0000] {task_command.py:426} INFO - Running <TaskInstance: dag_moex.task_GOOG scheduled__2026-02-11T00:00:00+00:00 [running]> on host cc036e7caf02
[2026-02-19T14:45:04.827+0000] {taskinstance.py:2648} INFO - Exporting env vars: AIRFLOW_CTX_DAG_OWNER='***' AIRFLOW_CTX_DAG_ID='dag_moex' AIRFLOW_CTX_TASK_ID='task_GOOG' AIRFLOW_CTX_EXECUTION_DATE='2026-02-11T00:00:00+00:00' AIRFLOW_CTX_TRY_NUMBER='1' AIRFLOW_CTX_DAG_RUN_ID='scheduled__2026-02-11T00:00:00+00:00'
[2026-02-19T14:45:04.828+0000] {taskinstance.py:430} INFO - ::endgroup::
[2026-02-19T14:45:04.838+0000] {logging_mixin.py:188} WARNING - /opt/***/dags/stocks/scripts/api.py:9 FutureWarning: YF.download() has changed argument auto_adjust default to True
[2026-02-19T14:45:04.844+0000] {logging_mixin.py:188} WARNING - /home/***/.local/lib/python3.12/site-packages/yfinance/scrapers/history.py:204 Pandas4Warning: Timestamp.utcnow is deprecated and will be removed in a future version. Use Timestamp.now('UTC') instead.
[2026-02-19T14:45:05.792+0000] {logging_mixin.py:188} WARNING - [*********************100%***********************]  1 of 1 completed
[2026-02-19T14:45:05.809+0000] {base.py:84} INFO - Using connection ID 'pg_1' for task execution.
[2026-02-19T14:45:05.809+0000] {sql.py:254} WARNING - This setter is for backward compatibility and should not be used.
Since the introduction of connection property, the providers listed below breaks due to assigning value to self.connection in their __init__ method.
* apache-***-providers-mysql<5.7.1
* apache-***-providers-elasticsearch<5.5.1
* apache-***-providers-postgres<5.13.0
[2026-02-19T14:45:05.814+0000] {taskinstance.py:441} INFO - ::group::Post task execution logs
[2026-02-19T14:45:05.815+0000] {taskinstance.py:2905} ERROR - Task failed with exception
Traceback (most recent call last):
  File "/home/airflow/.local/lib/python3.12/site-packages/airflow/models/taskinstance.py", line 465, in _execute_task
    result = _execute_callable(context=context, **execute_callable_kwargs)
             ^^^^^^^^^^^^^^^^^^^^^^^^^^^^^^^^^^^^^^^^^^^^^^^^^^^^^^^^^^^^^
  File "/home/airflow/.local/lib/python3.12/site-packages/airflow/models/taskinstance.py", line 432, in _execute_callable
    return execute_callable(context=context, **execute_callable_kwargs)
           ^^^^^^^^^^^^^^^^^^^^^^^^^^^^^^^^^^^^^^^^^^^^^^^^^^^^^^^^^^^^
  File "/home/airflow/.local/lib/python3.12/site-packages/airflow/models/baseoperator.py", line 401, in wrapper
    return func(self, *args, **kwargs)
           ^^^^^^^^^^^^^^^^^^^^^^^^^^^
  File "/home/airflow/.local/lib/python3.12/site-packages/airflow/operators/python.py", line 235, in execute
    return_value = self.execute_callable()
                   ^^^^^^^^^^^^^^^^^^^^^^^
  File "/home/airflow/.local/lib/python3.12/site-packages/airflow/operators/python.py", line 252, in execute_callable
    return self.python_callable(*self.op_args, **self.op_kwargs)
           ^^^^^^^^^^^^^^^^^^^^^^^^^^^^^^^^^^^^^^^^^^^^^^^^^^^^^
  File "/opt/airflow/dags/stocks/scripts/manager.py", line 24, in fetch_data
    postgresHook.insert_rows(table="stocks", rows=rows,
  File "/home/airflow/.local/lib/python3.12/site-packages/airflow/providers/common/sql/hooks/sql.py", line 893, in insert_rows
    cur.executemany(sql, values)
psycopg2.errors.UniqueViolation: duplicate key value violates unique constraint "stocks_pkey"
DETAIL:  Key (ticker, date)=(GOOG, 2026-02-10) already exists.

[2026-02-19T14:45:05.826+0000] {taskinstance.py:1206} INFO - Marking task as FAILED. dag_id=dag_moex, task_id=task_GOOG, run_id=scheduled__2026-02-11T00:00:00+00:00, execution_date=20260211T000000, start_date=20260219T144504, end_date=20260219T144505
[2026-02-19T14:45:05.836+0000] {standard_task_runner.py:110} ERROR - Failed to execute job 1317 for task task_GOOG (duplicate key value violates unique constraint "stocks_pkey"
DETAIL:  Key (ticker, date)=(GOOG, 2026-02-10) already exists.
; 32161)
[2026-02-19T14:45:05.866+0000] {local_task_job_runner.py:243} INFO - Task exited with return code 1
[2026-02-19T14:45:05.883+0000] {taskinstance.py:3503} INFO - 0 downstream tasks scheduled from follow-on schedule check
[2026-02-19T14:45:05.886+0000] {local_task_job_runner.py:222} INFO - ::endgroup::
[2026-02-19T14:50:54.960+0000] {local_task_job_runner.py:120} INFO - ::group::Pre task execution logs
[2026-02-19T14:50:54.995+0000] {taskinstance.py:2076} INFO - Dependencies all met for dep_context=non-requeueable deps ti=<TaskInstance: dag_moex.task_GOOG scheduled__2026-02-11T00:00:00+00:00 [queued]>
[2026-02-19T14:50:55.006+0000] {taskinstance.py:2076} INFO - Dependencies all met for dep_context=requeueable deps ti=<TaskInstance: dag_moex.task_GOOG scheduled__2026-02-11T00:00:00+00:00 [queued]>
[2026-02-19T14:50:55.007+0000] {taskinstance.py:2306} INFO - Starting attempt 1 of 1
[2026-02-19T14:50:55.028+0000] {taskinstance.py:2330} INFO - Executing <Task(PythonOperator): task_GOOG> on 2026-02-11 00:00:00+00:00
[2026-02-19T14:50:55.041+0000] {logging_mixin.py:188} WARNING - /home/***/.local/lib/python3.12/site-packages/***/task/task_runner/standard_task_runner.py:62 DeprecationWarning: This process (pid=32855) is multi-threaded, use of fork() may lead to deadlocks in the child.
[2026-02-19T14:50:55.043+0000] {standard_task_runner.py:64} INFO - Started process 32872 to run task
[2026-02-19T14:50:55.041+0000] {standard_task_runner.py:90} INFO - Running: ['***', 'tasks', 'run', 'dag_moex', 'task_GOOG', 'scheduled__2026-02-11T00:00:00+00:00', '--job-id', '1459', '--raw', '--subdir', 'DAGS_FOLDER/stocks/dag1.py', '--cfg-path', '/tmp/tmpxbf8e0j2']
[2026-02-19T14:50:55.047+0000] {standard_task_runner.py:91} INFO - Job 1459: Subtask task_GOOG
[2026-02-19T14:50:55.115+0000] {task_command.py:426} INFO - Running <TaskInstance: dag_moex.task_GOOG scheduled__2026-02-11T00:00:00+00:00 [running]> on host cc036e7caf02
[2026-02-19T14:50:55.224+0000] {taskinstance.py:2648} INFO - Exporting env vars: AIRFLOW_CTX_DAG_OWNER='***' AIRFLOW_CTX_DAG_ID='dag_moex' AIRFLOW_CTX_TASK_ID='task_GOOG' AIRFLOW_CTX_EXECUTION_DATE='2026-02-11T00:00:00+00:00' AIRFLOW_CTX_TRY_NUMBER='1' AIRFLOW_CTX_DAG_RUN_ID='scheduled__2026-02-11T00:00:00+00:00'
[2026-02-19T14:50:55.226+0000] {taskinstance.py:430} INFO - ::endgroup::
[2026-02-19T14:50:55.241+0000] {logging_mixin.py:188} WARNING - /opt/***/dags/stocks/scripts/api.py:9 FutureWarning: YF.download() has changed argument auto_adjust default to True
[2026-02-19T14:50:55.248+0000] {logging_mixin.py:188} WARNING - /home/***/.local/lib/python3.12/site-packages/yfinance/scrapers/history.py:204 Pandas4Warning: Timestamp.utcnow is deprecated and will be removed in a future version. Use Timestamp.now('UTC') instead.
[2026-02-19T14:50:56.302+0000] {logging_mixin.py:188} WARNING - [*********************100%***********************]  1 of 1 completed
[2026-02-19T14:50:56.332+0000] {base.py:84} INFO - Using connection ID 'pg_1' for task execution.
[2026-02-19T14:50:56.333+0000] {sql.py:254} WARNING - This setter is for backward compatibility and should not be used.
Since the introduction of connection property, the providers listed below breaks due to assigning value to self.connection in their __init__ method.
* apache-***-providers-mysql<5.7.1
* apache-***-providers-elasticsearch<5.5.1
* apache-***-providers-postgres<5.13.0
[2026-02-19T14:50:56.344+0000] {taskinstance.py:441} INFO - ::group::Post task execution logs
[2026-02-19T14:50:56.347+0000] {taskinstance.py:2905} ERROR - Task failed with exception
Traceback (most recent call last):
  File "/home/airflow/.local/lib/python3.12/site-packages/airflow/models/taskinstance.py", line 465, in _execute_task
    result = _execute_callable(context=context, **execute_callable_kwargs)
             ^^^^^^^^^^^^^^^^^^^^^^^^^^^^^^^^^^^^^^^^^^^^^^^^^^^^^^^^^^^^^
  File "/home/airflow/.local/lib/python3.12/site-packages/airflow/models/taskinstance.py", line 432, in _execute_callable
    return execute_callable(context=context, **execute_callable_kwargs)
           ^^^^^^^^^^^^^^^^^^^^^^^^^^^^^^^^^^^^^^^^^^^^^^^^^^^^^^^^^^^^
  File "/home/airflow/.local/lib/python3.12/site-packages/airflow/models/baseoperator.py", line 401, in wrapper
    return func(self, *args, **kwargs)
           ^^^^^^^^^^^^^^^^^^^^^^^^^^^
  File "/home/airflow/.local/lib/python3.12/site-packages/airflow/operators/python.py", line 235, in execute
    return_value = self.execute_callable()
                   ^^^^^^^^^^^^^^^^^^^^^^^
  File "/home/airflow/.local/lib/python3.12/site-packages/airflow/operators/python.py", line 252, in execute_callable
    return self.python_callable(*self.op_args, **self.op_kwargs)
           ^^^^^^^^^^^^^^^^^^^^^^^^^^^^^^^^^^^^^^^^^^^^^^^^^^^^^
  File "/opt/airflow/dags/stocks/scripts/manager.py", line 24, in fetch_data
    postgresHook.insert_rows(table="stocks", rows=rows,
  File "/home/airflow/.local/lib/python3.12/site-packages/airflow/providers/common/sql/hooks/sql.py", line 893, in insert_rows
    cur.executemany(sql, values)
psycopg2.errors.UniqueViolation: duplicate key value violates unique constraint "stocks_pkey"
DETAIL:  Key (ticker, date)=(GOOG, 2026-02-10) already exists.

[2026-02-19T14:50:56.367+0000] {taskinstance.py:1206} INFO - Marking task as FAILED. dag_id=dag_moex, task_id=task_GOOG, run_id=scheduled__2026-02-11T00:00:00+00:00, execution_date=20260211T000000, start_date=20260219T145054, end_date=20260219T145056
[2026-02-19T14:50:56.385+0000] {standard_task_runner.py:110} ERROR - Failed to execute job 1459 for task task_GOOG (duplicate key value violates unique constraint "stocks_pkey"
DETAIL:  Key (ticker, date)=(GOOG, 2026-02-10) already exists.
; 32872)
[2026-02-19T14:50:56.422+0000] {local_task_job_runner.py:243} INFO - Task exited with return code 1
[2026-02-19T14:50:56.435+0000] {local_task_job_runner.py:222} INFO - ::endgroup::
