[2026-02-18T07:12:56.586+0000] {local_task_job_runner.py:120} INFO - ::group::Pre task execution logs
[2026-02-18T07:12:56.643+0000] {taskinstance.py:2076} INFO - Dependencies all met for dep_context=non-requeueable deps ti=<TaskInstance: dag_moex.task_GOOG scheduled__2026-01-15T00:00:00+00:00 [queued]>
[2026-02-18T07:12:56.654+0000] {taskinstance.py:2076} INFO - Dependencies all met for dep_context=requeueable deps ti=<TaskInstance: dag_moex.task_GOOG scheduled__2026-01-15T00:00:00+00:00 [queued]>
[2026-02-18T07:12:56.656+0000] {taskinstance.py:2306} INFO - Starting attempt 1 of 1
[2026-02-18T07:12:56.683+0000] {taskinstance.py:2330} INFO - Executing <Task(PythonOperator): task_GOOG> on 2026-01-15 00:00:00+00:00
[2026-02-18T07:12:56.707+0000] {logging_mixin.py:188} WARNING - /home/***/.local/lib/python3.12/site-packages/***/task/task_runner/standard_task_runner.py:62 DeprecationWarning: This process (pid=1425) is multi-threaded, use of fork() may lead to deadlocks in the child.
[2026-02-18T07:12:56.709+0000] {standard_task_runner.py:64} INFO - Started process 1452 to run task
[2026-02-18T07:12:56.718+0000] {standard_task_runner.py:90} INFO - Running: ['***', 'tasks', 'run', 'dag_moex', 'task_GOOG', 'scheduled__2026-01-15T00:00:00+00:00', '--job-id', '418', '--raw', '--subdir', 'DAGS_FOLDER/stocks/dag1.py', '--cfg-path', '/tmp/tmpmsksk5js']
[2026-02-18T07:12:56.721+0000] {standard_task_runner.py:91} INFO - Job 418: Subtask task_GOOG
[2026-02-18T07:12:56.823+0000] {task_command.py:426} INFO - Running <TaskInstance: dag_moex.task_GOOG scheduled__2026-01-15T00:00:00+00:00 [running]> on host cc036e7caf02
[2026-02-18T07:12:56.935+0000] {taskinstance.py:2648} INFO - Exporting env vars: AIRFLOW_CTX_DAG_OWNER='***' AIRFLOW_CTX_DAG_ID='dag_moex' AIRFLOW_CTX_TASK_ID='task_GOOG' AIRFLOW_CTX_EXECUTION_DATE='2026-01-15T00:00:00+00:00' AIRFLOW_CTX_TRY_NUMBER='1' AIRFLOW_CTX_DAG_RUN_ID='scheduled__2026-01-15T00:00:00+00:00'
[2026-02-18T07:12:56.937+0000] {taskinstance.py:430} INFO - ::endgroup::
[2026-02-18T07:12:56.954+0000] {manager.py:8} INFO - log
[2026-02-18T07:12:56.957+0000] {logging_mixin.py:188} WARNING - /opt/***/dags/stocks/scripts/api.py:9 FutureWarning: YF.download() has changed argument auto_adjust default to True
[2026-02-18T07:12:56.966+0000] {logging_mixin.py:188} WARNING - /home/***/.local/lib/python3.12/site-packages/yfinance/scrapers/history.py:204 Pandas4Warning: Timestamp.utcnow is deprecated and will be removed in a future version. Use Timestamp.now('UTC') instead.
[2026-02-18T07:12:57.724+0000] {logging_mixin.py:188} WARNING - [*********************100%***********************]  1 of 1 completed
[2026-02-18T07:12:57.732+0000] {manager.py:10} INFO - Price            Close        High         Low        Open    Volume
Ticker            GOOG        GOOG        GOOG        GOOG      GOOG
Date                                                                
2026-01-15  333.160004  338.130005  331.290009  338.054993  16424900
[2026-02-18T07:12:57.744+0000] {python.py:237} INFO - Done. Returned value was: None
[2026-02-18T07:12:57.745+0000] {taskinstance.py:441} INFO - ::group::Post task execution logs
[2026-02-18T07:12:57.753+0000] {taskinstance.py:1206} INFO - Marking task as SUCCESS. dag_id=dag_moex, task_id=task_GOOG, run_id=scheduled__2026-01-15T00:00:00+00:00, execution_date=20260115T000000, start_date=20260218T071256, end_date=20260218T071257
[2026-02-18T07:12:57.789+0000] {local_task_job_runner.py:243} INFO - Task exited with return code 0
[2026-02-18T07:12:57.805+0000] {taskinstance.py:3503} INFO - 0 downstream tasks scheduled from follow-on schedule check
[2026-02-18T07:12:57.807+0000] {local_task_job_runner.py:222} INFO - ::endgroup::
[2026-02-19T12:59:30.592+0000] {local_task_job_runner.py:120} INFO - ::group::Pre task execution logs
[2026-02-19T12:59:30.653+0000] {taskinstance.py:2076} INFO - Dependencies all met for dep_context=non-requeueable deps ti=<TaskInstance: dag_moex.task_GOOG scheduled__2026-01-15T00:00:00+00:00 [queued]>
[2026-02-19T12:59:30.677+0000] {taskinstance.py:2076} INFO - Dependencies all met for dep_context=requeueable deps ti=<TaskInstance: dag_moex.task_GOOG scheduled__2026-01-15T00:00:00+00:00 [queued]>
[2026-02-19T12:59:30.679+0000] {taskinstance.py:2306} INFO - Starting attempt 1 of 1
[2026-02-19T12:59:30.717+0000] {taskinstance.py:2330} INFO - Executing <Task(PythonOperator): task_GOOG> on 2026-01-15 00:00:00+00:00
[2026-02-19T12:59:30.730+0000] {logging_mixin.py:188} WARNING - /home/***/.local/lib/python3.12/site-packages/***/task/task_runner/standard_task_runner.py:62 DeprecationWarning: This process (pid=27885) is multi-threaded, use of fork() may lead to deadlocks in the child.
[2026-02-19T12:59:30.732+0000] {standard_task_runner.py:64} INFO - Started process 27917 to run task
[2026-02-19T12:59:30.742+0000] {standard_task_runner.py:90} INFO - Running: ['***', 'tasks', 'run', 'dag_moex', 'task_GOOG', 'scheduled__2026-01-15T00:00:00+00:00', '--job-id', '867', '--raw', '--subdir', 'DAGS_FOLDER/stocks/dag1.py', '--cfg-path', '/tmp/tmphd7lf73t']
[2026-02-19T12:59:30.747+0000] {standard_task_runner.py:91} INFO - Job 867: Subtask task_GOOG
[2026-02-19T12:59:30.826+0000] {task_command.py:426} INFO - Running <TaskInstance: dag_moex.task_GOOG scheduled__2026-01-15T00:00:00+00:00 [running]> on host cc036e7caf02
[2026-02-19T12:59:30.986+0000] {taskinstance.py:2648} INFO - Exporting env vars: AIRFLOW_CTX_DAG_OWNER='***' AIRFLOW_CTX_DAG_ID='dag_moex' AIRFLOW_CTX_TASK_ID='task_GOOG' AIRFLOW_CTX_EXECUTION_DATE='2026-01-15T00:00:00+00:00' AIRFLOW_CTX_TRY_NUMBER='1' AIRFLOW_CTX_DAG_RUN_ID='scheduled__2026-01-15T00:00:00+00:00'
[2026-02-19T12:59:30.989+0000] {taskinstance.py:430} INFO - ::endgroup::
[2026-02-19T12:59:31.006+0000] {logging_mixin.py:188} WARNING - /opt/***/dags/stocks/scripts/api.py:10 FutureWarning: YF.download() has changed argument auto_adjust default to True
[2026-02-19T12:59:31.024+0000] {logging_mixin.py:188} WARNING - /home/***/.local/lib/python3.12/site-packages/yfinance/scrapers/history.py:204 Pandas4Warning: Timestamp.utcnow is deprecated and will be removed in a future version. Use Timestamp.now('UTC') instead.
[2026-02-19T12:59:31.872+0000] {logging_mixin.py:188} WARNING - [*********************100%***********************]  1 of 1 completed
[2026-02-19T12:59:31.886+0000] {api.py:11} INFO - Выгрузилось
    __________________________
    Price            Close        High         Low        Open    Volume
Ticker            GOOG        GOOG        GOOG        GOOG      GOOG
Date                                                                
2026-01-14  336.309998  337.029999  331.140015  334.984985  17839300
2026-01-15  333.160004  338.130005  331.290009  338.054993  16424900
    __________________________
    
[2026-02-19T12:59:31.887+0000] {api.py:17} INFO - start=2026-01-14, end=2026-01-16
[2026-02-19T12:59:31.891+0000] {api.py:18} INFO - После удаления
    __________________________
    Price            Close        High         Low        Open    Volume
Ticker            GOOG        GOOG        GOOG        GOOG      GOOG
Date                                                                
2026-01-15  333.160004  338.130005  331.290009  338.054993  16424900
    __________________________
    
[2026-02-19T12:59:31.902+0000] {base.py:84} INFO - Using connection ID 'pg_1' for task execution.
[2026-02-19T12:59:31.902+0000] {sql.py:254} WARNING - This setter is for backward compatibility and should not be used.
Since the introduction of connection property, the providers listed below breaks due to assigning value to self.connection in their __init__ method.
* apache-***-providers-mysql<5.7.1
* apache-***-providers-elasticsearch<5.5.1
* apache-***-providers-postgres<5.13.0
[2026-02-19T12:59:31.906+0000] {sql.py:896} INFO - Loaded 1 rows into stocks so far
[2026-02-19T12:59:31.907+0000] {sql.py:908} INFO - Done loading. Loaded a total of 1 rows into stocks
[2026-02-19T12:59:31.912+0000] {python.py:237} INFO - Done. Returned value was: None
[2026-02-19T12:59:31.913+0000] {taskinstance.py:441} INFO - ::group::Post task execution logs
[2026-02-19T12:59:31.919+0000] {taskinstance.py:1206} INFO - Marking task as SUCCESS. dag_id=dag_moex, task_id=task_GOOG, run_id=scheduled__2026-01-15T00:00:00+00:00, execution_date=20260115T000000, start_date=20260219T125930, end_date=20260219T125931
[2026-02-19T12:59:31.964+0000] {local_task_job_runner.py:243} INFO - Task exited with return code 0
[2026-02-19T12:59:31.970+0000] {local_task_job_runner.py:222} INFO - ::endgroup::
[2026-02-19T13:03:46.609+0000] {local_task_job_runner.py:120} INFO - ::group::Pre task execution logs
[2026-02-19T13:03:46.637+0000] {taskinstance.py:2066} INFO - Dependencies not met for <TaskInstance: dag_moex.task_GOOG scheduled__2026-01-15T00:00:00+00:00 [queued]>, dependency 'Execution Date' FAILED: The execution date is 2026-01-15T00:00:00+00:00 but this is after the task's end date 2026-01-12T00:00:00+00:00.
[2026-02-19T13:03:46.638+0000] {taskinstance.py:2066} INFO - Dependencies not met for <TaskInstance: dag_moex.task_GOOG scheduled__2026-01-15T00:00:00+00:00 [queued]>, dependency 'Execution Date' FAILED: The execution date is 2026-01-15T00:00:00+00:00 but this is after the task's DAG's end date 2026-01-12T00:00:00+00:00.
[2026-02-19T13:03:46.640+0000] {local_task_job_runner.py:163} INFO - Task is not able to be run
[2026-02-19T14:50:28.084+0000] {local_task_job_runner.py:120} INFO - ::group::Pre task execution logs
[2026-02-19T14:50:28.136+0000] {taskinstance.py:2076} INFO - Dependencies all met for dep_context=non-requeueable deps ti=<TaskInstance: dag_moex.task_GOOG scheduled__2026-01-15T00:00:00+00:00 [queued]>
[2026-02-19T14:50:28.166+0000] {taskinstance.py:2076} INFO - Dependencies all met for dep_context=requeueable deps ti=<TaskInstance: dag_moex.task_GOOG scheduled__2026-01-15T00:00:00+00:00 [queued]>
[2026-02-19T14:50:28.170+0000] {taskinstance.py:2306} INFO - Starting attempt 1 of 1
[2026-02-19T14:50:28.196+0000] {taskinstance.py:2330} INFO - Executing <Task(PythonOperator): task_GOOG> on 2026-01-15 00:00:00+00:00
[2026-02-19T14:50:28.212+0000] {logging_mixin.py:188} WARNING - /home/***/.local/lib/python3.12/site-packages/***/task/task_runner/standard_task_runner.py:62 DeprecationWarning: This process (pid=32530) is multi-threaded, use of fork() may lead to deadlocks in the child.
[2026-02-19T14:50:28.214+0000] {standard_task_runner.py:64} INFO - Started process 32559 to run task
[2026-02-19T14:50:28.215+0000] {standard_task_runner.py:90} INFO - Running: ['***', 'tasks', 'run', 'dag_moex', 'task_GOOG', 'scheduled__2026-01-15T00:00:00+00:00', '--job-id', '1383', '--raw', '--subdir', 'DAGS_FOLDER/stocks/dag1.py', '--cfg-path', '/tmp/tmppvpxxt5q']
[2026-02-19T14:50:28.225+0000] {standard_task_runner.py:91} INFO - Job 1383: Subtask task_GOOG
[2026-02-19T14:50:28.301+0000] {task_command.py:426} INFO - Running <TaskInstance: dag_moex.task_GOOG scheduled__2026-01-15T00:00:00+00:00 [running]> on host cc036e7caf02
[2026-02-19T14:50:28.410+0000] {taskinstance.py:2648} INFO - Exporting env vars: AIRFLOW_CTX_DAG_OWNER='***' AIRFLOW_CTX_DAG_ID='dag_moex' AIRFLOW_CTX_TASK_ID='task_GOOG' AIRFLOW_CTX_EXECUTION_DATE='2026-01-15T00:00:00+00:00' AIRFLOW_CTX_TRY_NUMBER='1' AIRFLOW_CTX_DAG_RUN_ID='scheduled__2026-01-15T00:00:00+00:00'
[2026-02-19T14:50:28.411+0000] {taskinstance.py:430} INFO - ::endgroup::
[2026-02-19T14:50:28.424+0000] {logging_mixin.py:188} WARNING - /opt/***/dags/stocks/scripts/api.py:9 FutureWarning: YF.download() has changed argument auto_adjust default to True
[2026-02-19T14:50:28.435+0000] {logging_mixin.py:188} WARNING - /home/***/.local/lib/python3.12/site-packages/yfinance/scrapers/history.py:204 Pandas4Warning: Timestamp.utcnow is deprecated and will be removed in a future version. Use Timestamp.now('UTC') instead.
[2026-02-19T14:50:29.204+0000] {logging_mixin.py:188} WARNING - [*********************100%***********************]  1 of 1 completed
[2026-02-19T14:50:29.225+0000] {base.py:84} INFO - Using connection ID 'pg_1' for task execution.
[2026-02-19T14:50:29.226+0000] {sql.py:254} WARNING - This setter is for backward compatibility and should not be used.
Since the introduction of connection property, the providers listed below breaks due to assigning value to self.connection in their __init__ method.
* apache-***-providers-mysql<5.7.1
* apache-***-providers-elasticsearch<5.5.1
* apache-***-providers-postgres<5.13.0
[2026-02-19T14:50:29.231+0000] {taskinstance.py:441} INFO - ::group::Post task execution logs
[2026-02-19T14:50:29.232+0000] {taskinstance.py:2905} ERROR - Task failed with exception
Traceback (most recent call last):
  File "/home/airflow/.local/lib/python3.12/site-packages/airflow/models/taskinstance.py", line 465, in _execute_task
    result = _execute_callable(context=context, **execute_callable_kwargs)
             ^^^^^^^^^^^^^^^^^^^^^^^^^^^^^^^^^^^^^^^^^^^^^^^^^^^^^^^^^^^^^
  File "/home/airflow/.local/lib/python3.12/site-packages/airflow/models/taskinstance.py", line 432, in _execute_callable
    return execute_callable(context=context, **execute_callable_kwargs)
           ^^^^^^^^^^^^^^^^^^^^^^^^^^^^^^^^^^^^^^^^^^^^^^^^^^^^^^^^^^^^
  File "/home/airflow/.local/lib/python3.12/site-packages/airflow/models/baseoperator.py", line 401, in wrapper
    return func(self, *args, **kwargs)
           ^^^^^^^^^^^^^^^^^^^^^^^^^^^
  File "/home/airflow/.local/lib/python3.12/site-packages/airflow/operators/python.py", line 235, in execute
    return_value = self.execute_callable()
                   ^^^^^^^^^^^^^^^^^^^^^^^
  File "/home/airflow/.local/lib/python3.12/site-packages/airflow/operators/python.py", line 252, in execute_callable
    return self.python_callable(*self.op_args, **self.op_kwargs)
           ^^^^^^^^^^^^^^^^^^^^^^^^^^^^^^^^^^^^^^^^^^^^^^^^^^^^^
  File "/opt/airflow/dags/stocks/scripts/manager.py", line 24, in fetch_data
    postgresHook.insert_rows(table="stocks", rows=rows,
  File "/home/airflow/.local/lib/python3.12/site-packages/airflow/providers/common/sql/hooks/sql.py", line 893, in insert_rows
    cur.executemany(sql, values)
psycopg2.errors.UniqueViolation: duplicate key value violates unique constraint "stocks_pkey"
DETAIL:  Key (ticker, date)=(GOOG, 2026-01-15) already exists.

[2026-02-19T14:50:29.241+0000] {taskinstance.py:1206} INFO - Marking task as FAILED. dag_id=dag_moex, task_id=task_GOOG, run_id=scheduled__2026-01-15T00:00:00+00:00, execution_date=20260115T000000, start_date=20260219T145028, end_date=20260219T145029
[2026-02-19T14:50:29.250+0000] {standard_task_runner.py:110} ERROR - Failed to execute job 1383 for task task_GOOG (duplicate key value violates unique constraint "stocks_pkey"
DETAIL:  Key (ticker, date)=(GOOG, 2026-01-15) already exists.
; 32559)
[2026-02-19T14:50:29.277+0000] {local_task_job_runner.py:243} INFO - Task exited with return code 1
[2026-02-19T14:50:29.294+0000] {taskinstance.py:3503} INFO - 0 downstream tasks scheduled from follow-on schedule check
[2026-02-19T14:50:29.297+0000] {local_task_job_runner.py:222} INFO - ::endgroup::
