[2026-02-18T07:13:18.649+0000] {local_task_job_runner.py:120} INFO - ::group::Pre task execution logs
[2026-02-18T07:13:18.719+0000] {taskinstance.py:2076} INFO - Dependencies all met for dep_context=non-requeueable deps ti=<TaskInstance: dag_moex.task_GOOG scheduled__2026-02-07T00:00:00+00:00 [queued]>
[2026-02-18T07:13:18.742+0000] {taskinstance.py:2076} INFO - Dependencies all met for dep_context=requeueable deps ti=<TaskInstance: dag_moex.task_GOOG scheduled__2026-02-07T00:00:00+00:00 [queued]>
[2026-02-18T07:13:18.745+0000] {taskinstance.py:2306} INFO - Starting attempt 1 of 1
[2026-02-18T07:13:18.778+0000] {taskinstance.py:2330} INFO - Executing <Task(PythonOperator): task_GOOG> on 2026-02-07 00:00:00+00:00
[2026-02-18T07:13:18.790+0000] {logging_mixin.py:188} WARNING - /home/***/.local/lib/python3.12/site-packages/***/task/task_runner/standard_task_runner.py:62 DeprecationWarning: This process (pid=1740) is multi-threaded, use of fork() may lead to deadlocks in the child.
[2026-02-18T07:13:18.794+0000] {standard_task_runner.py:64} INFO - Started process 1773 to run task
[2026-02-18T07:13:18.792+0000] {standard_task_runner.py:90} INFO - Running: ['***', 'tasks', 'run', 'dag_moex', 'task_GOOG', 'scheduled__2026-02-07T00:00:00+00:00', '--job-id', '494', '--raw', '--subdir', 'DAGS_FOLDER/stocks/dag1.py', '--cfg-path', '/tmp/tmp2tt5rqs1']
[2026-02-18T07:13:18.806+0000] {standard_task_runner.py:91} INFO - Job 494: Subtask task_GOOG
[2026-02-18T07:13:18.891+0000] {task_command.py:426} INFO - Running <TaskInstance: dag_moex.task_GOOG scheduled__2026-02-07T00:00:00+00:00 [running]> on host cc036e7caf02
[2026-02-18T07:13:19.011+0000] {taskinstance.py:2648} INFO - Exporting env vars: AIRFLOW_CTX_DAG_OWNER='***' AIRFLOW_CTX_DAG_ID='dag_moex' AIRFLOW_CTX_TASK_ID='task_GOOG' AIRFLOW_CTX_EXECUTION_DATE='2026-02-07T00:00:00+00:00' AIRFLOW_CTX_TRY_NUMBER='1' AIRFLOW_CTX_DAG_RUN_ID='scheduled__2026-02-07T00:00:00+00:00'
[2026-02-18T07:13:19.014+0000] {taskinstance.py:430} INFO - ::endgroup::
[2026-02-18T07:13:19.030+0000] {manager.py:8} INFO - log
[2026-02-18T07:13:19.033+0000] {logging_mixin.py:188} WARNING - /opt/***/dags/stocks/scripts/api.py:9 FutureWarning: YF.download() has changed argument auto_adjust default to True
[2026-02-18T07:13:19.043+0000] {logging_mixin.py:188} WARNING - /home/***/.local/lib/python3.12/site-packages/yfinance/scrapers/history.py:204 Pandas4Warning: Timestamp.utcnow is deprecated and will be removed in a future version. Use Timestamp.now('UTC') instead.
[2026-02-18T07:13:19.818+0000] {logging_mixin.py:188} WARNING - [*********************100%***********************]  1 of 1 completed
[2026-02-18T07:13:19.826+0000] {manager.py:10} INFO - Empty DataFrame
Columns: [(Close, GOOG), (High, GOOG), (Low, GOOG), (Open, GOOG), (Volume, GOOG)]
Index: []
[2026-02-18T07:13:19.833+0000] {python.py:237} INFO - Done. Returned value was: None
[2026-02-18T07:13:19.834+0000] {taskinstance.py:441} INFO - ::group::Post task execution logs
[2026-02-18T07:13:19.843+0000] {taskinstance.py:1206} INFO - Marking task as SUCCESS. dag_id=dag_moex, task_id=task_GOOG, run_id=scheduled__2026-02-07T00:00:00+00:00, execution_date=20260207T000000, start_date=20260218T071318, end_date=20260218T071319
[2026-02-18T07:13:19.903+0000] {local_task_job_runner.py:243} INFO - Task exited with return code 0
[2026-02-18T07:13:19.918+0000] {taskinstance.py:3503} INFO - 0 downstream tasks scheduled from follow-on schedule check
[2026-02-18T07:13:19.920+0000] {local_task_job_runner.py:222} INFO - ::endgroup::
[2026-02-18T07:15:39.016+0000] {local_task_job_runner.py:120} INFO - ::group::Pre task execution logs
[2026-02-18T07:15:39.071+0000] {taskinstance.py:2076} INFO - Dependencies all met for dep_context=non-requeueable deps ti=<TaskInstance: dag_moex.task_GOOG scheduled__2026-02-07T00:00:00+00:00 [queued]>
[2026-02-18T07:15:39.093+0000] {taskinstance.py:2076} INFO - Dependencies all met for dep_context=requeueable deps ti=<TaskInstance: dag_moex.task_GOOG scheduled__2026-02-07T00:00:00+00:00 [queued]>
[2026-02-18T07:15:39.096+0000] {taskinstance.py:2306} INFO - Starting attempt 1 of 1
[2026-02-18T07:15:39.127+0000] {taskinstance.py:2330} INFO - Executing <Task(PythonOperator): task_GOOG> on 2026-02-07 00:00:00+00:00
[2026-02-18T07:15:39.142+0000] {logging_mixin.py:188} WARNING - /home/***/.local/lib/python3.12/site-packages/***/task/task_runner/standard_task_runner.py:62 DeprecationWarning: This process (pid=2002) is multi-threaded, use of fork() may lead to deadlocks in the child.
[2026-02-18T07:15:39.145+0000] {standard_task_runner.py:64} INFO - Started process 2028 to run task
[2026-02-18T07:15:39.145+0000] {standard_task_runner.py:90} INFO - Running: ['***', 'tasks', 'run', 'dag_moex', 'task_GOOG', 'scheduled__2026-02-07T00:00:00+00:00', '--job-id', '540', '--raw', '--subdir', 'DAGS_FOLDER/stocks/dag1.py', '--cfg-path', '/tmp/tmp_91rumk0']
[2026-02-18T07:15:39.148+0000] {standard_task_runner.py:91} INFO - Job 540: Subtask task_GOOG
[2026-02-18T07:15:39.239+0000] {task_command.py:426} INFO - Running <TaskInstance: dag_moex.task_GOOG scheduled__2026-02-07T00:00:00+00:00 [running]> on host cc036e7caf02
[2026-02-18T07:15:39.431+0000] {taskinstance.py:2648} INFO - Exporting env vars: AIRFLOW_CTX_DAG_OWNER='***' AIRFLOW_CTX_DAG_ID='dag_moex' AIRFLOW_CTX_TASK_ID='task_GOOG' AIRFLOW_CTX_EXECUTION_DATE='2026-02-07T00:00:00+00:00' AIRFLOW_CTX_TRY_NUMBER='1' AIRFLOW_CTX_DAG_RUN_ID='scheduled__2026-02-07T00:00:00+00:00'
[2026-02-18T07:15:39.435+0000] {taskinstance.py:430} INFO - ::endgroup::
[2026-02-18T07:15:39.453+0000] {manager.py:8} INFO - log
[2026-02-18T07:15:39.456+0000] {logging_mixin.py:188} WARNING - /opt/***/dags/stocks/scripts/api.py:9 FutureWarning: YF.download() has changed argument auto_adjust default to True
[2026-02-18T07:15:39.469+0000] {logging_mixin.py:188} WARNING - /home/***/.local/lib/python3.12/site-packages/yfinance/scrapers/history.py:204 Pandas4Warning: Timestamp.utcnow is deprecated and will be removed in a future version. Use Timestamp.now('UTC') instead.
[2026-02-18T07:15:40.419+0000] {logging_mixin.py:188} WARNING - [*********************100%***********************]  1 of 1 completed
[2026-02-18T07:15:40.430+0000] {manager.py:10} INFO - Empty DataFrame
Columns: [(Close, GOOG), (High, GOOG), (Low, GOOG), (Open, GOOG), (Volume, GOOG)]
Index: []
[2026-02-18T07:15:40.437+0000] {python.py:237} INFO - Done. Returned value was: None
[2026-02-18T07:15:40.438+0000] {taskinstance.py:441} INFO - ::group::Post task execution logs
[2026-02-18T07:15:40.446+0000] {taskinstance.py:1206} INFO - Marking task as SUCCESS. dag_id=dag_moex, task_id=task_GOOG, run_id=scheduled__2026-02-07T00:00:00+00:00, execution_date=20260207T000000, start_date=20260218T071539, end_date=20260218T071540
[2026-02-18T07:15:40.501+0000] {local_task_job_runner.py:243} INFO - Task exited with return code 0
[2026-02-18T07:15:40.518+0000] {taskinstance.py:3503} INFO - 0 downstream tasks scheduled from follow-on schedule check
[2026-02-18T07:15:40.520+0000] {local_task_job_runner.py:222} INFO - ::endgroup::
[2026-02-18T07:35:29.539+0000] {local_task_job_runner.py:120} INFO - ::group::Pre task execution logs
[2026-02-18T07:35:29.607+0000] {taskinstance.py:2076} INFO - Dependencies all met for dep_context=non-requeueable deps ti=<TaskInstance: dag_moex.task_GOOG scheduled__2026-02-07T00:00:00+00:00 [queued]>
[2026-02-18T07:35:29.621+0000] {taskinstance.py:2076} INFO - Dependencies all met for dep_context=requeueable deps ti=<TaskInstance: dag_moex.task_GOOG scheduled__2026-02-07T00:00:00+00:00 [queued]>
[2026-02-18T07:35:29.624+0000] {taskinstance.py:2306} INFO - Starting attempt 1 of 1
[2026-02-18T07:35:29.654+0000] {taskinstance.py:2330} INFO - Executing <Task(PythonOperator): task_GOOG> on 2026-02-07 00:00:00+00:00
[2026-02-18T07:35:29.671+0000] {logging_mixin.py:188} WARNING - /home/***/.local/lib/python3.12/site-packages/***/task/task_runner/standard_task_runner.py:62 DeprecationWarning: This process (pid=2845) is multi-threaded, use of fork() may lead to deadlocks in the child.
[2026-02-18T07:35:29.674+0000] {standard_task_runner.py:64} INFO - Started process 2883 to run task
[2026-02-18T07:35:29.673+0000] {standard_task_runner.py:90} INFO - Running: ['***', 'tasks', 'run', 'dag_moex', 'task_GOOG', 'scheduled__2026-02-07T00:00:00+00:00', '--job-id', '636', '--raw', '--subdir', 'DAGS_FOLDER/stocks/dag1.py', '--cfg-path', '/tmp/tmp46ybxyha']
[2026-02-18T07:35:29.682+0000] {standard_task_runner.py:91} INFO - Job 636: Subtask task_GOOG
[2026-02-18T07:35:29.791+0000] {task_command.py:426} INFO - Running <TaskInstance: dag_moex.task_GOOG scheduled__2026-02-07T00:00:00+00:00 [running]> on host cc036e7caf02
[2026-02-18T07:35:29.927+0000] {taskinstance.py:2648} INFO - Exporting env vars: AIRFLOW_CTX_DAG_OWNER='***' AIRFLOW_CTX_DAG_ID='dag_moex' AIRFLOW_CTX_TASK_ID='task_GOOG' AIRFLOW_CTX_EXECUTION_DATE='2026-02-07T00:00:00+00:00' AIRFLOW_CTX_TRY_NUMBER='1' AIRFLOW_CTX_DAG_RUN_ID='scheduled__2026-02-07T00:00:00+00:00'
[2026-02-18T07:35:29.932+0000] {taskinstance.py:430} INFO - ::endgroup::
[2026-02-18T07:35:29.951+0000] {manager.py:8} INFO - log
[2026-02-18T07:35:29.955+0000] {logging_mixin.py:188} WARNING - /opt/***/dags/stocks/scripts/api.py:9 FutureWarning: YF.download() has changed argument auto_adjust default to True
[2026-02-18T07:35:29.966+0000] {logging_mixin.py:188} WARNING - /home/***/.local/lib/python3.12/site-packages/yfinance/scrapers/history.py:204 Pandas4Warning: Timestamp.utcnow is deprecated and will be removed in a future version. Use Timestamp.now('UTC') instead.
[2026-02-18T07:35:30.940+0000] {logging_mixin.py:188} WARNING - [*********************100%***********************]  1 of 1 completed
[2026-02-18T07:35:30.956+0000] {manager.py:10} INFO - Empty DataFrame
Columns: [(Close, GOOG), (High, GOOG), (Low, GOOG), (Open, GOOG), (Volume, GOOG)]
Index: []
[2026-02-18T07:35:30.968+0000] {python.py:237} INFO - Done. Returned value was: None
[2026-02-18T07:35:30.969+0000] {taskinstance.py:441} INFO - ::group::Post task execution logs
[2026-02-18T07:35:30.979+0000] {taskinstance.py:1206} INFO - Marking task as SUCCESS. dag_id=dag_moex, task_id=task_GOOG, run_id=scheduled__2026-02-07T00:00:00+00:00, execution_date=20260207T000000, start_date=20260218T073529, end_date=20260218T073530
[2026-02-18T07:35:31.049+0000] {local_task_job_runner.py:243} INFO - Task exited with return code 0
[2026-02-18T07:35:31.073+0000] {taskinstance.py:3503} INFO - 0 downstream tasks scheduled from follow-on schedule check
[2026-02-18T07:35:31.075+0000] {local_task_job_runner.py:222} INFO - ::endgroup::
[2026-02-18T08:33:51.246+0000] {local_task_job_runner.py:120} INFO - ::group::Pre task execution logs
[2026-02-18T08:33:51.314+0000] {taskinstance.py:2076} INFO - Dependencies all met for dep_context=non-requeueable deps ti=<TaskInstance: dag_moex.task_GOOG scheduled__2026-02-07T00:00:00+00:00 [queued]>
[2026-02-18T08:33:51.334+0000] {taskinstance.py:2076} INFO - Dependencies all met for dep_context=requeueable deps ti=<TaskInstance: dag_moex.task_GOOG scheduled__2026-02-07T00:00:00+00:00 [queued]>
[2026-02-18T08:33:51.338+0000] {taskinstance.py:2306} INFO - Starting attempt 1 of 1
[2026-02-18T08:33:51.389+0000] {taskinstance.py:2330} INFO - Executing <Task(PythonOperator): task_GOOG> on 2026-02-07 00:00:00+00:00
[2026-02-18T08:33:51.409+0000] {logging_mixin.py:188} WARNING - /home/***/.local/lib/python3.12/site-packages/***/task/task_runner/standard_task_runner.py:62 DeprecationWarning: This process (pid=4473) is multi-threaded, use of fork() may lead to deadlocks in the child.
[2026-02-18T08:33:51.411+0000] {standard_task_runner.py:64} INFO - Started process 4509 to run task
[2026-02-18T08:33:51.419+0000] {standard_task_runner.py:90} INFO - Running: ['***', 'tasks', 'run', 'dag_moex', 'task_GOOG', 'scheduled__2026-02-07T00:00:00+00:00', '--job-id', '676', '--raw', '--subdir', 'DAGS_FOLDER/stocks/dag1.py', '--cfg-path', '/tmp/tmp1kz0txd6']
[2026-02-18T08:33:51.425+0000] {standard_task_runner.py:91} INFO - Job 676: Subtask task_GOOG
[2026-02-18T08:33:51.554+0000] {task_command.py:426} INFO - Running <TaskInstance: dag_moex.task_GOOG scheduled__2026-02-07T00:00:00+00:00 [running]> on host cc036e7caf02
[2026-02-18T08:33:51.775+0000] {taskinstance.py:2648} INFO - Exporting env vars: AIRFLOW_CTX_DAG_OWNER='***' AIRFLOW_CTX_DAG_ID='dag_moex' AIRFLOW_CTX_TASK_ID='task_GOOG' AIRFLOW_CTX_EXECUTION_DATE='2026-02-07T00:00:00+00:00' AIRFLOW_CTX_TRY_NUMBER='1' AIRFLOW_CTX_DAG_RUN_ID='scheduled__2026-02-07T00:00:00+00:00'
[2026-02-18T08:33:51.786+0000] {taskinstance.py:430} INFO - ::endgroup::
[2026-02-18T08:33:51.816+0000] {logging_mixin.py:188} WARNING - /opt/***/dags/stocks/scripts/api.py:9 FutureWarning: YF.download() has changed argument auto_adjust default to True
[2026-02-18T08:33:51.840+0000] {logging_mixin.py:188} WARNING - /home/***/.local/lib/python3.12/site-packages/yfinance/scrapers/history.py:204 Pandas4Warning: Timestamp.utcnow is deprecated and will be removed in a future version. Use Timestamp.now('UTC') instead.
[2026-02-18T08:33:52.690+0000] {logging_mixin.py:188} WARNING - [*********************100%***********************]  1 of 1 completed
[2026-02-18T08:33:52.714+0000] {api.py:10} INFO - Выгрузилось
    __________________________
    Price            Close        High         Low        Open    Volume
Ticker            GOOG        GOOG        GOOG        GOOG      GOOG
Date                                                                
2026-02-06  323.100006  330.640015  320.149994  327.350006  33877000
    __________________________
    
[2026-02-18T08:33:52.715+0000] {api.py:16} INFO - start=2026-02-06, end=2026-02-08
[2026-02-18T08:33:52.718+0000] {api.py:17} INFO - После удаления
    __________________________
    Empty DataFrame
Columns: [(Close, GOOG), (High, GOOG), (Low, GOOG), (Open, GOOG), (Volume, GOOG)]
Index: []
    __________________________
    
[2026-02-18T08:33:52.726+0000] {python.py:237} INFO - Done. Returned value was: None
[2026-02-18T08:33:52.726+0000] {taskinstance.py:441} INFO - ::group::Post task execution logs
[2026-02-18T08:33:52.739+0000] {taskinstance.py:1206} INFO - Marking task as SUCCESS. dag_id=dag_moex, task_id=task_GOOG, run_id=scheduled__2026-02-07T00:00:00+00:00, execution_date=20260207T000000, start_date=20260218T083351, end_date=20260218T083352
[2026-02-18T08:33:52.787+0000] {local_task_job_runner.py:243} INFO - Task exited with return code 0
[2026-02-18T08:33:52.804+0000] {taskinstance.py:3503} INFO - 0 downstream tasks scheduled from follow-on schedule check
[2026-02-18T08:33:52.807+0000] {local_task_job_runner.py:222} INFO - ::endgroup::
[2026-02-19T14:19:20.909+0000] {local_task_job_runner.py:120} INFO - ::group::Pre task execution logs
[2026-02-19T14:19:20.981+0000] {taskinstance.py:2076} INFO - Dependencies all met for dep_context=non-requeueable deps ti=<TaskInstance: dag_moex.task_GOOG scheduled__2026-02-07T00:00:00+00:00 [queued]>
[2026-02-19T14:19:21.003+0000] {taskinstance.py:2076} INFO - Dependencies all met for dep_context=requeueable deps ti=<TaskInstance: dag_moex.task_GOOG scheduled__2026-02-07T00:00:00+00:00 [queued]>
[2026-02-19T14:19:21.004+0000] {taskinstance.py:2306} INFO - Starting attempt 1 of 1
[2026-02-19T14:19:21.036+0000] {taskinstance.py:2330} INFO - Executing <Task(PythonOperator): task_GOOG> on 2026-02-07 00:00:00+00:00
[2026-02-19T14:19:21.051+0000] {logging_mixin.py:188} WARNING - /home/***/.local/lib/python3.12/site-packages/***/task/task_runner/standard_task_runner.py:62 DeprecationWarning: This process (pid=30629) is multi-threaded, use of fork() may lead to deadlocks in the child.
[2026-02-19T14:19:21.051+0000] {standard_task_runner.py:90} INFO - Running: ['***', 'tasks', 'run', 'dag_moex', 'task_GOOG', 'scheduled__2026-02-07T00:00:00+00:00', '--job-id', '1084', '--raw', '--subdir', 'DAGS_FOLDER/stocks/dag1.py', '--cfg-path', '/tmp/tmpe6up45v6']
[2026-02-19T14:19:21.053+0000] {standard_task_runner.py:64} INFO - Started process 30659 to run task
[2026-02-19T14:19:21.053+0000] {standard_task_runner.py:91} INFO - Job 1084: Subtask task_GOOG
[2026-02-19T14:19:21.155+0000] {task_command.py:426} INFO - Running <TaskInstance: dag_moex.task_GOOG scheduled__2026-02-07T00:00:00+00:00 [running]> on host cc036e7caf02
[2026-02-19T14:19:21.325+0000] {taskinstance.py:2648} INFO - Exporting env vars: AIRFLOW_CTX_DAG_OWNER='***' AIRFLOW_CTX_DAG_ID='dag_moex' AIRFLOW_CTX_TASK_ID='task_GOOG' AIRFLOW_CTX_EXECUTION_DATE='2026-02-07T00:00:00+00:00' AIRFLOW_CTX_TRY_NUMBER='1' AIRFLOW_CTX_DAG_RUN_ID='scheduled__2026-02-07T00:00:00+00:00'
[2026-02-19T14:19:21.327+0000] {taskinstance.py:430} INFO - ::endgroup::
[2026-02-19T14:19:21.345+0000] {logging_mixin.py:188} WARNING - /opt/***/dags/stocks/scripts/api.py:9 FutureWarning: YF.download() has changed argument auto_adjust default to True
[2026-02-19T14:19:21.359+0000] {logging_mixin.py:188} WARNING - /home/***/.local/lib/python3.12/site-packages/yfinance/scrapers/history.py:204 Pandas4Warning: Timestamp.utcnow is deprecated and will be removed in a future version. Use Timestamp.now('UTC') instead.
[2026-02-19T14:19:21.991+0000] {logging_mixin.py:188} WARNING - [*********************100%***********************]  1 of 1 completed
[2026-02-19T14:19:22.003+0000] {api.py:10} INFO - Выгрузилось
    __________________________
    Price            Close        High         Low        Open    Volume
Ticker            GOOG        GOOG        GOOG        GOOG      GOOG
Date                                                                
2026-02-06  323.100006  330.640015  320.149994  327.350006  33877000
    __________________________
    
[2026-02-19T14:19:22.004+0000] {api.py:16} INFO - start=2026-02-06, end=2026-02-08
[2026-02-19T14:19:22.006+0000] {api.py:17} INFO - После удаления
    __________________________
    Empty DataFrame
Columns: [(Close, GOOG), (High, GOOG), (Low, GOOG), (Open, GOOG), (Volume, GOOG)]
Index: []
    __________________________
    
[2026-02-19T14:19:22.015+0000] {base.py:84} INFO - Using connection ID 'pg_1' for task execution.
[2026-02-19T14:19:22.016+0000] {sql.py:254} WARNING - This setter is for backward compatibility and should not be used.
Since the introduction of connection property, the providers listed below breaks due to assigning value to self.connection in their __init__ method.
* apache-***-providers-mysql<5.7.1
* apache-***-providers-elasticsearch<5.5.1
* apache-***-providers-postgres<5.13.0
[2026-02-19T14:19:22.018+0000] {sql.py:908} INFO - Done loading. Loaded a total of 0 rows into stocks
[2026-02-19T14:19:22.022+0000] {python.py:237} INFO - Done. Returned value was: None
[2026-02-19T14:19:22.023+0000] {taskinstance.py:441} INFO - ::group::Post task execution logs
[2026-02-19T14:19:22.029+0000] {taskinstance.py:1206} INFO - Marking task as SUCCESS. dag_id=dag_moex, task_id=task_GOOG, run_id=scheduled__2026-02-07T00:00:00+00:00, execution_date=20260207T000000, start_date=20260219T141920, end_date=20260219T141922
[2026-02-19T14:19:22.074+0000] {local_task_job_runner.py:243} INFO - Task exited with return code 0
[2026-02-19T14:19:22.090+0000] {taskinstance.py:3503} INFO - 0 downstream tasks scheduled from follow-on schedule check
[2026-02-19T14:19:22.092+0000] {local_task_job_runner.py:222} INFO - ::endgroup::
[2026-02-19T14:20:53.461+0000] {local_task_job_runner.py:120} INFO - ::group::Pre task execution logs
[2026-02-19T14:20:53.498+0000] {taskinstance.py:2076} INFO - Dependencies all met for dep_context=non-requeueable deps ti=<TaskInstance: dag_moex.task_GOOG scheduled__2026-02-07T00:00:00+00:00 [queued]>
[2026-02-19T14:20:53.509+0000] {taskinstance.py:2076} INFO - Dependencies all met for dep_context=requeueable deps ti=<TaskInstance: dag_moex.task_GOOG scheduled__2026-02-07T00:00:00+00:00 [queued]>
[2026-02-19T14:20:53.510+0000] {taskinstance.py:2306} INFO - Starting attempt 1 of 1
[2026-02-19T14:20:53.523+0000] {taskinstance.py:2330} INFO - Executing <Task(PythonOperator): task_GOOG> on 2026-02-07 00:00:00+00:00
[2026-02-19T14:20:53.537+0000] {logging_mixin.py:188} WARNING - /home/***/.local/lib/python3.12/site-packages/***/task/task_runner/standard_task_runner.py:62 DeprecationWarning: This process (pid=30889) is multi-threaded, use of fork() may lead to deadlocks in the child.
[2026-02-19T14:20:53.539+0000] {standard_task_runner.py:64} INFO - Started process 30917 to run task
[2026-02-19T14:20:53.538+0000] {standard_task_runner.py:90} INFO - Running: ['***', 'tasks', 'run', 'dag_moex', 'task_GOOG', 'scheduled__2026-02-07T00:00:00+00:00', '--job-id', '1139', '--raw', '--subdir', 'DAGS_FOLDER/stocks/dag1.py', '--cfg-path', '/tmp/tmp5t1nhawo']
[2026-02-19T14:20:53.541+0000] {standard_task_runner.py:91} INFO - Job 1139: Subtask task_GOOG
[2026-02-19T14:20:53.614+0000] {task_command.py:426} INFO - Running <TaskInstance: dag_moex.task_GOOG scheduled__2026-02-07T00:00:00+00:00 [running]> on host cc036e7caf02
[2026-02-19T14:20:53.747+0000] {taskinstance.py:2648} INFO - Exporting env vars: AIRFLOW_CTX_DAG_OWNER='***' AIRFLOW_CTX_DAG_ID='dag_moex' AIRFLOW_CTX_TASK_ID='task_GOOG' AIRFLOW_CTX_EXECUTION_DATE='2026-02-07T00:00:00+00:00' AIRFLOW_CTX_TRY_NUMBER='1' AIRFLOW_CTX_DAG_RUN_ID='scheduled__2026-02-07T00:00:00+00:00'
[2026-02-19T14:20:53.752+0000] {taskinstance.py:430} INFO - ::endgroup::
[2026-02-19T14:20:53.781+0000] {logging_mixin.py:188} WARNING - /opt/***/dags/stocks/scripts/api.py:9 FutureWarning: YF.download() has changed argument auto_adjust default to True
[2026-02-19T14:20:53.799+0000] {logging_mixin.py:188} WARNING - /home/***/.local/lib/python3.12/site-packages/yfinance/scrapers/history.py:204 Pandas4Warning: Timestamp.utcnow is deprecated and will be removed in a future version. Use Timestamp.now('UTC') instead.
[2026-02-19T14:20:54.461+0000] {logging_mixin.py:188} WARNING - [*********************100%***********************]  1 of 1 completed
[2026-02-19T14:20:54.475+0000] {api.py:10} INFO - Выгрузилось
    __________________________
    Price            Close        High         Low        Open    Volume
Ticker            GOOG        GOOG        GOOG        GOOG      GOOG
Date                                                                
2026-02-06  323.100006  330.640015  320.149994  327.350006  33877000
    __________________________
    
[2026-02-19T14:20:54.476+0000] {api.py:16} INFO - start=2026-02-06, end=2026-02-08
[2026-02-19T14:20:54.478+0000] {api.py:17} INFO - После удаления
    __________________________
    Empty DataFrame
Columns: [(Close, GOOG), (High, GOOG), (Low, GOOG), (Open, GOOG), (Volume, GOOG)]
Index: []
    __________________________
    
[2026-02-19T14:20:54.487+0000] {base.py:84} INFO - Using connection ID 'pg_1' for task execution.
[2026-02-19T14:20:54.487+0000] {sql.py:254} WARNING - This setter is for backward compatibility and should not be used.
Since the introduction of connection property, the providers listed below breaks due to assigning value to self.connection in their __init__ method.
* apache-***-providers-mysql<5.7.1
* apache-***-providers-elasticsearch<5.5.1
* apache-***-providers-postgres<5.13.0
[2026-02-19T14:20:54.491+0000] {sql.py:908} INFO - Done loading. Loaded a total of 0 rows into stocks
[2026-02-19T14:20:54.496+0000] {python.py:237} INFO - Done. Returned value was: None
[2026-02-19T14:20:54.496+0000] {taskinstance.py:441} INFO - ::group::Post task execution logs
[2026-02-19T14:20:54.504+0000] {taskinstance.py:1206} INFO - Marking task as SUCCESS. dag_id=dag_moex, task_id=task_GOOG, run_id=scheduled__2026-02-07T00:00:00+00:00, execution_date=20260207T000000, start_date=20260219T142053, end_date=20260219T142054
[2026-02-19T14:20:54.528+0000] {local_task_job_runner.py:243} INFO - Task exited with return code 0
[2026-02-19T14:20:54.543+0000] {taskinstance.py:3503} INFO - 0 downstream tasks scheduled from follow-on schedule check
[2026-02-19T14:20:54.545+0000] {local_task_job_runner.py:222} INFO - ::endgroup::
[2026-02-19T14:27:33.444+0000] {local_task_job_runner.py:120} INFO - ::group::Pre task execution logs
[2026-02-19T14:27:33.499+0000] {taskinstance.py:2076} INFO - Dependencies all met for dep_context=non-requeueable deps ti=<TaskInstance: dag_moex.task_GOOG scheduled__2026-02-07T00:00:00+00:00 [queued]>
[2026-02-19T14:27:33.516+0000] {taskinstance.py:2076} INFO - Dependencies all met for dep_context=requeueable deps ti=<TaskInstance: dag_moex.task_GOOG scheduled__2026-02-07T00:00:00+00:00 [queued]>
[2026-02-19T14:27:33.517+0000] {taskinstance.py:2306} INFO - Starting attempt 1 of 1
[2026-02-19T14:27:33.555+0000] {taskinstance.py:2330} INFO - Executing <Task(PythonOperator): task_GOOG> on 2026-02-07 00:00:00+00:00
[2026-02-19T14:27:33.570+0000] {logging_mixin.py:188} WARNING - /home/***/.local/lib/python3.12/site-packages/***/task/task_runner/standard_task_runner.py:62 DeprecationWarning: This process (pid=31265) is multi-threaded, use of fork() may lead to deadlocks in the child.
[2026-02-19T14:27:33.572+0000] {standard_task_runner.py:64} INFO - Started process 31291 to run task
[2026-02-19T14:27:33.572+0000] {standard_task_runner.py:90} INFO - Running: ['***', 'tasks', 'run', 'dag_moex', 'task_GOOG', 'scheduled__2026-02-07T00:00:00+00:00', '--job-id', '1194', '--raw', '--subdir', 'DAGS_FOLDER/stocks/dag1.py', '--cfg-path', '/tmp/tmptoctdmnp']
[2026-02-19T14:27:33.576+0000] {standard_task_runner.py:91} INFO - Job 1194: Subtask task_GOOG
[2026-02-19T14:27:33.666+0000] {task_command.py:426} INFO - Running <TaskInstance: dag_moex.task_GOOG scheduled__2026-02-07T00:00:00+00:00 [running]> on host cc036e7caf02
[2026-02-19T14:27:33.783+0000] {taskinstance.py:2648} INFO - Exporting env vars: AIRFLOW_CTX_DAG_OWNER='***' AIRFLOW_CTX_DAG_ID='dag_moex' AIRFLOW_CTX_TASK_ID='task_GOOG' AIRFLOW_CTX_EXECUTION_DATE='2026-02-07T00:00:00+00:00' AIRFLOW_CTX_TRY_NUMBER='1' AIRFLOW_CTX_DAG_RUN_ID='scheduled__2026-02-07T00:00:00+00:00'
[2026-02-19T14:27:33.787+0000] {taskinstance.py:430} INFO - ::endgroup::
[2026-02-19T14:27:33.811+0000] {logging_mixin.py:188} WARNING - /opt/***/dags/stocks/scripts/api.py:9 FutureWarning: YF.download() has changed argument auto_adjust default to True
[2026-02-19T14:27:33.823+0000] {logging_mixin.py:188} WARNING - /home/***/.local/lib/python3.12/site-packages/yfinance/scrapers/history.py:204 Pandas4Warning: Timestamp.utcnow is deprecated and will be removed in a future version. Use Timestamp.now('UTC') instead.
[2026-02-19T14:27:34.489+0000] {logging_mixin.py:188} WARNING - [*********************100%***********************]  1 of 1 completed
[2026-02-19T14:27:34.505+0000] {api.py:10} INFO - Выгрузилось
    __________________________
    Price            Close        High         Low        Open    Volume
Ticker            GOOG        GOOG        GOOG        GOOG      GOOG
Date                                                                
2026-02-06  323.100006  330.640015  320.149994  327.350006  33877000
    __________________________
    
[2026-02-19T14:27:34.506+0000] {api.py:16} INFO - start=2026-02-06, end=2026-02-08
[2026-02-19T14:27:34.507+0000] {api.py:17} INFO - После удаления
    __________________________
    Empty DataFrame
Columns: [(Close, GOOG), (High, GOOG), (Low, GOOG), (Open, GOOG), (Volume, GOOG)]
Index: []
    __________________________
    
[2026-02-19T14:27:34.516+0000] {base.py:84} INFO - Using connection ID 'pg_1' for task execution.
[2026-02-19T14:27:34.516+0000] {sql.py:254} WARNING - This setter is for backward compatibility and should not be used.
Since the introduction of connection property, the providers listed below breaks due to assigning value to self.connection in their __init__ method.
* apache-***-providers-mysql<5.7.1
* apache-***-providers-elasticsearch<5.5.1
* apache-***-providers-postgres<5.13.0
[2026-02-19T14:27:34.519+0000] {sql.py:908} INFO - Done loading. Loaded a total of 0 rows into stocks
[2026-02-19T14:27:34.523+0000] {python.py:237} INFO - Done. Returned value was: None
[2026-02-19T14:27:34.524+0000] {taskinstance.py:441} INFO - ::group::Post task execution logs
[2026-02-19T14:27:34.530+0000] {taskinstance.py:1206} INFO - Marking task as SUCCESS. dag_id=dag_moex, task_id=task_GOOG, run_id=scheduled__2026-02-07T00:00:00+00:00, execution_date=20260207T000000, start_date=20260219T142733, end_date=20260219T142734
[2026-02-19T14:27:34.560+0000] {local_task_job_runner.py:243} INFO - Task exited with return code 0
[2026-02-19T14:27:34.577+0000] {taskinstance.py:3503} INFO - 0 downstream tasks scheduled from follow-on schedule check
[2026-02-19T14:27:34.579+0000] {local_task_job_runner.py:222} INFO - ::endgroup::
[2026-02-19T14:40:55.073+0000] {local_task_job_runner.py:120} INFO - ::group::Pre task execution logs
[2026-02-19T14:40:55.121+0000] {taskinstance.py:2076} INFO - Dependencies all met for dep_context=non-requeueable deps ti=<TaskInstance: dag_moex.task_GOOG scheduled__2026-02-07T00:00:00+00:00 [queued]>
[2026-02-19T14:40:55.146+0000] {taskinstance.py:2076} INFO - Dependencies all met for dep_context=requeueable deps ti=<TaskInstance: dag_moex.task_GOOG scheduled__2026-02-07T00:00:00+00:00 [queued]>
[2026-02-19T14:40:55.147+0000] {taskinstance.py:2306} INFO - Starting attempt 1 of 1
[2026-02-19T14:40:55.173+0000] {taskinstance.py:2330} INFO - Executing <Task(PythonOperator): task_GOOG> on 2026-02-07 00:00:00+00:00
[2026-02-19T14:40:55.185+0000] {logging_mixin.py:188} WARNING - /home/***/.local/lib/python3.12/site-packages/***/task/task_runner/standard_task_runner.py:62 DeprecationWarning: This process (pid=31784) is multi-threaded, use of fork() may lead to deadlocks in the child.
[2026-02-19T14:40:55.188+0000] {standard_task_runner.py:64} INFO - Started process 31823 to run task
[2026-02-19T14:40:55.185+0000] {standard_task_runner.py:90} INFO - Running: ['***', 'tasks', 'run', 'dag_moex', 'task_GOOG', 'scheduled__2026-02-07T00:00:00+00:00', '--job-id', '1255', '--raw', '--subdir', 'DAGS_FOLDER/stocks/dag1.py', '--cfg-path', '/tmp/tmp_znek347']
[2026-02-19T14:40:55.204+0000] {standard_task_runner.py:91} INFO - Job 1255: Subtask task_GOOG
[2026-02-19T14:40:55.297+0000] {task_command.py:426} INFO - Running <TaskInstance: dag_moex.task_GOOG scheduled__2026-02-07T00:00:00+00:00 [running]> on host cc036e7caf02
[2026-02-19T14:40:55.404+0000] {taskinstance.py:2648} INFO - Exporting env vars: AIRFLOW_CTX_DAG_OWNER='***' AIRFLOW_CTX_DAG_ID='dag_moex' AIRFLOW_CTX_TASK_ID='task_GOOG' AIRFLOW_CTX_EXECUTION_DATE='2026-02-07T00:00:00+00:00' AIRFLOW_CTX_TRY_NUMBER='1' AIRFLOW_CTX_DAG_RUN_ID='scheduled__2026-02-07T00:00:00+00:00'
[2026-02-19T14:40:55.405+0000] {taskinstance.py:430} INFO - ::endgroup::
[2026-02-19T14:40:55.419+0000] {logging_mixin.py:188} WARNING - /opt/***/dags/stocks/scripts/api.py:9 FutureWarning: YF.download() has changed argument auto_adjust default to True
[2026-02-19T14:40:55.428+0000] {logging_mixin.py:188} WARNING - /home/***/.local/lib/python3.12/site-packages/yfinance/scrapers/history.py:204 Pandas4Warning: Timestamp.utcnow is deprecated and will be removed in a future version. Use Timestamp.now('UTC') instead.
[2026-02-19T14:40:56.043+0000] {logging_mixin.py:188} WARNING - [*********************100%***********************]  1 of 1 completed
[2026-02-19T14:40:56.056+0000] {api.py:10} INFO - Выгрузилось
    __________________________
    Price            Close        High         Low        Open    Volume
Ticker            GOOG        GOOG        GOOG        GOOG      GOOG
Date                                                                
2026-02-06  323.100006  330.640015  320.149994  327.350006  33877000
    __________________________
    
[2026-02-19T14:40:56.057+0000] {taskinstance.py:441} INFO - ::group::Post task execution logs
[2026-02-19T14:40:56.057+0000] {taskinstance.py:2905} ERROR - Task failed with exception
Traceback (most recent call last):
  File "/home/airflow/.local/lib/python3.12/site-packages/airflow/models/taskinstance.py", line 465, in _execute_task
    result = _execute_callable(context=context, **execute_callable_kwargs)
             ^^^^^^^^^^^^^^^^^^^^^^^^^^^^^^^^^^^^^^^^^^^^^^^^^^^^^^^^^^^^^
  File "/home/airflow/.local/lib/python3.12/site-packages/airflow/models/taskinstance.py", line 432, in _execute_callable
    return execute_callable(context=context, **execute_callable_kwargs)
           ^^^^^^^^^^^^^^^^^^^^^^^^^^^^^^^^^^^^^^^^^^^^^^^^^^^^^^^^^^^^
  File "/home/airflow/.local/lib/python3.12/site-packages/airflow/models/baseoperator.py", line 401, in wrapper
    return func(self, *args, **kwargs)
           ^^^^^^^^^^^^^^^^^^^^^^^^^^^
  File "/home/airflow/.local/lib/python3.12/site-packages/airflow/operators/python.py", line 235, in execute
    return_value = self.execute_callable()
                   ^^^^^^^^^^^^^^^^^^^^^^^
  File "/home/airflow/.local/lib/python3.12/site-packages/airflow/operators/python.py", line 252, in execute_callable
    return self.python_callable(*self.op_args, **self.op_kwargs)
           ^^^^^^^^^^^^^^^^^^^^^^^^^^^^^^^^^^^^^^^^^^^^^^^^^^^^^
  File "/opt/airflow/dags/stocks/scripts/manager.py", line 11, in fetch_data
    data = fetch_data_from_yfinance(stock, data_interval_start=data_interval_start, data_interval_end=data_interval_end)
           ^^^^^^^^^^^^^^^^^^^^^^^^^^^^^^^^^^^^^^^^^^^^^^^^^^^^^^^^^^^^^^^^^^^^^^^^^^^^^^^^^^^^^^^^^^^^^^^^^^^^^^^^^^^^^
  File "/opt/airflow/dags/stocks/scripts/api.py", line 15, in fetch_data_from_yfinance
    df = df.loc[start:start + timedelta(days=1)]
                      ~~~~~~^~~~~~~~~~~~~~~~~~~
TypeError: can only concatenate str (not "datetime.timedelta") to str
[2026-02-19T14:40:56.070+0000] {taskinstance.py:1206} INFO - Marking task as FAILED. dag_id=dag_moex, task_id=task_GOOG, run_id=scheduled__2026-02-07T00:00:00+00:00, execution_date=20260207T000000, start_date=20260219T144055, end_date=20260219T144056
[2026-02-19T14:40:56.078+0000] {standard_task_runner.py:110} ERROR - Failed to execute job 1255 for task task_GOOG (can only concatenate str (not "datetime.timedelta") to str; 31823)
[2026-02-19T14:40:56.091+0000] {local_task_job_runner.py:243} INFO - Task exited with return code 1
[2026-02-19T14:40:56.108+0000] {taskinstance.py:3503} INFO - 0 downstream tasks scheduled from follow-on schedule check
[2026-02-19T14:40:56.111+0000] {local_task_job_runner.py:222} INFO - ::endgroup::
[2026-02-19T14:45:02.113+0000] {local_task_job_runner.py:120} INFO - ::group::Pre task execution logs
[2026-02-19T14:45:02.169+0000] {taskinstance.py:2076} INFO - Dependencies all met for dep_context=non-requeueable deps ti=<TaskInstance: dag_moex.task_GOOG scheduled__2026-02-07T00:00:00+00:00 [queued]>
[2026-02-19T14:45:02.182+0000] {taskinstance.py:2076} INFO - Dependencies all met for dep_context=requeueable deps ti=<TaskInstance: dag_moex.task_GOOG scheduled__2026-02-07T00:00:00+00:00 [queued]>
[2026-02-19T14:45:02.183+0000] {taskinstance.py:2306} INFO - Starting attempt 1 of 1
[2026-02-19T14:45:02.205+0000] {taskinstance.py:2330} INFO - Executing <Task(PythonOperator): task_GOOG> on 2026-02-07 00:00:00+00:00
[2026-02-19T14:45:02.220+0000] {logging_mixin.py:188} WARNING - /home/***/.local/lib/python3.12/site-packages/***/task/task_runner/standard_task_runner.py:62 DeprecationWarning: This process (pid=32096) is multi-threaded, use of fork() may lead to deadlocks in the child.
[2026-02-19T14:45:02.222+0000] {standard_task_runner.py:64} INFO - Started process 32131 to run task
[2026-02-19T14:45:02.225+0000] {standard_task_runner.py:90} INFO - Running: ['***', 'tasks', 'run', 'dag_moex', 'task_GOOG', 'scheduled__2026-02-07T00:00:00+00:00', '--job-id', '1306', '--raw', '--subdir', 'DAGS_FOLDER/stocks/dag1.py', '--cfg-path', '/tmp/tmp_0vj_77x']
[2026-02-19T14:45:02.229+0000] {standard_task_runner.py:91} INFO - Job 1306: Subtask task_GOOG
[2026-02-19T14:45:02.300+0000] {task_command.py:426} INFO - Running <TaskInstance: dag_moex.task_GOOG scheduled__2026-02-07T00:00:00+00:00 [running]> on host cc036e7caf02
[2026-02-19T14:45:02.430+0000] {taskinstance.py:2648} INFO - Exporting env vars: AIRFLOW_CTX_DAG_OWNER='***' AIRFLOW_CTX_DAG_ID='dag_moex' AIRFLOW_CTX_TASK_ID='task_GOOG' AIRFLOW_CTX_EXECUTION_DATE='2026-02-07T00:00:00+00:00' AIRFLOW_CTX_TRY_NUMBER='1' AIRFLOW_CTX_DAG_RUN_ID='scheduled__2026-02-07T00:00:00+00:00'
[2026-02-19T14:45:02.435+0000] {taskinstance.py:430} INFO - ::endgroup::
[2026-02-19T14:45:02.454+0000] {logging_mixin.py:188} WARNING - /opt/***/dags/stocks/scripts/api.py:9 FutureWarning: YF.download() has changed argument auto_adjust default to True
[2026-02-19T14:45:02.468+0000] {logging_mixin.py:188} WARNING - /home/***/.local/lib/python3.12/site-packages/yfinance/scrapers/history.py:204 Pandas4Warning: Timestamp.utcnow is deprecated and will be removed in a future version. Use Timestamp.now('UTC') instead.
[2026-02-19T14:45:03.264+0000] {logging_mixin.py:188} WARNING - [*********************100%***********************]  1 of 1 completed
[2026-02-19T14:45:03.279+0000] {base.py:84} INFO - Using connection ID 'pg_1' for task execution.
[2026-02-19T14:45:03.279+0000] {sql.py:254} WARNING - This setter is for backward compatibility and should not be used.
Since the introduction of connection property, the providers listed below breaks due to assigning value to self.connection in their __init__ method.
* apache-***-providers-mysql<5.7.1
* apache-***-providers-elasticsearch<5.5.1
* apache-***-providers-postgres<5.13.0
[2026-02-19T14:45:03.284+0000] {sql.py:896} INFO - Loaded 1 rows into stocks so far
[2026-02-19T14:45:03.285+0000] {sql.py:908} INFO - Done loading. Loaded a total of 1 rows into stocks
[2026-02-19T14:45:03.289+0000] {python.py:237} INFO - Done. Returned value was: None
[2026-02-19T14:45:03.290+0000] {taskinstance.py:441} INFO - ::group::Post task execution logs
[2026-02-19T14:45:03.297+0000] {taskinstance.py:1206} INFO - Marking task as SUCCESS. dag_id=dag_moex, task_id=task_GOOG, run_id=scheduled__2026-02-07T00:00:00+00:00, execution_date=20260207T000000, start_date=20260219T144502, end_date=20260219T144503
[2026-02-19T14:45:03.328+0000] {local_task_job_runner.py:243} INFO - Task exited with return code 0
[2026-02-19T14:45:03.345+0000] {taskinstance.py:3503} INFO - 0 downstream tasks scheduled from follow-on schedule check
[2026-02-19T14:45:03.347+0000] {local_task_job_runner.py:222} INFO - ::endgroup::
[2026-02-19T14:50:52.735+0000] {local_task_job_runner.py:120} INFO - ::group::Pre task execution logs
[2026-02-19T14:50:52.765+0000] {taskinstance.py:2076} INFO - Dependencies all met for dep_context=non-requeueable deps ti=<TaskInstance: dag_moex.task_GOOG scheduled__2026-02-07T00:00:00+00:00 [queued]>
[2026-02-19T14:50:52.776+0000] {taskinstance.py:2076} INFO - Dependencies all met for dep_context=requeueable deps ti=<TaskInstance: dag_moex.task_GOOG scheduled__2026-02-07T00:00:00+00:00 [queued]>
[2026-02-19T14:50:52.776+0000] {taskinstance.py:2306} INFO - Starting attempt 1 of 1
[2026-02-19T14:50:52.789+0000] {taskinstance.py:2330} INFO - Executing <Task(PythonOperator): task_GOOG> on 2026-02-07 00:00:00+00:00
[2026-02-19T14:50:52.798+0000] {logging_mixin.py:188} WARNING - /home/***/.local/lib/python3.12/site-packages/***/task/task_runner/standard_task_runner.py:62 DeprecationWarning: This process (pid=32808) is multi-threaded, use of fork() may lead to deadlocks in the child.
[2026-02-19T14:50:52.800+0000] {standard_task_runner.py:64} INFO - Started process 32838 to run task
[2026-02-19T14:50:52.798+0000] {standard_task_runner.py:90} INFO - Running: ['***', 'tasks', 'run', 'dag_moex', 'task_GOOG', 'scheduled__2026-02-07T00:00:00+00:00', '--job-id', '1452', '--raw', '--subdir', 'DAGS_FOLDER/stocks/dag1.py', '--cfg-path', '/tmp/tmplj7jodol']
[2026-02-19T14:50:52.801+0000] {standard_task_runner.py:91} INFO - Job 1452: Subtask task_GOOG
[2026-02-19T14:50:52.850+0000] {task_command.py:426} INFO - Running <TaskInstance: dag_moex.task_GOOG scheduled__2026-02-07T00:00:00+00:00 [running]> on host cc036e7caf02
[2026-02-19T14:50:52.935+0000] {taskinstance.py:2648} INFO - Exporting env vars: AIRFLOW_CTX_DAG_OWNER='***' AIRFLOW_CTX_DAG_ID='dag_moex' AIRFLOW_CTX_TASK_ID='task_GOOG' AIRFLOW_CTX_EXECUTION_DATE='2026-02-07T00:00:00+00:00' AIRFLOW_CTX_TRY_NUMBER='1' AIRFLOW_CTX_DAG_RUN_ID='scheduled__2026-02-07T00:00:00+00:00'
[2026-02-19T14:50:52.936+0000] {taskinstance.py:430} INFO - ::endgroup::
[2026-02-19T14:50:52.948+0000] {logging_mixin.py:188} WARNING - /opt/***/dags/stocks/scripts/api.py:9 FutureWarning: YF.download() has changed argument auto_adjust default to True
[2026-02-19T14:50:52.956+0000] {logging_mixin.py:188} WARNING - /home/***/.local/lib/python3.12/site-packages/yfinance/scrapers/history.py:204 Pandas4Warning: Timestamp.utcnow is deprecated and will be removed in a future version. Use Timestamp.now('UTC') instead.
[2026-02-19T14:50:53.619+0000] {logging_mixin.py:188} WARNING - [*********************100%***********************]  1 of 1 completed
[2026-02-19T14:50:53.634+0000] {base.py:84} INFO - Using connection ID 'pg_1' for task execution.
[2026-02-19T14:50:53.634+0000] {sql.py:254} WARNING - This setter is for backward compatibility and should not be used.
Since the introduction of connection property, the providers listed below breaks due to assigning value to self.connection in their __init__ method.
* apache-***-providers-mysql<5.7.1
* apache-***-providers-elasticsearch<5.5.1
* apache-***-providers-postgres<5.13.0
[2026-02-19T14:50:53.638+0000] {taskinstance.py:441} INFO - ::group::Post task execution logs
[2026-02-19T14:50:53.639+0000] {taskinstance.py:2905} ERROR - Task failed with exception
Traceback (most recent call last):
  File "/home/airflow/.local/lib/python3.12/site-packages/airflow/models/taskinstance.py", line 465, in _execute_task
    result = _execute_callable(context=context, **execute_callable_kwargs)
             ^^^^^^^^^^^^^^^^^^^^^^^^^^^^^^^^^^^^^^^^^^^^^^^^^^^^^^^^^^^^^
  File "/home/airflow/.local/lib/python3.12/site-packages/airflow/models/taskinstance.py", line 432, in _execute_callable
    return execute_callable(context=context, **execute_callable_kwargs)
           ^^^^^^^^^^^^^^^^^^^^^^^^^^^^^^^^^^^^^^^^^^^^^^^^^^^^^^^^^^^^
  File "/home/airflow/.local/lib/python3.12/site-packages/airflow/models/baseoperator.py", line 401, in wrapper
    return func(self, *args, **kwargs)
           ^^^^^^^^^^^^^^^^^^^^^^^^^^^
  File "/home/airflow/.local/lib/python3.12/site-packages/airflow/operators/python.py", line 235, in execute
    return_value = self.execute_callable()
                   ^^^^^^^^^^^^^^^^^^^^^^^
  File "/home/airflow/.local/lib/python3.12/site-packages/airflow/operators/python.py", line 252, in execute_callable
    return self.python_callable(*self.op_args, **self.op_kwargs)
           ^^^^^^^^^^^^^^^^^^^^^^^^^^^^^^^^^^^^^^^^^^^^^^^^^^^^^
  File "/opt/airflow/dags/stocks/scripts/manager.py", line 24, in fetch_data
    postgresHook.insert_rows(table="stocks", rows=rows,
  File "/home/airflow/.local/lib/python3.12/site-packages/airflow/providers/common/sql/hooks/sql.py", line 893, in insert_rows
    cur.executemany(sql, values)
psycopg2.errors.UniqueViolation: duplicate key value violates unique constraint "stocks_pkey"
DETAIL:  Key (ticker, date)=(GOOG, 2026-02-06) already exists.

[2026-02-19T14:50:53.649+0000] {taskinstance.py:1206} INFO - Marking task as FAILED. dag_id=dag_moex, task_id=task_GOOG, run_id=scheduled__2026-02-07T00:00:00+00:00, execution_date=20260207T000000, start_date=20260219T145052, end_date=20260219T145053
[2026-02-19T14:50:53.659+0000] {standard_task_runner.py:110} ERROR - Failed to execute job 1452 for task task_GOOG (duplicate key value violates unique constraint "stocks_pkey"
DETAIL:  Key (ticker, date)=(GOOG, 2026-02-06) already exists.
; 32838)
[2026-02-19T14:50:53.695+0000] {local_task_job_runner.py:243} INFO - Task exited with return code 1
[2026-02-19T14:50:53.706+0000] {taskinstance.py:3503} INFO - 0 downstream tasks scheduled from follow-on schedule check
[2026-02-19T14:50:53.707+0000] {local_task_job_runner.py:222} INFO - ::endgroup::
