[2026-02-18T07:13:04.351+0000] {local_task_job_runner.py:120} INFO - ::group::Pre task execution logs
[2026-02-18T07:13:04.411+0000] {taskinstance.py:2076} INFO - Dependencies all met for dep_context=non-requeueable deps ti=<TaskInstance: dag_moex.task_AAPL scheduled__2026-01-23T00:00:00+00:00 [queued]>
[2026-02-18T07:13:04.435+0000] {taskinstance.py:2076} INFO - Dependencies all met for dep_context=requeueable deps ti=<TaskInstance: dag_moex.task_AAPL scheduled__2026-01-23T00:00:00+00:00 [queued]>
[2026-02-18T07:13:04.437+0000] {taskinstance.py:2306} INFO - Starting attempt 1 of 1
[2026-02-18T07:13:04.485+0000] {taskinstance.py:2330} INFO - Executing <Task(PythonOperator): task_AAPL> on 2026-01-23 00:00:00+00:00
[2026-02-18T07:13:04.503+0000] {logging_mixin.py:188} WARNING - /home/***/.local/lib/python3.12/site-packages/***/task/task_runner/standard_task_runner.py:62 DeprecationWarning: This process (pid=1534) is multi-threaded, use of fork() may lead to deadlocks in the child.
[2026-02-18T07:13:04.518+0000] {standard_task_runner.py:64} INFO - Started process 1561 to run task
[2026-02-18T07:13:04.517+0000] {standard_task_runner.py:90} INFO - Running: ['***', 'tasks', 'run', 'dag_moex', 'task_AAPL', 'scheduled__2026-01-23T00:00:00+00:00', '--job-id', '439', '--raw', '--subdir', 'DAGS_FOLDER/stocks/dag1.py', '--cfg-path', '/tmp/tmpajiwe0v1']
[2026-02-18T07:13:04.528+0000] {standard_task_runner.py:91} INFO - Job 439: Subtask task_AAPL
[2026-02-18T07:13:04.655+0000] {task_command.py:426} INFO - Running <TaskInstance: dag_moex.task_AAPL scheduled__2026-01-23T00:00:00+00:00 [running]> on host cc036e7caf02
[2026-02-18T07:13:04.836+0000] {taskinstance.py:2648} INFO - Exporting env vars: AIRFLOW_CTX_DAG_OWNER='***' AIRFLOW_CTX_DAG_ID='dag_moex' AIRFLOW_CTX_TASK_ID='task_AAPL' AIRFLOW_CTX_EXECUTION_DATE='2026-01-23T00:00:00+00:00' AIRFLOW_CTX_TRY_NUMBER='1' AIRFLOW_CTX_DAG_RUN_ID='scheduled__2026-01-23T00:00:00+00:00'
[2026-02-18T07:13:04.839+0000] {taskinstance.py:430} INFO - ::endgroup::
[2026-02-18T07:13:04.859+0000] {manager.py:8} INFO - log
[2026-02-18T07:13:04.862+0000] {logging_mixin.py:188} WARNING - /opt/***/dags/stocks/scripts/api.py:9 FutureWarning: YF.download() has changed argument auto_adjust default to True
[2026-02-18T07:13:04.884+0000] {logging_mixin.py:188} WARNING - /home/***/.local/lib/python3.12/site-packages/yfinance/scrapers/history.py:204 Pandas4Warning: Timestamp.utcnow is deprecated and will be removed in a future version. Use Timestamp.now('UTC') instead.
[2026-02-18T07:13:05.658+0000] {logging_mixin.py:188} WARNING - [*********************100%***********************]  1 of 1 completed
[2026-02-18T07:13:05.666+0000] {manager.py:10} INFO - Price            Close       High         Low        Open    Volume
Ticker            AAPL       AAPL        AAPL        AAPL      AAPL
Date                                                               
2026-01-23  247.808121  249.17685  244.451261  247.088808  41689000
[2026-02-18T07:13:05.677+0000] {python.py:237} INFO - Done. Returned value was: None
[2026-02-18T07:13:05.677+0000] {taskinstance.py:441} INFO - ::group::Post task execution logs
[2026-02-18T07:13:05.684+0000] {taskinstance.py:1206} INFO - Marking task as SUCCESS. dag_id=dag_moex, task_id=task_AAPL, run_id=scheduled__2026-01-23T00:00:00+00:00, execution_date=20260123T000000, start_date=20260218T071304, end_date=20260218T071305
[2026-02-18T07:13:05.713+0000] {local_task_job_runner.py:243} INFO - Task exited with return code 0
[2026-02-18T07:13:05.730+0000] {taskinstance.py:3503} INFO - 0 downstream tasks scheduled from follow-on schedule check
[2026-02-18T07:13:05.732+0000] {local_task_job_runner.py:222} INFO - ::endgroup::
[2026-02-19T12:59:33.651+0000] {local_task_job_runner.py:120} INFO - ::group::Pre task execution logs
[2026-02-19T12:59:33.674+0000] {taskinstance.py:2076} INFO - Dependencies all met for dep_context=non-requeueable deps ti=<TaskInstance: dag_moex.task_AAPL scheduled__2026-01-23T00:00:00+00:00 [queued]>
[2026-02-19T12:59:33.680+0000] {taskinstance.py:2076} INFO - Dependencies all met for dep_context=requeueable deps ti=<TaskInstance: dag_moex.task_AAPL scheduled__2026-01-23T00:00:00+00:00 [queued]>
[2026-02-19T12:59:33.680+0000] {taskinstance.py:2306} INFO - Starting attempt 1 of 1
[2026-02-19T12:59:33.691+0000] {taskinstance.py:2330} INFO - Executing <Task(PythonOperator): task_AAPL> on 2026-01-23 00:00:00+00:00
[2026-02-19T12:59:33.699+0000] {logging_mixin.py:188} WARNING - /home/***/.local/lib/python3.12/site-packages/***/task/task_runner/standard_task_runner.py:62 DeprecationWarning: This process (pid=27949) is multi-threaded, use of fork() may lead to deadlocks in the child.
[2026-02-19T12:59:33.700+0000] {standard_task_runner.py:64} INFO - Started process 27961 to run task
[2026-02-19T12:59:33.699+0000] {standard_task_runner.py:90} INFO - Running: ['***', 'tasks', 'run', 'dag_moex', 'task_AAPL', 'scheduled__2026-01-23T00:00:00+00:00', '--job-id', '881', '--raw', '--subdir', 'DAGS_FOLDER/stocks/dag1.py', '--cfg-path', '/tmp/tmp_z3teah2']
[2026-02-19T12:59:33.701+0000] {standard_task_runner.py:91} INFO - Job 881: Subtask task_AAPL
[2026-02-19T12:59:33.737+0000] {task_command.py:426} INFO - Running <TaskInstance: dag_moex.task_AAPL scheduled__2026-01-23T00:00:00+00:00 [running]> on host cc036e7caf02
[2026-02-19T12:59:33.804+0000] {taskinstance.py:2648} INFO - Exporting env vars: AIRFLOW_CTX_DAG_OWNER='***' AIRFLOW_CTX_DAG_ID='dag_moex' AIRFLOW_CTX_TASK_ID='task_AAPL' AIRFLOW_CTX_EXECUTION_DATE='2026-01-23T00:00:00+00:00' AIRFLOW_CTX_TRY_NUMBER='1' AIRFLOW_CTX_DAG_RUN_ID='scheduled__2026-01-23T00:00:00+00:00'
[2026-02-19T12:59:33.805+0000] {taskinstance.py:430} INFO - ::endgroup::
[2026-02-19T12:59:33.815+0000] {logging_mixin.py:188} WARNING - /opt/***/dags/stocks/scripts/api.py:10 FutureWarning: YF.download() has changed argument auto_adjust default to True
[2026-02-19T12:59:33.821+0000] {logging_mixin.py:188} WARNING - /home/***/.local/lib/python3.12/site-packages/yfinance/scrapers/history.py:204 Pandas4Warning: Timestamp.utcnow is deprecated and will be removed in a future version. Use Timestamp.now('UTC') instead.
[2026-02-19T12:59:34.483+0000] {logging_mixin.py:188} WARNING - [*********************100%***********************]  1 of 1 completed
[2026-02-19T12:59:34.499+0000] {api.py:11} INFO - Выгрузилось
    __________________________
    Price            Close       High         Low        Open    Volume
Ticker            AAPL       AAPL        AAPL        AAPL      AAPL
Date                                                               
2026-01-22  248.117844  250.76536  247.918018  248.967040  39708300
2026-01-23  247.808121  249.17685  244.451261  247.088808  41689000
    __________________________
    
[2026-02-19T12:59:34.500+0000] {api.py:17} INFO - start=2026-01-22, end=2026-01-26
[2026-02-19T12:59:34.504+0000] {api.py:18} INFO - После удаления
    __________________________
    Price            Close       High         Low        Open    Volume
Ticker            AAPL       AAPL        AAPL        AAPL      AAPL
Date                                                               
2026-01-23  247.808121  249.17685  244.451261  247.088808  41689000
    __________________________
    
[2026-02-19T12:59:34.513+0000] {base.py:84} INFO - Using connection ID 'pg_1' for task execution.
[2026-02-19T12:59:34.513+0000] {sql.py:254} WARNING - This setter is for backward compatibility and should not be used.
Since the introduction of connection property, the providers listed below breaks due to assigning value to self.connection in their __init__ method.
* apache-***-providers-mysql<5.7.1
* apache-***-providers-elasticsearch<5.5.1
* apache-***-providers-postgres<5.13.0
[2026-02-19T12:59:34.519+0000] {sql.py:896} INFO - Loaded 1 rows into stocks so far
[2026-02-19T12:59:34.519+0000] {sql.py:908} INFO - Done loading. Loaded a total of 1 rows into stocks
[2026-02-19T12:59:34.523+0000] {python.py:237} INFO - Done. Returned value was: None
[2026-02-19T12:59:34.524+0000] {taskinstance.py:441} INFO - ::group::Post task execution logs
[2026-02-19T12:59:34.530+0000] {taskinstance.py:1206} INFO - Marking task as SUCCESS. dag_id=dag_moex, task_id=task_AAPL, run_id=scheduled__2026-01-23T00:00:00+00:00, execution_date=20260123T000000, start_date=20260219T125933, end_date=20260219T125934
[2026-02-19T12:59:34.555+0000] {local_task_job_runner.py:243} INFO - Task exited with return code 0
[2026-02-19T12:59:34.562+0000] {local_task_job_runner.py:222} INFO - ::endgroup::
[2026-02-19T14:50:39.317+0000] {local_task_job_runner.py:120} INFO - ::group::Pre task execution logs
[2026-02-19T14:50:39.374+0000] {taskinstance.py:2076} INFO - Dependencies all met for dep_context=non-requeueable deps ti=<TaskInstance: dag_moex.task_AAPL scheduled__2026-01-23T00:00:00+00:00 [queued]>
[2026-02-19T14:50:39.388+0000] {taskinstance.py:2076} INFO - Dependencies all met for dep_context=requeueable deps ti=<TaskInstance: dag_moex.task_AAPL scheduled__2026-01-23T00:00:00+00:00 [queued]>
[2026-02-19T14:50:39.390+0000] {taskinstance.py:2306} INFO - Starting attempt 1 of 1
[2026-02-19T14:50:39.424+0000] {taskinstance.py:2330} INFO - Executing <Task(PythonOperator): task_AAPL> on 2026-01-23 00:00:00+00:00
[2026-02-19T14:50:39.435+0000] {logging_mixin.py:188} WARNING - /home/***/.local/lib/python3.12/site-packages/***/task/task_runner/standard_task_runner.py:62 DeprecationWarning: This process (pid=32636) is multi-threaded, use of fork() may lead to deadlocks in the child.
[2026-02-19T14:50:39.436+0000] {standard_task_runner.py:64} INFO - Started process 32668 to run task
[2026-02-19T14:50:39.438+0000] {standard_task_runner.py:90} INFO - Running: ['***', 'tasks', 'run', 'dag_moex', 'task_AAPL', 'scheduled__2026-01-23T00:00:00+00:00', '--job-id', '1407', '--raw', '--subdir', 'DAGS_FOLDER/stocks/dag1.py', '--cfg-path', '/tmp/tmpp9p1gcn8']
[2026-02-19T14:50:39.440+0000] {standard_task_runner.py:91} INFO - Job 1407: Subtask task_AAPL
[2026-02-19T14:50:39.519+0000] {task_command.py:426} INFO - Running <TaskInstance: dag_moex.task_AAPL scheduled__2026-01-23T00:00:00+00:00 [running]> on host cc036e7caf02
[2026-02-19T14:50:39.648+0000] {taskinstance.py:2648} INFO - Exporting env vars: AIRFLOW_CTX_DAG_OWNER='***' AIRFLOW_CTX_DAG_ID='dag_moex' AIRFLOW_CTX_TASK_ID='task_AAPL' AIRFLOW_CTX_EXECUTION_DATE='2026-01-23T00:00:00+00:00' AIRFLOW_CTX_TRY_NUMBER='1' AIRFLOW_CTX_DAG_RUN_ID='scheduled__2026-01-23T00:00:00+00:00'
[2026-02-19T14:50:39.649+0000] {taskinstance.py:430} INFO - ::endgroup::
[2026-02-19T14:50:39.667+0000] {logging_mixin.py:188} WARNING - /opt/***/dags/stocks/scripts/api.py:9 FutureWarning: YF.download() has changed argument auto_adjust default to True
[2026-02-19T14:50:39.692+0000] {logging_mixin.py:188} WARNING - /home/***/.local/lib/python3.12/site-packages/yfinance/scrapers/history.py:204 Pandas4Warning: Timestamp.utcnow is deprecated and will be removed in a future version. Use Timestamp.now('UTC') instead.
[2026-02-19T14:50:40.462+0000] {logging_mixin.py:188} WARNING - [*********************100%***********************]  1 of 1 completed
[2026-02-19T14:50:40.480+0000] {base.py:84} INFO - Using connection ID 'pg_1' for task execution.
[2026-02-19T14:50:40.480+0000] {sql.py:254} WARNING - This setter is for backward compatibility and should not be used.
Since the introduction of connection property, the providers listed below breaks due to assigning value to self.connection in their __init__ method.
* apache-***-providers-mysql<5.7.1
* apache-***-providers-elasticsearch<5.5.1
* apache-***-providers-postgres<5.13.0
[2026-02-19T14:50:40.485+0000] {taskinstance.py:441} INFO - ::group::Post task execution logs
[2026-02-19T14:50:40.486+0000] {taskinstance.py:2905} ERROR - Task failed with exception
Traceback (most recent call last):
  File "/home/airflow/.local/lib/python3.12/site-packages/airflow/models/taskinstance.py", line 465, in _execute_task
    result = _execute_callable(context=context, **execute_callable_kwargs)
             ^^^^^^^^^^^^^^^^^^^^^^^^^^^^^^^^^^^^^^^^^^^^^^^^^^^^^^^^^^^^^
  File "/home/airflow/.local/lib/python3.12/site-packages/airflow/models/taskinstance.py", line 432, in _execute_callable
    return execute_callable(context=context, **execute_callable_kwargs)
           ^^^^^^^^^^^^^^^^^^^^^^^^^^^^^^^^^^^^^^^^^^^^^^^^^^^^^^^^^^^^
  File "/home/airflow/.local/lib/python3.12/site-packages/airflow/models/baseoperator.py", line 401, in wrapper
    return func(self, *args, **kwargs)
           ^^^^^^^^^^^^^^^^^^^^^^^^^^^
  File "/home/airflow/.local/lib/python3.12/site-packages/airflow/operators/python.py", line 235, in execute
    return_value = self.execute_callable()
                   ^^^^^^^^^^^^^^^^^^^^^^^
  File "/home/airflow/.local/lib/python3.12/site-packages/airflow/operators/python.py", line 252, in execute_callable
    return self.python_callable(*self.op_args, **self.op_kwargs)
           ^^^^^^^^^^^^^^^^^^^^^^^^^^^^^^^^^^^^^^^^^^^^^^^^^^^^^
  File "/opt/airflow/dags/stocks/scripts/manager.py", line 24, in fetch_data
    postgresHook.insert_rows(table="stocks", rows=rows,
  File "/home/airflow/.local/lib/python3.12/site-packages/airflow/providers/common/sql/hooks/sql.py", line 893, in insert_rows
    cur.executemany(sql, values)
psycopg2.errors.UniqueViolation: duplicate key value violates unique constraint "stocks_pkey"
DETAIL:  Key (ticker, date)=(AAPL, 2026-01-22) already exists.

[2026-02-19T14:50:40.498+0000] {taskinstance.py:1206} INFO - Marking task as FAILED. dag_id=dag_moex, task_id=task_AAPL, run_id=scheduled__2026-01-23T00:00:00+00:00, execution_date=20260123T000000, start_date=20260219T145039, end_date=20260219T145040
[2026-02-19T14:50:40.511+0000] {standard_task_runner.py:110} ERROR - Failed to execute job 1407 for task task_AAPL (duplicate key value violates unique constraint "stocks_pkey"
DETAIL:  Key (ticker, date)=(AAPL, 2026-01-22) already exists.
; 32668)
[2026-02-19T14:50:40.535+0000] {local_task_job_runner.py:243} INFO - Task exited with return code 1
[2026-02-19T14:50:40.552+0000] {taskinstance.py:3503} INFO - 0 downstream tasks scheduled from follow-on schedule check
[2026-02-19T14:50:40.554+0000] {local_task_job_runner.py:222} INFO - ::endgroup::
