[2026-02-18T07:04:40.544+0000] {local_task_job_runner.py:120} INFO - ::group::Pre task execution logs
[2026-02-18T07:04:40.615+0000] {taskinstance.py:2076} INFO - Dependencies all met for dep_context=non-requeueable deps ti=<TaskInstance: dag_moex.task_GOOG scheduled__2026-02-13T00:00:00+00:00 [queued]>
[2026-02-18T07:04:40.637+0000] {taskinstance.py:2076} INFO - Dependencies all met for dep_context=requeueable deps ti=<TaskInstance: dag_moex.task_GOOG scheduled__2026-02-13T00:00:00+00:00 [queued]>
[2026-02-18T07:04:40.648+0000] {taskinstance.py:2306} INFO - Starting attempt 1 of 1
[2026-02-18T07:04:40.684+0000] {taskinstance.py:2330} INFO - Executing <Task(PythonOperator): task_GOOG> on 2026-02-13 00:00:00+00:00
[2026-02-18T07:04:40.704+0000] {logging_mixin.py:188} WARNING - /home/***/.local/lib/python3.12/site-packages/***/task/task_runner/standard_task_runner.py:62 DeprecationWarning: This process (pid=762) is multi-threaded, use of fork() may lead to deadlocks in the child.
[2026-02-18T07:04:40.713+0000] {standard_task_runner.py:64} INFO - Started process 788 to run task
[2026-02-18T07:04:40.722+0000] {standard_task_runner.py:90} INFO - Running: ['***', 'tasks', 'run', 'dag_moex', 'task_GOOG', 'scheduled__2026-02-13T00:00:00+00:00', '--job-id', '303', '--raw', '--subdir', 'DAGS_FOLDER/stocks/dag1.py', '--cfg-path', '/tmp/tmpknw95t5e']
[2026-02-18T07:04:40.733+0000] {standard_task_runner.py:91} INFO - Job 303: Subtask task_GOOG
[2026-02-18T07:04:40.863+0000] {task_command.py:426} INFO - Running <TaskInstance: dag_moex.task_GOOG scheduled__2026-02-13T00:00:00+00:00 [running]> on host cc036e7caf02
[2026-02-18T07:04:41.024+0000] {taskinstance.py:2648} INFO - Exporting env vars: AIRFLOW_CTX_DAG_OWNER='***' AIRFLOW_CTX_DAG_ID='dag_moex' AIRFLOW_CTX_TASK_ID='task_GOOG' AIRFLOW_CTX_EXECUTION_DATE='2026-02-13T00:00:00+00:00' AIRFLOW_CTX_TRY_NUMBER='1' AIRFLOW_CTX_DAG_RUN_ID='scheduled__2026-02-13T00:00:00+00:00'
[2026-02-18T07:04:41.027+0000] {taskinstance.py:430} INFO - ::endgroup::
[2026-02-18T07:04:41.050+0000] {manager.py:8} INFO - log
[2026-02-18T07:04:41.053+0000] {logging_mixin.py:188} WARNING - /opt/***/dags/stocks/scripts/api.py:9 FutureWarning: YF.download() has changed argument auto_adjust default to True
[2026-02-18T07:04:41.064+0000] {logging_mixin.py:188} WARNING - /home/***/.local/lib/python3.12/site-packages/yfinance/scrapers/history.py:204 Pandas4Warning: Timestamp.utcnow is deprecated and will be removed in a future version. Use Timestamp.now('UTC') instead.
[2026-02-18T07:04:41.789+0000] {logging_mixin.py:188} WARNING - [*********************100%***********************]  1 of 1 completed
[2026-02-18T07:04:41.797+0000] {manager.py:10} INFO - None
[2026-02-18T07:04:41.798+0000] {taskinstance.py:441} INFO - ::group::Post task execution logs
[2026-02-18T07:04:41.799+0000] {taskinstance.py:2905} ERROR - Task failed with exception
Traceback (most recent call last):
  File "/home/airflow/.local/lib/python3.12/site-packages/airflow/models/taskinstance.py", line 465, in _execute_task
    result = _execute_callable(context=context, **execute_callable_kwargs)
             ^^^^^^^^^^^^^^^^^^^^^^^^^^^^^^^^^^^^^^^^^^^^^^^^^^^^^^^^^^^^^
  File "/home/airflow/.local/lib/python3.12/site-packages/airflow/models/taskinstance.py", line 432, in _execute_callable
    return execute_callable(context=context, **execute_callable_kwargs)
           ^^^^^^^^^^^^^^^^^^^^^^^^^^^^^^^^^^^^^^^^^^^^^^^^^^^^^^^^^^^^
  File "/home/airflow/.local/lib/python3.12/site-packages/airflow/models/baseoperator.py", line 401, in wrapper
    return func(self, *args, **kwargs)
           ^^^^^^^^^^^^^^^^^^^^^^^^^^^
  File "/home/airflow/.local/lib/python3.12/site-packages/airflow/operators/python.py", line 235, in execute
    return_value = self.execute_callable()
                   ^^^^^^^^^^^^^^^^^^^^^^^
  File "/home/airflow/.local/lib/python3.12/site-packages/airflow/operators/python.py", line 252, in execute_callable
    return self.python_callable(*self.op_args, **self.op_kwargs)
           ^^^^^^^^^^^^^^^^^^^^^^^^^^^^^^^^^^^^^^^^^^^^^^^^^^^^^
  File "/opt/airflow/dags/stocks/scripts/manager.py", line 11, in fetch_data
    return data.to_json(f"{stock}_{data_interval_start.strftime('%Y-%m-%d')}.json")
           ^^^^^^^^^^^^
AttributeError: 'NoneType' object has no attribute 'to_json'
[2026-02-18T07:04:41.812+0000] {taskinstance.py:1206} INFO - Marking task as FAILED. dag_id=dag_moex, task_id=task_GOOG, run_id=scheduled__2026-02-13T00:00:00+00:00, execution_date=20260213T000000, start_date=20260218T070440, end_date=20260218T070441
[2026-02-18T07:04:41.825+0000] {standard_task_runner.py:110} ERROR - Failed to execute job 303 for task task_GOOG ('NoneType' object has no attribute 'to_json'; 788)
[2026-02-18T07:04:41.870+0000] {local_task_job_runner.py:243} INFO - Task exited with return code 1
[2026-02-18T07:04:41.877+0000] {local_task_job_runner.py:222} INFO - ::endgroup::
[2026-02-18T07:05:13.072+0000] {local_task_job_runner.py:120} INFO - ::group::Pre task execution logs
[2026-02-18T07:05:13.148+0000] {taskinstance.py:2076} INFO - Dependencies all met for dep_context=non-requeueable deps ti=<TaskInstance: dag_moex.task_GOOG scheduled__2026-02-13T00:00:00+00:00 [queued]>
[2026-02-18T07:05:13.175+0000] {taskinstance.py:2076} INFO - Dependencies all met for dep_context=requeueable deps ti=<TaskInstance: dag_moex.task_GOOG scheduled__2026-02-13T00:00:00+00:00 [queued]>
[2026-02-18T07:05:13.176+0000] {taskinstance.py:2306} INFO - Starting attempt 1 of 1
[2026-02-18T07:05:13.213+0000] {taskinstance.py:2330} INFO - Executing <Task(PythonOperator): task_GOOG> on 2026-02-13 00:00:00+00:00
[2026-02-18T07:05:13.235+0000] {logging_mixin.py:188} WARNING - /home/***/.local/lib/python3.12/site-packages/***/task/task_runner/standard_task_runner.py:62 DeprecationWarning: This process (pid=833) is multi-threaded, use of fork() may lead to deadlocks in the child.
[2026-02-18T07:05:13.238+0000] {standard_task_runner.py:64} INFO - Started process 858 to run task
[2026-02-18T07:05:13.240+0000] {standard_task_runner.py:90} INFO - Running: ['***', 'tasks', 'run', 'dag_moex', 'task_GOOG', 'scheduled__2026-02-13T00:00:00+00:00', '--job-id', '317', '--raw', '--subdir', 'DAGS_FOLDER/stocks/dag1.py', '--cfg-path', '/tmp/tmp6a7g2cqk']
[2026-02-18T07:05:13.246+0000] {standard_task_runner.py:91} INFO - Job 317: Subtask task_GOOG
[2026-02-18T07:05:13.386+0000] {task_command.py:426} INFO - Running <TaskInstance: dag_moex.task_GOOG scheduled__2026-02-13T00:00:00+00:00 [running]> on host cc036e7caf02
[2026-02-18T07:05:13.515+0000] {taskinstance.py:2648} INFO - Exporting env vars: AIRFLOW_CTX_DAG_OWNER='***' AIRFLOW_CTX_DAG_ID='dag_moex' AIRFLOW_CTX_TASK_ID='task_GOOG' AIRFLOW_CTX_EXECUTION_DATE='2026-02-13T00:00:00+00:00' AIRFLOW_CTX_TRY_NUMBER='1' AIRFLOW_CTX_DAG_RUN_ID='scheduled__2026-02-13T00:00:00+00:00'
[2026-02-18T07:05:13.519+0000] {taskinstance.py:430} INFO - ::endgroup::
[2026-02-18T07:05:13.535+0000] {manager.py:8} INFO - log
[2026-02-18T07:05:13.541+0000] {logging_mixin.py:188} WARNING - /opt/***/dags/stocks/scripts/api.py:9 FutureWarning: YF.download() has changed argument auto_adjust default to True
[2026-02-18T07:05:13.562+0000] {logging_mixin.py:188} WARNING - /home/***/.local/lib/python3.12/site-packages/yfinance/scrapers/history.py:204 Pandas4Warning: Timestamp.utcnow is deprecated and will be removed in a future version. Use Timestamp.now('UTC') instead.
[2026-02-18T07:05:14.372+0000] {logging_mixin.py:188} WARNING - [*********************100%***********************]  1 of 1 completed
[2026-02-18T07:05:14.380+0000] {manager.py:10} INFO - None
[2026-02-18T07:05:14.380+0000] {taskinstance.py:441} INFO - ::group::Post task execution logs
[2026-02-18T07:05:14.381+0000] {taskinstance.py:2905} ERROR - Task failed with exception
Traceback (most recent call last):
  File "/home/airflow/.local/lib/python3.12/site-packages/airflow/models/taskinstance.py", line 465, in _execute_task
    result = _execute_callable(context=context, **execute_callable_kwargs)
             ^^^^^^^^^^^^^^^^^^^^^^^^^^^^^^^^^^^^^^^^^^^^^^^^^^^^^^^^^^^^^
  File "/home/airflow/.local/lib/python3.12/site-packages/airflow/models/taskinstance.py", line 432, in _execute_callable
    return execute_callable(context=context, **execute_callable_kwargs)
           ^^^^^^^^^^^^^^^^^^^^^^^^^^^^^^^^^^^^^^^^^^^^^^^^^^^^^^^^^^^^
  File "/home/airflow/.local/lib/python3.12/site-packages/airflow/models/baseoperator.py", line 401, in wrapper
    return func(self, *args, **kwargs)
           ^^^^^^^^^^^^^^^^^^^^^^^^^^^
  File "/home/airflow/.local/lib/python3.12/site-packages/airflow/operators/python.py", line 235, in execute
    return_value = self.execute_callable()
                   ^^^^^^^^^^^^^^^^^^^^^^^
  File "/home/airflow/.local/lib/python3.12/site-packages/airflow/operators/python.py", line 252, in execute_callable
    return self.python_callable(*self.op_args, **self.op_kwargs)
           ^^^^^^^^^^^^^^^^^^^^^^^^^^^^^^^^^^^^^^^^^^^^^^^^^^^^^
  File "/opt/airflow/dags/stocks/scripts/manager.py", line 11, in fetch_data
    return data.to_json(f"{stock}_{data_interval_start.strftime('%Y-%m-%d')}.json")
           ^^^^^^^^^^^^
AttributeError: 'NoneType' object has no attribute 'to_json'
[2026-02-18T07:05:14.392+0000] {taskinstance.py:1206} INFO - Marking task as FAILED. dag_id=dag_moex, task_id=task_GOOG, run_id=scheduled__2026-02-13T00:00:00+00:00, execution_date=20260213T000000, start_date=20260218T070513, end_date=20260218T070514
[2026-02-18T07:05:14.402+0000] {standard_task_runner.py:110} ERROR - Failed to execute job 317 for task task_GOOG ('NoneType' object has no attribute 'to_json'; 858)
[2026-02-18T07:05:14.436+0000] {local_task_job_runner.py:243} INFO - Task exited with return code 1
[2026-02-18T07:05:14.451+0000] {taskinstance.py:3503} INFO - 0 downstream tasks scheduled from follow-on schedule check
[2026-02-18T07:05:14.453+0000] {local_task_job_runner.py:222} INFO - ::endgroup::
[2026-02-18T07:07:48.568+0000] {local_task_job_runner.py:120} INFO - ::group::Pre task execution logs
[2026-02-18T07:07:48.640+0000] {taskinstance.py:2076} INFO - Dependencies all met for dep_context=non-requeueable deps ti=<TaskInstance: dag_moex.task_GOOG scheduled__2026-02-13T00:00:00+00:00 [queued]>
[2026-02-18T07:07:48.682+0000] {taskinstance.py:2076} INFO - Dependencies all met for dep_context=requeueable deps ti=<TaskInstance: dag_moex.task_GOOG scheduled__2026-02-13T00:00:00+00:00 [queued]>
[2026-02-18T07:07:48.686+0000] {taskinstance.py:2306} INFO - Starting attempt 1 of 1
[2026-02-18T07:07:48.726+0000] {taskinstance.py:2330} INFO - Executing <Task(PythonOperator): task_GOOG> on 2026-02-13 00:00:00+00:00
[2026-02-18T07:07:48.738+0000] {logging_mixin.py:188} WARNING - /home/***/.local/lib/python3.12/site-packages/***/task/task_runner/standard_task_runner.py:62 DeprecationWarning: This process (pid=960) is multi-threaded, use of fork() may lead to deadlocks in the child.
[2026-02-18T07:07:48.747+0000] {standard_task_runner.py:64} INFO - Started process 981 to run task
[2026-02-18T07:07:48.755+0000] {standard_task_runner.py:90} INFO - Running: ['***', 'tasks', 'run', 'dag_moex', 'task_GOOG', 'scheduled__2026-02-13T00:00:00+00:00', '--job-id', '330', '--raw', '--subdir', 'DAGS_FOLDER/stocks/dag1.py', '--cfg-path', '/tmp/tmpjnzq03d5']
[2026-02-18T07:07:48.772+0000] {standard_task_runner.py:91} INFO - Job 330: Subtask task_GOOG
[2026-02-18T07:07:49.045+0000] {task_command.py:426} INFO - Running <TaskInstance: dag_moex.task_GOOG scheduled__2026-02-13T00:00:00+00:00 [running]> on host cc036e7caf02
[2026-02-18T07:07:49.251+0000] {taskinstance.py:2648} INFO - Exporting env vars: AIRFLOW_CTX_DAG_OWNER='***' AIRFLOW_CTX_DAG_ID='dag_moex' AIRFLOW_CTX_TASK_ID='task_GOOG' AIRFLOW_CTX_EXECUTION_DATE='2026-02-13T00:00:00+00:00' AIRFLOW_CTX_TRY_NUMBER='1' AIRFLOW_CTX_DAG_RUN_ID='scheduled__2026-02-13T00:00:00+00:00'
[2026-02-18T07:07:49.253+0000] {taskinstance.py:430} INFO - ::endgroup::
[2026-02-18T07:07:49.282+0000] {manager.py:8} INFO - log
[2026-02-18T07:07:49.291+0000] {logging_mixin.py:188} WARNING - /opt/***/dags/stocks/scripts/api.py:9 FutureWarning: YF.download() has changed argument auto_adjust default to True
[2026-02-18T07:07:49.322+0000] {logging_mixin.py:188} WARNING - /home/***/.local/lib/python3.12/site-packages/yfinance/scrapers/history.py:204 Pandas4Warning: Timestamp.utcnow is deprecated and will be removed in a future version. Use Timestamp.now('UTC') instead.
[2026-02-18T07:07:50.261+0000] {logging_mixin.py:188} WARNING - [*********************100%***********************]  1 of 1 completed
[2026-02-18T07:07:50.273+0000] {manager.py:10} INFO - Price            Close        High         Low        Open    Volume
Ticker            GOOG        GOOG        GOOG        GOOG      GOOG
Date                                                                
2026-02-13  306.019989  308.890015  303.899994  307.984985  20236000
[2026-02-18T07:07:50.286+0000] {python.py:237} INFO - Done. Returned value was: None
[2026-02-18T07:07:50.287+0000] {taskinstance.py:441} INFO - ::group::Post task execution logs
[2026-02-18T07:07:50.294+0000] {taskinstance.py:1206} INFO - Marking task as SUCCESS. dag_id=dag_moex, task_id=task_GOOG, run_id=scheduled__2026-02-13T00:00:00+00:00, execution_date=20260213T000000, start_date=20260218T070748, end_date=20260218T070750
[2026-02-18T07:07:50.346+0000] {local_task_job_runner.py:243} INFO - Task exited with return code 0
[2026-02-18T07:07:50.362+0000] {taskinstance.py:3503} INFO - 0 downstream tasks scheduled from follow-on schedule check
[2026-02-18T07:07:50.363+0000] {local_task_job_runner.py:222} INFO - ::endgroup::
[2026-02-18T07:09:19.897+0000] {local_task_job_runner.py:120} INFO - ::group::Pre task execution logs
[2026-02-18T07:09:19.948+0000] {taskinstance.py:2076} INFO - Dependencies all met for dep_context=non-requeueable deps ti=<TaskInstance: dag_moex.task_GOOG scheduled__2026-02-13T00:00:00+00:00 [queued]>
[2026-02-18T07:09:19.962+0000] {taskinstance.py:2076} INFO - Dependencies all met for dep_context=requeueable deps ti=<TaskInstance: dag_moex.task_GOOG scheduled__2026-02-13T00:00:00+00:00 [queued]>
[2026-02-18T07:09:19.963+0000] {taskinstance.py:2306} INFO - Starting attempt 1 of 1
[2026-02-18T07:09:19.986+0000] {taskinstance.py:2330} INFO - Executing <Task(PythonOperator): task_GOOG> on 2026-02-13 00:00:00+00:00
[2026-02-18T07:09:20.003+0000] {logging_mixin.py:188} WARNING - /home/***/.local/lib/python3.12/site-packages/***/task/task_runner/standard_task_runner.py:62 DeprecationWarning: This process (pid=1056) is multi-threaded, use of fork() may lead to deadlocks in the child.
[2026-02-18T07:09:20.007+0000] {standard_task_runner.py:64} INFO - Started process 1075 to run task
[2026-02-18T07:09:20.012+0000] {standard_task_runner.py:90} INFO - Running: ['***', 'tasks', 'run', 'dag_moex', 'task_GOOG', 'scheduled__2026-02-13T00:00:00+00:00', '--job-id', '345', '--raw', '--subdir', 'DAGS_FOLDER/stocks/dag1.py', '--cfg-path', '/tmp/tmpkzrd4qoc']
[2026-02-18T07:09:20.016+0000] {standard_task_runner.py:91} INFO - Job 345: Subtask task_GOOG
[2026-02-18T07:09:20.146+0000] {task_command.py:426} INFO - Running <TaskInstance: dag_moex.task_GOOG scheduled__2026-02-13T00:00:00+00:00 [running]> on host cc036e7caf02
[2026-02-18T07:09:20.303+0000] {taskinstance.py:2648} INFO - Exporting env vars: AIRFLOW_CTX_DAG_OWNER='***' AIRFLOW_CTX_DAG_ID='dag_moex' AIRFLOW_CTX_TASK_ID='task_GOOG' AIRFLOW_CTX_EXECUTION_DATE='2026-02-13T00:00:00+00:00' AIRFLOW_CTX_TRY_NUMBER='1' AIRFLOW_CTX_DAG_RUN_ID='scheduled__2026-02-13T00:00:00+00:00'
[2026-02-18T07:09:20.306+0000] {taskinstance.py:430} INFO - ::endgroup::
[2026-02-18T07:09:20.324+0000] {manager.py:8} INFO - log
[2026-02-18T07:09:20.333+0000] {logging_mixin.py:188} WARNING - /opt/***/dags/stocks/scripts/api.py:9 FutureWarning: YF.download() has changed argument auto_adjust default to True
[2026-02-18T07:09:20.359+0000] {logging_mixin.py:188} WARNING - /home/***/.local/lib/python3.12/site-packages/yfinance/scrapers/history.py:204 Pandas4Warning: Timestamp.utcnow is deprecated and will be removed in a future version. Use Timestamp.now('UTC') instead.
[2026-02-18T07:09:19.238+0000] {logging_mixin.py:188} WARNING - [*********************100%***********************]  1 of 1 completed
[2026-02-18T07:09:19.249+0000] {manager.py:10} INFO - Price            Close        High         Low        Open    Volume
Ticker            GOOG        GOOG        GOOG        GOOG      GOOG
Date                                                                
2026-02-13  306.019989  308.890015  303.899994  307.984985  20236000
[2026-02-18T07:09:19.264+0000] {python.py:237} INFO - Done. Returned value was: None
[2026-02-18T07:09:19.265+0000] {taskinstance.py:441} INFO - ::group::Post task execution logs
[2026-02-18T07:09:19.274+0000] {taskinstance.py:1206} INFO - Marking task as SUCCESS. dag_id=dag_moex, task_id=task_GOOG, run_id=scheduled__2026-02-13T00:00:00+00:00, execution_date=20260213T000000, start_date=20260218T070919, end_date=20260218T070919
[2026-02-18T07:09:19.310+0000] {local_task_job_runner.py:243} INFO - Task exited with return code 0
[2026-02-18T07:09:19.332+0000] {taskinstance.py:3503} INFO - 0 downstream tasks scheduled from follow-on schedule check
[2026-02-18T07:09:19.334+0000] {local_task_job_runner.py:222} INFO - ::endgroup::
[2026-02-18T07:10:23.312+0000] {local_task_job_runner.py:120} INFO - ::group::Pre task execution logs
[2026-02-18T07:10:23.362+0000] {taskinstance.py:2076} INFO - Dependencies all met for dep_context=non-requeueable deps ti=<TaskInstance: dag_moex.task_GOOG scheduled__2026-02-13T00:00:00+00:00 [queued]>
[2026-02-18T07:10:23.381+0000] {taskinstance.py:2076} INFO - Dependencies all met for dep_context=requeueable deps ti=<TaskInstance: dag_moex.task_GOOG scheduled__2026-02-13T00:00:00+00:00 [queued]>
[2026-02-18T07:10:23.386+0000] {taskinstance.py:2306} INFO - Starting attempt 1 of 1
[2026-02-18T07:10:23.423+0000] {taskinstance.py:2330} INFO - Executing <Task(PythonOperator): task_GOOG> on 2026-02-13 00:00:00+00:00
[2026-02-18T07:10:23.439+0000] {logging_mixin.py:188} WARNING - /home/***/.local/lib/python3.12/site-packages/***/task/task_runner/standard_task_runner.py:62 DeprecationWarning: This process (pid=1138) is multi-threaded, use of fork() may lead to deadlocks in the child.
[2026-02-18T07:10:23.440+0000] {standard_task_runner.py:64} INFO - Started process 1163 to run task
[2026-02-18T07:10:23.452+0000] {standard_task_runner.py:90} INFO - Running: ['***', 'tasks', 'run', 'dag_moex', 'task_GOOG', 'scheduled__2026-02-13T00:00:00+00:00', '--job-id', '362', '--raw', '--subdir', 'DAGS_FOLDER/stocks/dag1.py', '--cfg-path', '/tmp/tmpuzinc12q']
[2026-02-18T07:10:23.456+0000] {standard_task_runner.py:91} INFO - Job 362: Subtask task_GOOG
[2026-02-18T07:10:23.547+0000] {task_command.py:426} INFO - Running <TaskInstance: dag_moex.task_GOOG scheduled__2026-02-13T00:00:00+00:00 [running]> on host cc036e7caf02
[2026-02-18T07:10:23.678+0000] {taskinstance.py:2648} INFO - Exporting env vars: AIRFLOW_CTX_DAG_OWNER='***' AIRFLOW_CTX_DAG_ID='dag_moex' AIRFLOW_CTX_TASK_ID='task_GOOG' AIRFLOW_CTX_EXECUTION_DATE='2026-02-13T00:00:00+00:00' AIRFLOW_CTX_TRY_NUMBER='1' AIRFLOW_CTX_DAG_RUN_ID='scheduled__2026-02-13T00:00:00+00:00'
[2026-02-18T07:10:23.679+0000] {taskinstance.py:430} INFO - ::endgroup::
[2026-02-18T07:10:23.696+0000] {manager.py:8} INFO - log
[2026-02-18T07:10:23.699+0000] {logging_mixin.py:188} WARNING - /opt/***/dags/stocks/scripts/api.py:9 FutureWarning: YF.download() has changed argument auto_adjust default to True
[2026-02-18T07:10:23.713+0000] {logging_mixin.py:188} WARNING - /home/***/.local/lib/python3.12/site-packages/yfinance/scrapers/history.py:204 Pandas4Warning: Timestamp.utcnow is deprecated and will be removed in a future version. Use Timestamp.now('UTC') instead.
[2026-02-18T07:10:24.482+0000] {logging_mixin.py:188} WARNING - [*********************100%***********************]  1 of 1 completed
[2026-02-18T07:10:24.495+0000] {manager.py:10} INFO - Price            Close        High         Low        Open    Volume
Ticker            GOOG        GOOG        GOOG        GOOG      GOOG
Date                                                                
2026-02-13  306.019989  308.890015  303.899994  307.984985  20236000
[2026-02-18T07:10:24.514+0000] {python.py:237} INFO - Done. Returned value was: None
[2026-02-18T07:10:24.515+0000] {taskinstance.py:441} INFO - ::group::Post task execution logs
[2026-02-18T07:10:24.529+0000] {taskinstance.py:1206} INFO - Marking task as SUCCESS. dag_id=dag_moex, task_id=task_GOOG, run_id=scheduled__2026-02-13T00:00:00+00:00, execution_date=20260213T000000, start_date=20260218T071023, end_date=20260218T071024
[2026-02-18T07:10:24.556+0000] {local_task_job_runner.py:243} INFO - Task exited with return code 0
[2026-02-18T07:10:24.584+0000] {taskinstance.py:3503} INFO - 0 downstream tasks scheduled from follow-on schedule check
[2026-02-18T07:10:24.587+0000] {local_task_job_runner.py:222} INFO - ::endgroup::
[2026-02-18T07:13:25.626+0000] {local_task_job_runner.py:120} INFO - ::group::Pre task execution logs
[2026-02-18T07:13:25.682+0000] {taskinstance.py:2076} INFO - Dependencies all met for dep_context=non-requeueable deps ti=<TaskInstance: dag_moex.task_GOOG scheduled__2026-02-13T00:00:00+00:00 [queued]>
[2026-02-18T07:13:25.694+0000] {taskinstance.py:2076} INFO - Dependencies all met for dep_context=requeueable deps ti=<TaskInstance: dag_moex.task_GOOG scheduled__2026-02-13T00:00:00+00:00 [queued]>
[2026-02-18T07:13:25.694+0000] {taskinstance.py:2306} INFO - Starting attempt 1 of 1
[2026-02-18T07:13:25.753+0000] {taskinstance.py:2330} INFO - Executing <Task(PythonOperator): task_GOOG> on 2026-02-13 00:00:00+00:00
[2026-02-18T07:13:25.767+0000] {logging_mixin.py:188} WARNING - /home/***/.local/lib/python3.12/site-packages/***/task/task_runner/standard_task_runner.py:62 DeprecationWarning: This process (pid=1798) is multi-threaded, use of fork() may lead to deadlocks in the child.
[2026-02-18T07:13:25.769+0000] {standard_task_runner.py:64} INFO - Started process 1831 to run task
[2026-02-18T07:13:25.781+0000] {standard_task_runner.py:90} INFO - Running: ['***', 'tasks', 'run', 'dag_moex', 'task_GOOG', 'scheduled__2026-02-13T00:00:00+00:00', '--job-id', '507', '--raw', '--subdir', 'DAGS_FOLDER/stocks/dag1.py', '--cfg-path', '/tmp/tmpi9f9qpam']
[2026-02-18T07:13:25.785+0000] {standard_task_runner.py:91} INFO - Job 507: Subtask task_GOOG
[2026-02-18T07:13:25.866+0000] {task_command.py:426} INFO - Running <TaskInstance: dag_moex.task_GOOG scheduled__2026-02-13T00:00:00+00:00 [running]> on host cc036e7caf02
[2026-02-18T07:13:26.004+0000] {taskinstance.py:2648} INFO - Exporting env vars: AIRFLOW_CTX_DAG_OWNER='***' AIRFLOW_CTX_DAG_ID='dag_moex' AIRFLOW_CTX_TASK_ID='task_GOOG' AIRFLOW_CTX_EXECUTION_DATE='2026-02-13T00:00:00+00:00' AIRFLOW_CTX_TRY_NUMBER='1' AIRFLOW_CTX_DAG_RUN_ID='scheduled__2026-02-13T00:00:00+00:00'
[2026-02-18T07:13:26.009+0000] {taskinstance.py:430} INFO - ::endgroup::
[2026-02-18T07:13:26.024+0000] {manager.py:8} INFO - log
[2026-02-18T07:13:26.028+0000] {logging_mixin.py:188} WARNING - /opt/***/dags/stocks/scripts/api.py:9 FutureWarning: YF.download() has changed argument auto_adjust default to True
[2026-02-18T07:13:26.040+0000] {logging_mixin.py:188} WARNING - /home/***/.local/lib/python3.12/site-packages/yfinance/scrapers/history.py:204 Pandas4Warning: Timestamp.utcnow is deprecated and will be removed in a future version. Use Timestamp.now('UTC') instead.
[2026-02-18T07:13:26.878+0000] {logging_mixin.py:188} WARNING - [*********************100%***********************]  1 of 1 completed
[2026-02-18T07:13:26.888+0000] {manager.py:10} INFO - Price            Close        High         Low        Open    Volume
Ticker            GOOG        GOOG        GOOG        GOOG      GOOG
Date                                                                
2026-02-13  306.019989  308.890015  303.899994  307.984985  20236000
[2026-02-18T07:13:26.908+0000] {python.py:237} INFO - Done. Returned value was: None
[2026-02-18T07:13:26.909+0000] {taskinstance.py:441} INFO - ::group::Post task execution logs
[2026-02-18T07:13:26.918+0000] {taskinstance.py:1206} INFO - Marking task as SUCCESS. dag_id=dag_moex, task_id=task_GOOG, run_id=scheduled__2026-02-13T00:00:00+00:00, execution_date=20260213T000000, start_date=20260218T071325, end_date=20260218T071326
[2026-02-18T07:13:26.962+0000] {local_task_job_runner.py:243} INFO - Task exited with return code 0
[2026-02-18T07:13:26.981+0000] {taskinstance.py:3503} INFO - 0 downstream tasks scheduled from follow-on schedule check
[2026-02-18T07:13:26.983+0000] {local_task_job_runner.py:222} INFO - ::endgroup::
[2026-02-18T07:15:48.177+0000] {local_task_job_runner.py:120} INFO - ::group::Pre task execution logs
[2026-02-18T07:15:48.233+0000] {taskinstance.py:2076} INFO - Dependencies all met for dep_context=non-requeueable deps ti=<TaskInstance: dag_moex.task_GOOG scheduled__2026-02-13T00:00:00+00:00 [queued]>
[2026-02-18T07:15:48.268+0000] {taskinstance.py:2076} INFO - Dependencies all met for dep_context=requeueable deps ti=<TaskInstance: dag_moex.task_GOOG scheduled__2026-02-13T00:00:00+00:00 [queued]>
[2026-02-18T07:15:48.270+0000] {taskinstance.py:2306} INFO - Starting attempt 1 of 1
[2026-02-18T07:15:48.316+0000] {taskinstance.py:2330} INFO - Executing <Task(PythonOperator): task_GOOG> on 2026-02-13 00:00:00+00:00
[2026-02-18T07:15:48.334+0000] {standard_task_runner.py:90} INFO - Running: ['***', 'tasks', 'run', 'dag_moex', 'task_GOOG', 'scheduled__2026-02-13T00:00:00+00:00', '--job-id', '559', '--raw', '--subdir', 'DAGS_FOLDER/stocks/dag1.py', '--cfg-path', '/tmp/tmp51ph0tyq']
[2026-02-18T07:15:48.340+0000] {standard_task_runner.py:91} INFO - Job 559: Subtask task_GOOG
[2026-02-18T07:15:48.333+0000] {logging_mixin.py:188} WARNING - /home/***/.local/lib/python3.12/site-packages/***/task/task_runner/standard_task_runner.py:62 DeprecationWarning: This process (pid=2071) is multi-threaded, use of fork() may lead to deadlocks in the child.
[2026-02-18T07:15:48.365+0000] {standard_task_runner.py:64} INFO - Started process 2101 to run task
[2026-02-18T07:15:48.450+0000] {task_command.py:426} INFO - Running <TaskInstance: dag_moex.task_GOOG scheduled__2026-02-13T00:00:00+00:00 [running]> on host cc036e7caf02
[2026-02-18T07:15:48.590+0000] {taskinstance.py:2648} INFO - Exporting env vars: AIRFLOW_CTX_DAG_OWNER='***' AIRFLOW_CTX_DAG_ID='dag_moex' AIRFLOW_CTX_TASK_ID='task_GOOG' AIRFLOW_CTX_EXECUTION_DATE='2026-02-13T00:00:00+00:00' AIRFLOW_CTX_TRY_NUMBER='1' AIRFLOW_CTX_DAG_RUN_ID='scheduled__2026-02-13T00:00:00+00:00'
[2026-02-18T07:15:48.595+0000] {taskinstance.py:430} INFO - ::endgroup::
[2026-02-18T07:15:48.620+0000] {manager.py:8} INFO - log
[2026-02-18T07:15:48.626+0000] {logging_mixin.py:188} WARNING - /opt/***/dags/stocks/scripts/api.py:9 FutureWarning: YF.download() has changed argument auto_adjust default to True
[2026-02-18T07:15:48.660+0000] {logging_mixin.py:188} WARNING - /home/***/.local/lib/python3.12/site-packages/yfinance/scrapers/history.py:204 Pandas4Warning: Timestamp.utcnow is deprecated and will be removed in a future version. Use Timestamp.now('UTC') instead.
[2026-02-18T07:15:49.534+0000] {logging_mixin.py:188} WARNING - [*********************100%***********************]  1 of 1 completed
[2026-02-18T07:15:49.545+0000] {manager.py:10} INFO - Price            Close        High         Low        Open    Volume
Ticker            GOOG        GOOG        GOOG        GOOG      GOOG
Date                                                                
2026-02-13  306.019989  308.890015  303.899994  307.984985  20236000
[2026-02-18T07:15:49.561+0000] {python.py:237} INFO - Done. Returned value was: None
[2026-02-18T07:15:49.562+0000] {taskinstance.py:441} INFO - ::group::Post task execution logs
[2026-02-18T07:15:49.572+0000] {taskinstance.py:1206} INFO - Marking task as SUCCESS. dag_id=dag_moex, task_id=task_GOOG, run_id=scheduled__2026-02-13T00:00:00+00:00, execution_date=20260213T000000, start_date=20260218T071548, end_date=20260218T071549
[2026-02-18T07:15:49.605+0000] {local_task_job_runner.py:243} INFO - Task exited with return code 0
[2026-02-18T07:15:49.623+0000] {taskinstance.py:3503} INFO - 0 downstream tasks scheduled from follow-on schedule check
[2026-02-18T07:15:49.625+0000] {local_task_job_runner.py:222} INFO - ::endgroup::
[2026-02-18T07:16:32.585+0000] {local_task_job_runner.py:120} INFO - ::group::Pre task execution logs
[2026-02-18T07:16:32.649+0000] {taskinstance.py:2076} INFO - Dependencies all met for dep_context=non-requeueable deps ti=<TaskInstance: dag_moex.task_GOOG scheduled__2026-02-13T00:00:00+00:00 [queued]>
[2026-02-18T07:16:32.662+0000] {taskinstance.py:2076} INFO - Dependencies all met for dep_context=requeueable deps ti=<TaskInstance: dag_moex.task_GOOG scheduled__2026-02-13T00:00:00+00:00 [queued]>
[2026-02-18T07:16:32.665+0000] {taskinstance.py:2306} INFO - Starting attempt 1 of 1
[2026-02-18T07:16:32.725+0000] {taskinstance.py:2330} INFO - Executing <Task(PythonOperator): task_GOOG> on 2026-02-13 00:00:00+00:00
[2026-02-18T07:16:32.745+0000] {logging_mixin.py:188} WARNING - /home/***/.local/lib/python3.12/site-packages/***/task/task_runner/standard_task_runner.py:62 DeprecationWarning: This process (pid=2232) is multi-threaded, use of fork() may lead to deadlocks in the child.
[2026-02-18T07:16:32.749+0000] {standard_task_runner.py:64} INFO - Started process 2265 to run task
[2026-02-18T07:16:32.753+0000] {standard_task_runner.py:90} INFO - Running: ['***', 'tasks', 'run', 'dag_moex', 'task_GOOG', 'scheduled__2026-02-13T00:00:00+00:00', '--job-id', '597', '--raw', '--subdir', 'DAGS_FOLDER/stocks/dag1.py', '--cfg-path', '/tmp/tmpzu0a2j2f']
[2026-02-18T07:16:32.759+0000] {standard_task_runner.py:91} INFO - Job 597: Subtask task_GOOG
[2026-02-18T07:16:32.852+0000] {task_command.py:426} INFO - Running <TaskInstance: dag_moex.task_GOOG scheduled__2026-02-13T00:00:00+00:00 [running]> on host cc036e7caf02
[2026-02-18T07:16:32.991+0000] {taskinstance.py:2648} INFO - Exporting env vars: AIRFLOW_CTX_DAG_OWNER='***' AIRFLOW_CTX_DAG_ID='dag_moex' AIRFLOW_CTX_TASK_ID='task_GOOG' AIRFLOW_CTX_EXECUTION_DATE='2026-02-13T00:00:00+00:00' AIRFLOW_CTX_TRY_NUMBER='1' AIRFLOW_CTX_DAG_RUN_ID='scheduled__2026-02-13T00:00:00+00:00'
[2026-02-18T07:16:32.993+0000] {taskinstance.py:430} INFO - ::endgroup::
[2026-02-18T07:16:33.008+0000] {manager.py:8} INFO - log
[2026-02-18T07:16:33.011+0000] {logging_mixin.py:188} WARNING - /opt/***/dags/stocks/scripts/api.py:9 FutureWarning: YF.download() has changed argument auto_adjust default to True
[2026-02-18T07:16:33.024+0000] {logging_mixin.py:188} WARNING - /home/***/.local/lib/python3.12/site-packages/yfinance/scrapers/history.py:204 Pandas4Warning: Timestamp.utcnow is deprecated and will be removed in a future version. Use Timestamp.now('UTC') instead.
[2026-02-18T07:16:33.750+0000] {logging_mixin.py:188} WARNING - [*********************100%***********************]  1 of 1 completed
[2026-02-18T07:16:33.762+0000] {manager.py:10} INFO - Price            Close        High         Low        Open    Volume
Ticker            GOOG        GOOG        GOOG        GOOG      GOOG
Date                                                                
2026-02-13  306.019989  308.890015  303.899994  307.984985  20236000
[2026-02-18T07:16:33.777+0000] {python.py:237} INFO - Done. Returned value was: None
[2026-02-18T07:16:33.778+0000] {taskinstance.py:441} INFO - ::group::Post task execution logs
[2026-02-18T07:16:33.786+0000] {taskinstance.py:1206} INFO - Marking task as SUCCESS. dag_id=dag_moex, task_id=task_GOOG, run_id=scheduled__2026-02-13T00:00:00+00:00, execution_date=20260213T000000, start_date=20260218T071632, end_date=20260218T071633
[2026-02-18T07:16:33.832+0000] {local_task_job_runner.py:243} INFO - Task exited with return code 0
[2026-02-18T07:16:33.853+0000] {taskinstance.py:3503} INFO - 0 downstream tasks scheduled from follow-on schedule check
[2026-02-18T07:16:33.855+0000] {local_task_job_runner.py:222} INFO - ::endgroup::
[2026-02-18T07:35:35.382+0000] {local_task_job_runner.py:120} INFO - ::group::Pre task execution logs
[2026-02-18T07:35:35.421+0000] {taskinstance.py:2076} INFO - Dependencies all met for dep_context=non-requeueable deps ti=<TaskInstance: dag_moex.task_GOOG scheduled__2026-02-13T00:00:00+00:00 [queued]>
[2026-02-18T07:35:35.433+0000] {taskinstance.py:2076} INFO - Dependencies all met for dep_context=requeueable deps ti=<TaskInstance: dag_moex.task_GOOG scheduled__2026-02-13T00:00:00+00:00 [queued]>
[2026-02-18T07:35:35.433+0000] {taskinstance.py:2306} INFO - Starting attempt 1 of 1
[2026-02-18T07:35:35.451+0000] {taskinstance.py:2330} INFO - Executing <Task(PythonOperator): task_GOOG> on 2026-02-13 00:00:00+00:00
[2026-02-18T07:35:35.466+0000] {logging_mixin.py:188} WARNING - /home/***/.local/lib/python3.12/site-packages/***/task/task_runner/standard_task_runner.py:62 DeprecationWarning: This process (pid=2917) is multi-threaded, use of fork() may lead to deadlocks in the child.
[2026-02-18T07:35:35.466+0000] {standard_task_runner.py:90} INFO - Running: ['***', 'tasks', 'run', 'dag_moex', 'task_GOOG', 'scheduled__2026-02-13T00:00:00+00:00', '--job-id', '645', '--raw', '--subdir', 'DAGS_FOLDER/stocks/dag1.py', '--cfg-path', '/tmp/tmpbna8ulx2']
[2026-02-18T07:35:35.471+0000] {standard_task_runner.py:64} INFO - Started process 2938 to run task
[2026-02-18T07:35:35.471+0000] {standard_task_runner.py:91} INFO - Job 645: Subtask task_GOOG
[2026-02-18T07:35:35.547+0000] {task_command.py:426} INFO - Running <TaskInstance: dag_moex.task_GOOG scheduled__2026-02-13T00:00:00+00:00 [running]> on host cc036e7caf02
[2026-02-18T07:35:35.660+0000] {taskinstance.py:2648} INFO - Exporting env vars: AIRFLOW_CTX_DAG_OWNER='***' AIRFLOW_CTX_DAG_ID='dag_moex' AIRFLOW_CTX_TASK_ID='task_GOOG' AIRFLOW_CTX_EXECUTION_DATE='2026-02-13T00:00:00+00:00' AIRFLOW_CTX_TRY_NUMBER='1' AIRFLOW_CTX_DAG_RUN_ID='scheduled__2026-02-13T00:00:00+00:00'
[2026-02-18T07:35:35.663+0000] {taskinstance.py:430} INFO - ::endgroup::
[2026-02-18T07:35:35.684+0000] {manager.py:8} INFO - log
[2026-02-18T07:35:35.688+0000] {logging_mixin.py:188} WARNING - /opt/***/dags/stocks/scripts/api.py:9 FutureWarning: YF.download() has changed argument auto_adjust default to True
[2026-02-18T07:35:35.702+0000] {logging_mixin.py:188} WARNING - /home/***/.local/lib/python3.12/site-packages/yfinance/scrapers/history.py:204 Pandas4Warning: Timestamp.utcnow is deprecated and will be removed in a future version. Use Timestamp.now('UTC') instead.
[2026-02-18T07:35:36.630+0000] {logging_mixin.py:188} WARNING - [*********************100%***********************]  1 of 1 completed
[2026-02-18T07:35:36.639+0000] {manager.py:10} INFO - Price            Close        High         Low        Open    Volume
Ticker            GOOG        GOOG        GOOG        GOOG      GOOG
Date                                                                
2026-02-13  306.019989  308.890015  303.899994  307.984985  20236000
[2026-02-18T07:35:36.654+0000] {python.py:237} INFO - Done. Returned value was: None
[2026-02-18T07:35:36.654+0000] {taskinstance.py:441} INFO - ::group::Post task execution logs
[2026-02-18T07:35:36.665+0000] {taskinstance.py:1206} INFO - Marking task as SUCCESS. dag_id=dag_moex, task_id=task_GOOG, run_id=scheduled__2026-02-13T00:00:00+00:00, execution_date=20260213T000000, start_date=20260218T073535, end_date=20260218T073536
[2026-02-18T07:35:36.706+0000] {local_task_job_runner.py:243} INFO - Task exited with return code 0
[2026-02-18T07:35:36.723+0000] {taskinstance.py:3503} INFO - 0 downstream tasks scheduled from follow-on schedule check
[2026-02-18T07:35:36.725+0000] {local_task_job_runner.py:222} INFO - ::endgroup::
[2026-02-18T08:33:59.808+0000] {local_task_job_runner.py:120} INFO - ::group::Pre task execution logs
[2026-02-18T08:33:59.856+0000] {taskinstance.py:2076} INFO - Dependencies all met for dep_context=non-requeueable deps ti=<TaskInstance: dag_moex.task_GOOG scheduled__2026-02-13T00:00:00+00:00 [queued]>
[2026-02-18T08:33:59.869+0000] {taskinstance.py:2076} INFO - Dependencies all met for dep_context=requeueable deps ti=<TaskInstance: dag_moex.task_GOOG scheduled__2026-02-13T00:00:00+00:00 [queued]>
[2026-02-18T08:33:59.870+0000] {taskinstance.py:2306} INFO - Starting attempt 1 of 1
[2026-02-18T08:33:59.897+0000] {taskinstance.py:2330} INFO - Executing <Task(PythonOperator): task_GOOG> on 2026-02-13 00:00:00+00:00
[2026-02-18T08:33:59.910+0000] {logging_mixin.py:188} WARNING - /home/***/.local/lib/python3.12/site-packages/***/task/task_runner/standard_task_runner.py:62 DeprecationWarning: This process (pid=4543) is multi-threaded, use of fork() may lead to deadlocks in the child.
[2026-02-18T08:33:59.911+0000] {standard_task_runner.py:64} INFO - Started process 4564 to run task
[2026-02-18T08:33:59.911+0000] {standard_task_runner.py:90} INFO - Running: ['***', 'tasks', 'run', 'dag_moex', 'task_GOOG', 'scheduled__2026-02-13T00:00:00+00:00', '--job-id', '688', '--raw', '--subdir', 'DAGS_FOLDER/stocks/dag1.py', '--cfg-path', '/tmp/tmpht5p3uvh']
[2026-02-18T08:33:59.930+0000] {standard_task_runner.py:91} INFO - Job 688: Subtask task_GOOG
[2026-02-18T08:34:00.007+0000] {task_command.py:426} INFO - Running <TaskInstance: dag_moex.task_GOOG scheduled__2026-02-13T00:00:00+00:00 [running]> on host cc036e7caf02
[2026-02-18T08:34:00.150+0000] {taskinstance.py:2648} INFO - Exporting env vars: AIRFLOW_CTX_DAG_OWNER='***' AIRFLOW_CTX_DAG_ID='dag_moex' AIRFLOW_CTX_TASK_ID='task_GOOG' AIRFLOW_CTX_EXECUTION_DATE='2026-02-13T00:00:00+00:00' AIRFLOW_CTX_TRY_NUMBER='1' AIRFLOW_CTX_DAG_RUN_ID='scheduled__2026-02-13T00:00:00+00:00'
[2026-02-18T08:34:00.155+0000] {taskinstance.py:430} INFO - ::endgroup::
[2026-02-18T08:34:00.174+0000] {logging_mixin.py:188} WARNING - /opt/***/dags/stocks/scripts/api.py:9 FutureWarning: YF.download() has changed argument auto_adjust default to True
[2026-02-18T08:34:00.184+0000] {logging_mixin.py:188} WARNING - /home/***/.local/lib/python3.12/site-packages/yfinance/scrapers/history.py:204 Pandas4Warning: Timestamp.utcnow is deprecated and will be removed in a future version. Use Timestamp.now('UTC') instead.
[2026-02-18T08:34:01.015+0000] {logging_mixin.py:188} WARNING - [*********************100%***********************]  1 of 1 completed
[2026-02-18T08:34:01.031+0000] {api.py:10} INFO - Выгрузилось
    __________________________
    Price            Close        High         Low        Open    Volume
Ticker            GOOG        GOOG        GOOG        GOOG      GOOG
Date                                                                
2026-02-12  309.369995  316.480011  308.149994  312.350006  28194000
2026-02-13  306.019989  308.890015  303.899994  307.984985  20236000
    __________________________
    
[2026-02-18T08:34:01.033+0000] {api.py:16} INFO - start=2026-02-12, end=2026-02-14
[2026-02-18T08:34:01.041+0000] {api.py:17} INFO - После удаления
    __________________________
    Price            Close        High         Low        Open    Volume
Ticker            GOOG        GOOG        GOOG        GOOG      GOOG
Date                                                                
2026-02-13  306.019989  308.890015  303.899994  307.984985  20236000
    __________________________
    
[2026-02-18T08:34:01.046+0000] {python.py:237} INFO - Done. Returned value was: None
[2026-02-18T08:34:01.046+0000] {taskinstance.py:441} INFO - ::group::Post task execution logs
[2026-02-18T08:34:01.057+0000] {taskinstance.py:1206} INFO - Marking task as SUCCESS. dag_id=dag_moex, task_id=task_GOOG, run_id=scheduled__2026-02-13T00:00:00+00:00, execution_date=20260213T000000, start_date=20260218T083359, end_date=20260218T083401
[2026-02-18T08:34:01.101+0000] {local_task_job_runner.py:243} INFO - Task exited with return code 0
[2026-02-18T08:34:01.110+0000] {local_task_job_runner.py:222} INFO - ::endgroup::
[2026-02-19T12:55:14.373+0000] {local_task_job_runner.py:120} INFO - ::group::Pre task execution logs
[2026-02-19T12:55:14.396+0000] {taskinstance.py:2076} INFO - Dependencies all met for dep_context=non-requeueable deps ti=<TaskInstance: dag_moex.task_GOOG scheduled__2026-02-13T00:00:00+00:00 [queued]>
[2026-02-19T12:55:14.406+0000] {taskinstance.py:2076} INFO - Dependencies all met for dep_context=requeueable deps ti=<TaskInstance: dag_moex.task_GOOG scheduled__2026-02-13T00:00:00+00:00 [queued]>
[2026-02-19T12:55:14.406+0000] {taskinstance.py:2306} INFO - Starting attempt 1 of 1
[2026-02-19T12:55:14.418+0000] {taskinstance.py:2330} INFO - Executing <Task(PythonOperator): task_GOOG> on 2026-02-13 00:00:00+00:00
[2026-02-19T12:55:14.426+0000] {logging_mixin.py:188} WARNING - /home/***/.local/lib/python3.12/site-packages/***/task/task_runner/standard_task_runner.py:62 DeprecationWarning: This process (pid=27490) is multi-threaded, use of fork() may lead to deadlocks in the child.
[2026-02-19T12:55:14.427+0000] {standard_task_runner.py:64} INFO - Started process 27496 to run task
[2026-02-19T12:55:14.426+0000] {standard_task_runner.py:90} INFO - Running: ['***', 'tasks', 'run', 'dag_moex', 'task_GOOG', 'scheduled__2026-02-13T00:00:00+00:00', '--job-id', '791', '--raw', '--subdir', 'DAGS_FOLDER/stocks/dag1.py', '--cfg-path', '/tmp/tmp_nt5bpvh']
[2026-02-19T12:55:14.428+0000] {standard_task_runner.py:91} INFO - Job 791: Subtask task_GOOG
[2026-02-19T12:55:14.466+0000] {task_command.py:426} INFO - Running <TaskInstance: dag_moex.task_GOOG scheduled__2026-02-13T00:00:00+00:00 [running]> on host cc036e7caf02
[2026-02-19T12:55:14.539+0000] {taskinstance.py:2648} INFO - Exporting env vars: AIRFLOW_CTX_DAG_OWNER='***' AIRFLOW_CTX_DAG_ID='dag_moex' AIRFLOW_CTX_TASK_ID='task_GOOG' AIRFLOW_CTX_EXECUTION_DATE='2026-02-13T00:00:00+00:00' AIRFLOW_CTX_TRY_NUMBER='1' AIRFLOW_CTX_DAG_RUN_ID='scheduled__2026-02-13T00:00:00+00:00'
[2026-02-19T12:55:14.540+0000] {taskinstance.py:430} INFO - ::endgroup::
[2026-02-19T12:55:14.550+0000] {logging_mixin.py:188} WARNING - /opt/***/dags/stocks/scripts/api.py:10 FutureWarning: YF.download() has changed argument auto_adjust default to True
[2026-02-19T12:55:14.626+0000] {logging_mixin.py:188} WARNING - /home/***/.local/lib/python3.12/site-packages/yfinance/scrapers/history.py:204 Pandas4Warning: Timestamp.utcnow is deprecated and will be removed in a future version. Use Timestamp.now('UTC') instead.
[2026-02-19T12:55:15.452+0000] {logging_mixin.py:188} WARNING - [*********************100%***********************]  1 of 1 completed
[2026-02-19T12:55:15.875+0000] {api.py:11} INFO - Выгрузилось
    __________________________
    Price            Close        High         Low        Open    Volume
Ticker            GOOG        GOOG        GOOG        GOOG      GOOG
Date                                                                
2026-02-12  309.369995  316.480011  308.149994  312.350006  28194000
2026-02-13  306.019989  308.890015  303.899994  307.984985  20236000
    __________________________
    
[2026-02-19T12:55:15.876+0000] {api.py:17} INFO - start=2026-02-12, end=2026-02-16
[2026-02-19T12:55:15.881+0000] {api.py:18} INFO - После удаления
    __________________________
    Price            Close        High         Low        Open    Volume
Ticker            GOOG        GOOG        GOOG        GOOG      GOOG
Date                                                                
2026-02-13  306.019989  308.890015  303.899994  307.984985  20236000
    __________________________
    
[2026-02-19T12:55:15.890+0000] {base.py:84} INFO - Using connection ID 'pg_1' for task execution.
[2026-02-19T12:55:15.890+0000] {sql.py:254} WARNING - This setter is for backward compatibility and should not be used.
Since the introduction of connection property, the providers listed below breaks due to assigning value to self.connection in their __init__ method.
* apache-***-providers-mysql<5.7.1
* apache-***-providers-elasticsearch<5.5.1
* apache-***-providers-postgres<5.13.0
[2026-02-19T12:55:15.896+0000] {sql.py:896} INFO - Loaded 1 rows into stocks so far
[2026-02-19T12:55:15.896+0000] {sql.py:908} INFO - Done loading. Loaded a total of 1 rows into stocks
[2026-02-19T12:55:15.900+0000] {python.py:237} INFO - Done. Returned value was: None
[2026-02-19T12:55:15.901+0000] {taskinstance.py:441} INFO - ::group::Post task execution logs
[2026-02-19T12:55:15.907+0000] {taskinstance.py:1206} INFO - Marking task as SUCCESS. dag_id=dag_moex, task_id=task_GOOG, run_id=scheduled__2026-02-13T00:00:00+00:00, execution_date=20260213T000000, start_date=20260219T125514, end_date=20260219T125515
[2026-02-19T12:55:15.931+0000] {local_task_job_runner.py:243} INFO - Task exited with return code 0
[2026-02-19T12:55:15.948+0000] {taskinstance.py:3503} INFO - 0 downstream tasks scheduled from follow-on schedule check
[2026-02-19T12:55:15.950+0000] {local_task_job_runner.py:222} INFO - ::endgroup::
[2026-02-19T12:57:58.591+0000] {local_task_job_runner.py:120} INFO - ::group::Pre task execution logs
[2026-02-19T12:57:58.643+0000] {taskinstance.py:2076} INFO - Dependencies all met for dep_context=non-requeueable deps ti=<TaskInstance: dag_moex.task_GOOG scheduled__2026-02-13T00:00:00+00:00 [queued]>
[2026-02-19T12:57:58.658+0000] {taskinstance.py:2076} INFO - Dependencies all met for dep_context=requeueable deps ti=<TaskInstance: dag_moex.task_GOOG scheduled__2026-02-13T00:00:00+00:00 [queued]>
[2026-02-19T12:57:58.659+0000] {taskinstance.py:2306} INFO - Starting attempt 1 of 1
[2026-02-19T12:57:58.675+0000] {taskinstance.py:2330} INFO - Executing <Task(PythonOperator): task_GOOG> on 2026-02-13 00:00:00+00:00
[2026-02-19T12:57:58.691+0000] {logging_mixin.py:188} WARNING - /home/***/.local/lib/python3.12/site-packages/***/task/task_runner/standard_task_runner.py:62 DeprecationWarning: This process (pid=27657) is multi-threaded, use of fork() may lead to deadlocks in the child.
[2026-02-19T12:57:58.693+0000] {standard_task_runner.py:64} INFO - Started process 27685 to run task
[2026-02-19T12:57:58.692+0000] {standard_task_runner.py:90} INFO - Running: ['***', 'tasks', 'run', 'dag_moex', 'task_GOOG', 'scheduled__2026-02-13T00:00:00+00:00', '--job-id', '823', '--raw', '--subdir', 'DAGS_FOLDER/stocks/dag1.py', '--cfg-path', '/tmp/tmpuvcjv1b6']
[2026-02-19T12:57:58.694+0000] {standard_task_runner.py:91} INFO - Job 823: Subtask task_GOOG
[2026-02-19T12:57:58.750+0000] {task_command.py:426} INFO - Running <TaskInstance: dag_moex.task_GOOG scheduled__2026-02-13T00:00:00+00:00 [running]> on host cc036e7caf02
[2026-02-19T12:57:58.848+0000] {taskinstance.py:2648} INFO - Exporting env vars: AIRFLOW_CTX_DAG_OWNER='***' AIRFLOW_CTX_DAG_ID='dag_moex' AIRFLOW_CTX_TASK_ID='task_GOOG' AIRFLOW_CTX_EXECUTION_DATE='2026-02-13T00:00:00+00:00' AIRFLOW_CTX_TRY_NUMBER='1' AIRFLOW_CTX_DAG_RUN_ID='scheduled__2026-02-13T00:00:00+00:00'
[2026-02-19T12:57:58.850+0000] {taskinstance.py:430} INFO - ::endgroup::
[2026-02-19T12:57:58.868+0000] {logging_mixin.py:188} WARNING - /opt/***/dags/stocks/scripts/api.py:10 FutureWarning: YF.download() has changed argument auto_adjust default to True
[2026-02-19T12:57:58.876+0000] {logging_mixin.py:188} WARNING - /home/***/.local/lib/python3.12/site-packages/yfinance/scrapers/history.py:204 Pandas4Warning: Timestamp.utcnow is deprecated and will be removed in a future version. Use Timestamp.now('UTC') instead.
[2026-02-19T12:57:59.511+0000] {logging_mixin.py:188} WARNING - [*********************100%***********************]  1 of 1 completed
[2026-02-19T12:57:59.533+0000] {api.py:11} INFO - Выгрузилось
    __________________________
    Price            Close        High         Low        Open    Volume
Ticker            GOOG        GOOG        GOOG        GOOG      GOOG
Date                                                                
2026-02-12  309.369995  316.480011  308.149994  312.350006  28194000
2026-02-13  306.019989  308.890015  303.899994  307.984985  20236000
    __________________________
    
[2026-02-19T12:57:59.534+0000] {api.py:17} INFO - start=2026-02-12, end=2026-02-16
[2026-02-19T12:57:59.541+0000] {api.py:18} INFO - После удаления
    __________________________
    Price            Close        High         Low        Open    Volume
Ticker            GOOG        GOOG        GOOG        GOOG      GOOG
Date                                                                
2026-02-13  306.019989  308.890015  303.899994  307.984985  20236000
    __________________________
    
[2026-02-19T12:57:59.552+0000] {base.py:84} INFO - Using connection ID 'pg_1' for task execution.
[2026-02-19T12:57:59.553+0000] {sql.py:254} WARNING - This setter is for backward compatibility and should not be used.
Since the introduction of connection property, the providers listed below breaks due to assigning value to self.connection in their __init__ method.
* apache-***-providers-mysql<5.7.1
* apache-***-providers-elasticsearch<5.5.1
* apache-***-providers-postgres<5.13.0
[2026-02-19T12:57:59.558+0000] {taskinstance.py:441} INFO - ::group::Post task execution logs
[2026-02-19T12:57:59.559+0000] {taskinstance.py:2905} ERROR - Task failed with exception
Traceback (most recent call last):
  File "/home/airflow/.local/lib/python3.12/site-packages/airflow/models/taskinstance.py", line 465, in _execute_task
    result = _execute_callable(context=context, **execute_callable_kwargs)
             ^^^^^^^^^^^^^^^^^^^^^^^^^^^^^^^^^^^^^^^^^^^^^^^^^^^^^^^^^^^^^
  File "/home/airflow/.local/lib/python3.12/site-packages/airflow/models/taskinstance.py", line 432, in _execute_callable
    return execute_callable(context=context, **execute_callable_kwargs)
           ^^^^^^^^^^^^^^^^^^^^^^^^^^^^^^^^^^^^^^^^^^^^^^^^^^^^^^^^^^^^
  File "/home/airflow/.local/lib/python3.12/site-packages/airflow/models/baseoperator.py", line 401, in wrapper
    return func(self, *args, **kwargs)
           ^^^^^^^^^^^^^^^^^^^^^^^^^^^
  File "/home/airflow/.local/lib/python3.12/site-packages/airflow/operators/python.py", line 235, in execute
    return_value = self.execute_callable()
                   ^^^^^^^^^^^^^^^^^^^^^^^
  File "/home/airflow/.local/lib/python3.12/site-packages/airflow/operators/python.py", line 252, in execute_callable
    return self.python_callable(*self.op_args, **self.op_kwargs)
           ^^^^^^^^^^^^^^^^^^^^^^^^^^^^^^^^^^^^^^^^^^^^^^^^^^^^^
  File "/opt/airflow/dags/stocks/scripts/manager.py", line 24, in fetch_data
    postgresHook.insert_rows(table="stocks", rows=rows,
  File "/home/airflow/.local/lib/python3.12/site-packages/airflow/providers/common/sql/hooks/sql.py", line 893, in insert_rows
    cur.executemany(sql, values)
psycopg2.errors.UniqueViolation: duplicate key value violates unique constraint "stocks_pkey"
DETAIL:  Key (ticker, date)=(GOOG, 2026-02-13) already exists.

[2026-02-19T12:57:59.575+0000] {taskinstance.py:1206} INFO - Marking task as FAILED. dag_id=dag_moex, task_id=task_GOOG, run_id=scheduled__2026-02-13T00:00:00+00:00, execution_date=20260213T000000, start_date=20260219T125758, end_date=20260219T125759
[2026-02-19T12:57:59.590+0000] {standard_task_runner.py:110} ERROR - Failed to execute job 823 for task task_GOOG (duplicate key value violates unique constraint "stocks_pkey"
DETAIL:  Key (ticker, date)=(GOOG, 2026-02-13) already exists.
; 27685)
[2026-02-19T12:57:59.638+0000] {local_task_job_runner.py:243} INFO - Task exited with return code 1
[2026-02-19T12:57:59.661+0000] {taskinstance.py:3503} INFO - 0 downstream tasks scheduled from follow-on schedule check
[2026-02-19T12:57:59.666+0000] {local_task_job_runner.py:222} INFO - ::endgroup::
[2026-02-19T14:19:28.804+0000] {local_task_job_runner.py:120} INFO - ::group::Pre task execution logs
[2026-02-19T14:19:28.849+0000] {taskinstance.py:2076} INFO - Dependencies all met for dep_context=non-requeueable deps ti=<TaskInstance: dag_moex.task_GOOG scheduled__2026-02-13T00:00:00+00:00 [queued]>
[2026-02-19T14:19:28.865+0000] {taskinstance.py:2076} INFO - Dependencies all met for dep_context=requeueable deps ti=<TaskInstance: dag_moex.task_GOOG scheduled__2026-02-13T00:00:00+00:00 [queued]>
[2026-02-19T14:19:28.866+0000] {taskinstance.py:2306} INFO - Starting attempt 1 of 1
[2026-02-19T14:19:28.898+0000] {taskinstance.py:2330} INFO - Executing <Task(PythonOperator): task_GOOG> on 2026-02-13 00:00:00+00:00
[2026-02-19T14:19:28.910+0000] {logging_mixin.py:188} WARNING - /home/***/.local/lib/python3.12/site-packages/***/task/task_runner/standard_task_runner.py:62 DeprecationWarning: This process (pid=30700) is multi-threaded, use of fork() may lead to deadlocks in the child.
[2026-02-19T14:19:28.912+0000] {standard_task_runner.py:64} INFO - Started process 30729 to run task
[2026-02-19T14:19:28.917+0000] {standard_task_runner.py:90} INFO - Running: ['***', 'tasks', 'run', 'dag_moex', 'task_GOOG', 'scheduled__2026-02-13T00:00:00+00:00', '--job-id', '1104', '--raw', '--subdir', 'DAGS_FOLDER/stocks/dag1.py', '--cfg-path', '/tmp/tmptjilegkh']
[2026-02-19T14:19:28.920+0000] {standard_task_runner.py:91} INFO - Job 1104: Subtask task_GOOG
[2026-02-19T14:19:29.015+0000] {task_command.py:426} INFO - Running <TaskInstance: dag_moex.task_GOOG scheduled__2026-02-13T00:00:00+00:00 [running]> on host cc036e7caf02
[2026-02-19T14:19:29.159+0000] {taskinstance.py:2648} INFO - Exporting env vars: AIRFLOW_CTX_DAG_OWNER='***' AIRFLOW_CTX_DAG_ID='dag_moex' AIRFLOW_CTX_TASK_ID='task_GOOG' AIRFLOW_CTX_EXECUTION_DATE='2026-02-13T00:00:00+00:00' AIRFLOW_CTX_TRY_NUMBER='1' AIRFLOW_CTX_DAG_RUN_ID='scheduled__2026-02-13T00:00:00+00:00'
[2026-02-19T14:19:29.162+0000] {taskinstance.py:430} INFO - ::endgroup::
[2026-02-19T14:19:29.179+0000] {logging_mixin.py:188} WARNING - /opt/***/dags/stocks/scripts/api.py:9 FutureWarning: YF.download() has changed argument auto_adjust default to True
[2026-02-19T14:19:29.196+0000] {logging_mixin.py:188} WARNING - /home/***/.local/lib/python3.12/site-packages/yfinance/scrapers/history.py:204 Pandas4Warning: Timestamp.utcnow is deprecated and will be removed in a future version. Use Timestamp.now('UTC') instead.
[2026-02-19T14:19:29.979+0000] {logging_mixin.py:188} WARNING - [*********************100%***********************]  1 of 1 completed
[2026-02-19T14:19:29.999+0000] {api.py:10} INFO - Выгрузилось
    __________________________
    Price            Close        High         Low        Open    Volume
Ticker            GOOG        GOOG        GOOG        GOOG      GOOG
Date                                                                
2026-02-12  309.369995  316.480011  308.149994  312.350006  28194000
2026-02-13  306.019989  308.890015  303.899994  307.984985  20236000
    __________________________
    
[2026-02-19T14:19:30.001+0000] {api.py:16} INFO - start=2026-02-12, end=2026-02-14
[2026-02-19T14:19:30.006+0000] {api.py:17} INFO - После удаления
    __________________________
    Price            Close        High         Low        Open    Volume
Ticker            GOOG        GOOG        GOOG        GOOG      GOOG
Date                                                                
2026-02-13  306.019989  308.890015  303.899994  307.984985  20236000
    __________________________
    
[2026-02-19T14:19:30.018+0000] {base.py:84} INFO - Using connection ID 'pg_1' for task execution.
[2026-02-19T14:19:30.018+0000] {sql.py:254} WARNING - This setter is for backward compatibility and should not be used.
Since the introduction of connection property, the providers listed below breaks due to assigning value to self.connection in their __init__ method.
* apache-***-providers-mysql<5.7.1
* apache-***-providers-elasticsearch<5.5.1
* apache-***-providers-postgres<5.13.0
[2026-02-19T14:19:30.023+0000] {sql.py:896} INFO - Loaded 1 rows into stocks so far
[2026-02-19T14:19:30.024+0000] {sql.py:908} INFO - Done loading. Loaded a total of 1 rows into stocks
[2026-02-19T14:19:30.029+0000] {python.py:237} INFO - Done. Returned value was: None
[2026-02-19T14:19:30.029+0000] {taskinstance.py:441} INFO - ::group::Post task execution logs
[2026-02-19T14:19:30.039+0000] {taskinstance.py:1206} INFO - Marking task as SUCCESS. dag_id=dag_moex, task_id=task_GOOG, run_id=scheduled__2026-02-13T00:00:00+00:00, execution_date=20260213T000000, start_date=20260219T141928, end_date=20260219T141930
[2026-02-19T14:19:30.103+0000] {local_task_job_runner.py:243} INFO - Task exited with return code 0
[2026-02-19T14:19:30.127+0000] {taskinstance.py:3503} INFO - 0 downstream tasks scheduled from follow-on schedule check
[2026-02-19T14:19:30.129+0000] {local_task_job_runner.py:222} INFO - ::endgroup::
[2026-02-19T14:21:02.004+0000] {local_task_job_runner.py:120} INFO - ::group::Pre task execution logs
[2026-02-19T14:21:02.052+0000] {taskinstance.py:2076} INFO - Dependencies all met for dep_context=non-requeueable deps ti=<TaskInstance: dag_moex.task_GOOG scheduled__2026-02-13T00:00:00+00:00 [queued]>
[2026-02-19T14:21:02.067+0000] {taskinstance.py:2076} INFO - Dependencies all met for dep_context=requeueable deps ti=<TaskInstance: dag_moex.task_GOOG scheduled__2026-02-13T00:00:00+00:00 [queued]>
[2026-02-19T14:21:02.068+0000] {taskinstance.py:2306} INFO - Starting attempt 1 of 1
[2026-02-19T14:21:02.086+0000] {taskinstance.py:2330} INFO - Executing <Task(PythonOperator): task_GOOG> on 2026-02-13 00:00:00+00:00
[2026-02-19T14:21:02.100+0000] {logging_mixin.py:188} WARNING - /home/***/.local/lib/python3.12/site-packages/***/task/task_runner/standard_task_runner.py:62 DeprecationWarning: This process (pid=30959) is multi-threaded, use of fork() may lead to deadlocks in the child.
[2026-02-19T14:21:02.103+0000] {standard_task_runner.py:64} INFO - Started process 30982 to run task
[2026-02-19T14:21:02.106+0000] {standard_task_runner.py:90} INFO - Running: ['***', 'tasks', 'run', 'dag_moex', 'task_GOOG', 'scheduled__2026-02-13T00:00:00+00:00', '--job-id', '1159', '--raw', '--subdir', 'DAGS_FOLDER/stocks/dag1.py', '--cfg-path', '/tmp/tmp8ddciww3']
[2026-02-19T14:21:02.113+0000] {standard_task_runner.py:91} INFO - Job 1159: Subtask task_GOOG
[2026-02-19T14:21:02.195+0000] {task_command.py:426} INFO - Running <TaskInstance: dag_moex.task_GOOG scheduled__2026-02-13T00:00:00+00:00 [running]> on host cc036e7caf02
[2026-02-19T14:21:02.321+0000] {taskinstance.py:2648} INFO - Exporting env vars: AIRFLOW_CTX_DAG_OWNER='***' AIRFLOW_CTX_DAG_ID='dag_moex' AIRFLOW_CTX_TASK_ID='task_GOOG' AIRFLOW_CTX_EXECUTION_DATE='2026-02-13T00:00:00+00:00' AIRFLOW_CTX_TRY_NUMBER='1' AIRFLOW_CTX_DAG_RUN_ID='scheduled__2026-02-13T00:00:00+00:00'
[2026-02-19T14:21:02.327+0000] {taskinstance.py:430} INFO - ::endgroup::
[2026-02-19T14:21:02.345+0000] {logging_mixin.py:188} WARNING - /opt/***/dags/stocks/scripts/api.py:9 FutureWarning: YF.download() has changed argument auto_adjust default to True
[2026-02-19T14:21:02.356+0000] {logging_mixin.py:188} WARNING - /home/***/.local/lib/python3.12/site-packages/yfinance/scrapers/history.py:204 Pandas4Warning: Timestamp.utcnow is deprecated and will be removed in a future version. Use Timestamp.now('UTC') instead.
[2026-02-19T14:21:03.185+0000] {logging_mixin.py:188} WARNING - [*********************100%***********************]  1 of 1 completed
[2026-02-19T14:21:03.202+0000] {api.py:10} INFO - Выгрузилось
    __________________________
    Price            Close        High         Low        Open    Volume
Ticker            GOOG        GOOG        GOOG        GOOG      GOOG
Date                                                                
2026-02-12  309.369995  316.480011  308.149994  312.350006  28194000
2026-02-13  306.019989  308.890015  303.899994  307.984985  20236000
    __________________________
    
[2026-02-19T14:21:03.203+0000] {api.py:16} INFO - start=2026-02-12, end=2026-02-14
[2026-02-19T14:21:03.208+0000] {api.py:17} INFO - После удаления
    __________________________
    Price            Close        High         Low        Open    Volume
Ticker            GOOG        GOOG        GOOG        GOOG      GOOG
Date                                                                
2026-02-13  306.019989  308.890015  303.899994  307.984985  20236000
    __________________________
    
[2026-02-19T14:21:03.217+0000] {base.py:84} INFO - Using connection ID 'pg_1' for task execution.
[2026-02-19T14:21:03.218+0000] {sql.py:254} WARNING - This setter is for backward compatibility and should not be used.
Since the introduction of connection property, the providers listed below breaks due to assigning value to self.connection in their __init__ method.
* apache-***-providers-mysql<5.7.1
* apache-***-providers-elasticsearch<5.5.1
* apache-***-providers-postgres<5.13.0
[2026-02-19T14:21:03.222+0000] {taskinstance.py:441} INFO - ::group::Post task execution logs
[2026-02-19T14:21:03.222+0000] {taskinstance.py:2905} ERROR - Task failed with exception
Traceback (most recent call last):
  File "/home/airflow/.local/lib/python3.12/site-packages/airflow/models/taskinstance.py", line 465, in _execute_task
    result = _execute_callable(context=context, **execute_callable_kwargs)
             ^^^^^^^^^^^^^^^^^^^^^^^^^^^^^^^^^^^^^^^^^^^^^^^^^^^^^^^^^^^^^
  File "/home/airflow/.local/lib/python3.12/site-packages/airflow/models/taskinstance.py", line 432, in _execute_callable
    return execute_callable(context=context, **execute_callable_kwargs)
           ^^^^^^^^^^^^^^^^^^^^^^^^^^^^^^^^^^^^^^^^^^^^^^^^^^^^^^^^^^^^
  File "/home/airflow/.local/lib/python3.12/site-packages/airflow/models/baseoperator.py", line 401, in wrapper
    return func(self, *args, **kwargs)
           ^^^^^^^^^^^^^^^^^^^^^^^^^^^
  File "/home/airflow/.local/lib/python3.12/site-packages/airflow/operators/python.py", line 235, in execute
    return_value = self.execute_callable()
                   ^^^^^^^^^^^^^^^^^^^^^^^
  File "/home/airflow/.local/lib/python3.12/site-packages/airflow/operators/python.py", line 252, in execute_callable
    return self.python_callable(*self.op_args, **self.op_kwargs)
           ^^^^^^^^^^^^^^^^^^^^^^^^^^^^^^^^^^^^^^^^^^^^^^^^^^^^^
  File "/opt/airflow/dags/stocks/scripts/manager.py", line 24, in fetch_data
    postgresHook.insert_rows(table="stocks", rows=rows,
  File "/home/airflow/.local/lib/python3.12/site-packages/airflow/providers/common/sql/hooks/sql.py", line 893, in insert_rows
    cur.executemany(sql, values)
psycopg2.errors.UniqueViolation: duplicate key value violates unique constraint "stocks_pkey"
DETAIL:  Key (ticker, date)=(GOOG, 2026-02-13) already exists.

[2026-02-19T14:21:03.233+0000] {taskinstance.py:1206} INFO - Marking task as FAILED. dag_id=dag_moex, task_id=task_GOOG, run_id=scheduled__2026-02-13T00:00:00+00:00, execution_date=20260213T000000, start_date=20260219T142102, end_date=20260219T142103
[2026-02-19T14:21:03.244+0000] {standard_task_runner.py:110} ERROR - Failed to execute job 1159 for task task_GOOG (duplicate key value violates unique constraint "stocks_pkey"
DETAIL:  Key (ticker, date)=(GOOG, 2026-02-13) already exists.
; 30982)
[2026-02-19T14:21:03.257+0000] {local_task_job_runner.py:243} INFO - Task exited with return code 1
[2026-02-19T14:21:03.274+0000] {taskinstance.py:3503} INFO - 0 downstream tasks scheduled from follow-on schedule check
[2026-02-19T14:21:03.276+0000] {local_task_job_runner.py:222} INFO - ::endgroup::
[2026-02-19T14:27:42.146+0000] {local_task_job_runner.py:120} INFO - ::group::Pre task execution logs
[2026-02-19T14:27:42.240+0000] {taskinstance.py:2076} INFO - Dependencies all met for dep_context=non-requeueable deps ti=<TaskInstance: dag_moex.task_GOOG scheduled__2026-02-13T00:00:00+00:00 [queued]>
[2026-02-19T14:27:42.267+0000] {taskinstance.py:2076} INFO - Dependencies all met for dep_context=requeueable deps ti=<TaskInstance: dag_moex.task_GOOG scheduled__2026-02-13T00:00:00+00:00 [queued]>
[2026-02-19T14:27:42.269+0000] {taskinstance.py:2306} INFO - Starting attempt 1 of 1
[2026-02-19T14:27:42.312+0000] {taskinstance.py:2330} INFO - Executing <Task(PythonOperator): task_GOOG> on 2026-02-13 00:00:00+00:00
[2026-02-19T14:27:42.328+0000] {logging_mixin.py:188} WARNING - /home/***/.local/lib/python3.12/site-packages/***/task/task_runner/standard_task_runner.py:62 DeprecationWarning: This process (pid=31330) is multi-threaded, use of fork() may lead to deadlocks in the child.
[2026-02-19T14:27:42.331+0000] {standard_task_runner.py:64} INFO - Started process 31356 to run task
[2026-02-19T14:27:42.326+0000] {standard_task_runner.py:90} INFO - Running: ['***', 'tasks', 'run', 'dag_moex', 'task_GOOG', 'scheduled__2026-02-13T00:00:00+00:00', '--job-id', '1212', '--raw', '--subdir', 'DAGS_FOLDER/stocks/dag1.py', '--cfg-path', '/tmp/tmptj9ns5g9']
[2026-02-19T14:27:42.334+0000] {standard_task_runner.py:91} INFO - Job 1212: Subtask task_GOOG
[2026-02-19T14:27:42.488+0000] {task_command.py:426} INFO - Running <TaskInstance: dag_moex.task_GOOG scheduled__2026-02-13T00:00:00+00:00 [running]> on host cc036e7caf02
[2026-02-19T14:27:42.637+0000] {taskinstance.py:2648} INFO - Exporting env vars: AIRFLOW_CTX_DAG_OWNER='***' AIRFLOW_CTX_DAG_ID='dag_moex' AIRFLOW_CTX_TASK_ID='task_GOOG' AIRFLOW_CTX_EXECUTION_DATE='2026-02-13T00:00:00+00:00' AIRFLOW_CTX_TRY_NUMBER='1' AIRFLOW_CTX_DAG_RUN_ID='scheduled__2026-02-13T00:00:00+00:00'
[2026-02-19T14:27:42.640+0000] {taskinstance.py:430} INFO - ::endgroup::
[2026-02-19T14:27:42.665+0000] {logging_mixin.py:188} WARNING - /opt/***/dags/stocks/scripts/api.py:9 FutureWarning: YF.download() has changed argument auto_adjust default to True
[2026-02-19T14:27:42.681+0000] {logging_mixin.py:188} WARNING - /home/***/.local/lib/python3.12/site-packages/yfinance/scrapers/history.py:204 Pandas4Warning: Timestamp.utcnow is deprecated and will be removed in a future version. Use Timestamp.now('UTC') instead.
[2026-02-19T14:27:43.521+0000] {logging_mixin.py:188} WARNING - [*********************100%***********************]  1 of 1 completed
[2026-02-19T14:27:43.561+0000] {api.py:10} INFO - Выгрузилось
    __________________________
    Price            Close        High         Low        Open    Volume
Ticker            GOOG        GOOG        GOOG        GOOG      GOOG
Date                                                                
2026-02-12  309.369995  316.480011  308.149994  312.350006  28194000
2026-02-13  306.019989  308.890015  303.899994  307.984985  20236000
    __________________________
    
[2026-02-19T14:27:43.565+0000] {api.py:16} INFO - start=2026-02-12, end=2026-02-14
[2026-02-19T14:27:43.575+0000] {api.py:17} INFO - После удаления
    __________________________
    Price            Close        High         Low        Open    Volume
Ticker            GOOG        GOOG        GOOG        GOOG      GOOG
Date                                                                
2026-02-13  306.019989  308.890015  303.899994  307.984985  20236000
    __________________________
    
[2026-02-19T14:27:43.594+0000] {base.py:84} INFO - Using connection ID 'pg_1' for task execution.
[2026-02-19T14:27:43.597+0000] {sql.py:254} WARNING - This setter is for backward compatibility and should not be used.
Since the introduction of connection property, the providers listed below breaks due to assigning value to self.connection in their __init__ method.
* apache-***-providers-mysql<5.7.1
* apache-***-providers-elasticsearch<5.5.1
* apache-***-providers-postgres<5.13.0
[2026-02-19T14:27:43.618+0000] {sql.py:896} INFO - Loaded 1 rows into stocks so far
[2026-02-19T14:27:43.619+0000] {sql.py:908} INFO - Done loading. Loaded a total of 1 rows into stocks
[2026-02-19T14:27:43.628+0000] {python.py:237} INFO - Done. Returned value was: None
[2026-02-19T14:27:43.629+0000] {taskinstance.py:441} INFO - ::group::Post task execution logs
[2026-02-19T14:27:43.647+0000] {taskinstance.py:1206} INFO - Marking task as SUCCESS. dag_id=dag_moex, task_id=task_GOOG, run_id=scheduled__2026-02-13T00:00:00+00:00, execution_date=20260213T000000, start_date=20260219T142742, end_date=20260219T142743
[2026-02-19T14:27:43.723+0000] {local_task_job_runner.py:243} INFO - Task exited with return code 0
[2026-02-19T14:27:43.753+0000] {taskinstance.py:3503} INFO - 0 downstream tasks scheduled from follow-on schedule check
[2026-02-19T14:27:43.756+0000] {local_task_job_runner.py:222} INFO - ::endgroup::
[2026-02-19T14:41:02.291+0000] {local_task_job_runner.py:120} INFO - ::group::Pre task execution logs
[2026-02-19T14:41:02.349+0000] {taskinstance.py:2076} INFO - Dependencies all met for dep_context=non-requeueable deps ti=<TaskInstance: dag_moex.task_GOOG scheduled__2026-02-13T00:00:00+00:00 [queued]>
[2026-02-19T14:41:02.362+0000] {taskinstance.py:2076} INFO - Dependencies all met for dep_context=requeueable deps ti=<TaskInstance: dag_moex.task_GOOG scheduled__2026-02-13T00:00:00+00:00 [queued]>
[2026-02-19T14:41:02.365+0000] {taskinstance.py:2306} INFO - Starting attempt 1 of 1
[2026-02-19T14:41:02.401+0000] {taskinstance.py:2330} INFO - Executing <Task(PythonOperator): task_GOOG> on 2026-02-13 00:00:00+00:00
[2026-02-19T14:41:02.414+0000] {logging_mixin.py:188} WARNING - /home/***/.local/lib/python3.12/site-packages/***/task/task_runner/standard_task_runner.py:62 DeprecationWarning: This process (pid=31861) is multi-threaded, use of fork() may lead to deadlocks in the child.
[2026-02-19T14:41:02.416+0000] {standard_task_runner.py:64} INFO - Started process 31897 to run task
[2026-02-19T14:41:02.414+0000] {standard_task_runner.py:90} INFO - Running: ['***', 'tasks', 'run', 'dag_moex', 'task_GOOG', 'scheduled__2026-02-13T00:00:00+00:00', '--job-id', '1270', '--raw', '--subdir', 'DAGS_FOLDER/stocks/dag1.py', '--cfg-path', '/tmp/tmp5nndyh19']
[2026-02-19T14:41:02.421+0000] {standard_task_runner.py:91} INFO - Job 1270: Subtask task_GOOG
[2026-02-19T14:41:02.536+0000] {task_command.py:426} INFO - Running <TaskInstance: dag_moex.task_GOOG scheduled__2026-02-13T00:00:00+00:00 [running]> on host cc036e7caf02
[2026-02-19T14:41:02.651+0000] {taskinstance.py:2648} INFO - Exporting env vars: AIRFLOW_CTX_DAG_OWNER='***' AIRFLOW_CTX_DAG_ID='dag_moex' AIRFLOW_CTX_TASK_ID='task_GOOG' AIRFLOW_CTX_EXECUTION_DATE='2026-02-13T00:00:00+00:00' AIRFLOW_CTX_TRY_NUMBER='1' AIRFLOW_CTX_DAG_RUN_ID='scheduled__2026-02-13T00:00:00+00:00'
[2026-02-19T14:41:02.653+0000] {taskinstance.py:430} INFO - ::endgroup::
[2026-02-19T14:41:02.668+0000] {logging_mixin.py:188} WARNING - /opt/***/dags/stocks/scripts/api.py:9 FutureWarning: YF.download() has changed argument auto_adjust default to True
[2026-02-19T14:41:02.677+0000] {logging_mixin.py:188} WARNING - /home/***/.local/lib/python3.12/site-packages/yfinance/scrapers/history.py:204 Pandas4Warning: Timestamp.utcnow is deprecated and will be removed in a future version. Use Timestamp.now('UTC') instead.
[2026-02-19T14:41:03.370+0000] {logging_mixin.py:188} WARNING - [*********************100%***********************]  1 of 1 completed
[2026-02-19T14:41:03.388+0000] {api.py:10} INFO - Выгрузилось
    __________________________
    Price            Close        High         Low        Open    Volume
Ticker            GOOG        GOOG        GOOG        GOOG      GOOG
Date                                                                
2026-02-12  309.369995  316.480011  308.149994  312.350006  28194000
2026-02-13  306.019989  308.890015  303.899994  307.984985  20236000
    __________________________
    
[2026-02-19T14:41:03.388+0000] {taskinstance.py:441} INFO - ::group::Post task execution logs
[2026-02-19T14:41:03.389+0000] {taskinstance.py:2905} ERROR - Task failed with exception
Traceback (most recent call last):
  File "/home/airflow/.local/lib/python3.12/site-packages/airflow/models/taskinstance.py", line 465, in _execute_task
    result = _execute_callable(context=context, **execute_callable_kwargs)
             ^^^^^^^^^^^^^^^^^^^^^^^^^^^^^^^^^^^^^^^^^^^^^^^^^^^^^^^^^^^^^
  File "/home/airflow/.local/lib/python3.12/site-packages/airflow/models/taskinstance.py", line 432, in _execute_callable
    return execute_callable(context=context, **execute_callable_kwargs)
           ^^^^^^^^^^^^^^^^^^^^^^^^^^^^^^^^^^^^^^^^^^^^^^^^^^^^^^^^^^^^
  File "/home/airflow/.local/lib/python3.12/site-packages/airflow/models/baseoperator.py", line 401, in wrapper
    return func(self, *args, **kwargs)
           ^^^^^^^^^^^^^^^^^^^^^^^^^^^
  File "/home/airflow/.local/lib/python3.12/site-packages/airflow/operators/python.py", line 235, in execute
    return_value = self.execute_callable()
                   ^^^^^^^^^^^^^^^^^^^^^^^
  File "/home/airflow/.local/lib/python3.12/site-packages/airflow/operators/python.py", line 252, in execute_callable
    return self.python_callable(*self.op_args, **self.op_kwargs)
           ^^^^^^^^^^^^^^^^^^^^^^^^^^^^^^^^^^^^^^^^^^^^^^^^^^^^^
  File "/opt/airflow/dags/stocks/scripts/manager.py", line 11, in fetch_data
    data = fetch_data_from_yfinance(stock, data_interval_start=data_interval_start, data_interval_end=data_interval_end)
           ^^^^^^^^^^^^^^^^^^^^^^^^^^^^^^^^^^^^^^^^^^^^^^^^^^^^^^^^^^^^^^^^^^^^^^^^^^^^^^^^^^^^^^^^^^^^^^^^^^^^^^^^^^^^^
  File "/opt/airflow/dags/stocks/scripts/api.py", line 15, in fetch_data_from_yfinance
    df = df.loc[start:start + timedelta(days=1)]
                      ~~~~~~^~~~~~~~~~~~~~~~~~~
TypeError: can only concatenate str (not "datetime.timedelta") to str
[2026-02-19T14:41:03.401+0000] {taskinstance.py:1206} INFO - Marking task as FAILED. dag_id=dag_moex, task_id=task_GOOG, run_id=scheduled__2026-02-13T00:00:00+00:00, execution_date=20260213T000000, start_date=20260219T144102, end_date=20260219T144103
[2026-02-19T14:41:03.410+0000] {standard_task_runner.py:110} ERROR - Failed to execute job 1270 for task task_GOOG (can only concatenate str (not "datetime.timedelta") to str; 31897)
[2026-02-19T14:41:03.440+0000] {local_task_job_runner.py:243} INFO - Task exited with return code 1
[2026-02-19T14:41:03.452+0000] {taskinstance.py:3503} INFO - 0 downstream tasks scheduled from follow-on schedule check
[2026-02-19T14:41:03.454+0000] {local_task_job_runner.py:222} INFO - ::endgroup::
[2026-02-19T14:45:09.550+0000] {local_task_job_runner.py:120} INFO - ::group::Pre task execution logs
[2026-02-19T14:45:09.603+0000] {taskinstance.py:2076} INFO - Dependencies all met for dep_context=non-requeueable deps ti=<TaskInstance: dag_moex.task_GOOG scheduled__2026-02-13T00:00:00+00:00 [queued]>
[2026-02-19T14:45:09.629+0000] {taskinstance.py:2076} INFO - Dependencies all met for dep_context=requeueable deps ti=<TaskInstance: dag_moex.task_GOOG scheduled__2026-02-13T00:00:00+00:00 [queued]>
[2026-02-19T14:45:09.631+0000] {taskinstance.py:2306} INFO - Starting attempt 1 of 1
[2026-02-19T14:45:09.656+0000] {taskinstance.py:2330} INFO - Executing <Task(PythonOperator): task_GOOG> on 2026-02-13 00:00:00+00:00
[2026-02-19T14:45:09.669+0000] {logging_mixin.py:188} WARNING - /home/***/.local/lib/python3.12/site-packages/***/task/task_runner/standard_task_runner.py:62 DeprecationWarning: This process (pid=32169) is multi-threaded, use of fork() may lead to deadlocks in the child.
[2026-02-19T14:45:09.671+0000] {standard_task_runner.py:64} INFO - Started process 32196 to run task
[2026-02-19T14:45:09.675+0000] {standard_task_runner.py:90} INFO - Running: ['***', 'tasks', 'run', 'dag_moex', 'task_GOOG', 'scheduled__2026-02-13T00:00:00+00:00', '--job-id', '1319', '--raw', '--subdir', 'DAGS_FOLDER/stocks/dag1.py', '--cfg-path', '/tmp/tmpgjfm1x2r']
[2026-02-19T14:45:09.678+0000] {standard_task_runner.py:91} INFO - Job 1319: Subtask task_GOOG
[2026-02-19T14:45:09.762+0000] {task_command.py:426} INFO - Running <TaskInstance: dag_moex.task_GOOG scheduled__2026-02-13T00:00:00+00:00 [running]> on host cc036e7caf02
[2026-02-19T14:45:09.913+0000] {taskinstance.py:2648} INFO - Exporting env vars: AIRFLOW_CTX_DAG_OWNER='***' AIRFLOW_CTX_DAG_ID='dag_moex' AIRFLOW_CTX_TASK_ID='task_GOOG' AIRFLOW_CTX_EXECUTION_DATE='2026-02-13T00:00:00+00:00' AIRFLOW_CTX_TRY_NUMBER='1' AIRFLOW_CTX_DAG_RUN_ID='scheduled__2026-02-13T00:00:00+00:00'
[2026-02-19T14:45:09.916+0000] {taskinstance.py:430} INFO - ::endgroup::
[2026-02-19T14:45:09.933+0000] {logging_mixin.py:188} WARNING - /opt/***/dags/stocks/scripts/api.py:9 FutureWarning: YF.download() has changed argument auto_adjust default to True
[2026-02-19T14:45:09.944+0000] {logging_mixin.py:188} WARNING - /home/***/.local/lib/python3.12/site-packages/yfinance/scrapers/history.py:204 Pandas4Warning: Timestamp.utcnow is deprecated and will be removed in a future version. Use Timestamp.now('UTC') instead.
[2026-02-19T14:45:10.741+0000] {logging_mixin.py:188} WARNING - [*********************100%***********************]  1 of 1 completed
[2026-02-19T14:45:10.755+0000] {base.py:84} INFO - Using connection ID 'pg_1' for task execution.
[2026-02-19T14:45:10.755+0000] {sql.py:254} WARNING - This setter is for backward compatibility and should not be used.
Since the introduction of connection property, the providers listed below breaks due to assigning value to self.connection in their __init__ method.
* apache-***-providers-mysql<5.7.1
* apache-***-providers-elasticsearch<5.5.1
* apache-***-providers-postgres<5.13.0
[2026-02-19T14:45:10.760+0000] {sql.py:896} INFO - Loaded 2 rows into stocks so far
[2026-02-19T14:45:10.760+0000] {sql.py:908} INFO - Done loading. Loaded a total of 2 rows into stocks
[2026-02-19T14:45:10.764+0000] {python.py:237} INFO - Done. Returned value was: None
[2026-02-19T14:45:10.765+0000] {taskinstance.py:441} INFO - ::group::Post task execution logs
[2026-02-19T14:45:10.771+0000] {taskinstance.py:1206} INFO - Marking task as SUCCESS. dag_id=dag_moex, task_id=task_GOOG, run_id=scheduled__2026-02-13T00:00:00+00:00, execution_date=20260213T000000, start_date=20260219T144509, end_date=20260219T144510
[2026-02-19T14:45:10.815+0000] {local_task_job_runner.py:243} INFO - Task exited with return code 0
[2026-02-19T14:45:10.832+0000] {taskinstance.py:3503} INFO - 0 downstream tasks scheduled from follow-on schedule check
[2026-02-19T14:45:10.834+0000] {local_task_job_runner.py:222} INFO - ::endgroup::
[2026-02-19T14:51:03.853+0000] {local_task_job_runner.py:120} INFO - ::group::Pre task execution logs
[2026-02-19T14:51:03.906+0000] {taskinstance.py:2076} INFO - Dependencies all met for dep_context=non-requeueable deps ti=<TaskInstance: dag_moex.task_GOOG scheduled__2026-02-13T00:00:00+00:00 [queued]>
[2026-02-19T14:51:03.931+0000] {taskinstance.py:2076} INFO - Dependencies all met for dep_context=requeueable deps ti=<TaskInstance: dag_moex.task_GOOG scheduled__2026-02-13T00:00:00+00:00 [queued]>
[2026-02-19T14:51:03.932+0000] {taskinstance.py:2306} INFO - Starting attempt 1 of 1
[2026-02-19T14:51:03.959+0000] {taskinstance.py:2330} INFO - Executing <Task(PythonOperator): task_GOOG> on 2026-02-13 00:00:00+00:00
[2026-02-19T14:51:03.978+0000] {logging_mixin.py:188} WARNING - /home/***/.local/lib/python3.12/site-packages/***/task/task_runner/standard_task_runner.py:62 DeprecationWarning: This process (pid=32907) is multi-threaded, use of fork() may lead to deadlocks in the child.
[2026-02-19T14:51:03.979+0000] {standard_task_runner.py:64} INFO - Started process 32939 to run task
[2026-02-19T14:51:03.986+0000] {standard_task_runner.py:90} INFO - Running: ['***', 'tasks', 'run', 'dag_moex', 'task_GOOG', 'scheduled__2026-02-13T00:00:00+00:00', '--job-id', '1468', '--raw', '--subdir', 'DAGS_FOLDER/stocks/dag1.py', '--cfg-path', '/tmp/tmpb38pvuhu']
[2026-02-19T14:51:03.993+0000] {standard_task_runner.py:91} INFO - Job 1468: Subtask task_GOOG
[2026-02-19T14:51:04.084+0000] {task_command.py:426} INFO - Running <TaskInstance: dag_moex.task_GOOG scheduled__2026-02-13T00:00:00+00:00 [running]> on host cc036e7caf02
[2026-02-19T14:51:04.255+0000] {taskinstance.py:2648} INFO - Exporting env vars: AIRFLOW_CTX_DAG_OWNER='***' AIRFLOW_CTX_DAG_ID='dag_moex' AIRFLOW_CTX_TASK_ID='task_GOOG' AIRFLOW_CTX_EXECUTION_DATE='2026-02-13T00:00:00+00:00' AIRFLOW_CTX_TRY_NUMBER='1' AIRFLOW_CTX_DAG_RUN_ID='scheduled__2026-02-13T00:00:00+00:00'
[2026-02-19T14:51:04.258+0000] {taskinstance.py:430} INFO - ::endgroup::
[2026-02-19T14:51:04.282+0000] {logging_mixin.py:188} WARNING - /opt/***/dags/stocks/scripts/api.py:9 FutureWarning: YF.download() has changed argument auto_adjust default to True
[2026-02-19T14:51:04.296+0000] {logging_mixin.py:188} WARNING - /home/***/.local/lib/python3.12/site-packages/yfinance/scrapers/history.py:204 Pandas4Warning: Timestamp.utcnow is deprecated and will be removed in a future version. Use Timestamp.now('UTC') instead.
[2026-02-19T14:51:05.152+0000] {logging_mixin.py:188} WARNING - [*********************100%***********************]  1 of 1 completed
[2026-02-19T14:51:05.172+0000] {base.py:84} INFO - Using connection ID 'pg_1' for task execution.
[2026-02-19T14:51:05.172+0000] {sql.py:254} WARNING - This setter is for backward compatibility and should not be used.
Since the introduction of connection property, the providers listed below breaks due to assigning value to self.connection in their __init__ method.
* apache-***-providers-mysql<5.7.1
* apache-***-providers-elasticsearch<5.5.1
* apache-***-providers-postgres<5.13.0
[2026-02-19T14:51:05.178+0000] {sql.py:896} INFO - Loaded 2 rows into stocks so far
[2026-02-19T14:51:05.179+0000] {sql.py:908} INFO - Done loading. Loaded a total of 2 rows into stocks
[2026-02-19T14:51:05.186+0000] {python.py:237} INFO - Done. Returned value was: None
[2026-02-19T14:51:05.187+0000] {taskinstance.py:441} INFO - ::group::Post task execution logs
[2026-02-19T14:51:05.196+0000] {taskinstance.py:1206} INFO - Marking task as SUCCESS. dag_id=dag_moex, task_id=task_GOOG, run_id=scheduled__2026-02-13T00:00:00+00:00, execution_date=20260213T000000, start_date=20260219T145103, end_date=20260219T145105
[2026-02-19T14:51:05.246+0000] {local_task_job_runner.py:243} INFO - Task exited with return code 0
[2026-02-19T14:51:05.262+0000] {taskinstance.py:3503} INFO - 0 downstream tasks scheduled from follow-on schedule check
[2026-02-19T14:51:05.263+0000] {local_task_job_runner.py:222} INFO - ::endgroup::
