[2026-02-18T07:12:56.804+0000] {local_task_job_runner.py:120} INFO - ::group::Pre task execution logs
[2026-02-18T07:12:56.846+0000] {taskinstance.py:2076} INFO - Dependencies all met for dep_context=non-requeueable deps ti=<TaskInstance: dag_moex.task_GOOG scheduled__2026-01-16T00:00:00+00:00 [queued]>
[2026-02-18T07:12:56.858+0000] {taskinstance.py:2076} INFO - Dependencies all met for dep_context=requeueable deps ti=<TaskInstance: dag_moex.task_GOOG scheduled__2026-01-16T00:00:00+00:00 [queued]>
[2026-02-18T07:12:56.859+0000] {taskinstance.py:2306} INFO - Starting attempt 1 of 1
[2026-02-18T07:12:56.875+0000] {taskinstance.py:2330} INFO - Executing <Task(PythonOperator): task_GOOG> on 2026-01-16 00:00:00+00:00
[2026-02-18T07:12:56.887+0000] {logging_mixin.py:188} WARNING - /home/***/.local/lib/python3.12/site-packages/***/task/task_runner/standard_task_runner.py:62 DeprecationWarning: This process (pid=1433) is multi-threaded, use of fork() may lead to deadlocks in the child.
[2026-02-18T07:12:56.890+0000] {standard_task_runner.py:64} INFO - Started process 1460 to run task
[2026-02-18T07:12:56.888+0000] {standard_task_runner.py:90} INFO - Running: ['***', 'tasks', 'run', 'dag_moex', 'task_GOOG', 'scheduled__2026-01-16T00:00:00+00:00', '--job-id', '421', '--raw', '--subdir', 'DAGS_FOLDER/stocks/dag1.py', '--cfg-path', '/tmp/tmp75z43zs0']
[2026-02-18T07:12:56.892+0000] {standard_task_runner.py:91} INFO - Job 421: Subtask task_GOOG
[2026-02-18T07:12:56.948+0000] {task_command.py:426} INFO - Running <TaskInstance: dag_moex.task_GOOG scheduled__2026-01-16T00:00:00+00:00 [running]> on host cc036e7caf02
[2026-02-18T07:12:57.040+0000] {taskinstance.py:2648} INFO - Exporting env vars: AIRFLOW_CTX_DAG_OWNER='***' AIRFLOW_CTX_DAG_ID='dag_moex' AIRFLOW_CTX_TASK_ID='task_GOOG' AIRFLOW_CTX_EXECUTION_DATE='2026-01-16T00:00:00+00:00' AIRFLOW_CTX_TRY_NUMBER='1' AIRFLOW_CTX_DAG_RUN_ID='scheduled__2026-01-16T00:00:00+00:00'
[2026-02-18T07:12:57.041+0000] {taskinstance.py:430} INFO - ::endgroup::
[2026-02-18T07:12:57.056+0000] {manager.py:8} INFO - log
[2026-02-18T07:12:57.058+0000] {logging_mixin.py:188} WARNING - /opt/***/dags/stocks/scripts/api.py:9 FutureWarning: YF.download() has changed argument auto_adjust default to True
[2026-02-18T07:12:57.067+0000] {logging_mixin.py:188} WARNING - /home/***/.local/lib/python3.12/site-packages/yfinance/scrapers/history.py:204 Pandas4Warning: Timestamp.utcnow is deprecated and will be removed in a future version. Use Timestamp.now('UTC') instead.
[2026-02-18T07:12:57.866+0000] {logging_mixin.py:188} WARNING - [*********************100%***********************]  1 of 1 completed
[2026-02-18T07:12:57.873+0000] {manager.py:10} INFO - Price            Close       High         Low        Open    Volume
Ticker            GOOG       GOOG        GOOG        GOOG      GOOG
Date                                                               
2026-01-16  330.339996  335.23999  328.170013  334.934998  21868600
[2026-02-18T07:12:57.883+0000] {python.py:237} INFO - Done. Returned value was: None
[2026-02-18T07:12:57.884+0000] {taskinstance.py:441} INFO - ::group::Post task execution logs
[2026-02-18T07:12:57.890+0000] {taskinstance.py:1206} INFO - Marking task as SUCCESS. dag_id=dag_moex, task_id=task_GOOG, run_id=scheduled__2026-01-16T00:00:00+00:00, execution_date=20260116T000000, start_date=20260218T071256, end_date=20260218T071257
[2026-02-18T07:12:57.911+0000] {local_task_job_runner.py:243} INFO - Task exited with return code 0
[2026-02-18T07:12:57.927+0000] {taskinstance.py:3503} INFO - 0 downstream tasks scheduled from follow-on schedule check
[2026-02-18T07:12:57.929+0000] {local_task_job_runner.py:222} INFO - ::endgroup::
[2026-02-19T12:59:30.692+0000] {local_task_job_runner.py:120} INFO - ::group::Pre task execution logs
[2026-02-19T12:59:30.767+0000] {taskinstance.py:2076} INFO - Dependencies all met for dep_context=non-requeueable deps ti=<TaskInstance: dag_moex.task_GOOG scheduled__2026-01-16T00:00:00+00:00 [queued]>
[2026-02-19T12:59:30.797+0000] {taskinstance.py:2076} INFO - Dependencies all met for dep_context=requeueable deps ti=<TaskInstance: dag_moex.task_GOOG scheduled__2026-01-16T00:00:00+00:00 [queued]>
[2026-02-19T12:59:30.798+0000] {taskinstance.py:2306} INFO - Starting attempt 1 of 1
[2026-02-19T12:59:30.825+0000] {taskinstance.py:2330} INFO - Executing <Task(PythonOperator): task_GOOG> on 2026-01-16 00:00:00+00:00
[2026-02-19T12:59:30.843+0000] {logging_mixin.py:188} WARNING - /home/***/.local/lib/python3.12/site-packages/***/task/task_runner/standard_task_runner.py:62 DeprecationWarning: This process (pid=27887) is multi-threaded, use of fork() may lead to deadlocks in the child.
[2026-02-19T12:59:30.848+0000] {standard_task_runner.py:64} INFO - Started process 27920 to run task
[2026-02-19T12:59:30.844+0000] {standard_task_runner.py:90} INFO - Running: ['***', 'tasks', 'run', 'dag_moex', 'task_GOOG', 'scheduled__2026-01-16T00:00:00+00:00', '--job-id', '869', '--raw', '--subdir', 'DAGS_FOLDER/stocks/dag1.py', '--cfg-path', '/tmp/tmpavn9zh5n']
[2026-02-19T12:59:30.854+0000] {standard_task_runner.py:91} INFO - Job 869: Subtask task_GOOG
[2026-02-19T12:59:30.959+0000] {task_command.py:426} INFO - Running <TaskInstance: dag_moex.task_GOOG scheduled__2026-01-16T00:00:00+00:00 [running]> on host cc036e7caf02
[2026-02-19T12:59:31.084+0000] {taskinstance.py:2648} INFO - Exporting env vars: AIRFLOW_CTX_DAG_OWNER='***' AIRFLOW_CTX_DAG_ID='dag_moex' AIRFLOW_CTX_TASK_ID='task_GOOG' AIRFLOW_CTX_EXECUTION_DATE='2026-01-16T00:00:00+00:00' AIRFLOW_CTX_TRY_NUMBER='1' AIRFLOW_CTX_DAG_RUN_ID='scheduled__2026-01-16T00:00:00+00:00'
[2026-02-19T12:59:31.087+0000] {taskinstance.py:430} INFO - ::endgroup::
[2026-02-19T12:59:31.104+0000] {logging_mixin.py:188} WARNING - /opt/***/dags/stocks/scripts/api.py:10 FutureWarning: YF.download() has changed argument auto_adjust default to True
[2026-02-19T12:59:31.118+0000] {logging_mixin.py:188} WARNING - /home/***/.local/lib/python3.12/site-packages/yfinance/scrapers/history.py:204 Pandas4Warning: Timestamp.utcnow is deprecated and will be removed in a future version. Use Timestamp.now('UTC') instead.
[2026-02-19T12:59:32.064+0000] {logging_mixin.py:188} WARNING - [*********************100%***********************]  1 of 1 completed
[2026-02-19T12:59:32.077+0000] {api.py:11} INFO - Выгрузилось
    __________________________
    Price            Close        High         Low        Open    Volume
Ticker            GOOG        GOOG        GOOG        GOOG      GOOG
Date                                                                
2026-01-15  333.160004  338.130005  331.290009  338.054993  16424900
2026-01-16  330.339996  335.239990  328.170013  334.934998  21868600
    __________________________
    
[2026-02-19T12:59:32.078+0000] {api.py:17} INFO - start=2026-01-15, end=2026-01-19
[2026-02-19T12:59:32.083+0000] {api.py:18} INFO - После удаления
    __________________________
    Price            Close       High         Low        Open    Volume
Ticker            GOOG       GOOG        GOOG        GOOG      GOOG
Date                                                               
2026-01-16  330.339996  335.23999  328.170013  334.934998  21868600
    __________________________
    
[2026-02-19T12:59:32.092+0000] {base.py:84} INFO - Using connection ID 'pg_1' for task execution.
[2026-02-19T12:59:32.092+0000] {sql.py:254} WARNING - This setter is for backward compatibility and should not be used.
Since the introduction of connection property, the providers listed below breaks due to assigning value to self.connection in their __init__ method.
* apache-***-providers-mysql<5.7.1
* apache-***-providers-elasticsearch<5.5.1
* apache-***-providers-postgres<5.13.0
[2026-02-19T12:59:32.098+0000] {sql.py:896} INFO - Loaded 1 rows into stocks so far
[2026-02-19T12:59:32.098+0000] {sql.py:908} INFO - Done loading. Loaded a total of 1 rows into stocks
[2026-02-19T12:59:32.103+0000] {python.py:237} INFO - Done. Returned value was: None
[2026-02-19T12:59:32.103+0000] {taskinstance.py:441} INFO - ::group::Post task execution logs
[2026-02-19T12:59:32.112+0000] {taskinstance.py:1206} INFO - Marking task as SUCCESS. dag_id=dag_moex, task_id=task_GOOG, run_id=scheduled__2026-01-16T00:00:00+00:00, execution_date=20260116T000000, start_date=20260219T125930, end_date=20260219T125932
[2026-02-19T12:59:32.156+0000] {local_task_job_runner.py:243} INFO - Task exited with return code 0
[2026-02-19T12:59:32.172+0000] {taskinstance.py:3503} INFO - 0 downstream tasks scheduled from follow-on schedule check
[2026-02-19T12:59:32.174+0000] {local_task_job_runner.py:222} INFO - ::endgroup::
[2026-02-19T14:50:28.189+0000] {local_task_job_runner.py:120} INFO - ::group::Pre task execution logs
[2026-02-19T14:50:28.238+0000] {taskinstance.py:2076} INFO - Dependencies all met for dep_context=non-requeueable deps ti=<TaskInstance: dag_moex.task_GOOG scheduled__2026-01-16T00:00:00+00:00 [queued]>
[2026-02-19T14:50:28.253+0000] {taskinstance.py:2076} INFO - Dependencies all met for dep_context=requeueable deps ti=<TaskInstance: dag_moex.task_GOOG scheduled__2026-01-16T00:00:00+00:00 [queued]>
[2026-02-19T14:50:28.254+0000] {taskinstance.py:2306} INFO - Starting attempt 1 of 1
[2026-02-19T14:50:28.273+0000] {taskinstance.py:2330} INFO - Executing <Task(PythonOperator): task_GOOG> on 2026-01-16 00:00:00+00:00
[2026-02-19T14:50:28.284+0000] {logging_mixin.py:188} WARNING - /home/***/.local/lib/python3.12/site-packages/***/task/task_runner/standard_task_runner.py:62 DeprecationWarning: This process (pid=32536) is multi-threaded, use of fork() may lead to deadlocks in the child.
[2026-02-19T14:50:28.286+0000] {standard_task_runner.py:64} INFO - Started process 32565 to run task
[2026-02-19T14:50:28.284+0000] {standard_task_runner.py:90} INFO - Running: ['***', 'tasks', 'run', 'dag_moex', 'task_GOOG', 'scheduled__2026-01-16T00:00:00+00:00', '--job-id', '1385', '--raw', '--subdir', 'DAGS_FOLDER/stocks/dag1.py', '--cfg-path', '/tmp/tmp680brclt']
[2026-02-19T14:50:28.287+0000] {standard_task_runner.py:91} INFO - Job 1385: Subtask task_GOOG
[2026-02-19T14:50:28.344+0000] {task_command.py:426} INFO - Running <TaskInstance: dag_moex.task_GOOG scheduled__2026-01-16T00:00:00+00:00 [running]> on host cc036e7caf02
[2026-02-19T14:50:28.445+0000] {taskinstance.py:2648} INFO - Exporting env vars: AIRFLOW_CTX_DAG_OWNER='***' AIRFLOW_CTX_DAG_ID='dag_moex' AIRFLOW_CTX_TASK_ID='task_GOOG' AIRFLOW_CTX_EXECUTION_DATE='2026-01-16T00:00:00+00:00' AIRFLOW_CTX_TRY_NUMBER='1' AIRFLOW_CTX_DAG_RUN_ID='scheduled__2026-01-16T00:00:00+00:00'
[2026-02-19T14:50:28.446+0000] {taskinstance.py:430} INFO - ::endgroup::
[2026-02-19T14:50:28.460+0000] {logging_mixin.py:188} WARNING - /opt/***/dags/stocks/scripts/api.py:9 FutureWarning: YF.download() has changed argument auto_adjust default to True
[2026-02-19T14:50:28.467+0000] {logging_mixin.py:188} WARNING - /home/***/.local/lib/python3.12/site-packages/yfinance/scrapers/history.py:204 Pandas4Warning: Timestamp.utcnow is deprecated and will be removed in a future version. Use Timestamp.now('UTC') instead.
[2026-02-19T14:50:29.107+0000] {logging_mixin.py:188} WARNING - [*********************100%***********************]  1 of 1 completed
[2026-02-19T14:50:29.126+0000] {base.py:84} INFO - Using connection ID 'pg_1' for task execution.
[2026-02-19T14:50:29.126+0000] {sql.py:254} WARNING - This setter is for backward compatibility and should not be used.
Since the introduction of connection property, the providers listed below breaks due to assigning value to self.connection in their __init__ method.
* apache-***-providers-mysql<5.7.1
* apache-***-providers-elasticsearch<5.5.1
* apache-***-providers-postgres<5.13.0
[2026-02-19T14:50:29.136+0000] {sql.py:896} INFO - Loaded 2 rows into stocks so far
[2026-02-19T14:50:29.136+0000] {sql.py:908} INFO - Done loading. Loaded a total of 2 rows into stocks
[2026-02-19T14:50:29.143+0000] {python.py:237} INFO - Done. Returned value was: None
[2026-02-19T14:50:29.143+0000] {taskinstance.py:441} INFO - ::group::Post task execution logs
[2026-02-19T14:50:29.152+0000] {taskinstance.py:1206} INFO - Marking task as SUCCESS. dag_id=dag_moex, task_id=task_GOOG, run_id=scheduled__2026-01-16T00:00:00+00:00, execution_date=20260116T000000, start_date=20260219T145028, end_date=20260219T145029
[2026-02-19T14:50:29.182+0000] {local_task_job_runner.py:243} INFO - Task exited with return code 0
[2026-02-19T14:50:29.203+0000] {taskinstance.py:3503} INFO - 0 downstream tasks scheduled from follow-on schedule check
[2026-02-19T14:50:29.205+0000] {local_task_job_runner.py:222} INFO - ::endgroup::
