[2026-02-18T07:13:08.355+0000] {local_task_job_runner.py:120} INFO - ::group::Pre task execution logs
[2026-02-18T07:13:08.441+0000] {taskinstance.py:2076} INFO - Dependencies all met for dep_context=non-requeueable deps ti=<TaskInstance: dag_moex.task_AAPL scheduled__2026-01-30T00:00:00+00:00 [queued]>
[2026-02-18T07:13:08.460+0000] {taskinstance.py:2076} INFO - Dependencies all met for dep_context=requeueable deps ti=<TaskInstance: dag_moex.task_AAPL scheduled__2026-01-30T00:00:00+00:00 [queued]>
[2026-02-18T07:13:08.464+0000] {taskinstance.py:2306} INFO - Starting attempt 1 of 1
[2026-02-18T07:13:08.492+0000] {taskinstance.py:2330} INFO - Executing <Task(PythonOperator): task_AAPL> on 2026-01-30 00:00:00+00:00
[2026-02-18T07:13:08.506+0000] {logging_mixin.py:188} WARNING - /home/***/.local/lib/python3.12/site-packages/***/task/task_runner/standard_task_runner.py:62 DeprecationWarning: This process (pid=1601) is multi-threaded, use of fork() may lead to deadlocks in the child.
[2026-02-18T07:13:08.509+0000] {standard_task_runner.py:64} INFO - Started process 1634 to run task
[2026-02-18T07:13:08.507+0000] {standard_task_runner.py:90} INFO - Running: ['***', 'tasks', 'run', 'dag_moex', 'task_AAPL', 'scheduled__2026-01-30T00:00:00+00:00', '--job-id', '464', '--raw', '--subdir', 'DAGS_FOLDER/stocks/dag1.py', '--cfg-path', '/tmp/tmptn_yr3ke']
[2026-02-18T07:13:08.511+0000] {standard_task_runner.py:91} INFO - Job 464: Subtask task_AAPL
[2026-02-18T07:13:08.597+0000] {task_command.py:426} INFO - Running <TaskInstance: dag_moex.task_AAPL scheduled__2026-01-30T00:00:00+00:00 [running]> on host cc036e7caf02
[2026-02-18T07:13:08.721+0000] {taskinstance.py:2648} INFO - Exporting env vars: AIRFLOW_CTX_DAG_OWNER='***' AIRFLOW_CTX_DAG_ID='dag_moex' AIRFLOW_CTX_TASK_ID='task_AAPL' AIRFLOW_CTX_EXECUTION_DATE='2026-01-30T00:00:00+00:00' AIRFLOW_CTX_TRY_NUMBER='1' AIRFLOW_CTX_DAG_RUN_ID='scheduled__2026-01-30T00:00:00+00:00'
[2026-02-18T07:13:08.723+0000] {taskinstance.py:430} INFO - ::endgroup::
[2026-02-18T07:13:08.737+0000] {manager.py:8} INFO - log
[2026-02-18T07:13:08.740+0000] {logging_mixin.py:188} WARNING - /opt/***/dags/stocks/scripts/api.py:9 FutureWarning: YF.download() has changed argument auto_adjust default to True
[2026-02-18T07:13:08.749+0000] {logging_mixin.py:188} WARNING - /home/***/.local/lib/python3.12/site-packages/yfinance/scrapers/history.py:204 Pandas4Warning: Timestamp.utcnow is deprecated and will be removed in a future version. Use Timestamp.now('UTC') instead.
[2026-02-18T07:13:09.524+0000] {logging_mixin.py:188} WARNING - [*********************100%***********************]  1 of 1 completed
[2026-02-18T07:13:09.533+0000] {manager.py:10} INFO - Price            Close        High         Low        Open    Volume
Ticker            AAPL        AAPL        AAPL        AAPL      AAPL
Date                                                                
2026-01-30  259.237427  261.655147  251.944233  254.931443  92443400
[2026-02-18T07:13:09.545+0000] {python.py:237} INFO - Done. Returned value was: None
[2026-02-18T07:13:09.546+0000] {taskinstance.py:441} INFO - ::group::Post task execution logs
[2026-02-18T07:13:09.553+0000] {taskinstance.py:1206} INFO - Marking task as SUCCESS. dag_id=dag_moex, task_id=task_AAPL, run_id=scheduled__2026-01-30T00:00:00+00:00, execution_date=20260130T000000, start_date=20260218T071308, end_date=20260218T071309
[2026-02-18T07:13:09.574+0000] {local_task_job_runner.py:243} INFO - Task exited with return code 0
[2026-02-18T07:13:09.582+0000] {local_task_job_runner.py:222} INFO - ::endgroup::
[2026-02-19T14:50:42.251+0000] {local_task_job_runner.py:120} INFO - ::group::Pre task execution logs
[2026-02-19T14:50:42.293+0000] {taskinstance.py:2076} INFO - Dependencies all met for dep_context=non-requeueable deps ti=<TaskInstance: dag_moex.task_AAPL scheduled__2026-01-30T00:00:00+00:00 [queued]>
[2026-02-19T14:50:42.306+0000] {taskinstance.py:2076} INFO - Dependencies all met for dep_context=requeueable deps ti=<TaskInstance: dag_moex.task_AAPL scheduled__2026-01-30T00:00:00+00:00 [queued]>
[2026-02-19T14:50:42.306+0000] {taskinstance.py:2306} INFO - Starting attempt 1 of 1
[2026-02-19T14:50:42.319+0000] {taskinstance.py:2330} INFO - Executing <Task(PythonOperator): task_AAPL> on 2026-01-30 00:00:00+00:00
[2026-02-19T14:50:42.333+0000] {logging_mixin.py:188} WARNING - /home/***/.local/lib/python3.12/site-packages/***/task/task_runner/standard_task_runner.py:62 DeprecationWarning: This process (pid=32705) is multi-threaded, use of fork() may lead to deadlocks in the child.
[2026-02-19T14:50:42.335+0000] {standard_task_runner.py:64} INFO - Started process 32725 to run task
[2026-02-19T14:50:42.336+0000] {standard_task_runner.py:90} INFO - Running: ['***', 'tasks', 'run', 'dag_moex', 'task_AAPL', 'scheduled__2026-01-30T00:00:00+00:00', '--job-id', '1420', '--raw', '--subdir', 'DAGS_FOLDER/stocks/dag1.py', '--cfg-path', '/tmp/tmptgtkglw6']
[2026-02-19T14:50:42.339+0000] {standard_task_runner.py:91} INFO - Job 1420: Subtask task_AAPL
[2026-02-19T14:50:42.422+0000] {task_command.py:426} INFO - Running <TaskInstance: dag_moex.task_AAPL scheduled__2026-01-30T00:00:00+00:00 [running]> on host cc036e7caf02
[2026-02-19T14:50:42.539+0000] {taskinstance.py:2648} INFO - Exporting env vars: AIRFLOW_CTX_DAG_OWNER='***' AIRFLOW_CTX_DAG_ID='dag_moex' AIRFLOW_CTX_TASK_ID='task_AAPL' AIRFLOW_CTX_EXECUTION_DATE='2026-01-30T00:00:00+00:00' AIRFLOW_CTX_TRY_NUMBER='1' AIRFLOW_CTX_DAG_RUN_ID='scheduled__2026-01-30T00:00:00+00:00'
[2026-02-19T14:50:42.543+0000] {taskinstance.py:430} INFO - ::endgroup::
[2026-02-19T14:50:42.569+0000] {logging_mixin.py:188} WARNING - /opt/***/dags/stocks/scripts/api.py:9 FutureWarning: YF.download() has changed argument auto_adjust default to True
[2026-02-19T14:50:42.578+0000] {logging_mixin.py:188} WARNING - /home/***/.local/lib/python3.12/site-packages/yfinance/scrapers/history.py:204 Pandas4Warning: Timestamp.utcnow is deprecated and will be removed in a future version. Use Timestamp.now('UTC') instead.
[2026-02-19T14:50:43.461+0000] {logging_mixin.py:188} WARNING - [*********************100%***********************]  1 of 1 completed
[2026-02-19T14:50:43.481+0000] {base.py:84} INFO - Using connection ID 'pg_1' for task execution.
[2026-02-19T14:50:43.481+0000] {sql.py:254} WARNING - This setter is for backward compatibility and should not be used.
Since the introduction of connection property, the providers listed below breaks due to assigning value to self.connection in their __init__ method.
* apache-***-providers-mysql<5.7.1
* apache-***-providers-elasticsearch<5.5.1
* apache-***-providers-postgres<5.13.0
[2026-02-19T14:50:43.487+0000] {sql.py:896} INFO - Loaded 2 rows into stocks so far
[2026-02-19T14:50:43.487+0000] {sql.py:908} INFO - Done loading. Loaded a total of 2 rows into stocks
[2026-02-19T14:50:43.493+0000] {python.py:237} INFO - Done. Returned value was: None
[2026-02-19T14:50:43.494+0000] {taskinstance.py:441} INFO - ::group::Post task execution logs
[2026-02-19T14:50:43.502+0000] {taskinstance.py:1206} INFO - Marking task as SUCCESS. dag_id=dag_moex, task_id=task_AAPL, run_id=scheduled__2026-01-30T00:00:00+00:00, execution_date=20260130T000000, start_date=20260219T145042, end_date=20260219T145043
[2026-02-19T14:50:43.554+0000] {local_task_job_runner.py:243} INFO - Task exited with return code 0
[2026-02-19T14:50:43.572+0000] {taskinstance.py:3503} INFO - 0 downstream tasks scheduled from follow-on schedule check
[2026-02-19T14:50:43.575+0000] {local_task_job_runner.py:222} INFO - ::endgroup::
