[2026-02-18T07:13:15.976+0000] {local_task_job_runner.py:120} INFO - ::group::Pre task execution logs
[2026-02-18T07:13:16.009+0000] {taskinstance.py:2076} INFO - Dependencies all met for dep_context=non-requeueable deps ti=<TaskInstance: dag_moex.task_GOOG scheduled__2026-02-06T00:00:00+00:00 [queued]>
[2026-02-18T07:13:16.019+0000] {taskinstance.py:2076} INFO - Dependencies all met for dep_context=requeueable deps ti=<TaskInstance: dag_moex.task_GOOG scheduled__2026-02-06T00:00:00+00:00 [queued]>
[2026-02-18T07:13:16.020+0000] {taskinstance.py:2306} INFO - Starting attempt 1 of 1
[2026-02-18T07:13:16.036+0000] {taskinstance.py:2330} INFO - Executing <Task(PythonOperator): task_GOOG> on 2026-02-06 00:00:00+00:00
[2026-02-18T07:13:16.043+0000] {logging_mixin.py:188} WARNING - /home/***/.local/lib/python3.12/site-packages/***/task/task_runner/standard_task_runner.py:62 DeprecationWarning: This process (pid=1691) is multi-threaded, use of fork() may lead to deadlocks in the child.
[2026-02-18T07:13:16.045+0000] {standard_task_runner.py:64} INFO - Started process 1725 to run task
[2026-02-18T07:13:16.045+0000] {standard_task_runner.py:90} INFO - Running: ['***', 'tasks', 'run', 'dag_moex', 'task_GOOG', 'scheduled__2026-02-06T00:00:00+00:00', '--job-id', '484', '--raw', '--subdir', 'DAGS_FOLDER/stocks/dag1.py', '--cfg-path', '/tmp/tmpf2g__bdp']
[2026-02-18T07:13:16.048+0000] {standard_task_runner.py:91} INFO - Job 484: Subtask task_GOOG
[2026-02-18T07:13:16.101+0000] {task_command.py:426} INFO - Running <TaskInstance: dag_moex.task_GOOG scheduled__2026-02-06T00:00:00+00:00 [running]> on host cc036e7caf02
[2026-02-18T07:13:16.193+0000] {taskinstance.py:2648} INFO - Exporting env vars: AIRFLOW_CTX_DAG_OWNER='***' AIRFLOW_CTX_DAG_ID='dag_moex' AIRFLOW_CTX_TASK_ID='task_GOOG' AIRFLOW_CTX_EXECUTION_DATE='2026-02-06T00:00:00+00:00' AIRFLOW_CTX_TRY_NUMBER='1' AIRFLOW_CTX_DAG_RUN_ID='scheduled__2026-02-06T00:00:00+00:00'
[2026-02-18T07:13:16.194+0000] {taskinstance.py:430} INFO - ::endgroup::
[2026-02-18T07:13:16.206+0000] {manager.py:8} INFO - log
[2026-02-18T07:13:16.208+0000] {logging_mixin.py:188} WARNING - /opt/***/dags/stocks/scripts/api.py:9 FutureWarning: YF.download() has changed argument auto_adjust default to True
[2026-02-18T07:13:16.217+0000] {logging_mixin.py:188} WARNING - /home/***/.local/lib/python3.12/site-packages/yfinance/scrapers/history.py:204 Pandas4Warning: Timestamp.utcnow is deprecated and will be removed in a future version. Use Timestamp.now('UTC') instead.
[2026-02-18T07:13:16.947+0000] {logging_mixin.py:188} WARNING - [*********************100%***********************]  1 of 1 completed
[2026-02-18T07:13:16.957+0000] {manager.py:10} INFO - Price            Close        High         Low        Open    Volume
Ticker            GOOG        GOOG        GOOG        GOOG      GOOG
Date                                                                
2026-02-06  323.100006  330.640015  320.149994  327.350006  33877000
[2026-02-18T07:13:16.972+0000] {python.py:237} INFO - Done. Returned value was: None
[2026-02-18T07:13:16.973+0000] {taskinstance.py:441} INFO - ::group::Post task execution logs
[2026-02-18T07:13:16.981+0000] {taskinstance.py:1206} INFO - Marking task as SUCCESS. dag_id=dag_moex, task_id=task_GOOG, run_id=scheduled__2026-02-06T00:00:00+00:00, execution_date=20260206T000000, start_date=20260218T071316, end_date=20260218T071316
[2026-02-18T07:13:17.027+0000] {local_task_job_runner.py:243} INFO - Task exited with return code 0
[2026-02-18T07:13:17.042+0000] {taskinstance.py:3503} INFO - 0 downstream tasks scheduled from follow-on schedule check
[2026-02-18T07:13:17.044+0000] {local_task_job_runner.py:222} INFO - ::endgroup::
[2026-02-18T07:15:39.050+0000] {local_task_job_runner.py:120} INFO - ::group::Pre task execution logs
[2026-02-18T07:15:39.100+0000] {taskinstance.py:2076} INFO - Dependencies all met for dep_context=non-requeueable deps ti=<TaskInstance: dag_moex.task_GOOG scheduled__2026-02-06T00:00:00+00:00 [queued]>
[2026-02-18T07:15:39.122+0000] {taskinstance.py:2076} INFO - Dependencies all met for dep_context=requeueable deps ti=<TaskInstance: dag_moex.task_GOOG scheduled__2026-02-06T00:00:00+00:00 [queued]>
[2026-02-18T07:15:39.124+0000] {taskinstance.py:2306} INFO - Starting attempt 1 of 1
[2026-02-18T07:15:39.165+0000] {taskinstance.py:2330} INFO - Executing <Task(PythonOperator): task_GOOG> on 2026-02-06 00:00:00+00:00
[2026-02-18T07:15:39.191+0000] {logging_mixin.py:188} WARNING - /home/***/.local/lib/python3.12/site-packages/***/task/task_runner/standard_task_runner.py:62 DeprecationWarning: This process (pid=2000) is multi-threaded, use of fork() may lead to deadlocks in the child.
[2026-02-18T07:15:39.199+0000] {standard_task_runner.py:64} INFO - Started process 2033 to run task
[2026-02-18T07:15:39.198+0000] {standard_task_runner.py:90} INFO - Running: ['***', 'tasks', 'run', 'dag_moex', 'task_GOOG', 'scheduled__2026-02-06T00:00:00+00:00', '--job-id', '544', '--raw', '--subdir', 'DAGS_FOLDER/stocks/dag1.py', '--cfg-path', '/tmp/tmpbep8jv21']
[2026-02-18T07:15:39.207+0000] {standard_task_runner.py:91} INFO - Job 544: Subtask task_GOOG
[2026-02-18T07:15:39.292+0000] {task_command.py:426} INFO - Running <TaskInstance: dag_moex.task_GOOG scheduled__2026-02-06T00:00:00+00:00 [running]> on host cc036e7caf02
[2026-02-18T07:15:39.461+0000] {taskinstance.py:2648} INFO - Exporting env vars: AIRFLOW_CTX_DAG_OWNER='***' AIRFLOW_CTX_DAG_ID='dag_moex' AIRFLOW_CTX_TASK_ID='task_GOOG' AIRFLOW_CTX_EXECUTION_DATE='2026-02-06T00:00:00+00:00' AIRFLOW_CTX_TRY_NUMBER='1' AIRFLOW_CTX_DAG_RUN_ID='scheduled__2026-02-06T00:00:00+00:00'
[2026-02-18T07:15:39.464+0000] {taskinstance.py:430} INFO - ::endgroup::
[2026-02-18T07:15:39.484+0000] {manager.py:8} INFO - log
[2026-02-18T07:15:39.490+0000] {logging_mixin.py:188} WARNING - /opt/***/dags/stocks/scripts/api.py:9 FutureWarning: YF.download() has changed argument auto_adjust default to True
[2026-02-18T07:15:39.503+0000] {logging_mixin.py:188} WARNING - /home/***/.local/lib/python3.12/site-packages/yfinance/scrapers/history.py:204 Pandas4Warning: Timestamp.utcnow is deprecated and will be removed in a future version. Use Timestamp.now('UTC') instead.
[2026-02-18T07:15:40.276+0000] {logging_mixin.py:188} WARNING - [*********************100%***********************]  1 of 1 completed
[2026-02-18T07:15:40.285+0000] {manager.py:10} INFO - Price            Close        High         Low        Open    Volume
Ticker            GOOG        GOOG        GOOG        GOOG      GOOG
Date                                                                
2026-02-06  323.100006  330.640015  320.149994  327.350006  33877000
[2026-02-18T07:15:40.300+0000] {python.py:237} INFO - Done. Returned value was: None
[2026-02-18T07:15:40.301+0000] {taskinstance.py:441} INFO - ::group::Post task execution logs
[2026-02-18T07:15:40.311+0000] {taskinstance.py:1206} INFO - Marking task as SUCCESS. dag_id=dag_moex, task_id=task_GOOG, run_id=scheduled__2026-02-06T00:00:00+00:00, execution_date=20260206T000000, start_date=20260218T071539, end_date=20260218T071540
[2026-02-18T07:15:40.347+0000] {local_task_job_runner.py:243} INFO - Task exited with return code 0
[2026-02-18T07:15:40.368+0000] {taskinstance.py:3503} INFO - 0 downstream tasks scheduled from follow-on schedule check
[2026-02-18T07:15:40.370+0000] {local_task_job_runner.py:222} INFO - ::endgroup::
[2026-02-18T07:16:29.344+0000] {local_task_job_runner.py:120} INFO - ::group::Pre task execution logs
[2026-02-18T07:16:29.406+0000] {taskinstance.py:2076} INFO - Dependencies all met for dep_context=non-requeueable deps ti=<TaskInstance: dag_moex.task_GOOG scheduled__2026-02-06T00:00:00+00:00 [queued]>
[2026-02-18T07:16:29.426+0000] {taskinstance.py:2076} INFO - Dependencies all met for dep_context=requeueable deps ti=<TaskInstance: dag_moex.task_GOOG scheduled__2026-02-06T00:00:00+00:00 [queued]>
[2026-02-18T07:16:29.426+0000] {taskinstance.py:2306} INFO - Starting attempt 1 of 1
[2026-02-18T07:16:29.448+0000] {taskinstance.py:2330} INFO - Executing <Task(PythonOperator): task_GOOG> on 2026-02-06 00:00:00+00:00
[2026-02-18T07:16:29.462+0000] {logging_mixin.py:188} WARNING - /home/***/.local/lib/python3.12/site-packages/***/task/task_runner/standard_task_runner.py:62 DeprecationWarning: This process (pid=2184) is multi-threaded, use of fork() may lead to deadlocks in the child.
[2026-02-18T07:16:29.460+0000] {standard_task_runner.py:90} INFO - Running: ['***', 'tasks', 'run', 'dag_moex', 'task_GOOG', 'scheduled__2026-02-06T00:00:00+00:00', '--job-id', '583', '--raw', '--subdir', 'DAGS_FOLDER/stocks/dag1.py', '--cfg-path', '/tmp/tmp3l8e7jrd']
[2026-02-18T07:16:29.464+0000] {standard_task_runner.py:64} INFO - Started process 2214 to run task
[2026-02-18T07:16:29.464+0000] {standard_task_runner.py:91} INFO - Job 583: Subtask task_GOOG
[2026-02-18T07:16:29.553+0000] {task_command.py:426} INFO - Running <TaskInstance: dag_moex.task_GOOG scheduled__2026-02-06T00:00:00+00:00 [running]> on host cc036e7caf02
[2026-02-18T07:16:29.668+0000] {taskinstance.py:2648} INFO - Exporting env vars: AIRFLOW_CTX_DAG_OWNER='***' AIRFLOW_CTX_DAG_ID='dag_moex' AIRFLOW_CTX_TASK_ID='task_GOOG' AIRFLOW_CTX_EXECUTION_DATE='2026-02-06T00:00:00+00:00' AIRFLOW_CTX_TRY_NUMBER='1' AIRFLOW_CTX_DAG_RUN_ID='scheduled__2026-02-06T00:00:00+00:00'
[2026-02-18T07:16:29.670+0000] {taskinstance.py:430} INFO - ::endgroup::
[2026-02-18T07:16:29.683+0000] {manager.py:8} INFO - log
[2026-02-18T07:16:29.687+0000] {logging_mixin.py:188} WARNING - /opt/***/dags/stocks/scripts/api.py:9 FutureWarning: YF.download() has changed argument auto_adjust default to True
[2026-02-18T07:16:29.703+0000] {logging_mixin.py:188} WARNING - /home/***/.local/lib/python3.12/site-packages/yfinance/scrapers/history.py:204 Pandas4Warning: Timestamp.utcnow is deprecated and will be removed in a future version. Use Timestamp.now('UTC') instead.
[2026-02-18T07:16:30.453+0000] {logging_mixin.py:188} WARNING - [*********************100%***********************]  1 of 1 completed
[2026-02-18T07:16:30.463+0000] {manager.py:10} INFO - Price            Close        High         Low        Open    Volume
Ticker            GOOG        GOOG        GOOG        GOOG      GOOG
Date                                                                
2026-02-06  323.100006  330.640015  320.149994  327.350006  33877000
[2026-02-18T07:16:30.483+0000] {python.py:237} INFO - Done. Returned value was: None
[2026-02-18T07:16:30.484+0000] {taskinstance.py:441} INFO - ::group::Post task execution logs
[2026-02-18T07:16:30.496+0000] {taskinstance.py:1206} INFO - Marking task as SUCCESS. dag_id=dag_moex, task_id=task_GOOG, run_id=scheduled__2026-02-06T00:00:00+00:00, execution_date=20260206T000000, start_date=20260218T071629, end_date=20260218T071630
[2026-02-18T07:16:30.528+0000] {local_task_job_runner.py:243} INFO - Task exited with return code 0
[2026-02-18T07:16:30.553+0000] {taskinstance.py:3503} INFO - 0 downstream tasks scheduled from follow-on schedule check
[2026-02-18T07:16:30.556+0000] {local_task_job_runner.py:222} INFO - ::endgroup::
[2026-02-18T07:35:29.557+0000] {local_task_job_runner.py:120} INFO - ::group::Pre task execution logs
[2026-02-18T07:35:29.621+0000] {taskinstance.py:2076} INFO - Dependencies all met for dep_context=non-requeueable deps ti=<TaskInstance: dag_moex.task_GOOG scheduled__2026-02-06T00:00:00+00:00 [queued]>
[2026-02-18T07:35:29.636+0000] {taskinstance.py:2076} INFO - Dependencies all met for dep_context=requeueable deps ti=<TaskInstance: dag_moex.task_GOOG scheduled__2026-02-06T00:00:00+00:00 [queued]>
[2026-02-18T07:35:29.641+0000] {taskinstance.py:2306} INFO - Starting attempt 1 of 1
[2026-02-18T07:35:29.676+0000] {taskinstance.py:2330} INFO - Executing <Task(PythonOperator): task_GOOG> on 2026-02-06 00:00:00+00:00
[2026-02-18T07:35:29.697+0000] {logging_mixin.py:188} WARNING - /home/***/.local/lib/python3.12/site-packages/***/task/task_runner/standard_task_runner.py:62 DeprecationWarning: This process (pid=2844) is multi-threaded, use of fork() may lead to deadlocks in the child.
[2026-02-18T07:35:29.698+0000] {standard_task_runner.py:90} INFO - Running: ['***', 'tasks', 'run', 'dag_moex', 'task_GOOG', 'scheduled__2026-02-06T00:00:00+00:00', '--job-id', '634', '--raw', '--subdir', 'DAGS_FOLDER/stocks/dag1.py', '--cfg-path', '/tmp/tmpc7qvtc9t']
[2026-02-18T07:35:29.701+0000] {standard_task_runner.py:91} INFO - Job 634: Subtask task_GOOG
[2026-02-18T07:35:29.701+0000] {standard_task_runner.py:64} INFO - Started process 2885 to run task
[2026-02-18T07:35:29.809+0000] {task_command.py:426} INFO - Running <TaskInstance: dag_moex.task_GOOG scheduled__2026-02-06T00:00:00+00:00 [running]> on host cc036e7caf02
[2026-02-18T07:35:29.948+0000] {taskinstance.py:2648} INFO - Exporting env vars: AIRFLOW_CTX_DAG_OWNER='***' AIRFLOW_CTX_DAG_ID='dag_moex' AIRFLOW_CTX_TASK_ID='task_GOOG' AIRFLOW_CTX_EXECUTION_DATE='2026-02-06T00:00:00+00:00' AIRFLOW_CTX_TRY_NUMBER='1' AIRFLOW_CTX_DAG_RUN_ID='scheduled__2026-02-06T00:00:00+00:00'
[2026-02-18T07:35:29.950+0000] {taskinstance.py:430} INFO - ::endgroup::
[2026-02-18T07:35:29.967+0000] {manager.py:8} INFO - log
[2026-02-18T07:35:29.970+0000] {logging_mixin.py:188} WARNING - /opt/***/dags/stocks/scripts/api.py:9 FutureWarning: YF.download() has changed argument auto_adjust default to True
[2026-02-18T07:35:29.981+0000] {logging_mixin.py:188} WARNING - /home/***/.local/lib/python3.12/site-packages/yfinance/scrapers/history.py:204 Pandas4Warning: Timestamp.utcnow is deprecated and will be removed in a future version. Use Timestamp.now('UTC') instead.
[2026-02-18T07:35:30.909+0000] {logging_mixin.py:188} WARNING - [*********************100%***********************]  1 of 1 completed
[2026-02-18T07:35:30.922+0000] {manager.py:10} INFO - Price            Close        High         Low        Open    Volume
Ticker            GOOG        GOOG        GOOG        GOOG      GOOG
Date                                                                
2026-02-06  323.100006  330.640015  320.149994  327.350006  33877000
[2026-02-18T07:35:30.941+0000] {python.py:237} INFO - Done. Returned value was: None
[2026-02-18T07:35:30.942+0000] {taskinstance.py:441} INFO - ::group::Post task execution logs
[2026-02-18T07:35:30.956+0000] {taskinstance.py:1206} INFO - Marking task as SUCCESS. dag_id=dag_moex, task_id=task_GOOG, run_id=scheduled__2026-02-06T00:00:00+00:00, execution_date=20260206T000000, start_date=20260218T073529, end_date=20260218T073530
[2026-02-18T07:35:31.021+0000] {local_task_job_runner.py:243} INFO - Task exited with return code 0
[2026-02-18T07:35:31.048+0000] {taskinstance.py:3503} INFO - 0 downstream tasks scheduled from follow-on schedule check
[2026-02-18T07:35:31.051+0000] {local_task_job_runner.py:222} INFO - ::endgroup::
[2026-02-18T08:33:51.292+0000] {local_task_job_runner.py:120} INFO - ::group::Pre task execution logs
[2026-02-18T08:33:51.345+0000] {taskinstance.py:2076} INFO - Dependencies all met for dep_context=non-requeueable deps ti=<TaskInstance: dag_moex.task_GOOG scheduled__2026-02-06T00:00:00+00:00 [queued]>
[2026-02-18T08:33:51.367+0000] {taskinstance.py:2076} INFO - Dependencies all met for dep_context=requeueable deps ti=<TaskInstance: dag_moex.task_GOOG scheduled__2026-02-06T00:00:00+00:00 [queued]>
[2026-02-18T08:33:51.369+0000] {taskinstance.py:2306} INFO - Starting attempt 1 of 1
[2026-02-18T08:33:51.401+0000] {taskinstance.py:2330} INFO - Executing <Task(PythonOperator): task_GOOG> on 2026-02-06 00:00:00+00:00
[2026-02-18T08:33:51.424+0000] {logging_mixin.py:188} WARNING - /home/***/.local/lib/python3.12/site-packages/***/task/task_runner/standard_task_runner.py:62 DeprecationWarning: This process (pid=4470) is multi-threaded, use of fork() may lead to deadlocks in the child.
[2026-02-18T08:33:51.427+0000] {standard_task_runner.py:64} INFO - Started process 4510 to run task
[2026-02-18T08:33:51.428+0000] {standard_task_runner.py:90} INFO - Running: ['***', 'tasks', 'run', 'dag_moex', 'task_GOOG', 'scheduled__2026-02-06T00:00:00+00:00', '--job-id', '679', '--raw', '--subdir', 'DAGS_FOLDER/stocks/dag1.py', '--cfg-path', '/tmp/tmpkuhz9m66']
[2026-02-18T08:33:51.448+0000] {standard_task_runner.py:91} INFO - Job 679: Subtask task_GOOG
[2026-02-18T08:33:51.608+0000] {task_command.py:426} INFO - Running <TaskInstance: dag_moex.task_GOOG scheduled__2026-02-06T00:00:00+00:00 [running]> on host cc036e7caf02
[2026-02-18T08:33:51.830+0000] {taskinstance.py:2648} INFO - Exporting env vars: AIRFLOW_CTX_DAG_OWNER='***' AIRFLOW_CTX_DAG_ID='dag_moex' AIRFLOW_CTX_TASK_ID='task_GOOG' AIRFLOW_CTX_EXECUTION_DATE='2026-02-06T00:00:00+00:00' AIRFLOW_CTX_TRY_NUMBER='1' AIRFLOW_CTX_DAG_RUN_ID='scheduled__2026-02-06T00:00:00+00:00'
[2026-02-18T08:33:51.834+0000] {taskinstance.py:430} INFO - ::endgroup::
[2026-02-18T08:33:51.868+0000] {logging_mixin.py:188} WARNING - /opt/***/dags/stocks/scripts/api.py:9 FutureWarning: YF.download() has changed argument auto_adjust default to True
[2026-02-18T08:33:51.884+0000] {logging_mixin.py:188} WARNING - /home/***/.local/lib/python3.12/site-packages/yfinance/scrapers/history.py:204 Pandas4Warning: Timestamp.utcnow is deprecated and will be removed in a future version. Use Timestamp.now('UTC') instead.
[2026-02-18T08:33:52.715+0000] {logging_mixin.py:188} WARNING - [*********************100%***********************]  1 of 1 completed
[2026-02-18T08:33:52.739+0000] {api.py:10} INFO - Выгрузилось
    __________________________
    Price            Close        High         Low        Open    Volume
Ticker            GOOG        GOOG        GOOG        GOOG      GOOG
Date                                                                
2026-02-05  331.329987  332.644012  306.920013  313.200012  51842000
2026-02-06  323.100006  330.640015  320.149994  327.350006  33877000
    __________________________
    
[2026-02-18T08:33:52.741+0000] {api.py:16} INFO - start=2026-02-05, end=2026-02-07
[2026-02-18T08:33:52.749+0000] {api.py:17} INFO - После удаления
    __________________________
    Price            Close        High         Low        Open    Volume
Ticker            GOOG        GOOG        GOOG        GOOG      GOOG
Date                                                                
2026-02-06  323.100006  330.640015  320.149994  327.350006  33877000
    __________________________
    
[2026-02-18T08:33:52.757+0000] {python.py:237} INFO - Done. Returned value was: None
[2026-02-18T08:33:52.758+0000] {taskinstance.py:441} INFO - ::group::Post task execution logs
[2026-02-18T08:33:52.769+0000] {taskinstance.py:1206} INFO - Marking task as SUCCESS. dag_id=dag_moex, task_id=task_GOOG, run_id=scheduled__2026-02-06T00:00:00+00:00, execution_date=20260206T000000, start_date=20260218T083351, end_date=20260218T083352
[2026-02-18T08:33:52.805+0000] {local_task_job_runner.py:243} INFO - Task exited with return code 0
[2026-02-18T08:33:52.830+0000] {taskinstance.py:3503} INFO - 0 downstream tasks scheduled from follow-on schedule check
[2026-02-18T08:33:52.833+0000] {local_task_job_runner.py:222} INFO - ::endgroup::
[2026-02-19T12:55:11.699+0000] {local_task_job_runner.py:120} INFO - ::group::Pre task execution logs
[2026-02-19T12:55:11.778+0000] {taskinstance.py:2076} INFO - Dependencies all met for dep_context=non-requeueable deps ti=<TaskInstance: dag_moex.task_GOOG scheduled__2026-02-06T00:00:00+00:00 [queued]>
[2026-02-19T12:55:11.794+0000] {taskinstance.py:2076} INFO - Dependencies all met for dep_context=requeueable deps ti=<TaskInstance: dag_moex.task_GOOG scheduled__2026-02-06T00:00:00+00:00 [queued]>
[2026-02-19T12:55:11.807+0000] {taskinstance.py:2306} INFO - Starting attempt 1 of 1
[2026-02-19T12:55:11.833+0000] {taskinstance.py:2330} INFO - Executing <Task(PythonOperator): task_GOOG> on 2026-02-06 00:00:00+00:00
[2026-02-19T12:55:11.860+0000] {logging_mixin.py:188} WARNING - /home/***/.local/lib/python3.12/site-packages/***/task/task_runner/standard_task_runner.py:62 DeprecationWarning: This process (pid=27426) is multi-threaded, use of fork() may lead to deadlocks in the child.
[2026-02-19T12:55:11.865+0000] {standard_task_runner.py:64} INFO - Started process 27465 to run task
[2026-02-19T12:55:11.862+0000] {standard_task_runner.py:90} INFO - Running: ['***', 'tasks', 'run', 'dag_moex', 'task_GOOG', 'scheduled__2026-02-06T00:00:00+00:00', '--job-id', '784', '--raw', '--subdir', 'DAGS_FOLDER/stocks/dag1.py', '--cfg-path', '/tmp/tmpr0i80dit']
[2026-02-19T12:55:11.876+0000] {standard_task_runner.py:91} INFO - Job 784: Subtask task_GOOG
[2026-02-19T12:55:12.002+0000] {task_command.py:426} INFO - Running <TaskInstance: dag_moex.task_GOOG scheduled__2026-02-06T00:00:00+00:00 [running]> on host cc036e7caf02
[2026-02-19T12:55:12.163+0000] {taskinstance.py:2648} INFO - Exporting env vars: AIRFLOW_CTX_DAG_OWNER='***' AIRFLOW_CTX_DAG_ID='dag_moex' AIRFLOW_CTX_TASK_ID='task_GOOG' AIRFLOW_CTX_EXECUTION_DATE='2026-02-06T00:00:00+00:00' AIRFLOW_CTX_TRY_NUMBER='1' AIRFLOW_CTX_DAG_RUN_ID='scheduled__2026-02-06T00:00:00+00:00'
[2026-02-19T12:55:12.173+0000] {taskinstance.py:430} INFO - ::endgroup::
[2026-02-19T12:55:12.189+0000] {logging_mixin.py:188} WARNING - /opt/***/dags/stocks/scripts/api.py:10 FutureWarning: YF.download() has changed argument auto_adjust default to True
[2026-02-19T12:55:12.199+0000] {logging_mixin.py:188} WARNING - /home/***/.local/lib/python3.12/site-packages/yfinance/scrapers/history.py:204 Pandas4Warning: Timestamp.utcnow is deprecated and will be removed in a future version. Use Timestamp.now('UTC') instead.
[2026-02-19T12:55:13.044+0000] {logging_mixin.py:188} WARNING - [*********************100%***********************]  1 of 1 completed
[2026-02-19T12:55:13.066+0000] {api.py:11} INFO - Выгрузилось
    __________________________
    Price            Close        High         Low        Open    Volume
Ticker            GOOG        GOOG        GOOG        GOOG      GOOG
Date                                                                
2026-02-05  331.329987  332.644012  306.920013  313.200012  51842000
2026-02-06  323.100006  330.640015  320.149994  327.350006  33877000
    __________________________
    
[2026-02-19T12:55:13.067+0000] {api.py:17} INFO - start=2026-02-05, end=2026-02-09
[2026-02-19T12:55:13.075+0000] {api.py:18} INFO - После удаления
    __________________________
    Price            Close        High         Low        Open    Volume
Ticker            GOOG        GOOG        GOOG        GOOG      GOOG
Date                                                                
2026-02-06  323.100006  330.640015  320.149994  327.350006  33877000
    __________________________
    
[2026-02-19T12:55:13.086+0000] {base.py:84} INFO - Using connection ID 'pg_1' for task execution.
[2026-02-19T12:55:13.087+0000] {sql.py:254} WARNING - This setter is for backward compatibility and should not be used.
Since the introduction of connection property, the providers listed below breaks due to assigning value to self.connection in their __init__ method.
* apache-***-providers-mysql<5.7.1
* apache-***-providers-elasticsearch<5.5.1
* apache-***-providers-postgres<5.13.0
[2026-02-19T12:55:13.093+0000] {sql.py:896} INFO - Loaded 1 rows into stocks so far
[2026-02-19T12:55:13.094+0000] {sql.py:908} INFO - Done loading. Loaded a total of 1 rows into stocks
[2026-02-19T12:55:13.099+0000] {python.py:237} INFO - Done. Returned value was: None
[2026-02-19T12:55:13.099+0000] {taskinstance.py:441} INFO - ::group::Post task execution logs
[2026-02-19T12:55:13.106+0000] {taskinstance.py:1206} INFO - Marking task as SUCCESS. dag_id=dag_moex, task_id=task_GOOG, run_id=scheduled__2026-02-06T00:00:00+00:00, execution_date=20260206T000000, start_date=20260219T125511, end_date=20260219T125513
[2026-02-19T12:55:13.131+0000] {local_task_job_runner.py:243} INFO - Task exited with return code 0
[2026-02-19T12:55:13.148+0000] {taskinstance.py:3503} INFO - 0 downstream tasks scheduled from follow-on schedule check
[2026-02-19T12:55:13.151+0000] {local_task_job_runner.py:222} INFO - ::endgroup::
[2026-02-19T12:57:55.351+0000] {local_task_job_runner.py:120} INFO - ::group::Pre task execution logs
[2026-02-19T12:57:55.407+0000] {taskinstance.py:2076} INFO - Dependencies all met for dep_context=non-requeueable deps ti=<TaskInstance: dag_moex.task_GOOG scheduled__2026-02-06T00:00:00+00:00 [queued]>
[2026-02-19T12:57:55.418+0000] {taskinstance.py:2076} INFO - Dependencies all met for dep_context=requeueable deps ti=<TaskInstance: dag_moex.task_GOOG scheduled__2026-02-06T00:00:00+00:00 [queued]>
[2026-02-19T12:57:55.419+0000] {taskinstance.py:2306} INFO - Starting attempt 1 of 1
[2026-02-19T12:57:55.438+0000] {taskinstance.py:2330} INFO - Executing <Task(PythonOperator): task_GOOG> on 2026-02-06 00:00:00+00:00
[2026-02-19T12:57:55.449+0000] {logging_mixin.py:188} WARNING - /home/***/.local/lib/python3.12/site-packages/***/task/task_runner/standard_task_runner.py:62 DeprecationWarning: This process (pid=27596) is multi-threaded, use of fork() may lead to deadlocks in the child.
[2026-02-19T12:57:55.451+0000] {standard_task_runner.py:64} INFO - Started process 27625 to run task
[2026-02-19T12:57:55.448+0000] {standard_task_runner.py:90} INFO - Running: ['***', 'tasks', 'run', 'dag_moex', 'task_GOOG', 'scheduled__2026-02-06T00:00:00+00:00', '--job-id', '808', '--raw', '--subdir', 'DAGS_FOLDER/stocks/dag1.py', '--cfg-path', '/tmp/tmpr9g7mo0l']
[2026-02-19T12:57:55.452+0000] {standard_task_runner.py:91} INFO - Job 808: Subtask task_GOOG
[2026-02-19T12:57:55.515+0000] {task_command.py:426} INFO - Running <TaskInstance: dag_moex.task_GOOG scheduled__2026-02-06T00:00:00+00:00 [running]> on host cc036e7caf02
[2026-02-19T12:57:55.605+0000] {taskinstance.py:2648} INFO - Exporting env vars: AIRFLOW_CTX_DAG_OWNER='***' AIRFLOW_CTX_DAG_ID='dag_moex' AIRFLOW_CTX_TASK_ID='task_GOOG' AIRFLOW_CTX_EXECUTION_DATE='2026-02-06T00:00:00+00:00' AIRFLOW_CTX_TRY_NUMBER='1' AIRFLOW_CTX_DAG_RUN_ID='scheduled__2026-02-06T00:00:00+00:00'
[2026-02-19T12:57:55.606+0000] {taskinstance.py:430} INFO - ::endgroup::
[2026-02-19T12:57:55.620+0000] {logging_mixin.py:188} WARNING - /opt/***/dags/stocks/scripts/api.py:10 FutureWarning: YF.download() has changed argument auto_adjust default to True
[2026-02-19T12:57:55.629+0000] {logging_mixin.py:188} WARNING - /home/***/.local/lib/python3.12/site-packages/yfinance/scrapers/history.py:204 Pandas4Warning: Timestamp.utcnow is deprecated and will be removed in a future version. Use Timestamp.now('UTC') instead.
[2026-02-19T12:57:56.435+0000] {logging_mixin.py:188} WARNING - [*********************100%***********************]  1 of 1 completed
[2026-02-19T12:57:56.462+0000] {api.py:11} INFO - Выгрузилось
    __________________________
    Price            Close        High         Low        Open    Volume
Ticker            GOOG        GOOG        GOOG        GOOG      GOOG
Date                                                                
2026-02-05  331.329987  332.644012  306.920013  313.200012  51842000
2026-02-06  323.100006  330.640015  320.149994  327.350006  33877000
    __________________________
    
[2026-02-19T12:57:56.464+0000] {api.py:17} INFO - start=2026-02-05, end=2026-02-09
[2026-02-19T12:57:56.472+0000] {api.py:18} INFO - После удаления
    __________________________
    Price            Close        High         Low        Open    Volume
Ticker            GOOG        GOOG        GOOG        GOOG      GOOG
Date                                                                
2026-02-06  323.100006  330.640015  320.149994  327.350006  33877000
    __________________________
    
[2026-02-19T12:57:56.485+0000] {base.py:84} INFO - Using connection ID 'pg_1' for task execution.
[2026-02-19T12:57:56.486+0000] {sql.py:254} WARNING - This setter is for backward compatibility and should not be used.
Since the introduction of connection property, the providers listed below breaks due to assigning value to self.connection in their __init__ method.
* apache-***-providers-mysql<5.7.1
* apache-***-providers-elasticsearch<5.5.1
* apache-***-providers-postgres<5.13.0
[2026-02-19T12:57:56.492+0000] {taskinstance.py:441} INFO - ::group::Post task execution logs
[2026-02-19T12:57:56.493+0000] {taskinstance.py:2905} ERROR - Task failed with exception
Traceback (most recent call last):
  File "/home/airflow/.local/lib/python3.12/site-packages/airflow/models/taskinstance.py", line 465, in _execute_task
    result = _execute_callable(context=context, **execute_callable_kwargs)
             ^^^^^^^^^^^^^^^^^^^^^^^^^^^^^^^^^^^^^^^^^^^^^^^^^^^^^^^^^^^^^
  File "/home/airflow/.local/lib/python3.12/site-packages/airflow/models/taskinstance.py", line 432, in _execute_callable
    return execute_callable(context=context, **execute_callable_kwargs)
           ^^^^^^^^^^^^^^^^^^^^^^^^^^^^^^^^^^^^^^^^^^^^^^^^^^^^^^^^^^^^
  File "/home/airflow/.local/lib/python3.12/site-packages/airflow/models/baseoperator.py", line 401, in wrapper
    return func(self, *args, **kwargs)
           ^^^^^^^^^^^^^^^^^^^^^^^^^^^
  File "/home/airflow/.local/lib/python3.12/site-packages/airflow/operators/python.py", line 235, in execute
    return_value = self.execute_callable()
                   ^^^^^^^^^^^^^^^^^^^^^^^
  File "/home/airflow/.local/lib/python3.12/site-packages/airflow/operators/python.py", line 252, in execute_callable
    return self.python_callable(*self.op_args, **self.op_kwargs)
           ^^^^^^^^^^^^^^^^^^^^^^^^^^^^^^^^^^^^^^^^^^^^^^^^^^^^^
  File "/opt/airflow/dags/stocks/scripts/manager.py", line 24, in fetch_data
    postgresHook.insert_rows(table="stocks", rows=rows,
  File "/home/airflow/.local/lib/python3.12/site-packages/airflow/providers/common/sql/hooks/sql.py", line 893, in insert_rows
    cur.executemany(sql, values)
psycopg2.errors.UniqueViolation: duplicate key value violates unique constraint "stocks_pkey"
DETAIL:  Key (ticker, date)=(GOOG, 2026-02-06) already exists.

[2026-02-19T12:57:56.526+0000] {taskinstance.py:1206} INFO - Marking task as FAILED. dag_id=dag_moex, task_id=task_GOOG, run_id=scheduled__2026-02-06T00:00:00+00:00, execution_date=20260206T000000, start_date=20260219T125755, end_date=20260219T125756
[2026-02-19T12:57:56.555+0000] {standard_task_runner.py:110} ERROR - Failed to execute job 808 for task task_GOOG (duplicate key value violates unique constraint "stocks_pkey"
DETAIL:  Key (ticker, date)=(GOOG, 2026-02-06) already exists.
; 27625)
[2026-02-19T12:57:56.593+0000] {local_task_job_runner.py:243} INFO - Task exited with return code 1
[2026-02-19T12:57:56.612+0000] {local_task_job_runner.py:222} INFO - ::endgroup::
[2026-02-19T14:19:20.702+0000] {local_task_job_runner.py:120} INFO - ::group::Pre task execution logs
[2026-02-19T14:19:20.764+0000] {taskinstance.py:2076} INFO - Dependencies all met for dep_context=non-requeueable deps ti=<TaskInstance: dag_moex.task_GOOG scheduled__2026-02-06T00:00:00+00:00 [queued]>
[2026-02-19T14:19:20.782+0000] {taskinstance.py:2076} INFO - Dependencies all met for dep_context=requeueable deps ti=<TaskInstance: dag_moex.task_GOOG scheduled__2026-02-06T00:00:00+00:00 [queued]>
[2026-02-19T14:19:20.783+0000] {taskinstance.py:2306} INFO - Starting attempt 1 of 1
[2026-02-19T14:19:20.856+0000] {taskinstance.py:2330} INFO - Executing <Task(PythonOperator): task_GOOG> on 2026-02-06 00:00:00+00:00
[2026-02-19T14:19:20.878+0000] {logging_mixin.py:188} WARNING - /home/***/.local/lib/python3.12/site-packages/***/task/task_runner/standard_task_runner.py:62 DeprecationWarning: This process (pid=30625) is multi-threaded, use of fork() may lead to deadlocks in the child.
[2026-02-19T14:19:20.893+0000] {standard_task_runner.py:64} INFO - Started process 30657 to run task
[2026-02-19T14:19:20.897+0000] {standard_task_runner.py:90} INFO - Running: ['***', 'tasks', 'run', 'dag_moex', 'task_GOOG', 'scheduled__2026-02-06T00:00:00+00:00', '--job-id', '1082', '--raw', '--subdir', 'DAGS_FOLDER/stocks/dag1.py', '--cfg-path', '/tmp/tmplwvhkiyz']
[2026-02-19T14:19:20.905+0000] {standard_task_runner.py:91} INFO - Job 1082: Subtask task_GOOG
[2026-02-19T14:19:21.042+0000] {task_command.py:426} INFO - Running <TaskInstance: dag_moex.task_GOOG scheduled__2026-02-06T00:00:00+00:00 [running]> on host cc036e7caf02
[2026-02-19T14:19:21.213+0000] {taskinstance.py:2648} INFO - Exporting env vars: AIRFLOW_CTX_DAG_OWNER='***' AIRFLOW_CTX_DAG_ID='dag_moex' AIRFLOW_CTX_TASK_ID='task_GOOG' AIRFLOW_CTX_EXECUTION_DATE='2026-02-06T00:00:00+00:00' AIRFLOW_CTX_TRY_NUMBER='1' AIRFLOW_CTX_DAG_RUN_ID='scheduled__2026-02-06T00:00:00+00:00'
[2026-02-19T14:19:21.216+0000] {taskinstance.py:430} INFO - ::endgroup::
[2026-02-19T14:19:21.235+0000] {logging_mixin.py:188} WARNING - /opt/***/dags/stocks/scripts/api.py:9 FutureWarning: YF.download() has changed argument auto_adjust default to True
[2026-02-19T14:19:21.250+0000] {logging_mixin.py:188} WARNING - /home/***/.local/lib/python3.12/site-packages/yfinance/scrapers/history.py:204 Pandas4Warning: Timestamp.utcnow is deprecated and will be removed in a future version. Use Timestamp.now('UTC') instead.
[2026-02-19T14:19:22.069+0000] {logging_mixin.py:188} WARNING - [*********************100%***********************]  1 of 1 completed
[2026-02-19T14:19:22.082+0000] {api.py:10} INFO - Выгрузилось
    __________________________
    Price            Close        High         Low        Open    Volume
Ticker            GOOG        GOOG        GOOG        GOOG      GOOG
Date                                                                
2026-02-05  331.329987  332.644012  306.920013  313.200012  51842000
2026-02-06  323.100006  330.640015  320.149994  327.350006  33877000
    __________________________
    
[2026-02-19T14:19:22.083+0000] {api.py:16} INFO - start=2026-02-05, end=2026-02-07
[2026-02-19T14:19:22.088+0000] {api.py:17} INFO - После удаления
    __________________________
    Price            Close        High         Low        Open    Volume
Ticker            GOOG        GOOG        GOOG        GOOG      GOOG
Date                                                                
2026-02-06  323.100006  330.640015  320.149994  327.350006  33877000
    __________________________
    
[2026-02-19T14:19:22.097+0000] {base.py:84} INFO - Using connection ID 'pg_1' for task execution.
[2026-02-19T14:19:22.098+0000] {sql.py:254} WARNING - This setter is for backward compatibility and should not be used.
Since the introduction of connection property, the providers listed below breaks due to assigning value to self.connection in their __init__ method.
* apache-***-providers-mysql<5.7.1
* apache-***-providers-elasticsearch<5.5.1
* apache-***-providers-postgres<5.13.0
[2026-02-19T14:19:22.102+0000] {sql.py:896} INFO - Loaded 1 rows into stocks so far
[2026-02-19T14:19:22.103+0000] {sql.py:908} INFO - Done loading. Loaded a total of 1 rows into stocks
[2026-02-19T14:19:22.108+0000] {python.py:237} INFO - Done. Returned value was: None
[2026-02-19T14:19:22.109+0000] {taskinstance.py:441} INFO - ::group::Post task execution logs
[2026-02-19T14:19:22.115+0000] {taskinstance.py:1206} INFO - Marking task as SUCCESS. dag_id=dag_moex, task_id=task_GOOG, run_id=scheduled__2026-02-06T00:00:00+00:00, execution_date=20260206T000000, start_date=20260219T141920, end_date=20260219T141922
[2026-02-19T14:19:22.169+0000] {local_task_job_runner.py:243} INFO - Task exited with return code 0
[2026-02-19T14:19:22.190+0000] {taskinstance.py:3503} INFO - 0 downstream tasks scheduled from follow-on schedule check
[2026-02-19T14:19:22.192+0000] {local_task_job_runner.py:222} INFO - ::endgroup::
[2026-02-19T14:20:53.511+0000] {local_task_job_runner.py:120} INFO - ::group::Pre task execution logs
[2026-02-19T14:20:53.560+0000] {taskinstance.py:2076} INFO - Dependencies all met for dep_context=non-requeueable deps ti=<TaskInstance: dag_moex.task_GOOG scheduled__2026-02-06T00:00:00+00:00 [queued]>
[2026-02-19T14:20:53.585+0000] {taskinstance.py:2076} INFO - Dependencies all met for dep_context=requeueable deps ti=<TaskInstance: dag_moex.task_GOOG scheduled__2026-02-06T00:00:00+00:00 [queued]>
[2026-02-19T14:20:53.586+0000] {taskinstance.py:2306} INFO - Starting attempt 1 of 1
[2026-02-19T14:20:53.606+0000] {taskinstance.py:2330} INFO - Executing <Task(PythonOperator): task_GOOG> on 2026-02-06 00:00:00+00:00
[2026-02-19T14:20:53.621+0000] {logging_mixin.py:188} WARNING - /home/***/.local/lib/python3.12/site-packages/***/task/task_runner/standard_task_runner.py:62 DeprecationWarning: This process (pid=30895) is multi-threaded, use of fork() may lead to deadlocks in the child.
[2026-02-19T14:20:53.623+0000] {standard_task_runner.py:64} INFO - Started process 30921 to run task
[2026-02-19T14:20:53.623+0000] {standard_task_runner.py:90} INFO - Running: ['***', 'tasks', 'run', 'dag_moex', 'task_GOOG', 'scheduled__2026-02-06T00:00:00+00:00', '--job-id', '1140', '--raw', '--subdir', 'DAGS_FOLDER/stocks/dag1.py', '--cfg-path', '/tmp/tmp0whyos57']
[2026-02-19T14:20:53.632+0000] {standard_task_runner.py:91} INFO - Job 1140: Subtask task_GOOG
[2026-02-19T14:20:53.730+0000] {task_command.py:426} INFO - Running <TaskInstance: dag_moex.task_GOOG scheduled__2026-02-06T00:00:00+00:00 [running]> on host cc036e7caf02
[2026-02-19T14:20:53.865+0000] {taskinstance.py:2648} INFO - Exporting env vars: AIRFLOW_CTX_DAG_OWNER='***' AIRFLOW_CTX_DAG_ID='dag_moex' AIRFLOW_CTX_TASK_ID='task_GOOG' AIRFLOW_CTX_EXECUTION_DATE='2026-02-06T00:00:00+00:00' AIRFLOW_CTX_TRY_NUMBER='1' AIRFLOW_CTX_DAG_RUN_ID='scheduled__2026-02-06T00:00:00+00:00'
[2026-02-19T14:20:53.867+0000] {taskinstance.py:430} INFO - ::endgroup::
[2026-02-19T14:20:53.882+0000] {logging_mixin.py:188} WARNING - /opt/***/dags/stocks/scripts/api.py:9 FutureWarning: YF.download() has changed argument auto_adjust default to True
[2026-02-19T14:20:53.995+0000] {logging_mixin.py:188} WARNING - /home/***/.local/lib/python3.12/site-packages/yfinance/scrapers/history.py:204 Pandas4Warning: Timestamp.utcnow is deprecated and will be removed in a future version. Use Timestamp.now('UTC') instead.
[2026-02-19T14:20:54.724+0000] {logging_mixin.py:188} WARNING - [*********************100%***********************]  1 of 1 completed
[2026-02-19T14:20:54.736+0000] {api.py:10} INFO - Выгрузилось
    __________________________
    Price            Close        High         Low        Open    Volume
Ticker            GOOG        GOOG        GOOG        GOOG      GOOG
Date                                                                
2026-02-05  331.329987  332.644012  306.920013  313.200012  51842000
2026-02-06  323.100006  330.640015  320.149994  327.350006  33877000
    __________________________
    
[2026-02-19T14:20:54.737+0000] {api.py:16} INFO - start=2026-02-05, end=2026-02-07
[2026-02-19T14:20:54.741+0000] {api.py:17} INFO - После удаления
    __________________________
    Price            Close        High         Low        Open    Volume
Ticker            GOOG        GOOG        GOOG        GOOG      GOOG
Date                                                                
2026-02-06  323.100006  330.640015  320.149994  327.350006  33877000
    __________________________
    
[2026-02-19T14:20:54.751+0000] {base.py:84} INFO - Using connection ID 'pg_1' for task execution.
[2026-02-19T14:20:54.751+0000] {sql.py:254} WARNING - This setter is for backward compatibility and should not be used.
Since the introduction of connection property, the providers listed below breaks due to assigning value to self.connection in their __init__ method.
* apache-***-providers-mysql<5.7.1
* apache-***-providers-elasticsearch<5.5.1
* apache-***-providers-postgres<5.13.0
[2026-02-19T14:20:54.755+0000] {taskinstance.py:441} INFO - ::group::Post task execution logs
[2026-02-19T14:20:54.756+0000] {taskinstance.py:2905} ERROR - Task failed with exception
Traceback (most recent call last):
  File "/home/airflow/.local/lib/python3.12/site-packages/airflow/models/taskinstance.py", line 465, in _execute_task
    result = _execute_callable(context=context, **execute_callable_kwargs)
             ^^^^^^^^^^^^^^^^^^^^^^^^^^^^^^^^^^^^^^^^^^^^^^^^^^^^^^^^^^^^^
  File "/home/airflow/.local/lib/python3.12/site-packages/airflow/models/taskinstance.py", line 432, in _execute_callable
    return execute_callable(context=context, **execute_callable_kwargs)
           ^^^^^^^^^^^^^^^^^^^^^^^^^^^^^^^^^^^^^^^^^^^^^^^^^^^^^^^^^^^^
  File "/home/airflow/.local/lib/python3.12/site-packages/airflow/models/baseoperator.py", line 401, in wrapper
    return func(self, *args, **kwargs)
           ^^^^^^^^^^^^^^^^^^^^^^^^^^^
  File "/home/airflow/.local/lib/python3.12/site-packages/airflow/operators/python.py", line 235, in execute
    return_value = self.execute_callable()
                   ^^^^^^^^^^^^^^^^^^^^^^^
  File "/home/airflow/.local/lib/python3.12/site-packages/airflow/operators/python.py", line 252, in execute_callable
    return self.python_callable(*self.op_args, **self.op_kwargs)
           ^^^^^^^^^^^^^^^^^^^^^^^^^^^^^^^^^^^^^^^^^^^^^^^^^^^^^
  File "/opt/airflow/dags/stocks/scripts/manager.py", line 24, in fetch_data
    postgresHook.insert_rows(table="stocks", rows=rows,
  File "/home/airflow/.local/lib/python3.12/site-packages/airflow/providers/common/sql/hooks/sql.py", line 893, in insert_rows
    cur.executemany(sql, values)
psycopg2.errors.UniqueViolation: duplicate key value violates unique constraint "stocks_pkey"
DETAIL:  Key (ticker, date)=(GOOG, 2026-02-06) already exists.

[2026-02-19T14:20:54.765+0000] {taskinstance.py:1206} INFO - Marking task as FAILED. dag_id=dag_moex, task_id=task_GOOG, run_id=scheduled__2026-02-06T00:00:00+00:00, execution_date=20260206T000000, start_date=20260219T142053, end_date=20260219T142054
[2026-02-19T14:20:54.776+0000] {standard_task_runner.py:110} ERROR - Failed to execute job 1140 for task task_GOOG (duplicate key value violates unique constraint "stocks_pkey"
DETAIL:  Key (ticker, date)=(GOOG, 2026-02-06) already exists.
; 30921)
[2026-02-19T14:20:54.815+0000] {local_task_job_runner.py:243} INFO - Task exited with return code 1
[2026-02-19T14:20:54.832+0000] {taskinstance.py:3503} INFO - 0 downstream tasks scheduled from follow-on schedule check
[2026-02-19T14:20:54.833+0000] {local_task_job_runner.py:222} INFO - ::endgroup::
[2026-02-19T14:27:33.412+0000] {local_task_job_runner.py:120} INFO - ::group::Pre task execution logs
[2026-02-19T14:27:33.457+0000] {taskinstance.py:2076} INFO - Dependencies all met for dep_context=non-requeueable deps ti=<TaskInstance: dag_moex.task_GOOG scheduled__2026-02-06T00:00:00+00:00 [queued]>
[2026-02-19T14:27:33.471+0000] {taskinstance.py:2076} INFO - Dependencies all met for dep_context=requeueable deps ti=<TaskInstance: dag_moex.task_GOOG scheduled__2026-02-06T00:00:00+00:00 [queued]>
[2026-02-19T14:27:33.472+0000] {taskinstance.py:2306} INFO - Starting attempt 1 of 1
[2026-02-19T14:27:33.491+0000] {taskinstance.py:2330} INFO - Executing <Task(PythonOperator): task_GOOG> on 2026-02-06 00:00:00+00:00
[2026-02-19T14:27:33.508+0000] {logging_mixin.py:188} WARNING - /home/***/.local/lib/python3.12/site-packages/***/task/task_runner/standard_task_runner.py:62 DeprecationWarning: This process (pid=31262) is multi-threaded, use of fork() may lead to deadlocks in the child.
[2026-02-19T14:27:33.509+0000] {standard_task_runner.py:64} INFO - Started process 31289 to run task
[2026-02-19T14:27:33.514+0000] {standard_task_runner.py:90} INFO - Running: ['***', 'tasks', 'run', 'dag_moex', 'task_GOOG', 'scheduled__2026-02-06T00:00:00+00:00', '--job-id', '1193', '--raw', '--subdir', 'DAGS_FOLDER/stocks/dag1.py', '--cfg-path', '/tmp/tmp12827ym4']
[2026-02-19T14:27:33.517+0000] {standard_task_runner.py:91} INFO - Job 1193: Subtask task_GOOG
[2026-02-19T14:27:33.611+0000] {task_command.py:426} INFO - Running <TaskInstance: dag_moex.task_GOOG scheduled__2026-02-06T00:00:00+00:00 [running]> on host cc036e7caf02
[2026-02-19T14:27:33.762+0000] {taskinstance.py:2648} INFO - Exporting env vars: AIRFLOW_CTX_DAG_OWNER='***' AIRFLOW_CTX_DAG_ID='dag_moex' AIRFLOW_CTX_TASK_ID='task_GOOG' AIRFLOW_CTX_EXECUTION_DATE='2026-02-06T00:00:00+00:00' AIRFLOW_CTX_TRY_NUMBER='1' AIRFLOW_CTX_DAG_RUN_ID='scheduled__2026-02-06T00:00:00+00:00'
[2026-02-19T14:27:33.764+0000] {taskinstance.py:430} INFO - ::endgroup::
[2026-02-19T14:27:33.781+0000] {logging_mixin.py:188} WARNING - /opt/***/dags/stocks/scripts/api.py:9 FutureWarning: YF.download() has changed argument auto_adjust default to True
[2026-02-19T14:27:33.794+0000] {logging_mixin.py:188} WARNING - /home/***/.local/lib/python3.12/site-packages/yfinance/scrapers/history.py:204 Pandas4Warning: Timestamp.utcnow is deprecated and will be removed in a future version. Use Timestamp.now('UTC') instead.
[2026-02-19T14:27:34.646+0000] {logging_mixin.py:188} WARNING - [*********************100%***********************]  1 of 1 completed
[2026-02-19T14:27:34.665+0000] {api.py:10} INFO - Выгрузилось
    __________________________
    Price            Close        High         Low        Open    Volume
Ticker            GOOG        GOOG        GOOG        GOOG      GOOG
Date                                                                
2026-02-05  331.329987  332.644012  306.920013  313.200012  51842000
2026-02-06  323.100006  330.640015  320.149994  327.350006  33877000
    __________________________
    
[2026-02-19T14:27:34.667+0000] {api.py:16} INFO - start=2026-02-05, end=2026-02-07
[2026-02-19T14:27:34.671+0000] {api.py:17} INFO - После удаления
    __________________________
    Price            Close        High         Low        Open    Volume
Ticker            GOOG        GOOG        GOOG        GOOG      GOOG
Date                                                                
2026-02-06  323.100006  330.640015  320.149994  327.350006  33877000
    __________________________
    
[2026-02-19T14:27:34.681+0000] {base.py:84} INFO - Using connection ID 'pg_1' for task execution.
[2026-02-19T14:27:34.682+0000] {sql.py:254} WARNING - This setter is for backward compatibility and should not be used.
Since the introduction of connection property, the providers listed below breaks due to assigning value to self.connection in their __init__ method.
* apache-***-providers-mysql<5.7.1
* apache-***-providers-elasticsearch<5.5.1
* apache-***-providers-postgres<5.13.0
[2026-02-19T14:27:34.687+0000] {sql.py:896} INFO - Loaded 1 rows into stocks so far
[2026-02-19T14:27:34.688+0000] {sql.py:908} INFO - Done loading. Loaded a total of 1 rows into stocks
[2026-02-19T14:27:34.695+0000] {python.py:237} INFO - Done. Returned value was: None
[2026-02-19T14:27:34.696+0000] {taskinstance.py:441} INFO - ::group::Post task execution logs
[2026-02-19T14:27:34.708+0000] {taskinstance.py:1206} INFO - Marking task as SUCCESS. dag_id=dag_moex, task_id=task_GOOG, run_id=scheduled__2026-02-06T00:00:00+00:00, execution_date=20260206T000000, start_date=20260219T142733, end_date=20260219T142734
[2026-02-19T14:27:34.771+0000] {local_task_job_runner.py:243} INFO - Task exited with return code 0
[2026-02-19T14:27:34.787+0000] {taskinstance.py:3503} INFO - 0 downstream tasks scheduled from follow-on schedule check
[2026-02-19T14:27:34.789+0000] {local_task_job_runner.py:222} INFO - ::endgroup::
[2026-02-19T14:40:54.927+0000] {local_task_job_runner.py:120} INFO - ::group::Pre task execution logs
[2026-02-19T14:40:54.970+0000] {taskinstance.py:2076} INFO - Dependencies all met for dep_context=non-requeueable deps ti=<TaskInstance: dag_moex.task_GOOG scheduled__2026-02-06T00:00:00+00:00 [queued]>
[2026-02-19T14:40:54.985+0000] {taskinstance.py:2076} INFO - Dependencies all met for dep_context=requeueable deps ti=<TaskInstance: dag_moex.task_GOOG scheduled__2026-02-06T00:00:00+00:00 [queued]>
[2026-02-19T14:40:54.987+0000] {taskinstance.py:2306} INFO - Starting attempt 1 of 1
[2026-02-19T14:40:55.005+0000] {taskinstance.py:2330} INFO - Executing <Task(PythonOperator): task_GOOG> on 2026-02-06 00:00:00+00:00
[2026-02-19T14:40:55.017+0000] {logging_mixin.py:188} WARNING - /home/***/.local/lib/python3.12/site-packages/***/task/task_runner/standard_task_runner.py:62 DeprecationWarning: This process (pid=31792) is multi-threaded, use of fork() may lead to deadlocks in the child.
[2026-02-19T14:40:55.021+0000] {standard_task_runner.py:64} INFO - Started process 31817 to run task
[2026-02-19T14:40:55.020+0000] {standard_task_runner.py:90} INFO - Running: ['***', 'tasks', 'run', 'dag_moex', 'task_GOOG', 'scheduled__2026-02-06T00:00:00+00:00', '--job-id', '1251', '--raw', '--subdir', 'DAGS_FOLDER/stocks/dag1.py', '--cfg-path', '/tmp/tmpq6t2ita6']
[2026-02-19T14:40:55.024+0000] {standard_task_runner.py:91} INFO - Job 1251: Subtask task_GOOG
[2026-02-19T14:40:55.099+0000] {task_command.py:426} INFO - Running <TaskInstance: dag_moex.task_GOOG scheduled__2026-02-06T00:00:00+00:00 [running]> on host cc036e7caf02
[2026-02-19T14:40:55.219+0000] {taskinstance.py:2648} INFO - Exporting env vars: AIRFLOW_CTX_DAG_OWNER='***' AIRFLOW_CTX_DAG_ID='dag_moex' AIRFLOW_CTX_TASK_ID='task_GOOG' AIRFLOW_CTX_EXECUTION_DATE='2026-02-06T00:00:00+00:00' AIRFLOW_CTX_TRY_NUMBER='1' AIRFLOW_CTX_DAG_RUN_ID='scheduled__2026-02-06T00:00:00+00:00'
[2026-02-19T14:40:55.224+0000] {taskinstance.py:430} INFO - ::endgroup::
[2026-02-19T14:40:55.258+0000] {logging_mixin.py:188} WARNING - /opt/***/dags/stocks/scripts/api.py:9 FutureWarning: YF.download() has changed argument auto_adjust default to True
[2026-02-19T14:40:55.270+0000] {logging_mixin.py:188} WARNING - /home/***/.local/lib/python3.12/site-packages/yfinance/scrapers/history.py:204 Pandas4Warning: Timestamp.utcnow is deprecated and will be removed in a future version. Use Timestamp.now('UTC') instead.
[2026-02-19T14:40:55.956+0000] {logging_mixin.py:188} WARNING - [*********************100%***********************]  1 of 1 completed
[2026-02-19T14:40:55.968+0000] {api.py:10} INFO - Выгрузилось
    __________________________
    Price            Close        High         Low        Open    Volume
Ticker            GOOG        GOOG        GOOG        GOOG      GOOG
Date                                                                
2026-02-05  331.329987  332.644012  306.920013  313.200012  51842000
2026-02-06  323.100006  330.640015  320.149994  327.350006  33877000
    __________________________
    
[2026-02-19T14:40:55.969+0000] {taskinstance.py:441} INFO - ::group::Post task execution logs
[2026-02-19T14:40:55.969+0000] {taskinstance.py:2905} ERROR - Task failed with exception
Traceback (most recent call last):
  File "/home/airflow/.local/lib/python3.12/site-packages/airflow/models/taskinstance.py", line 465, in _execute_task
    result = _execute_callable(context=context, **execute_callable_kwargs)
             ^^^^^^^^^^^^^^^^^^^^^^^^^^^^^^^^^^^^^^^^^^^^^^^^^^^^^^^^^^^^^
  File "/home/airflow/.local/lib/python3.12/site-packages/airflow/models/taskinstance.py", line 432, in _execute_callable
    return execute_callable(context=context, **execute_callable_kwargs)
           ^^^^^^^^^^^^^^^^^^^^^^^^^^^^^^^^^^^^^^^^^^^^^^^^^^^^^^^^^^^^
  File "/home/airflow/.local/lib/python3.12/site-packages/airflow/models/baseoperator.py", line 401, in wrapper
    return func(self, *args, **kwargs)
           ^^^^^^^^^^^^^^^^^^^^^^^^^^^
  File "/home/airflow/.local/lib/python3.12/site-packages/airflow/operators/python.py", line 235, in execute
    return_value = self.execute_callable()
                   ^^^^^^^^^^^^^^^^^^^^^^^
  File "/home/airflow/.local/lib/python3.12/site-packages/airflow/operators/python.py", line 252, in execute_callable
    return self.python_callable(*self.op_args, **self.op_kwargs)
           ^^^^^^^^^^^^^^^^^^^^^^^^^^^^^^^^^^^^^^^^^^^^^^^^^^^^^
  File "/opt/airflow/dags/stocks/scripts/manager.py", line 11, in fetch_data
    data = fetch_data_from_yfinance(stock, data_interval_start=data_interval_start, data_interval_end=data_interval_end)
           ^^^^^^^^^^^^^^^^^^^^^^^^^^^^^^^^^^^^^^^^^^^^^^^^^^^^^^^^^^^^^^^^^^^^^^^^^^^^^^^^^^^^^^^^^^^^^^^^^^^^^^^^^^^^^
  File "/opt/airflow/dags/stocks/scripts/api.py", line 15, in fetch_data_from_yfinance
    df = df.loc[start:start + timedelta(days=1)]
                      ~~~~~~^~~~~~~~~~~~~~~~~~~
TypeError: can only concatenate str (not "datetime.timedelta") to str
[2026-02-19T14:40:55.982+0000] {taskinstance.py:1206} INFO - Marking task as FAILED. dag_id=dag_moex, task_id=task_GOOG, run_id=scheduled__2026-02-06T00:00:00+00:00, execution_date=20260206T000000, start_date=20260219T144054, end_date=20260219T144055
[2026-02-19T14:40:55.992+0000] {standard_task_runner.py:110} ERROR - Failed to execute job 1251 for task task_GOOG (can only concatenate str (not "datetime.timedelta") to str; 31817)
[2026-02-19T14:40:56.008+0000] {local_task_job_runner.py:243} INFO - Task exited with return code 1
[2026-02-19T14:40:56.020+0000] {taskinstance.py:3503} INFO - 0 downstream tasks scheduled from follow-on schedule check
[2026-02-19T14:40:56.021+0000] {local_task_job_runner.py:222} INFO - ::endgroup::
[2026-02-19T14:45:02.101+0000] {local_task_job_runner.py:120} INFO - ::group::Pre task execution logs
[2026-02-19T14:45:02.156+0000] {taskinstance.py:2076} INFO - Dependencies all met for dep_context=non-requeueable deps ti=<TaskInstance: dag_moex.task_GOOG scheduled__2026-02-06T00:00:00+00:00 [queued]>
[2026-02-19T14:45:02.172+0000] {taskinstance.py:2076} INFO - Dependencies all met for dep_context=requeueable deps ti=<TaskInstance: dag_moex.task_GOOG scheduled__2026-02-06T00:00:00+00:00 [queued]>
[2026-02-19T14:45:02.173+0000] {taskinstance.py:2306} INFO - Starting attempt 1 of 1
[2026-02-19T14:45:02.227+0000] {taskinstance.py:2330} INFO - Executing <Task(PythonOperator): task_GOOG> on 2026-02-06 00:00:00+00:00
[2026-02-19T14:45:02.247+0000] {logging_mixin.py:188} WARNING - /home/***/.local/lib/python3.12/site-packages/***/task/task_runner/standard_task_runner.py:62 DeprecationWarning: This process (pid=32095) is multi-threaded, use of fork() may lead to deadlocks in the child.
[2026-02-19T14:45:02.249+0000] {standard_task_runner.py:64} INFO - Started process 32132 to run task
[2026-02-19T14:45:02.246+0000] {standard_task_runner.py:90} INFO - Running: ['***', 'tasks', 'run', 'dag_moex', 'task_GOOG', 'scheduled__2026-02-06T00:00:00+00:00', '--job-id', '1305', '--raw', '--subdir', 'DAGS_FOLDER/stocks/dag1.py', '--cfg-path', '/tmp/tmpsokofil5']
[2026-02-19T14:45:02.251+0000] {standard_task_runner.py:91} INFO - Job 1305: Subtask task_GOOG
[2026-02-19T14:45:02.336+0000] {task_command.py:426} INFO - Running <TaskInstance: dag_moex.task_GOOG scheduled__2026-02-06T00:00:00+00:00 [running]> on host cc036e7caf02
[2026-02-19T14:45:02.498+0000] {taskinstance.py:2648} INFO - Exporting env vars: AIRFLOW_CTX_DAG_OWNER='***' AIRFLOW_CTX_DAG_ID='dag_moex' AIRFLOW_CTX_TASK_ID='task_GOOG' AIRFLOW_CTX_EXECUTION_DATE='2026-02-06T00:00:00+00:00' AIRFLOW_CTX_TRY_NUMBER='1' AIRFLOW_CTX_DAG_RUN_ID='scheduled__2026-02-06T00:00:00+00:00'
[2026-02-19T14:45:02.499+0000] {taskinstance.py:430} INFO - ::endgroup::
[2026-02-19T14:45:02.514+0000] {logging_mixin.py:188} WARNING - /opt/***/dags/stocks/scripts/api.py:9 FutureWarning: YF.download() has changed argument auto_adjust default to True
[2026-02-19T14:45:02.524+0000] {logging_mixin.py:188} WARNING - /home/***/.local/lib/python3.12/site-packages/yfinance/scrapers/history.py:204 Pandas4Warning: Timestamp.utcnow is deprecated and will be removed in a future version. Use Timestamp.now('UTC') instead.
[2026-02-19T14:45:03.338+0000] {logging_mixin.py:188} WARNING - [*********************100%***********************]  1 of 1 completed
[2026-02-19T14:45:03.355+0000] {base.py:84} INFO - Using connection ID 'pg_1' for task execution.
[2026-02-19T14:45:03.355+0000] {sql.py:254} WARNING - This setter is for backward compatibility and should not be used.
Since the introduction of connection property, the providers listed below breaks due to assigning value to self.connection in their __init__ method.
* apache-***-providers-mysql<5.7.1
* apache-***-providers-elasticsearch<5.5.1
* apache-***-providers-postgres<5.13.0
[2026-02-19T14:45:03.360+0000] {taskinstance.py:441} INFO - ::group::Post task execution logs
[2026-02-19T14:45:03.360+0000] {taskinstance.py:2905} ERROR - Task failed with exception
Traceback (most recent call last):
  File "/home/airflow/.local/lib/python3.12/site-packages/airflow/models/taskinstance.py", line 465, in _execute_task
    result = _execute_callable(context=context, **execute_callable_kwargs)
             ^^^^^^^^^^^^^^^^^^^^^^^^^^^^^^^^^^^^^^^^^^^^^^^^^^^^^^^^^^^^^
  File "/home/airflow/.local/lib/python3.12/site-packages/airflow/models/taskinstance.py", line 432, in _execute_callable
    return execute_callable(context=context, **execute_callable_kwargs)
           ^^^^^^^^^^^^^^^^^^^^^^^^^^^^^^^^^^^^^^^^^^^^^^^^^^^^^^^^^^^^
  File "/home/airflow/.local/lib/python3.12/site-packages/airflow/models/baseoperator.py", line 401, in wrapper
    return func(self, *args, **kwargs)
           ^^^^^^^^^^^^^^^^^^^^^^^^^^^
  File "/home/airflow/.local/lib/python3.12/site-packages/airflow/operators/python.py", line 235, in execute
    return_value = self.execute_callable()
                   ^^^^^^^^^^^^^^^^^^^^^^^
  File "/home/airflow/.local/lib/python3.12/site-packages/airflow/operators/python.py", line 252, in execute_callable
    return self.python_callable(*self.op_args, **self.op_kwargs)
           ^^^^^^^^^^^^^^^^^^^^^^^^^^^^^^^^^^^^^^^^^^^^^^^^^^^^^
  File "/opt/airflow/dags/stocks/scripts/manager.py", line 24, in fetch_data
    postgresHook.insert_rows(table="stocks", rows=rows,
  File "/home/airflow/.local/lib/python3.12/site-packages/airflow/providers/common/sql/hooks/sql.py", line 893, in insert_rows
    cur.executemany(sql, values)
psycopg2.errors.UniqueViolation: duplicate key value violates unique constraint "stocks_pkey"
DETAIL:  Key (ticker, date)=(GOOG, 2026-02-06) already exists.

[2026-02-19T14:45:03.371+0000] {taskinstance.py:1206} INFO - Marking task as FAILED. dag_id=dag_moex, task_id=task_GOOG, run_id=scheduled__2026-02-06T00:00:00+00:00, execution_date=20260206T000000, start_date=20260219T144502, end_date=20260219T144503
[2026-02-19T14:45:03.379+0000] {standard_task_runner.py:110} ERROR - Failed to execute job 1305 for task task_GOOG (duplicate key value violates unique constraint "stocks_pkey"
DETAIL:  Key (ticker, date)=(GOOG, 2026-02-06) already exists.
; 32132)
[2026-02-19T14:45:03.391+0000] {local_task_job_runner.py:243} INFO - Task exited with return code 1
[2026-02-19T14:45:03.408+0000] {taskinstance.py:3503} INFO - 0 downstream tasks scheduled from follow-on schedule check
[2026-02-19T14:45:03.412+0000] {local_task_job_runner.py:222} INFO - ::endgroup::
[2026-02-19T14:50:52.412+0000] {local_task_job_runner.py:120} INFO - ::group::Pre task execution logs
[2026-02-19T14:50:52.454+0000] {taskinstance.py:2076} INFO - Dependencies all met for dep_context=non-requeueable deps ti=<TaskInstance: dag_moex.task_GOOG scheduled__2026-02-06T00:00:00+00:00 [queued]>
[2026-02-19T14:50:52.465+0000] {taskinstance.py:2076} INFO - Dependencies all met for dep_context=requeueable deps ti=<TaskInstance: dag_moex.task_GOOG scheduled__2026-02-06T00:00:00+00:00 [queued]>
[2026-02-19T14:50:52.466+0000] {taskinstance.py:2306} INFO - Starting attempt 1 of 1
[2026-02-19T14:50:52.478+0000] {taskinstance.py:2330} INFO - Executing <Task(PythonOperator): task_GOOG> on 2026-02-06 00:00:00+00:00
[2026-02-19T14:50:52.489+0000] {logging_mixin.py:188} WARNING - /home/***/.local/lib/python3.12/site-packages/***/task/task_runner/standard_task_runner.py:62 DeprecationWarning: This process (pid=32801) is multi-threaded, use of fork() may lead to deadlocks in the child.
[2026-02-19T14:50:52.491+0000] {standard_task_runner.py:64} INFO - Started process 32828 to run task
[2026-02-19T14:50:52.490+0000] {standard_task_runner.py:90} INFO - Running: ['***', 'tasks', 'run', 'dag_moex', 'task_GOOG', 'scheduled__2026-02-06T00:00:00+00:00', '--job-id', '1448', '--raw', '--subdir', 'DAGS_FOLDER/stocks/dag1.py', '--cfg-path', '/tmp/tmpjre4wdhz']
[2026-02-19T14:50:52.492+0000] {standard_task_runner.py:91} INFO - Job 1448: Subtask task_GOOG
[2026-02-19T14:50:52.546+0000] {task_command.py:426} INFO - Running <TaskInstance: dag_moex.task_GOOG scheduled__2026-02-06T00:00:00+00:00 [running]> on host cc036e7caf02
[2026-02-19T14:50:52.643+0000] {taskinstance.py:2648} INFO - Exporting env vars: AIRFLOW_CTX_DAG_OWNER='***' AIRFLOW_CTX_DAG_ID='dag_moex' AIRFLOW_CTX_TASK_ID='task_GOOG' AIRFLOW_CTX_EXECUTION_DATE='2026-02-06T00:00:00+00:00' AIRFLOW_CTX_TRY_NUMBER='1' AIRFLOW_CTX_DAG_RUN_ID='scheduled__2026-02-06T00:00:00+00:00'
[2026-02-19T14:50:52.644+0000] {taskinstance.py:430} INFO - ::endgroup::
[2026-02-19T14:50:52.658+0000] {logging_mixin.py:188} WARNING - /opt/***/dags/stocks/scripts/api.py:9 FutureWarning: YF.download() has changed argument auto_adjust default to True
[2026-02-19T14:50:52.666+0000] {logging_mixin.py:188} WARNING - /home/***/.local/lib/python3.12/site-packages/yfinance/scrapers/history.py:204 Pandas4Warning: Timestamp.utcnow is deprecated and will be removed in a future version. Use Timestamp.now('UTC') instead.
[2026-02-19T14:50:53.320+0000] {logging_mixin.py:188} WARNING - [*********************100%***********************]  1 of 1 completed
[2026-02-19T14:50:53.335+0000] {base.py:84} INFO - Using connection ID 'pg_1' for task execution.
[2026-02-19T14:50:53.335+0000] {sql.py:254} WARNING - This setter is for backward compatibility and should not be used.
Since the introduction of connection property, the providers listed below breaks due to assigning value to self.connection in their __init__ method.
* apache-***-providers-mysql<5.7.1
* apache-***-providers-elasticsearch<5.5.1
* apache-***-providers-postgres<5.13.0
[2026-02-19T14:50:53.339+0000] {taskinstance.py:441} INFO - ::group::Post task execution logs
[2026-02-19T14:50:53.340+0000] {taskinstance.py:2905} ERROR - Task failed with exception
Traceback (most recent call last):
  File "/home/airflow/.local/lib/python3.12/site-packages/airflow/models/taskinstance.py", line 465, in _execute_task
    result = _execute_callable(context=context, **execute_callable_kwargs)
             ^^^^^^^^^^^^^^^^^^^^^^^^^^^^^^^^^^^^^^^^^^^^^^^^^^^^^^^^^^^^^
  File "/home/airflow/.local/lib/python3.12/site-packages/airflow/models/taskinstance.py", line 432, in _execute_callable
    return execute_callable(context=context, **execute_callable_kwargs)
           ^^^^^^^^^^^^^^^^^^^^^^^^^^^^^^^^^^^^^^^^^^^^^^^^^^^^^^^^^^^^
  File "/home/airflow/.local/lib/python3.12/site-packages/airflow/models/baseoperator.py", line 401, in wrapper
    return func(self, *args, **kwargs)
           ^^^^^^^^^^^^^^^^^^^^^^^^^^^
  File "/home/airflow/.local/lib/python3.12/site-packages/airflow/operators/python.py", line 235, in execute
    return_value = self.execute_callable()
                   ^^^^^^^^^^^^^^^^^^^^^^^
  File "/home/airflow/.local/lib/python3.12/site-packages/airflow/operators/python.py", line 252, in execute_callable
    return self.python_callable(*self.op_args, **self.op_kwargs)
           ^^^^^^^^^^^^^^^^^^^^^^^^^^^^^^^^^^^^^^^^^^^^^^^^^^^^^
  File "/opt/airflow/dags/stocks/scripts/manager.py", line 24, in fetch_data
    postgresHook.insert_rows(table="stocks", rows=rows,
  File "/home/airflow/.local/lib/python3.12/site-packages/airflow/providers/common/sql/hooks/sql.py", line 893, in insert_rows
    cur.executemany(sql, values)
psycopg2.errors.UniqueViolation: duplicate key value violates unique constraint "stocks_pkey"
DETAIL:  Key (ticker, date)=(GOOG, 2026-02-06) already exists.

[2026-02-19T14:50:53.349+0000] {taskinstance.py:1206} INFO - Marking task as FAILED. dag_id=dag_moex, task_id=task_GOOG, run_id=scheduled__2026-02-06T00:00:00+00:00, execution_date=20260206T000000, start_date=20260219T145052, end_date=20260219T145053
[2026-02-19T14:50:53.359+0000] {standard_task_runner.py:110} ERROR - Failed to execute job 1448 for task task_GOOG (duplicate key value violates unique constraint "stocks_pkey"
DETAIL:  Key (ticker, date)=(GOOG, 2026-02-06) already exists.
; 32828)
[2026-02-19T14:50:53.387+0000] {local_task_job_runner.py:243} INFO - Task exited with return code 1
[2026-02-19T14:50:53.401+0000] {taskinstance.py:3503} INFO - 0 downstream tasks scheduled from follow-on schedule check
[2026-02-19T14:50:53.405+0000] {local_task_job_runner.py:222} INFO - ::endgroup::
