[2026-02-14T09:46:06.697+0000] {local_task_job_runner.py:120} INFO - ::group::Pre task execution logs
[2026-02-14T09:46:06.734+0000] {taskinstance.py:2076} INFO - Dependencies all met for dep_context=non-requeueable deps ti=<TaskInstance: dag_moex.task_GOOG scheduled__2026-01-01T00:00:00+00:00 [queued]>
[2026-02-14T09:46:06.745+0000] {taskinstance.py:2076} INFO - Dependencies all met for dep_context=requeueable deps ti=<TaskInstance: dag_moex.task_GOOG scheduled__2026-01-01T00:00:00+00:00 [queued]>
[2026-02-14T09:46:06.746+0000] {taskinstance.py:2306} INFO - Starting attempt 1 of 1
[2026-02-14T09:46:06.768+0000] {taskinstance.py:2330} INFO - Executing <Task(PythonOperator): task_GOOG> on 2026-01-01 00:00:00+00:00
[2026-02-14T09:46:06.780+0000] {logging_mixin.py:188} WARNING - /home/***/.local/lib/python3.12/site-packages/***/task/task_runner/standard_task_runner.py:62 DeprecationWarning: This process (pid=1119) is multi-threaded, use of fork() may lead to deadlocks in the child.
[2026-02-14T09:46:06.782+0000] {standard_task_runner.py:64} INFO - Started process 1137 to run task
[2026-02-14T09:46:06.785+0000] {standard_task_runner.py:90} INFO - Running: ['***', 'tasks', 'run', 'dag_moex', 'task_GOOG', 'scheduled__2026-01-01T00:00:00+00:00', '--job-id', '226', '--raw', '--subdir', 'DAGS_FOLDER/stocks/dag1.py', '--cfg-path', '/tmp/tmpwurdvb70']
[2026-02-14T09:46:06.788+0000] {standard_task_runner.py:91} INFO - Job 226: Subtask task_GOOG
[2026-02-14T09:46:06.848+0000] {task_command.py:426} INFO - Running <TaskInstance: dag_moex.task_GOOG scheduled__2026-01-01T00:00:00+00:00 [running]> on host 78a955e87025
[2026-02-14T09:46:06.967+0000] {taskinstance.py:2648} INFO - Exporting env vars: AIRFLOW_CTX_DAG_OWNER='***' AIRFLOW_CTX_DAG_ID='dag_moex' AIRFLOW_CTX_TASK_ID='task_GOOG' AIRFLOW_CTX_EXECUTION_DATE='2026-01-01T00:00:00+00:00' AIRFLOW_CTX_TRY_NUMBER='1' AIRFLOW_CTX_DAG_RUN_ID='scheduled__2026-01-01T00:00:00+00:00'
[2026-02-14T09:46:06.970+0000] {taskinstance.py:430} INFO - ::endgroup::
[2026-02-14T09:46:06.991+0000] {logging_mixin.py:188} INFO - 2025-12-31 2026-01-02
[2026-02-14T09:46:06.995+0000] {logging_mixin.py:188} WARNING - /opt/***/dags/stocks/scripts/api.py:10 FutureWarning: YF.download() has changed argument auto_adjust default to True
[2026-02-14T09:46:07.006+0000] {logging_mixin.py:188} WARNING - /home/***/.local/lib/python3.12/site-packages/yfinance/scrapers/history.py:204 Pandas4Warning: Timestamp.utcnow is deprecated and will be removed in a future version. Use Timestamp.now('UTC') instead.
[2026-02-14T09:46:08.353+0000] {logging_mixin.py:188} WARNING - [*********************100%***********************]  1 of 1 completed
[2026-02-14T09:46:08.364+0000] {python.py:237} INFO - Done. Returned value was: None
[2026-02-14T09:46:08.365+0000] {taskinstance.py:441} INFO - ::group::Post task execution logs
[2026-02-14T09:46:08.373+0000] {taskinstance.py:1206} INFO - Marking task as SUCCESS. dag_id=dag_moex, task_id=task_GOOG, run_id=scheduled__2026-01-01T00:00:00+00:00, execution_date=20260101T000000, start_date=20260214T094606, end_date=20260214T094608
[2026-02-14T09:46:08.419+0000] {local_task_job_runner.py:243} INFO - Task exited with return code 0
[2026-02-14T09:46:08.436+0000] {taskinstance.py:3503} INFO - 0 downstream tasks scheduled from follow-on schedule check
[2026-02-14T09:46:08.437+0000] {local_task_job_runner.py:222} INFO - ::endgroup::
[2026-02-18T06:51:48.699+0000] {local_task_job_runner.py:120} INFO - ::group::Pre task execution logs
[2026-02-18T06:51:48.734+0000] {taskinstance.py:2076} INFO - Dependencies all met for dep_context=non-requeueable deps ti=<TaskInstance: dag_moex.task_GOOG scheduled__2026-01-01T00:00:00+00:00 [queued]>
[2026-02-18T06:51:48.744+0000] {taskinstance.py:2076} INFO - Dependencies all met for dep_context=requeueable deps ti=<TaskInstance: dag_moex.task_GOOG scheduled__2026-01-01T00:00:00+00:00 [queued]>
[2026-02-18T06:51:48.744+0000] {taskinstance.py:2306} INFO - Starting attempt 1 of 1
[2026-02-18T06:51:48.761+0000] {taskinstance.py:2330} INFO - Executing <Task(PythonOperator): task_GOOG> on 2026-01-01 00:00:00+00:00
[2026-02-18T06:51:48.771+0000] {logging_mixin.py:188} WARNING - /home/***/.local/lib/python3.12/site-packages/***/task/task_runner/standard_task_runner.py:62 DeprecationWarning: This process (pid=229) is multi-threaded, use of fork() may lead to deadlocks in the child.
[2026-02-18T06:51:48.773+0000] {standard_task_runner.py:64} INFO - Started process 245 to run task
[2026-02-18T06:51:48.771+0000] {standard_task_runner.py:90} INFO - Running: ['***', 'tasks', 'run', 'dag_moex', 'task_GOOG', 'scheduled__2026-01-01T00:00:00+00:00', '--job-id', '244', '--raw', '--subdir', 'DAGS_FOLDER/stocks/dag1.py', '--cfg-path', '/tmp/tmpx9yz09y8']
[2026-02-18T06:51:48.774+0000] {standard_task_runner.py:91} INFO - Job 244: Subtask task_GOOG
[2026-02-18T06:51:48.835+0000] {task_command.py:426} INFO - Running <TaskInstance: dag_moex.task_GOOG scheduled__2026-01-01T00:00:00+00:00 [running]> on host cc036e7caf02
[2026-02-18T06:51:48.932+0000] {taskinstance.py:2648} INFO - Exporting env vars: AIRFLOW_CTX_DAG_OWNER='***' AIRFLOW_CTX_DAG_ID='dag_moex' AIRFLOW_CTX_TASK_ID='task_GOOG' AIRFLOW_CTX_EXECUTION_DATE='2026-01-01T00:00:00+00:00' AIRFLOW_CTX_TRY_NUMBER='1' AIRFLOW_CTX_DAG_RUN_ID='scheduled__2026-01-01T00:00:00+00:00'
[2026-02-18T06:51:48.934+0000] {taskinstance.py:430} INFO - ::endgroup::
[2026-02-18T06:51:48.966+0000] {manager.py:8} INFO - log
[2026-02-18T06:51:48.970+0000] {logging_mixin.py:188} WARNING - /opt/***/dags/stocks/scripts/api.py:9 FutureWarning: YF.download() has changed argument auto_adjust default to True
[2026-02-18T06:51:48.996+0000] {logging_mixin.py:188} WARNING - [*********************100%***********************]  1 of 1 completed
[2026-02-18T06:51:48.997+0000] {multi.py:185} ERROR - 
1 Failed download:
[2026-02-18T06:51:48.997+0000] {multi.py:198} ERROR - ['GOOG']: OperationalError('database is locked')
[2026-02-18T06:51:49.041+0000] {taskinstance.py:441} INFO - ::group::Post task execution logs
[2026-02-18T06:51:49.042+0000] {taskinstance.py:2905} ERROR - Task failed with exception
Traceback (most recent call last):
  File "/home/airflow/.local/lib/python3.12/site-packages/airflow/models/taskinstance.py", line 465, in _execute_task
    result = _execute_callable(context=context, **execute_callable_kwargs)
             ^^^^^^^^^^^^^^^^^^^^^^^^^^^^^^^^^^^^^^^^^^^^^^^^^^^^^^^^^^^^^
  File "/home/airflow/.local/lib/python3.12/site-packages/airflow/models/taskinstance.py", line 432, in _execute_callable
    return execute_callable(context=context, **execute_callable_kwargs)
           ^^^^^^^^^^^^^^^^^^^^^^^^^^^^^^^^^^^^^^^^^^^^^^^^^^^^^^^^^^^^
  File "/home/airflow/.local/lib/python3.12/site-packages/airflow/models/baseoperator.py", line 401, in wrapper
    return func(self, *args, **kwargs)
           ^^^^^^^^^^^^^^^^^^^^^^^^^^^
  File "/home/airflow/.local/lib/python3.12/site-packages/airflow/operators/python.py", line 235, in execute
    return_value = self.execute_callable()
                   ^^^^^^^^^^^^^^^^^^^^^^^
  File "/home/airflow/.local/lib/python3.12/site-packages/airflow/operators/python.py", line 252, in execute_callable
    return self.python_callable(*self.op_args, **self.op_kwargs)
           ^^^^^^^^^^^^^^^^^^^^^^^^^^^^^^^^^^^^^^^^^^^^^^^^^^^^^
  File "/opt/airflow/dags/stocks/scripts/manager.py", line 9, in fetch_data
    data = fetch_data_from_yfinance(stock, data_interval_start=data_interval_start, data_interval_end=data_interval_end)
           ^^^^^^^^^^^^^^^^^^^^^^^^^^^^^^^^^^^^^^^^^^^^^^^^^^^^^^^^^^^^^^^^^^^^^^^^^^^^^^^^^^^^^^^^^^^^^^^^^^^^^^^^^^^^^
  File "/opt/airflow/dags/stocks/scripts/api.py", line 10, in fetch_data_from_yfinance
    return df.drop(index=start, inplace=True)
           ^^^^^^^^^^^^^^^^^^^^^^^^^^^^^^^^^^
  File "/home/airflow/.local/lib/python3.12/site-packages/pandas/core/frame.py", line 6288, in drop
    return super().drop(
           ^^^^^^^^^^^^^
  File "/home/airflow/.local/lib/python3.12/site-packages/pandas/core/generic.py", line 4644, in drop
    obj = obj._drop_axis(labels, axis, level=level, errors=errors)
          ^^^^^^^^^^^^^^^^^^^^^^^^^^^^^^^^^^^^^^^^^^^^^^^^^^^^^^^^
  File "/home/airflow/.local/lib/python3.12/site-packages/pandas/core/generic.py", line 4686, in _drop_axis
    new_axis = axis.drop(labels, errors=errors)
               ^^^^^^^^^^^^^^^^^^^^^^^^^^^^^^^^
  File "/home/airflow/.local/lib/python3.12/site-packages/pandas/core/indexes/base.py", line 7268, in drop
    raise KeyError(f"{labels[mask].tolist()} not found in axis")
KeyError: "['2025-12-31'] not found in axis"
[2026-02-18T06:51:49.062+0000] {taskinstance.py:1206} INFO - Marking task as FAILED. dag_id=dag_moex, task_id=task_GOOG, run_id=scheduled__2026-01-01T00:00:00+00:00, execution_date=20260101T000000, start_date=20260218T065148, end_date=20260218T065149
[2026-02-18T06:51:49.072+0000] {standard_task_runner.py:110} ERROR - Failed to execute job 244 for task task_GOOG ("['2025-12-31'] not found in axis"; 245)
[2026-02-18T06:51:49.112+0000] {local_task_job_runner.py:243} INFO - Task exited with return code 1
[2026-02-18T06:51:49.127+0000] {taskinstance.py:3503} INFO - 0 downstream tasks scheduled from follow-on schedule check
[2026-02-18T06:51:49.130+0000] {local_task_job_runner.py:222} INFO - ::endgroup::
[2026-02-18T06:55:55.649+0000] {local_task_job_runner.py:120} INFO - ::group::Pre task execution logs
[2026-02-18T06:55:55.695+0000] {taskinstance.py:2076} INFO - Dependencies all met for dep_context=non-requeueable deps ti=<TaskInstance: dag_moex.task_GOOG scheduled__2026-01-01T00:00:00+00:00 [queued]>
[2026-02-18T06:55:55.710+0000] {taskinstance.py:2076} INFO - Dependencies all met for dep_context=requeueable deps ti=<TaskInstance: dag_moex.task_GOOG scheduled__2026-01-01T00:00:00+00:00 [queued]>
[2026-02-18T06:55:55.710+0000] {taskinstance.py:2306} INFO - Starting attempt 1 of 1
[2026-02-18T06:55:55.732+0000] {taskinstance.py:2330} INFO - Executing <Task(PythonOperator): task_GOOG> on 2026-01-01 00:00:00+00:00
[2026-02-18T06:55:55.746+0000] {logging_mixin.py:188} WARNING - /home/***/.local/lib/python3.12/site-packages/***/task/task_runner/standard_task_runner.py:62 DeprecationWarning: This process (pid=365) is multi-threaded, use of fork() may lead to deadlocks in the child.
[2026-02-18T06:55:55.748+0000] {standard_task_runner.py:64} INFO - Started process 384 to run task
[2026-02-18T06:55:55.746+0000] {standard_task_runner.py:90} INFO - Running: ['***', 'tasks', 'run', 'dag_moex', 'task_GOOG', 'scheduled__2026-01-01T00:00:00+00:00', '--job-id', '254', '--raw', '--subdir', 'DAGS_FOLDER/stocks/dag1.py', '--cfg-path', '/tmp/tmplm3n1z8f']
[2026-02-18T06:55:55.749+0000] {standard_task_runner.py:91} INFO - Job 254: Subtask task_GOOG
[2026-02-18T06:55:55.817+0000] {task_command.py:426} INFO - Running <TaskInstance: dag_moex.task_GOOG scheduled__2026-01-01T00:00:00+00:00 [running]> on host cc036e7caf02
[2026-02-18T06:55:55.937+0000] {taskinstance.py:2648} INFO - Exporting env vars: AIRFLOW_CTX_DAG_OWNER='***' AIRFLOW_CTX_DAG_ID='dag_moex' AIRFLOW_CTX_TASK_ID='task_GOOG' AIRFLOW_CTX_EXECUTION_DATE='2026-01-01T00:00:00+00:00' AIRFLOW_CTX_TRY_NUMBER='1' AIRFLOW_CTX_DAG_RUN_ID='scheduled__2026-01-01T00:00:00+00:00'
[2026-02-18T06:55:55.939+0000] {taskinstance.py:430} INFO - ::endgroup::
[2026-02-18T06:55:55.960+0000] {manager.py:8} INFO - log
[2026-02-18T06:55:55.969+0000] {logging_mixin.py:188} WARNING - /opt/***/dags/stocks/scripts/api.py:9 FutureWarning: YF.download() has changed argument auto_adjust default to True
[2026-02-18T06:55:55.987+0000] {logging_mixin.py:188} WARNING - /home/***/.local/lib/python3.12/site-packages/yfinance/scrapers/history.py:204 Pandas4Warning: Timestamp.utcnow is deprecated and will be removed in a future version. Use Timestamp.now('UTC') instead.
[2026-02-18T06:55:57.135+0000] {logging_mixin.py:188} WARNING - [*********************100%***********************]  1 of 1 completed
[2026-02-18T06:55:57.144+0000] {taskinstance.py:441} INFO - ::group::Post task execution logs
[2026-02-18T06:55:57.145+0000] {taskinstance.py:2905} ERROR - Task failed with exception
Traceback (most recent call last):
  File "/home/airflow/.local/lib/python3.12/site-packages/airflow/models/taskinstance.py", line 465, in _execute_task
    result = _execute_callable(context=context, **execute_callable_kwargs)
             ^^^^^^^^^^^^^^^^^^^^^^^^^^^^^^^^^^^^^^^^^^^^^^^^^^^^^^^^^^^^^
  File "/home/airflow/.local/lib/python3.12/site-packages/airflow/models/taskinstance.py", line 432, in _execute_callable
    return execute_callable(context=context, **execute_callable_kwargs)
           ^^^^^^^^^^^^^^^^^^^^^^^^^^^^^^^^^^^^^^^^^^^^^^^^^^^^^^^^^^^^
  File "/home/airflow/.local/lib/python3.12/site-packages/airflow/models/baseoperator.py", line 401, in wrapper
    return func(self, *args, **kwargs)
           ^^^^^^^^^^^^^^^^^^^^^^^^^^^
  File "/home/airflow/.local/lib/python3.12/site-packages/airflow/operators/python.py", line 235, in execute
    return_value = self.execute_callable()
                   ^^^^^^^^^^^^^^^^^^^^^^^
  File "/home/airflow/.local/lib/python3.12/site-packages/airflow/operators/python.py", line 252, in execute_callable
    return self.python_callable(*self.op_args, **self.op_kwargs)
           ^^^^^^^^^^^^^^^^^^^^^^^^^^^^^^^^^^^^^^^^^^^^^^^^^^^^^
  File "/opt/airflow/dags/stocks/scripts/manager.py", line 10, in fetch_data
    logging.log(data)
TypeError: log() missing 1 required positional argument: 'msg'
[2026-02-18T06:55:57.155+0000] {taskinstance.py:1206} INFO - Marking task as FAILED. dag_id=dag_moex, task_id=task_GOOG, run_id=scheduled__2026-01-01T00:00:00+00:00, execution_date=20260101T000000, start_date=20260218T065555, end_date=20260218T065557
[2026-02-18T06:55:57.164+0000] {standard_task_runner.py:110} ERROR - Failed to execute job 254 for task task_GOOG (log() missing 1 required positional argument: 'msg'; 384)
[2026-02-18T06:55:57.177+0000] {local_task_job_runner.py:243} INFO - Task exited with return code 1
[2026-02-18T06:55:57.192+0000] {taskinstance.py:3503} INFO - 0 downstream tasks scheduled from follow-on schedule check
[2026-02-18T06:55:57.194+0000] {local_task_job_runner.py:222} INFO - ::endgroup::
[2026-02-18T06:59:01.990+0000] {local_task_job_runner.py:120} INFO - ::group::Pre task execution logs
[2026-02-18T06:59:02.026+0000] {taskinstance.py:2076} INFO - Dependencies all met for dep_context=non-requeueable deps ti=<TaskInstance: dag_moex.task_GOOG scheduled__2026-01-01T00:00:00+00:00 [queued]>
[2026-02-18T06:59:02.037+0000] {taskinstance.py:2076} INFO - Dependencies all met for dep_context=requeueable deps ti=<TaskInstance: dag_moex.task_GOOG scheduled__2026-01-01T00:00:00+00:00 [queued]>
[2026-02-18T06:59:02.037+0000] {taskinstance.py:2306} INFO - Starting attempt 1 of 1
[2026-02-18T06:59:02.056+0000] {taskinstance.py:2330} INFO - Executing <Task(PythonOperator): task_GOOG> on 2026-01-01 00:00:00+00:00
[2026-02-18T06:59:02.069+0000] {logging_mixin.py:188} WARNING - /home/***/.local/lib/python3.12/site-packages/***/task/task_runner/standard_task_runner.py:62 DeprecationWarning: This process (pid=473) is multi-threaded, use of fork() may lead to deadlocks in the child.
[2026-02-18T06:59:02.070+0000] {standard_task_runner.py:64} INFO - Started process 493 to run task
[2026-02-18T06:59:02.069+0000] {standard_task_runner.py:90} INFO - Running: ['***', 'tasks', 'run', 'dag_moex', 'task_GOOG', 'scheduled__2026-01-01T00:00:00+00:00', '--job-id', '264', '--raw', '--subdir', 'DAGS_FOLDER/stocks/dag1.py', '--cfg-path', '/tmp/tmpl2pwtxzw']
[2026-02-18T06:59:02.072+0000] {standard_task_runner.py:91} INFO - Job 264: Subtask task_GOOG
[2026-02-18T06:59:02.133+0000] {task_command.py:426} INFO - Running <TaskInstance: dag_moex.task_GOOG scheduled__2026-01-01T00:00:00+00:00 [running]> on host cc036e7caf02
[2026-02-18T06:59:02.250+0000] {taskinstance.py:2648} INFO - Exporting env vars: AIRFLOW_CTX_DAG_OWNER='***' AIRFLOW_CTX_DAG_ID='dag_moex' AIRFLOW_CTX_TASK_ID='task_GOOG' AIRFLOW_CTX_EXECUTION_DATE='2026-01-01T00:00:00+00:00' AIRFLOW_CTX_TRY_NUMBER='1' AIRFLOW_CTX_DAG_RUN_ID='scheduled__2026-01-01T00:00:00+00:00'
[2026-02-18T06:59:02.253+0000] {taskinstance.py:430} INFO - ::endgroup::
[2026-02-18T06:59:02.270+0000] {manager.py:8} INFO - log
[2026-02-18T06:59:02.274+0000] {logging_mixin.py:188} WARNING - /opt/***/dags/stocks/scripts/api.py:9 FutureWarning: YF.download() has changed argument auto_adjust default to True
[2026-02-18T06:59:02.297+0000] {logging_mixin.py:188} WARNING - /home/***/.local/lib/python3.12/site-packages/yfinance/scrapers/history.py:204 Pandas4Warning: Timestamp.utcnow is deprecated and will be removed in a future version. Use Timestamp.now('UTC') instead.
[2026-02-18T06:59:01.304+0000] {logging_mixin.py:188} WARNING - [*********************100%***********************]  1 of 1 completed
[2026-02-18T06:59:01.311+0000] {manager.py:10} INFO - None
[2026-02-18T06:59:01.311+0000] {taskinstance.py:441} INFO - ::group::Post task execution logs
[2026-02-18T06:59:01.312+0000] {taskinstance.py:2905} ERROR - Task failed with exception
Traceback (most recent call last):
  File "/home/airflow/.local/lib/python3.12/site-packages/airflow/models/taskinstance.py", line 465, in _execute_task
    result = _execute_callable(context=context, **execute_callable_kwargs)
             ^^^^^^^^^^^^^^^^^^^^^^^^^^^^^^^^^^^^^^^^^^^^^^^^^^^^^^^^^^^^^
  File "/home/airflow/.local/lib/python3.12/site-packages/airflow/models/taskinstance.py", line 432, in _execute_callable
    return execute_callable(context=context, **execute_callable_kwargs)
           ^^^^^^^^^^^^^^^^^^^^^^^^^^^^^^^^^^^^^^^^^^^^^^^^^^^^^^^^^^^^
  File "/home/airflow/.local/lib/python3.12/site-packages/airflow/models/baseoperator.py", line 401, in wrapper
    return func(self, *args, **kwargs)
           ^^^^^^^^^^^^^^^^^^^^^^^^^^^
  File "/home/airflow/.local/lib/python3.12/site-packages/airflow/operators/python.py", line 235, in execute
    return_value = self.execute_callable()
                   ^^^^^^^^^^^^^^^^^^^^^^^
  File "/home/airflow/.local/lib/python3.12/site-packages/airflow/operators/python.py", line 252, in execute_callable
    return self.python_callable(*self.op_args, **self.op_kwargs)
           ^^^^^^^^^^^^^^^^^^^^^^^^^^^^^^^^^^^^^^^^^^^^^^^^^^^^^
  File "/opt/airflow/dags/stocks/scripts/manager.py", line 11, in fetch_data
    return data.to_json(f"{stock}_{data_interval_start.strftime('%Y-%m-%d')}.json")
           ^^^^^^^^^^^^
AttributeError: 'NoneType' object has no attribute 'to_json'
[2026-02-18T06:59:01.321+0000] {taskinstance.py:1206} INFO - Marking task as FAILED. dag_id=dag_moex, task_id=task_GOOG, run_id=scheduled__2026-01-01T00:00:00+00:00, execution_date=20260101T000000, start_date=20260218T065902, end_date=20260218T065901
[2026-02-18T06:59:01.331+0000] {standard_task_runner.py:110} ERROR - Failed to execute job 264 for task task_GOOG ('NoneType' object has no attribute 'to_json'; 493)
[2026-02-18T06:59:01.360+0000] {local_task_job_runner.py:243} INFO - Task exited with return code 1
[2026-02-18T06:59:01.375+0000] {taskinstance.py:3503} INFO - 0 downstream tasks scheduled from follow-on schedule check
[2026-02-18T06:59:01.377+0000] {local_task_job_runner.py:222} INFO - ::endgroup::
[2026-02-18T07:12:44.312+0000] {local_task_job_runner.py:120} INFO - ::group::Pre task execution logs
[2026-02-18T07:12:44.393+0000] {taskinstance.py:2076} INFO - Dependencies all met for dep_context=non-requeueable deps ti=<TaskInstance: dag_moex.task_GOOG scheduled__2026-01-01T00:00:00+00:00 [queued]>
[2026-02-18T07:12:44.404+0000] {taskinstance.py:2076} INFO - Dependencies all met for dep_context=requeueable deps ti=<TaskInstance: dag_moex.task_GOOG scheduled__2026-01-01T00:00:00+00:00 [queued]>
[2026-02-18T07:12:44.405+0000] {taskinstance.py:2306} INFO - Starting attempt 1 of 1
[2026-02-18T07:12:44.434+0000] {taskinstance.py:2330} INFO - Executing <Task(PythonOperator): task_GOOG> on 2026-01-01 00:00:00+00:00
[2026-02-18T07:12:44.455+0000] {logging_mixin.py:188} WARNING - /home/***/.local/lib/python3.12/site-packages/***/task/task_runner/standard_task_runner.py:62 DeprecationWarning: This process (pid=1271) is multi-threaded, use of fork() may lead to deadlocks in the child.
[2026-02-18T07:12:44.458+0000] {standard_task_runner.py:64} INFO - Started process 1305 to run task
[2026-02-18T07:12:44.471+0000] {standard_task_runner.py:90} INFO - Running: ['***', 'tasks', 'run', 'dag_moex', 'task_GOOG', 'scheduled__2026-01-01T00:00:00+00:00', '--job-id', '379', '--raw', '--subdir', 'DAGS_FOLDER/stocks/dag1.py', '--cfg-path', '/tmp/tmprxlld1wp']
[2026-02-18T07:12:44.474+0000] {standard_task_runner.py:91} INFO - Job 379: Subtask task_GOOG
[2026-02-18T07:12:44.600+0000] {task_command.py:426} INFO - Running <TaskInstance: dag_moex.task_GOOG scheduled__2026-01-01T00:00:00+00:00 [running]> on host cc036e7caf02
[2026-02-18T07:12:44.734+0000] {taskinstance.py:2648} INFO - Exporting env vars: AIRFLOW_CTX_DAG_OWNER='***' AIRFLOW_CTX_DAG_ID='dag_moex' AIRFLOW_CTX_TASK_ID='task_GOOG' AIRFLOW_CTX_EXECUTION_DATE='2026-01-01T00:00:00+00:00' AIRFLOW_CTX_TRY_NUMBER='1' AIRFLOW_CTX_DAG_RUN_ID='scheduled__2026-01-01T00:00:00+00:00'
[2026-02-18T07:12:44.738+0000] {taskinstance.py:430} INFO - ::endgroup::
[2026-02-18T07:12:44.764+0000] {manager.py:8} INFO - log
[2026-02-18T07:12:44.768+0000] {logging_mixin.py:188} WARNING - /opt/***/dags/stocks/scripts/api.py:9 FutureWarning: YF.download() has changed argument auto_adjust default to True
[2026-02-18T07:12:44.783+0000] {logging_mixin.py:188} WARNING - /home/***/.local/lib/python3.12/site-packages/yfinance/scrapers/history.py:204 Pandas4Warning: Timestamp.utcnow is deprecated and will be removed in a future version. Use Timestamp.now('UTC') instead.
[2026-02-18T07:12:45.551+0000] {logging_mixin.py:188} WARNING - [*********************100%***********************]  1 of 1 completed
[2026-02-18T07:12:45.563+0000] {manager.py:10} INFO - Empty DataFrame
Columns: [(Close, GOOG), (High, GOOG), (Low, GOOG), (Open, GOOG), (Volume, GOOG)]
Index: []
[2026-02-18T07:12:45.572+0000] {python.py:237} INFO - Done. Returned value was: None
[2026-02-18T07:12:45.572+0000] {taskinstance.py:441} INFO - ::group::Post task execution logs
[2026-02-18T07:12:45.581+0000] {taskinstance.py:1206} INFO - Marking task as SUCCESS. dag_id=dag_moex, task_id=task_GOOG, run_id=scheduled__2026-01-01T00:00:00+00:00, execution_date=20260101T000000, start_date=20260218T071244, end_date=20260218T071245
[2026-02-18T07:12:45.617+0000] {local_task_job_runner.py:243} INFO - Task exited with return code 0
[2026-02-18T07:12:45.635+0000] {taskinstance.py:3503} INFO - 0 downstream tasks scheduled from follow-on schedule check
[2026-02-18T07:12:45.637+0000] {local_task_job_runner.py:222} INFO - ::endgroup::
[2026-02-19T12:59:16.276+0000] {local_task_job_runner.py:120} INFO - ::group::Pre task execution logs
[2026-02-19T12:59:16.345+0000] {taskinstance.py:2076} INFO - Dependencies all met for dep_context=non-requeueable deps ti=<TaskInstance: dag_moex.task_GOOG scheduled__2026-01-01T00:00:00+00:00 [queued]>
[2026-02-19T12:59:16.389+0000] {taskinstance.py:2076} INFO - Dependencies all met for dep_context=requeueable deps ti=<TaskInstance: dag_moex.task_GOOG scheduled__2026-01-01T00:00:00+00:00 [queued]>
[2026-02-19T12:59:16.395+0000] {taskinstance.py:2306} INFO - Starting attempt 1 of 1
[2026-02-19T12:59:16.440+0000] {taskinstance.py:2330} INFO - Executing <Task(PythonOperator): task_GOOG> on 2026-01-01 00:00:00+00:00
[2026-02-19T12:59:16.466+0000] {logging_mixin.py:188} WARNING - /home/***/.local/lib/python3.12/site-packages/***/task/task_runner/standard_task_runner.py:62 DeprecationWarning: This process (pid=27764) is multi-threaded, use of fork() may lead to deadlocks in the child.
[2026-02-19T12:59:16.468+0000] {standard_task_runner.py:64} INFO - Started process 27800 to run task
[2026-02-19T12:59:16.472+0000] {standard_task_runner.py:90} INFO - Running: ['***', 'tasks', 'run', 'dag_moex', 'task_GOOG', 'scheduled__2026-01-01T00:00:00+00:00', '--job-id', '837', '--raw', '--subdir', 'DAGS_FOLDER/stocks/dag1.py', '--cfg-path', '/tmp/tmpy8isume7']
[2026-02-19T12:59:16.476+0000] {standard_task_runner.py:91} INFO - Job 837: Subtask task_GOOG
[2026-02-19T12:59:16.594+0000] {task_command.py:426} INFO - Running <TaskInstance: dag_moex.task_GOOG scheduled__2026-01-01T00:00:00+00:00 [running]> on host cc036e7caf02
[2026-02-19T12:59:16.754+0000] {taskinstance.py:2648} INFO - Exporting env vars: AIRFLOW_CTX_DAG_OWNER='***' AIRFLOW_CTX_DAG_ID='dag_moex' AIRFLOW_CTX_TASK_ID='task_GOOG' AIRFLOW_CTX_EXECUTION_DATE='2026-01-01T00:00:00+00:00' AIRFLOW_CTX_TRY_NUMBER='1' AIRFLOW_CTX_DAG_RUN_ID='scheduled__2026-01-01T00:00:00+00:00'
[2026-02-19T12:59:16.755+0000] {taskinstance.py:430} INFO - ::endgroup::
[2026-02-19T12:59:16.780+0000] {logging_mixin.py:188} WARNING - /opt/***/dags/stocks/scripts/api.py:10 FutureWarning: YF.download() has changed argument auto_adjust default to True
[2026-02-19T12:59:16.795+0000] {logging_mixin.py:188} WARNING - /home/***/.local/lib/python3.12/site-packages/yfinance/scrapers/history.py:204 Pandas4Warning: Timestamp.utcnow is deprecated and will be removed in a future version. Use Timestamp.now('UTC') instead.
[2026-02-19T12:59:17.470+0000] {logging_mixin.py:188} WARNING - [*********************100%***********************]  1 of 1 completed
[2026-02-19T12:59:17.493+0000] {api.py:11} INFO - Выгрузилось
    __________________________
    Price            Close        High         Low        Open    Volume
Ticker            GOOG        GOOG        GOOG        GOOG      GOOG
Date                                                                
2025-12-31  313.799988  315.390015  312.200012  313.369995  10821500
    __________________________
    
[2026-02-19T12:59:17.495+0000] {api.py:17} INFO - start=2025-12-31, end=2026-01-02
[2026-02-19T12:59:17.497+0000] {api.py:18} INFO - После удаления
    __________________________
    Empty DataFrame
Columns: [(Close, GOOG), (High, GOOG), (Low, GOOG), (Open, GOOG), (Volume, GOOG)]
Index: []
    __________________________
    
[2026-02-19T12:59:17.517+0000] {base.py:84} INFO - Using connection ID 'pg_1' for task execution.
[2026-02-19T12:59:17.518+0000] {sql.py:254} WARNING - This setter is for backward compatibility and should not be used.
Since the introduction of connection property, the providers listed below breaks due to assigning value to self.connection in their __init__ method.
* apache-***-providers-mysql<5.7.1
* apache-***-providers-elasticsearch<5.5.1
* apache-***-providers-postgres<5.13.0
[2026-02-19T12:59:17.522+0000] {sql.py:908} INFO - Done loading. Loaded a total of 0 rows into stocks
[2026-02-19T12:59:17.529+0000] {python.py:237} INFO - Done. Returned value was: None
[2026-02-19T12:59:17.530+0000] {taskinstance.py:441} INFO - ::group::Post task execution logs
[2026-02-19T12:59:17.540+0000] {taskinstance.py:1206} INFO - Marking task as SUCCESS. dag_id=dag_moex, task_id=task_GOOG, run_id=scheduled__2026-01-01T00:00:00+00:00, execution_date=20260101T000000, start_date=20260219T125916, end_date=20260219T125917
[2026-02-19T12:59:17.614+0000] {local_task_job_runner.py:243} INFO - Task exited with return code 0
[2026-02-19T12:59:17.638+0000] {taskinstance.py:3503} INFO - 0 downstream tasks scheduled from follow-on schedule check
[2026-02-19T12:59:17.640+0000] {local_task_job_runner.py:222} INFO - ::endgroup::
[2026-02-19T13:03:38.964+0000] {local_task_job_runner.py:120} INFO - ::group::Pre task execution logs
[2026-02-19T13:03:39.029+0000] {taskinstance.py:2076} INFO - Dependencies all met for dep_context=non-requeueable deps ti=<TaskInstance: dag_moex.task_GOOG scheduled__2026-01-01T00:00:00+00:00 [queued]>
[2026-02-19T13:03:39.056+0000] {taskinstance.py:2076} INFO - Dependencies all met for dep_context=requeueable deps ti=<TaskInstance: dag_moex.task_GOOG scheduled__2026-01-01T00:00:00+00:00 [queued]>
[2026-02-19T13:03:39.059+0000] {taskinstance.py:2306} INFO - Starting attempt 1 of 1
[2026-02-19T13:03:39.090+0000] {taskinstance.py:2330} INFO - Executing <Task(PythonOperator): task_GOOG> on 2026-01-01 00:00:00+00:00
[2026-02-19T13:03:39.132+0000] {logging_mixin.py:188} WARNING - /home/***/.local/lib/python3.12/site-packages/***/task/task_runner/standard_task_runner.py:62 DeprecationWarning: This process (pid=28072) is multi-threaded, use of fork() may lead to deadlocks in the child.
[2026-02-19T13:03:39.135+0000] {standard_task_runner.py:64} INFO - Started process 28103 to run task
[2026-02-19T13:03:39.135+0000] {standard_task_runner.py:90} INFO - Running: ['***', 'tasks', 'run', 'dag_moex', 'task_GOOG', 'scheduled__2026-01-01T00:00:00+00:00', '--job-id', '887', '--raw', '--subdir', 'DAGS_FOLDER/stocks/dag1.py', '--cfg-path', '/tmp/tmpra8u5ur5']
[2026-02-19T13:03:39.138+0000] {standard_task_runner.py:91} INFO - Job 887: Subtask task_GOOG
[2026-02-19T13:03:39.291+0000] {task_command.py:426} INFO - Running <TaskInstance: dag_moex.task_GOOG scheduled__2026-01-01T00:00:00+00:00 [running]> on host cc036e7caf02
[2026-02-19T13:03:39.461+0000] {taskinstance.py:2648} INFO - Exporting env vars: AIRFLOW_CTX_DAG_OWNER='***' AIRFLOW_CTX_DAG_ID='dag_moex' AIRFLOW_CTX_TASK_ID='task_GOOG' AIRFLOW_CTX_EXECUTION_DATE='2026-01-01T00:00:00+00:00' AIRFLOW_CTX_TRY_NUMBER='1' AIRFLOW_CTX_DAG_RUN_ID='scheduled__2026-01-01T00:00:00+00:00'
[2026-02-19T13:03:39.465+0000] {taskinstance.py:430} INFO - ::endgroup::
[2026-02-19T13:03:39.497+0000] {logging_mixin.py:188} WARNING - /opt/***/dags/stocks/scripts/api.py:10 FutureWarning: YF.download() has changed argument auto_adjust default to True
[2026-02-19T13:03:39.512+0000] {logging_mixin.py:188} WARNING - /home/***/.local/lib/python3.12/site-packages/yfinance/scrapers/history.py:204 Pandas4Warning: Timestamp.utcnow is deprecated and will be removed in a future version. Use Timestamp.now('UTC') instead.
[2026-02-19T13:03:40.215+0000] {logging_mixin.py:188} WARNING - [*********************100%***********************]  1 of 1 completed
[2026-02-19T13:03:40.234+0000] {api.py:11} INFO - Выгрузилось
    __________________________
    Price            Close        High         Low        Open    Volume
Ticker            GOOG        GOOG        GOOG        GOOG      GOOG
Date                                                                
2025-12-31  313.799988  315.390015  312.200012  313.369995  10821500
    __________________________
    
[2026-02-19T13:03:40.235+0000] {taskinstance.py:441} INFO - ::group::Post task execution logs
[2026-02-19T13:03:40.236+0000] {taskinstance.py:2905} ERROR - Task failed with exception
Traceback (most recent call last):
  File "/home/airflow/.local/lib/python3.12/site-packages/airflow/models/taskinstance.py", line 465, in _execute_task
    result = _execute_callable(context=context, **execute_callable_kwargs)
             ^^^^^^^^^^^^^^^^^^^^^^^^^^^^^^^^^^^^^^^^^^^^^^^^^^^^^^^^^^^^^
  File "/home/airflow/.local/lib/python3.12/site-packages/airflow/models/taskinstance.py", line 432, in _execute_callable
    return execute_callable(context=context, **execute_callable_kwargs)
           ^^^^^^^^^^^^^^^^^^^^^^^^^^^^^^^^^^^^^^^^^^^^^^^^^^^^^^^^^^^^
  File "/home/airflow/.local/lib/python3.12/site-packages/airflow/models/baseoperator.py", line 401, in wrapper
    return func(self, *args, **kwargs)
           ^^^^^^^^^^^^^^^^^^^^^^^^^^^
  File "/home/airflow/.local/lib/python3.12/site-packages/airflow/operators/python.py", line 235, in execute
    return_value = self.execute_callable()
                   ^^^^^^^^^^^^^^^^^^^^^^^
  File "/home/airflow/.local/lib/python3.12/site-packages/airflow/operators/python.py", line 252, in execute_callable
    return self.python_callable(*self.op_args, **self.op_kwargs)
           ^^^^^^^^^^^^^^^^^^^^^^^^^^^^^^^^^^^^^^^^^^^^^^^^^^^^^
  File "/opt/airflow/dags/stocks/scripts/manager.py", line 11, in fetch_data
    data = fetch_data_from_yfinance(stock, data_interval_start=data_interval_start, data_interval_end=data_interval_end)
           ^^^^^^^^^^^^^^^^^^^^^^^^^^^^^^^^^^^^^^^^^^^^^^^^^^^^^^^^^^^^^^^^^^^^^^^^^^^^^^^^^^^^^^^^^^^^^^^^^^^^^^^^^^^^^
  File "/opt/airflow/dags/stocks/scripts/api.py", line 16, in fetch_data_from_yfinance
    df.drop(index=start, inplace=True)
  File "/home/airflow/.local/lib/python3.12/site-packages/pandas/core/frame.py", line 6288, in drop
    return super().drop(
           ^^^^^^^^^^^^^
  File "/home/airflow/.local/lib/python3.12/site-packages/pandas/core/generic.py", line 4644, in drop
    obj = obj._drop_axis(labels, axis, level=level, errors=errors)
          ^^^^^^^^^^^^^^^^^^^^^^^^^^^^^^^^^^^^^^^^^^^^^^^^^^^^^^^^
  File "/home/airflow/.local/lib/python3.12/site-packages/pandas/core/generic.py", line 4686, in _drop_axis
    new_axis = axis.drop(labels, errors=errors)
               ^^^^^^^^^^^^^^^^^^^^^^^^^^^^^^^^
  File "/home/airflow/.local/lib/python3.12/site-packages/pandas/core/indexes/base.py", line 7268, in drop
    raise KeyError(f"{labels[mask].tolist()} not found in axis")
KeyError: "[DateTime(2025, 12, 31, 0, 0, 0, tzinfo=Timezone('UTC'))] not found in axis"
[2026-02-19T13:03:40.259+0000] {taskinstance.py:1206} INFO - Marking task as FAILED. dag_id=dag_moex, task_id=task_GOOG, run_id=scheduled__2026-01-01T00:00:00+00:00, execution_date=20260101T000000, start_date=20260219T130339, end_date=20260219T130340
[2026-02-19T13:03:40.272+0000] {standard_task_runner.py:110} ERROR - Failed to execute job 887 for task task_GOOG ("[DateTime(2025, 12, 31, 0, 0, 0, tzinfo=Timezone('UTC'))] not found in axis"; 28103)
[2026-02-19T13:03:40.284+0000] {local_task_job_runner.py:243} INFO - Task exited with return code 1
[2026-02-19T13:03:40.309+0000] {taskinstance.py:3503} INFO - 0 downstream tasks scheduled from follow-on schedule check
[2026-02-19T13:03:40.315+0000] {local_task_job_runner.py:222} INFO - ::endgroup::
[2026-02-19T13:07:22.858+0000] {local_task_job_runner.py:120} INFO - ::group::Pre task execution logs
[2026-02-19T13:07:22.917+0000] {taskinstance.py:2076} INFO - Dependencies all met for dep_context=non-requeueable deps ti=<TaskInstance: dag_moex.task_GOOG scheduled__2026-01-01T00:00:00+00:00 [queued]>
[2026-02-19T13:07:22.933+0000] {taskinstance.py:2076} INFO - Dependencies all met for dep_context=requeueable deps ti=<TaskInstance: dag_moex.task_GOOG scheduled__2026-01-01T00:00:00+00:00 [queued]>
[2026-02-19T13:07:22.937+0000] {taskinstance.py:2306} INFO - Starting attempt 1 of 1
[2026-02-19T13:07:22.965+0000] {taskinstance.py:2330} INFO - Executing <Task(PythonOperator): task_GOOG> on 2026-01-01 00:00:00+00:00
[2026-02-19T13:07:22.996+0000] {logging_mixin.py:188} WARNING - /home/***/.local/lib/python3.12/site-packages/***/task/task_runner/standard_task_runner.py:62 DeprecationWarning: This process (pid=28286) is multi-threaded, use of fork() may lead to deadlocks in the child.
[2026-02-19T13:07:23.008+0000] {standard_task_runner.py:90} INFO - Running: ['***', 'tasks', 'run', 'dag_moex', 'task_GOOG', 'scheduled__2026-01-01T00:00:00+00:00', '--job-id', '919', '--raw', '--subdir', 'DAGS_FOLDER/stocks/dag1.py', '--cfg-path', '/tmp/tmpyaymcvxq']
[2026-02-19T13:07:22.998+0000] {standard_task_runner.py:64} INFO - Started process 28324 to run task
[2026-02-19T13:07:23.021+0000] {standard_task_runner.py:91} INFO - Job 919: Subtask task_GOOG
[2026-02-19T13:07:23.152+0000] {task_command.py:426} INFO - Running <TaskInstance: dag_moex.task_GOOG scheduled__2026-01-01T00:00:00+00:00 [running]> on host cc036e7caf02
[2026-02-19T13:07:23.358+0000] {taskinstance.py:2648} INFO - Exporting env vars: AIRFLOW_CTX_DAG_OWNER='***' AIRFLOW_CTX_DAG_ID='dag_moex' AIRFLOW_CTX_TASK_ID='task_GOOG' AIRFLOW_CTX_EXECUTION_DATE='2026-01-01T00:00:00+00:00' AIRFLOW_CTX_TRY_NUMBER='1' AIRFLOW_CTX_DAG_RUN_ID='scheduled__2026-01-01T00:00:00+00:00'
[2026-02-19T13:07:23.363+0000] {taskinstance.py:430} INFO - ::endgroup::
[2026-02-19T13:07:23.380+0000] {logging_mixin.py:188} WARNING - /opt/***/dags/stocks/scripts/api.py:9 FutureWarning: YF.download() has changed argument auto_adjust default to True
[2026-02-19T13:07:23.479+0000] {logging_mixin.py:188} WARNING - /home/***/.local/lib/python3.12/site-packages/yfinance/scrapers/history.py:204 Pandas4Warning: Timestamp.utcnow is deprecated and will be removed in a future version. Use Timestamp.now('UTC') instead.
[2026-02-19T13:07:25.465+0000] {logging_mixin.py:188} WARNING - [*********************100%***********************]  1 of 1 completed
[2026-02-19T13:07:25.493+0000] {api.py:10} INFO - Выгрузилось
    __________________________
    Price            Close        High         Low        Open    Volume
Ticker            GOOG        GOOG        GOOG        GOOG      GOOG
Date                                                                
2025-12-31  313.799988  315.390015  312.200012  313.369995  10821500
    __________________________
    
[2026-02-19T13:07:25.495+0000] {api.py:16} INFO - start=2025-12-31, end=2026-01-02
[2026-02-19T13:07:25.498+0000] {api.py:17} INFO - После удаления
    __________________________
    Empty DataFrame
Columns: [(Close, GOOG), (High, GOOG), (Low, GOOG), (Open, GOOG), (Volume, GOOG)]
Index: []
    __________________________
    
[2026-02-19T13:07:25.517+0000] {base.py:84} INFO - Using connection ID 'pg_1' for task execution.
[2026-02-19T13:07:25.518+0000] {sql.py:254} WARNING - This setter is for backward compatibility and should not be used.
Since the introduction of connection property, the providers listed below breaks due to assigning value to self.connection in their __init__ method.
* apache-***-providers-mysql<5.7.1
* apache-***-providers-elasticsearch<5.5.1
* apache-***-providers-postgres<5.13.0
[2026-02-19T13:07:25.522+0000] {sql.py:908} INFO - Done loading. Loaded a total of 0 rows into stocks
[2026-02-19T13:07:25.529+0000] {python.py:237} INFO - Done. Returned value was: None
[2026-02-19T13:07:25.529+0000] {taskinstance.py:441} INFO - ::group::Post task execution logs
[2026-02-19T13:07:25.541+0000] {taskinstance.py:1206} INFO - Marking task as SUCCESS. dag_id=dag_moex, task_id=task_GOOG, run_id=scheduled__2026-01-01T00:00:00+00:00, execution_date=20260101T000000, start_date=20260219T130722, end_date=20260219T130725
[2026-02-19T13:07:25.571+0000] {local_task_job_runner.py:243} INFO - Task exited with return code 0
[2026-02-19T13:07:25.587+0000] {taskinstance.py:3503} INFO - 0 downstream tasks scheduled from follow-on schedule check
[2026-02-19T13:07:25.588+0000] {local_task_job_runner.py:222} INFO - ::endgroup::
[2026-02-19T14:09:23.020+0000] {local_task_job_runner.py:120} INFO - ::group::Pre task execution logs
[2026-02-19T14:09:23.068+0000] {taskinstance.py:2076} INFO - Dependencies all met for dep_context=non-requeueable deps ti=<TaskInstance: dag_moex.task_GOOG scheduled__2026-01-01T00:00:00+00:00 [queued]>
[2026-02-19T14:09:23.081+0000] {taskinstance.py:2076} INFO - Dependencies all met for dep_context=requeueable deps ti=<TaskInstance: dag_moex.task_GOOG scheduled__2026-01-01T00:00:00+00:00 [queued]>
[2026-02-19T14:09:23.083+0000] {taskinstance.py:2306} INFO - Starting attempt 1 of 1
[2026-02-19T14:09:23.106+0000] {taskinstance.py:2330} INFO - Executing <Task(PythonOperator): task_GOOG> on 2026-01-01 00:00:00+00:00
[2026-02-19T14:09:23.118+0000] {logging_mixin.py:188} WARNING - /home/***/.local/lib/python3.12/site-packages/***/task/task_runner/standard_task_runner.py:62 DeprecationWarning: This process (pid=29829) is multi-threaded, use of fork() may lead to deadlocks in the child.
[2026-02-19T14:09:23.120+0000] {standard_task_runner.py:64} INFO - Started process 29868 to run task
[2026-02-19T14:09:23.137+0000] {standard_task_runner.py:90} INFO - Running: ['***', 'tasks', 'run', 'dag_moex', 'task_GOOG', 'scheduled__2026-01-01T00:00:00+00:00', '--job-id', '952', '--raw', '--subdir', 'DAGS_FOLDER/stocks/dag1.py', '--cfg-path', '/tmp/tmpdf81ohfi']
[2026-02-19T14:09:23.141+0000] {standard_task_runner.py:91} INFO - Job 952: Subtask task_GOOG
[2026-02-19T14:09:23.243+0000] {task_command.py:426} INFO - Running <TaskInstance: dag_moex.task_GOOG scheduled__2026-01-01T00:00:00+00:00 [running]> on host cc036e7caf02
[2026-02-19T14:09:23.361+0000] {taskinstance.py:2648} INFO - Exporting env vars: AIRFLOW_CTX_DAG_OWNER='***' AIRFLOW_CTX_DAG_ID='dag_moex' AIRFLOW_CTX_TASK_ID='task_GOOG' AIRFLOW_CTX_EXECUTION_DATE='2026-01-01T00:00:00+00:00' AIRFLOW_CTX_TRY_NUMBER='1' AIRFLOW_CTX_DAG_RUN_ID='scheduled__2026-01-01T00:00:00+00:00'
[2026-02-19T14:09:23.362+0000] {taskinstance.py:430} INFO - ::endgroup::
[2026-02-19T14:09:23.379+0000] {logging_mixin.py:188} WARNING - /opt/***/dags/stocks/scripts/api.py:9 FutureWarning: YF.download() has changed argument auto_adjust default to True
[2026-02-19T14:09:23.388+0000] {logging_mixin.py:188} WARNING - /home/***/.local/lib/python3.12/site-packages/yfinance/scrapers/history.py:204 Pandas4Warning: Timestamp.utcnow is deprecated and will be removed in a future version. Use Timestamp.now('UTC') instead.
[2026-02-19T14:09:24.336+0000] {logging_mixin.py:188} WARNING - [*********************100%***********************]  1 of 1 completed
[2026-02-19T14:09:24.351+0000] {api.py:10} INFO - Выгрузилось
    __________________________
    Price            Close        High         Low        Open    Volume
Ticker            GOOG        GOOG        GOOG        GOOG      GOOG
Date                                                                
2025-12-31  313.799988  315.390015  312.200012  313.369995  10821500
    __________________________
    
[2026-02-19T14:09:24.352+0000] {api.py:16} INFO - start=2025-12-31, end=2026-01-02
[2026-02-19T14:09:24.354+0000] {api.py:17} INFO - После удаления
    __________________________
    Empty DataFrame
Columns: [(Close, GOOG), (High, GOOG), (Low, GOOG), (Open, GOOG), (Volume, GOOG)]
Index: []
    __________________________
    
[2026-02-19T14:09:24.365+0000] {base.py:84} INFO - Using connection ID 'pg_1' for task execution.
[2026-02-19T14:09:24.365+0000] {sql.py:254} WARNING - This setter is for backward compatibility and should not be used.
Since the introduction of connection property, the providers listed below breaks due to assigning value to self.connection in their __init__ method.
* apache-***-providers-mysql<5.7.1
* apache-***-providers-elasticsearch<5.5.1
* apache-***-providers-postgres<5.13.0
[2026-02-19T14:09:24.368+0000] {sql.py:908} INFO - Done loading. Loaded a total of 0 rows into stocks
[2026-02-19T14:09:24.374+0000] {python.py:237} INFO - Done. Returned value was: None
[2026-02-19T14:09:24.375+0000] {taskinstance.py:441} INFO - ::group::Post task execution logs
[2026-02-19T14:09:24.381+0000] {taskinstance.py:1206} INFO - Marking task as SUCCESS. dag_id=dag_moex, task_id=task_GOOG, run_id=scheduled__2026-01-01T00:00:00+00:00, execution_date=20260101T000000, start_date=20260219T140923, end_date=20260219T140924
[2026-02-19T14:09:24.427+0000] {local_task_job_runner.py:243} INFO - Task exited with return code 0
[2026-02-19T14:09:24.445+0000] {taskinstance.py:3503} INFO - 0 downstream tasks scheduled from follow-on schedule check
[2026-02-19T14:09:24.447+0000] {local_task_job_runner.py:222} INFO - ::endgroup::
[2026-02-19T14:10:24.610+0000] {local_task_job_runner.py:120} INFO - ::group::Pre task execution logs
[2026-02-19T14:10:24.673+0000] {taskinstance.py:2076} INFO - Dependencies all met for dep_context=non-requeueable deps ti=<TaskInstance: dag_moex.task_GOOG scheduled__2026-01-01T00:00:00+00:00 [queued]>
[2026-02-19T14:10:24.691+0000] {taskinstance.py:2076} INFO - Dependencies all met for dep_context=requeueable deps ti=<TaskInstance: dag_moex.task_GOOG scheduled__2026-01-01T00:00:00+00:00 [queued]>
[2026-02-19T14:10:24.693+0000] {taskinstance.py:2306} INFO - Starting attempt 1 of 1
[2026-02-19T14:10:24.720+0000] {taskinstance.py:2330} INFO - Executing <Task(PythonOperator): task_GOOG> on 2026-01-01 00:00:00+00:00
[2026-02-19T14:10:24.733+0000] {logging_mixin.py:188} WARNING - /home/***/.local/lib/python3.12/site-packages/***/task/task_runner/standard_task_runner.py:62 DeprecationWarning: This process (pid=29996) is multi-threaded, use of fork() may lead to deadlocks in the child.
[2026-02-19T14:10:24.736+0000] {standard_task_runner.py:64} INFO - Started process 30029 to run task
[2026-02-19T14:10:24.735+0000] {standard_task_runner.py:90} INFO - Running: ['***', 'tasks', 'run', 'dag_moex', 'task_GOOG', 'scheduled__2026-01-01T00:00:00+00:00', '--job-id', '982', '--raw', '--subdir', 'DAGS_FOLDER/stocks/dag1.py', '--cfg-path', '/tmp/tmp5rygivdc']
[2026-02-19T14:10:24.742+0000] {standard_task_runner.py:91} INFO - Job 982: Subtask task_GOOG
[2026-02-19T14:10:24.881+0000] {task_command.py:426} INFO - Running <TaskInstance: dag_moex.task_GOOG scheduled__2026-01-01T00:00:00+00:00 [running]> on host cc036e7caf02
[2026-02-19T14:10:25.064+0000] {taskinstance.py:2648} INFO - Exporting env vars: AIRFLOW_CTX_DAG_OWNER='***' AIRFLOW_CTX_DAG_ID='dag_moex' AIRFLOW_CTX_TASK_ID='task_GOOG' AIRFLOW_CTX_EXECUTION_DATE='2026-01-01T00:00:00+00:00' AIRFLOW_CTX_TRY_NUMBER='1' AIRFLOW_CTX_DAG_RUN_ID='scheduled__2026-01-01T00:00:00+00:00'
[2026-02-19T14:10:25.068+0000] {taskinstance.py:430} INFO - ::endgroup::
[2026-02-19T14:10:25.096+0000] {logging_mixin.py:188} WARNING - /opt/***/dags/stocks/scripts/api.py:9 FutureWarning: YF.download() has changed argument auto_adjust default to True
[2026-02-19T14:10:25.111+0000] {logging_mixin.py:188} WARNING - /home/***/.local/lib/python3.12/site-packages/yfinance/scrapers/history.py:204 Pandas4Warning: Timestamp.utcnow is deprecated and will be removed in a future version. Use Timestamp.now('UTC') instead.
[2026-02-19T14:10:25.766+0000] {logging_mixin.py:188} WARNING - [*********************100%***********************]  1 of 1 completed
[2026-02-19T14:10:25.786+0000] {api.py:10} INFO - Выгрузилось
    __________________________
    Price            Close        High         Low        Open    Volume
Ticker            GOOG        GOOG        GOOG        GOOG      GOOG
Date                                                                
2025-12-31  313.799988  315.390015  312.200012  313.369995  10821500
    __________________________
    
[2026-02-19T14:10:25.788+0000] {api.py:16} INFO - start=2025-12-31, end=2026-01-02
[2026-02-19T14:10:25.790+0000] {api.py:17} INFO - После удаления
    __________________________
    Empty DataFrame
Columns: [(Close, GOOG), (High, GOOG), (Low, GOOG), (Open, GOOG), (Volume, GOOG)]
Index: []
    __________________________
    
[2026-02-19T14:10:25.804+0000] {base.py:84} INFO - Using connection ID 'pg_1' for task execution.
[2026-02-19T14:10:25.805+0000] {sql.py:254} WARNING - This setter is for backward compatibility and should not be used.
Since the introduction of connection property, the providers listed below breaks due to assigning value to self.connection in their __init__ method.
* apache-***-providers-mysql<5.7.1
* apache-***-providers-elasticsearch<5.5.1
* apache-***-providers-postgres<5.13.0
[2026-02-19T14:10:25.810+0000] {sql.py:908} INFO - Done loading. Loaded a total of 0 rows into stocks
[2026-02-19T14:10:25.817+0000] {python.py:237} INFO - Done. Returned value was: None
[2026-02-19T14:10:25.818+0000] {taskinstance.py:441} INFO - ::group::Post task execution logs
[2026-02-19T14:10:25.827+0000] {taskinstance.py:1206} INFO - Marking task as SUCCESS. dag_id=dag_moex, task_id=task_GOOG, run_id=scheduled__2026-01-01T00:00:00+00:00, execution_date=20260101T000000, start_date=20260219T141024, end_date=20260219T141025
[2026-02-19T14:10:25.882+0000] {local_task_job_runner.py:243} INFO - Task exited with return code 0
[2026-02-19T14:10:25.903+0000] {taskinstance.py:3503} INFO - 0 downstream tasks scheduled from follow-on schedule check
[2026-02-19T14:10:25.905+0000] {local_task_job_runner.py:222} INFO - ::endgroup::
[2026-02-19T14:13:30.710+0000] {local_task_job_runner.py:120} INFO - ::group::Pre task execution logs
[2026-02-19T14:13:30.757+0000] {taskinstance.py:2076} INFO - Dependencies all met for dep_context=non-requeueable deps ti=<TaskInstance: dag_moex.task_GOOG scheduled__2026-01-01T00:00:00+00:00 [queued]>
[2026-02-19T14:13:30.779+0000] {taskinstance.py:2076} INFO - Dependencies all met for dep_context=requeueable deps ti=<TaskInstance: dag_moex.task_GOOG scheduled__2026-01-01T00:00:00+00:00 [queued]>
[2026-02-19T14:13:30.779+0000] {taskinstance.py:2306} INFO - Starting attempt 1 of 1
[2026-02-19T14:13:30.810+0000] {taskinstance.py:2330} INFO - Executing <Task(PythonOperator): task_GOOG> on 2026-01-01 00:00:00+00:00
[2026-02-19T14:13:30.824+0000] {logging_mixin.py:188} WARNING - /home/***/.local/lib/python3.12/site-packages/***/task/task_runner/standard_task_runner.py:62 DeprecationWarning: This process (pid=30211) is multi-threaded, use of fork() may lead to deadlocks in the child.
[2026-02-19T14:13:30.826+0000] {standard_task_runner.py:64} INFO - Started process 30245 to run task
[2026-02-19T14:13:30.826+0000] {standard_task_runner.py:90} INFO - Running: ['***', 'tasks', 'run', 'dag_moex', 'task_GOOG', 'scheduled__2026-01-01T00:00:00+00:00', '--job-id', '1017', '--raw', '--subdir', 'DAGS_FOLDER/stocks/dag1.py', '--cfg-path', '/tmp/tmpr2yxkydg']
[2026-02-19T14:13:30.832+0000] {standard_task_runner.py:91} INFO - Job 1017: Subtask task_GOOG
[2026-02-19T14:13:30.944+0000] {task_command.py:426} INFO - Running <TaskInstance: dag_moex.task_GOOG scheduled__2026-01-01T00:00:00+00:00 [running]> on host cc036e7caf02
[2026-02-19T14:13:31.083+0000] {taskinstance.py:2648} INFO - Exporting env vars: AIRFLOW_CTX_DAG_OWNER='***' AIRFLOW_CTX_DAG_ID='dag_moex' AIRFLOW_CTX_TASK_ID='task_GOOG' AIRFLOW_CTX_EXECUTION_DATE='2026-01-01T00:00:00+00:00' AIRFLOW_CTX_TRY_NUMBER='1' AIRFLOW_CTX_DAG_RUN_ID='scheduled__2026-01-01T00:00:00+00:00'
[2026-02-19T14:13:31.087+0000] {taskinstance.py:430} INFO - ::endgroup::
[2026-02-19T14:13:31.113+0000] {logging_mixin.py:188} WARNING - /opt/***/dags/stocks/scripts/api.py:9 FutureWarning: YF.download() has changed argument auto_adjust default to True
[2026-02-19T14:13:31.130+0000] {logging_mixin.py:188} WARNING - /home/***/.local/lib/python3.12/site-packages/yfinance/scrapers/history.py:204 Pandas4Warning: Timestamp.utcnow is deprecated and will be removed in a future version. Use Timestamp.now('UTC') instead.
[2026-02-19T14:13:31.882+0000] {logging_mixin.py:188} WARNING - [*********************100%***********************]  1 of 1 completed
[2026-02-19T14:13:31.900+0000] {api.py:10} INFO - Выгрузилось
    __________________________
    Price            Close        High         Low        Open    Volume
Ticker            GOOG        GOOG        GOOG        GOOG      GOOG
Date                                                                
2025-12-31  313.799988  315.390015  312.200012  313.369995  10821500
    __________________________
    
[2026-02-19T14:13:31.901+0000] {api.py:16} INFO - start=2025-12-31, end=2026-01-02
[2026-02-19T14:13:31.903+0000] {api.py:17} INFO - После удаления
    __________________________
    Empty DataFrame
Columns: [(Close, GOOG), (High, GOOG), (Low, GOOG), (Open, GOOG), (Volume, GOOG)]
Index: []
    __________________________
    
[2026-02-19T14:13:31.914+0000] {base.py:84} INFO - Using connection ID 'pg_1' for task execution.
[2026-02-19T14:13:31.915+0000] {sql.py:254} WARNING - This setter is for backward compatibility and should not be used.
Since the introduction of connection property, the providers listed below breaks due to assigning value to self.connection in their __init__ method.
* apache-***-providers-mysql<5.7.1
* apache-***-providers-elasticsearch<5.5.1
* apache-***-providers-postgres<5.13.0
[2026-02-19T14:13:31.918+0000] {sql.py:908} INFO - Done loading. Loaded a total of 0 rows into stocks
[2026-02-19T14:13:31.922+0000] {python.py:237} INFO - Done. Returned value was: None
[2026-02-19T14:13:31.923+0000] {taskinstance.py:441} INFO - ::group::Post task execution logs
[2026-02-19T14:13:31.932+0000] {taskinstance.py:1206} INFO - Marking task as SUCCESS. dag_id=dag_moex, task_id=task_GOOG, run_id=scheduled__2026-01-01T00:00:00+00:00, execution_date=20260101T000000, start_date=20260219T141330, end_date=20260219T141331
[2026-02-19T14:13:31.978+0000] {local_task_job_runner.py:243} INFO - Task exited with return code 0
[2026-02-19T14:13:31.999+0000] {taskinstance.py:3503} INFO - 0 downstream tasks scheduled from follow-on schedule check
[2026-02-19T14:13:32.001+0000] {local_task_job_runner.py:222} INFO - ::endgroup::
[2026-02-19T14:18:09.035+0000] {local_task_job_runner.py:120} INFO - ::group::Pre task execution logs
[2026-02-19T14:18:09.122+0000] {taskinstance.py:2076} INFO - Dependencies all met for dep_context=non-requeueable deps ti=<TaskInstance: dag_moex.task_GOOG scheduled__2026-01-01T00:00:00+00:00 [queued]>
[2026-02-19T14:18:09.155+0000] {taskinstance.py:2076} INFO - Dependencies all met for dep_context=requeueable deps ti=<TaskInstance: dag_moex.task_GOOG scheduled__2026-01-01T00:00:00+00:00 [queued]>
[2026-02-19T14:18:09.158+0000] {taskinstance.py:2306} INFO - Starting attempt 1 of 1
[2026-02-19T14:18:09.214+0000] {taskinstance.py:2330} INFO - Executing <Task(PythonOperator): task_GOOG> on 2026-01-01 00:00:00+00:00
[2026-02-19T14:18:09.233+0000] {logging_mixin.py:188} WARNING - /home/***/.local/lib/python3.12/site-packages/***/task/task_runner/standard_task_runner.py:62 DeprecationWarning: This process (pid=30473) is multi-threaded, use of fork() may lead to deadlocks in the child.
[2026-02-19T14:18:09.242+0000] {standard_task_runner.py:64} INFO - Started process 30503 to run task
[2026-02-19T14:18:09.284+0000] {standard_task_runner.py:90} INFO - Running: ['***', 'tasks', 'run', 'dag_moex', 'task_GOOG', 'scheduled__2026-01-01T00:00:00+00:00', '--job-id', '1053', '--raw', '--subdir', 'DAGS_FOLDER/stocks/dag1.py', '--cfg-path', '/tmp/tmpdueyqnws']
[2026-02-19T14:18:09.298+0000] {standard_task_runner.py:91} INFO - Job 1053: Subtask task_GOOG
[2026-02-19T14:18:09.434+0000] {task_command.py:426} INFO - Running <TaskInstance: dag_moex.task_GOOG scheduled__2026-01-01T00:00:00+00:00 [running]> on host cc036e7caf02
[2026-02-19T14:18:09.614+0000] {taskinstance.py:2648} INFO - Exporting env vars: AIRFLOW_CTX_DAG_OWNER='***' AIRFLOW_CTX_DAG_ID='dag_moex' AIRFLOW_CTX_TASK_ID='task_GOOG' AIRFLOW_CTX_EXECUTION_DATE='2026-01-01T00:00:00+00:00' AIRFLOW_CTX_TRY_NUMBER='1' AIRFLOW_CTX_DAG_RUN_ID='scheduled__2026-01-01T00:00:00+00:00'
[2026-02-19T14:18:09.617+0000] {taskinstance.py:430} INFO - ::endgroup::
[2026-02-19T14:18:09.650+0000] {logging_mixin.py:188} WARNING - /opt/***/dags/stocks/scripts/api.py:9 FutureWarning: YF.download() has changed argument auto_adjust default to True
[2026-02-19T14:18:09.667+0000] {logging_mixin.py:188} WARNING - /home/***/.local/lib/python3.12/site-packages/yfinance/scrapers/history.py:204 Pandas4Warning: Timestamp.utcnow is deprecated and will be removed in a future version. Use Timestamp.now('UTC') instead.
[2026-02-19T14:18:10.378+0000] {logging_mixin.py:188} WARNING - [*********************100%***********************]  1 of 1 completed
[2026-02-19T14:18:10.402+0000] {api.py:10} INFO - Выгрузилось
    __________________________
    Price            Close        High         Low        Open    Volume
Ticker            GOOG        GOOG        GOOG        GOOG      GOOG
Date                                                                
2025-12-31  313.799988  315.390015  312.200012  313.369995  10821500
    __________________________
    
[2026-02-19T14:18:10.404+0000] {api.py:16} INFO - start=2025-12-31, end=2026-01-02
[2026-02-19T14:18:10.406+0000] {api.py:17} INFO - После удаления
    __________________________
    Empty DataFrame
Columns: [(Close, GOOG), (High, GOOG), (Low, GOOG), (Open, GOOG), (Volume, GOOG)]
Index: []
    __________________________
    
[2026-02-19T14:18:10.420+0000] {base.py:84} INFO - Using connection ID 'pg_1' for task execution.
[2026-02-19T14:18:10.421+0000] {sql.py:254} WARNING - This setter is for backward compatibility and should not be used.
Since the introduction of connection property, the providers listed below breaks due to assigning value to self.connection in their __init__ method.
* apache-***-providers-mysql<5.7.1
* apache-***-providers-elasticsearch<5.5.1
* apache-***-providers-postgres<5.13.0
[2026-02-19T14:18:10.425+0000] {sql.py:908} INFO - Done loading. Loaded a total of 0 rows into stocks
[2026-02-19T14:18:10.431+0000] {python.py:237} INFO - Done. Returned value was: None
[2026-02-19T14:18:10.431+0000] {taskinstance.py:441} INFO - ::group::Post task execution logs
[2026-02-19T14:18:10.441+0000] {taskinstance.py:1206} INFO - Marking task as SUCCESS. dag_id=dag_moex, task_id=task_GOOG, run_id=scheduled__2026-01-01T00:00:00+00:00, execution_date=20260101T000000, start_date=20260219T141809, end_date=20260219T141810
[2026-02-19T14:18:10.493+0000] {local_task_job_runner.py:243} INFO - Task exited with return code 0
[2026-02-19T14:18:10.514+0000] {taskinstance.py:3503} INFO - 0 downstream tasks scheduled from follow-on schedule check
[2026-02-19T14:18:10.520+0000] {local_task_job_runner.py:222} INFO - ::endgroup::
[2026-02-19T14:50:16.748+0000] {local_task_job_runner.py:120} INFO - ::group::Pre task execution logs
[2026-02-19T14:50:16.818+0000] {taskinstance.py:2076} INFO - Dependencies all met for dep_context=non-requeueable deps ti=<TaskInstance: dag_moex.task_GOOG scheduled__2026-01-01T00:00:00+00:00 [queued]>
[2026-02-19T14:50:16.834+0000] {taskinstance.py:2076} INFO - Dependencies all met for dep_context=requeueable deps ti=<TaskInstance: dag_moex.task_GOOG scheduled__2026-01-01T00:00:00+00:00 [queued]>
[2026-02-19T14:50:16.835+0000] {taskinstance.py:2306} INFO - Starting attempt 1 of 1
[2026-02-19T14:50:16.876+0000] {taskinstance.py:2330} INFO - Executing <Task(PythonOperator): task_GOOG> on 2026-01-01 00:00:00+00:00
[2026-02-19T14:50:16.892+0000] {logging_mixin.py:188} WARNING - /home/***/.local/lib/python3.12/site-packages/***/task/task_runner/standard_task_runner.py:62 DeprecationWarning: This process (pid=32375) is multi-threaded, use of fork() may lead to deadlocks in the child.
[2026-02-19T14:50:16.899+0000] {standard_task_runner.py:64} INFO - Started process 32407 to run task
[2026-02-19T14:50:16.900+0000] {standard_task_runner.py:90} INFO - Running: ['***', 'tasks', 'run', 'dag_moex', 'task_GOOG', 'scheduled__2026-01-01T00:00:00+00:00', '--job-id', '1341', '--raw', '--subdir', 'DAGS_FOLDER/stocks/dag1.py', '--cfg-path', '/tmp/tmpih2f8niz']
[2026-02-19T14:50:16.909+0000] {standard_task_runner.py:91} INFO - Job 1341: Subtask task_GOOG
[2026-02-19T14:50:17.004+0000] {task_command.py:426} INFO - Running <TaskInstance: dag_moex.task_GOOG scheduled__2026-01-01T00:00:00+00:00 [running]> on host cc036e7caf02
[2026-02-19T14:50:17.159+0000] {taskinstance.py:2648} INFO - Exporting env vars: AIRFLOW_CTX_DAG_OWNER='***' AIRFLOW_CTX_DAG_ID='dag_moex' AIRFLOW_CTX_TASK_ID='task_GOOG' AIRFLOW_CTX_EXECUTION_DATE='2026-01-01T00:00:00+00:00' AIRFLOW_CTX_TRY_NUMBER='1' AIRFLOW_CTX_DAG_RUN_ID='scheduled__2026-01-01T00:00:00+00:00'
[2026-02-19T14:50:17.164+0000] {taskinstance.py:430} INFO - ::endgroup::
[2026-02-19T14:50:17.190+0000] {logging_mixin.py:188} WARNING - /opt/***/dags/stocks/scripts/api.py:9 FutureWarning: YF.download() has changed argument auto_adjust default to True
[2026-02-19T14:50:17.203+0000] {logging_mixin.py:188} WARNING - /home/***/.local/lib/python3.12/site-packages/yfinance/scrapers/history.py:204 Pandas4Warning: Timestamp.utcnow is deprecated and will be removed in a future version. Use Timestamp.now('UTC') instead.
[2026-02-19T14:50:18.145+0000] {logging_mixin.py:188} WARNING - [*********************100%***********************]  1 of 1 completed
[2026-02-19T14:50:18.171+0000] {base.py:84} INFO - Using connection ID 'pg_1' for task execution.
[2026-02-19T14:50:18.172+0000] {sql.py:254} WARNING - This setter is for backward compatibility and should not be used.
Since the introduction of connection property, the providers listed below breaks due to assigning value to self.connection in their __init__ method.
* apache-***-providers-mysql<5.7.1
* apache-***-providers-elasticsearch<5.5.1
* apache-***-providers-postgres<5.13.0
[2026-02-19T14:50:18.180+0000] {sql.py:896} INFO - Loaded 1 rows into stocks so far
[2026-02-19T14:50:18.181+0000] {sql.py:908} INFO - Done loading. Loaded a total of 1 rows into stocks
[2026-02-19T14:50:18.188+0000] {python.py:237} INFO - Done. Returned value was: None
[2026-02-19T14:50:18.189+0000] {taskinstance.py:441} INFO - ::group::Post task execution logs
[2026-02-19T14:50:18.198+0000] {taskinstance.py:1206} INFO - Marking task as SUCCESS. dag_id=dag_moex, task_id=task_GOOG, run_id=scheduled__2026-01-01T00:00:00+00:00, execution_date=20260101T000000, start_date=20260219T145016, end_date=20260219T145018
[2026-02-19T14:50:18.248+0000] {local_task_job_runner.py:243} INFO - Task exited with return code 0
[2026-02-19T14:50:18.277+0000] {taskinstance.py:3503} INFO - 0 downstream tasks scheduled from follow-on schedule check
[2026-02-19T14:50:18.280+0000] {local_task_job_runner.py:222} INFO - ::endgroup::
