[2026-02-18T07:13:16.066+0000] {local_task_job_runner.py:120} INFO - ::group::Pre task execution logs
[2026-02-18T07:13:16.099+0000] {taskinstance.py:2076} INFO - Dependencies all met for dep_context=non-requeueable deps ti=<TaskInstance: dag_moex.task_AAPL scheduled__2026-02-06T00:00:00+00:00 [queued]>
[2026-02-18T07:13:16.107+0000] {taskinstance.py:2076} INFO - Dependencies all met for dep_context=requeueable deps ti=<TaskInstance: dag_moex.task_AAPL scheduled__2026-02-06T00:00:00+00:00 [queued]>
[2026-02-18T07:13:16.109+0000] {taskinstance.py:2306} INFO - Starting attempt 1 of 1
[2026-02-18T07:13:16.124+0000] {taskinstance.py:2330} INFO - Executing <Task(PythonOperator): task_AAPL> on 2026-02-06 00:00:00+00:00
[2026-02-18T07:13:16.133+0000] {logging_mixin.py:188} WARNING - /home/***/.local/lib/python3.12/site-packages/***/task/task_runner/standard_task_runner.py:62 DeprecationWarning: This process (pid=1689) is multi-threaded, use of fork() may lead to deadlocks in the child.
[2026-02-18T07:13:16.135+0000] {standard_task_runner.py:64} INFO - Started process 1729 to run task
[2026-02-18T07:13:16.133+0000] {standard_task_runner.py:90} INFO - Running: ['***', 'tasks', 'run', 'dag_moex', 'task_AAPL', 'scheduled__2026-02-06T00:00:00+00:00', '--job-id', '486', '--raw', '--subdir', 'DAGS_FOLDER/stocks/dag1.py', '--cfg-path', '/tmp/tmp48v0uqqe']
[2026-02-18T07:13:16.136+0000] {standard_task_runner.py:91} INFO - Job 486: Subtask task_AAPL
[2026-02-18T07:13:16.184+0000] {task_command.py:426} INFO - Running <TaskInstance: dag_moex.task_AAPL scheduled__2026-02-06T00:00:00+00:00 [running]> on host cc036e7caf02
[2026-02-18T07:13:16.260+0000] {taskinstance.py:2648} INFO - Exporting env vars: AIRFLOW_CTX_DAG_OWNER='***' AIRFLOW_CTX_DAG_ID='dag_moex' AIRFLOW_CTX_TASK_ID='task_AAPL' AIRFLOW_CTX_EXECUTION_DATE='2026-02-06T00:00:00+00:00' AIRFLOW_CTX_TRY_NUMBER='1' AIRFLOW_CTX_DAG_RUN_ID='scheduled__2026-02-06T00:00:00+00:00'
[2026-02-18T07:13:16.262+0000] {taskinstance.py:430} INFO - ::endgroup::
[2026-02-18T07:13:16.273+0000] {manager.py:8} INFO - log
[2026-02-18T07:13:16.275+0000] {logging_mixin.py:188} WARNING - /opt/***/dags/stocks/scripts/api.py:9 FutureWarning: YF.download() has changed argument auto_adjust default to True
[2026-02-18T07:13:16.283+0000] {logging_mixin.py:188} WARNING - /home/***/.local/lib/python3.12/site-packages/yfinance/scrapers/history.py:204 Pandas4Warning: Timestamp.utcnow is deprecated and will be removed in a future version. Use Timestamp.now('UTC') instead.
[2026-02-18T07:13:17.018+0000] {logging_mixin.py:188} WARNING - [*********************100%***********************]  1 of 1 completed
[2026-02-18T07:13:17.026+0000] {manager.py:10} INFO - Price            Close        High         Low       Open    Volume
Ticker            AAPL        AAPL        AAPL       AAPL      AAPL
Date                                                               
2026-02-06  277.859985  280.647386  276.671095  276.86092  50453400
[2026-02-18T07:13:17.037+0000] {python.py:237} INFO - Done. Returned value was: None
[2026-02-18T07:13:17.037+0000] {taskinstance.py:441} INFO - ::group::Post task execution logs
[2026-02-18T07:13:17.043+0000] {taskinstance.py:1206} INFO - Marking task as SUCCESS. dag_id=dag_moex, task_id=task_AAPL, run_id=scheduled__2026-02-06T00:00:00+00:00, execution_date=20260206T000000, start_date=20260218T071316, end_date=20260218T071317
[2026-02-18T07:13:17.074+0000] {local_task_job_runner.py:243} INFO - Task exited with return code 0
[2026-02-18T07:13:17.087+0000] {taskinstance.py:3503} INFO - 0 downstream tasks scheduled from follow-on schedule check
[2026-02-18T07:13:17.088+0000] {local_task_job_runner.py:222} INFO - ::endgroup::
[2026-02-18T07:15:36.167+0000] {local_task_job_runner.py:120} INFO - ::group::Pre task execution logs
[2026-02-18T07:15:36.207+0000] {taskinstance.py:2076} INFO - Dependencies all met for dep_context=non-requeueable deps ti=<TaskInstance: dag_moex.task_AAPL scheduled__2026-02-06T00:00:00+00:00 [queued]>
[2026-02-18T07:15:36.217+0000] {taskinstance.py:2076} INFO - Dependencies all met for dep_context=requeueable deps ti=<TaskInstance: dag_moex.task_AAPL scheduled__2026-02-06T00:00:00+00:00 [queued]>
[2026-02-18T07:15:36.218+0000] {taskinstance.py:2306} INFO - Starting attempt 1 of 1
[2026-02-18T07:15:36.237+0000] {taskinstance.py:2330} INFO - Executing <Task(PythonOperator): task_AAPL> on 2026-02-06 00:00:00+00:00
[2026-02-18T07:15:36.247+0000] {logging_mixin.py:188} WARNING - /home/***/.local/lib/python3.12/site-packages/***/task/task_runner/standard_task_runner.py:62 DeprecationWarning: This process (pid=1954) is multi-threaded, use of fork() may lead to deadlocks in the child.
[2026-02-18T07:15:36.249+0000] {standard_task_runner.py:64} INFO - Started process 1983 to run task
[2026-02-18T07:15:36.249+0000] {standard_task_runner.py:90} INFO - Running: ['***', 'tasks', 'run', 'dag_moex', 'task_AAPL', 'scheduled__2026-02-06T00:00:00+00:00', '--job-id', '535', '--raw', '--subdir', 'DAGS_FOLDER/stocks/dag1.py', '--cfg-path', '/tmp/tmpo7f5q4pc']
[2026-02-18T07:15:36.254+0000] {standard_task_runner.py:91} INFO - Job 535: Subtask task_AAPL
[2026-02-18T07:15:36.308+0000] {task_command.py:426} INFO - Running <TaskInstance: dag_moex.task_AAPL scheduled__2026-02-06T00:00:00+00:00 [running]> on host cc036e7caf02
[2026-02-18T07:15:36.396+0000] {taskinstance.py:2648} INFO - Exporting env vars: AIRFLOW_CTX_DAG_OWNER='***' AIRFLOW_CTX_DAG_ID='dag_moex' AIRFLOW_CTX_TASK_ID='task_AAPL' AIRFLOW_CTX_EXECUTION_DATE='2026-02-06T00:00:00+00:00' AIRFLOW_CTX_TRY_NUMBER='1' AIRFLOW_CTX_DAG_RUN_ID='scheduled__2026-02-06T00:00:00+00:00'
[2026-02-18T07:15:36.397+0000] {taskinstance.py:430} INFO - ::endgroup::
[2026-02-18T07:15:36.409+0000] {manager.py:8} INFO - log
[2026-02-18T07:15:36.412+0000] {logging_mixin.py:188} WARNING - /opt/***/dags/stocks/scripts/api.py:9 FutureWarning: YF.download() has changed argument auto_adjust default to True
[2026-02-18T07:15:36.422+0000] {logging_mixin.py:188} WARNING - /home/***/.local/lib/python3.12/site-packages/yfinance/scrapers/history.py:204 Pandas4Warning: Timestamp.utcnow is deprecated and will be removed in a future version. Use Timestamp.now('UTC') instead.
[2026-02-18T07:15:37.183+0000] {logging_mixin.py:188} WARNING - [*********************100%***********************]  1 of 1 completed
[2026-02-18T07:15:37.193+0000] {manager.py:10} INFO - Price            Close        High         Low       Open    Volume
Ticker            AAPL        AAPL        AAPL       AAPL      AAPL
Date                                                               
2026-02-06  277.859985  280.647386  276.671095  276.86092  50453400
[2026-02-18T07:15:37.210+0000] {python.py:237} INFO - Done. Returned value was: None
[2026-02-18T07:15:37.211+0000] {taskinstance.py:441} INFO - ::group::Post task execution logs
[2026-02-18T07:15:37.220+0000] {taskinstance.py:1206} INFO - Marking task as SUCCESS. dag_id=dag_moex, task_id=task_AAPL, run_id=scheduled__2026-02-06T00:00:00+00:00, execution_date=20260206T000000, start_date=20260218T071536, end_date=20260218T071537
[2026-02-18T07:15:37.273+0000] {local_task_job_runner.py:243} INFO - Task exited with return code 0
[2026-02-18T07:15:37.295+0000] {taskinstance.py:3503} INFO - 0 downstream tasks scheduled from follow-on schedule check
[2026-02-18T07:15:37.297+0000] {local_task_job_runner.py:222} INFO - ::endgroup::
[2026-02-18T07:16:29.406+0000] {local_task_job_runner.py:120} INFO - ::group::Pre task execution logs
[2026-02-18T07:16:29.456+0000] {taskinstance.py:2076} INFO - Dependencies all met for dep_context=non-requeueable deps ti=<TaskInstance: dag_moex.task_AAPL scheduled__2026-02-06T00:00:00+00:00 [queued]>
[2026-02-18T07:16:29.470+0000] {taskinstance.py:2076} INFO - Dependencies all met for dep_context=requeueable deps ti=<TaskInstance: dag_moex.task_AAPL scheduled__2026-02-06T00:00:00+00:00 [queued]>
[2026-02-18T07:16:29.471+0000] {taskinstance.py:2306} INFO - Starting attempt 1 of 1
[2026-02-18T07:16:29.494+0000] {taskinstance.py:2330} INFO - Executing <Task(PythonOperator): task_AAPL> on 2026-02-06 00:00:00+00:00
[2026-02-18T07:16:29.510+0000] {logging_mixin.py:188} WARNING - /home/***/.local/lib/python3.12/site-packages/***/task/task_runner/standard_task_runner.py:62 DeprecationWarning: This process (pid=2183) is multi-threaded, use of fork() may lead to deadlocks in the child.
[2026-02-18T07:16:29.512+0000] {standard_task_runner.py:64} INFO - Started process 2215 to run task
[2026-02-18T07:16:29.509+0000] {standard_task_runner.py:90} INFO - Running: ['***', 'tasks', 'run', 'dag_moex', 'task_AAPL', 'scheduled__2026-02-06T00:00:00+00:00', '--job-id', '584', '--raw', '--subdir', 'DAGS_FOLDER/stocks/dag1.py', '--cfg-path', '/tmp/tmp6nbd6svf']
[2026-02-18T07:16:29.513+0000] {standard_task_runner.py:91} INFO - Job 584: Subtask task_AAPL
[2026-02-18T07:16:29.587+0000] {task_command.py:426} INFO - Running <TaskInstance: dag_moex.task_AAPL scheduled__2026-02-06T00:00:00+00:00 [running]> on host cc036e7caf02
[2026-02-18T07:16:29.701+0000] {taskinstance.py:2648} INFO - Exporting env vars: AIRFLOW_CTX_DAG_OWNER='***' AIRFLOW_CTX_DAG_ID='dag_moex' AIRFLOW_CTX_TASK_ID='task_AAPL' AIRFLOW_CTX_EXECUTION_DATE='2026-02-06T00:00:00+00:00' AIRFLOW_CTX_TRY_NUMBER='1' AIRFLOW_CTX_DAG_RUN_ID='scheduled__2026-02-06T00:00:00+00:00'
[2026-02-18T07:16:29.704+0000] {taskinstance.py:430} INFO - ::endgroup::
[2026-02-18T07:16:29.731+0000] {manager.py:8} INFO - log
[2026-02-18T07:16:29.734+0000] {logging_mixin.py:188} WARNING - /opt/***/dags/stocks/scripts/api.py:9 FutureWarning: YF.download() has changed argument auto_adjust default to True
[2026-02-18T07:16:29.751+0000] {logging_mixin.py:188} WARNING - /home/***/.local/lib/python3.12/site-packages/yfinance/scrapers/history.py:204 Pandas4Warning: Timestamp.utcnow is deprecated and will be removed in a future version. Use Timestamp.now('UTC') instead.
[2026-02-18T07:16:30.522+0000] {logging_mixin.py:188} WARNING - [*********************100%***********************]  1 of 1 completed
[2026-02-18T07:16:30.534+0000] {manager.py:10} INFO - Price            Close        High         Low       Open    Volume
Ticker            AAPL        AAPL        AAPL       AAPL      AAPL
Date                                                               
2026-02-06  277.859985  280.647386  276.671095  276.86092  50453400
[2026-02-18T07:16:30.551+0000] {python.py:237} INFO - Done. Returned value was: None
[2026-02-18T07:16:30.552+0000] {taskinstance.py:441} INFO - ::group::Post task execution logs
[2026-02-18T07:16:30.560+0000] {taskinstance.py:1206} INFO - Marking task as SUCCESS. dag_id=dag_moex, task_id=task_AAPL, run_id=scheduled__2026-02-06T00:00:00+00:00, execution_date=20260206T000000, start_date=20260218T071629, end_date=20260218T071630
[2026-02-18T07:16:30.613+0000] {local_task_job_runner.py:243} INFO - Task exited with return code 0
[2026-02-18T07:16:30.633+0000] {taskinstance.py:3503} INFO - 0 downstream tasks scheduled from follow-on schedule check
[2026-02-18T07:16:30.636+0000] {local_task_job_runner.py:222} INFO - ::endgroup::
[2026-02-18T07:35:26.108+0000] {local_task_job_runner.py:120} INFO - ::group::Pre task execution logs
[2026-02-18T07:35:26.140+0000] {taskinstance.py:2076} INFO - Dependencies all met for dep_context=non-requeueable deps ti=<TaskInstance: dag_moex.task_AAPL scheduled__2026-02-06T00:00:00+00:00 [queued]>
[2026-02-18T07:35:26.151+0000] {taskinstance.py:2076} INFO - Dependencies all met for dep_context=requeueable deps ti=<TaskInstance: dag_moex.task_AAPL scheduled__2026-02-06T00:00:00+00:00 [queued]>
[2026-02-18T07:35:26.151+0000] {taskinstance.py:2306} INFO - Starting attempt 1 of 1
[2026-02-18T07:35:26.169+0000] {taskinstance.py:2330} INFO - Executing <Task(PythonOperator): task_AAPL> on 2026-02-06 00:00:00+00:00
[2026-02-18T07:35:26.180+0000] {logging_mixin.py:188} WARNING - /home/***/.local/lib/python3.12/site-packages/***/task/task_runner/standard_task_runner.py:62 DeprecationWarning: This process (pid=2807) is multi-threaded, use of fork() may lead to deadlocks in the child.
[2026-02-18T07:35:26.182+0000] {standard_task_runner.py:64} INFO - Started process 2836 to run task
[2026-02-18T07:35:26.180+0000] {standard_task_runner.py:90} INFO - Running: ['***', 'tasks', 'run', 'dag_moex', 'task_AAPL', 'scheduled__2026-02-06T00:00:00+00:00', '--job-id', '622', '--raw', '--subdir', 'DAGS_FOLDER/stocks/dag1.py', '--cfg-path', '/tmp/tmpghmoqa5w']
[2026-02-18T07:35:26.184+0000] {standard_task_runner.py:91} INFO - Job 622: Subtask task_AAPL
[2026-02-18T07:35:26.254+0000] {task_command.py:426} INFO - Running <TaskInstance: dag_moex.task_AAPL scheduled__2026-02-06T00:00:00+00:00 [running]> on host cc036e7caf02
[2026-02-18T07:35:26.337+0000] {taskinstance.py:2648} INFO - Exporting env vars: AIRFLOW_CTX_DAG_OWNER='***' AIRFLOW_CTX_DAG_ID='dag_moex' AIRFLOW_CTX_TASK_ID='task_AAPL' AIRFLOW_CTX_EXECUTION_DATE='2026-02-06T00:00:00+00:00' AIRFLOW_CTX_TRY_NUMBER='1' AIRFLOW_CTX_DAG_RUN_ID='scheduled__2026-02-06T00:00:00+00:00'
[2026-02-18T07:35:26.338+0000] {taskinstance.py:430} INFO - ::endgroup::
[2026-02-18T07:35:26.349+0000] {manager.py:8} INFO - log
[2026-02-18T07:35:26.351+0000] {logging_mixin.py:188} WARNING - /opt/***/dags/stocks/scripts/api.py:9 FutureWarning: YF.download() has changed argument auto_adjust default to True
[2026-02-18T07:35:26.358+0000] {logging_mixin.py:188} WARNING - /home/***/.local/lib/python3.12/site-packages/yfinance/scrapers/history.py:204 Pandas4Warning: Timestamp.utcnow is deprecated and will be removed in a future version. Use Timestamp.now('UTC') instead.
[2026-02-18T07:35:27.135+0000] {logging_mixin.py:188} WARNING - [*********************100%***********************]  1 of 1 completed
[2026-02-18T07:35:27.157+0000] {manager.py:10} INFO - Price            Close        High         Low       Open    Volume
Ticker            AAPL        AAPL        AAPL       AAPL      AAPL
Date                                                               
2026-02-06  277.859985  280.647386  276.671095  276.86092  50453400
[2026-02-18T07:35:27.179+0000] {python.py:237} INFO - Done. Returned value was: None
[2026-02-18T07:35:27.181+0000] {taskinstance.py:441} INFO - ::group::Post task execution logs
[2026-02-18T07:35:27.198+0000] {taskinstance.py:1206} INFO - Marking task as SUCCESS. dag_id=dag_moex, task_id=task_AAPL, run_id=scheduled__2026-02-06T00:00:00+00:00, execution_date=20260206T000000, start_date=20260218T073526, end_date=20260218T073527
[2026-02-18T07:35:27.244+0000] {local_task_job_runner.py:243} INFO - Task exited with return code 0
[2026-02-18T07:35:27.264+0000] {taskinstance.py:3503} INFO - 0 downstream tasks scheduled from follow-on schedule check
[2026-02-18T07:35:27.266+0000] {local_task_job_runner.py:222} INFO - ::endgroup::
[2026-02-18T08:33:49.363+0000] {local_task_job_runner.py:120} INFO - ::group::Pre task execution logs
[2026-02-18T08:33:49.412+0000] {taskinstance.py:2076} INFO - Dependencies all met for dep_context=non-requeueable deps ti=<TaskInstance: dag_moex.task_AAPL scheduled__2026-02-06T00:00:00+00:00 [queued]>
[2026-02-18T08:33:49.425+0000] {taskinstance.py:2076} INFO - Dependencies all met for dep_context=requeueable deps ti=<TaskInstance: dag_moex.task_AAPL scheduled__2026-02-06T00:00:00+00:00 [queued]>
[2026-02-18T08:33:49.426+0000] {taskinstance.py:2306} INFO - Starting attempt 1 of 1
[2026-02-18T08:33:49.446+0000] {taskinstance.py:2330} INFO - Executing <Task(PythonOperator): task_AAPL> on 2026-02-06 00:00:00+00:00
[2026-02-18T08:33:49.460+0000] {logging_mixin.py:188} WARNING - /home/***/.local/lib/python3.12/site-packages/***/task/task_runner/standard_task_runner.py:62 DeprecationWarning: This process (pid=4433) is multi-threaded, use of fork() may lead to deadlocks in the child.
[2026-02-18T08:33:49.460+0000] {standard_task_runner.py:90} INFO - Running: ['***', 'tasks', 'run', 'dag_moex', 'task_AAPL', 'scheduled__2026-02-06T00:00:00+00:00', '--job-id', '667', '--raw', '--subdir', 'DAGS_FOLDER/stocks/dag1.py', '--cfg-path', '/tmp/tmp5kaz1lx5']
[2026-02-18T08:33:49.463+0000] {standard_task_runner.py:64} INFO - Started process 4463 to run task
[2026-02-18T08:33:49.464+0000] {standard_task_runner.py:91} INFO - Job 667: Subtask task_AAPL
[2026-02-18T08:33:49.530+0000] {task_command.py:426} INFO - Running <TaskInstance: dag_moex.task_AAPL scheduled__2026-02-06T00:00:00+00:00 [running]> on host cc036e7caf02
[2026-02-18T08:33:49.621+0000] {taskinstance.py:2648} INFO - Exporting env vars: AIRFLOW_CTX_DAG_OWNER='***' AIRFLOW_CTX_DAG_ID='dag_moex' AIRFLOW_CTX_TASK_ID='task_AAPL' AIRFLOW_CTX_EXECUTION_DATE='2026-02-06T00:00:00+00:00' AIRFLOW_CTX_TRY_NUMBER='1' AIRFLOW_CTX_DAG_RUN_ID='scheduled__2026-02-06T00:00:00+00:00'
[2026-02-18T08:33:49.623+0000] {taskinstance.py:430} INFO - ::endgroup::
[2026-02-18T08:33:49.636+0000] {logging_mixin.py:188} WARNING - /opt/***/dags/stocks/scripts/api.py:9 FutureWarning: YF.download() has changed argument auto_adjust default to True
[2026-02-18T08:33:49.646+0000] {logging_mixin.py:188} WARNING - /home/***/.local/lib/python3.12/site-packages/yfinance/scrapers/history.py:204 Pandas4Warning: Timestamp.utcnow is deprecated and will be removed in a future version. Use Timestamp.now('UTC') instead.
[2026-02-18T08:33:50.632+0000] {logging_mixin.py:188} WARNING - [*********************100%***********************]  1 of 1 completed
[2026-02-18T08:33:50.654+0000] {api.py:10} INFO - Выгрузилось
    __________________________
    Price            Close        High         Low        Open    Volume
Ticker            AAPL        AAPL        AAPL        AAPL      AAPL
Date                                                                
2026-02-05  275.652069  279.238709  272.974582  277.869995  52977400
2026-02-06  277.859985  280.647386  276.671095  276.860920  50453400
    __________________________
    
[2026-02-18T08:33:50.656+0000] {api.py:16} INFO - start=2026-02-05, end=2026-02-07
[2026-02-18T08:33:50.661+0000] {api.py:17} INFO - После удаления
    __________________________
    Price            Close        High         Low       Open    Volume
Ticker            AAPL        AAPL        AAPL       AAPL      AAPL
Date                                                               
2026-02-06  277.859985  280.647386  276.671095  276.86092  50453400
    __________________________
    
[2026-02-18T08:33:50.667+0000] {python.py:237} INFO - Done. Returned value was: None
[2026-02-18T08:33:50.668+0000] {taskinstance.py:441} INFO - ::group::Post task execution logs
[2026-02-18T08:33:50.677+0000] {taskinstance.py:1206} INFO - Marking task as SUCCESS. dag_id=dag_moex, task_id=task_AAPL, run_id=scheduled__2026-02-06T00:00:00+00:00, execution_date=20260206T000000, start_date=20260218T083349, end_date=20260218T083350
[2026-02-18T08:33:50.728+0000] {local_task_job_runner.py:243} INFO - Task exited with return code 0
[2026-02-18T08:33:50.749+0000] {taskinstance.py:3503} INFO - 0 downstream tasks scheduled from follow-on schedule check
[2026-02-18T08:33:50.751+0000] {local_task_job_runner.py:222} INFO - ::endgroup::
[2026-02-19T12:55:11.586+0000] {local_task_job_runner.py:120} INFO - ::group::Pre task execution logs
[2026-02-19T12:55:11.650+0000] {taskinstance.py:2076} INFO - Dependencies all met for dep_context=non-requeueable deps ti=<TaskInstance: dag_moex.task_AAPL scheduled__2026-02-06T00:00:00+00:00 [queued]>
[2026-02-19T12:55:11.662+0000] {taskinstance.py:2076} INFO - Dependencies all met for dep_context=requeueable deps ti=<TaskInstance: dag_moex.task_AAPL scheduled__2026-02-06T00:00:00+00:00 [queued]>
[2026-02-19T12:55:11.663+0000] {taskinstance.py:2306} INFO - Starting attempt 1 of 1
[2026-02-19T12:55:11.687+0000] {taskinstance.py:2330} INFO - Executing <Task(PythonOperator): task_AAPL> on 2026-02-06 00:00:00+00:00
[2026-02-19T12:55:11.704+0000] {logging_mixin.py:188} WARNING - /home/***/.local/lib/python3.12/site-packages/***/task/task_runner/standard_task_runner.py:62 DeprecationWarning: This process (pid=27425) is multi-threaded, use of fork() may lead to deadlocks in the child.
[2026-02-19T12:55:11.707+0000] {standard_task_runner.py:64} INFO - Started process 27458 to run task
[2026-02-19T12:55:11.710+0000] {standard_task_runner.py:90} INFO - Running: ['***', 'tasks', 'run', 'dag_moex', 'task_AAPL', 'scheduled__2026-02-06T00:00:00+00:00', '--job-id', '781', '--raw', '--subdir', 'DAGS_FOLDER/stocks/dag1.py', '--cfg-path', '/tmp/tmpidzo5x0k']
[2026-02-19T12:55:11.715+0000] {standard_task_runner.py:91} INFO - Job 781: Subtask task_AAPL
[2026-02-19T12:55:11.825+0000] {task_command.py:426} INFO - Running <TaskInstance: dag_moex.task_AAPL scheduled__2026-02-06T00:00:00+00:00 [running]> on host cc036e7caf02
[2026-02-19T12:55:12.053+0000] {taskinstance.py:2648} INFO - Exporting env vars: AIRFLOW_CTX_DAG_OWNER='***' AIRFLOW_CTX_DAG_ID='dag_moex' AIRFLOW_CTX_TASK_ID='task_AAPL' AIRFLOW_CTX_EXECUTION_DATE='2026-02-06T00:00:00+00:00' AIRFLOW_CTX_TRY_NUMBER='1' AIRFLOW_CTX_DAG_RUN_ID='scheduled__2026-02-06T00:00:00+00:00'
[2026-02-19T12:55:12.067+0000] {taskinstance.py:430} INFO - ::endgroup::
[2026-02-19T12:55:12.104+0000] {logging_mixin.py:188} WARNING - /opt/***/dags/stocks/scripts/api.py:10 FutureWarning: YF.download() has changed argument auto_adjust default to True
[2026-02-19T12:55:12.121+0000] {logging_mixin.py:188} WARNING - /home/***/.local/lib/python3.12/site-packages/yfinance/scrapers/history.py:204 Pandas4Warning: Timestamp.utcnow is deprecated and will be removed in a future version. Use Timestamp.now('UTC') instead.
[2026-02-19T12:55:12.852+0000] {logging_mixin.py:188} WARNING - [*********************100%***********************]  1 of 1 completed
[2026-02-19T12:55:12.868+0000] {api.py:11} INFO - Выгрузилось
    __________________________
    Price            Close        High         Low        Open    Volume
Ticker            AAPL        AAPL        AAPL        AAPL      AAPL
Date                                                                
2026-02-05  275.652069  279.238709  272.974582  277.869995  52977400
2026-02-06  277.859985  280.647386  276.671095  276.860920  50453400
    __________________________
    
[2026-02-19T12:55:12.871+0000] {api.py:17} INFO - start=2026-02-05, end=2026-02-09
[2026-02-19T12:55:12.877+0000] {api.py:18} INFO - После удаления
    __________________________
    Price            Close        High         Low       Open    Volume
Ticker            AAPL        AAPL        AAPL       AAPL      AAPL
Date                                                               
2026-02-06  277.859985  280.647386  276.671095  276.86092  50453400
    __________________________
    
[2026-02-19T12:55:12.887+0000] {base.py:84} INFO - Using connection ID 'pg_1' for task execution.
[2026-02-19T12:55:12.888+0000] {sql.py:254} WARNING - This setter is for backward compatibility and should not be used.
Since the introduction of connection property, the providers listed below breaks due to assigning value to self.connection in their __init__ method.
* apache-***-providers-mysql<5.7.1
* apache-***-providers-elasticsearch<5.5.1
* apache-***-providers-postgres<5.13.0
[2026-02-19T12:55:12.892+0000] {sql.py:896} INFO - Loaded 1 rows into stocks so far
[2026-02-19T12:55:12.893+0000] {sql.py:908} INFO - Done loading. Loaded a total of 1 rows into stocks
[2026-02-19T12:55:12.898+0000] {python.py:237} INFO - Done. Returned value was: None
[2026-02-19T12:55:12.899+0000] {taskinstance.py:441} INFO - ::group::Post task execution logs
[2026-02-19T12:55:12.908+0000] {taskinstance.py:1206} INFO - Marking task as SUCCESS. dag_id=dag_moex, task_id=task_AAPL, run_id=scheduled__2026-02-06T00:00:00+00:00, execution_date=20260206T000000, start_date=20260219T125511, end_date=20260219T125512
[2026-02-19T12:55:12.937+0000] {local_task_job_runner.py:243} INFO - Task exited with return code 0
[2026-02-19T12:55:12.957+0000] {taskinstance.py:3503} INFO - 0 downstream tasks scheduled from follow-on schedule check
[2026-02-19T12:55:12.959+0000] {local_task_job_runner.py:222} INFO - ::endgroup::
[2026-02-19T12:57:55.443+0000] {local_task_job_runner.py:120} INFO - ::group::Pre task execution logs
[2026-02-19T12:57:55.484+0000] {taskinstance.py:2076} INFO - Dependencies all met for dep_context=non-requeueable deps ti=<TaskInstance: dag_moex.task_AAPL scheduled__2026-02-06T00:00:00+00:00 [queued]>
[2026-02-19T12:57:55.494+0000] {taskinstance.py:2076} INFO - Dependencies all met for dep_context=requeueable deps ti=<TaskInstance: dag_moex.task_AAPL scheduled__2026-02-06T00:00:00+00:00 [queued]>
[2026-02-19T12:57:55.495+0000] {taskinstance.py:2306} INFO - Starting attempt 1 of 1
[2026-02-19T12:57:55.512+0000] {taskinstance.py:2330} INFO - Executing <Task(PythonOperator): task_AAPL> on 2026-02-06 00:00:00+00:00
[2026-02-19T12:57:55.521+0000] {standard_task_runner.py:90} INFO - Running: ['***', 'tasks', 'run', 'dag_moex', 'task_AAPL', 'scheduled__2026-02-06T00:00:00+00:00', '--job-id', '810', '--raw', '--subdir', 'DAGS_FOLDER/stocks/dag1.py', '--cfg-path', '/tmp/tmp4pmcr0do']
[2026-02-19T12:57:55.527+0000] {standard_task_runner.py:91} INFO - Job 810: Subtask task_AAPL
[2026-02-19T12:57:55.527+0000] {logging_mixin.py:188} WARNING - /home/***/.local/lib/python3.12/site-packages/***/task/task_runner/standard_task_runner.py:62 DeprecationWarning: This process (pid=27594) is multi-threaded, use of fork() may lead to deadlocks in the child.
[2026-02-19T12:57:55.527+0000] {standard_task_runner.py:64} INFO - Started process 27627 to run task
[2026-02-19T12:57:55.581+0000] {task_command.py:426} INFO - Running <TaskInstance: dag_moex.task_AAPL scheduled__2026-02-06T00:00:00+00:00 [running]> on host cc036e7caf02
[2026-02-19T12:57:55.662+0000] {taskinstance.py:2648} INFO - Exporting env vars: AIRFLOW_CTX_DAG_OWNER='***' AIRFLOW_CTX_DAG_ID='dag_moex' AIRFLOW_CTX_TASK_ID='task_AAPL' AIRFLOW_CTX_EXECUTION_DATE='2026-02-06T00:00:00+00:00' AIRFLOW_CTX_TRY_NUMBER='1' AIRFLOW_CTX_DAG_RUN_ID='scheduled__2026-02-06T00:00:00+00:00'
[2026-02-19T12:57:55.663+0000] {taskinstance.py:430} INFO - ::endgroup::
[2026-02-19T12:57:55.676+0000] {logging_mixin.py:188} WARNING - /opt/***/dags/stocks/scripts/api.py:10 FutureWarning: YF.download() has changed argument auto_adjust default to True
[2026-02-19T12:57:55.684+0000] {logging_mixin.py:188} WARNING - /home/***/.local/lib/python3.12/site-packages/yfinance/scrapers/history.py:204 Pandas4Warning: Timestamp.utcnow is deprecated and will be removed in a future version. Use Timestamp.now('UTC') instead.
[2026-02-19T12:57:56.446+0000] {logging_mixin.py:188} WARNING - [*********************100%***********************]  1 of 1 completed
[2026-02-19T12:57:56.472+0000] {api.py:11} INFO - Выгрузилось
    __________________________
    Price            Close        High         Low        Open    Volume
Ticker            AAPL        AAPL        AAPL        AAPL      AAPL
Date                                                                
2026-02-05  275.652069  279.238709  272.974582  277.869995  52977400
2026-02-06  277.859985  280.647386  276.671095  276.860920  50453400
    __________________________
    
[2026-02-19T12:57:56.474+0000] {api.py:17} INFO - start=2026-02-05, end=2026-02-09
[2026-02-19T12:57:56.481+0000] {api.py:18} INFO - После удаления
    __________________________
    Price            Close        High         Low       Open    Volume
Ticker            AAPL        AAPL        AAPL       AAPL      AAPL
Date                                                               
2026-02-06  277.859985  280.647386  276.671095  276.86092  50453400
    __________________________
    
[2026-02-19T12:57:56.497+0000] {base.py:84} INFO - Using connection ID 'pg_1' for task execution.
[2026-02-19T12:57:56.498+0000] {sql.py:254} WARNING - This setter is for backward compatibility and should not be used.
Since the introduction of connection property, the providers listed below breaks due to assigning value to self.connection in their __init__ method.
* apache-***-providers-mysql<5.7.1
* apache-***-providers-elasticsearch<5.5.1
* apache-***-providers-postgres<5.13.0
[2026-02-19T12:57:56.504+0000] {taskinstance.py:441} INFO - ::group::Post task execution logs
[2026-02-19T12:57:56.505+0000] {taskinstance.py:2905} ERROR - Task failed with exception
Traceback (most recent call last):
  File "/home/airflow/.local/lib/python3.12/site-packages/airflow/models/taskinstance.py", line 465, in _execute_task
    result = _execute_callable(context=context, **execute_callable_kwargs)
             ^^^^^^^^^^^^^^^^^^^^^^^^^^^^^^^^^^^^^^^^^^^^^^^^^^^^^^^^^^^^^
  File "/home/airflow/.local/lib/python3.12/site-packages/airflow/models/taskinstance.py", line 432, in _execute_callable
    return execute_callable(context=context, **execute_callable_kwargs)
           ^^^^^^^^^^^^^^^^^^^^^^^^^^^^^^^^^^^^^^^^^^^^^^^^^^^^^^^^^^^^
  File "/home/airflow/.local/lib/python3.12/site-packages/airflow/models/baseoperator.py", line 401, in wrapper
    return func(self, *args, **kwargs)
           ^^^^^^^^^^^^^^^^^^^^^^^^^^^
  File "/home/airflow/.local/lib/python3.12/site-packages/airflow/operators/python.py", line 235, in execute
    return_value = self.execute_callable()
                   ^^^^^^^^^^^^^^^^^^^^^^^
  File "/home/airflow/.local/lib/python3.12/site-packages/airflow/operators/python.py", line 252, in execute_callable
    return self.python_callable(*self.op_args, **self.op_kwargs)
           ^^^^^^^^^^^^^^^^^^^^^^^^^^^^^^^^^^^^^^^^^^^^^^^^^^^^^
  File "/opt/airflow/dags/stocks/scripts/manager.py", line 24, in fetch_data
    postgresHook.insert_rows(table="stocks", rows=rows,
  File "/home/airflow/.local/lib/python3.12/site-packages/airflow/providers/common/sql/hooks/sql.py", line 893, in insert_rows
    cur.executemany(sql, values)
psycopg2.errors.UniqueViolation: duplicate key value violates unique constraint "stocks_pkey"
DETAIL:  Key (ticker, date)=(AAPL, 2026-02-06) already exists.

[2026-02-19T12:57:56.522+0000] {taskinstance.py:1206} INFO - Marking task as FAILED. dag_id=dag_moex, task_id=task_AAPL, run_id=scheduled__2026-02-06T00:00:00+00:00, execution_date=20260206T000000, start_date=20260219T125755, end_date=20260219T125756
[2026-02-19T12:57:56.544+0000] {standard_task_runner.py:110} ERROR - Failed to execute job 810 for task task_AAPL (duplicate key value violates unique constraint "stocks_pkey"
DETAIL:  Key (ticker, date)=(AAPL, 2026-02-06) already exists.
; 27627)
[2026-02-19T12:57:56.587+0000] {local_task_job_runner.py:243} INFO - Task exited with return code 1
[2026-02-19T12:57:56.604+0000] {local_task_job_runner.py:222} INFO - ::endgroup::
[2026-02-19T14:19:18.169+0000] {local_task_job_runner.py:120} INFO - ::group::Pre task execution logs
[2026-02-19T14:19:18.211+0000] {taskinstance.py:2076} INFO - Dependencies all met for dep_context=non-requeueable deps ti=<TaskInstance: dag_moex.task_AAPL scheduled__2026-02-06T00:00:00+00:00 [queued]>
[2026-02-19T14:19:18.223+0000] {taskinstance.py:2076} INFO - Dependencies all met for dep_context=requeueable deps ti=<TaskInstance: dag_moex.task_AAPL scheduled__2026-02-06T00:00:00+00:00 [queued]>
[2026-02-19T14:19:18.224+0000] {taskinstance.py:2306} INFO - Starting attempt 1 of 1
[2026-02-19T14:19:18.242+0000] {taskinstance.py:2330} INFO - Executing <Task(PythonOperator): task_AAPL> on 2026-02-06 00:00:00+00:00
[2026-02-19T14:19:18.254+0000] {logging_mixin.py:188} WARNING - /home/***/.local/lib/python3.12/site-packages/***/task/task_runner/standard_task_runner.py:62 DeprecationWarning: This process (pid=30588) is multi-threaded, use of fork() may lead to deadlocks in the child.
[2026-02-19T14:19:18.253+0000] {standard_task_runner.py:90} INFO - Running: ['***', 'tasks', 'run', 'dag_moex', 'task_AAPL', 'scheduled__2026-02-06T00:00:00+00:00', '--job-id', '1080', '--raw', '--subdir', 'DAGS_FOLDER/stocks/dag1.py', '--cfg-path', '/tmp/tmpsmkoqg7d']
[2026-02-19T14:19:18.256+0000] {standard_task_runner.py:64} INFO - Started process 30616 to run task
[2026-02-19T14:19:18.256+0000] {standard_task_runner.py:91} INFO - Job 1080: Subtask task_AAPL
[2026-02-19T14:19:18.315+0000] {task_command.py:426} INFO - Running <TaskInstance: dag_moex.task_AAPL scheduled__2026-02-06T00:00:00+00:00 [running]> on host cc036e7caf02
[2026-02-19T14:19:18.421+0000] {taskinstance.py:2648} INFO - Exporting env vars: AIRFLOW_CTX_DAG_OWNER='***' AIRFLOW_CTX_DAG_ID='dag_moex' AIRFLOW_CTX_TASK_ID='task_AAPL' AIRFLOW_CTX_EXECUTION_DATE='2026-02-06T00:00:00+00:00' AIRFLOW_CTX_TRY_NUMBER='1' AIRFLOW_CTX_DAG_RUN_ID='scheduled__2026-02-06T00:00:00+00:00'
[2026-02-19T14:19:18.423+0000] {taskinstance.py:430} INFO - ::endgroup::
[2026-02-19T14:19:18.439+0000] {logging_mixin.py:188} WARNING - /opt/***/dags/stocks/scripts/api.py:9 FutureWarning: YF.download() has changed argument auto_adjust default to True
[2026-02-19T14:19:18.447+0000] {logging_mixin.py:188} WARNING - /home/***/.local/lib/python3.12/site-packages/yfinance/scrapers/history.py:204 Pandas4Warning: Timestamp.utcnow is deprecated and will be removed in a future version. Use Timestamp.now('UTC') instead.
[2026-02-19T14:19:19.379+0000] {logging_mixin.py:188} WARNING - [*********************100%***********************]  1 of 1 completed
[2026-02-19T14:19:19.449+0000] {api.py:10} INFO - Выгрузилось
    __________________________
    Price            Close        High         Low        Open    Volume
Ticker            AAPL        AAPL        AAPL        AAPL      AAPL
Date                                                                
2026-02-05  275.652069  279.238709  272.974582  277.869995  52977400
2026-02-06  277.859985  280.647386  276.671095  276.860920  50453400
    __________________________
    
[2026-02-19T14:19:19.455+0000] {api.py:16} INFO - start=2026-02-05, end=2026-02-07
[2026-02-19T14:19:19.482+0000] {api.py:17} INFO - После удаления
    __________________________
    Price            Close        High         Low       Open    Volume
Ticker            AAPL        AAPL        AAPL       AAPL      AAPL
Date                                                               
2026-02-06  277.859985  280.647386  276.671095  276.86092  50453400
    __________________________
    
[2026-02-19T14:19:19.581+0000] {base.py:84} INFO - Using connection ID 'pg_1' for task execution.
[2026-02-19T14:19:19.586+0000] {sql.py:254} WARNING - This setter is for backward compatibility and should not be used.
Since the introduction of connection property, the providers listed below breaks due to assigning value to self.connection in their __init__ method.
* apache-***-providers-mysql<5.7.1
* apache-***-providers-elasticsearch<5.5.1
* apache-***-providers-postgres<5.13.0
[2026-02-19T14:19:19.641+0000] {sql.py:896} INFO - Loaded 1 rows into stocks so far
[2026-02-19T14:19:19.642+0000] {sql.py:908} INFO - Done loading. Loaded a total of 1 rows into stocks
[2026-02-19T14:19:19.660+0000] {python.py:237} INFO - Done. Returned value was: None
[2026-02-19T14:19:19.662+0000] {taskinstance.py:441} INFO - ::group::Post task execution logs
[2026-02-19T14:19:19.700+0000] {taskinstance.py:1206} INFO - Marking task as SUCCESS. dag_id=dag_moex, task_id=task_AAPL, run_id=scheduled__2026-02-06T00:00:00+00:00, execution_date=20260206T000000, start_date=20260219T141918, end_date=20260219T141919
[2026-02-19T14:19:19.864+0000] {local_task_job_runner.py:243} INFO - Task exited with return code 0
[2026-02-19T14:19:19.920+0000] {taskinstance.py:3503} INFO - 0 downstream tasks scheduled from follow-on schedule check
[2026-02-19T14:19:19.949+0000] {local_task_job_runner.py:222} INFO - ::endgroup::
[2026-02-19T14:20:51.289+0000] {local_task_job_runner.py:120} INFO - ::group::Pre task execution logs
[2026-02-19T14:20:51.326+0000] {taskinstance.py:2076} INFO - Dependencies all met for dep_context=non-requeueable deps ti=<TaskInstance: dag_moex.task_AAPL scheduled__2026-02-06T00:00:00+00:00 [queued]>
[2026-02-19T14:20:51.335+0000] {taskinstance.py:2076} INFO - Dependencies all met for dep_context=requeueable deps ti=<TaskInstance: dag_moex.task_AAPL scheduled__2026-02-06T00:00:00+00:00 [queued]>
[2026-02-19T14:20:51.336+0000] {taskinstance.py:2306} INFO - Starting attempt 1 of 1
[2026-02-19T14:20:51.356+0000] {taskinstance.py:2330} INFO - Executing <Task(PythonOperator): task_AAPL> on 2026-02-06 00:00:00+00:00
[2026-02-19T14:20:51.368+0000] {logging_mixin.py:188} WARNING - /home/***/.local/lib/python3.12/site-packages/***/task/task_runner/standard_task_runner.py:62 DeprecationWarning: This process (pid=30855) is multi-threaded, use of fork() may lead to deadlocks in the child.
[2026-02-19T14:20:51.370+0000] {standard_task_runner.py:64} INFO - Started process 30883 to run task
[2026-02-19T14:20:51.368+0000] {standard_task_runner.py:90} INFO - Running: ['***', 'tasks', 'run', 'dag_moex', 'task_AAPL', 'scheduled__2026-02-06T00:00:00+00:00', '--job-id', '1138', '--raw', '--subdir', 'DAGS_FOLDER/stocks/dag1.py', '--cfg-path', '/tmp/tmp7h3xj6rk']
[2026-02-19T14:20:51.371+0000] {standard_task_runner.py:91} INFO - Job 1138: Subtask task_AAPL
[2026-02-19T14:20:51.427+0000] {task_command.py:426} INFO - Running <TaskInstance: dag_moex.task_AAPL scheduled__2026-02-06T00:00:00+00:00 [running]> on host cc036e7caf02
[2026-02-19T14:20:51.509+0000] {taskinstance.py:2648} INFO - Exporting env vars: AIRFLOW_CTX_DAG_OWNER='***' AIRFLOW_CTX_DAG_ID='dag_moex' AIRFLOW_CTX_TASK_ID='task_AAPL' AIRFLOW_CTX_EXECUTION_DATE='2026-02-06T00:00:00+00:00' AIRFLOW_CTX_TRY_NUMBER='1' AIRFLOW_CTX_DAG_RUN_ID='scheduled__2026-02-06T00:00:00+00:00'
[2026-02-19T14:20:51.511+0000] {taskinstance.py:430} INFO - ::endgroup::
[2026-02-19T14:20:51.526+0000] {logging_mixin.py:188} WARNING - /opt/***/dags/stocks/scripts/api.py:9 FutureWarning: YF.download() has changed argument auto_adjust default to True
[2026-02-19T14:20:51.534+0000] {logging_mixin.py:188} WARNING - /home/***/.local/lib/python3.12/site-packages/yfinance/scrapers/history.py:204 Pandas4Warning: Timestamp.utcnow is deprecated and will be removed in a future version. Use Timestamp.now('UTC') instead.
[2026-02-19T14:20:52.351+0000] {logging_mixin.py:188} WARNING - [*********************100%***********************]  1 of 1 completed
[2026-02-19T14:20:52.387+0000] {api.py:10} INFO - Выгрузилось
    __________________________
    Price            Close        High         Low        Open    Volume
Ticker            AAPL        AAPL        AAPL        AAPL      AAPL
Date                                                                
2026-02-05  275.652069  279.238709  272.974582  277.869995  52977400
2026-02-06  277.859985  280.647386  276.671095  276.860920  50453400
    __________________________
    
[2026-02-19T14:20:52.389+0000] {api.py:16} INFO - start=2026-02-05, end=2026-02-07
[2026-02-19T14:20:52.402+0000] {api.py:17} INFO - После удаления
    __________________________
    Price            Close        High         Low       Open    Volume
Ticker            AAPL        AAPL        AAPL       AAPL      AAPL
Date                                                               
2026-02-06  277.859985  280.647386  276.671095  276.86092  50453400
    __________________________
    
[2026-02-19T14:20:52.423+0000] {base.py:84} INFO - Using connection ID 'pg_1' for task execution.
[2026-02-19T14:20:52.424+0000] {sql.py:254} WARNING - This setter is for backward compatibility and should not be used.
Since the introduction of connection property, the providers listed below breaks due to assigning value to self.connection in their __init__ method.
* apache-***-providers-mysql<5.7.1
* apache-***-providers-elasticsearch<5.5.1
* apache-***-providers-postgres<5.13.0
[2026-02-19T14:20:52.435+0000] {taskinstance.py:441} INFO - ::group::Post task execution logs
[2026-02-19T14:20:52.440+0000] {taskinstance.py:2905} ERROR - Task failed with exception
Traceback (most recent call last):
  File "/home/airflow/.local/lib/python3.12/site-packages/airflow/models/taskinstance.py", line 465, in _execute_task
    result = _execute_callable(context=context, **execute_callable_kwargs)
             ^^^^^^^^^^^^^^^^^^^^^^^^^^^^^^^^^^^^^^^^^^^^^^^^^^^^^^^^^^^^^
  File "/home/airflow/.local/lib/python3.12/site-packages/airflow/models/taskinstance.py", line 432, in _execute_callable
    return execute_callable(context=context, **execute_callable_kwargs)
           ^^^^^^^^^^^^^^^^^^^^^^^^^^^^^^^^^^^^^^^^^^^^^^^^^^^^^^^^^^^^
  File "/home/airflow/.local/lib/python3.12/site-packages/airflow/models/baseoperator.py", line 401, in wrapper
    return func(self, *args, **kwargs)
           ^^^^^^^^^^^^^^^^^^^^^^^^^^^
  File "/home/airflow/.local/lib/python3.12/site-packages/airflow/operators/python.py", line 235, in execute
    return_value = self.execute_callable()
                   ^^^^^^^^^^^^^^^^^^^^^^^
  File "/home/airflow/.local/lib/python3.12/site-packages/airflow/operators/python.py", line 252, in execute_callable
    return self.python_callable(*self.op_args, **self.op_kwargs)
           ^^^^^^^^^^^^^^^^^^^^^^^^^^^^^^^^^^^^^^^^^^^^^^^^^^^^^
  File "/opt/airflow/dags/stocks/scripts/manager.py", line 24, in fetch_data
    postgresHook.insert_rows(table="stocks", rows=rows,
  File "/home/airflow/.local/lib/python3.12/site-packages/airflow/providers/common/sql/hooks/sql.py", line 893, in insert_rows
    cur.executemany(sql, values)
psycopg2.errors.UniqueViolation: duplicate key value violates unique constraint "stocks_pkey"
DETAIL:  Key (ticker, date)=(AAPL, 2026-02-06) already exists.

[2026-02-19T14:20:52.465+0000] {taskinstance.py:1206} INFO - Marking task as FAILED. dag_id=dag_moex, task_id=task_AAPL, run_id=scheduled__2026-02-06T00:00:00+00:00, execution_date=20260206T000000, start_date=20260219T142051, end_date=20260219T142052
[2026-02-19T14:20:52.488+0000] {standard_task_runner.py:110} ERROR - Failed to execute job 1138 for task task_AAPL (duplicate key value violates unique constraint "stocks_pkey"
DETAIL:  Key (ticker, date)=(AAPL, 2026-02-06) already exists.
; 30883)
[2026-02-19T14:20:52.506+0000] {local_task_job_runner.py:243} INFO - Task exited with return code 1
[2026-02-19T14:20:52.539+0000] {taskinstance.py:3503} INFO - 0 downstream tasks scheduled from follow-on schedule check
[2026-02-19T14:20:52.551+0000] {local_task_job_runner.py:222} INFO - ::endgroup::
[2026-02-19T14:27:30.856+0000] {local_task_job_runner.py:120} INFO - ::group::Pre task execution logs
[2026-02-19T14:27:30.898+0000] {taskinstance.py:2076} INFO - Dependencies all met for dep_context=non-requeueable deps ti=<TaskInstance: dag_moex.task_AAPL scheduled__2026-02-06T00:00:00+00:00 [queued]>
[2026-02-19T14:27:30.910+0000] {taskinstance.py:2076} INFO - Dependencies all met for dep_context=requeueable deps ti=<TaskInstance: dag_moex.task_AAPL scheduled__2026-02-06T00:00:00+00:00 [queued]>
[2026-02-19T14:27:30.911+0000] {taskinstance.py:2306} INFO - Starting attempt 1 of 1
[2026-02-19T14:27:30.929+0000] {taskinstance.py:2330} INFO - Executing <Task(PythonOperator): task_AAPL> on 2026-02-06 00:00:00+00:00
[2026-02-19T14:27:30.941+0000] {logging_mixin.py:188} WARNING - /home/***/.local/lib/python3.12/site-packages/***/task/task_runner/standard_task_runner.py:62 DeprecationWarning: This process (pid=31226) is multi-threaded, use of fork() may lead to deadlocks in the child.
[2026-02-19T14:27:30.940+0000] {standard_task_runner.py:90} INFO - Running: ['***', 'tasks', 'run', 'dag_moex', 'task_AAPL', 'scheduled__2026-02-06T00:00:00+00:00', '--job-id', '1192', '--raw', '--subdir', 'DAGS_FOLDER/stocks/dag1.py', '--cfg-path', '/tmp/tmp_kxzralt']
[2026-02-19T14:27:30.943+0000] {standard_task_runner.py:64} INFO - Started process 31256 to run task
[2026-02-19T14:27:30.943+0000] {standard_task_runner.py:91} INFO - Job 1192: Subtask task_AAPL
[2026-02-19T14:27:30.995+0000] {task_command.py:426} INFO - Running <TaskInstance: dag_moex.task_AAPL scheduled__2026-02-06T00:00:00+00:00 [running]> on host cc036e7caf02
[2026-02-19T14:27:31.083+0000] {taskinstance.py:2648} INFO - Exporting env vars: AIRFLOW_CTX_DAG_OWNER='***' AIRFLOW_CTX_DAG_ID='dag_moex' AIRFLOW_CTX_TASK_ID='task_AAPL' AIRFLOW_CTX_EXECUTION_DATE='2026-02-06T00:00:00+00:00' AIRFLOW_CTX_TRY_NUMBER='1' AIRFLOW_CTX_DAG_RUN_ID='scheduled__2026-02-06T00:00:00+00:00'
[2026-02-19T14:27:31.084+0000] {taskinstance.py:430} INFO - ::endgroup::
[2026-02-19T14:27:31.097+0000] {logging_mixin.py:188} WARNING - /opt/***/dags/stocks/scripts/api.py:9 FutureWarning: YF.download() has changed argument auto_adjust default to True
[2026-02-19T14:27:31.106+0000] {logging_mixin.py:188} WARNING - /home/***/.local/lib/python3.12/site-packages/yfinance/scrapers/history.py:204 Pandas4Warning: Timestamp.utcnow is deprecated and will be removed in a future version. Use Timestamp.now('UTC') instead.
[2026-02-19T14:27:31.906+0000] {logging_mixin.py:188} WARNING - [*********************100%***********************]  1 of 1 completed
[2026-02-19T14:27:31.926+0000] {api.py:10} INFO - Выгрузилось
    __________________________
    Price            Close        High         Low        Open    Volume
Ticker            AAPL        AAPL        AAPL        AAPL      AAPL
Date                                                                
2026-02-05  275.652069  279.238709  272.974582  277.869995  52977400
2026-02-06  277.859985  280.647386  276.671095  276.860920  50453400
    __________________________
    
[2026-02-19T14:27:31.927+0000] {api.py:16} INFO - start=2026-02-05, end=2026-02-07
[2026-02-19T14:27:31.944+0000] {api.py:17} INFO - После удаления
    __________________________
    Price            Close        High         Low       Open    Volume
Ticker            AAPL        AAPL        AAPL       AAPL      AAPL
Date                                                               
2026-02-06  277.859985  280.647386  276.671095  276.86092  50453400
    __________________________
    
[2026-02-19T14:27:31.999+0000] {base.py:84} INFO - Using connection ID 'pg_1' for task execution.
[2026-02-19T14:27:32.004+0000] {sql.py:254} WARNING - This setter is for backward compatibility and should not be used.
Since the introduction of connection property, the providers listed below breaks due to assigning value to self.connection in their __init__ method.
* apache-***-providers-mysql<5.7.1
* apache-***-providers-elasticsearch<5.5.1
* apache-***-providers-postgres<5.13.0
[2026-02-19T14:27:32.015+0000] {sql.py:896} INFO - Loaded 1 rows into stocks so far
[2026-02-19T14:27:32.016+0000] {sql.py:908} INFO - Done loading. Loaded a total of 1 rows into stocks
[2026-02-19T14:27:32.026+0000] {python.py:237} INFO - Done. Returned value was: None
[2026-02-19T14:27:32.029+0000] {taskinstance.py:441} INFO - ::group::Post task execution logs
[2026-02-19T14:27:32.060+0000] {taskinstance.py:1206} INFO - Marking task as SUCCESS. dag_id=dag_moex, task_id=task_AAPL, run_id=scheduled__2026-02-06T00:00:00+00:00, execution_date=20260206T000000, start_date=20260219T142730, end_date=20260219T142732
[2026-02-19T14:27:32.285+0000] {local_task_job_runner.py:243} INFO - Task exited with return code 0
[2026-02-19T14:27:32.330+0000] {taskinstance.py:3503} INFO - 0 downstream tasks scheduled from follow-on schedule check
[2026-02-19T14:27:32.360+0000] {local_task_job_runner.py:222} INFO - ::endgroup::
[2026-02-19T14:40:52.064+0000] {local_task_job_runner.py:120} INFO - ::group::Pre task execution logs
[2026-02-19T14:40:52.104+0000] {taskinstance.py:2076} INFO - Dependencies all met for dep_context=non-requeueable deps ti=<TaskInstance: dag_moex.task_AAPL scheduled__2026-02-06T00:00:00+00:00 [queued]>
[2026-02-19T14:40:52.114+0000] {taskinstance.py:2076} INFO - Dependencies all met for dep_context=requeueable deps ti=<TaskInstance: dag_moex.task_AAPL scheduled__2026-02-06T00:00:00+00:00 [queued]>
[2026-02-19T14:40:52.115+0000] {taskinstance.py:2306} INFO - Starting attempt 1 of 1
[2026-02-19T14:40:52.129+0000] {taskinstance.py:2330} INFO - Executing <Task(PythonOperator): task_AAPL> on 2026-02-06 00:00:00+00:00
[2026-02-19T14:40:52.138+0000] {logging_mixin.py:188} WARNING - /home/***/.local/lib/python3.12/site-packages/***/task/task_runner/standard_task_runner.py:62 DeprecationWarning: This process (pid=31748) is multi-threaded, use of fork() may lead to deadlocks in the child.
[2026-02-19T14:40:52.140+0000] {standard_task_runner.py:64} INFO - Started process 31776 to run task
[2026-02-19T14:40:52.139+0000] {standard_task_runner.py:90} INFO - Running: ['***', 'tasks', 'run', 'dag_moex', 'task_AAPL', 'scheduled__2026-02-06T00:00:00+00:00', '--job-id', '1246', '--raw', '--subdir', 'DAGS_FOLDER/stocks/dag1.py', '--cfg-path', '/tmp/tmp2hakslhi']
[2026-02-19T14:40:52.141+0000] {standard_task_runner.py:91} INFO - Job 1246: Subtask task_AAPL
[2026-02-19T14:40:52.200+0000] {task_command.py:426} INFO - Running <TaskInstance: dag_moex.task_AAPL scheduled__2026-02-06T00:00:00+00:00 [running]> on host cc036e7caf02
[2026-02-19T14:40:52.290+0000] {taskinstance.py:2648} INFO - Exporting env vars: AIRFLOW_CTX_DAG_OWNER='***' AIRFLOW_CTX_DAG_ID='dag_moex' AIRFLOW_CTX_TASK_ID='task_AAPL' AIRFLOW_CTX_EXECUTION_DATE='2026-02-06T00:00:00+00:00' AIRFLOW_CTX_TRY_NUMBER='1' AIRFLOW_CTX_DAG_RUN_ID='scheduled__2026-02-06T00:00:00+00:00'
[2026-02-19T14:40:52.292+0000] {taskinstance.py:430} INFO - ::endgroup::
[2026-02-19T14:40:52.306+0000] {logging_mixin.py:188} WARNING - /opt/***/dags/stocks/scripts/api.py:9 FutureWarning: YF.download() has changed argument auto_adjust default to True
[2026-02-19T14:40:52.315+0000] {logging_mixin.py:188} WARNING - /home/***/.local/lib/python3.12/site-packages/yfinance/scrapers/history.py:204 Pandas4Warning: Timestamp.utcnow is deprecated and will be removed in a future version. Use Timestamp.now('UTC') instead.
[2026-02-19T14:40:53.062+0000] {logging_mixin.py:188} WARNING - [*********************100%***********************]  1 of 1 completed
[2026-02-19T14:40:53.091+0000] {api.py:10} INFO - Выгрузилось
    __________________________
    Price            Close        High         Low        Open    Volume
Ticker            AAPL        AAPL        AAPL        AAPL      AAPL
Date                                                                
2026-02-05  275.652069  279.238709  272.974582  277.869995  52977400
2026-02-06  277.859985  280.647386  276.671095  276.860920  50453400
    __________________________
    
[2026-02-19T14:40:53.092+0000] {taskinstance.py:441} INFO - ::group::Post task execution logs
[2026-02-19T14:40:53.092+0000] {taskinstance.py:2905} ERROR - Task failed with exception
Traceback (most recent call last):
  File "/home/airflow/.local/lib/python3.12/site-packages/airflow/models/taskinstance.py", line 465, in _execute_task
    result = _execute_callable(context=context, **execute_callable_kwargs)
             ^^^^^^^^^^^^^^^^^^^^^^^^^^^^^^^^^^^^^^^^^^^^^^^^^^^^^^^^^^^^^
  File "/home/airflow/.local/lib/python3.12/site-packages/airflow/models/taskinstance.py", line 432, in _execute_callable
    return execute_callable(context=context, **execute_callable_kwargs)
           ^^^^^^^^^^^^^^^^^^^^^^^^^^^^^^^^^^^^^^^^^^^^^^^^^^^^^^^^^^^^
  File "/home/airflow/.local/lib/python3.12/site-packages/airflow/models/baseoperator.py", line 401, in wrapper
    return func(self, *args, **kwargs)
           ^^^^^^^^^^^^^^^^^^^^^^^^^^^
  File "/home/airflow/.local/lib/python3.12/site-packages/airflow/operators/python.py", line 235, in execute
    return_value = self.execute_callable()
                   ^^^^^^^^^^^^^^^^^^^^^^^
  File "/home/airflow/.local/lib/python3.12/site-packages/airflow/operators/python.py", line 252, in execute_callable
    return self.python_callable(*self.op_args, **self.op_kwargs)
           ^^^^^^^^^^^^^^^^^^^^^^^^^^^^^^^^^^^^^^^^^^^^^^^^^^^^^
  File "/opt/airflow/dags/stocks/scripts/manager.py", line 11, in fetch_data
    data = fetch_data_from_yfinance(stock, data_interval_start=data_interval_start, data_interval_end=data_interval_end)
           ^^^^^^^^^^^^^^^^^^^^^^^^^^^^^^^^^^^^^^^^^^^^^^^^^^^^^^^^^^^^^^^^^^^^^^^^^^^^^^^^^^^^^^^^^^^^^^^^^^^^^^^^^^^^^
  File "/opt/airflow/dags/stocks/scripts/api.py", line 15, in fetch_data_from_yfinance
    df = df.loc[start:start + timedelta(days=1)]
                      ~~~~~~^~~~~~~~~~~~~~~~~~~
TypeError: can only concatenate str (not "datetime.timedelta") to str
[2026-02-19T14:40:53.107+0000] {taskinstance.py:1206} INFO - Marking task as FAILED. dag_id=dag_moex, task_id=task_AAPL, run_id=scheduled__2026-02-06T00:00:00+00:00, execution_date=20260206T000000, start_date=20260219T144052, end_date=20260219T144053
[2026-02-19T14:40:53.119+0000] {standard_task_runner.py:110} ERROR - Failed to execute job 1246 for task task_AAPL (can only concatenate str (not "datetime.timedelta") to str; 31776)
[2026-02-19T14:40:53.157+0000] {local_task_job_runner.py:243} INFO - Task exited with return code 1
[2026-02-19T14:40:53.180+0000] {taskinstance.py:3503} INFO - 0 downstream tasks scheduled from follow-on schedule check
[2026-02-19T14:40:53.184+0000] {local_task_job_runner.py:222} INFO - ::endgroup::
[2026-02-19T14:44:59.304+0000] {local_task_job_runner.py:120} INFO - ::group::Pre task execution logs
[2026-02-19T14:44:59.353+0000] {taskinstance.py:2076} INFO - Dependencies all met for dep_context=non-requeueable deps ti=<TaskInstance: dag_moex.task_AAPL scheduled__2026-02-06T00:00:00+00:00 [queued]>
[2026-02-19T14:44:59.365+0000] {taskinstance.py:2076} INFO - Dependencies all met for dep_context=requeueable deps ti=<TaskInstance: dag_moex.task_AAPL scheduled__2026-02-06T00:00:00+00:00 [queued]>
[2026-02-19T14:44:59.366+0000] {taskinstance.py:2306} INFO - Starting attempt 1 of 1
[2026-02-19T14:44:59.381+0000] {taskinstance.py:2330} INFO - Executing <Task(PythonOperator): task_AAPL> on 2026-02-06 00:00:00+00:00
[2026-02-19T14:44:59.393+0000] {logging_mixin.py:188} WARNING - /home/***/.local/lib/python3.12/site-packages/***/task/task_runner/standard_task_runner.py:62 DeprecationWarning: This process (pid=32061) is multi-threaded, use of fork() may lead to deadlocks in the child.
[2026-02-19T14:44:59.392+0000] {standard_task_runner.py:90} INFO - Running: ['***', 'tasks', 'run', 'dag_moex', 'task_AAPL', 'scheduled__2026-02-06T00:00:00+00:00', '--job-id', '1300', '--raw', '--subdir', 'DAGS_FOLDER/stocks/dag1.py', '--cfg-path', '/tmp/tmp9nxpkcog']
[2026-02-19T14:44:59.395+0000] {standard_task_runner.py:64} INFO - Started process 32090 to run task
[2026-02-19T14:44:59.396+0000] {standard_task_runner.py:91} INFO - Job 1300: Subtask task_AAPL
[2026-02-19T14:44:59.445+0000] {task_command.py:426} INFO - Running <TaskInstance: dag_moex.task_AAPL scheduled__2026-02-06T00:00:00+00:00 [running]> on host cc036e7caf02
[2026-02-19T14:44:59.533+0000] {taskinstance.py:2648} INFO - Exporting env vars: AIRFLOW_CTX_DAG_OWNER='***' AIRFLOW_CTX_DAG_ID='dag_moex' AIRFLOW_CTX_TASK_ID='task_AAPL' AIRFLOW_CTX_EXECUTION_DATE='2026-02-06T00:00:00+00:00' AIRFLOW_CTX_TRY_NUMBER='1' AIRFLOW_CTX_DAG_RUN_ID='scheduled__2026-02-06T00:00:00+00:00'
[2026-02-19T14:44:59.535+0000] {taskinstance.py:430} INFO - ::endgroup::
[2026-02-19T14:44:59.549+0000] {logging_mixin.py:188} WARNING - /opt/***/dags/stocks/scripts/api.py:9 FutureWarning: YF.download() has changed argument auto_adjust default to True
[2026-02-19T14:44:59.557+0000] {logging_mixin.py:188} WARNING - /home/***/.local/lib/python3.12/site-packages/yfinance/scrapers/history.py:204 Pandas4Warning: Timestamp.utcnow is deprecated and will be removed in a future version. Use Timestamp.now('UTC') instead.
[2026-02-19T14:45:00.412+0000] {logging_mixin.py:188} WARNING - [*********************100%***********************]  1 of 1 completed
[2026-02-19T14:45:00.512+0000] {base.py:84} INFO - Using connection ID 'pg_1' for task execution.
[2026-02-19T14:45:00.517+0000] {sql.py:254} WARNING - This setter is for backward compatibility and should not be used.
Since the introduction of connection property, the providers listed below breaks due to assigning value to self.connection in their __init__ method.
* apache-***-providers-mysql<5.7.1
* apache-***-providers-elasticsearch<5.5.1
* apache-***-providers-postgres<5.13.0
[2026-02-19T14:45:00.538+0000] {sql.py:896} INFO - Loaded 2 rows into stocks so far
[2026-02-19T14:45:00.541+0000] {sql.py:908} INFO - Done loading. Loaded a total of 2 rows into stocks
[2026-02-19T14:45:00.552+0000] {python.py:237} INFO - Done. Returned value was: None
[2026-02-19T14:45:00.553+0000] {taskinstance.py:441} INFO - ::group::Post task execution logs
[2026-02-19T14:45:00.571+0000] {taskinstance.py:1206} INFO - Marking task as SUCCESS. dag_id=dag_moex, task_id=task_AAPL, run_id=scheduled__2026-02-06T00:00:00+00:00, execution_date=20260206T000000, start_date=20260219T144459, end_date=20260219T144500
[2026-02-19T14:45:00.660+0000] {local_task_job_runner.py:243} INFO - Task exited with return code 0
[2026-02-19T14:45:00.723+0000] {taskinstance.py:3503} INFO - 0 downstream tasks scheduled from follow-on schedule check
[2026-02-19T14:45:00.737+0000] {local_task_job_runner.py:222} INFO - ::endgroup::
[2026-02-19T14:50:52.426+0000] {local_task_job_runner.py:120} INFO - ::group::Pre task execution logs
[2026-02-19T14:50:52.474+0000] {taskinstance.py:2076} INFO - Dependencies all met for dep_context=non-requeueable deps ti=<TaskInstance: dag_moex.task_AAPL scheduled__2026-02-06T00:00:00+00:00 [queued]>
[2026-02-19T14:50:52.483+0000] {taskinstance.py:2076} INFO - Dependencies all met for dep_context=requeueable deps ti=<TaskInstance: dag_moex.task_AAPL scheduled__2026-02-06T00:00:00+00:00 [queued]>
[2026-02-19T14:50:52.484+0000] {taskinstance.py:2306} INFO - Starting attempt 1 of 1
[2026-02-19T14:50:52.498+0000] {taskinstance.py:2330} INFO - Executing <Task(PythonOperator): task_AAPL> on 2026-02-06 00:00:00+00:00
[2026-02-19T14:50:52.510+0000] {logging_mixin.py:188} WARNING - /home/***/.local/lib/python3.12/site-packages/***/task/task_runner/standard_task_runner.py:62 DeprecationWarning: This process (pid=32799) is multi-threaded, use of fork() may lead to deadlocks in the child.
[2026-02-19T14:50:52.512+0000] {standard_task_runner.py:64} INFO - Started process 32829 to run task
[2026-02-19T14:50:52.510+0000] {standard_task_runner.py:90} INFO - Running: ['***', 'tasks', 'run', 'dag_moex', 'task_AAPL', 'scheduled__2026-02-06T00:00:00+00:00', '--job-id', '1449', '--raw', '--subdir', 'DAGS_FOLDER/stocks/dag1.py', '--cfg-path', '/tmp/tmpp3lzpjdh']
[2026-02-19T14:50:52.512+0000] {standard_task_runner.py:91} INFO - Job 1449: Subtask task_AAPL
[2026-02-19T14:50:52.574+0000] {task_command.py:426} INFO - Running <TaskInstance: dag_moex.task_AAPL scheduled__2026-02-06T00:00:00+00:00 [running]> on host cc036e7caf02
[2026-02-19T14:50:52.661+0000] {taskinstance.py:2648} INFO - Exporting env vars: AIRFLOW_CTX_DAG_OWNER='***' AIRFLOW_CTX_DAG_ID='dag_moex' AIRFLOW_CTX_TASK_ID='task_AAPL' AIRFLOW_CTX_EXECUTION_DATE='2026-02-06T00:00:00+00:00' AIRFLOW_CTX_TRY_NUMBER='1' AIRFLOW_CTX_DAG_RUN_ID='scheduled__2026-02-06T00:00:00+00:00'
[2026-02-19T14:50:52.662+0000] {taskinstance.py:430} INFO - ::endgroup::
[2026-02-19T14:50:52.674+0000] {logging_mixin.py:188} WARNING - /opt/***/dags/stocks/scripts/api.py:9 FutureWarning: YF.download() has changed argument auto_adjust default to True
[2026-02-19T14:50:52.681+0000] {logging_mixin.py:188} WARNING - /home/***/.local/lib/python3.12/site-packages/yfinance/scrapers/history.py:204 Pandas4Warning: Timestamp.utcnow is deprecated and will be removed in a future version. Use Timestamp.now('UTC') instead.
[2026-02-19T14:50:53.490+0000] {logging_mixin.py:188} WARNING - [*********************100%***********************]  1 of 1 completed
[2026-02-19T14:50:53.505+0000] {base.py:84} INFO - Using connection ID 'pg_1' for task execution.
[2026-02-19T14:50:53.505+0000] {sql.py:254} WARNING - This setter is for backward compatibility and should not be used.
Since the introduction of connection property, the providers listed below breaks due to assigning value to self.connection in their __init__ method.
* apache-***-providers-mysql<5.7.1
* apache-***-providers-elasticsearch<5.5.1
* apache-***-providers-postgres<5.13.0
[2026-02-19T14:50:53.509+0000] {taskinstance.py:441} INFO - ::group::Post task execution logs
[2026-02-19T14:50:53.510+0000] {taskinstance.py:2905} ERROR - Task failed with exception
Traceback (most recent call last):
  File "/home/airflow/.local/lib/python3.12/site-packages/airflow/models/taskinstance.py", line 465, in _execute_task
    result = _execute_callable(context=context, **execute_callable_kwargs)
             ^^^^^^^^^^^^^^^^^^^^^^^^^^^^^^^^^^^^^^^^^^^^^^^^^^^^^^^^^^^^^
  File "/home/airflow/.local/lib/python3.12/site-packages/airflow/models/taskinstance.py", line 432, in _execute_callable
    return execute_callable(context=context, **execute_callable_kwargs)
           ^^^^^^^^^^^^^^^^^^^^^^^^^^^^^^^^^^^^^^^^^^^^^^^^^^^^^^^^^^^^
  File "/home/airflow/.local/lib/python3.12/site-packages/airflow/models/baseoperator.py", line 401, in wrapper
    return func(self, *args, **kwargs)
           ^^^^^^^^^^^^^^^^^^^^^^^^^^^
  File "/home/airflow/.local/lib/python3.12/site-packages/airflow/operators/python.py", line 235, in execute
    return_value = self.execute_callable()
                   ^^^^^^^^^^^^^^^^^^^^^^^
  File "/home/airflow/.local/lib/python3.12/site-packages/airflow/operators/python.py", line 252, in execute_callable
    return self.python_callable(*self.op_args, **self.op_kwargs)
           ^^^^^^^^^^^^^^^^^^^^^^^^^^^^^^^^^^^^^^^^^^^^^^^^^^^^^
  File "/opt/airflow/dags/stocks/scripts/manager.py", line 24, in fetch_data
    postgresHook.insert_rows(table="stocks", rows=rows,
  File "/home/airflow/.local/lib/python3.12/site-packages/airflow/providers/common/sql/hooks/sql.py", line 893, in insert_rows
    cur.executemany(sql, values)
psycopg2.errors.UniqueViolation: duplicate key value violates unique constraint "stocks_pkey"
DETAIL:  Key (ticker, date)=(AAPL, 2026-02-05) already exists.

[2026-02-19T14:50:53.518+0000] {taskinstance.py:1206} INFO - Marking task as FAILED. dag_id=dag_moex, task_id=task_AAPL, run_id=scheduled__2026-02-06T00:00:00+00:00, execution_date=20260206T000000, start_date=20260219T145052, end_date=20260219T145053
[2026-02-19T14:50:53.527+0000] {standard_task_runner.py:110} ERROR - Failed to execute job 1449 for task task_AAPL (duplicate key value violates unique constraint "stocks_pkey"
DETAIL:  Key (ticker, date)=(AAPL, 2026-02-05) already exists.
; 32829)
[2026-02-19T14:50:53.567+0000] {local_task_job_runner.py:243} INFO - Task exited with return code 1
[2026-02-19T14:50:53.578+0000] {taskinstance.py:3503} INFO - 0 downstream tasks scheduled from follow-on schedule check
[2026-02-19T14:50:53.580+0000] {local_task_job_runner.py:222} INFO - ::endgroup::
