[2026-02-18T07:13:04.960+0000] {local_task_job_runner.py:120} INFO - ::group::Pre task execution logs
[2026-02-18T07:13:05.021+0000] {taskinstance.py:2076} INFO - Dependencies all met for dep_context=non-requeueable deps ti=<TaskInstance: dag_moex.task_TSLA scheduled__2026-01-25T00:00:00+00:00 [queued]>
[2026-02-18T07:13:05.044+0000] {taskinstance.py:2076} INFO - Dependencies all met for dep_context=requeueable deps ti=<TaskInstance: dag_moex.task_TSLA scheduled__2026-01-25T00:00:00+00:00 [queued]>
[2026-02-18T07:13:05.050+0000] {taskinstance.py:2306} INFO - Starting attempt 1 of 1
[2026-02-18T07:13:05.083+0000] {taskinstance.py:2330} INFO - Executing <Task(PythonOperator): task_TSLA> on 2026-01-25 00:00:00+00:00
[2026-02-18T07:13:05.104+0000] {logging_mixin.py:188} WARNING - /home/***/.local/lib/python3.12/site-packages/***/task/task_runner/standard_task_runner.py:62 DeprecationWarning: This process (pid=1548) is multi-threaded, use of fork() may lead to deadlocks in the child.
[2026-02-18T07:13:05.108+0000] {standard_task_runner.py:64} INFO - Started process 1574 to run task
[2026-02-18T07:13:05.103+0000] {standard_task_runner.py:90} INFO - Running: ['***', 'tasks', 'run', 'dag_moex', 'task_TSLA', 'scheduled__2026-01-25T00:00:00+00:00', '--job-id', '450', '--raw', '--subdir', 'DAGS_FOLDER/stocks/dag1.py', '--cfg-path', '/tmp/tmpivm07s_f']
[2026-02-18T07:13:05.112+0000] {standard_task_runner.py:91} INFO - Job 450: Subtask task_TSLA
[2026-02-18T07:13:05.210+0000] {task_command.py:426} INFO - Running <TaskInstance: dag_moex.task_TSLA scheduled__2026-01-25T00:00:00+00:00 [running]> on host cc036e7caf02
[2026-02-18T07:13:05.343+0000] {taskinstance.py:2648} INFO - Exporting env vars: AIRFLOW_CTX_DAG_OWNER='***' AIRFLOW_CTX_DAG_ID='dag_moex' AIRFLOW_CTX_TASK_ID='task_TSLA' AIRFLOW_CTX_EXECUTION_DATE='2026-01-25T00:00:00+00:00' AIRFLOW_CTX_TRY_NUMBER='1' AIRFLOW_CTX_DAG_RUN_ID='scheduled__2026-01-25T00:00:00+00:00'
[2026-02-18T07:13:05.345+0000] {taskinstance.py:430} INFO - ::endgroup::
[2026-02-18T07:13:05.362+0000] {manager.py:8} INFO - log
[2026-02-18T07:13:05.365+0000] {logging_mixin.py:188} WARNING - /opt/***/dags/stocks/scripts/api.py:9 FutureWarning: YF.download() has changed argument auto_adjust default to True
[2026-02-18T07:13:05.374+0000] {logging_mixin.py:188} WARNING - /home/***/.local/lib/python3.12/site-packages/yfinance/scrapers/history.py:204 Pandas4Warning: Timestamp.utcnow is deprecated and will be removed in a future version. Use Timestamp.now('UTC') instead.
[2026-02-18T07:13:06.123+0000] {logging_mixin.py:188} WARNING - [*********************100%***********************]  1 of 1 completed
[2026-02-18T07:13:06.124+0000] {multi.py:185} ERROR - 
1 Failed download:
[2026-02-18T07:13:06.124+0000] {multi.py:198} ERROR - ['TSLA']: YFPricesMissingError('possibly delisted; no price data found  (1d 2026-01-24 -> 2026-01-26)')
[2026-02-18T07:13:06.137+0000] {taskinstance.py:441} INFO - ::group::Post task execution logs
[2026-02-18T07:13:06.138+0000] {taskinstance.py:2905} ERROR - Task failed with exception
Traceback (most recent call last):
  File "/home/airflow/.local/lib/python3.12/site-packages/airflow/models/taskinstance.py", line 465, in _execute_task
    result = _execute_callable(context=context, **execute_callable_kwargs)
             ^^^^^^^^^^^^^^^^^^^^^^^^^^^^^^^^^^^^^^^^^^^^^^^^^^^^^^^^^^^^^
  File "/home/airflow/.local/lib/python3.12/site-packages/airflow/models/taskinstance.py", line 432, in _execute_callable
    return execute_callable(context=context, **execute_callable_kwargs)
           ^^^^^^^^^^^^^^^^^^^^^^^^^^^^^^^^^^^^^^^^^^^^^^^^^^^^^^^^^^^^
  File "/home/airflow/.local/lib/python3.12/site-packages/airflow/models/baseoperator.py", line 401, in wrapper
    return func(self, *args, **kwargs)
           ^^^^^^^^^^^^^^^^^^^^^^^^^^^
  File "/home/airflow/.local/lib/python3.12/site-packages/airflow/operators/python.py", line 235, in execute
    return_value = self.execute_callable()
                   ^^^^^^^^^^^^^^^^^^^^^^^
  File "/home/airflow/.local/lib/python3.12/site-packages/airflow/operators/python.py", line 252, in execute_callable
    return self.python_callable(*self.op_args, **self.op_kwargs)
           ^^^^^^^^^^^^^^^^^^^^^^^^^^^^^^^^^^^^^^^^^^^^^^^^^^^^^
  File "/opt/airflow/dags/stocks/scripts/manager.py", line 9, in fetch_data
    data = fetch_data_from_yfinance(stock, data_interval_start=data_interval_start, data_interval_end=data_interval_end)
           ^^^^^^^^^^^^^^^^^^^^^^^^^^^^^^^^^^^^^^^^^^^^^^^^^^^^^^^^^^^^^^^^^^^^^^^^^^^^^^^^^^^^^^^^^^^^^^^^^^^^^^^^^^^^^
  File "/opt/airflow/dags/stocks/scripts/api.py", line 10, in fetch_data_from_yfinance
    df.drop(index=start, inplace=True)
  File "/home/airflow/.local/lib/python3.12/site-packages/pandas/core/frame.py", line 6288, in drop
    return super().drop(
           ^^^^^^^^^^^^^
  File "/home/airflow/.local/lib/python3.12/site-packages/pandas/core/generic.py", line 4644, in drop
    obj = obj._drop_axis(labels, axis, level=level, errors=errors)
          ^^^^^^^^^^^^^^^^^^^^^^^^^^^^^^^^^^^^^^^^^^^^^^^^^^^^^^^^
  File "/home/airflow/.local/lib/python3.12/site-packages/pandas/core/generic.py", line 4686, in _drop_axis
    new_axis = axis.drop(labels, errors=errors)
               ^^^^^^^^^^^^^^^^^^^^^^^^^^^^^^^^
  File "/home/airflow/.local/lib/python3.12/site-packages/pandas/core/indexes/base.py", line 7268, in drop
    raise KeyError(f"{labels[mask].tolist()} not found in axis")
KeyError: "['2026-01-24'] not found in axis"
[2026-02-18T07:13:06.159+0000] {taskinstance.py:1206} INFO - Marking task as FAILED. dag_id=dag_moex, task_id=task_TSLA, run_id=scheduled__2026-01-25T00:00:00+00:00, execution_date=20260125T000000, start_date=20260218T071305, end_date=20260218T071306
[2026-02-18T07:13:06.171+0000] {standard_task_runner.py:110} ERROR - Failed to execute job 450 for task task_TSLA ("['2026-01-24'] not found in axis"; 1574)
[2026-02-18T07:13:06.217+0000] {local_task_job_runner.py:243} INFO - Task exited with return code 1
[2026-02-18T07:13:06.226+0000] {local_task_job_runner.py:222} INFO - ::endgroup::
[2026-02-19T14:50:39.603+0000] {local_task_job_runner.py:120} INFO - ::group::Pre task execution logs
[2026-02-19T14:50:39.648+0000] {taskinstance.py:2076} INFO - Dependencies all met for dep_context=non-requeueable deps ti=<TaskInstance: dag_moex.task_TSLA scheduled__2026-01-25T00:00:00+00:00 [queued]>
[2026-02-19T14:50:39.660+0000] {taskinstance.py:2076} INFO - Dependencies all met for dep_context=requeueable deps ti=<TaskInstance: dag_moex.task_TSLA scheduled__2026-01-25T00:00:00+00:00 [queued]>
[2026-02-19T14:50:39.660+0000] {taskinstance.py:2306} INFO - Starting attempt 1 of 1
[2026-02-19T14:50:39.674+0000] {taskinstance.py:2330} INFO - Executing <Task(PythonOperator): task_TSLA> on 2026-01-25 00:00:00+00:00
[2026-02-19T14:50:39.686+0000] {logging_mixin.py:188} WARNING - /home/***/.local/lib/python3.12/site-packages/***/task/task_runner/standard_task_runner.py:62 DeprecationWarning: This process (pid=32651) is multi-threaded, use of fork() may lead to deadlocks in the child.
[2026-02-19T14:50:39.688+0000] {standard_task_runner.py:64} INFO - Started process 32680 to run task
[2026-02-19T14:50:39.686+0000] {standard_task_runner.py:90} INFO - Running: ['***', 'tasks', 'run', 'dag_moex', 'task_TSLA', 'scheduled__2026-01-25T00:00:00+00:00', '--job-id', '1412', '--raw', '--subdir', 'DAGS_FOLDER/stocks/dag1.py', '--cfg-path', '/tmp/tmp0yo7qbp2']
[2026-02-19T14:50:39.693+0000] {standard_task_runner.py:91} INFO - Job 1412: Subtask task_TSLA
[2026-02-19T14:50:39.751+0000] {task_command.py:426} INFO - Running <TaskInstance: dag_moex.task_TSLA scheduled__2026-01-25T00:00:00+00:00 [running]> on host cc036e7caf02
[2026-02-19T14:50:39.851+0000] {taskinstance.py:2648} INFO - Exporting env vars: AIRFLOW_CTX_DAG_OWNER='***' AIRFLOW_CTX_DAG_ID='dag_moex' AIRFLOW_CTX_TASK_ID='task_TSLA' AIRFLOW_CTX_EXECUTION_DATE='2026-01-25T00:00:00+00:00' AIRFLOW_CTX_TRY_NUMBER='1' AIRFLOW_CTX_DAG_RUN_ID='scheduled__2026-01-25T00:00:00+00:00'
[2026-02-19T14:50:39.852+0000] {taskinstance.py:430} INFO - ::endgroup::
[2026-02-19T14:50:39.867+0000] {logging_mixin.py:188} WARNING - /opt/***/dags/stocks/scripts/api.py:9 FutureWarning: YF.download() has changed argument auto_adjust default to True
[2026-02-19T14:50:39.875+0000] {logging_mixin.py:188} WARNING - /home/***/.local/lib/python3.12/site-packages/yfinance/scrapers/history.py:204 Pandas4Warning: Timestamp.utcnow is deprecated and will be removed in a future version. Use Timestamp.now('UTC') instead.
[2026-02-19T14:50:40.538+0000] {logging_mixin.py:188} WARNING - [*********************100%***********************]  1 of 1 completed
[2026-02-19T14:50:40.539+0000] {multi.py:185} ERROR - 
1 Failed download:
[2026-02-19T14:50:40.539+0000] {multi.py:198} ERROR - ['TSLA']: YFPricesMissingError('possibly delisted; no price data found  (1d 2026-01-24 -> 2026-01-26)')
[2026-02-19T14:50:40.569+0000] {base.py:84} INFO - Using connection ID 'pg_1' for task execution.
[2026-02-19T14:50:40.570+0000] {sql.py:254} WARNING - This setter is for backward compatibility and should not be used.
Since the introduction of connection property, the providers listed below breaks due to assigning value to self.connection in their __init__ method.
* apache-***-providers-mysql<5.7.1
* apache-***-providers-elasticsearch<5.5.1
* apache-***-providers-postgres<5.13.0
[2026-02-19T14:50:40.575+0000] {sql.py:908} INFO - Done loading. Loaded a total of 0 rows into stocks
[2026-02-19T14:50:40.582+0000] {python.py:237} INFO - Done. Returned value was: None
[2026-02-19T14:50:40.583+0000] {taskinstance.py:441} INFO - ::group::Post task execution logs
[2026-02-19T14:50:40.594+0000] {taskinstance.py:1206} INFO - Marking task as SUCCESS. dag_id=dag_moex, task_id=task_TSLA, run_id=scheduled__2026-01-25T00:00:00+00:00, execution_date=20260125T000000, start_date=20260219T145039, end_date=20260219T145040
[2026-02-19T14:50:40.624+0000] {local_task_job_runner.py:243} INFO - Task exited with return code 0
[2026-02-19T14:50:40.642+0000] {taskinstance.py:3503} INFO - 0 downstream tasks scheduled from follow-on schedule check
[2026-02-19T14:50:40.643+0000] {local_task_job_runner.py:222} INFO - ::endgroup::
[2026-02-19T14:53:16.787+0000] {local_task_job_runner.py:120} INFO - ::group::Pre task execution logs
[2026-02-19T14:53:16.823+0000] {taskinstance.py:2076} INFO - Dependencies all met for dep_context=non-requeueable deps ti=<TaskInstance: dag_moex.task_TSLA scheduled__2026-01-25T00:00:00+00:00 [queued]>
[2026-02-19T14:53:16.832+0000] {taskinstance.py:2076} INFO - Dependencies all met for dep_context=requeueable deps ti=<TaskInstance: dag_moex.task_TSLA scheduled__2026-01-25T00:00:00+00:00 [queued]>
[2026-02-19T14:53:16.833+0000] {taskinstance.py:2306} INFO - Starting attempt 1 of 1
[2026-02-19T14:53:16.941+0000] {taskinstance.py:2330} INFO - Executing <Task(PythonOperator): task_TSLA> on 2026-01-25 00:00:00+00:00
[2026-02-19T14:53:16.954+0000] {logging_mixin.py:188} WARNING - /home/***/.local/lib/python3.12/site-packages/***/task/task_runner/standard_task_runner.py:62 DeprecationWarning: This process (pid=33193) is multi-threaded, use of fork() may lead to deadlocks in the child.
[2026-02-19T14:53:16.954+0000] {standard_task_runner.py:90} INFO - Running: ['***', 'tasks', 'run', 'dag_moex', 'task_TSLA', 'scheduled__2026-01-25T00:00:00+00:00', '--job-id', '1521', '--raw', '--subdir', 'DAGS_FOLDER/stocks/dag1.py', '--cfg-path', '/tmp/tmpq_ogvdgn']
[2026-02-19T14:53:16.956+0000] {standard_task_runner.py:64} INFO - Started process 33221 to run task
[2026-02-19T14:53:16.956+0000] {standard_task_runner.py:91} INFO - Job 1521: Subtask task_TSLA
[2026-02-19T14:53:17.027+0000] {task_command.py:426} INFO - Running <TaskInstance: dag_moex.task_TSLA scheduled__2026-01-25T00:00:00+00:00 [running]> on host cc036e7caf02
[2026-02-19T14:53:17.111+0000] {taskinstance.py:2648} INFO - Exporting env vars: AIRFLOW_CTX_DAG_OWNER='***' AIRFLOW_CTX_DAG_ID='dag_moex' AIRFLOW_CTX_TASK_ID='task_TSLA' AIRFLOW_CTX_EXECUTION_DATE='2026-01-25T00:00:00+00:00' AIRFLOW_CTX_TRY_NUMBER='1' AIRFLOW_CTX_DAG_RUN_ID='scheduled__2026-01-25T00:00:00+00:00'
[2026-02-19T14:53:17.112+0000] {taskinstance.py:430} INFO - ::endgroup::
[2026-02-19T14:53:17.123+0000] {logging_mixin.py:188} WARNING - /opt/***/dags/stocks/scripts/api.py:9 FutureWarning: YF.download() has changed argument auto_adjust default to True
[2026-02-19T14:53:17.133+0000] {logging_mixin.py:188} WARNING - /home/***/.local/lib/python3.12/site-packages/yfinance/scrapers/history.py:204 Pandas4Warning: Timestamp.utcnow is deprecated and will be removed in a future version. Use Timestamp.now('UTC') instead.
[2026-02-19T14:53:17.799+0000] {logging_mixin.py:188} WARNING - [*********************100%***********************]  1 of 1 completed
[2026-02-19T14:53:17.800+0000] {multi.py:185} ERROR - 
1 Failed download:
[2026-02-19T14:53:17.800+0000] {multi.py:198} ERROR - ['TSLA']: YFPricesMissingError('possibly delisted; no price data found  (1d 2026-01-24 -> 2026-01-26)')
[2026-02-19T14:53:17.820+0000] {base.py:84} INFO - Using connection ID 'pg_1' for task execution.
[2026-02-19T14:53:17.821+0000] {sql.py:254} WARNING - This setter is for backward compatibility and should not be used.
Since the introduction of connection property, the providers listed below breaks due to assigning value to self.connection in their __init__ method.
* apache-***-providers-mysql<5.7.1
* apache-***-providers-elasticsearch<5.5.1
* apache-***-providers-postgres<5.13.0
[2026-02-19T14:53:17.824+0000] {sql.py:908} INFO - Done loading. Loaded a total of 0 rows into stocks
[2026-02-19T14:53:17.829+0000] {python.py:237} INFO - Done. Returned value was: None
[2026-02-19T14:53:17.829+0000] {taskinstance.py:441} INFO - ::group::Post task execution logs
[2026-02-19T14:53:17.836+0000] {taskinstance.py:1206} INFO - Marking task as SUCCESS. dag_id=dag_moex, task_id=task_TSLA, run_id=scheduled__2026-01-25T00:00:00+00:00, execution_date=20260125T000000, start_date=20260219T145316, end_date=20260219T145317
[2026-02-19T14:53:17.856+0000] {local_task_job_runner.py:243} INFO - Task exited with return code 0
[2026-02-19T14:53:17.868+0000] {taskinstance.py:3503} INFO - 0 downstream tasks scheduled from follow-on schedule check
[2026-02-19T14:53:17.870+0000] {local_task_job_runner.py:222} INFO - ::endgroup::
