[2026-02-18T07:12:59.880+0000] {local_task_job_runner.py:120} INFO - ::group::Pre task execution logs
[2026-02-18T07:12:59.940+0000] {taskinstance.py:2076} INFO - Dependencies all met for dep_context=non-requeueable deps ti=<TaskInstance: dag_moex.task_TSLA scheduled__2026-01-17T00:00:00+00:00 [queued]>
[2026-02-18T07:12:59.959+0000] {taskinstance.py:2076} INFO - Dependencies all met for dep_context=requeueable deps ti=<TaskInstance: dag_moex.task_TSLA scheduled__2026-01-17T00:00:00+00:00 [queued]>
[2026-02-18T07:12:59.960+0000] {taskinstance.py:2306} INFO - Starting attempt 1 of 1
[2026-02-18T07:12:59.992+0000] {taskinstance.py:2330} INFO - Executing <Task(PythonOperator): task_TSLA> on 2026-01-17 00:00:00+00:00
[2026-02-18T07:13:00.007+0000] {standard_task_runner.py:90} INFO - Running: ['***', 'tasks', 'run', 'dag_moex', 'task_TSLA', 'scheduled__2026-01-17T00:00:00+00:00', '--job-id', '434', '--raw', '--subdir', 'DAGS_FOLDER/stocks/dag1.py', '--cfg-path', '/tmp/tmp71s0vdqh']
[2026-02-18T07:13:00.010+0000] {logging_mixin.py:188} WARNING - /home/***/.local/lib/python3.12/site-packages/***/task/task_runner/standard_task_runner.py:62 DeprecationWarning: This process (pid=1476) is multi-threaded, use of fork() may lead to deadlocks in the child.
[2026-02-18T07:13:00.012+0000] {standard_task_runner.py:64} INFO - Started process 1510 to run task
[2026-02-18T07:13:00.011+0000] {standard_task_runner.py:91} INFO - Job 434: Subtask task_TSLA
[2026-02-18T07:13:00.096+0000] {task_command.py:426} INFO - Running <TaskInstance: dag_moex.task_TSLA scheduled__2026-01-17T00:00:00+00:00 [running]> on host cc036e7caf02
[2026-02-18T07:13:00.228+0000] {taskinstance.py:2648} INFO - Exporting env vars: AIRFLOW_CTX_DAG_OWNER='***' AIRFLOW_CTX_DAG_ID='dag_moex' AIRFLOW_CTX_TASK_ID='task_TSLA' AIRFLOW_CTX_EXECUTION_DATE='2026-01-17T00:00:00+00:00' AIRFLOW_CTX_TRY_NUMBER='1' AIRFLOW_CTX_DAG_RUN_ID='scheduled__2026-01-17T00:00:00+00:00'
[2026-02-18T07:13:00.230+0000] {taskinstance.py:430} INFO - ::endgroup::
[2026-02-18T07:13:00.246+0000] {manager.py:8} INFO - log
[2026-02-18T07:13:00.249+0000] {logging_mixin.py:188} WARNING - /opt/***/dags/stocks/scripts/api.py:9 FutureWarning: YF.download() has changed argument auto_adjust default to True
[2026-02-18T07:13:00.261+0000] {logging_mixin.py:188} WARNING - /home/***/.local/lib/python3.12/site-packages/yfinance/scrapers/history.py:204 Pandas4Warning: Timestamp.utcnow is deprecated and will be removed in a future version. Use Timestamp.now('UTC') instead.
[2026-02-18T07:13:01.186+0000] {logging_mixin.py:188} WARNING - [*********************100%***********************]  1 of 1 completed
[2026-02-18T07:13:01.194+0000] {manager.py:10} INFO - Empty DataFrame
Columns: [(Close, TSLA), (High, TSLA), (Low, TSLA), (Open, TSLA), (Volume, TSLA)]
Index: []
[2026-02-18T07:13:01.200+0000] {python.py:237} INFO - Done. Returned value was: None
[2026-02-18T07:13:01.201+0000] {taskinstance.py:441} INFO - ::group::Post task execution logs
[2026-02-18T07:13:01.208+0000] {taskinstance.py:1206} INFO - Marking task as SUCCESS. dag_id=dag_moex, task_id=task_TSLA, run_id=scheduled__2026-01-17T00:00:00+00:00, execution_date=20260117T000000, start_date=20260218T071259, end_date=20260218T071301
[2026-02-18T07:13:01.238+0000] {local_task_job_runner.py:243} INFO - Task exited with return code 0
[2026-02-18T07:13:01.253+0000] {taskinstance.py:3503} INFO - 0 downstream tasks scheduled from follow-on schedule check
[2026-02-18T07:13:01.255+0000] {local_task_job_runner.py:222} INFO - ::endgroup::
[2026-02-19T14:50:30.933+0000] {local_task_job_runner.py:120} INFO - ::group::Pre task execution logs
[2026-02-19T14:50:30.991+0000] {taskinstance.py:2076} INFO - Dependencies all met for dep_context=non-requeueable deps ti=<TaskInstance: dag_moex.task_TSLA scheduled__2026-01-17T00:00:00+00:00 [queued]>
[2026-02-19T14:50:31.002+0000] {taskinstance.py:2076} INFO - Dependencies all met for dep_context=requeueable deps ti=<TaskInstance: dag_moex.task_TSLA scheduled__2026-01-17T00:00:00+00:00 [queued]>
[2026-02-19T14:50:31.004+0000] {taskinstance.py:2306} INFO - Starting attempt 1 of 1
[2026-02-19T14:50:31.021+0000] {taskinstance.py:2330} INFO - Executing <Task(PythonOperator): task_TSLA> on 2026-01-17 00:00:00+00:00
[2026-02-19T14:50:31.037+0000] {standard_task_runner.py:90} INFO - Running: ['***', 'tasks', 'run', 'dag_moex', 'task_TSLA', 'scheduled__2026-01-17T00:00:00+00:00', '--job-id', '1396', '--raw', '--subdir', 'DAGS_FOLDER/stocks/dag1.py', '--cfg-path', '/tmp/tmprlkw6194']
[2026-02-19T14:50:31.040+0000] {standard_task_runner.py:91} INFO - Job 1396: Subtask task_TSLA
[2026-02-19T14:50:31.043+0000] {logging_mixin.py:188} WARNING - /home/***/.local/lib/python3.12/site-packages/***/task/task_runner/standard_task_runner.py:62 DeprecationWarning: This process (pid=32579) is multi-threaded, use of fork() may lead to deadlocks in the child.
[2026-02-19T14:50:31.046+0000] {standard_task_runner.py:64} INFO - Started process 32610 to run task
[2026-02-19T14:50:31.133+0000] {task_command.py:426} INFO - Running <TaskInstance: dag_moex.task_TSLA scheduled__2026-01-17T00:00:00+00:00 [running]> on host cc036e7caf02
[2026-02-19T14:50:31.265+0000] {taskinstance.py:2648} INFO - Exporting env vars: AIRFLOW_CTX_DAG_OWNER='***' AIRFLOW_CTX_DAG_ID='dag_moex' AIRFLOW_CTX_TASK_ID='task_TSLA' AIRFLOW_CTX_EXECUTION_DATE='2026-01-17T00:00:00+00:00' AIRFLOW_CTX_TRY_NUMBER='1' AIRFLOW_CTX_DAG_RUN_ID='scheduled__2026-01-17T00:00:00+00:00'
[2026-02-19T14:50:31.268+0000] {taskinstance.py:430} INFO - ::endgroup::
[2026-02-19T14:50:31.286+0000] {logging_mixin.py:188} WARNING - /opt/***/dags/stocks/scripts/api.py:9 FutureWarning: YF.download() has changed argument auto_adjust default to True
[2026-02-19T14:50:31.295+0000] {logging_mixin.py:188} WARNING - /home/***/.local/lib/python3.12/site-packages/yfinance/scrapers/history.py:204 Pandas4Warning: Timestamp.utcnow is deprecated and will be removed in a future version. Use Timestamp.now('UTC') instead.
[2026-02-19T14:50:32.021+0000] {logging_mixin.py:188} WARNING - [*********************100%***********************]  1 of 1 completed
[2026-02-19T14:50:32.042+0000] {base.py:84} INFO - Using connection ID 'pg_1' for task execution.
[2026-02-19T14:50:32.042+0000] {sql.py:254} WARNING - This setter is for backward compatibility and should not be used.
Since the introduction of connection property, the providers listed below breaks due to assigning value to self.connection in their __init__ method.
* apache-***-providers-mysql<5.7.1
* apache-***-providers-elasticsearch<5.5.1
* apache-***-providers-postgres<5.13.0
[2026-02-19T14:50:32.048+0000] {sql.py:896} INFO - Loaded 1 rows into stocks so far
[2026-02-19T14:50:32.049+0000] {sql.py:908} INFO - Done loading. Loaded a total of 1 rows into stocks
[2026-02-19T14:50:32.055+0000] {python.py:237} INFO - Done. Returned value was: None
[2026-02-19T14:50:32.056+0000] {taskinstance.py:441} INFO - ::group::Post task execution logs
[2026-02-19T14:50:32.065+0000] {taskinstance.py:1206} INFO - Marking task as SUCCESS. dag_id=dag_moex, task_id=task_TSLA, run_id=scheduled__2026-01-17T00:00:00+00:00, execution_date=20260117T000000, start_date=20260219T145030, end_date=20260219T145032
[2026-02-19T14:50:32.109+0000] {local_task_job_runner.py:243} INFO - Task exited with return code 0
[2026-02-19T14:50:32.135+0000] {taskinstance.py:3503} INFO - 0 downstream tasks scheduled from follow-on schedule check
[2026-02-19T14:50:32.141+0000] {local_task_job_runner.py:222} INFO - ::endgroup::
[2026-02-19T14:53:14.365+0000] {local_task_job_runner.py:120} INFO - ::group::Pre task execution logs
[2026-02-19T14:53:14.398+0000] {taskinstance.py:2076} INFO - Dependencies all met for dep_context=non-requeueable deps ti=<TaskInstance: dag_moex.task_TSLA scheduled__2026-01-17T00:00:00+00:00 [queued]>
[2026-02-19T14:53:14.411+0000] {taskinstance.py:2076} INFO - Dependencies all met for dep_context=requeueable deps ti=<TaskInstance: dag_moex.task_TSLA scheduled__2026-01-17T00:00:00+00:00 [queued]>
[2026-02-19T14:53:14.411+0000] {taskinstance.py:2306} INFO - Starting attempt 1 of 1
[2026-02-19T14:53:15.107+0000] {taskinstance.py:2330} INFO - Executing <Task(PythonOperator): task_TSLA> on 2026-01-17 00:00:00+00:00
[2026-02-19T14:53:15.123+0000] {logging_mixin.py:188} WARNING - /home/***/.local/lib/python3.12/site-packages/***/task/task_runner/standard_task_runner.py:62 DeprecationWarning: This process (pid=33177) is multi-threaded, use of fork() may lead to deadlocks in the child.
[2026-02-19T14:53:15.123+0000] {standard_task_runner.py:90} INFO - Running: ['***', 'tasks', 'run', 'dag_moex', 'task_TSLA', 'scheduled__2026-01-17T00:00:00+00:00', '--job-id', '1513', '--raw', '--subdir', 'DAGS_FOLDER/stocks/dag1.py', '--cfg-path', '/tmp/tmp03lgn_m3']
[2026-02-19T14:53:15.129+0000] {standard_task_runner.py:91} INFO - Job 1513: Subtask task_TSLA
[2026-02-19T14:53:15.130+0000] {standard_task_runner.py:64} INFO - Started process 33195 to run task
[2026-02-19T14:53:15.980+0000] {task_command.py:426} INFO - Running <TaskInstance: dag_moex.task_TSLA scheduled__2026-01-17T00:00:00+00:00 [running]> on host cc036e7caf02
[2026-02-19T14:53:16.076+0000] {taskinstance.py:2648} INFO - Exporting env vars: AIRFLOW_CTX_DAG_OWNER='***' AIRFLOW_CTX_DAG_ID='dag_moex' AIRFLOW_CTX_TASK_ID='task_TSLA' AIRFLOW_CTX_EXECUTION_DATE='2026-01-17T00:00:00+00:00' AIRFLOW_CTX_TRY_NUMBER='1' AIRFLOW_CTX_DAG_RUN_ID='scheduled__2026-01-17T00:00:00+00:00'
[2026-02-19T14:53:16.078+0000] {taskinstance.py:430} INFO - ::endgroup::
[2026-02-19T14:53:16.094+0000] {logging_mixin.py:188} WARNING - /opt/***/dags/stocks/scripts/api.py:9 FutureWarning: YF.download() has changed argument auto_adjust default to True
[2026-02-19T14:53:16.106+0000] {logging_mixin.py:188} WARNING - /home/***/.local/lib/python3.12/site-packages/yfinance/scrapers/history.py:204 Pandas4Warning: Timestamp.utcnow is deprecated and will be removed in a future version. Use Timestamp.now('UTC') instead.
[2026-02-19T14:53:16.809+0000] {logging_mixin.py:188} WARNING - [*********************100%***********************]  1 of 1 completed
[2026-02-19T14:53:16.834+0000] {base.py:84} INFO - Using connection ID 'pg_1' for task execution.
[2026-02-19T14:53:16.835+0000] {sql.py:254} WARNING - This setter is for backward compatibility and should not be used.
Since the introduction of connection property, the providers listed below breaks due to assigning value to self.connection in their __init__ method.
* apache-***-providers-mysql<5.7.1
* apache-***-providers-elasticsearch<5.5.1
* apache-***-providers-postgres<5.13.0
[2026-02-19T14:53:16.841+0000] {sql.py:896} INFO - Loaded 1 rows into stocks so far
[2026-02-19T14:53:16.842+0000] {sql.py:908} INFO - Done loading. Loaded a total of 1 rows into stocks
[2026-02-19T14:53:16.848+0000] {python.py:237} INFO - Done. Returned value was: None
[2026-02-19T14:53:16.849+0000] {taskinstance.py:441} INFO - ::group::Post task execution logs
[2026-02-19T14:53:16.858+0000] {taskinstance.py:1206} INFO - Marking task as SUCCESS. dag_id=dag_moex, task_id=task_TSLA, run_id=scheduled__2026-01-17T00:00:00+00:00, execution_date=20260117T000000, start_date=20260219T145314, end_date=20260219T145316
[2026-02-19T14:53:16.961+0000] {local_task_job_runner.py:243} INFO - Task exited with return code 0
[2026-02-19T14:53:16.982+0000] {taskinstance.py:3503} INFO - 0 downstream tasks scheduled from follow-on schedule check
[2026-02-19T14:53:16.985+0000] {local_task_job_runner.py:222} INFO - ::endgroup::
