[2026-02-18T07:13:08.103+0000] {local_task_job_runner.py:120} INFO - ::group::Pre task execution logs
[2026-02-18T07:13:08.149+0000] {taskinstance.py:2076} INFO - Dependencies all met for dep_context=non-requeueable deps ti=<TaskInstance: dag_moex.task_TSLA scheduled__2026-01-28T00:00:00+00:00 [queued]>
[2026-02-18T07:13:08.169+0000] {taskinstance.py:2076} INFO - Dependencies all met for dep_context=requeueable deps ti=<TaskInstance: dag_moex.task_TSLA scheduled__2026-01-28T00:00:00+00:00 [queued]>
[2026-02-18T07:13:08.172+0000] {taskinstance.py:2306} INFO - Starting attempt 1 of 1
[2026-02-18T07:13:08.211+0000] {taskinstance.py:2330} INFO - Executing <Task(PythonOperator): task_TSLA> on 2026-01-28 00:00:00+00:00
[2026-02-18T07:13:08.265+0000] {logging_mixin.py:188} WARNING - /home/***/.local/lib/python3.12/site-packages/***/task/task_runner/standard_task_runner.py:62 DeprecationWarning: This process (pid=1597) is multi-threaded, use of fork() may lead to deadlocks in the child.
[2026-02-18T07:13:08.268+0000] {standard_task_runner.py:64} INFO - Started process 1625 to run task
[2026-02-18T07:13:08.268+0000] {standard_task_runner.py:90} INFO - Running: ['***', 'tasks', 'run', 'dag_moex', 'task_TSLA', 'scheduled__2026-01-28T00:00:00+00:00', '--job-id', '456', '--raw', '--subdir', 'DAGS_FOLDER/stocks/dag1.py', '--cfg-path', '/tmp/tmp1ac7h780']
[2026-02-18T07:13:08.272+0000] {standard_task_runner.py:91} INFO - Job 456: Subtask task_TSLA
[2026-02-18T07:13:08.384+0000] {task_command.py:426} INFO - Running <TaskInstance: dag_moex.task_TSLA scheduled__2026-01-28T00:00:00+00:00 [running]> on host cc036e7caf02
[2026-02-18T07:13:08.544+0000] {taskinstance.py:2648} INFO - Exporting env vars: AIRFLOW_CTX_DAG_OWNER='***' AIRFLOW_CTX_DAG_ID='dag_moex' AIRFLOW_CTX_TASK_ID='task_TSLA' AIRFLOW_CTX_EXECUTION_DATE='2026-01-28T00:00:00+00:00' AIRFLOW_CTX_TRY_NUMBER='1' AIRFLOW_CTX_DAG_RUN_ID='scheduled__2026-01-28T00:00:00+00:00'
[2026-02-18T07:13:08.548+0000] {taskinstance.py:430} INFO - ::endgroup::
[2026-02-18T07:13:08.569+0000] {manager.py:8} INFO - log
[2026-02-18T07:13:08.572+0000] {logging_mixin.py:188} WARNING - /opt/***/dags/stocks/scripts/api.py:9 FutureWarning: YF.download() has changed argument auto_adjust default to True
[2026-02-18T07:13:08.586+0000] {logging_mixin.py:188} WARNING - /home/***/.local/lib/python3.12/site-packages/yfinance/scrapers/history.py:204 Pandas4Warning: Timestamp.utcnow is deprecated and will be removed in a future version. Use Timestamp.now('UTC') instead.
[2026-02-18T07:13:09.310+0000] {logging_mixin.py:188} WARNING - [*********************100%***********************]  1 of 1 completed
[2026-02-18T07:13:09.319+0000] {manager.py:10} INFO - Price            Close       High         Low        Open    Volume
Ticker            TSLA       TSLA        TSLA        TSLA      TSLA
Date                                                               
2026-01-28  431.459991  438.26001  430.100006  431.910004  54857400
[2026-02-18T07:13:09.330+0000] {python.py:237} INFO - Done. Returned value was: None
[2026-02-18T07:13:09.331+0000] {taskinstance.py:441} INFO - ::group::Post task execution logs
[2026-02-18T07:13:09.338+0000] {taskinstance.py:1206} INFO - Marking task as SUCCESS. dag_id=dag_moex, task_id=task_TSLA, run_id=scheduled__2026-01-28T00:00:00+00:00, execution_date=20260128T000000, start_date=20260218T071308, end_date=20260218T071309
[2026-02-18T07:13:09.386+0000] {local_task_job_runner.py:243} INFO - Task exited with return code 0
[2026-02-18T07:13:09.406+0000] {taskinstance.py:3503} INFO - 0 downstream tasks scheduled from follow-on schedule check
[2026-02-18T07:13:09.408+0000] {local_task_job_runner.py:222} INFO - ::endgroup::
[2026-02-19T14:50:42.244+0000] {local_task_job_runner.py:120} INFO - ::group::Pre task execution logs
[2026-02-19T14:50:42.286+0000] {taskinstance.py:2076} INFO - Dependencies all met for dep_context=non-requeueable deps ti=<TaskInstance: dag_moex.task_TSLA scheduled__2026-01-28T00:00:00+00:00 [queued]>
[2026-02-19T14:50:42.302+0000] {taskinstance.py:2076} INFO - Dependencies all met for dep_context=requeueable deps ti=<TaskInstance: dag_moex.task_TSLA scheduled__2026-01-28T00:00:00+00:00 [queued]>
[2026-02-19T14:50:42.304+0000] {taskinstance.py:2306} INFO - Starting attempt 1 of 1
[2026-02-19T14:50:42.327+0000] {taskinstance.py:2330} INFO - Executing <Task(PythonOperator): task_TSLA> on 2026-01-28 00:00:00+00:00
[2026-02-19T14:50:42.339+0000] {logging_mixin.py:188} WARNING - /home/***/.local/lib/python3.12/site-packages/***/task/task_runner/standard_task_runner.py:62 DeprecationWarning: This process (pid=32698) is multi-threaded, use of fork() may lead to deadlocks in the child.
[2026-02-19T14:50:42.340+0000] {standard_task_runner.py:64} INFO - Started process 32726 to run task
[2026-02-19T14:50:42.340+0000] {standard_task_runner.py:90} INFO - Running: ['***', 'tasks', 'run', 'dag_moex', 'task_TSLA', 'scheduled__2026-01-28T00:00:00+00:00', '--job-id', '1421', '--raw', '--subdir', 'DAGS_FOLDER/stocks/dag1.py', '--cfg-path', '/tmp/tmpf7a4h3zh']
[2026-02-19T14:50:42.342+0000] {standard_task_runner.py:91} INFO - Job 1421: Subtask task_TSLA
[2026-02-19T14:50:42.404+0000] {task_command.py:426} INFO - Running <TaskInstance: dag_moex.task_TSLA scheduled__2026-01-28T00:00:00+00:00 [running]> on host cc036e7caf02
[2026-02-19T14:50:42.547+0000] {taskinstance.py:2648} INFO - Exporting env vars: AIRFLOW_CTX_DAG_OWNER='***' AIRFLOW_CTX_DAG_ID='dag_moex' AIRFLOW_CTX_TASK_ID='task_TSLA' AIRFLOW_CTX_EXECUTION_DATE='2026-01-28T00:00:00+00:00' AIRFLOW_CTX_TRY_NUMBER='1' AIRFLOW_CTX_DAG_RUN_ID='scheduled__2026-01-28T00:00:00+00:00'
[2026-02-19T14:50:42.549+0000] {taskinstance.py:430} INFO - ::endgroup::
[2026-02-19T14:50:42.569+0000] {logging_mixin.py:188} WARNING - /opt/***/dags/stocks/scripts/api.py:9 FutureWarning: YF.download() has changed argument auto_adjust default to True
[2026-02-19T14:50:42.578+0000] {logging_mixin.py:188} WARNING - /home/***/.local/lib/python3.12/site-packages/yfinance/scrapers/history.py:204 Pandas4Warning: Timestamp.utcnow is deprecated and will be removed in a future version. Use Timestamp.now('UTC') instead.
[2026-02-19T14:50:43.292+0000] {logging_mixin.py:188} WARNING - [*********************100%***********************]  1 of 1 completed
[2026-02-19T14:50:43.309+0000] {base.py:84} INFO - Using connection ID 'pg_1' for task execution.
[2026-02-19T14:50:43.309+0000] {sql.py:254} WARNING - This setter is for backward compatibility and should not be used.
Since the introduction of connection property, the providers listed below breaks due to assigning value to self.connection in their __init__ method.
* apache-***-providers-mysql<5.7.1
* apache-***-providers-elasticsearch<5.5.1
* apache-***-providers-postgres<5.13.0
[2026-02-19T14:50:43.315+0000] {sql.py:896} INFO - Loaded 2 rows into stocks so far
[2026-02-19T14:50:43.315+0000] {sql.py:908} INFO - Done loading. Loaded a total of 2 rows into stocks
[2026-02-19T14:50:43.320+0000] {python.py:237} INFO - Done. Returned value was: None
[2026-02-19T14:50:43.321+0000] {taskinstance.py:441} INFO - ::group::Post task execution logs
[2026-02-19T14:50:43.329+0000] {taskinstance.py:1206} INFO - Marking task as SUCCESS. dag_id=dag_moex, task_id=task_TSLA, run_id=scheduled__2026-01-28T00:00:00+00:00, execution_date=20260128T000000, start_date=20260219T145042, end_date=20260219T145043
[2026-02-19T14:50:43.361+0000] {local_task_job_runner.py:243} INFO - Task exited with return code 0
[2026-02-19T14:50:43.388+0000] {taskinstance.py:3503} INFO - 0 downstream tasks scheduled from follow-on schedule check
[2026-02-19T14:50:43.390+0000] {local_task_job_runner.py:222} INFO - ::endgroup::
[2026-02-19T14:53:17.318+0000] {local_task_job_runner.py:120} INFO - ::group::Pre task execution logs
[2026-02-19T14:53:17.346+0000] {taskinstance.py:2076} INFO - Dependencies all met for dep_context=non-requeueable deps ti=<TaskInstance: dag_moex.task_TSLA scheduled__2026-01-28T00:00:00+00:00 [queued]>
[2026-02-19T14:53:17.356+0000] {taskinstance.py:2076} INFO - Dependencies all met for dep_context=requeueable deps ti=<TaskInstance: dag_moex.task_TSLA scheduled__2026-01-28T00:00:00+00:00 [queued]>
[2026-02-19T14:53:17.356+0000] {taskinstance.py:2306} INFO - Starting attempt 1 of 1
[2026-02-19T14:53:17.371+0000] {taskinstance.py:2330} INFO - Executing <Task(PythonOperator): task_TSLA> on 2026-01-28 00:00:00+00:00
[2026-02-19T14:53:17.386+0000] {logging_mixin.py:188} WARNING - /home/***/.local/lib/python3.12/site-packages/***/task/task_runner/standard_task_runner.py:62 DeprecationWarning: This process (pid=33208) is multi-threaded, use of fork() may lead to deadlocks in the child.
[2026-02-19T14:53:17.387+0000] {standard_task_runner.py:64} INFO - Started process 33230 to run task
[2026-02-19T14:53:17.386+0000] {standard_task_runner.py:90} INFO - Running: ['***', 'tasks', 'run', 'dag_moex', 'task_TSLA', 'scheduled__2026-01-28T00:00:00+00:00', '--job-id', '1524', '--raw', '--subdir', 'DAGS_FOLDER/stocks/dag1.py', '--cfg-path', '/tmp/tmpkxp84b0y']
[2026-02-19T14:53:17.388+0000] {standard_task_runner.py:91} INFO - Job 1524: Subtask task_TSLA
[2026-02-19T14:53:17.430+0000] {task_command.py:426} INFO - Running <TaskInstance: dag_moex.task_TSLA scheduled__2026-01-28T00:00:00+00:00 [running]> on host cc036e7caf02
[2026-02-19T14:53:17.542+0000] {taskinstance.py:2648} INFO - Exporting env vars: AIRFLOW_CTX_DAG_OWNER='***' AIRFLOW_CTX_DAG_ID='dag_moex' AIRFLOW_CTX_TASK_ID='task_TSLA' AIRFLOW_CTX_EXECUTION_DATE='2026-01-28T00:00:00+00:00' AIRFLOW_CTX_TRY_NUMBER='1' AIRFLOW_CTX_DAG_RUN_ID='scheduled__2026-01-28T00:00:00+00:00'
[2026-02-19T14:53:17.543+0000] {taskinstance.py:430} INFO - ::endgroup::
[2026-02-19T14:53:17.554+0000] {logging_mixin.py:188} WARNING - /opt/***/dags/stocks/scripts/api.py:9 FutureWarning: YF.download() has changed argument auto_adjust default to True
[2026-02-19T14:53:17.562+0000] {logging_mixin.py:188} WARNING - /home/***/.local/lib/python3.12/site-packages/yfinance/scrapers/history.py:204 Pandas4Warning: Timestamp.utcnow is deprecated and will be removed in a future version. Use Timestamp.now('UTC') instead.
[2026-02-19T14:53:18.372+0000] {logging_mixin.py:188} WARNING - [*********************100%***********************]  1 of 1 completed
[2026-02-19T14:53:18.388+0000] {base.py:84} INFO - Using connection ID 'pg_1' for task execution.
[2026-02-19T14:53:18.389+0000] {sql.py:254} WARNING - This setter is for backward compatibility and should not be used.
Since the introduction of connection property, the providers listed below breaks due to assigning value to self.connection in their __init__ method.
* apache-***-providers-mysql<5.7.1
* apache-***-providers-elasticsearch<5.5.1
* apache-***-providers-postgres<5.13.0
[2026-02-19T14:53:18.394+0000] {sql.py:896} INFO - Loaded 2 rows into stocks so far
[2026-02-19T14:53:18.394+0000] {sql.py:908} INFO - Done loading. Loaded a total of 2 rows into stocks
[2026-02-19T14:53:18.398+0000] {python.py:237} INFO - Done. Returned value was: None
[2026-02-19T14:53:18.399+0000] {taskinstance.py:441} INFO - ::group::Post task execution logs
[2026-02-19T14:53:18.405+0000] {taskinstance.py:1206} INFO - Marking task as SUCCESS. dag_id=dag_moex, task_id=task_TSLA, run_id=scheduled__2026-01-28T00:00:00+00:00, execution_date=20260128T000000, start_date=20260219T145317, end_date=20260219T145318
[2026-02-19T14:53:18.443+0000] {local_task_job_runner.py:243} INFO - Task exited with return code 0
[2026-02-19T14:53:18.455+0000] {taskinstance.py:3503} INFO - 0 downstream tasks scheduled from follow-on schedule check
[2026-02-19T14:53:18.457+0000] {local_task_job_runner.py:222} INFO - ::endgroup::
[2026-02-19T14:56:08.436+0000] {local_task_job_runner.py:120} INFO - ::group::Pre task execution logs
[2026-02-19T14:56:08.475+0000] {taskinstance.py:2076} INFO - Dependencies all met for dep_context=non-requeueable deps ti=<TaskInstance: dag_moex.task_TSLA scheduled__2026-01-28T00:00:00+00:00 [queued]>
[2026-02-19T14:56:08.485+0000] {taskinstance.py:2076} INFO - Dependencies all met for dep_context=requeueable deps ti=<TaskInstance: dag_moex.task_TSLA scheduled__2026-01-28T00:00:00+00:00 [queued]>
[2026-02-19T14:56:08.486+0000] {taskinstance.py:2306} INFO - Starting attempt 1 of 1
[2026-02-19T14:56:08.502+0000] {taskinstance.py:2330} INFO - Executing <Task(PythonOperator): task_TSLA> on 2026-01-28 00:00:00+00:00
[2026-02-19T14:56:08.521+0000] {logging_mixin.py:188} WARNING - /home/***/.local/lib/python3.12/site-packages/***/task/task_runner/standard_task_runner.py:62 DeprecationWarning: This process (pid=33457) is multi-threaded, use of fork() may lead to deadlocks in the child.
[2026-02-19T14:56:08.523+0000] {standard_task_runner.py:64} INFO - Started process 33478 to run task
[2026-02-19T14:56:08.522+0000] {standard_task_runner.py:90} INFO - Running: ['***', 'tasks', 'run', 'dag_moex', 'task_TSLA', 'scheduled__2026-01-28T00:00:00+00:00', '--job-id', '1565', '--raw', '--subdir', 'DAGS_FOLDER/stocks/dag1.py', '--cfg-path', '/tmp/tmps6j93_pr']
[2026-02-19T14:56:08.525+0000] {standard_task_runner.py:91} INFO - Job 1565: Subtask task_TSLA
[2026-02-19T14:56:08.582+0000] {task_command.py:426} INFO - Running <TaskInstance: dag_moex.task_TSLA scheduled__2026-01-28T00:00:00+00:00 [running]> on host cc036e7caf02
[2026-02-19T14:56:08.684+0000] {taskinstance.py:2648} INFO - Exporting env vars: AIRFLOW_CTX_DAG_OWNER='***' AIRFLOW_CTX_DAG_ID='dag_moex' AIRFLOW_CTX_TASK_ID='task_TSLA' AIRFLOW_CTX_EXECUTION_DATE='2026-01-28T00:00:00+00:00' AIRFLOW_CTX_TRY_NUMBER='1' AIRFLOW_CTX_DAG_RUN_ID='scheduled__2026-01-28T00:00:00+00:00'
[2026-02-19T14:56:08.685+0000] {taskinstance.py:430} INFO - ::endgroup::
[2026-02-19T14:56:08.703+0000] {logging_mixin.py:188} WARNING - /opt/***/dags/stocks/scripts/api.py:9 FutureWarning: YF.download() has changed argument auto_adjust default to True
[2026-02-19T14:56:08.715+0000] {logging_mixin.py:188} WARNING - /home/***/.local/lib/python3.12/site-packages/yfinance/scrapers/history.py:204 Pandas4Warning: Timestamp.utcnow is deprecated and will be removed in a future version. Use Timestamp.now('UTC') instead.
[2026-02-19T14:56:09.576+0000] {logging_mixin.py:188} WARNING - [*********************100%***********************]  1 of 1 completed
[2026-02-19T14:56:09.600+0000] {base.py:84} INFO - Using connection ID 'pg_1' for task execution.
[2026-02-19T14:56:09.600+0000] {sql.py:254} WARNING - This setter is for backward compatibility and should not be used.
Since the introduction of connection property, the providers listed below breaks due to assigning value to self.connection in their __init__ method.
* apache-***-providers-mysql<5.7.1
* apache-***-providers-elasticsearch<5.5.1
* apache-***-providers-postgres<5.13.0
[2026-02-19T14:56:09.608+0000] {sql.py:896} INFO - Loaded 2 rows into stocks so far
[2026-02-19T14:56:09.609+0000] {sql.py:908} INFO - Done loading. Loaded a total of 2 rows into stocks
[2026-02-19T14:56:09.615+0000] {python.py:237} INFO - Done. Returned value was: None
[2026-02-19T14:56:09.616+0000] {taskinstance.py:441} INFO - ::group::Post task execution logs
[2026-02-19T14:56:09.627+0000] {taskinstance.py:1206} INFO - Marking task as SUCCESS. dag_id=dag_moex, task_id=task_TSLA, run_id=scheduled__2026-01-28T00:00:00+00:00, execution_date=20260128T000000, start_date=20260219T145608, end_date=20260219T145609
[2026-02-19T14:56:09.700+0000] {local_task_job_runner.py:243} INFO - Task exited with return code 0
[2026-02-19T14:56:09.715+0000] {taskinstance.py:3503} INFO - 0 downstream tasks scheduled from follow-on schedule check
[2026-02-19T14:56:09.717+0000] {local_task_job_runner.py:222} INFO - ::endgroup::
[2026-02-19T14:57:39.368+0000] {local_task_job_runner.py:120} INFO - ::group::Pre task execution logs
[2026-02-19T14:57:39.414+0000] {taskinstance.py:2076} INFO - Dependencies all met for dep_context=non-requeueable deps ti=<TaskInstance: dag_moex.task_TSLA scheduled__2026-01-28T00:00:00+00:00 [queued]>
[2026-02-19T14:57:39.429+0000] {taskinstance.py:2076} INFO - Dependencies all met for dep_context=requeueable deps ti=<TaskInstance: dag_moex.task_TSLA scheduled__2026-01-28T00:00:00+00:00 [queued]>
[2026-02-19T14:57:39.430+0000] {taskinstance.py:2306} INFO - Starting attempt 1 of 1
[2026-02-19T14:57:39.463+0000] {taskinstance.py:2330} INFO - Executing <Task(PythonOperator): task_TSLA> on 2026-01-28 00:00:00+00:00
[2026-02-19T14:57:39.479+0000] {logging_mixin.py:188} WARNING - /home/***/.local/lib/python3.12/site-packages/***/task/task_runner/standard_task_runner.py:62 DeprecationWarning: This process (pid=33633) is multi-threaded, use of fork() may lead to deadlocks in the child.
[2026-02-19T14:57:39.481+0000] {standard_task_runner.py:64} INFO - Started process 33650 to run task
[2026-02-19T14:57:39.478+0000] {standard_task_runner.py:90} INFO - Running: ['***', 'tasks', 'run', 'dag_moex', 'task_TSLA', 'scheduled__2026-01-28T00:00:00+00:00', '--job-id', '1600', '--raw', '--subdir', 'DAGS_FOLDER/stocks/dag1.py', '--cfg-path', '/tmp/tmp05q648f2']
[2026-02-19T14:57:39.483+0000] {standard_task_runner.py:91} INFO - Job 1600: Subtask task_TSLA
[2026-02-19T14:57:39.542+0000] {task_command.py:426} INFO - Running <TaskInstance: dag_moex.task_TSLA scheduled__2026-01-28T00:00:00+00:00 [running]> on host cc036e7caf02
[2026-02-19T14:57:39.644+0000] {taskinstance.py:2648} INFO - Exporting env vars: AIRFLOW_CTX_DAG_OWNER='***' AIRFLOW_CTX_DAG_ID='dag_moex' AIRFLOW_CTX_TASK_ID='task_TSLA' AIRFLOW_CTX_EXECUTION_DATE='2026-01-28T00:00:00+00:00' AIRFLOW_CTX_TRY_NUMBER='1' AIRFLOW_CTX_DAG_RUN_ID='scheduled__2026-01-28T00:00:00+00:00'
[2026-02-19T14:57:39.645+0000] {taskinstance.py:430} INFO - ::endgroup::
[2026-02-19T14:57:39.664+0000] {logging_mixin.py:188} WARNING - /opt/***/dags/stocks/scripts/api.py:9 FutureWarning: YF.download() has changed argument auto_adjust default to True
[2026-02-19T14:57:39.675+0000] {logging_mixin.py:188} WARNING - /home/***/.local/lib/python3.12/site-packages/yfinance/scrapers/history.py:204 Pandas4Warning: Timestamp.utcnow is deprecated and will be removed in a future version. Use Timestamp.now('UTC') instead.
[2026-02-19T14:57:40.511+0000] {logging_mixin.py:188} WARNING - [*********************100%***********************]  1 of 1 completed
[2026-02-19T14:57:40.533+0000] {base.py:84} INFO - Using connection ID 'pg_1' for task execution.
[2026-02-19T14:57:40.534+0000] {sql.py:254} WARNING - This setter is for backward compatibility and should not be used.
Since the introduction of connection property, the providers listed below breaks due to assigning value to self.connection in their __init__ method.
* apache-***-providers-mysql<5.7.1
* apache-***-providers-elasticsearch<5.5.1
* apache-***-providers-postgres<5.13.0
[2026-02-19T14:57:40.539+0000] {taskinstance.py:441} INFO - ::group::Post task execution logs
[2026-02-19T14:57:40.540+0000] {taskinstance.py:2905} ERROR - Task failed with exception
Traceback (most recent call last):
  File "/home/airflow/.local/lib/python3.12/site-packages/airflow/models/taskinstance.py", line 465, in _execute_task
    result = _execute_callable(context=context, **execute_callable_kwargs)
             ^^^^^^^^^^^^^^^^^^^^^^^^^^^^^^^^^^^^^^^^^^^^^^^^^^^^^^^^^^^^^
  File "/home/airflow/.local/lib/python3.12/site-packages/airflow/models/taskinstance.py", line 432, in _execute_callable
    return execute_callable(context=context, **execute_callable_kwargs)
           ^^^^^^^^^^^^^^^^^^^^^^^^^^^^^^^^^^^^^^^^^^^^^^^^^^^^^^^^^^^^
  File "/home/airflow/.local/lib/python3.12/site-packages/airflow/models/baseoperator.py", line 401, in wrapper
    return func(self, *args, **kwargs)
           ^^^^^^^^^^^^^^^^^^^^^^^^^^^
  File "/home/airflow/.local/lib/python3.12/site-packages/airflow/operators/python.py", line 235, in execute
    return_value = self.execute_callable()
                   ^^^^^^^^^^^^^^^^^^^^^^^
  File "/home/airflow/.local/lib/python3.12/site-packages/airflow/operators/python.py", line 252, in execute_callable
    return self.python_callable(*self.op_args, **self.op_kwargs)
           ^^^^^^^^^^^^^^^^^^^^^^^^^^^^^^^^^^^^^^^^^^^^^^^^^^^^^
  File "/opt/airflow/dags/stocks/scripts/manager.py", line 24, in fetch_data
    postgresHook.insert_rows(table="stocks", rows=rows,
  File "/home/airflow/.local/lib/python3.12/site-packages/airflow/providers/common/sql/hooks/sql.py", line 893, in insert_rows
    cur.executemany(sql, values)
psycopg2.errors.UniqueViolation: duplicate key value violates unique constraint "stocks_pkey"
DETAIL:  Key (ticker, date)=(TSLA, 2026-01-27) already exists.

[2026-02-19T14:57:40.553+0000] {taskinstance.py:1206} INFO - Marking task as FAILED. dag_id=dag_moex, task_id=task_TSLA, run_id=scheduled__2026-01-28T00:00:00+00:00, execution_date=20260128T000000, start_date=20260219T145739, end_date=20260219T145740
[2026-02-19T14:57:40.633+0000] {standard_task_runner.py:110} ERROR - Failed to execute job 1600 for task task_TSLA (duplicate key value violates unique constraint "stocks_pkey"
DETAIL:  Key (ticker, date)=(TSLA, 2026-01-27) already exists.
; 33650)
[2026-02-19T14:57:40.698+0000] {local_task_job_runner.py:243} INFO - Task exited with return code 1
[2026-02-19T14:57:40.723+0000] {taskinstance.py:3503} INFO - 0 downstream tasks scheduled from follow-on schedule check
[2026-02-19T14:57:40.729+0000] {local_task_job_runner.py:222} INFO - ::endgroup::
[2026-02-19T15:52:56.381+0000] {local_task_job_runner.py:120} INFO - ::group::Pre task execution logs
[2026-02-19T15:52:56.417+0000] {taskinstance.py:2076} INFO - Dependencies all met for dep_context=non-requeueable deps ti=<TaskInstance: dag_moex.task_TSLA scheduled__2026-01-28T00:00:00+00:00 [queued]>
[2026-02-19T15:52:56.425+0000] {taskinstance.py:2076} INFO - Dependencies all met for dep_context=requeueable deps ti=<TaskInstance: dag_moex.task_TSLA scheduled__2026-01-28T00:00:00+00:00 [queued]>
[2026-02-19T15:52:56.426+0000] {taskinstance.py:2306} INFO - Starting attempt 1 of 1
[2026-02-19T15:52:56.449+0000] {taskinstance.py:2330} INFO - Executing <Task(PythonOperator): task_TSLA> on 2026-01-28 00:00:00+00:00
[2026-02-19T15:52:56.464+0000] {standard_task_runner.py:90} INFO - Running: ['***', 'tasks', 'run', 'dag_moex', 'task_TSLA', 'scheduled__2026-01-28T00:00:00+00:00', '--job-id', '1635', '--raw', '--subdir', 'DAGS_FOLDER/stocks/dag1.py', '--cfg-path', '/tmp/tmpx4vm25s6']
[2026-02-19T15:52:56.468+0000] {standard_task_runner.py:91} INFO - Job 1635: Subtask task_TSLA
[2026-02-19T15:52:56.465+0000] {logging_mixin.py:188} WARNING - /home/***/.local/lib/python3.12/site-packages/***/task/task_runner/standard_task_runner.py:62 DeprecationWarning: This process (pid=34062) is multi-threaded, use of fork() may lead to deadlocks in the child.
[2026-02-19T15:52:56.471+0000] {standard_task_runner.py:64} INFO - Started process 34078 to run task
[2026-02-19T15:52:56.537+0000] {task_command.py:426} INFO - Running <TaskInstance: dag_moex.task_TSLA scheduled__2026-01-28T00:00:00+00:00 [running]> on host cc036e7caf02
[2026-02-19T15:52:56.640+0000] {taskinstance.py:2648} INFO - Exporting env vars: AIRFLOW_CTX_DAG_OWNER='***' AIRFLOW_CTX_DAG_ID='dag_moex' AIRFLOW_CTX_TASK_ID='task_TSLA' AIRFLOW_CTX_EXECUTION_DATE='2026-01-28T00:00:00+00:00' AIRFLOW_CTX_TRY_NUMBER='1' AIRFLOW_CTX_DAG_RUN_ID='scheduled__2026-01-28T00:00:00+00:00'
[2026-02-19T15:52:56.641+0000] {taskinstance.py:430} INFO - ::endgroup::
[2026-02-19T15:52:56.657+0000] {logging_mixin.py:188} WARNING - /opt/***/dags/stocks/scripts/api.py:9 FutureWarning: YF.download() has changed argument auto_adjust default to True
[2026-02-19T15:52:56.668+0000] {logging_mixin.py:188} WARNING - /home/***/.local/lib/python3.12/site-packages/yfinance/scrapers/history.py:204 Pandas4Warning: Timestamp.utcnow is deprecated and will be removed in a future version. Use Timestamp.now('UTC') instead.
[2026-02-19T15:52:57.366+0000] {logging_mixin.py:188} WARNING - [*********************100%***********************]  1 of 1 completed
[2026-02-19T15:52:57.381+0000] {taskinstance.py:441} INFO - ::group::Post task execution logs
[2026-02-19T15:52:57.382+0000] {taskinstance.py:2905} ERROR - Task failed with exception
Traceback (most recent call last):
  File "/home/airflow/.local/lib/python3.12/site-packages/airflow/models/taskinstance.py", line 465, in _execute_task
    result = _execute_callable(context=context, **execute_callable_kwargs)
             ^^^^^^^^^^^^^^^^^^^^^^^^^^^^^^^^^^^^^^^^^^^^^^^^^^^^^^^^^^^^^
  File "/home/airflow/.local/lib/python3.12/site-packages/airflow/models/taskinstance.py", line 432, in _execute_callable
    return execute_callable(context=context, **execute_callable_kwargs)
           ^^^^^^^^^^^^^^^^^^^^^^^^^^^^^^^^^^^^^^^^^^^^^^^^^^^^^^^^^^^^
  File "/home/airflow/.local/lib/python3.12/site-packages/airflow/models/baseoperator.py", line 401, in wrapper
    return func(self, *args, **kwargs)
           ^^^^^^^^^^^^^^^^^^^^^^^^^^^
  File "/home/airflow/.local/lib/python3.12/site-packages/airflow/operators/python.py", line 235, in execute
    return_value = self.execute_callable()
                   ^^^^^^^^^^^^^^^^^^^^^^^
  File "/home/airflow/.local/lib/python3.12/site-packages/airflow/operators/python.py", line 252, in execute_callable
    return self.python_callable(*self.op_args, **self.op_kwargs)
           ^^^^^^^^^^^^^^^^^^^^^^^^^^^^^^^^^^^^^^^^^^^^^^^^^^^^^
  File "/opt/airflow/dags/stocks/scripts/manager.py", line 12, in fetch_data
    data = data.loc[data_interval_start:data_interval_start]
           ~~~~~~~~^^^^^^^^^^^^^^^^^^^^^^^^^^^^^^^^^^^^^^^^^
  File "/home/airflow/.local/lib/python3.12/site-packages/pandas/core/indexing.py", line 1207, in __getitem__
    return self._getitem_axis(maybe_callable, axis=axis)
           ^^^^^^^^^^^^^^^^^^^^^^^^^^^^^^^^^^^^^^^^^^^^^
  File "/home/airflow/.local/lib/python3.12/site-packages/pandas/core/indexing.py", line 1429, in _getitem_axis
    return self._get_slice_axis(key, axis=axis)
           ^^^^^^^^^^^^^^^^^^^^^^^^^^^^^^^^^^^^
  File "/home/airflow/.local/lib/python3.12/site-packages/pandas/core/indexing.py", line 1461, in _get_slice_axis
    indexer = labels.slice_indexer(slice_obj.start, slice_obj.stop, slice_obj.step)
              ^^^^^^^^^^^^^^^^^^^^^^^^^^^^^^^^^^^^^^^^^^^^^^^^^^^^^^^^^^^^^^^^^^^^^
  File "/home/airflow/.local/lib/python3.12/site-packages/pandas/core/indexes/datetimes.py", line 1072, in slice_indexer
    return Index.slice_indexer(self, start, end, step)
           ^^^^^^^^^^^^^^^^^^^^^^^^^^^^^^^^^^^^^^^^^^^
  File "/home/airflow/.local/lib/python3.12/site-packages/pandas/core/indexes/base.py", line 6804, in slice_indexer
    start_slice, end_slice = self.slice_locs(start, end, step=step)
                             ^^^^^^^^^^^^^^^^^^^^^^^^^^^^^^^^^^^^^^
  File "/home/airflow/.local/lib/python3.12/site-packages/pandas/core/indexes/base.py", line 7062, in slice_locs
    start_slice = self.get_slice_bound(start, "left")
                  ^^^^^^^^^^^^^^^^^^^^^^^^^^^^^^^^^^^
  File "/home/airflow/.local/lib/python3.12/site-packages/pandas/core/indexes/base.py", line 6964, in get_slice_bound
    label = self._maybe_cast_slice_bound(label, side)
            ^^^^^^^^^^^^^^^^^^^^^^^^^^^^^^^^^^^^^^^^^
  File "/home/airflow/.local/lib/python3.12/site-packages/pandas/core/indexes/datetimes.py", line 1033, in _maybe_cast_slice_bound
    self._data._assert_tzawareness_compat(label)
  File "/home/airflow/.local/lib/python3.12/site-packages/pandas/core/arrays/datetimes.py", line 796, in _assert_tzawareness_compat
    raise TypeError(
TypeError: Cannot compare tz-naive and tz-aware datetime-like objects.
[2026-02-19T15:52:57.405+0000] {taskinstance.py:1206} INFO - Marking task as FAILED. dag_id=dag_moex, task_id=task_TSLA, run_id=scheduled__2026-01-28T00:00:00+00:00, execution_date=20260128T000000, start_date=20260219T155256, end_date=20260219T155257
[2026-02-19T15:52:57.420+0000] {standard_task_runner.py:110} ERROR - Failed to execute job 1635 for task task_TSLA (Cannot compare tz-naive and tz-aware datetime-like objects.; 34078)
[2026-02-19T15:52:57.449+0000] {local_task_job_runner.py:243} INFO - Task exited with return code 1
[2026-02-19T15:52:57.460+0000] {local_task_job_runner.py:222} INFO - ::endgroup::
[2026-02-19T15:55:55.311+0000] {local_task_job_runner.py:120} INFO - ::group::Pre task execution logs
[2026-02-19T15:55:55.357+0000] {taskinstance.py:2076} INFO - Dependencies all met for dep_context=non-requeueable deps ti=<TaskInstance: dag_moex.task_TSLA scheduled__2026-01-28T00:00:00+00:00 [queued]>
[2026-02-19T15:55:55.369+0000] {taskinstance.py:2076} INFO - Dependencies all met for dep_context=requeueable deps ti=<TaskInstance: dag_moex.task_TSLA scheduled__2026-01-28T00:00:00+00:00 [queued]>
[2026-02-19T15:55:55.370+0000] {taskinstance.py:2306} INFO - Starting attempt 1 of 1
[2026-02-19T15:55:55.385+0000] {taskinstance.py:2330} INFO - Executing <Task(PythonOperator): task_TSLA> on 2026-01-28 00:00:00+00:00
[2026-02-19T15:55:55.399+0000] {logging_mixin.py:188} WARNING - /home/***/.local/lib/python3.12/site-packages/***/task/task_runner/standard_task_runner.py:62 DeprecationWarning: This process (pid=34273) is multi-threaded, use of fork() may lead to deadlocks in the child.
[2026-02-19T15:55:55.403+0000] {standard_task_runner.py:64} INFO - Started process 34290 to run task
[2026-02-19T15:55:55.403+0000] {standard_task_runner.py:90} INFO - Running: ['***', 'tasks', 'run', 'dag_moex', 'task_TSLA', 'scheduled__2026-01-28T00:00:00+00:00', '--job-id', '1670', '--raw', '--subdir', 'DAGS_FOLDER/stocks/dag1.py', '--cfg-path', '/tmp/tmp1gdqm39p']
[2026-02-19T15:55:55.407+0000] {standard_task_runner.py:91} INFO - Job 1670: Subtask task_TSLA
[2026-02-19T15:55:55.473+0000] {task_command.py:426} INFO - Running <TaskInstance: dag_moex.task_TSLA scheduled__2026-01-28T00:00:00+00:00 [running]> on host cc036e7caf02
[2026-02-19T15:55:55.619+0000] {taskinstance.py:2648} INFO - Exporting env vars: AIRFLOW_CTX_DAG_OWNER='***' AIRFLOW_CTX_DAG_ID='dag_moex' AIRFLOW_CTX_TASK_ID='task_TSLA' AIRFLOW_CTX_EXECUTION_DATE='2026-01-28T00:00:00+00:00' AIRFLOW_CTX_TRY_NUMBER='1' AIRFLOW_CTX_DAG_RUN_ID='scheduled__2026-01-28T00:00:00+00:00'
[2026-02-19T15:55:55.621+0000] {taskinstance.py:430} INFO - ::endgroup::
[2026-02-19T15:55:55.642+0000] {logging_mixin.py:188} WARNING - /opt/***/dags/stocks/scripts/api.py:9 FutureWarning: YF.download() has changed argument auto_adjust default to True
[2026-02-19T15:55:55.668+0000] {logging_mixin.py:188} WARNING - /home/***/.local/lib/python3.12/site-packages/yfinance/scrapers/history.py:204 Pandas4Warning: Timestamp.utcnow is deprecated and will be removed in a future version. Use Timestamp.now('UTC') instead.
[2026-02-19T15:55:56.718+0000] {logging_mixin.py:188} WARNING - [*********************100%***********************]  1 of 1 completed
[2026-02-19T15:55:56.751+0000] {base.py:84} INFO - Using connection ID 'pg_1' for task execution.
[2026-02-19T15:55:56.752+0000] {sql.py:254} WARNING - This setter is for backward compatibility and should not be used.
Since the introduction of connection property, the providers listed below breaks due to assigning value to self.connection in their __init__ method.
* apache-***-providers-mysql<5.7.1
* apache-***-providers-elasticsearch<5.5.1
* apache-***-providers-postgres<5.13.0
[2026-02-19T15:55:56.758+0000] {sql.py:896} INFO - Loaded 1 rows into stocks so far
[2026-02-19T15:55:56.759+0000] {sql.py:908} INFO - Done loading. Loaded a total of 1 rows into stocks
[2026-02-19T15:55:56.767+0000] {python.py:237} INFO - Done. Returned value was: None
[2026-02-19T15:55:56.768+0000] {taskinstance.py:441} INFO - ::group::Post task execution logs
[2026-02-19T15:55:56.779+0000] {taskinstance.py:1206} INFO - Marking task as SUCCESS. dag_id=dag_moex, task_id=task_TSLA, run_id=scheduled__2026-01-28T00:00:00+00:00, execution_date=20260128T000000, start_date=20260219T155555, end_date=20260219T155556
[2026-02-19T15:55:56.996+0000] {local_task_job_runner.py:243} INFO - Task exited with return code 0
[2026-02-19T15:55:57.021+0000] {taskinstance.py:3503} INFO - 0 downstream tasks scheduled from follow-on schedule check
[2026-02-19T15:55:57.026+0000] {local_task_job_runner.py:222} INFO - ::endgroup::
[2026-02-19T16:06:02.612+0000] {local_task_job_runner.py:120} INFO - ::group::Pre task execution logs
[2026-02-19T16:06:02.681+0000] {taskinstance.py:2076} INFO - Dependencies all met for dep_context=non-requeueable deps ti=<TaskInstance: dag_moex.task_TSLA scheduled__2026-01-28T00:00:00+00:00 [queued]>
[2026-02-19T16:06:02.708+0000] {taskinstance.py:2076} INFO - Dependencies all met for dep_context=requeueable deps ti=<TaskInstance: dag_moex.task_TSLA scheduled__2026-01-28T00:00:00+00:00 [queued]>
[2026-02-19T16:06:02.709+0000] {taskinstance.py:2306} INFO - Starting attempt 1 of 1
[2026-02-19T16:06:02.729+0000] {taskinstance.py:2330} INFO - Executing <Task(PythonOperator): task_TSLA> on 2026-01-28 00:00:00+00:00
[2026-02-19T16:06:02.751+0000] {logging_mixin.py:188} WARNING - /home/***/.local/lib/python3.12/site-packages/***/task/task_runner/standard_task_runner.py:62 DeprecationWarning: This process (pid=34654) is multi-threaded, use of fork() may lead to deadlocks in the child.
[2026-02-19T16:06:02.754+0000] {standard_task_runner.py:90} INFO - Running: ['***', 'tasks', 'run', 'dag_moex', 'task_TSLA', 'scheduled__2026-01-28T00:00:00+00:00', '--job-id', '1705', '--raw', '--subdir', 'DAGS_FOLDER/stocks/dag1.py', '--cfg-path', '/tmp/tmpiwim_whz']
[2026-02-19T16:06:02.759+0000] {standard_task_runner.py:64} INFO - Started process 34683 to run task
[2026-02-19T16:06:02.763+0000] {standard_task_runner.py:91} INFO - Job 1705: Subtask task_TSLA
[2026-02-19T16:06:02.879+0000] {task_command.py:426} INFO - Running <TaskInstance: dag_moex.task_TSLA scheduled__2026-01-28T00:00:00+00:00 [running]> on host cc036e7caf02
[2026-02-19T16:06:03.042+0000] {taskinstance.py:2648} INFO - Exporting env vars: AIRFLOW_CTX_DAG_OWNER='***' AIRFLOW_CTX_DAG_ID='dag_moex' AIRFLOW_CTX_TASK_ID='task_TSLA' AIRFLOW_CTX_EXECUTION_DATE='2026-01-28T00:00:00+00:00' AIRFLOW_CTX_TRY_NUMBER='1' AIRFLOW_CTX_DAG_RUN_ID='scheduled__2026-01-28T00:00:00+00:00'
[2026-02-19T16:06:03.045+0000] {taskinstance.py:430} INFO - ::endgroup::
[2026-02-19T16:06:03.071+0000] {logging_mixin.py:188} WARNING - /opt/***/dags/stocks/scripts/api.py:9 FutureWarning: YF.download() has changed argument auto_adjust default to True
[2026-02-19T16:06:03.086+0000] {logging_mixin.py:188} WARNING - /home/***/.local/lib/python3.12/site-packages/yfinance/scrapers/history.py:204 Pandas4Warning: Timestamp.utcnow is deprecated and will be removed in a future version. Use Timestamp.now('UTC') instead.
[2026-02-19T16:06:03.812+0000] {logging_mixin.py:188} WARNING - [*********************100%***********************]  1 of 1 completed
[2026-02-19T16:06:03.854+0000] {base.py:84} INFO - Using connection ID 'pg_1' for task execution.
[2026-02-19T16:06:03.886+0000] {sql.py:254} WARNING - This setter is for backward compatibility and should not be used.
Since the introduction of connection property, the providers listed below breaks due to assigning value to self.connection in their __init__ method.
* apache-***-providers-mysql<5.7.1
* apache-***-providers-elasticsearch<5.5.1
* apache-***-providers-postgres<5.13.0
[2026-02-19T16:06:03.907+0000] {taskinstance.py:441} INFO - ::group::Post task execution logs
[2026-02-19T16:06:03.913+0000] {taskinstance.py:2905} ERROR - Task failed with exception
Traceback (most recent call last):
  File "/home/airflow/.local/lib/python3.12/site-packages/airflow/models/taskinstance.py", line 465, in _execute_task
    result = _execute_callable(context=context, **execute_callable_kwargs)
             ^^^^^^^^^^^^^^^^^^^^^^^^^^^^^^^^^^^^^^^^^^^^^^^^^^^^^^^^^^^^^
  File "/home/airflow/.local/lib/python3.12/site-packages/airflow/models/taskinstance.py", line 432, in _execute_callable
    return execute_callable(context=context, **execute_callable_kwargs)
           ^^^^^^^^^^^^^^^^^^^^^^^^^^^^^^^^^^^^^^^^^^^^^^^^^^^^^^^^^^^^
  File "/home/airflow/.local/lib/python3.12/site-packages/airflow/models/baseoperator.py", line 401, in wrapper
    return func(self, *args, **kwargs)
           ^^^^^^^^^^^^^^^^^^^^^^^^^^^
  File "/home/airflow/.local/lib/python3.12/site-packages/airflow/operators/python.py", line 235, in execute
    return_value = self.execute_callable()
                   ^^^^^^^^^^^^^^^^^^^^^^^
  File "/home/airflow/.local/lib/python3.12/site-packages/airflow/operators/python.py", line 252, in execute_callable
    return self.python_callable(*self.op_args, **self.op_kwargs)
           ^^^^^^^^^^^^^^^^^^^^^^^^^^^^^^^^^^^^^^^^^^^^^^^^^^^^^
  File "/opt/airflow/dags/stocks/scripts/manager.py", line 23, in fetch_data
    postgresHook.insert_rows(table="stocks", rows=rows,
  File "/home/airflow/.local/lib/python3.12/site-packages/airflow/providers/common/sql/hooks/sql.py", line 893, in insert_rows
    cur.executemany(sql, values)
psycopg2.errors.UniqueViolation: duplicate key value violates unique constraint "stocks_pkey"
DETAIL:  Key (ticker, date)=(TSLA, 2026-01-27) already exists.

[2026-02-19T16:06:04.011+0000] {taskinstance.py:1206} INFO - Marking task as FAILED. dag_id=dag_moex, task_id=task_TSLA, run_id=scheduled__2026-01-28T00:00:00+00:00, execution_date=20260128T000000, start_date=20260219T160602, end_date=20260219T160604
[2026-02-19T16:06:04.258+0000] {standard_task_runner.py:110} ERROR - Failed to execute job 1705 for task task_TSLA (duplicate key value violates unique constraint "stocks_pkey"
DETAIL:  Key (ticker, date)=(TSLA, 2026-01-27) already exists.
; 34683)
[2026-02-19T16:06:04.327+0000] {local_task_job_runner.py:243} INFO - Task exited with return code 1
[2026-02-19T16:06:04.342+0000] {local_task_job_runner.py:222} INFO - ::endgroup::
[2026-02-19T16:07:15.663+0000] {local_task_job_runner.py:120} INFO - ::group::Pre task execution logs
[2026-02-19T16:07:15.724+0000] {taskinstance.py:2076} INFO - Dependencies all met for dep_context=non-requeueable deps ti=<TaskInstance: dag_moex.task_TSLA scheduled__2026-01-28T00:00:00+00:00 [queued]>
[2026-02-19T16:07:15.753+0000] {taskinstance.py:2076} INFO - Dependencies all met for dep_context=requeueable deps ti=<TaskInstance: dag_moex.task_TSLA scheduled__2026-01-28T00:00:00+00:00 [queued]>
[2026-02-19T16:07:15.756+0000] {taskinstance.py:2306} INFO - Starting attempt 1 of 1
[2026-02-19T16:07:15.919+0000] {taskinstance.py:2330} INFO - Executing <Task(PythonOperator): task_TSLA> on 2026-01-28 00:00:00+00:00
[2026-02-19T16:07:15.949+0000] {logging_mixin.py:188} WARNING - /home/***/.local/lib/python3.12/site-packages/***/task/task_runner/standard_task_runner.py:62 DeprecationWarning: This process (pid=34827) is multi-threaded, use of fork() may lead to deadlocks in the child.
[2026-02-19T16:07:15.948+0000] {standard_task_runner.py:90} INFO - Running: ['***', 'tasks', 'run', 'dag_moex', 'task_TSLA', 'scheduled__2026-01-28T00:00:00+00:00', '--job-id', '1740', '--raw', '--subdir', 'DAGS_FOLDER/stocks/dag1.py', '--cfg-path', '/tmp/tmpe7fz6imw']
[2026-02-19T16:07:15.953+0000] {standard_task_runner.py:64} INFO - Started process 34847 to run task
[2026-02-19T16:07:15.954+0000] {standard_task_runner.py:91} INFO - Job 1740: Subtask task_TSLA
[2026-02-19T16:07:16.039+0000] {task_command.py:426} INFO - Running <TaskInstance: dag_moex.task_TSLA scheduled__2026-01-28T00:00:00+00:00 [running]> on host cc036e7caf02
[2026-02-19T16:07:16.200+0000] {taskinstance.py:2648} INFO - Exporting env vars: AIRFLOW_CTX_DAG_OWNER='***' AIRFLOW_CTX_DAG_ID='dag_moex' AIRFLOW_CTX_TASK_ID='task_TSLA' AIRFLOW_CTX_EXECUTION_DATE='2026-01-28T00:00:00+00:00' AIRFLOW_CTX_TRY_NUMBER='1' AIRFLOW_CTX_DAG_RUN_ID='scheduled__2026-01-28T00:00:00+00:00'
[2026-02-19T16:07:16.202+0000] {taskinstance.py:430} INFO - ::endgroup::
[2026-02-19T16:07:16.230+0000] {logging_mixin.py:188} WARNING - /opt/***/dags/stocks/scripts/api.py:9 FutureWarning: YF.download() has changed argument auto_adjust default to True
[2026-02-19T16:07:16.255+0000] {logging_mixin.py:188} WARNING - /home/***/.local/lib/python3.12/site-packages/yfinance/scrapers/history.py:204 Pandas4Warning: Timestamp.utcnow is deprecated and will be removed in a future version. Use Timestamp.now('UTC') instead.
[2026-02-19T16:07:16.973+0000] {logging_mixin.py:188} WARNING - [*********************100%***********************]  1 of 1 completed
[2026-02-19T16:07:17.023+0000] {base.py:84} INFO - Using connection ID 'pg_1' for task execution.
[2026-02-19T16:07:17.025+0000] {sql.py:254} WARNING - This setter is for backward compatibility and should not be used.
Since the introduction of connection property, the providers listed below breaks due to assigning value to self.connection in their __init__ method.
* apache-***-providers-mysql<5.7.1
* apache-***-providers-elasticsearch<5.5.1
* apache-***-providers-postgres<5.13.0
[2026-02-19T16:07:17.038+0000] {sql.py:896} INFO - Loaded 2 rows into stocks so far
[2026-02-19T16:07:17.039+0000] {sql.py:908} INFO - Done loading. Loaded a total of 2 rows into stocks
[2026-02-19T16:07:17.049+0000] {python.py:237} INFO - Done. Returned value was: None
[2026-02-19T16:07:17.051+0000] {taskinstance.py:441} INFO - ::group::Post task execution logs
[2026-02-19T16:07:17.068+0000] {taskinstance.py:1206} INFO - Marking task as SUCCESS. dag_id=dag_moex, task_id=task_TSLA, run_id=scheduled__2026-01-28T00:00:00+00:00, execution_date=20260128T000000, start_date=20260219T160715, end_date=20260219T160717
[2026-02-19T16:07:17.347+0000] {local_task_job_runner.py:243} INFO - Task exited with return code 0
[2026-02-19T16:07:17.372+0000] {taskinstance.py:3503} INFO - 0 downstream tasks scheduled from follow-on schedule check
[2026-02-19T16:07:17.375+0000] {local_task_job_runner.py:222} INFO - ::endgroup::
[2026-02-19T16:14:31.412+0000] {local_task_job_runner.py:120} INFO - ::group::Pre task execution logs
[2026-02-19T16:14:31.444+0000] {taskinstance.py:2066} INFO - Dependencies not met for <TaskInstance: dag_moex.task_TSLA scheduled__2026-01-28T00:00:00+00:00 [queued]>, dependency 'Previous Dagrun State' FAILED: depends_on_past is true for this task, but 1 previous task instance(s) are not in a successful state.
[2026-02-19T16:14:31.450+0000] {local_task_job_runner.py:163} INFO - Task is not able to be run
[2026-02-19T16:19:13.996+0000] {local_task_job_runner.py:120} INFO - ::group::Pre task execution logs
[2026-02-19T16:19:14.022+0000] {taskinstance.py:2076} INFO - Dependencies all met for dep_context=non-requeueable deps ti=<TaskInstance: dag_moex.task_TSLA scheduled__2026-01-28T00:00:00+00:00 [queued]>
[2026-02-19T16:19:14.029+0000] {taskinstance.py:2076} INFO - Dependencies all met for dep_context=requeueable deps ti=<TaskInstance: dag_moex.task_TSLA scheduled__2026-01-28T00:00:00+00:00 [queued]>
[2026-02-19T16:19:14.030+0000] {taskinstance.py:2306} INFO - Starting attempt 1 of 1
[2026-02-19T16:19:14.038+0000] {taskinstance.py:2330} INFO - Executing <Task(PythonOperator): task_TSLA> on 2026-01-28 00:00:00+00:00
[2026-02-19T16:19:14.045+0000] {logging_mixin.py:188} WARNING - /home/***/.local/lib/python3.12/site-packages/***/task/task_runner/standard_task_runner.py:62 DeprecationWarning: This process (pid=35390) is multi-threaded, use of fork() may lead to deadlocks in the child.
[2026-02-19T16:19:14.047+0000] {standard_task_runner.py:64} INFO - Started process 35392 to run task
[2026-02-19T16:19:14.046+0000] {standard_task_runner.py:90} INFO - Running: ['***', 'tasks', 'run', 'dag_moex', 'task_TSLA', 'scheduled__2026-01-28T00:00:00+00:00', '--job-id', '1810', '--raw', '--subdir', 'DAGS_FOLDER/stocks/dag1.py', '--cfg-path', '/tmp/tmpf9vgujwt']
[2026-02-19T16:19:14.047+0000] {standard_task_runner.py:91} INFO - Job 1810: Subtask task_TSLA
[2026-02-19T16:19:14.082+0000] {task_command.py:426} INFO - Running <TaskInstance: dag_moex.task_TSLA scheduled__2026-01-28T00:00:00+00:00 [running]> on host cc036e7caf02
[2026-02-19T16:19:14.154+0000] {taskinstance.py:2648} INFO - Exporting env vars: AIRFLOW_CTX_DAG_OWNER='***' AIRFLOW_CTX_DAG_ID='dag_moex' AIRFLOW_CTX_TASK_ID='task_TSLA' AIRFLOW_CTX_EXECUTION_DATE='2026-01-28T00:00:00+00:00' AIRFLOW_CTX_TRY_NUMBER='1' AIRFLOW_CTX_DAG_RUN_ID='scheduled__2026-01-28T00:00:00+00:00'
[2026-02-19T16:19:14.155+0000] {taskinstance.py:430} INFO - ::endgroup::
[2026-02-19T16:19:14.163+0000] {logging_mixin.py:188} WARNING - /opt/***/dags/stocks/scripts/api.py:9 FutureWarning: YF.download() has changed argument auto_adjust default to True
[2026-02-19T16:19:14.170+0000] {logging_mixin.py:188} WARNING - /home/***/.local/lib/python3.12/site-packages/yfinance/scrapers/history.py:204 Pandas4Warning: Timestamp.utcnow is deprecated and will be removed in a future version. Use Timestamp.now('UTC') instead.
[2026-02-19T16:19:14.900+0000] {logging_mixin.py:188} WARNING - [*********************100%***********************]  1 of 1 completed
[2026-02-19T16:19:14.917+0000] {base.py:84} INFO - Using connection ID 'pg_1' for task execution.
[2026-02-19T16:19:14.918+0000] {sql.py:254} WARNING - This setter is for backward compatibility and should not be used.
Since the introduction of connection property, the providers listed below breaks due to assigning value to self.connection in their __init__ method.
* apache-***-providers-mysql<5.7.1
* apache-***-providers-elasticsearch<5.5.1
* apache-***-providers-postgres<5.13.0
[2026-02-19T16:19:14.922+0000] {sql.py:896} INFO - Loaded 2 rows into stocks so far
[2026-02-19T16:19:14.923+0000] {sql.py:908} INFO - Done loading. Loaded a total of 2 rows into stocks
[2026-02-19T16:19:14.928+0000] {python.py:237} INFO - Done. Returned value was: None
[2026-02-19T16:19:14.928+0000] {taskinstance.py:441} INFO - ::group::Post task execution logs
[2026-02-19T16:19:14.934+0000] {taskinstance.py:1206} INFO - Marking task as SUCCESS. dag_id=dag_moex, task_id=task_TSLA, run_id=scheduled__2026-01-28T00:00:00+00:00, execution_date=20260128T000000, start_date=20260219T161914, end_date=20260219T161914
[2026-02-19T16:19:14.985+0000] {local_task_job_runner.py:243} INFO - Task exited with return code 0
[2026-02-19T16:19:15.001+0000] {taskinstance.py:3503} INFO - 0 downstream tasks scheduled from follow-on schedule check
[2026-02-19T16:19:15.002+0000] {local_task_job_runner.py:222} INFO - ::endgroup::
[2026-02-19T16:33:28.899+0000] {local_task_job_runner.py:120} INFO - ::group::Pre task execution logs
[2026-02-19T16:33:28.926+0000] {taskinstance.py:2076} INFO - Dependencies all met for dep_context=non-requeueable deps ti=<TaskInstance: dag_moex.task_TSLA scheduled__2026-01-28T00:00:00+00:00 [queued]>
[2026-02-19T16:33:28.933+0000] {taskinstance.py:2076} INFO - Dependencies all met for dep_context=requeueable deps ti=<TaskInstance: dag_moex.task_TSLA scheduled__2026-01-28T00:00:00+00:00 [queued]>
[2026-02-19T16:33:28.934+0000] {taskinstance.py:2306} INFO - Starting attempt 1 of 1
[2026-02-19T16:33:28.953+0000] {taskinstance.py:2330} INFO - Executing <Task(PythonOperator): task_TSLA> on 2026-01-28 00:00:00+00:00
[2026-02-19T16:33:28.962+0000] {logging_mixin.py:188} WARNING - /home/***/.local/lib/python3.12/site-packages/***/task/task_runner/standard_task_runner.py:62 DeprecationWarning: This process (pid=35886) is multi-threaded, use of fork() may lead to deadlocks in the child.
[2026-02-19T16:33:28.962+0000] {standard_task_runner.py:90} INFO - Running: ['***', 'tasks', 'run', 'dag_moex', 'task_TSLA', 'scheduled__2026-01-28T00:00:00+00:00', '--job-id', '1850', '--raw', '--subdir', 'DAGS_FOLDER/stocks/dag1.py', '--cfg-path', '/tmp/tmpusxzxlm2']
[2026-02-19T16:33:28.963+0000] {standard_task_runner.py:64} INFO - Started process 35888 to run task
[2026-02-19T16:33:28.964+0000] {standard_task_runner.py:91} INFO - Job 1850: Subtask task_TSLA
[2026-02-19T16:33:28.996+0000] {task_command.py:426} INFO - Running <TaskInstance: dag_moex.task_TSLA scheduled__2026-01-28T00:00:00+00:00 [running]> on host cc036e7caf02
[2026-02-19T16:33:29.070+0000] {taskinstance.py:2648} INFO - Exporting env vars: AIRFLOW_CTX_DAG_OWNER='***' AIRFLOW_CTX_DAG_ID='dag_moex' AIRFLOW_CTX_TASK_ID='task_TSLA' AIRFLOW_CTX_EXECUTION_DATE='2026-01-28T00:00:00+00:00' AIRFLOW_CTX_TRY_NUMBER='1' AIRFLOW_CTX_DAG_RUN_ID='scheduled__2026-01-28T00:00:00+00:00'
[2026-02-19T16:33:29.071+0000] {taskinstance.py:430} INFO - ::endgroup::
[2026-02-19T16:33:29.081+0000] {logging_mixin.py:188} WARNING - /opt/***/dags/stocks/scripts/api.py:9 FutureWarning: YF.download() has changed argument auto_adjust default to True
[2026-02-19T16:33:29.086+0000] {logging_mixin.py:188} WARNING - /home/***/.local/lib/python3.12/site-packages/yfinance/scrapers/history.py:204 Pandas4Warning: Timestamp.utcnow is deprecated and will be removed in a future version. Use Timestamp.now('UTC') instead.
[2026-02-19T16:33:29.754+0000] {logging_mixin.py:188} WARNING - [*********************100%***********************]  1 of 1 completed
[2026-02-19T16:33:29.791+0000] {python.py:237} INFO - Done. Returned value was: None
[2026-02-19T16:33:29.792+0000] {taskinstance.py:441} INFO - ::group::Post task execution logs
[2026-02-19T16:33:29.809+0000] {taskinstance.py:1206} INFO - Marking task as SUCCESS. dag_id=dag_moex, task_id=task_TSLA, run_id=scheduled__2026-01-28T00:00:00+00:00, execution_date=20260128T000000, start_date=20260219T163328, end_date=20260219T163329
[2026-02-19T16:33:29.859+0000] {local_task_job_runner.py:243} INFO - Task exited with return code 0
[2026-02-19T16:33:29.883+0000] {taskinstance.py:3503} INFO - 0 downstream tasks scheduled from follow-on schedule check
[2026-02-19T16:33:29.885+0000] {local_task_job_runner.py:222} INFO - ::endgroup::
[2026-02-23T03:51:52.106+0000] {local_task_job_runner.py:120} INFO - ::group::Pre task execution logs
[2026-02-23T03:51:52.144+0000] {taskinstance.py:2076} INFO - Dependencies all met for dep_context=non-requeueable deps ti=<TaskInstance: dag_moex.task_TSLA scheduled__2026-01-28T00:00:00+00:00 [queued]>
[2026-02-23T03:51:52.160+0000] {taskinstance.py:2076} INFO - Dependencies all met for dep_context=requeueable deps ti=<TaskInstance: dag_moex.task_TSLA scheduled__2026-01-28T00:00:00+00:00 [queued]>
[2026-02-23T03:51:52.161+0000] {taskinstance.py:2306} INFO - Starting attempt 1 of 1
[2026-02-23T03:51:52.195+0000] {taskinstance.py:2330} INFO - Executing <Task(PythonOperator): task_TSLA> on 2026-01-28 00:00:00+00:00
[2026-02-23T03:51:52.209+0000] {logging_mixin.py:188} WARNING - /home/***/.local/lib/python3.12/site-packages/***/task/task_runner/standard_task_runner.py:62 DeprecationWarning: This process (pid=1387) is multi-threaded, use of fork() may lead to deadlocks in the child.
[2026-02-23T03:51:52.212+0000] {standard_task_runner.py:64} INFO - Started process 1407 to run task
[2026-02-23T03:51:52.210+0000] {standard_task_runner.py:90} INFO - Running: ['***', 'tasks', 'run', 'dag_moex', 'task_TSLA', 'scheduled__2026-01-28T00:00:00+00:00', '--job-id', '2004', '--raw', '--subdir', 'DAGS_FOLDER/stocks/dag1.py', '--cfg-path', '/tmp/tmpyhysnuyr']
[2026-02-23T03:51:52.216+0000] {standard_task_runner.py:91} INFO - Job 2004: Subtask task_TSLA
[2026-02-23T03:51:52.288+0000] {task_command.py:426} INFO - Running <TaskInstance: dag_moex.task_TSLA scheduled__2026-01-28T00:00:00+00:00 [running]> on host c6ea4dedb566
[2026-02-23T03:51:52.427+0000] {taskinstance.py:2648} INFO - Exporting env vars: AIRFLOW_CTX_DAG_OWNER='***' AIRFLOW_CTX_DAG_ID='dag_moex' AIRFLOW_CTX_TASK_ID='task_TSLA' AIRFLOW_CTX_EXECUTION_DATE='2026-01-28T00:00:00+00:00' AIRFLOW_CTX_TRY_NUMBER='1' AIRFLOW_CTX_DAG_RUN_ID='scheduled__2026-01-28T00:00:00+00:00'
[2026-02-23T03:51:52.430+0000] {taskinstance.py:430} INFO - ::endgroup::
[2026-02-23T03:51:52.459+0000] {logging_mixin.py:188} WARNING - /opt/***/dags/stocks/scripts/api.py:9 FutureWarning: YF.download() has changed argument auto_adjust default to True
[2026-02-23T03:51:52.471+0000] {logging_mixin.py:188} WARNING - /home/***/.local/lib/python3.12/site-packages/yfinance/scrapers/history.py:204 Pandas4Warning: Timestamp.utcnow is deprecated and will be removed in a future version. Use Timestamp.now('UTC') instead.
[2026-02-23T03:51:53.165+0000] {logging_mixin.py:188} WARNING - [*********************100%***********************]  1 of 1 completed
[2026-02-23T03:51:53.203+0000] {base.py:84} INFO - Using connection ID 'pg_1' for task execution.
[2026-02-23T03:51:53.208+0000] {sql.py:254} WARNING - This setter is for backward compatibility and should not be used.
Since the introduction of connection property, the providers listed below breaks due to assigning value to self.connection in their __init__ method.
* apache-***-providers-mysql<5.7.1
* apache-***-providers-elasticsearch<5.5.1
* apache-***-providers-postgres<5.13.0
[2026-02-23T03:51:53.220+0000] {sql.py:896} INFO - Loaded 1 rows into stocks so far
[2026-02-23T03:51:53.222+0000] {sql.py:908} INFO - Done loading. Loaded a total of 1 rows into stocks
[2026-02-23T03:51:53.232+0000] {python.py:237} INFO - Done. Returned value was: None
[2026-02-23T03:51:53.233+0000] {taskinstance.py:441} INFO - ::group::Post task execution logs
[2026-02-23T03:51:53.249+0000] {taskinstance.py:1206} INFO - Marking task as SUCCESS. dag_id=dag_moex, task_id=task_TSLA, run_id=scheduled__2026-01-28T00:00:00+00:00, execution_date=20260128T000000, start_date=20260223T035152, end_date=20260223T035153
[2026-02-23T03:51:53.402+0000] {local_task_job_runner.py:243} INFO - Task exited with return code 0
[2026-02-23T03:51:53.433+0000] {taskinstance.py:3503} INFO - 0 downstream tasks scheduled from follow-on schedule check
[2026-02-23T03:51:53.435+0000] {local_task_job_runner.py:222} INFO - ::endgroup::
[2026-02-23T03:52:18.510+0000] {local_task_job_runner.py:120} INFO - ::group::Pre task execution logs
[2026-02-23T03:52:18.535+0000] {taskinstance.py:2076} INFO - Dependencies all met for dep_context=non-requeueable deps ti=<TaskInstance: dag_moex.task_TSLA scheduled__2026-01-28T00:00:00+00:00 [queued]>
[2026-02-23T03:52:18.543+0000] {taskinstance.py:2076} INFO - Dependencies all met for dep_context=requeueable deps ti=<TaskInstance: dag_moex.task_TSLA scheduled__2026-01-28T00:00:00+00:00 [queued]>
[2026-02-23T03:52:18.544+0000] {taskinstance.py:2306} INFO - Starting attempt 1 of 1
[2026-02-23T03:52:18.566+0000] {taskinstance.py:2330} INFO - Executing <Task(PythonOperator): task_TSLA> on 2026-01-28 00:00:00+00:00
[2026-02-23T03:52:18.574+0000] {logging_mixin.py:188} WARNING - /home/***/.local/lib/python3.12/site-packages/***/task/task_runner/standard_task_runner.py:62 DeprecationWarning: This process (pid=1458) is multi-threaded, use of fork() may lead to deadlocks in the child.
[2026-02-23T03:52:18.575+0000] {standard_task_runner.py:64} INFO - Started process 1466 to run task
[2026-02-23T03:52:18.574+0000] {standard_task_runner.py:90} INFO - Running: ['***', 'tasks', 'run', 'dag_moex', 'task_TSLA', 'scheduled__2026-01-28T00:00:00+00:00', '--job-id', '2020', '--raw', '--subdir', 'DAGS_FOLDER/stocks/dag1.py', '--cfg-path', '/tmp/tmpe2p1r9_r']
[2026-02-23T03:52:18.576+0000] {standard_task_runner.py:91} INFO - Job 2020: Subtask task_TSLA
[2026-02-23T03:52:18.627+0000] {task_command.py:426} INFO - Running <TaskInstance: dag_moex.task_TSLA scheduled__2026-01-28T00:00:00+00:00 [running]> on host c6ea4dedb566
[2026-02-23T03:52:18.700+0000] {taskinstance.py:2648} INFO - Exporting env vars: AIRFLOW_CTX_DAG_OWNER='***' AIRFLOW_CTX_DAG_ID='dag_moex' AIRFLOW_CTX_TASK_ID='task_TSLA' AIRFLOW_CTX_EXECUTION_DATE='2026-01-28T00:00:00+00:00' AIRFLOW_CTX_TRY_NUMBER='1' AIRFLOW_CTX_DAG_RUN_ID='scheduled__2026-01-28T00:00:00+00:00'
[2026-02-23T03:52:18.702+0000] {taskinstance.py:430} INFO - ::endgroup::
[2026-02-23T03:52:18.715+0000] {logging_mixin.py:188} WARNING - /opt/***/dags/stocks/scripts/api.py:9 FutureWarning: YF.download() has changed argument auto_adjust default to True
[2026-02-23T03:52:18.724+0000] {logging_mixin.py:188} WARNING - /home/***/.local/lib/python3.12/site-packages/yfinance/scrapers/history.py:204 Pandas4Warning: Timestamp.utcnow is deprecated and will be removed in a future version. Use Timestamp.now('UTC') instead.
[2026-02-23T03:52:19.400+0000] {logging_mixin.py:188} WARNING - [*********************100%***********************]  1 of 1 completed
[2026-02-23T03:52:19.417+0000] {base.py:84} INFO - Using connection ID 'pg_1' for task execution.
[2026-02-23T03:52:19.418+0000] {sql.py:254} WARNING - This setter is for backward compatibility and should not be used.
Since the introduction of connection property, the providers listed below breaks due to assigning value to self.connection in their __init__ method.
* apache-***-providers-mysql<5.7.1
* apache-***-providers-elasticsearch<5.5.1
* apache-***-providers-postgres<5.13.0
[2026-02-23T03:52:19.422+0000] {manager.py:27} INFO - [['TSLA', Timestamp('2026-01-28 00:00:00'), 431.4599914550781, 438.260009765625, 430.1000061035156, 431.9100036621094, 54857400]]
[2026-02-23T03:52:19.423+0000] {taskinstance.py:441} INFO - ::group::Post task execution logs
[2026-02-23T03:52:19.423+0000] {taskinstance.py:2905} ERROR - Task failed with exception
Traceback (most recent call last):
  File "/opt/airflow/dags/stocks/scripts/manager.py", line 24, in fetch_data
    postgresHook.insert_rows(table="stocks", rows=rows,
  File "/home/airflow/.local/lib/python3.12/site-packages/airflow/providers/common/sql/hooks/sql.py", line 893, in insert_rows
    cur.executemany(sql, values)
psycopg2.errors.UniqueViolation: duplicate key value violates unique constraint "stocks_pkey"
DETAIL:  Key (ticker, date)=(TSLA, 2026-01-28) already exists.


During handling of the above exception, another exception occurred:

Traceback (most recent call last):
  File "/home/airflow/.local/lib/python3.12/site-packages/airflow/models/taskinstance.py", line 465, in _execute_task
    result = _execute_callable(context=context, **execute_callable_kwargs)
             ^^^^^^^^^^^^^^^^^^^^^^^^^^^^^^^^^^^^^^^^^^^^^^^^^^^^^^^^^^^^^
  File "/home/airflow/.local/lib/python3.12/site-packages/airflow/models/taskinstance.py", line 432, in _execute_callable
    return execute_callable(context=context, **execute_callable_kwargs)
           ^^^^^^^^^^^^^^^^^^^^^^^^^^^^^^^^^^^^^^^^^^^^^^^^^^^^^^^^^^^^
  File "/home/airflow/.local/lib/python3.12/site-packages/airflow/models/baseoperator.py", line 401, in wrapper
    return func(self, *args, **kwargs)
           ^^^^^^^^^^^^^^^^^^^^^^^^^^^
  File "/home/airflow/.local/lib/python3.12/site-packages/airflow/operators/python.py", line 235, in execute
    return_value = self.execute_callable()
                   ^^^^^^^^^^^^^^^^^^^^^^^
  File "/home/airflow/.local/lib/python3.12/site-packages/airflow/operators/python.py", line 252, in execute_callable
    return self.python_callable(*self.op_args, **self.op_kwargs)
           ^^^^^^^^^^^^^^^^^^^^^^^^^^^^^^^^^^^^^^^^^^^^^^^^^^^^^
  File "/opt/airflow/dags/stocks/scripts/manager.py", line 28, in fetch_data
    raise AirflowFailException("ошибка")
airflow.exceptions.AirflowFailException: ошибка
[2026-02-23T03:52:19.434+0000] {taskinstance.py:1206} INFO - Immediate failure requested. Marking task as FAILED. dag_id=dag_moex, task_id=task_TSLA, run_id=scheduled__2026-01-28T00:00:00+00:00, execution_date=20260128T000000, start_date=20260223T035218, end_date=20260223T035219
[2026-02-23T03:52:19.456+0000] {standard_task_runner.py:110} ERROR - Failed to execute job 2020 for task task_TSLA (ошибка; 1466)
[2026-02-23T03:52:19.472+0000] {local_task_job_runner.py:243} INFO - Task exited with return code 1
[2026-02-23T03:52:19.486+0000] {taskinstance.py:3503} INFO - 0 downstream tasks scheduled from follow-on schedule check
[2026-02-23T03:52:19.489+0000] {local_task_job_runner.py:222} INFO - ::endgroup::
[2026-02-23T03:56:06.826+0000] {local_task_job_runner.py:120} INFO - ::group::Pre task execution logs
[2026-02-23T03:56:06.845+0000] {taskinstance.py:2076} INFO - Dependencies all met for dep_context=non-requeueable deps ti=<TaskInstance: dag_moex.task_TSLA scheduled__2026-01-28T00:00:00+00:00 [queued]>
[2026-02-23T03:56:06.851+0000] {taskinstance.py:2076} INFO - Dependencies all met for dep_context=requeueable deps ti=<TaskInstance: dag_moex.task_TSLA scheduled__2026-01-28T00:00:00+00:00 [queued]>
[2026-02-23T03:56:06.852+0000] {taskinstance.py:2306} INFO - Starting attempt 1 of 1
[2026-02-23T03:56:06.860+0000] {taskinstance.py:2330} INFO - Executing <Task(PythonOperator): task_TSLA> on 2026-01-28 00:00:00+00:00
[2026-02-23T03:56:06.866+0000] {standard_task_runner.py:90} INFO - Running: ['***', 'tasks', 'run', 'dag_moex', 'task_TSLA', 'scheduled__2026-01-28T00:00:00+00:00', '--job-id', '2059', '--raw', '--subdir', 'DAGS_FOLDER/stocks/dag1.py', '--cfg-path', '/tmp/tmp7ner5jb6']
[2026-02-23T03:56:06.866+0000] {logging_mixin.py:188} WARNING - /home/***/.local/lib/python3.12/site-packages/***/task/task_runner/standard_task_runner.py:62 DeprecationWarning: This process (pid=1725) is multi-threaded, use of fork() may lead to deadlocks in the child.
[2026-02-23T03:56:06.867+0000] {standard_task_runner.py:91} INFO - Job 2059: Subtask task_TSLA
[2026-02-23T03:56:06.867+0000] {standard_task_runner.py:64} INFO - Started process 1727 to run task
[2026-02-23T03:56:06.899+0000] {task_command.py:426} INFO - Running <TaskInstance: dag_moex.task_TSLA scheduled__2026-01-28T00:00:00+00:00 [running]> on host c6ea4dedb566
[2026-02-23T03:56:06.956+0000] {taskinstance.py:2648} INFO - Exporting env vars: AIRFLOW_CTX_DAG_OWNER='***' AIRFLOW_CTX_DAG_ID='dag_moex' AIRFLOW_CTX_TASK_ID='task_TSLA' AIRFLOW_CTX_EXECUTION_DATE='2026-01-28T00:00:00+00:00' AIRFLOW_CTX_TRY_NUMBER='1' AIRFLOW_CTX_DAG_RUN_ID='scheduled__2026-01-28T00:00:00+00:00'
[2026-02-23T03:56:06.957+0000] {taskinstance.py:430} INFO - ::endgroup::
[2026-02-23T03:56:06.966+0000] {logging_mixin.py:188} WARNING - /opt/***/dags/stocks/scripts/api.py:9 FutureWarning: YF.download() has changed argument auto_adjust default to True
[2026-02-23T03:56:06.972+0000] {logging_mixin.py:188} WARNING - /home/***/.local/lib/python3.12/site-packages/yfinance/scrapers/history.py:204 Pandas4Warning: Timestamp.utcnow is deprecated and will be removed in a future version. Use Timestamp.now('UTC') instead.
[2026-02-23T03:56:07.617+0000] {logging_mixin.py:188} WARNING - [*********************100%***********************]  1 of 1 completed
[2026-02-23T03:56:07.631+0000] {base.py:84} INFO - Using connection ID 'pg_1' for task execution.
[2026-02-23T03:56:07.632+0000] {sql.py:254} WARNING - This setter is for backward compatibility and should not be used.
Since the introduction of connection property, the providers listed below breaks due to assigning value to self.connection in their __init__ method.
* apache-***-providers-mysql<5.7.1
* apache-***-providers-elasticsearch<5.5.1
* apache-***-providers-postgres<5.13.0
[2026-02-23T03:56:07.636+0000] {sql.py:896} INFO - Loaded 1 rows into stocks so far
[2026-02-23T03:56:07.636+0000] {sql.py:908} INFO - Done loading. Loaded a total of 1 rows into stocks
[2026-02-23T03:56:07.640+0000] {python.py:237} INFO - Done. Returned value was: None
[2026-02-23T03:56:07.641+0000] {taskinstance.py:441} INFO - ::group::Post task execution logs
[2026-02-23T03:56:07.646+0000] {taskinstance.py:1206} INFO - Marking task as SUCCESS. dag_id=dag_moex, task_id=task_TSLA, run_id=scheduled__2026-01-28T00:00:00+00:00, execution_date=20260128T000000, start_date=20260223T035606, end_date=20260223T035607
[2026-02-23T03:56:07.682+0000] {local_task_job_runner.py:243} INFO - Task exited with return code 0
[2026-02-23T03:56:07.694+0000] {taskinstance.py:3503} INFO - 0 downstream tasks scheduled from follow-on schedule check
[2026-02-23T03:56:07.695+0000] {local_task_job_runner.py:222} INFO - ::endgroup::
