[2026-02-18T07:13:05.149+0000] {local_task_job_runner.py:120} INFO - ::group::Pre task execution logs
[2026-02-18T07:13:05.203+0000] {taskinstance.py:2076} INFO - Dependencies all met for dep_context=non-requeueable deps ti=<TaskInstance: dag_moex.task_GOOG scheduled__2026-01-26T00:00:00+00:00 [queued]>
[2026-02-18T07:13:05.216+0000] {taskinstance.py:2076} INFO - Dependencies all met for dep_context=requeueable deps ti=<TaskInstance: dag_moex.task_GOOG scheduled__2026-01-26T00:00:00+00:00 [queued]>
[2026-02-18T07:13:05.227+0000] {taskinstance.py:2306} INFO - Starting attempt 1 of 1
[2026-02-18T07:13:05.259+0000] {taskinstance.py:2330} INFO - Executing <Task(PythonOperator): task_GOOG> on 2026-01-26 00:00:00+00:00
[2026-02-18T07:13:05.278+0000] {logging_mixin.py:188} WARNING - /home/***/.local/lib/python3.12/site-packages/***/task/task_runner/standard_task_runner.py:62 DeprecationWarning: This process (pid=1552) is multi-threaded, use of fork() may lead to deadlocks in the child.
[2026-02-18T07:13:05.275+0000] {standard_task_runner.py:90} INFO - Running: ['***', 'tasks', 'run', 'dag_moex', 'task_GOOG', 'scheduled__2026-01-26T00:00:00+00:00', '--job-id', '451', '--raw', '--subdir', 'DAGS_FOLDER/stocks/dag1.py', '--cfg-path', '/tmp/tmptedv0bjx']
[2026-02-18T07:13:05.281+0000] {standard_task_runner.py:91} INFO - Job 451: Subtask task_GOOG
[2026-02-18T07:13:05.280+0000] {standard_task_runner.py:64} INFO - Started process 1580 to run task
[2026-02-18T07:13:05.346+0000] {task_command.py:426} INFO - Running <TaskInstance: dag_moex.task_GOOG scheduled__2026-01-26T00:00:00+00:00 [running]> on host cc036e7caf02
[2026-02-18T07:13:05.436+0000] {taskinstance.py:2648} INFO - Exporting env vars: AIRFLOW_CTX_DAG_OWNER='***' AIRFLOW_CTX_DAG_ID='dag_moex' AIRFLOW_CTX_TASK_ID='task_GOOG' AIRFLOW_CTX_EXECUTION_DATE='2026-01-26T00:00:00+00:00' AIRFLOW_CTX_TRY_NUMBER='1' AIRFLOW_CTX_DAG_RUN_ID='scheduled__2026-01-26T00:00:00+00:00'
[2026-02-18T07:13:05.437+0000] {taskinstance.py:430} INFO - ::endgroup::
[2026-02-18T07:13:05.448+0000] {manager.py:8} INFO - log
[2026-02-18T07:13:05.451+0000] {logging_mixin.py:188} WARNING - /opt/***/dags/stocks/scripts/api.py:9 FutureWarning: YF.download() has changed argument auto_adjust default to True
[2026-02-18T07:13:05.459+0000] {logging_mixin.py:188} WARNING - /home/***/.local/lib/python3.12/site-packages/yfinance/scrapers/history.py:204 Pandas4Warning: Timestamp.utcnow is deprecated and will be removed in a future version. Use Timestamp.now('UTC') instead.
[2026-02-18T07:13:06.316+0000] {logging_mixin.py:188} WARNING - [*********************100%***********************]  1 of 1 completed
[2026-02-18T07:13:06.325+0000] {taskinstance.py:441} INFO - ::group::Post task execution logs
[2026-02-18T07:13:06.326+0000] {taskinstance.py:2905} ERROR - Task failed with exception
Traceback (most recent call last):
  File "/home/airflow/.local/lib/python3.12/site-packages/airflow/models/taskinstance.py", line 465, in _execute_task
    result = _execute_callable(context=context, **execute_callable_kwargs)
             ^^^^^^^^^^^^^^^^^^^^^^^^^^^^^^^^^^^^^^^^^^^^^^^^^^^^^^^^^^^^^
  File "/home/airflow/.local/lib/python3.12/site-packages/airflow/models/taskinstance.py", line 432, in _execute_callable
    return execute_callable(context=context, **execute_callable_kwargs)
           ^^^^^^^^^^^^^^^^^^^^^^^^^^^^^^^^^^^^^^^^^^^^^^^^^^^^^^^^^^^^
  File "/home/airflow/.local/lib/python3.12/site-packages/airflow/models/baseoperator.py", line 401, in wrapper
    return func(self, *args, **kwargs)
           ^^^^^^^^^^^^^^^^^^^^^^^^^^^
  File "/home/airflow/.local/lib/python3.12/site-packages/airflow/operators/python.py", line 235, in execute
    return_value = self.execute_callable()
                   ^^^^^^^^^^^^^^^^^^^^^^^
  File "/home/airflow/.local/lib/python3.12/site-packages/airflow/operators/python.py", line 252, in execute_callable
    return self.python_callable(*self.op_args, **self.op_kwargs)
           ^^^^^^^^^^^^^^^^^^^^^^^^^^^^^^^^^^^^^^^^^^^^^^^^^^^^^
  File "/opt/airflow/dags/stocks/scripts/manager.py", line 9, in fetch_data
    data = fetch_data_from_yfinance(stock, data_interval_start=data_interval_start, data_interval_end=data_interval_end)
           ^^^^^^^^^^^^^^^^^^^^^^^^^^^^^^^^^^^^^^^^^^^^^^^^^^^^^^^^^^^^^^^^^^^^^^^^^^^^^^^^^^^^^^^^^^^^^^^^^^^^^^^^^^^^^
  File "/opt/airflow/dags/stocks/scripts/api.py", line 10, in fetch_data_from_yfinance
    df.drop(index=start, inplace=True)
  File "/home/airflow/.local/lib/python3.12/site-packages/pandas/core/frame.py", line 6288, in drop
    return super().drop(
           ^^^^^^^^^^^^^
  File "/home/airflow/.local/lib/python3.12/site-packages/pandas/core/generic.py", line 4644, in drop
    obj = obj._drop_axis(labels, axis, level=level, errors=errors)
          ^^^^^^^^^^^^^^^^^^^^^^^^^^^^^^^^^^^^^^^^^^^^^^^^^^^^^^^^
  File "/home/airflow/.local/lib/python3.12/site-packages/pandas/core/generic.py", line 4686, in _drop_axis
    new_axis = axis.drop(labels, errors=errors)
               ^^^^^^^^^^^^^^^^^^^^^^^^^^^^^^^^
  File "/home/airflow/.local/lib/python3.12/site-packages/pandas/core/indexes/base.py", line 7268, in drop
    raise KeyError(f"{labels[mask].tolist()} not found in axis")
KeyError: "['2026-01-25'] not found in axis"
[2026-02-18T07:13:06.355+0000] {taskinstance.py:1206} INFO - Marking task as FAILED. dag_id=dag_moex, task_id=task_GOOG, run_id=scheduled__2026-01-26T00:00:00+00:00, execution_date=20260126T000000, start_date=20260218T071305, end_date=20260218T071306
[2026-02-18T07:13:06.395+0000] {standard_task_runner.py:110} ERROR - Failed to execute job 451 for task task_GOOG ("['2026-01-25'] not found in axis"; 1580)
[2026-02-18T07:13:06.429+0000] {local_task_job_runner.py:243} INFO - Task exited with return code 1
[2026-02-18T07:13:06.469+0000] {taskinstance.py:3503} INFO - 0 downstream tasks scheduled from follow-on schedule check
[2026-02-18T07:13:06.476+0000] {local_task_job_runner.py:222} INFO - ::endgroup::
[2026-02-19T14:50:39.812+0000] {local_task_job_runner.py:120} INFO - ::group::Pre task execution logs
[2026-02-19T14:50:39.844+0000] {taskinstance.py:2076} INFO - Dependencies all met for dep_context=non-requeueable deps ti=<TaskInstance: dag_moex.task_GOOG scheduled__2026-01-26T00:00:00+00:00 [queued]>
[2026-02-19T14:50:39.852+0000] {taskinstance.py:2076} INFO - Dependencies all met for dep_context=requeueable deps ti=<TaskInstance: dag_moex.task_GOOG scheduled__2026-01-26T00:00:00+00:00 [queued]>
[2026-02-19T14:50:39.852+0000] {taskinstance.py:2306} INFO - Starting attempt 1 of 1
[2026-02-19T14:50:39.866+0000] {taskinstance.py:2330} INFO - Executing <Task(PythonOperator): task_GOOG> on 2026-01-26 00:00:00+00:00
[2026-02-19T14:50:39.874+0000] {logging_mixin.py:188} WARNING - /home/***/.local/lib/python3.12/site-packages/***/task/task_runner/standard_task_runner.py:62 DeprecationWarning: This process (pid=32657) is multi-threaded, use of fork() may lead to deadlocks in the child.
[2026-02-19T14:50:39.876+0000] {standard_task_runner.py:64} INFO - Started process 32687 to run task
[2026-02-19T14:50:39.874+0000] {standard_task_runner.py:90} INFO - Running: ['***', 'tasks', 'run', 'dag_moex', 'task_GOOG', 'scheduled__2026-01-26T00:00:00+00:00', '--job-id', '1415', '--raw', '--subdir', 'DAGS_FOLDER/stocks/dag1.py', '--cfg-path', '/tmp/tmpdi017iak']
[2026-02-19T14:50:39.877+0000] {standard_task_runner.py:91} INFO - Job 1415: Subtask task_GOOG
[2026-02-19T14:50:39.923+0000] {task_command.py:426} INFO - Running <TaskInstance: dag_moex.task_GOOG scheduled__2026-01-26T00:00:00+00:00 [running]> on host cc036e7caf02
[2026-02-19T14:50:39.997+0000] {taskinstance.py:2648} INFO - Exporting env vars: AIRFLOW_CTX_DAG_OWNER='***' AIRFLOW_CTX_DAG_ID='dag_moex' AIRFLOW_CTX_TASK_ID='task_GOOG' AIRFLOW_CTX_EXECUTION_DATE='2026-01-26T00:00:00+00:00' AIRFLOW_CTX_TRY_NUMBER='1' AIRFLOW_CTX_DAG_RUN_ID='scheduled__2026-01-26T00:00:00+00:00'
[2026-02-19T14:50:39.998+0000] {taskinstance.py:430} INFO - ::endgroup::
[2026-02-19T14:50:40.012+0000] {logging_mixin.py:188} WARNING - /opt/***/dags/stocks/scripts/api.py:9 FutureWarning: YF.download() has changed argument auto_adjust default to True
[2026-02-19T14:50:40.021+0000] {logging_mixin.py:188} WARNING - /home/***/.local/lib/python3.12/site-packages/yfinance/scrapers/history.py:204 Pandas4Warning: Timestamp.utcnow is deprecated and will be removed in a future version. Use Timestamp.now('UTC') instead.
[2026-02-19T14:50:40.693+0000] {logging_mixin.py:188} WARNING - [*********************100%***********************]  1 of 1 completed
[2026-02-19T14:50:40.712+0000] {base.py:84} INFO - Using connection ID 'pg_1' for task execution.
[2026-02-19T14:50:40.712+0000] {sql.py:254} WARNING - This setter is for backward compatibility and should not be used.
Since the introduction of connection property, the providers listed below breaks due to assigning value to self.connection in their __init__ method.
* apache-***-providers-mysql<5.7.1
* apache-***-providers-elasticsearch<5.5.1
* apache-***-providers-postgres<5.13.0
[2026-02-19T14:50:40.717+0000] {sql.py:896} INFO - Loaded 1 rows into stocks so far
[2026-02-19T14:50:40.717+0000] {sql.py:908} INFO - Done loading. Loaded a total of 1 rows into stocks
[2026-02-19T14:50:40.723+0000] {python.py:237} INFO - Done. Returned value was: None
[2026-02-19T14:50:40.723+0000] {taskinstance.py:441} INFO - ::group::Post task execution logs
[2026-02-19T14:50:40.731+0000] {taskinstance.py:1206} INFO - Marking task as SUCCESS. dag_id=dag_moex, task_id=task_GOOG, run_id=scheduled__2026-01-26T00:00:00+00:00, execution_date=20260126T000000, start_date=20260219T145039, end_date=20260219T145040
[2026-02-19T14:50:40.771+0000] {local_task_job_runner.py:243} INFO - Task exited with return code 0
[2026-02-19T14:50:40.788+0000] {taskinstance.py:3503} INFO - 0 downstream tasks scheduled from follow-on schedule check
[2026-02-19T14:50:40.789+0000] {local_task_job_runner.py:222} INFO - ::endgroup::
