[2026-02-18T07:04:40.373+0000] {local_task_job_runner.py:120} INFO - ::group::Pre task execution logs
[2026-02-18T07:04:40.440+0000] {taskinstance.py:2076} INFO - Dependencies all met for dep_context=non-requeueable deps ti=<TaskInstance: dag_moex.task_AAPL scheduled__2026-02-13T00:00:00+00:00 [queued]>
[2026-02-18T07:04:40.471+0000] {taskinstance.py:2076} INFO - Dependencies all met for dep_context=requeueable deps ti=<TaskInstance: dag_moex.task_AAPL scheduled__2026-02-13T00:00:00+00:00 [queued]>
[2026-02-18T07:04:40.472+0000] {taskinstance.py:2306} INFO - Starting attempt 1 of 1
[2026-02-18T07:04:40.512+0000] {taskinstance.py:2330} INFO - Executing <Task(PythonOperator): task_AAPL> on 2026-02-13 00:00:00+00:00
[2026-02-18T07:04:40.534+0000] {logging_mixin.py:188} WARNING - /home/***/.local/lib/python3.12/site-packages/***/task/task_runner/standard_task_runner.py:62 DeprecationWarning: This process (pid=760) is multi-threaded, use of fork() may lead to deadlocks in the child.
[2026-02-18T07:04:40.542+0000] {standard_task_runner.py:64} INFO - Started process 783 to run task
[2026-02-18T07:04:40.546+0000] {standard_task_runner.py:90} INFO - Running: ['***', 'tasks', 'run', 'dag_moex', 'task_AAPL', 'scheduled__2026-02-13T00:00:00+00:00', '--job-id', '301', '--raw', '--subdir', 'DAGS_FOLDER/stocks/dag1.py', '--cfg-path', '/tmp/tmpvp7uc47q']
[2026-02-18T07:04:40.551+0000] {standard_task_runner.py:91} INFO - Job 301: Subtask task_AAPL
[2026-02-18T07:04:40.689+0000] {task_command.py:426} INFO - Running <TaskInstance: dag_moex.task_AAPL scheduled__2026-02-13T00:00:00+00:00 [running]> on host cc036e7caf02
[2026-02-18T07:04:40.875+0000] {taskinstance.py:2648} INFO - Exporting env vars: AIRFLOW_CTX_DAG_OWNER='***' AIRFLOW_CTX_DAG_ID='dag_moex' AIRFLOW_CTX_TASK_ID='task_AAPL' AIRFLOW_CTX_EXECUTION_DATE='2026-02-13T00:00:00+00:00' AIRFLOW_CTX_TRY_NUMBER='1' AIRFLOW_CTX_DAG_RUN_ID='scheduled__2026-02-13T00:00:00+00:00'
[2026-02-18T07:04:40.881+0000] {taskinstance.py:430} INFO - ::endgroup::
[2026-02-18T07:04:40.907+0000] {manager.py:8} INFO - log
[2026-02-18T07:04:40.914+0000] {logging_mixin.py:188} WARNING - /opt/***/dags/stocks/scripts/api.py:9 FutureWarning: YF.download() has changed argument auto_adjust default to True
[2026-02-18T07:04:40.939+0000] {logging_mixin.py:188} WARNING - /home/***/.local/lib/python3.12/site-packages/yfinance/scrapers/history.py:204 Pandas4Warning: Timestamp.utcnow is deprecated and will be removed in a future version. Use Timestamp.now('UTC') instead.
[2026-02-18T07:04:41.814+0000] {logging_mixin.py:188} WARNING - [*********************100%***********************]  1 of 1 completed
[2026-02-18T07:04:41.825+0000] {manager.py:10} INFO - None
[2026-02-18T07:04:41.825+0000] {taskinstance.py:441} INFO - ::group::Post task execution logs
[2026-02-18T07:04:41.826+0000] {taskinstance.py:2905} ERROR - Task failed with exception
Traceback (most recent call last):
  File "/home/airflow/.local/lib/python3.12/site-packages/airflow/models/taskinstance.py", line 465, in _execute_task
    result = _execute_callable(context=context, **execute_callable_kwargs)
             ^^^^^^^^^^^^^^^^^^^^^^^^^^^^^^^^^^^^^^^^^^^^^^^^^^^^^^^^^^^^^
  File "/home/airflow/.local/lib/python3.12/site-packages/airflow/models/taskinstance.py", line 432, in _execute_callable
    return execute_callable(context=context, **execute_callable_kwargs)
           ^^^^^^^^^^^^^^^^^^^^^^^^^^^^^^^^^^^^^^^^^^^^^^^^^^^^^^^^^^^^
  File "/home/airflow/.local/lib/python3.12/site-packages/airflow/models/baseoperator.py", line 401, in wrapper
    return func(self, *args, **kwargs)
           ^^^^^^^^^^^^^^^^^^^^^^^^^^^
  File "/home/airflow/.local/lib/python3.12/site-packages/airflow/operators/python.py", line 235, in execute
    return_value = self.execute_callable()
                   ^^^^^^^^^^^^^^^^^^^^^^^
  File "/home/airflow/.local/lib/python3.12/site-packages/airflow/operators/python.py", line 252, in execute_callable
    return self.python_callable(*self.op_args, **self.op_kwargs)
           ^^^^^^^^^^^^^^^^^^^^^^^^^^^^^^^^^^^^^^^^^^^^^^^^^^^^^
  File "/opt/airflow/dags/stocks/scripts/manager.py", line 11, in fetch_data
    return data.to_json(f"{stock}_{data_interval_start.strftime('%Y-%m-%d')}.json")
           ^^^^^^^^^^^^
AttributeError: 'NoneType' object has no attribute 'to_json'
[2026-02-18T07:04:41.839+0000] {taskinstance.py:1206} INFO - Marking task as FAILED. dag_id=dag_moex, task_id=task_AAPL, run_id=scheduled__2026-02-13T00:00:00+00:00, execution_date=20260213T000000, start_date=20260218T070440, end_date=20260218T070441
[2026-02-18T07:04:41.851+0000] {standard_task_runner.py:110} ERROR - Failed to execute job 301 for task task_AAPL ('NoneType' object has no attribute 'to_json'; 783)
[2026-02-18T07:04:41.871+0000] {local_task_job_runner.py:243} INFO - Task exited with return code 1
[2026-02-18T07:04:41.888+0000] {taskinstance.py:3503} INFO - 0 downstream tasks scheduled from follow-on schedule check
[2026-02-18T07:04:41.892+0000] {local_task_job_runner.py:222} INFO - ::endgroup::
[2026-02-18T07:05:12.959+0000] {local_task_job_runner.py:120} INFO - ::group::Pre task execution logs
[2026-02-18T07:05:13.025+0000] {taskinstance.py:2076} INFO - Dependencies all met for dep_context=non-requeueable deps ti=<TaskInstance: dag_moex.task_AAPL scheduled__2026-02-13T00:00:00+00:00 [queued]>
[2026-02-18T07:05:13.049+0000] {taskinstance.py:2076} INFO - Dependencies all met for dep_context=requeueable deps ti=<TaskInstance: dag_moex.task_AAPL scheduled__2026-02-13T00:00:00+00:00 [queued]>
[2026-02-18T07:05:13.050+0000] {taskinstance.py:2306} INFO - Starting attempt 1 of 1
[2026-02-18T07:05:13.088+0000] {taskinstance.py:2330} INFO - Executing <Task(PythonOperator): task_AAPL> on 2026-02-13 00:00:00+00:00
[2026-02-18T07:05:13.105+0000] {logging_mixin.py:188} WARNING - /home/***/.local/lib/python3.12/site-packages/***/task/task_runner/standard_task_runner.py:62 DeprecationWarning: This process (pid=832) is multi-threaded, use of fork() may lead to deadlocks in the child.
[2026-02-18T07:05:13.108+0000] {standard_task_runner.py:64} INFO - Started process 856 to run task
[2026-02-18T07:05:13.110+0000] {standard_task_runner.py:90} INFO - Running: ['***', 'tasks', 'run', 'dag_moex', 'task_AAPL', 'scheduled__2026-02-13T00:00:00+00:00', '--job-id', '316', '--raw', '--subdir', 'DAGS_FOLDER/stocks/dag1.py', '--cfg-path', '/tmp/tmpcm6kezcz']
[2026-02-18T07:05:13.114+0000] {standard_task_runner.py:91} INFO - Job 316: Subtask task_AAPL
[2026-02-18T07:05:13.249+0000] {task_command.py:426} INFO - Running <TaskInstance: dag_moex.task_AAPL scheduled__2026-02-13T00:00:00+00:00 [running]> on host cc036e7caf02
[2026-02-18T07:05:13.401+0000] {taskinstance.py:2648} INFO - Exporting env vars: AIRFLOW_CTX_DAG_OWNER='***' AIRFLOW_CTX_DAG_ID='dag_moex' AIRFLOW_CTX_TASK_ID='task_AAPL' AIRFLOW_CTX_EXECUTION_DATE='2026-02-13T00:00:00+00:00' AIRFLOW_CTX_TRY_NUMBER='1' AIRFLOW_CTX_DAG_RUN_ID='scheduled__2026-02-13T00:00:00+00:00'
[2026-02-18T07:05:13.405+0000] {taskinstance.py:430} INFO - ::endgroup::
[2026-02-18T07:05:13.426+0000] {manager.py:8} INFO - log
[2026-02-18T07:05:13.430+0000] {logging_mixin.py:188} WARNING - /opt/***/dags/stocks/scripts/api.py:9 FutureWarning: YF.download() has changed argument auto_adjust default to True
[2026-02-18T07:05:13.444+0000] {logging_mixin.py:188} WARNING - /home/***/.local/lib/python3.12/site-packages/yfinance/scrapers/history.py:204 Pandas4Warning: Timestamp.utcnow is deprecated and will be removed in a future version. Use Timestamp.now('UTC') instead.
[2026-02-18T07:05:14.276+0000] {logging_mixin.py:188} WARNING - [*********************100%***********************]  1 of 1 completed
[2026-02-18T07:05:14.286+0000] {manager.py:10} INFO - None
[2026-02-18T07:05:14.287+0000] {taskinstance.py:441} INFO - ::group::Post task execution logs
[2026-02-18T07:05:14.287+0000] {taskinstance.py:2905} ERROR - Task failed with exception
Traceback (most recent call last):
  File "/home/airflow/.local/lib/python3.12/site-packages/airflow/models/taskinstance.py", line 465, in _execute_task
    result = _execute_callable(context=context, **execute_callable_kwargs)
             ^^^^^^^^^^^^^^^^^^^^^^^^^^^^^^^^^^^^^^^^^^^^^^^^^^^^^^^^^^^^^
  File "/home/airflow/.local/lib/python3.12/site-packages/airflow/models/taskinstance.py", line 432, in _execute_callable
    return execute_callable(context=context, **execute_callable_kwargs)
           ^^^^^^^^^^^^^^^^^^^^^^^^^^^^^^^^^^^^^^^^^^^^^^^^^^^^^^^^^^^^
  File "/home/airflow/.local/lib/python3.12/site-packages/airflow/models/baseoperator.py", line 401, in wrapper
    return func(self, *args, **kwargs)
           ^^^^^^^^^^^^^^^^^^^^^^^^^^^
  File "/home/airflow/.local/lib/python3.12/site-packages/airflow/operators/python.py", line 235, in execute
    return_value = self.execute_callable()
                   ^^^^^^^^^^^^^^^^^^^^^^^
  File "/home/airflow/.local/lib/python3.12/site-packages/airflow/operators/python.py", line 252, in execute_callable
    return self.python_callable(*self.op_args, **self.op_kwargs)
           ^^^^^^^^^^^^^^^^^^^^^^^^^^^^^^^^^^^^^^^^^^^^^^^^^^^^^
  File "/opt/airflow/dags/stocks/scripts/manager.py", line 11, in fetch_data
    return data.to_json(f"{stock}_{data_interval_start.strftime('%Y-%m-%d')}.json")
           ^^^^^^^^^^^^
AttributeError: 'NoneType' object has no attribute 'to_json'
[2026-02-18T07:05:14.298+0000] {taskinstance.py:1206} INFO - Marking task as FAILED. dag_id=dag_moex, task_id=task_AAPL, run_id=scheduled__2026-02-13T00:00:00+00:00, execution_date=20260213T000000, start_date=20260218T070513, end_date=20260218T070514
[2026-02-18T07:05:14.311+0000] {standard_task_runner.py:110} ERROR - Failed to execute job 316 for task task_AAPL ('NoneType' object has no attribute 'to_json'; 856)
[2026-02-18T07:05:14.320+0000] {local_task_job_runner.py:243} INFO - Task exited with return code 1
[2026-02-18T07:05:14.337+0000] {taskinstance.py:3503} INFO - 0 downstream tasks scheduled from follow-on schedule check
[2026-02-18T07:05:14.341+0000] {local_task_job_runner.py:222} INFO - ::endgroup::
[2026-02-18T07:07:48.635+0000] {local_task_job_runner.py:120} INFO - ::group::Pre task execution logs
[2026-02-18T07:07:48.687+0000] {taskinstance.py:2076} INFO - Dependencies all met for dep_context=non-requeueable deps ti=<TaskInstance: dag_moex.task_AAPL scheduled__2026-02-13T00:00:00+00:00 [queued]>
[2026-02-18T07:07:48.712+0000] {taskinstance.py:2076} INFO - Dependencies all met for dep_context=requeueable deps ti=<TaskInstance: dag_moex.task_AAPL scheduled__2026-02-13T00:00:00+00:00 [queued]>
[2026-02-18T07:07:48.717+0000] {taskinstance.py:2306} INFO - Starting attempt 1 of 1
[2026-02-18T07:07:48.768+0000] {taskinstance.py:2330} INFO - Executing <Task(PythonOperator): task_AAPL> on 2026-02-13 00:00:00+00:00
[2026-02-18T07:07:48.795+0000] {logging_mixin.py:188} WARNING - /home/***/.local/lib/python3.12/site-packages/***/task/task_runner/standard_task_runner.py:62 DeprecationWarning: This process (pid=959) is multi-threaded, use of fork() may lead to deadlocks in the child.
[2026-02-18T07:07:48.808+0000] {standard_task_runner.py:64} INFO - Started process 982 to run task
[2026-02-18T07:07:48.832+0000] {standard_task_runner.py:90} INFO - Running: ['***', 'tasks', 'run', 'dag_moex', 'task_AAPL', 'scheduled__2026-02-13T00:00:00+00:00', '--job-id', '331', '--raw', '--subdir', 'DAGS_FOLDER/stocks/dag1.py', '--cfg-path', '/tmp/tmpooe3j00v']
[2026-02-18T07:07:48.846+0000] {standard_task_runner.py:91} INFO - Job 331: Subtask task_AAPL
[2026-02-18T07:07:49.074+0000] {task_command.py:426} INFO - Running <TaskInstance: dag_moex.task_AAPL scheduled__2026-02-13T00:00:00+00:00 [running]> on host cc036e7caf02
[2026-02-18T07:07:49.272+0000] {taskinstance.py:2648} INFO - Exporting env vars: AIRFLOW_CTX_DAG_OWNER='***' AIRFLOW_CTX_DAG_ID='dag_moex' AIRFLOW_CTX_TASK_ID='task_AAPL' AIRFLOW_CTX_EXECUTION_DATE='2026-02-13T00:00:00+00:00' AIRFLOW_CTX_TRY_NUMBER='1' AIRFLOW_CTX_DAG_RUN_ID='scheduled__2026-02-13T00:00:00+00:00'
[2026-02-18T07:07:49.274+0000] {taskinstance.py:430} INFO - ::endgroup::
[2026-02-18T07:07:49.305+0000] {manager.py:8} INFO - log
[2026-02-18T07:07:49.310+0000] {logging_mixin.py:188} WARNING - /opt/***/dags/stocks/scripts/api.py:9 FutureWarning: YF.download() has changed argument auto_adjust default to True
[2026-02-18T07:07:49.334+0000] {logging_mixin.py:188} WARNING - /home/***/.local/lib/python3.12/site-packages/yfinance/scrapers/history.py:204 Pandas4Warning: Timestamp.utcnow is deprecated and will be removed in a future version. Use Timestamp.now('UTC') instead.
[2026-02-18T07:07:50.116+0000] {logging_mixin.py:188} WARNING - [*********************100%***********************]  1 of 1 completed
[2026-02-18T07:07:50.129+0000] {manager.py:10} INFO - Price            Close        High         Low       Open    Volume
Ticker            AAPL        AAPL        AAPL       AAPL      AAPL
Date                                                               
2026-02-13  255.779999  262.230011  255.449997  262.01001  56290700
[2026-02-18T07:07:50.145+0000] {python.py:237} INFO - Done. Returned value was: None
[2026-02-18T07:07:50.146+0000] {taskinstance.py:441} INFO - ::group::Post task execution logs
[2026-02-18T07:07:50.157+0000] {taskinstance.py:1206} INFO - Marking task as SUCCESS. dag_id=dag_moex, task_id=task_AAPL, run_id=scheduled__2026-02-13T00:00:00+00:00, execution_date=20260213T000000, start_date=20260218T070748, end_date=20260218T070750
[2026-02-18T07:07:50.185+0000] {local_task_job_runner.py:243} INFO - Task exited with return code 0
[2026-02-18T07:07:50.204+0000] {taskinstance.py:3503} INFO - 0 downstream tasks scheduled from follow-on schedule check
[2026-02-18T07:07:50.205+0000] {local_task_job_runner.py:222} INFO - ::endgroup::
[2026-02-18T07:09:19.856+0000] {local_task_job_runner.py:120} INFO - ::group::Pre task execution logs
[2026-02-18T07:09:19.924+0000] {taskinstance.py:2076} INFO - Dependencies all met for dep_context=non-requeueable deps ti=<TaskInstance: dag_moex.task_AAPL scheduled__2026-02-13T00:00:00+00:00 [queued]>
[2026-02-18T07:09:19.949+0000] {taskinstance.py:2076} INFO - Dependencies all met for dep_context=requeueable deps ti=<TaskInstance: dag_moex.task_AAPL scheduled__2026-02-13T00:00:00+00:00 [queued]>
[2026-02-18T07:09:19.950+0000] {taskinstance.py:2306} INFO - Starting attempt 1 of 1
[2026-02-18T07:09:19.995+0000] {taskinstance.py:2330} INFO - Executing <Task(PythonOperator): task_AAPL> on 2026-02-13 00:00:00+00:00
[2026-02-18T07:09:20.015+0000] {logging_mixin.py:188} WARNING - /home/***/.local/lib/python3.12/site-packages/***/task/task_runner/standard_task_runner.py:62 DeprecationWarning: This process (pid=1054) is multi-threaded, use of fork() may lead to deadlocks in the child.
[2026-02-18T07:09:20.018+0000] {standard_task_runner.py:64} INFO - Started process 1076 to run task
[2026-02-18T07:09:20.024+0000] {standard_task_runner.py:90} INFO - Running: ['***', 'tasks', 'run', 'dag_moex', 'task_AAPL', 'scheduled__2026-02-13T00:00:00+00:00', '--job-id', '343', '--raw', '--subdir', 'DAGS_FOLDER/stocks/dag1.py', '--cfg-path', '/tmp/tmpkho5fmt4']
[2026-02-18T07:09:20.027+0000] {standard_task_runner.py:91} INFO - Job 343: Subtask task_AAPL
[2026-02-18T07:09:20.183+0000] {task_command.py:426} INFO - Running <TaskInstance: dag_moex.task_AAPL scheduled__2026-02-13T00:00:00+00:00 [running]> on host cc036e7caf02
[2026-02-18T07:09:20.385+0000] {taskinstance.py:2648} INFO - Exporting env vars: AIRFLOW_CTX_DAG_OWNER='***' AIRFLOW_CTX_DAG_ID='dag_moex' AIRFLOW_CTX_TASK_ID='task_AAPL' AIRFLOW_CTX_EXECUTION_DATE='2026-02-13T00:00:00+00:00' AIRFLOW_CTX_TRY_NUMBER='1' AIRFLOW_CTX_DAG_RUN_ID='scheduled__2026-02-13T00:00:00+00:00'
[2026-02-18T07:09:20.389+0000] {taskinstance.py:430} INFO - ::endgroup::
[2026-02-18T07:09:20.405+0000] {manager.py:8} INFO - log
[2026-02-18T07:09:20.409+0000] {logging_mixin.py:188} WARNING - /opt/***/dags/stocks/scripts/api.py:9 FutureWarning: YF.download() has changed argument auto_adjust default to True
[2026-02-18T07:09:20.426+0000] {logging_mixin.py:188} WARNING - /home/***/.local/lib/python3.12/site-packages/yfinance/scrapers/history.py:204 Pandas4Warning: Timestamp.utcnow is deprecated and will be removed in a future version. Use Timestamp.now('UTC') instead.
[2026-02-18T07:09:19.512+0000] {logging_mixin.py:188} WARNING - [*********************100%***********************]  1 of 1 completed
[2026-02-18T07:09:19.520+0000] {manager.py:10} INFO - Price            Close        High         Low       Open    Volume
Ticker            AAPL        AAPL        AAPL       AAPL      AAPL
Date                                                               
2026-02-13  255.779999  262.230011  255.449997  262.01001  56290700
[2026-02-18T07:09:19.534+0000] {python.py:237} INFO - Done. Returned value was: None
[2026-02-18T07:09:19.535+0000] {taskinstance.py:441} INFO - ::group::Post task execution logs
[2026-02-18T07:09:19.544+0000] {taskinstance.py:1206} INFO - Marking task as SUCCESS. dag_id=dag_moex, task_id=task_AAPL, run_id=scheduled__2026-02-13T00:00:00+00:00, execution_date=20260213T000000, start_date=20260218T070919, end_date=20260218T070919
[2026-02-18T07:09:19.582+0000] {local_task_job_runner.py:243} INFO - Task exited with return code 0
[2026-02-18T07:09:19.599+0000] {taskinstance.py:3503} INFO - 0 downstream tasks scheduled from follow-on schedule check
[2026-02-18T07:09:19.601+0000] {local_task_job_runner.py:222} INFO - ::endgroup::
[2026-02-18T07:10:23.272+0000] {local_task_job_runner.py:120} INFO - ::group::Pre task execution logs
[2026-02-18T07:10:23.317+0000] {taskinstance.py:2076} INFO - Dependencies all met for dep_context=non-requeueable deps ti=<TaskInstance: dag_moex.task_AAPL scheduled__2026-02-13T00:00:00+00:00 [queued]>
[2026-02-18T07:10:23.335+0000] {taskinstance.py:2076} INFO - Dependencies all met for dep_context=requeueable deps ti=<TaskInstance: dag_moex.task_AAPL scheduled__2026-02-13T00:00:00+00:00 [queued]>
[2026-02-18T07:10:23.336+0000] {taskinstance.py:2306} INFO - Starting attempt 1 of 1
[2026-02-18T07:10:23.362+0000] {taskinstance.py:2330} INFO - Executing <Task(PythonOperator): task_AAPL> on 2026-02-13 00:00:00+00:00
[2026-02-18T07:10:23.375+0000] {logging_mixin.py:188} WARNING - /home/***/.local/lib/python3.12/site-packages/***/task/task_runner/standard_task_runner.py:62 DeprecationWarning: This process (pid=1139) is multi-threaded, use of fork() may lead to deadlocks in the child.
[2026-02-18T07:10:23.377+0000] {standard_task_runner.py:64} INFO - Started process 1162 to run task
[2026-02-18T07:10:23.382+0000] {standard_task_runner.py:90} INFO - Running: ['***', 'tasks', 'run', 'dag_moex', 'task_AAPL', 'scheduled__2026-02-13T00:00:00+00:00', '--job-id', '361', '--raw', '--subdir', 'DAGS_FOLDER/stocks/dag1.py', '--cfg-path', '/tmp/tmp2mivm3l_']
[2026-02-18T07:10:23.386+0000] {standard_task_runner.py:91} INFO - Job 361: Subtask task_AAPL
[2026-02-18T07:10:23.517+0000] {task_command.py:426} INFO - Running <TaskInstance: dag_moex.task_AAPL scheduled__2026-02-13T00:00:00+00:00 [running]> on host cc036e7caf02
[2026-02-18T07:10:23.645+0000] {taskinstance.py:2648} INFO - Exporting env vars: AIRFLOW_CTX_DAG_OWNER='***' AIRFLOW_CTX_DAG_ID='dag_moex' AIRFLOW_CTX_TASK_ID='task_AAPL' AIRFLOW_CTX_EXECUTION_DATE='2026-02-13T00:00:00+00:00' AIRFLOW_CTX_TRY_NUMBER='1' AIRFLOW_CTX_DAG_RUN_ID='scheduled__2026-02-13T00:00:00+00:00'
[2026-02-18T07:10:23.647+0000] {taskinstance.py:430} INFO - ::endgroup::
[2026-02-18T07:10:23.664+0000] {manager.py:8} INFO - log
[2026-02-18T07:10:23.667+0000] {logging_mixin.py:188} WARNING - /opt/***/dags/stocks/scripts/api.py:9 FutureWarning: YF.download() has changed argument auto_adjust default to True
[2026-02-18T07:10:23.684+0000] {logging_mixin.py:188} WARNING - /home/***/.local/lib/python3.12/site-packages/yfinance/scrapers/history.py:204 Pandas4Warning: Timestamp.utcnow is deprecated and will be removed in a future version. Use Timestamp.now('UTC') instead.
[2026-02-18T07:10:24.540+0000] {logging_mixin.py:188} WARNING - [*********************100%***********************]  1 of 1 completed
[2026-02-18T07:10:24.555+0000] {manager.py:10} INFO - Price            Close        High         Low       Open    Volume
Ticker            AAPL        AAPL        AAPL       AAPL      AAPL
Date                                                               
2026-02-13  255.779999  262.230011  255.449997  262.01001  56290700
[2026-02-18T07:10:24.577+0000] {python.py:237} INFO - Done. Returned value was: None
[2026-02-18T07:10:24.578+0000] {taskinstance.py:441} INFO - ::group::Post task execution logs
[2026-02-18T07:10:24.600+0000] {taskinstance.py:1206} INFO - Marking task as SUCCESS. dag_id=dag_moex, task_id=task_AAPL, run_id=scheduled__2026-02-13T00:00:00+00:00, execution_date=20260213T000000, start_date=20260218T071023, end_date=20260218T071024
[2026-02-18T07:10:24.651+0000] {local_task_job_runner.py:243} INFO - Task exited with return code 0
[2026-02-18T07:10:24.662+0000] {local_task_job_runner.py:222} INFO - ::endgroup::
[2026-02-18T07:13:25.469+0000] {local_task_job_runner.py:120} INFO - ::group::Pre task execution logs
[2026-02-18T07:13:25.539+0000] {taskinstance.py:2076} INFO - Dependencies all met for dep_context=non-requeueable deps ti=<TaskInstance: dag_moex.task_AAPL scheduled__2026-02-13T00:00:00+00:00 [queued]>
[2026-02-18T07:13:25.554+0000] {taskinstance.py:2076} INFO - Dependencies all met for dep_context=requeueable deps ti=<TaskInstance: dag_moex.task_AAPL scheduled__2026-02-13T00:00:00+00:00 [queued]>
[2026-02-18T07:13:25.573+0000] {taskinstance.py:2306} INFO - Starting attempt 1 of 1
[2026-02-18T07:13:25.598+0000] {taskinstance.py:2330} INFO - Executing <Task(PythonOperator): task_AAPL> on 2026-02-13 00:00:00+00:00
[2026-02-18T07:13:25.620+0000] {standard_task_runner.py:90} INFO - Running: ['***', 'tasks', 'run', 'dag_moex', 'task_AAPL', 'scheduled__2026-02-13T00:00:00+00:00', '--job-id', '503', '--raw', '--subdir', 'DAGS_FOLDER/stocks/dag1.py', '--cfg-path', '/tmp/tmp83x0nrkw']
[2026-02-18T07:13:25.629+0000] {standard_task_runner.py:91} INFO - Job 503: Subtask task_AAPL
[2026-02-18T07:13:25.626+0000] {logging_mixin.py:188} WARNING - /home/***/.local/lib/python3.12/site-packages/***/task/task_runner/standard_task_runner.py:62 DeprecationWarning: This process (pid=1800) is multi-threaded, use of fork() may lead to deadlocks in the child.
[2026-02-18T07:13:25.638+0000] {standard_task_runner.py:64} INFO - Started process 1825 to run task
[2026-02-18T07:13:25.713+0000] {task_command.py:426} INFO - Running <TaskInstance: dag_moex.task_AAPL scheduled__2026-02-13T00:00:00+00:00 [running]> on host cc036e7caf02
[2026-02-18T07:13:25.853+0000] {taskinstance.py:2648} INFO - Exporting env vars: AIRFLOW_CTX_DAG_OWNER='***' AIRFLOW_CTX_DAG_ID='dag_moex' AIRFLOW_CTX_TASK_ID='task_AAPL' AIRFLOW_CTX_EXECUTION_DATE='2026-02-13T00:00:00+00:00' AIRFLOW_CTX_TRY_NUMBER='1' AIRFLOW_CTX_DAG_RUN_ID='scheduled__2026-02-13T00:00:00+00:00'
[2026-02-18T07:13:25.856+0000] {taskinstance.py:430} INFO - ::endgroup::
[2026-02-18T07:13:25.871+0000] {manager.py:8} INFO - log
[2026-02-18T07:13:25.879+0000] {logging_mixin.py:188} WARNING - /opt/***/dags/stocks/scripts/api.py:9 FutureWarning: YF.download() has changed argument auto_adjust default to True
[2026-02-18T07:13:25.901+0000] {logging_mixin.py:188} WARNING - /home/***/.local/lib/python3.12/site-packages/yfinance/scrapers/history.py:204 Pandas4Warning: Timestamp.utcnow is deprecated and will be removed in a future version. Use Timestamp.now('UTC') instead.
[2026-02-18T07:13:26.802+0000] {logging_mixin.py:188} WARNING - [*********************100%***********************]  1 of 1 completed
[2026-02-18T07:13:26.812+0000] {manager.py:10} INFO - Price            Close        High         Low       Open    Volume
Ticker            AAPL        AAPL        AAPL       AAPL      AAPL
Date                                                               
2026-02-13  255.779999  262.230011  255.449997  262.01001  56290700
[2026-02-18T07:13:26.828+0000] {python.py:237} INFO - Done. Returned value was: None
[2026-02-18T07:13:26.829+0000] {taskinstance.py:441} INFO - ::group::Post task execution logs
[2026-02-18T07:13:26.841+0000] {taskinstance.py:1206} INFO - Marking task as SUCCESS. dag_id=dag_moex, task_id=task_AAPL, run_id=scheduled__2026-02-13T00:00:00+00:00, execution_date=20260213T000000, start_date=20260218T071325, end_date=20260218T071326
[2026-02-18T07:13:26.865+0000] {local_task_job_runner.py:243} INFO - Task exited with return code 0
[2026-02-18T07:13:26.891+0000] {taskinstance.py:3503} INFO - 0 downstream tasks scheduled from follow-on schedule check
[2026-02-18T07:13:26.894+0000] {local_task_job_runner.py:222} INFO - ::endgroup::
[2026-02-18T07:15:48.016+0000] {local_task_job_runner.py:120} INFO - ::group::Pre task execution logs
[2026-02-18T07:15:48.081+0000] {taskinstance.py:2076} INFO - Dependencies all met for dep_context=non-requeueable deps ti=<TaskInstance: dag_moex.task_AAPL scheduled__2026-02-13T00:00:00+00:00 [queued]>
[2026-02-18T07:15:48.092+0000] {taskinstance.py:2076} INFO - Dependencies all met for dep_context=requeueable deps ti=<TaskInstance: dag_moex.task_AAPL scheduled__2026-02-13T00:00:00+00:00 [queued]>
[2026-02-18T07:15:48.096+0000] {taskinstance.py:2306} INFO - Starting attempt 1 of 1
[2026-02-18T07:15:48.129+0000] {taskinstance.py:2330} INFO - Executing <Task(PythonOperator): task_AAPL> on 2026-02-13 00:00:00+00:00
[2026-02-18T07:15:48.143+0000] {logging_mixin.py:188} WARNING - /home/***/.local/lib/python3.12/site-packages/***/task/task_runner/standard_task_runner.py:62 DeprecationWarning: This process (pid=2069) is multi-threaded, use of fork() may lead to deadlocks in the child.
[2026-02-18T07:15:48.145+0000] {standard_task_runner.py:90} INFO - Running: ['***', 'tasks', 'run', 'dag_moex', 'task_AAPL', 'scheduled__2026-02-13T00:00:00+00:00', '--job-id', '556', '--raw', '--subdir', 'DAGS_FOLDER/stocks/dag1.py', '--cfg-path', '/tmp/tmpzmrwb964']
[2026-02-18T07:15:48.149+0000] {standard_task_runner.py:91} INFO - Job 556: Subtask task_AAPL
[2026-02-18T07:15:48.148+0000] {standard_task_runner.py:64} INFO - Started process 2095 to run task
[2026-02-18T07:15:48.267+0000] {task_command.py:426} INFO - Running <TaskInstance: dag_moex.task_AAPL scheduled__2026-02-13T00:00:00+00:00 [running]> on host cc036e7caf02
[2026-02-18T07:15:48.464+0000] {taskinstance.py:2648} INFO - Exporting env vars: AIRFLOW_CTX_DAG_OWNER='***' AIRFLOW_CTX_DAG_ID='dag_moex' AIRFLOW_CTX_TASK_ID='task_AAPL' AIRFLOW_CTX_EXECUTION_DATE='2026-02-13T00:00:00+00:00' AIRFLOW_CTX_TRY_NUMBER='1' AIRFLOW_CTX_DAG_RUN_ID='scheduled__2026-02-13T00:00:00+00:00'
[2026-02-18T07:15:48.468+0000] {taskinstance.py:430} INFO - ::endgroup::
[2026-02-18T07:15:48.487+0000] {manager.py:8} INFO - log
[2026-02-18T07:15:48.491+0000] {logging_mixin.py:188} WARNING - /opt/***/dags/stocks/scripts/api.py:9 FutureWarning: YF.download() has changed argument auto_adjust default to True
[2026-02-18T07:15:48.551+0000] {logging_mixin.py:188} WARNING - /home/***/.local/lib/python3.12/site-packages/yfinance/scrapers/history.py:204 Pandas4Warning: Timestamp.utcnow is deprecated and will be removed in a future version. Use Timestamp.now('UTC') instead.
[2026-02-18T07:15:49.335+0000] {logging_mixin.py:188} WARNING - [*********************100%***********************]  1 of 1 completed
[2026-02-18T07:15:49.347+0000] {manager.py:10} INFO - Price            Close        High         Low       Open    Volume
Ticker            AAPL        AAPL        AAPL       AAPL      AAPL
Date                                                               
2026-02-13  255.779999  262.230011  255.449997  262.01001  56290700
[2026-02-18T07:15:49.364+0000] {python.py:237} INFO - Done. Returned value was: None
[2026-02-18T07:15:49.366+0000] {taskinstance.py:441} INFO - ::group::Post task execution logs
[2026-02-18T07:15:49.377+0000] {taskinstance.py:1206} INFO - Marking task as SUCCESS. dag_id=dag_moex, task_id=task_AAPL, run_id=scheduled__2026-02-13T00:00:00+00:00, execution_date=20260213T000000, start_date=20260218T071548, end_date=20260218T071549
[2026-02-18T07:15:49.430+0000] {local_task_job_runner.py:243} INFO - Task exited with return code 0
[2026-02-18T07:15:49.456+0000] {taskinstance.py:3503} INFO - 0 downstream tasks scheduled from follow-on schedule check
[2026-02-18T07:15:49.458+0000] {local_task_job_runner.py:222} INFO - ::endgroup::
[2026-02-18T07:16:32.538+0000] {local_task_job_runner.py:120} INFO - ::group::Pre task execution logs
[2026-02-18T07:16:32.615+0000] {taskinstance.py:2076} INFO - Dependencies all met for dep_context=non-requeueable deps ti=<TaskInstance: dag_moex.task_AAPL scheduled__2026-02-13T00:00:00+00:00 [queued]>
[2026-02-18T07:16:32.630+0000] {taskinstance.py:2076} INFO - Dependencies all met for dep_context=requeueable deps ti=<TaskInstance: dag_moex.task_AAPL scheduled__2026-02-13T00:00:00+00:00 [queued]>
[2026-02-18T07:16:32.631+0000] {taskinstance.py:2306} INFO - Starting attempt 1 of 1
[2026-02-18T07:16:32.661+0000] {taskinstance.py:2330} INFO - Executing <Task(PythonOperator): task_AAPL> on 2026-02-13 00:00:00+00:00
[2026-02-18T07:16:32.674+0000] {logging_mixin.py:188} WARNING - /home/***/.local/lib/python3.12/site-packages/***/task/task_runner/standard_task_runner.py:62 DeprecationWarning: This process (pid=2234) is multi-threaded, use of fork() may lead to deadlocks in the child.
[2026-02-18T07:16:32.676+0000] {standard_task_runner.py:64} INFO - Started process 2263 to run task
[2026-02-18T07:16:32.678+0000] {standard_task_runner.py:90} INFO - Running: ['***', 'tasks', 'run', 'dag_moex', 'task_AAPL', 'scheduled__2026-02-13T00:00:00+00:00', '--job-id', '593', '--raw', '--subdir', 'DAGS_FOLDER/stocks/dag1.py', '--cfg-path', '/tmp/tmpeko9fyo6']
[2026-02-18T07:16:32.687+0000] {standard_task_runner.py:91} INFO - Job 593: Subtask task_AAPL
[2026-02-18T07:16:32.839+0000] {task_command.py:426} INFO - Running <TaskInstance: dag_moex.task_AAPL scheduled__2026-02-13T00:00:00+00:00 [running]> on host cc036e7caf02
[2026-02-18T07:16:32.986+0000] {taskinstance.py:2648} INFO - Exporting env vars: AIRFLOW_CTX_DAG_OWNER='***' AIRFLOW_CTX_DAG_ID='dag_moex' AIRFLOW_CTX_TASK_ID='task_AAPL' AIRFLOW_CTX_EXECUTION_DATE='2026-02-13T00:00:00+00:00' AIRFLOW_CTX_TRY_NUMBER='1' AIRFLOW_CTX_DAG_RUN_ID='scheduled__2026-02-13T00:00:00+00:00'
[2026-02-18T07:16:32.989+0000] {taskinstance.py:430} INFO - ::endgroup::
[2026-02-18T07:16:33.006+0000] {manager.py:8} INFO - log
[2026-02-18T07:16:33.011+0000] {logging_mixin.py:188} WARNING - /opt/***/dags/stocks/scripts/api.py:9 FutureWarning: YF.download() has changed argument auto_adjust default to True
[2026-02-18T07:16:33.021+0000] {logging_mixin.py:188} WARNING - /home/***/.local/lib/python3.12/site-packages/yfinance/scrapers/history.py:204 Pandas4Warning: Timestamp.utcnow is deprecated and will be removed in a future version. Use Timestamp.now('UTC') instead.
[2026-02-18T07:16:33.887+0000] {logging_mixin.py:188} WARNING - [*********************100%***********************]  1 of 1 completed
[2026-02-18T07:16:33.899+0000] {manager.py:10} INFO - Price            Close        High         Low       Open    Volume
Ticker            AAPL        AAPL        AAPL       AAPL      AAPL
Date                                                               
2026-02-13  255.779999  262.230011  255.449997  262.01001  56290700
[2026-02-18T07:16:33.917+0000] {python.py:237} INFO - Done. Returned value was: None
[2026-02-18T07:16:33.918+0000] {taskinstance.py:441} INFO - ::group::Post task execution logs
[2026-02-18T07:16:33.928+0000] {taskinstance.py:1206} INFO - Marking task as SUCCESS. dag_id=dag_moex, task_id=task_AAPL, run_id=scheduled__2026-02-13T00:00:00+00:00, execution_date=20260213T000000, start_date=20260218T071632, end_date=20260218T071633
[2026-02-18T07:16:33.986+0000] {local_task_job_runner.py:243} INFO - Task exited with return code 0
[2026-02-18T07:16:34.002+0000] {taskinstance.py:3503} INFO - 0 downstream tasks scheduled from follow-on schedule check
[2026-02-18T07:16:34.003+0000] {local_task_job_runner.py:222} INFO - ::endgroup::
[2026-02-18T07:35:35.351+0000] {local_task_job_runner.py:120} INFO - ::group::Pre task execution logs
[2026-02-18T07:35:35.393+0000] {taskinstance.py:2076} INFO - Dependencies all met for dep_context=non-requeueable deps ti=<TaskInstance: dag_moex.task_AAPL scheduled__2026-02-13T00:00:00+00:00 [queued]>
[2026-02-18T07:35:35.404+0000] {taskinstance.py:2076} INFO - Dependencies all met for dep_context=requeueable deps ti=<TaskInstance: dag_moex.task_AAPL scheduled__2026-02-13T00:00:00+00:00 [queued]>
[2026-02-18T07:35:35.405+0000] {taskinstance.py:2306} INFO - Starting attempt 1 of 1
[2026-02-18T07:35:35.422+0000] {taskinstance.py:2330} INFO - Executing <Task(PythonOperator): task_AAPL> on 2026-02-13 00:00:00+00:00
[2026-02-18T07:35:35.435+0000] {logging_mixin.py:188} WARNING - /home/***/.local/lib/python3.12/site-packages/***/task/task_runner/standard_task_runner.py:62 DeprecationWarning: This process (pid=2916) is multi-threaded, use of fork() may lead to deadlocks in the child.
[2026-02-18T07:35:35.438+0000] {standard_task_runner.py:64} INFO - Started process 2936 to run task
[2026-02-18T07:35:35.449+0000] {standard_task_runner.py:90} INFO - Running: ['***', 'tasks', 'run', 'dag_moex', 'task_AAPL', 'scheduled__2026-02-13T00:00:00+00:00', '--job-id', '643', '--raw', '--subdir', 'DAGS_FOLDER/stocks/dag1.py', '--cfg-path', '/tmp/tmpewjmqaq9']
[2026-02-18T07:35:35.451+0000] {standard_task_runner.py:91} INFO - Job 643: Subtask task_AAPL
[2026-02-18T07:35:35.516+0000] {task_command.py:426} INFO - Running <TaskInstance: dag_moex.task_AAPL scheduled__2026-02-13T00:00:00+00:00 [running]> on host cc036e7caf02
[2026-02-18T07:35:35.638+0000] {taskinstance.py:2648} INFO - Exporting env vars: AIRFLOW_CTX_DAG_OWNER='***' AIRFLOW_CTX_DAG_ID='dag_moex' AIRFLOW_CTX_TASK_ID='task_AAPL' AIRFLOW_CTX_EXECUTION_DATE='2026-02-13T00:00:00+00:00' AIRFLOW_CTX_TRY_NUMBER='1' AIRFLOW_CTX_DAG_RUN_ID='scheduled__2026-02-13T00:00:00+00:00'
[2026-02-18T07:35:35.650+0000] {taskinstance.py:430} INFO - ::endgroup::
[2026-02-18T07:35:35.670+0000] {manager.py:8} INFO - log
[2026-02-18T07:35:35.674+0000] {logging_mixin.py:188} WARNING - /opt/***/dags/stocks/scripts/api.py:9 FutureWarning: YF.download() has changed argument auto_adjust default to True
[2026-02-18T07:35:35.688+0000] {logging_mixin.py:188} WARNING - /home/***/.local/lib/python3.12/site-packages/yfinance/scrapers/history.py:204 Pandas4Warning: Timestamp.utcnow is deprecated and will be removed in a future version. Use Timestamp.now('UTC') instead.
[2026-02-18T07:35:36.417+0000] {logging_mixin.py:188} WARNING - [*********************100%***********************]  1 of 1 completed
[2026-02-18T07:35:36.424+0000] {manager.py:10} INFO - Price            Close        High         Low       Open    Volume
Ticker            AAPL        AAPL        AAPL       AAPL      AAPL
Date                                                               
2026-02-13  255.779999  262.230011  255.449997  262.01001  56290700
[2026-02-18T07:35:36.435+0000] {python.py:237} INFO - Done. Returned value was: None
[2026-02-18T07:35:36.435+0000] {taskinstance.py:441} INFO - ::group::Post task execution logs
[2026-02-18T07:35:36.442+0000] {taskinstance.py:1206} INFO - Marking task as SUCCESS. dag_id=dag_moex, task_id=task_AAPL, run_id=scheduled__2026-02-13T00:00:00+00:00, execution_date=20260213T000000, start_date=20260218T073535, end_date=20260218T073536
[2026-02-18T07:35:36.461+0000] {local_task_job_runner.py:243} INFO - Task exited with return code 0
[2026-02-18T07:35:36.482+0000] {taskinstance.py:3503} INFO - 0 downstream tasks scheduled from follow-on schedule check
[2026-02-18T07:35:36.484+0000] {local_task_job_runner.py:222} INFO - ::endgroup::
[2026-02-18T08:33:59.807+0000] {local_task_job_runner.py:120} INFO - ::group::Pre task execution logs
[2026-02-18T08:33:59.854+0000] {taskinstance.py:2076} INFO - Dependencies all met for dep_context=non-requeueable deps ti=<TaskInstance: dag_moex.task_AAPL scheduled__2026-02-13T00:00:00+00:00 [queued]>
[2026-02-18T08:33:59.870+0000] {taskinstance.py:2076} INFO - Dependencies all met for dep_context=requeueable deps ti=<TaskInstance: dag_moex.task_AAPL scheduled__2026-02-13T00:00:00+00:00 [queued]>
[2026-02-18T08:33:59.871+0000] {taskinstance.py:2306} INFO - Starting attempt 1 of 1
[2026-02-18T08:33:59.896+0000] {taskinstance.py:2330} INFO - Executing <Task(PythonOperator): task_AAPL> on 2026-02-13 00:00:00+00:00
[2026-02-18T08:33:59.910+0000] {logging_mixin.py:188} WARNING - /home/***/.local/lib/python3.12/site-packages/***/task/task_runner/standard_task_runner.py:62 DeprecationWarning: This process (pid=4545) is multi-threaded, use of fork() may lead to deadlocks in the child.
[2026-02-18T08:33:59.913+0000] {standard_task_runner.py:64} INFO - Started process 4565 to run task
[2026-02-18T08:33:59.918+0000] {standard_task_runner.py:90} INFO - Running: ['***', 'tasks', 'run', 'dag_moex', 'task_AAPL', 'scheduled__2026-02-13T00:00:00+00:00', '--job-id', '689', '--raw', '--subdir', 'DAGS_FOLDER/stocks/dag1.py', '--cfg-path', '/tmp/tmpdjyc86ey']
[2026-02-18T08:33:59.921+0000] {standard_task_runner.py:91} INFO - Job 689: Subtask task_AAPL
[2026-02-18T08:34:00.000+0000] {task_command.py:426} INFO - Running <TaskInstance: dag_moex.task_AAPL scheduled__2026-02-13T00:00:00+00:00 [running]> on host cc036e7caf02
[2026-02-18T08:34:00.140+0000] {taskinstance.py:2648} INFO - Exporting env vars: AIRFLOW_CTX_DAG_OWNER='***' AIRFLOW_CTX_DAG_ID='dag_moex' AIRFLOW_CTX_TASK_ID='task_AAPL' AIRFLOW_CTX_EXECUTION_DATE='2026-02-13T00:00:00+00:00' AIRFLOW_CTX_TRY_NUMBER='1' AIRFLOW_CTX_DAG_RUN_ID='scheduled__2026-02-13T00:00:00+00:00'
[2026-02-18T08:34:00.142+0000] {taskinstance.py:430} INFO - ::endgroup::
[2026-02-18T08:34:00.165+0000] {logging_mixin.py:188} WARNING - /opt/***/dags/stocks/scripts/api.py:9 FutureWarning: YF.download() has changed argument auto_adjust default to True
[2026-02-18T08:34:00.176+0000] {logging_mixin.py:188} WARNING - /home/***/.local/lib/python3.12/site-packages/yfinance/scrapers/history.py:204 Pandas4Warning: Timestamp.utcnow is deprecated and will be removed in a future version. Use Timestamp.now('UTC') instead.
[2026-02-18T08:34:01.037+0000] {logging_mixin.py:188} WARNING - [*********************100%***********************]  1 of 1 completed
[2026-02-18T08:34:01.056+0000] {api.py:10} INFO - Выгрузилось
    __________________________
    Price            Close        High         Low        Open    Volume
Ticker            AAPL        AAPL        AAPL        AAPL      AAPL
Date                                                                
2026-02-12  261.730011  275.720001  260.179993  275.589996  81077200
2026-02-13  255.779999  262.230011  255.449997  262.010010  56290700
    __________________________
    
[2026-02-18T08:34:01.058+0000] {api.py:16} INFO - start=2026-02-12, end=2026-02-14
[2026-02-18T08:34:01.064+0000] {api.py:17} INFO - После удаления
    __________________________
    Price            Close        High         Low       Open    Volume
Ticker            AAPL        AAPL        AAPL       AAPL      AAPL
Date                                                               
2026-02-13  255.779999  262.230011  255.449997  262.01001  56290700
    __________________________
    
[2026-02-18T08:34:01.069+0000] {python.py:237} INFO - Done. Returned value was: None
[2026-02-18T08:34:01.069+0000] {taskinstance.py:441} INFO - ::group::Post task execution logs
[2026-02-18T08:34:01.077+0000] {taskinstance.py:1206} INFO - Marking task as SUCCESS. dag_id=dag_moex, task_id=task_AAPL, run_id=scheduled__2026-02-13T00:00:00+00:00, execution_date=20260213T000000, start_date=20260218T083359, end_date=20260218T083401
[2026-02-18T08:34:01.098+0000] {local_task_job_runner.py:243} INFO - Task exited with return code 0
[2026-02-18T08:34:01.115+0000] {taskinstance.py:3503} INFO - 0 downstream tasks scheduled from follow-on schedule check
[2026-02-18T08:34:01.117+0000] {local_task_job_runner.py:222} INFO - ::endgroup::
[2026-02-19T12:55:14.386+0000] {local_task_job_runner.py:120} INFO - ::group::Pre task execution logs
[2026-02-19T12:55:14.414+0000] {taskinstance.py:2076} INFO - Dependencies all met for dep_context=non-requeueable deps ti=<TaskInstance: dag_moex.task_AAPL scheduled__2026-02-13T00:00:00+00:00 [queued]>
[2026-02-19T12:55:14.422+0000] {taskinstance.py:2076} INFO - Dependencies all met for dep_context=requeueable deps ti=<TaskInstance: dag_moex.task_AAPL scheduled__2026-02-13T00:00:00+00:00 [queued]>
[2026-02-19T12:55:14.422+0000] {taskinstance.py:2306} INFO - Starting attempt 1 of 1
[2026-02-19T12:55:14.434+0000] {taskinstance.py:2330} INFO - Executing <Task(PythonOperator): task_AAPL> on 2026-02-13 00:00:00+00:00
[2026-02-19T12:55:14.442+0000] {logging_mixin.py:188} WARNING - /home/***/.local/lib/python3.12/site-packages/***/task/task_runner/standard_task_runner.py:62 DeprecationWarning: This process (pid=27488) is multi-threaded, use of fork() may lead to deadlocks in the child.
[2026-02-19T12:55:14.444+0000] {standard_task_runner.py:64} INFO - Started process 27500 to run task
[2026-02-19T12:55:14.442+0000] {standard_task_runner.py:90} INFO - Running: ['***', 'tasks', 'run', 'dag_moex', 'task_AAPL', 'scheduled__2026-02-13T00:00:00+00:00', '--job-id', '795', '--raw', '--subdir', 'DAGS_FOLDER/stocks/dag1.py', '--cfg-path', '/tmp/tmpr500amaq']
[2026-02-19T12:55:14.445+0000] {standard_task_runner.py:91} INFO - Job 795: Subtask task_AAPL
[2026-02-19T12:55:14.484+0000] {task_command.py:426} INFO - Running <TaskInstance: dag_moex.task_AAPL scheduled__2026-02-13T00:00:00+00:00 [running]> on host cc036e7caf02
[2026-02-19T12:55:14.555+0000] {taskinstance.py:2648} INFO - Exporting env vars: AIRFLOW_CTX_DAG_OWNER='***' AIRFLOW_CTX_DAG_ID='dag_moex' AIRFLOW_CTX_TASK_ID='task_AAPL' AIRFLOW_CTX_EXECUTION_DATE='2026-02-13T00:00:00+00:00' AIRFLOW_CTX_TRY_NUMBER='1' AIRFLOW_CTX_DAG_RUN_ID='scheduled__2026-02-13T00:00:00+00:00'
[2026-02-19T12:55:14.556+0000] {taskinstance.py:430} INFO - ::endgroup::
[2026-02-19T12:55:14.567+0000] {logging_mixin.py:188} WARNING - /opt/***/dags/stocks/scripts/api.py:10 FutureWarning: YF.download() has changed argument auto_adjust default to True
[2026-02-19T12:55:14.573+0000] {logging_mixin.py:188} WARNING - /home/***/.local/lib/python3.12/site-packages/yfinance/scrapers/history.py:204 Pandas4Warning: Timestamp.utcnow is deprecated and will be removed in a future version. Use Timestamp.now('UTC') instead.
[2026-02-19T12:55:16.736+0000] {logging_mixin.py:188} WARNING - [*********************100%***********************]  1 of 1 completed
[2026-02-19T12:55:16.750+0000] {api.py:11} INFO - Выгрузилось
    __________________________
    Price            Close        High         Low        Open    Volume
Ticker            AAPL        AAPL        AAPL        AAPL      AAPL
Date                                                                
2026-02-12  261.730011  275.720001  260.179993  275.589996  81077200
2026-02-13  255.779999  262.230011  255.449997  262.010010  56290700
    __________________________
    
[2026-02-19T12:55:16.751+0000] {api.py:17} INFO - start=2026-02-12, end=2026-02-16
[2026-02-19T12:55:16.755+0000] {api.py:18} INFO - После удаления
    __________________________
    Price            Close        High         Low       Open    Volume
Ticker            AAPL        AAPL        AAPL       AAPL      AAPL
Date                                                               
2026-02-13  255.779999  262.230011  255.449997  262.01001  56290700
    __________________________
    
[2026-02-19T12:55:16.763+0000] {base.py:84} INFO - Using connection ID 'pg_1' for task execution.
[2026-02-19T12:55:16.763+0000] {sql.py:254} WARNING - This setter is for backward compatibility and should not be used.
Since the introduction of connection property, the providers listed below breaks due to assigning value to self.connection in their __init__ method.
* apache-***-providers-mysql<5.7.1
* apache-***-providers-elasticsearch<5.5.1
* apache-***-providers-postgres<5.13.0
[2026-02-19T12:55:16.767+0000] {sql.py:896} INFO - Loaded 1 rows into stocks so far
[2026-02-19T12:55:16.767+0000] {sql.py:908} INFO - Done loading. Loaded a total of 1 rows into stocks
[2026-02-19T12:55:16.771+0000] {python.py:237} INFO - Done. Returned value was: None
[2026-02-19T12:55:16.771+0000] {taskinstance.py:441} INFO - ::group::Post task execution logs
[2026-02-19T12:55:16.777+0000] {taskinstance.py:1206} INFO - Marking task as SUCCESS. dag_id=dag_moex, task_id=task_AAPL, run_id=scheduled__2026-02-13T00:00:00+00:00, execution_date=20260213T000000, start_date=20260219T125514, end_date=20260219T125516
[2026-02-19T12:55:16.817+0000] {local_task_job_runner.py:243} INFO - Task exited with return code 0
[2026-02-19T12:55:16.828+0000] {taskinstance.py:3503} INFO - 0 downstream tasks scheduled from follow-on schedule check
[2026-02-19T12:55:16.830+0000] {local_task_job_runner.py:222} INFO - ::endgroup::
[2026-02-19T12:57:58.586+0000] {local_task_job_runner.py:120} INFO - ::group::Pre task execution logs
[2026-02-19T12:57:58.645+0000] {taskinstance.py:2076} INFO - Dependencies all met for dep_context=non-requeueable deps ti=<TaskInstance: dag_moex.task_AAPL scheduled__2026-02-13T00:00:00+00:00 [queued]>
[2026-02-19T12:57:58.658+0000] {taskinstance.py:2076} INFO - Dependencies all met for dep_context=requeueable deps ti=<TaskInstance: dag_moex.task_AAPL scheduled__2026-02-13T00:00:00+00:00 [queued]>
[2026-02-19T12:57:58.659+0000] {taskinstance.py:2306} INFO - Starting attempt 1 of 1
[2026-02-19T12:57:58.679+0000] {taskinstance.py:2330} INFO - Executing <Task(PythonOperator): task_AAPL> on 2026-02-13 00:00:00+00:00
[2026-02-19T12:57:58.691+0000] {logging_mixin.py:188} WARNING - /home/***/.local/lib/python3.12/site-packages/***/task/task_runner/standard_task_runner.py:62 DeprecationWarning: This process (pid=27656) is multi-threaded, use of fork() may lead to deadlocks in the child.
[2026-02-19T12:57:58.693+0000] {standard_task_runner.py:64} INFO - Started process 27684 to run task
[2026-02-19T12:57:58.691+0000] {standard_task_runner.py:90} INFO - Running: ['***', 'tasks', 'run', 'dag_moex', 'task_AAPL', 'scheduled__2026-02-13T00:00:00+00:00', '--job-id', '822', '--raw', '--subdir', 'DAGS_FOLDER/stocks/dag1.py', '--cfg-path', '/tmp/tmpbb9c2nny']
[2026-02-19T12:57:58.694+0000] {standard_task_runner.py:91} INFO - Job 822: Subtask task_AAPL
[2026-02-19T12:57:58.763+0000] {task_command.py:426} INFO - Running <TaskInstance: dag_moex.task_AAPL scheduled__2026-02-13T00:00:00+00:00 [running]> on host cc036e7caf02
[2026-02-19T12:57:58.855+0000] {taskinstance.py:2648} INFO - Exporting env vars: AIRFLOW_CTX_DAG_OWNER='***' AIRFLOW_CTX_DAG_ID='dag_moex' AIRFLOW_CTX_TASK_ID='task_AAPL' AIRFLOW_CTX_EXECUTION_DATE='2026-02-13T00:00:00+00:00' AIRFLOW_CTX_TRY_NUMBER='1' AIRFLOW_CTX_DAG_RUN_ID='scheduled__2026-02-13T00:00:00+00:00'
[2026-02-19T12:57:58.857+0000] {taskinstance.py:430} INFO - ::endgroup::
[2026-02-19T12:57:58.874+0000] {logging_mixin.py:188} WARNING - /opt/***/dags/stocks/scripts/api.py:10 FutureWarning: YF.download() has changed argument auto_adjust default to True
[2026-02-19T12:57:58.949+0000] {logging_mixin.py:188} WARNING - /home/***/.local/lib/python3.12/site-packages/yfinance/scrapers/history.py:204 Pandas4Warning: Timestamp.utcnow is deprecated and will be removed in a future version. Use Timestamp.now('UTC') instead.
[2026-02-19T12:57:59.877+0000] {logging_mixin.py:188} WARNING - [*********************100%***********************]  1 of 1 completed
[2026-02-19T12:57:59.892+0000] {api.py:11} INFO - Выгрузилось
    __________________________
    Price            Close        High         Low        Open    Volume
Ticker            AAPL        AAPL        AAPL        AAPL      AAPL
Date                                                                
2026-02-12  261.730011  275.720001  260.179993  275.589996  81077200
2026-02-13  255.779999  262.230011  255.449997  262.010010  56290700
    __________________________
    
[2026-02-19T12:57:59.894+0000] {api.py:17} INFO - start=2026-02-12, end=2026-02-16
[2026-02-19T12:57:59.900+0000] {api.py:18} INFO - После удаления
    __________________________
    Price            Close        High         Low       Open    Volume
Ticker            AAPL        AAPL        AAPL       AAPL      AAPL
Date                                                               
2026-02-13  255.779999  262.230011  255.449997  262.01001  56290700
    __________________________
    
[2026-02-19T12:57:59.912+0000] {base.py:84} INFO - Using connection ID 'pg_1' for task execution.
[2026-02-19T12:57:59.913+0000] {sql.py:254} WARNING - This setter is for backward compatibility and should not be used.
Since the introduction of connection property, the providers listed below breaks due to assigning value to self.connection in their __init__ method.
* apache-***-providers-mysql<5.7.1
* apache-***-providers-elasticsearch<5.5.1
* apache-***-providers-postgres<5.13.0
[2026-02-19T12:57:59.917+0000] {taskinstance.py:441} INFO - ::group::Post task execution logs
[2026-02-19T12:57:59.918+0000] {taskinstance.py:2905} ERROR - Task failed with exception
Traceback (most recent call last):
  File "/home/airflow/.local/lib/python3.12/site-packages/airflow/models/taskinstance.py", line 465, in _execute_task
    result = _execute_callable(context=context, **execute_callable_kwargs)
             ^^^^^^^^^^^^^^^^^^^^^^^^^^^^^^^^^^^^^^^^^^^^^^^^^^^^^^^^^^^^^
  File "/home/airflow/.local/lib/python3.12/site-packages/airflow/models/taskinstance.py", line 432, in _execute_callable
    return execute_callable(context=context, **execute_callable_kwargs)
           ^^^^^^^^^^^^^^^^^^^^^^^^^^^^^^^^^^^^^^^^^^^^^^^^^^^^^^^^^^^^
  File "/home/airflow/.local/lib/python3.12/site-packages/airflow/models/baseoperator.py", line 401, in wrapper
    return func(self, *args, **kwargs)
           ^^^^^^^^^^^^^^^^^^^^^^^^^^^
  File "/home/airflow/.local/lib/python3.12/site-packages/airflow/operators/python.py", line 235, in execute
    return_value = self.execute_callable()
                   ^^^^^^^^^^^^^^^^^^^^^^^
  File "/home/airflow/.local/lib/python3.12/site-packages/airflow/operators/python.py", line 252, in execute_callable
    return self.python_callable(*self.op_args, **self.op_kwargs)
           ^^^^^^^^^^^^^^^^^^^^^^^^^^^^^^^^^^^^^^^^^^^^^^^^^^^^^
  File "/opt/airflow/dags/stocks/scripts/manager.py", line 24, in fetch_data
    postgresHook.insert_rows(table="stocks", rows=rows,
  File "/home/airflow/.local/lib/python3.12/site-packages/airflow/providers/common/sql/hooks/sql.py", line 893, in insert_rows
    cur.executemany(sql, values)
psycopg2.errors.UniqueViolation: duplicate key value violates unique constraint "stocks_pkey"
DETAIL:  Key (ticker, date)=(AAPL, 2026-02-13) already exists.

[2026-02-19T12:57:59.929+0000] {taskinstance.py:1206} INFO - Marking task as FAILED. dag_id=dag_moex, task_id=task_AAPL, run_id=scheduled__2026-02-13T00:00:00+00:00, execution_date=20260213T000000, start_date=20260219T125758, end_date=20260219T125759
[2026-02-19T12:57:59.940+0000] {standard_task_runner.py:110} ERROR - Failed to execute job 822 for task task_AAPL (duplicate key value violates unique constraint "stocks_pkey"
DETAIL:  Key (ticker, date)=(AAPL, 2026-02-13) already exists.
; 27684)
[2026-02-19T12:57:59.954+0000] {local_task_job_runner.py:243} INFO - Task exited with return code 1
[2026-02-19T12:57:59.967+0000] {taskinstance.py:3503} INFO - 0 downstream tasks scheduled from follow-on schedule check
[2026-02-19T12:57:59.969+0000] {local_task_job_runner.py:222} INFO - ::endgroup::
[2026-02-19T14:19:28.785+0000] {local_task_job_runner.py:120} INFO - ::group::Pre task execution logs
[2026-02-19T14:19:28.839+0000] {taskinstance.py:2076} INFO - Dependencies all met for dep_context=non-requeueable deps ti=<TaskInstance: dag_moex.task_AAPL scheduled__2026-02-13T00:00:00+00:00 [queued]>
[2026-02-19T14:19:28.859+0000] {taskinstance.py:2076} INFO - Dependencies all met for dep_context=requeueable deps ti=<TaskInstance: dag_moex.task_AAPL scheduled__2026-02-13T00:00:00+00:00 [queued]>
[2026-02-19T14:19:28.860+0000] {taskinstance.py:2306} INFO - Starting attempt 1 of 1
[2026-02-19T14:19:28.881+0000] {taskinstance.py:2330} INFO - Executing <Task(PythonOperator): task_AAPL> on 2026-02-13 00:00:00+00:00
[2026-02-19T14:19:28.900+0000] {logging_mixin.py:188} WARNING - /home/***/.local/lib/python3.12/site-packages/***/task/task_runner/standard_task_runner.py:62 DeprecationWarning: This process (pid=30701) is multi-threaded, use of fork() may lead to deadlocks in the child.
[2026-02-19T14:19:28.905+0000] {standard_task_runner.py:64} INFO - Started process 30728 to run task
[2026-02-19T14:19:28.909+0000] {standard_task_runner.py:90} INFO - Running: ['***', 'tasks', 'run', 'dag_moex', 'task_AAPL', 'scheduled__2026-02-13T00:00:00+00:00', '--job-id', '1102', '--raw', '--subdir', 'DAGS_FOLDER/stocks/dag1.py', '--cfg-path', '/tmp/tmpn1x8wf3a']
[2026-02-19T14:19:28.916+0000] {standard_task_runner.py:91} INFO - Job 1102: Subtask task_AAPL
[2026-02-19T14:19:29.000+0000] {task_command.py:426} INFO - Running <TaskInstance: dag_moex.task_AAPL scheduled__2026-02-13T00:00:00+00:00 [running]> on host cc036e7caf02
[2026-02-19T14:19:29.151+0000] {taskinstance.py:2648} INFO - Exporting env vars: AIRFLOW_CTX_DAG_OWNER='***' AIRFLOW_CTX_DAG_ID='dag_moex' AIRFLOW_CTX_TASK_ID='task_AAPL' AIRFLOW_CTX_EXECUTION_DATE='2026-02-13T00:00:00+00:00' AIRFLOW_CTX_TRY_NUMBER='1' AIRFLOW_CTX_DAG_RUN_ID='scheduled__2026-02-13T00:00:00+00:00'
[2026-02-19T14:19:29.156+0000] {taskinstance.py:430} INFO - ::endgroup::
[2026-02-19T14:19:29.170+0000] {logging_mixin.py:188} WARNING - /opt/***/dags/stocks/scripts/api.py:9 FutureWarning: YF.download() has changed argument auto_adjust default to True
[2026-02-19T14:19:29.181+0000] {logging_mixin.py:188} WARNING - /home/***/.local/lib/python3.12/site-packages/yfinance/scrapers/history.py:204 Pandas4Warning: Timestamp.utcnow is deprecated and will be removed in a future version. Use Timestamp.now('UTC') instead.
[2026-02-19T14:19:30.168+0000] {logging_mixin.py:188} WARNING - [*********************100%***********************]  1 of 1 completed
[2026-02-19T14:19:30.185+0000] {api.py:10} INFO - Выгрузилось
    __________________________
    Price            Close        High         Low        Open    Volume
Ticker            AAPL        AAPL        AAPL        AAPL      AAPL
Date                                                                
2026-02-12  261.730011  275.720001  260.179993  275.589996  81077200
2026-02-13  255.779999  262.230011  255.449997  262.010010  56290700
    __________________________
    
[2026-02-19T14:19:30.186+0000] {api.py:16} INFO - start=2026-02-12, end=2026-02-14
[2026-02-19T14:19:30.194+0000] {api.py:17} INFO - После удаления
    __________________________
    Price            Close        High         Low       Open    Volume
Ticker            AAPL        AAPL        AAPL       AAPL      AAPL
Date                                                               
2026-02-13  255.779999  262.230011  255.449997  262.01001  56290700
    __________________________
    
[2026-02-19T14:19:30.205+0000] {base.py:84} INFO - Using connection ID 'pg_1' for task execution.
[2026-02-19T14:19:30.206+0000] {sql.py:254} WARNING - This setter is for backward compatibility and should not be used.
Since the introduction of connection property, the providers listed below breaks due to assigning value to self.connection in their __init__ method.
* apache-***-providers-mysql<5.7.1
* apache-***-providers-elasticsearch<5.5.1
* apache-***-providers-postgres<5.13.0
[2026-02-19T14:19:30.211+0000] {sql.py:896} INFO - Loaded 1 rows into stocks so far
[2026-02-19T14:19:30.212+0000] {sql.py:908} INFO - Done loading. Loaded a total of 1 rows into stocks
[2026-02-19T14:19:30.216+0000] {python.py:237} INFO - Done. Returned value was: None
[2026-02-19T14:19:30.217+0000] {taskinstance.py:441} INFO - ::group::Post task execution logs
[2026-02-19T14:19:30.224+0000] {taskinstance.py:1206} INFO - Marking task as SUCCESS. dag_id=dag_moex, task_id=task_AAPL, run_id=scheduled__2026-02-13T00:00:00+00:00, execution_date=20260213T000000, start_date=20260219T141928, end_date=20260219T141930
[2026-02-19T14:19:30.249+0000] {local_task_job_runner.py:243} INFO - Task exited with return code 0
[2026-02-19T14:19:30.268+0000] {taskinstance.py:3503} INFO - 0 downstream tasks scheduled from follow-on schedule check
[2026-02-19T14:19:30.270+0000] {local_task_job_runner.py:222} INFO - ::endgroup::
[2026-02-19T14:21:02.039+0000] {local_task_job_runner.py:120} INFO - ::group::Pre task execution logs
[2026-02-19T14:21:02.096+0000] {taskinstance.py:2076} INFO - Dependencies all met for dep_context=non-requeueable deps ti=<TaskInstance: dag_moex.task_AAPL scheduled__2026-02-13T00:00:00+00:00 [queued]>
[2026-02-19T14:21:02.120+0000] {taskinstance.py:2076} INFO - Dependencies all met for dep_context=requeueable deps ti=<TaskInstance: dag_moex.task_AAPL scheduled__2026-02-13T00:00:00+00:00 [queued]>
[2026-02-19T14:21:02.121+0000] {taskinstance.py:2306} INFO - Starting attempt 1 of 1
[2026-02-19T14:21:02.149+0000] {taskinstance.py:2330} INFO - Executing <Task(PythonOperator): task_AAPL> on 2026-02-13 00:00:00+00:00
[2026-02-19T14:21:02.169+0000] {logging_mixin.py:188} WARNING - /home/***/.local/lib/python3.12/site-packages/***/task/task_runner/standard_task_runner.py:62 DeprecationWarning: This process (pid=30958) is multi-threaded, use of fork() may lead to deadlocks in the child.
[2026-02-19T14:21:02.171+0000] {standard_task_runner.py:64} INFO - Started process 30985 to run task
[2026-02-19T14:21:02.173+0000] {standard_task_runner.py:90} INFO - Running: ['***', 'tasks', 'run', 'dag_moex', 'task_AAPL', 'scheduled__2026-02-13T00:00:00+00:00', '--job-id', '1160', '--raw', '--subdir', 'DAGS_FOLDER/stocks/dag1.py', '--cfg-path', '/tmp/tmprcqz31sa']
[2026-02-19T14:21:02.177+0000] {standard_task_runner.py:91} INFO - Job 1160: Subtask task_AAPL
[2026-02-19T14:21:02.266+0000] {task_command.py:426} INFO - Running <TaskInstance: dag_moex.task_AAPL scheduled__2026-02-13T00:00:00+00:00 [running]> on host cc036e7caf02
[2026-02-19T14:21:02.395+0000] {taskinstance.py:2648} INFO - Exporting env vars: AIRFLOW_CTX_DAG_OWNER='***' AIRFLOW_CTX_DAG_ID='dag_moex' AIRFLOW_CTX_TASK_ID='task_AAPL' AIRFLOW_CTX_EXECUTION_DATE='2026-02-13T00:00:00+00:00' AIRFLOW_CTX_TRY_NUMBER='1' AIRFLOW_CTX_DAG_RUN_ID='scheduled__2026-02-13T00:00:00+00:00'
[2026-02-19T14:21:02.397+0000] {taskinstance.py:430} INFO - ::endgroup::
[2026-02-19T14:21:02.414+0000] {logging_mixin.py:188} WARNING - /opt/***/dags/stocks/scripts/api.py:9 FutureWarning: YF.download() has changed argument auto_adjust default to True
[2026-02-19T14:21:02.424+0000] {logging_mixin.py:188} WARNING - /home/***/.local/lib/python3.12/site-packages/yfinance/scrapers/history.py:204 Pandas4Warning: Timestamp.utcnow is deprecated and will be removed in a future version. Use Timestamp.now('UTC') instead.
[2026-02-19T14:21:03.315+0000] {logging_mixin.py:188} WARNING - [*********************100%***********************]  1 of 1 completed
[2026-02-19T14:21:03.335+0000] {api.py:10} INFO - Выгрузилось
    __________________________
    Price            Close        High         Low        Open    Volume
Ticker            AAPL        AAPL        AAPL        AAPL      AAPL
Date                                                                
2026-02-12  261.730011  275.720001  260.179993  275.589996  81077200
2026-02-13  255.779999  262.230011  255.449997  262.010010  56290700
    __________________________
    
[2026-02-19T14:21:03.336+0000] {api.py:16} INFO - start=2026-02-12, end=2026-02-14
[2026-02-19T14:21:03.344+0000] {api.py:17} INFO - После удаления
    __________________________
    Price            Close        High         Low       Open    Volume
Ticker            AAPL        AAPL        AAPL       AAPL      AAPL
Date                                                               
2026-02-13  255.779999  262.230011  255.449997  262.01001  56290700
    __________________________
    
[2026-02-19T14:21:03.357+0000] {base.py:84} INFO - Using connection ID 'pg_1' for task execution.
[2026-02-19T14:21:03.358+0000] {sql.py:254} WARNING - This setter is for backward compatibility and should not be used.
Since the introduction of connection property, the providers listed below breaks due to assigning value to self.connection in their __init__ method.
* apache-***-providers-mysql<5.7.1
* apache-***-providers-elasticsearch<5.5.1
* apache-***-providers-postgres<5.13.0
[2026-02-19T14:21:03.364+0000] {taskinstance.py:441} INFO - ::group::Post task execution logs
[2026-02-19T14:21:03.366+0000] {taskinstance.py:2905} ERROR - Task failed with exception
Traceback (most recent call last):
  File "/home/airflow/.local/lib/python3.12/site-packages/airflow/models/taskinstance.py", line 465, in _execute_task
    result = _execute_callable(context=context, **execute_callable_kwargs)
             ^^^^^^^^^^^^^^^^^^^^^^^^^^^^^^^^^^^^^^^^^^^^^^^^^^^^^^^^^^^^^
  File "/home/airflow/.local/lib/python3.12/site-packages/airflow/models/taskinstance.py", line 432, in _execute_callable
    return execute_callable(context=context, **execute_callable_kwargs)
           ^^^^^^^^^^^^^^^^^^^^^^^^^^^^^^^^^^^^^^^^^^^^^^^^^^^^^^^^^^^^
  File "/home/airflow/.local/lib/python3.12/site-packages/airflow/models/baseoperator.py", line 401, in wrapper
    return func(self, *args, **kwargs)
           ^^^^^^^^^^^^^^^^^^^^^^^^^^^
  File "/home/airflow/.local/lib/python3.12/site-packages/airflow/operators/python.py", line 235, in execute
    return_value = self.execute_callable()
                   ^^^^^^^^^^^^^^^^^^^^^^^
  File "/home/airflow/.local/lib/python3.12/site-packages/airflow/operators/python.py", line 252, in execute_callable
    return self.python_callable(*self.op_args, **self.op_kwargs)
           ^^^^^^^^^^^^^^^^^^^^^^^^^^^^^^^^^^^^^^^^^^^^^^^^^^^^^
  File "/opt/airflow/dags/stocks/scripts/manager.py", line 24, in fetch_data
    postgresHook.insert_rows(table="stocks", rows=rows,
  File "/home/airflow/.local/lib/python3.12/site-packages/airflow/providers/common/sql/hooks/sql.py", line 893, in insert_rows
    cur.executemany(sql, values)
psycopg2.errors.UniqueViolation: duplicate key value violates unique constraint "stocks_pkey"
DETAIL:  Key (ticker, date)=(AAPL, 2026-02-13) already exists.

[2026-02-19T14:21:03.378+0000] {taskinstance.py:1206} INFO - Marking task as FAILED. dag_id=dag_moex, task_id=task_AAPL, run_id=scheduled__2026-02-13T00:00:00+00:00, execution_date=20260213T000000, start_date=20260219T142102, end_date=20260219T142103
[2026-02-19T14:21:03.389+0000] {standard_task_runner.py:110} ERROR - Failed to execute job 1160 for task task_AAPL (duplicate key value violates unique constraint "stocks_pkey"
DETAIL:  Key (ticker, date)=(AAPL, 2026-02-13) already exists.
; 30985)
[2026-02-19T14:21:03.437+0000] {local_task_job_runner.py:243} INFO - Task exited with return code 1
[2026-02-19T14:21:03.448+0000] {taskinstance.py:3503} INFO - 0 downstream tasks scheduled from follow-on schedule check
[2026-02-19T14:21:03.450+0000] {local_task_job_runner.py:222} INFO - ::endgroup::
[2026-02-19T14:27:42.142+0000] {local_task_job_runner.py:120} INFO - ::group::Pre task execution logs
[2026-02-19T14:27:42.241+0000] {taskinstance.py:2076} INFO - Dependencies all met for dep_context=non-requeueable deps ti=<TaskInstance: dag_moex.task_AAPL scheduled__2026-02-13T00:00:00+00:00 [queued]>
[2026-02-19T14:27:42.278+0000] {taskinstance.py:2076} INFO - Dependencies all met for dep_context=requeueable deps ti=<TaskInstance: dag_moex.task_AAPL scheduled__2026-02-13T00:00:00+00:00 [queued]>
[2026-02-19T14:27:42.279+0000] {taskinstance.py:2306} INFO - Starting attempt 1 of 1
[2026-02-19T14:27:42.331+0000] {taskinstance.py:2330} INFO - Executing <Task(PythonOperator): task_AAPL> on 2026-02-13 00:00:00+00:00
[2026-02-19T14:27:42.356+0000] {logging_mixin.py:188} WARNING - /home/***/.local/lib/python3.12/site-packages/***/task/task_runner/standard_task_runner.py:62 DeprecationWarning: This process (pid=31329) is multi-threaded, use of fork() may lead to deadlocks in the child.
[2026-02-19T14:27:42.360+0000] {standard_task_runner.py:64} INFO - Started process 31357 to run task
[2026-02-19T14:27:42.357+0000] {standard_task_runner.py:90} INFO - Running: ['***', 'tasks', 'run', 'dag_moex', 'task_AAPL', 'scheduled__2026-02-13T00:00:00+00:00', '--job-id', '1213', '--raw', '--subdir', 'DAGS_FOLDER/stocks/dag1.py', '--cfg-path', '/tmp/tmpnv5uff99']
[2026-02-19T14:27:42.366+0000] {standard_task_runner.py:91} INFO - Job 1213: Subtask task_AAPL
[2026-02-19T14:27:42.504+0000] {task_command.py:426} INFO - Running <TaskInstance: dag_moex.task_AAPL scheduled__2026-02-13T00:00:00+00:00 [running]> on host cc036e7caf02
[2026-02-19T14:27:42.637+0000] {taskinstance.py:2648} INFO - Exporting env vars: AIRFLOW_CTX_DAG_OWNER='***' AIRFLOW_CTX_DAG_ID='dag_moex' AIRFLOW_CTX_TASK_ID='task_AAPL' AIRFLOW_CTX_EXECUTION_DATE='2026-02-13T00:00:00+00:00' AIRFLOW_CTX_TRY_NUMBER='1' AIRFLOW_CTX_DAG_RUN_ID='scheduled__2026-02-13T00:00:00+00:00'
[2026-02-19T14:27:42.639+0000] {taskinstance.py:430} INFO - ::endgroup::
[2026-02-19T14:27:42.661+0000] {logging_mixin.py:188} WARNING - /opt/***/dags/stocks/scripts/api.py:9 FutureWarning: YF.download() has changed argument auto_adjust default to True
[2026-02-19T14:27:42.672+0000] {logging_mixin.py:188} WARNING - /home/***/.local/lib/python3.12/site-packages/yfinance/scrapers/history.py:204 Pandas4Warning: Timestamp.utcnow is deprecated and will be removed in a future version. Use Timestamp.now('UTC') instead.
[2026-02-19T14:27:43.477+0000] {logging_mixin.py:188} WARNING - [*********************100%***********************]  1 of 1 completed
[2026-02-19T14:27:43.499+0000] {api.py:10} INFO - Выгрузилось
    __________________________
    Price            Close        High         Low        Open    Volume
Ticker            AAPL        AAPL        AAPL        AAPL      AAPL
Date                                                                
2026-02-12  261.730011  275.720001  260.179993  275.589996  81077200
2026-02-13  255.779999  262.230011  255.449997  262.010010  56290700
    __________________________
    
[2026-02-19T14:27:43.501+0000] {api.py:16} INFO - start=2026-02-12, end=2026-02-14
[2026-02-19T14:27:43.515+0000] {api.py:17} INFO - После удаления
    __________________________
    Price            Close        High         Low       Open    Volume
Ticker            AAPL        AAPL        AAPL       AAPL      AAPL
Date                                                               
2026-02-13  255.779999  262.230011  255.449997  262.01001  56290700
    __________________________
    
[2026-02-19T14:27:43.534+0000] {base.py:84} INFO - Using connection ID 'pg_1' for task execution.
[2026-02-19T14:27:43.541+0000] {sql.py:254} WARNING - This setter is for backward compatibility and should not be used.
Since the introduction of connection property, the providers listed below breaks due to assigning value to self.connection in their __init__ method.
* apache-***-providers-mysql<5.7.1
* apache-***-providers-elasticsearch<5.5.1
* apache-***-providers-postgres<5.13.0
[2026-02-19T14:27:43.552+0000] {sql.py:896} INFO - Loaded 1 rows into stocks so far
[2026-02-19T14:27:43.553+0000] {sql.py:908} INFO - Done loading. Loaded a total of 1 rows into stocks
[2026-02-19T14:27:43.561+0000] {python.py:237} INFO - Done. Returned value was: None
[2026-02-19T14:27:43.566+0000] {taskinstance.py:441} INFO - ::group::Post task execution logs
[2026-02-19T14:27:43.581+0000] {taskinstance.py:1206} INFO - Marking task as SUCCESS. dag_id=dag_moex, task_id=task_AAPL, run_id=scheduled__2026-02-13T00:00:00+00:00, execution_date=20260213T000000, start_date=20260219T142742, end_date=20260219T142743
[2026-02-19T14:27:43.632+0000] {local_task_job_runner.py:243} INFO - Task exited with return code 0
[2026-02-19T14:27:43.665+0000] {taskinstance.py:3503} INFO - 0 downstream tasks scheduled from follow-on schedule check
[2026-02-19T14:27:43.668+0000] {local_task_job_runner.py:222} INFO - ::endgroup::
[2026-02-19T14:41:02.417+0000] {local_task_job_runner.py:120} INFO - ::group::Pre task execution logs
[2026-02-19T14:41:02.473+0000] {taskinstance.py:2076} INFO - Dependencies all met for dep_context=non-requeueable deps ti=<TaskInstance: dag_moex.task_AAPL scheduled__2026-02-13T00:00:00+00:00 [queued]>
[2026-02-19T14:41:02.486+0000] {taskinstance.py:2076} INFO - Dependencies all met for dep_context=requeueable deps ti=<TaskInstance: dag_moex.task_AAPL scheduled__2026-02-13T00:00:00+00:00 [queued]>
[2026-02-19T14:41:02.486+0000] {taskinstance.py:2306} INFO - Starting attempt 1 of 1
[2026-02-19T14:41:02.512+0000] {taskinstance.py:2330} INFO - Executing <Task(PythonOperator): task_AAPL> on 2026-02-13 00:00:00+00:00
[2026-02-19T14:41:02.526+0000] {logging_mixin.py:188} WARNING - /home/***/.local/lib/python3.12/site-packages/***/task/task_runner/standard_task_runner.py:62 DeprecationWarning: This process (pid=31863) is multi-threaded, use of fork() may lead to deadlocks in the child.
[2026-02-19T14:41:02.528+0000] {standard_task_runner.py:64} INFO - Started process 31899 to run task
[2026-02-19T14:41:02.528+0000] {standard_task_runner.py:90} INFO - Running: ['***', 'tasks', 'run', 'dag_moex', 'task_AAPL', 'scheduled__2026-02-13T00:00:00+00:00', '--job-id', '1273', '--raw', '--subdir', 'DAGS_FOLDER/stocks/dag1.py', '--cfg-path', '/tmp/tmpjq97xpjz']
[2026-02-19T14:41:02.531+0000] {standard_task_runner.py:91} INFO - Job 1273: Subtask task_AAPL
[2026-02-19T14:41:02.615+0000] {task_command.py:426} INFO - Running <TaskInstance: dag_moex.task_AAPL scheduled__2026-02-13T00:00:00+00:00 [running]> on host cc036e7caf02
[2026-02-19T14:41:02.714+0000] {taskinstance.py:2648} INFO - Exporting env vars: AIRFLOW_CTX_DAG_OWNER='***' AIRFLOW_CTX_DAG_ID='dag_moex' AIRFLOW_CTX_TASK_ID='task_AAPL' AIRFLOW_CTX_EXECUTION_DATE='2026-02-13T00:00:00+00:00' AIRFLOW_CTX_TRY_NUMBER='1' AIRFLOW_CTX_DAG_RUN_ID='scheduled__2026-02-13T00:00:00+00:00'
[2026-02-19T14:41:02.715+0000] {taskinstance.py:430} INFO - ::endgroup::
[2026-02-19T14:41:02.731+0000] {logging_mixin.py:188} WARNING - /opt/***/dags/stocks/scripts/api.py:9 FutureWarning: YF.download() has changed argument auto_adjust default to True
[2026-02-19T14:41:02.741+0000] {logging_mixin.py:188} WARNING - /home/***/.local/lib/python3.12/site-packages/yfinance/scrapers/history.py:204 Pandas4Warning: Timestamp.utcnow is deprecated and will be removed in a future version. Use Timestamp.now('UTC') instead.
[2026-02-19T14:41:03.526+0000] {logging_mixin.py:188} WARNING - [*********************100%***********************]  1 of 1 completed
[2026-02-19T14:41:03.541+0000] {api.py:10} INFO - Выгрузилось
    __________________________
    Price            Close        High         Low        Open    Volume
Ticker            AAPL        AAPL        AAPL        AAPL      AAPL
Date                                                                
2026-02-12  261.730011  275.720001  260.179993  275.589996  81077200
2026-02-13  255.779999  262.230011  255.449997  262.010010  56290700
    __________________________
    
[2026-02-19T14:41:03.541+0000] {taskinstance.py:441} INFO - ::group::Post task execution logs
[2026-02-19T14:41:03.542+0000] {taskinstance.py:2905} ERROR - Task failed with exception
Traceback (most recent call last):
  File "/home/airflow/.local/lib/python3.12/site-packages/airflow/models/taskinstance.py", line 465, in _execute_task
    result = _execute_callable(context=context, **execute_callable_kwargs)
             ^^^^^^^^^^^^^^^^^^^^^^^^^^^^^^^^^^^^^^^^^^^^^^^^^^^^^^^^^^^^^
  File "/home/airflow/.local/lib/python3.12/site-packages/airflow/models/taskinstance.py", line 432, in _execute_callable
    return execute_callable(context=context, **execute_callable_kwargs)
           ^^^^^^^^^^^^^^^^^^^^^^^^^^^^^^^^^^^^^^^^^^^^^^^^^^^^^^^^^^^^
  File "/home/airflow/.local/lib/python3.12/site-packages/airflow/models/baseoperator.py", line 401, in wrapper
    return func(self, *args, **kwargs)
           ^^^^^^^^^^^^^^^^^^^^^^^^^^^
  File "/home/airflow/.local/lib/python3.12/site-packages/airflow/operators/python.py", line 235, in execute
    return_value = self.execute_callable()
                   ^^^^^^^^^^^^^^^^^^^^^^^
  File "/home/airflow/.local/lib/python3.12/site-packages/airflow/operators/python.py", line 252, in execute_callable
    return self.python_callable(*self.op_args, **self.op_kwargs)
           ^^^^^^^^^^^^^^^^^^^^^^^^^^^^^^^^^^^^^^^^^^^^^^^^^^^^^
  File "/opt/airflow/dags/stocks/scripts/manager.py", line 11, in fetch_data
    data = fetch_data_from_yfinance(stock, data_interval_start=data_interval_start, data_interval_end=data_interval_end)
           ^^^^^^^^^^^^^^^^^^^^^^^^^^^^^^^^^^^^^^^^^^^^^^^^^^^^^^^^^^^^^^^^^^^^^^^^^^^^^^^^^^^^^^^^^^^^^^^^^^^^^^^^^^^^^
  File "/opt/airflow/dags/stocks/scripts/api.py", line 15, in fetch_data_from_yfinance
    df = df.loc[start:start + timedelta(days=1)]
                      ~~~~~~^~~~~~~~~~~~~~~~~~~
TypeError: can only concatenate str (not "datetime.timedelta") to str
[2026-02-19T14:41:03.552+0000] {taskinstance.py:1206} INFO - Marking task as FAILED. dag_id=dag_moex, task_id=task_AAPL, run_id=scheduled__2026-02-13T00:00:00+00:00, execution_date=20260213T000000, start_date=20260219T144102, end_date=20260219T144103
[2026-02-19T14:41:03.560+0000] {standard_task_runner.py:110} ERROR - Failed to execute job 1273 for task task_AAPL (can only concatenate str (not "datetime.timedelta") to str; 31899)
[2026-02-19T14:41:03.589+0000] {local_task_job_runner.py:243} INFO - Task exited with return code 1
[2026-02-19T14:41:03.601+0000] {taskinstance.py:3503} INFO - 0 downstream tasks scheduled from follow-on schedule check
[2026-02-19T14:41:03.603+0000] {local_task_job_runner.py:222} INFO - ::endgroup::
[2026-02-19T14:45:09.783+0000] {local_task_job_runner.py:120} INFO - ::group::Pre task execution logs
[2026-02-19T14:45:09.842+0000] {taskinstance.py:2076} INFO - Dependencies all met for dep_context=non-requeueable deps ti=<TaskInstance: dag_moex.task_AAPL scheduled__2026-02-13T00:00:00+00:00 [queued]>
[2026-02-19T14:45:09.854+0000] {taskinstance.py:2076} INFO - Dependencies all met for dep_context=requeueable deps ti=<TaskInstance: dag_moex.task_AAPL scheduled__2026-02-13T00:00:00+00:00 [queued]>
[2026-02-19T14:45:09.855+0000] {taskinstance.py:2306} INFO - Starting attempt 1 of 1
[2026-02-19T14:45:09.878+0000] {taskinstance.py:2330} INFO - Executing <Task(PythonOperator): task_AAPL> on 2026-02-13 00:00:00+00:00
[2026-02-19T14:45:09.891+0000] {logging_mixin.py:188} WARNING - /home/***/.local/lib/python3.12/site-packages/***/task/task_runner/standard_task_runner.py:62 DeprecationWarning: This process (pid=32170) is multi-threaded, use of fork() may lead to deadlocks in the child.
[2026-02-19T14:45:09.893+0000] {standard_task_runner.py:64} INFO - Started process 32201 to run task
[2026-02-19T14:45:09.907+0000] {standard_task_runner.py:90} INFO - Running: ['***', 'tasks', 'run', 'dag_moex', 'task_AAPL', 'scheduled__2026-02-13T00:00:00+00:00', '--job-id', '1323', '--raw', '--subdir', 'DAGS_FOLDER/stocks/dag1.py', '--cfg-path', '/tmp/tmpk8yvz_k3']
[2026-02-19T14:45:09.915+0000] {standard_task_runner.py:91} INFO - Job 1323: Subtask task_AAPL
[2026-02-19T14:45:09.990+0000] {task_command.py:426} INFO - Running <TaskInstance: dag_moex.task_AAPL scheduled__2026-02-13T00:00:00+00:00 [running]> on host cc036e7caf02
[2026-02-19T14:45:10.123+0000] {taskinstance.py:2648} INFO - Exporting env vars: AIRFLOW_CTX_DAG_OWNER='***' AIRFLOW_CTX_DAG_ID='dag_moex' AIRFLOW_CTX_TASK_ID='task_AAPL' AIRFLOW_CTX_EXECUTION_DATE='2026-02-13T00:00:00+00:00' AIRFLOW_CTX_TRY_NUMBER='1' AIRFLOW_CTX_DAG_RUN_ID='scheduled__2026-02-13T00:00:00+00:00'
[2026-02-19T14:45:10.125+0000] {taskinstance.py:430} INFO - ::endgroup::
[2026-02-19T14:45:10.140+0000] {logging_mixin.py:188} WARNING - /opt/***/dags/stocks/scripts/api.py:9 FutureWarning: YF.download() has changed argument auto_adjust default to True
[2026-02-19T14:45:10.158+0000] {logging_mixin.py:188} WARNING - /home/***/.local/lib/python3.12/site-packages/yfinance/scrapers/history.py:204 Pandas4Warning: Timestamp.utcnow is deprecated and will be removed in a future version. Use Timestamp.now('UTC') instead.
[2026-02-19T14:45:10.932+0000] {logging_mixin.py:188} WARNING - [*********************100%***********************]  1 of 1 completed
[2026-02-19T14:45:10.948+0000] {base.py:84} INFO - Using connection ID 'pg_1' for task execution.
[2026-02-19T14:45:10.948+0000] {sql.py:254} WARNING - This setter is for backward compatibility and should not be used.
Since the introduction of connection property, the providers listed below breaks due to assigning value to self.connection in their __init__ method.
* apache-***-providers-mysql<5.7.1
* apache-***-providers-elasticsearch<5.5.1
* apache-***-providers-postgres<5.13.0
[2026-02-19T14:45:10.953+0000] {sql.py:896} INFO - Loaded 2 rows into stocks so far
[2026-02-19T14:45:10.953+0000] {sql.py:908} INFO - Done loading. Loaded a total of 2 rows into stocks
[2026-02-19T14:45:10.957+0000] {python.py:237} INFO - Done. Returned value was: None
[2026-02-19T14:45:10.957+0000] {taskinstance.py:441} INFO - ::group::Post task execution logs
[2026-02-19T14:45:10.963+0000] {taskinstance.py:1206} INFO - Marking task as SUCCESS. dag_id=dag_moex, task_id=task_AAPL, run_id=scheduled__2026-02-13T00:00:00+00:00, execution_date=20260213T000000, start_date=20260219T144509, end_date=20260219T144510
[2026-02-19T14:45:10.991+0000] {local_task_job_runner.py:243} INFO - Task exited with return code 0
[2026-02-19T14:45:11.003+0000] {taskinstance.py:3503} INFO - 0 downstream tasks scheduled from follow-on schedule check
[2026-02-19T14:45:11.005+0000] {local_task_job_runner.py:222} INFO - ::endgroup::
[2026-02-19T14:51:04.093+0000] {local_task_job_runner.py:120} INFO - ::group::Pre task execution logs
[2026-02-19T14:51:04.161+0000] {taskinstance.py:2076} INFO - Dependencies all met for dep_context=non-requeueable deps ti=<TaskInstance: dag_moex.task_AAPL scheduled__2026-02-13T00:00:00+00:00 [queued]>
[2026-02-19T14:51:04.187+0000] {taskinstance.py:2076} INFO - Dependencies all met for dep_context=requeueable deps ti=<TaskInstance: dag_moex.task_AAPL scheduled__2026-02-13T00:00:00+00:00 [queued]>
[2026-02-19T14:51:04.188+0000] {taskinstance.py:2306} INFO - Starting attempt 1 of 1
[2026-02-19T14:51:04.207+0000] {taskinstance.py:2330} INFO - Executing <Task(PythonOperator): task_AAPL> on 2026-02-13 00:00:00+00:00
[2026-02-19T14:51:04.227+0000] {logging_mixin.py:188} WARNING - /home/***/.local/lib/python3.12/site-packages/***/task/task_runner/standard_task_runner.py:62 DeprecationWarning: This process (pid=32909) is multi-threaded, use of fork() may lead to deadlocks in the child.
[2026-02-19T14:51:04.231+0000] {standard_task_runner.py:64} INFO - Started process 32943 to run task
[2026-02-19T14:51:04.238+0000] {standard_task_runner.py:90} INFO - Running: ['***', 'tasks', 'run', 'dag_moex', 'task_AAPL', 'scheduled__2026-02-13T00:00:00+00:00', '--job-id', '1472', '--raw', '--subdir', 'DAGS_FOLDER/stocks/dag1.py', '--cfg-path', '/tmp/tmpt4g4h511']
[2026-02-19T14:51:04.250+0000] {standard_task_runner.py:91} INFO - Job 1472: Subtask task_AAPL
[2026-02-19T14:51:04.354+0000] {task_command.py:426} INFO - Running <TaskInstance: dag_moex.task_AAPL scheduled__2026-02-13T00:00:00+00:00 [running]> on host cc036e7caf02
[2026-02-19T14:51:04.529+0000] {taskinstance.py:2648} INFO - Exporting env vars: AIRFLOW_CTX_DAG_OWNER='***' AIRFLOW_CTX_DAG_ID='dag_moex' AIRFLOW_CTX_TASK_ID='task_AAPL' AIRFLOW_CTX_EXECUTION_DATE='2026-02-13T00:00:00+00:00' AIRFLOW_CTX_TRY_NUMBER='1' AIRFLOW_CTX_DAG_RUN_ID='scheduled__2026-02-13T00:00:00+00:00'
[2026-02-19T14:51:04.536+0000] {taskinstance.py:430} INFO - ::endgroup::
[2026-02-19T14:51:04.558+0000] {logging_mixin.py:188} WARNING - /opt/***/dags/stocks/scripts/api.py:9 FutureWarning: YF.download() has changed argument auto_adjust default to True
[2026-02-19T14:51:04.571+0000] {logging_mixin.py:188} WARNING - /home/***/.local/lib/python3.12/site-packages/yfinance/scrapers/history.py:204 Pandas4Warning: Timestamp.utcnow is deprecated and will be removed in a future version. Use Timestamp.now('UTC') instead.
[2026-02-19T14:51:05.400+0000] {logging_mixin.py:188} WARNING - [*********************100%***********************]  1 of 1 completed
[2026-02-19T14:51:05.420+0000] {base.py:84} INFO - Using connection ID 'pg_1' for task execution.
[2026-02-19T14:51:05.420+0000] {sql.py:254} WARNING - This setter is for backward compatibility and should not be used.
Since the introduction of connection property, the providers listed below breaks due to assigning value to self.connection in their __init__ method.
* apache-***-providers-mysql<5.7.1
* apache-***-providers-elasticsearch<5.5.1
* apache-***-providers-postgres<5.13.0
[2026-02-19T14:51:05.426+0000] {sql.py:896} INFO - Loaded 2 rows into stocks so far
[2026-02-19T14:51:05.427+0000] {sql.py:908} INFO - Done loading. Loaded a total of 2 rows into stocks
[2026-02-19T14:51:05.434+0000] {python.py:237} INFO - Done. Returned value was: None
[2026-02-19T14:51:05.436+0000] {taskinstance.py:441} INFO - ::group::Post task execution logs
[2026-02-19T14:51:05.446+0000] {taskinstance.py:1206} INFO - Marking task as SUCCESS. dag_id=dag_moex, task_id=task_AAPL, run_id=scheduled__2026-02-13T00:00:00+00:00, execution_date=20260213T000000, start_date=20260219T145104, end_date=20260219T145105
[2026-02-19T14:51:05.508+0000] {local_task_job_runner.py:243} INFO - Task exited with return code 0
[2026-02-19T14:51:05.522+0000] {taskinstance.py:3503} INFO - 0 downstream tasks scheduled from follow-on schedule check
[2026-02-19T14:51:05.524+0000] {local_task_job_runner.py:222} INFO - ::endgroup::
