[2026-02-18T07:04:41.032+0000] {local_task_job_runner.py:120} INFO - ::group::Pre task execution logs
[2026-02-18T07:04:41.074+0000] {taskinstance.py:2076} INFO - Dependencies all met for dep_context=non-requeueable deps ti=<TaskInstance: dag_moex.task_TSLA scheduled__2026-02-15T00:00:00+00:00 [queued]>
[2026-02-18T07:04:41.088+0000] {taskinstance.py:2076} INFO - Dependencies all met for dep_context=requeueable deps ti=<TaskInstance: dag_moex.task_TSLA scheduled__2026-02-15T00:00:00+00:00 [queued]>
[2026-02-18T07:04:41.089+0000] {taskinstance.py:2306} INFO - Starting attempt 1 of 1
[2026-02-18T07:04:41.105+0000] {taskinstance.py:2330} INFO - Executing <Task(PythonOperator): task_TSLA> on 2026-02-15 00:00:00+00:00
[2026-02-18T07:04:41.119+0000] {logging_mixin.py:188} WARNING - /home/***/.local/lib/python3.12/site-packages/***/task/task_runner/standard_task_runner.py:62 DeprecationWarning: This process (pid=770) is multi-threaded, use of fork() may lead to deadlocks in the child.
[2026-02-18T07:04:41.118+0000] {standard_task_runner.py:90} INFO - Running: ['***', 'tasks', 'run', 'dag_moex', 'task_TSLA', 'scheduled__2026-02-15T00:00:00+00:00', '--job-id', '309', '--raw', '--subdir', 'DAGS_FOLDER/stocks/dag1.py', '--cfg-path', '/tmp/tmpnssskaru']
[2026-02-18T07:04:41.121+0000] {standard_task_runner.py:64} INFO - Started process 804 to run task
[2026-02-18T07:04:41.121+0000] {standard_task_runner.py:91} INFO - Job 309: Subtask task_TSLA
[2026-02-18T07:04:41.172+0000] {task_command.py:426} INFO - Running <TaskInstance: dag_moex.task_TSLA scheduled__2026-02-15T00:00:00+00:00 [running]> on host cc036e7caf02
[2026-02-18T07:04:41.268+0000] {taskinstance.py:2648} INFO - Exporting env vars: AIRFLOW_CTX_DAG_OWNER='***' AIRFLOW_CTX_DAG_ID='dag_moex' AIRFLOW_CTX_TASK_ID='task_TSLA' AIRFLOW_CTX_EXECUTION_DATE='2026-02-15T00:00:00+00:00' AIRFLOW_CTX_TRY_NUMBER='1' AIRFLOW_CTX_DAG_RUN_ID='scheduled__2026-02-15T00:00:00+00:00'
[2026-02-18T07:04:41.269+0000] {taskinstance.py:430} INFO - ::endgroup::
[2026-02-18T07:04:41.282+0000] {manager.py:8} INFO - log
[2026-02-18T07:04:41.285+0000] {logging_mixin.py:188} WARNING - /opt/***/dags/stocks/scripts/api.py:9 FutureWarning: YF.download() has changed argument auto_adjust default to True
[2026-02-18T07:04:41.295+0000] {logging_mixin.py:188} WARNING - /home/***/.local/lib/python3.12/site-packages/yfinance/scrapers/history.py:204 Pandas4Warning: Timestamp.utcnow is deprecated and will be removed in a future version. Use Timestamp.now('UTC') instead.
[2026-02-18T07:04:41.965+0000] {logging_mixin.py:188} WARNING - [*********************100%***********************]  1 of 1 completed
[2026-02-18T07:04:41.966+0000] {multi.py:185} ERROR - 
1 Failed download:
[2026-02-18T07:04:41.966+0000] {multi.py:198} ERROR - ['TSLA']: YFPricesMissingError('possibly delisted; no price data found  (1d 2026-02-14 -> 2026-02-16)')
[2026-02-18T07:04:41.977+0000] {taskinstance.py:441} INFO - ::group::Post task execution logs
[2026-02-18T07:04:41.978+0000] {taskinstance.py:2905} ERROR - Task failed with exception
Traceback (most recent call last):
  File "/home/airflow/.local/lib/python3.12/site-packages/airflow/models/taskinstance.py", line 465, in _execute_task
    result = _execute_callable(context=context, **execute_callable_kwargs)
             ^^^^^^^^^^^^^^^^^^^^^^^^^^^^^^^^^^^^^^^^^^^^^^^^^^^^^^^^^^^^^
  File "/home/airflow/.local/lib/python3.12/site-packages/airflow/models/taskinstance.py", line 432, in _execute_callable
    return execute_callable(context=context, **execute_callable_kwargs)
           ^^^^^^^^^^^^^^^^^^^^^^^^^^^^^^^^^^^^^^^^^^^^^^^^^^^^^^^^^^^^
  File "/home/airflow/.local/lib/python3.12/site-packages/airflow/models/baseoperator.py", line 401, in wrapper
    return func(self, *args, **kwargs)
           ^^^^^^^^^^^^^^^^^^^^^^^^^^^
  File "/home/airflow/.local/lib/python3.12/site-packages/airflow/operators/python.py", line 235, in execute
    return_value = self.execute_callable()
                   ^^^^^^^^^^^^^^^^^^^^^^^
  File "/home/airflow/.local/lib/python3.12/site-packages/airflow/operators/python.py", line 252, in execute_callable
    return self.python_callable(*self.op_args, **self.op_kwargs)
           ^^^^^^^^^^^^^^^^^^^^^^^^^^^^^^^^^^^^^^^^^^^^^^^^^^^^^
  File "/opt/airflow/dags/stocks/scripts/manager.py", line 9, in fetch_data
    data = fetch_data_from_yfinance(stock, data_interval_start=data_interval_start, data_interval_end=data_interval_end)
           ^^^^^^^^^^^^^^^^^^^^^^^^^^^^^^^^^^^^^^^^^^^^^^^^^^^^^^^^^^^^^^^^^^^^^^^^^^^^^^^^^^^^^^^^^^^^^^^^^^^^^^^^^^^^^
  File "/opt/airflow/dags/stocks/scripts/api.py", line 10, in fetch_data_from_yfinance
    return df.drop(index=start, inplace=True)
           ^^^^^^^^^^^^^^^^^^^^^^^^^^^^^^^^^^
  File "/home/airflow/.local/lib/python3.12/site-packages/pandas/core/frame.py", line 6288, in drop
    return super().drop(
           ^^^^^^^^^^^^^
  File "/home/airflow/.local/lib/python3.12/site-packages/pandas/core/generic.py", line 4644, in drop
    obj = obj._drop_axis(labels, axis, level=level, errors=errors)
          ^^^^^^^^^^^^^^^^^^^^^^^^^^^^^^^^^^^^^^^^^^^^^^^^^^^^^^^^
  File "/home/airflow/.local/lib/python3.12/site-packages/pandas/core/generic.py", line 4686, in _drop_axis
    new_axis = axis.drop(labels, errors=errors)
               ^^^^^^^^^^^^^^^^^^^^^^^^^^^^^^^^
  File "/home/airflow/.local/lib/python3.12/site-packages/pandas/core/indexes/base.py", line 7268, in drop
    raise KeyError(f"{labels[mask].tolist()} not found in axis")
KeyError: "['2026-02-14'] not found in axis"
[2026-02-18T07:04:41.998+0000] {taskinstance.py:1206} INFO - Marking task as FAILED. dag_id=dag_moex, task_id=task_TSLA, run_id=scheduled__2026-02-15T00:00:00+00:00, execution_date=20260215T000000, start_date=20260218T070441, end_date=20260218T070441
[2026-02-18T07:04:42.030+0000] {standard_task_runner.py:110} ERROR - Failed to execute job 309 for task task_TSLA ("['2026-02-14'] not found in axis"; 804)
[2026-02-18T07:04:42.062+0000] {local_task_job_runner.py:243} INFO - Task exited with return code 1
[2026-02-18T07:04:42.073+0000] {local_task_job_runner.py:222} INFO - ::endgroup::
[2026-02-18T07:05:13.296+0000] {local_task_job_runner.py:120} INFO - ::group::Pre task execution logs
[2026-02-18T07:05:13.351+0000] {taskinstance.py:2076} INFO - Dependencies all met for dep_context=non-requeueable deps ti=<TaskInstance: dag_moex.task_TSLA scheduled__2026-02-15T00:00:00+00:00 [queued]>
[2026-02-18T07:05:13.365+0000] {taskinstance.py:2076} INFO - Dependencies all met for dep_context=requeueable deps ti=<TaskInstance: dag_moex.task_TSLA scheduled__2026-02-15T00:00:00+00:00 [queued]>
[2026-02-18T07:05:13.367+0000] {taskinstance.py:2306} INFO - Starting attempt 1 of 1
[2026-02-18T07:05:13.392+0000] {taskinstance.py:2330} INFO - Executing <Task(PythonOperator): task_TSLA> on 2026-02-15 00:00:00+00:00
[2026-02-18T07:05:13.412+0000] {logging_mixin.py:188} WARNING - /home/***/.local/lib/python3.12/site-packages/***/task/task_runner/standard_task_runner.py:62 DeprecationWarning: This process (pid=842) is multi-threaded, use of fork() may lead to deadlocks in the child.
[2026-02-18T07:05:13.416+0000] {standard_task_runner.py:64} INFO - Started process 863 to run task
[2026-02-18T07:05:13.418+0000] {standard_task_runner.py:90} INFO - Running: ['***', 'tasks', 'run', 'dag_moex', 'task_TSLA', 'scheduled__2026-02-15T00:00:00+00:00', '--job-id', '319', '--raw', '--subdir', 'DAGS_FOLDER/stocks/dag1.py', '--cfg-path', '/tmp/tmp7g8myjsf']
[2026-02-18T07:05:13.423+0000] {standard_task_runner.py:91} INFO - Job 319: Subtask task_TSLA
[2026-02-18T07:05:13.505+0000] {task_command.py:426} INFO - Running <TaskInstance: dag_moex.task_TSLA scheduled__2026-02-15T00:00:00+00:00 [running]> on host cc036e7caf02
[2026-02-18T07:05:13.623+0000] {taskinstance.py:2648} INFO - Exporting env vars: AIRFLOW_CTX_DAG_OWNER='***' AIRFLOW_CTX_DAG_ID='dag_moex' AIRFLOW_CTX_TASK_ID='task_TSLA' AIRFLOW_CTX_EXECUTION_DATE='2026-02-15T00:00:00+00:00' AIRFLOW_CTX_TRY_NUMBER='1' AIRFLOW_CTX_DAG_RUN_ID='scheduled__2026-02-15T00:00:00+00:00'
[2026-02-18T07:05:13.624+0000] {taskinstance.py:430} INFO - ::endgroup::
[2026-02-18T07:05:13.642+0000] {manager.py:8} INFO - log
[2026-02-18T07:05:13.646+0000] {logging_mixin.py:188} WARNING - /opt/***/dags/stocks/scripts/api.py:9 FutureWarning: YF.download() has changed argument auto_adjust default to True
[2026-02-18T07:05:13.661+0000] {logging_mixin.py:188} WARNING - /home/***/.local/lib/python3.12/site-packages/yfinance/scrapers/history.py:204 Pandas4Warning: Timestamp.utcnow is deprecated and will be removed in a future version. Use Timestamp.now('UTC') instead.
[2026-02-18T07:05:14.584+0000] {logging_mixin.py:188} WARNING - [*********************100%***********************]  1 of 1 completed
[2026-02-18T07:05:14.585+0000] {multi.py:185} ERROR - 
1 Failed download:
[2026-02-18T07:05:14.585+0000] {multi.py:198} ERROR - ['TSLA']: YFPricesMissingError('possibly delisted; no price data found  (1d 2026-02-14 -> 2026-02-16)')
[2026-02-18T07:05:14.598+0000] {taskinstance.py:441} INFO - ::group::Post task execution logs
[2026-02-18T07:05:14.599+0000] {taskinstance.py:2905} ERROR - Task failed with exception
Traceback (most recent call last):
  File "/home/airflow/.local/lib/python3.12/site-packages/airflow/models/taskinstance.py", line 465, in _execute_task
    result = _execute_callable(context=context, **execute_callable_kwargs)
             ^^^^^^^^^^^^^^^^^^^^^^^^^^^^^^^^^^^^^^^^^^^^^^^^^^^^^^^^^^^^^
  File "/home/airflow/.local/lib/python3.12/site-packages/airflow/models/taskinstance.py", line 432, in _execute_callable
    return execute_callable(context=context, **execute_callable_kwargs)
           ^^^^^^^^^^^^^^^^^^^^^^^^^^^^^^^^^^^^^^^^^^^^^^^^^^^^^^^^^^^^
  File "/home/airflow/.local/lib/python3.12/site-packages/airflow/models/baseoperator.py", line 401, in wrapper
    return func(self, *args, **kwargs)
           ^^^^^^^^^^^^^^^^^^^^^^^^^^^
  File "/home/airflow/.local/lib/python3.12/site-packages/airflow/operators/python.py", line 235, in execute
    return_value = self.execute_callable()
                   ^^^^^^^^^^^^^^^^^^^^^^^
  File "/home/airflow/.local/lib/python3.12/site-packages/airflow/operators/python.py", line 252, in execute_callable
    return self.python_callable(*self.op_args, **self.op_kwargs)
           ^^^^^^^^^^^^^^^^^^^^^^^^^^^^^^^^^^^^^^^^^^^^^^^^^^^^^
  File "/opt/airflow/dags/stocks/scripts/manager.py", line 9, in fetch_data
    data = fetch_data_from_yfinance(stock, data_interval_start=data_interval_start, data_interval_end=data_interval_end)
           ^^^^^^^^^^^^^^^^^^^^^^^^^^^^^^^^^^^^^^^^^^^^^^^^^^^^^^^^^^^^^^^^^^^^^^^^^^^^^^^^^^^^^^^^^^^^^^^^^^^^^^^^^^^^^
  File "/opt/airflow/dags/stocks/scripts/api.py", line 10, in fetch_data_from_yfinance
    return df.drop(index=start, inplace=True)
           ^^^^^^^^^^^^^^^^^^^^^^^^^^^^^^^^^^
  File "/home/airflow/.local/lib/python3.12/site-packages/pandas/core/frame.py", line 6288, in drop
    return super().drop(
           ^^^^^^^^^^^^^
  File "/home/airflow/.local/lib/python3.12/site-packages/pandas/core/generic.py", line 4644, in drop
    obj = obj._drop_axis(labels, axis, level=level, errors=errors)
          ^^^^^^^^^^^^^^^^^^^^^^^^^^^^^^^^^^^^^^^^^^^^^^^^^^^^^^^^
  File "/home/airflow/.local/lib/python3.12/site-packages/pandas/core/generic.py", line 4686, in _drop_axis
    new_axis = axis.drop(labels, errors=errors)
               ^^^^^^^^^^^^^^^^^^^^^^^^^^^^^^^^
  File "/home/airflow/.local/lib/python3.12/site-packages/pandas/core/indexes/base.py", line 7268, in drop
    raise KeyError(f"{labels[mask].tolist()} not found in axis")
KeyError: "['2026-02-14'] not found in axis"
[2026-02-18T07:05:14.618+0000] {taskinstance.py:1206} INFO - Marking task as FAILED. dag_id=dag_moex, task_id=task_TSLA, run_id=scheduled__2026-02-15T00:00:00+00:00, execution_date=20260215T000000, start_date=20260218T070513, end_date=20260218T070514
[2026-02-18T07:05:14.628+0000] {standard_task_runner.py:110} ERROR - Failed to execute job 319 for task task_TSLA ("['2026-02-14'] not found in axis"; 863)
[2026-02-18T07:05:14.645+0000] {local_task_job_runner.py:243} INFO - Task exited with return code 1
[2026-02-18T07:05:14.658+0000] {taskinstance.py:3503} INFO - 0 downstream tasks scheduled from follow-on schedule check
[2026-02-18T07:05:14.661+0000] {local_task_job_runner.py:222} INFO - ::endgroup::
[2026-02-18T07:07:49.191+0000] {local_task_job_runner.py:120} INFO - ::group::Pre task execution logs
[2026-02-18T07:07:49.256+0000] {taskinstance.py:2076} INFO - Dependencies all met for dep_context=non-requeueable deps ti=<TaskInstance: dag_moex.task_TSLA scheduled__2026-02-15T00:00:00+00:00 [queued]>
[2026-02-18T07:07:49.277+0000] {taskinstance.py:2076} INFO - Dependencies all met for dep_context=requeueable deps ti=<TaskInstance: dag_moex.task_TSLA scheduled__2026-02-15T00:00:00+00:00 [queued]>
[2026-02-18T07:07:49.281+0000] {taskinstance.py:2306} INFO - Starting attempt 1 of 1
[2026-02-18T07:07:49.310+0000] {taskinstance.py:2330} INFO - Executing <Task(PythonOperator): task_TSLA> on 2026-02-15 00:00:00+00:00
[2026-02-18T07:07:49.336+0000] {logging_mixin.py:188} WARNING - /home/***/.local/lib/python3.12/site-packages/***/task/task_runner/standard_task_runner.py:62 DeprecationWarning: This process (pid=968) is multi-threaded, use of fork() may lead to deadlocks in the child.
[2026-02-18T07:07:49.339+0000] {standard_task_runner.py:64} INFO - Started process 995 to run task
[2026-02-18T07:07:49.340+0000] {standard_task_runner.py:90} INFO - Running: ['***', 'tasks', 'run', 'dag_moex', 'task_TSLA', 'scheduled__2026-02-15T00:00:00+00:00', '--job-id', '337', '--raw', '--subdir', 'DAGS_FOLDER/stocks/dag1.py', '--cfg-path', '/tmp/tmpovzh0akd']
[2026-02-18T07:07:49.344+0000] {standard_task_runner.py:91} INFO - Job 337: Subtask task_TSLA
[2026-02-18T07:07:49.447+0000] {task_command.py:426} INFO - Running <TaskInstance: dag_moex.task_TSLA scheduled__2026-02-15T00:00:00+00:00 [running]> on host cc036e7caf02
[2026-02-18T07:07:49.559+0000] {taskinstance.py:2648} INFO - Exporting env vars: AIRFLOW_CTX_DAG_OWNER='***' AIRFLOW_CTX_DAG_ID='dag_moex' AIRFLOW_CTX_TASK_ID='task_TSLA' AIRFLOW_CTX_EXECUTION_DATE='2026-02-15T00:00:00+00:00' AIRFLOW_CTX_TRY_NUMBER='1' AIRFLOW_CTX_DAG_RUN_ID='scheduled__2026-02-15T00:00:00+00:00'
[2026-02-18T07:07:49.561+0000] {taskinstance.py:430} INFO - ::endgroup::
[2026-02-18T07:07:49.576+0000] {manager.py:8} INFO - log
[2026-02-18T07:07:49.579+0000] {logging_mixin.py:188} WARNING - /opt/***/dags/stocks/scripts/api.py:9 FutureWarning: YF.download() has changed argument auto_adjust default to True
[2026-02-18T07:07:49.589+0000] {logging_mixin.py:188} WARNING - /home/***/.local/lib/python3.12/site-packages/yfinance/scrapers/history.py:204 Pandas4Warning: Timestamp.utcnow is deprecated and will be removed in a future version. Use Timestamp.now('UTC') instead.
[2026-02-18T07:07:50.386+0000] {logging_mixin.py:188} WARNING - [*********************100%***********************]  1 of 1 completed
[2026-02-18T07:07:50.387+0000] {multi.py:185} ERROR - 
1 Failed download:
[2026-02-18T07:07:50.388+0000] {multi.py:198} ERROR - ['TSLA']: YFPricesMissingError('possibly delisted; no price data found  (1d 2026-02-14 -> 2026-02-16)')
[2026-02-18T07:07:50.402+0000] {taskinstance.py:441} INFO - ::group::Post task execution logs
[2026-02-18T07:07:50.403+0000] {taskinstance.py:2905} ERROR - Task failed with exception
Traceback (most recent call last):
  File "/home/airflow/.local/lib/python3.12/site-packages/airflow/models/taskinstance.py", line 465, in _execute_task
    result = _execute_callable(context=context, **execute_callable_kwargs)
             ^^^^^^^^^^^^^^^^^^^^^^^^^^^^^^^^^^^^^^^^^^^^^^^^^^^^^^^^^^^^^
  File "/home/airflow/.local/lib/python3.12/site-packages/airflow/models/taskinstance.py", line 432, in _execute_callable
    return execute_callable(context=context, **execute_callable_kwargs)
           ^^^^^^^^^^^^^^^^^^^^^^^^^^^^^^^^^^^^^^^^^^^^^^^^^^^^^^^^^^^^
  File "/home/airflow/.local/lib/python3.12/site-packages/airflow/models/baseoperator.py", line 401, in wrapper
    return func(self, *args, **kwargs)
           ^^^^^^^^^^^^^^^^^^^^^^^^^^^
  File "/home/airflow/.local/lib/python3.12/site-packages/airflow/operators/python.py", line 235, in execute
    return_value = self.execute_callable()
                   ^^^^^^^^^^^^^^^^^^^^^^^
  File "/home/airflow/.local/lib/python3.12/site-packages/airflow/operators/python.py", line 252, in execute_callable
    return self.python_callable(*self.op_args, **self.op_kwargs)
           ^^^^^^^^^^^^^^^^^^^^^^^^^^^^^^^^^^^^^^^^^^^^^^^^^^^^^
  File "/opt/airflow/dags/stocks/scripts/manager.py", line 9, in fetch_data
    data = fetch_data_from_yfinance(stock, data_interval_start=data_interval_start, data_interval_end=data_interval_end)
           ^^^^^^^^^^^^^^^^^^^^^^^^^^^^^^^^^^^^^^^^^^^^^^^^^^^^^^^^^^^^^^^^^^^^^^^^^^^^^^^^^^^^^^^^^^^^^^^^^^^^^^^^^^^^^
  File "/opt/airflow/dags/stocks/scripts/api.py", line 10, in fetch_data_from_yfinance
    df.drop(index=start, inplace=True)
  File "/home/airflow/.local/lib/python3.12/site-packages/pandas/core/frame.py", line 6288, in drop
    return super().drop(
           ^^^^^^^^^^^^^
  File "/home/airflow/.local/lib/python3.12/site-packages/pandas/core/generic.py", line 4644, in drop
    obj = obj._drop_axis(labels, axis, level=level, errors=errors)
          ^^^^^^^^^^^^^^^^^^^^^^^^^^^^^^^^^^^^^^^^^^^^^^^^^^^^^^^^
  File "/home/airflow/.local/lib/python3.12/site-packages/pandas/core/generic.py", line 4686, in _drop_axis
    new_axis = axis.drop(labels, errors=errors)
               ^^^^^^^^^^^^^^^^^^^^^^^^^^^^^^^^
  File "/home/airflow/.local/lib/python3.12/site-packages/pandas/core/indexes/base.py", line 7268, in drop
    raise KeyError(f"{labels[mask].tolist()} not found in axis")
KeyError: "['2026-02-14'] not found in axis"
[2026-02-18T07:07:50.419+0000] {taskinstance.py:1206} INFO - Marking task as FAILED. dag_id=dag_moex, task_id=task_TSLA, run_id=scheduled__2026-02-15T00:00:00+00:00, execution_date=20260215T000000, start_date=20260218T070749, end_date=20260218T070750
[2026-02-18T07:07:50.432+0000] {standard_task_runner.py:110} ERROR - Failed to execute job 337 for task task_TSLA ("['2026-02-14'] not found in axis"; 995)
[2026-02-18T07:07:50.452+0000] {local_task_job_runner.py:243} INFO - Task exited with return code 1
[2026-02-18T07:07:50.472+0000] {taskinstance.py:3503} INFO - 0 downstream tasks scheduled from follow-on schedule check
[2026-02-18T07:07:50.476+0000] {local_task_job_runner.py:222} INFO - ::endgroup::
[2026-02-18T07:09:20.563+0000] {local_task_job_runner.py:120} INFO - ::group::Pre task execution logs
[2026-02-18T07:09:20.605+0000] {taskinstance.py:2076} INFO - Dependencies all met for dep_context=non-requeueable deps ti=<TaskInstance: dag_moex.task_TSLA scheduled__2026-02-15T00:00:00+00:00 [queued]>
[2026-02-18T07:09:20.616+0000] {taskinstance.py:2076} INFO - Dependencies all met for dep_context=requeueable deps ti=<TaskInstance: dag_moex.task_TSLA scheduled__2026-02-15T00:00:00+00:00 [queued]>
[2026-02-18T07:09:20.616+0000] {taskinstance.py:2306} INFO - Starting attempt 1 of 1
[2026-02-18T07:09:20.632+0000] {taskinstance.py:2330} INFO - Executing <Task(PythonOperator): task_TSLA> on 2026-02-15 00:00:00+00:00
[2026-02-18T07:09:20.640+0000] {logging_mixin.py:188} WARNING - /home/***/.local/lib/python3.12/site-packages/***/task/task_runner/standard_task_runner.py:62 DeprecationWarning: This process (pid=1065) is multi-threaded, use of fork() may lead to deadlocks in the child.
[2026-02-18T07:09:20.642+0000] {standard_task_runner.py:64} INFO - Started process 1098 to run task
[2026-02-18T07:09:20.640+0000] {standard_task_runner.py:90} INFO - Running: ['***', 'tasks', 'run', 'dag_moex', 'task_TSLA', 'scheduled__2026-02-15T00:00:00+00:00', '--job-id', '354', '--raw', '--subdir', 'DAGS_FOLDER/stocks/dag1.py', '--cfg-path', '/tmp/tmplflne7q4']
[2026-02-18T07:09:20.643+0000] {standard_task_runner.py:91} INFO - Job 354: Subtask task_TSLA
[2026-02-18T07:09:20.698+0000] {task_command.py:426} INFO - Running <TaskInstance: dag_moex.task_TSLA scheduled__2026-02-15T00:00:00+00:00 [running]> on host cc036e7caf02
[2026-02-18T07:09:20.774+0000] {taskinstance.py:2648} INFO - Exporting env vars: AIRFLOW_CTX_DAG_OWNER='***' AIRFLOW_CTX_DAG_ID='dag_moex' AIRFLOW_CTX_TASK_ID='task_TSLA' AIRFLOW_CTX_EXECUTION_DATE='2026-02-15T00:00:00+00:00' AIRFLOW_CTX_TRY_NUMBER='1' AIRFLOW_CTX_DAG_RUN_ID='scheduled__2026-02-15T00:00:00+00:00'
[2026-02-18T07:09:20.775+0000] {taskinstance.py:430} INFO - ::endgroup::
[2026-02-18T07:09:20.785+0000] {manager.py:8} INFO - log
[2026-02-18T07:09:20.788+0000] {logging_mixin.py:188} WARNING - /opt/***/dags/stocks/scripts/api.py:9 FutureWarning: YF.download() has changed argument auto_adjust default to True
[2026-02-18T07:09:20.798+0000] {logging_mixin.py:188} WARNING - /home/***/.local/lib/python3.12/site-packages/yfinance/scrapers/history.py:204 Pandas4Warning: Timestamp.utcnow is deprecated and will be removed in a future version. Use Timestamp.now('UTC') instead.
[2026-02-18T07:09:19.781+0000] {logging_mixin.py:188} WARNING - [*********************100%***********************]  1 of 1 completed
[2026-02-18T07:09:19.782+0000] {multi.py:185} ERROR - 
1 Failed download:
[2026-02-18T07:09:19.782+0000] {multi.py:198} ERROR - ['TSLA']: YFPricesMissingError('possibly delisted; no price data found  (1d 2026-02-14 -> 2026-02-16)')
[2026-02-18T07:09:19.794+0000] {taskinstance.py:441} INFO - ::group::Post task execution logs
[2026-02-18T07:09:19.794+0000] {taskinstance.py:2905} ERROR - Task failed with exception
Traceback (most recent call last):
  File "/home/airflow/.local/lib/python3.12/site-packages/airflow/models/taskinstance.py", line 465, in _execute_task
    result = _execute_callable(context=context, **execute_callable_kwargs)
             ^^^^^^^^^^^^^^^^^^^^^^^^^^^^^^^^^^^^^^^^^^^^^^^^^^^^^^^^^^^^^
  File "/home/airflow/.local/lib/python3.12/site-packages/airflow/models/taskinstance.py", line 432, in _execute_callable
    return execute_callable(context=context, **execute_callable_kwargs)
           ^^^^^^^^^^^^^^^^^^^^^^^^^^^^^^^^^^^^^^^^^^^^^^^^^^^^^^^^^^^^
  File "/home/airflow/.local/lib/python3.12/site-packages/airflow/models/baseoperator.py", line 401, in wrapper
    return func(self, *args, **kwargs)
           ^^^^^^^^^^^^^^^^^^^^^^^^^^^
  File "/home/airflow/.local/lib/python3.12/site-packages/airflow/operators/python.py", line 235, in execute
    return_value = self.execute_callable()
                   ^^^^^^^^^^^^^^^^^^^^^^^
  File "/home/airflow/.local/lib/python3.12/site-packages/airflow/operators/python.py", line 252, in execute_callable
    return self.python_callable(*self.op_args, **self.op_kwargs)
           ^^^^^^^^^^^^^^^^^^^^^^^^^^^^^^^^^^^^^^^^^^^^^^^^^^^^^
  File "/opt/airflow/dags/stocks/scripts/manager.py", line 9, in fetch_data
    data = fetch_data_from_yfinance(stock, data_interval_start=data_interval_start, data_interval_end=data_interval_end)
           ^^^^^^^^^^^^^^^^^^^^^^^^^^^^^^^^^^^^^^^^^^^^^^^^^^^^^^^^^^^^^^^^^^^^^^^^^^^^^^^^^^^^^^^^^^^^^^^^^^^^^^^^^^^^^
  File "/opt/airflow/dags/stocks/scripts/api.py", line 10, in fetch_data_from_yfinance
    df.drop(index=start, inplace=True)
  File "/home/airflow/.local/lib/python3.12/site-packages/pandas/core/frame.py", line 6288, in drop
    return super().drop(
           ^^^^^^^^^^^^^
  File "/home/airflow/.local/lib/python3.12/site-packages/pandas/core/generic.py", line 4644, in drop
    obj = obj._drop_axis(labels, axis, level=level, errors=errors)
          ^^^^^^^^^^^^^^^^^^^^^^^^^^^^^^^^^^^^^^^^^^^^^^^^^^^^^^^^
  File "/home/airflow/.local/lib/python3.12/site-packages/pandas/core/generic.py", line 4686, in _drop_axis
    new_axis = axis.drop(labels, errors=errors)
               ^^^^^^^^^^^^^^^^^^^^^^^^^^^^^^^^
  File "/home/airflow/.local/lib/python3.12/site-packages/pandas/core/indexes/base.py", line 7268, in drop
    raise KeyError(f"{labels[mask].tolist()} not found in axis")
KeyError: "['2026-02-14'] not found in axis"
[2026-02-18T07:09:19.812+0000] {taskinstance.py:1206} INFO - Marking task as FAILED. dag_id=dag_moex, task_id=task_TSLA, run_id=scheduled__2026-02-15T00:00:00+00:00, execution_date=20260215T000000, start_date=20260218T070920, end_date=20260218T070919
[2026-02-18T07:09:19.821+0000] {standard_task_runner.py:110} ERROR - Failed to execute job 354 for task task_TSLA ("['2026-02-14'] not found in axis"; 1098)
[2026-02-18T07:09:19.852+0000] {local_task_job_runner.py:243} INFO - Task exited with return code 1
[2026-02-18T07:09:19.865+0000] {taskinstance.py:3503} INFO - 0 downstream tasks scheduled from follow-on schedule check
[2026-02-18T07:09:19.867+0000] {local_task_job_runner.py:222} INFO - ::endgroup::
[2026-02-18T07:10:23.694+0000] {local_task_job_runner.py:120} INFO - ::group::Pre task execution logs
[2026-02-18T07:10:23.731+0000] {taskinstance.py:2076} INFO - Dependencies all met for dep_context=non-requeueable deps ti=<TaskInstance: dag_moex.task_TSLA scheduled__2026-02-15T00:00:00+00:00 [queued]>
[2026-02-18T07:10:23.742+0000] {taskinstance.py:2076} INFO - Dependencies all met for dep_context=requeueable deps ti=<TaskInstance: dag_moex.task_TSLA scheduled__2026-02-15T00:00:00+00:00 [queued]>
[2026-02-18T07:10:23.743+0000] {taskinstance.py:2306} INFO - Starting attempt 1 of 1
[2026-02-18T07:10:23.761+0000] {taskinstance.py:2330} INFO - Executing <Task(PythonOperator): task_TSLA> on 2026-02-15 00:00:00+00:00
[2026-02-18T07:10:23.772+0000] {logging_mixin.py:188} WARNING - /home/***/.local/lib/python3.12/site-packages/***/task/task_runner/standard_task_runner.py:62 DeprecationWarning: This process (pid=1148) is multi-threaded, use of fork() may lead to deadlocks in the child.
[2026-02-18T07:10:23.773+0000] {standard_task_runner.py:64} INFO - Started process 1179 to run task
[2026-02-18T07:10:23.772+0000] {standard_task_runner.py:90} INFO - Running: ['***', 'tasks', 'run', 'dag_moex', 'task_TSLA', 'scheduled__2026-02-15T00:00:00+00:00', '--job-id', '369', '--raw', '--subdir', 'DAGS_FOLDER/stocks/dag1.py', '--cfg-path', '/tmp/tmpwjc3of0j']
[2026-02-18T07:10:23.775+0000] {standard_task_runner.py:91} INFO - Job 369: Subtask task_TSLA
[2026-02-18T07:10:23.831+0000] {task_command.py:426} INFO - Running <TaskInstance: dag_moex.task_TSLA scheduled__2026-02-15T00:00:00+00:00 [running]> on host cc036e7caf02
[2026-02-18T07:10:23.914+0000] {taskinstance.py:2648} INFO - Exporting env vars: AIRFLOW_CTX_DAG_OWNER='***' AIRFLOW_CTX_DAG_ID='dag_moex' AIRFLOW_CTX_TASK_ID='task_TSLA' AIRFLOW_CTX_EXECUTION_DATE='2026-02-15T00:00:00+00:00' AIRFLOW_CTX_TRY_NUMBER='1' AIRFLOW_CTX_DAG_RUN_ID='scheduled__2026-02-15T00:00:00+00:00'
[2026-02-18T07:10:23.916+0000] {taskinstance.py:430} INFO - ::endgroup::
[2026-02-18T07:10:23.928+0000] {manager.py:8} INFO - log
[2026-02-18T07:10:23.930+0000] {logging_mixin.py:188} WARNING - /opt/***/dags/stocks/scripts/api.py:9 FutureWarning: YF.download() has changed argument auto_adjust default to True
[2026-02-18T07:10:23.941+0000] {logging_mixin.py:188} WARNING - /home/***/.local/lib/python3.12/site-packages/yfinance/scrapers/history.py:204 Pandas4Warning: Timestamp.utcnow is deprecated and will be removed in a future version. Use Timestamp.now('UTC') instead.
[2026-02-18T07:10:24.623+0000] {logging_mixin.py:188} WARNING - [*********************100%***********************]  1 of 1 completed
[2026-02-18T07:10:24.624+0000] {multi.py:185} ERROR - 
1 Failed download:
[2026-02-18T07:10:24.625+0000] {multi.py:198} ERROR - ['TSLA']: YFPricesMissingError('possibly delisted; no price data found  (1d 2026-02-14 -> 2026-02-16)')
[2026-02-18T07:10:24.645+0000] {taskinstance.py:441} INFO - ::group::Post task execution logs
[2026-02-18T07:10:24.646+0000] {taskinstance.py:2905} ERROR - Task failed with exception
Traceback (most recent call last):
  File "/home/airflow/.local/lib/python3.12/site-packages/airflow/models/taskinstance.py", line 465, in _execute_task
    result = _execute_callable(context=context, **execute_callable_kwargs)
             ^^^^^^^^^^^^^^^^^^^^^^^^^^^^^^^^^^^^^^^^^^^^^^^^^^^^^^^^^^^^^
  File "/home/airflow/.local/lib/python3.12/site-packages/airflow/models/taskinstance.py", line 432, in _execute_callable
    return execute_callable(context=context, **execute_callable_kwargs)
           ^^^^^^^^^^^^^^^^^^^^^^^^^^^^^^^^^^^^^^^^^^^^^^^^^^^^^^^^^^^^
  File "/home/airflow/.local/lib/python3.12/site-packages/airflow/models/baseoperator.py", line 401, in wrapper
    return func(self, *args, **kwargs)
           ^^^^^^^^^^^^^^^^^^^^^^^^^^^
  File "/home/airflow/.local/lib/python3.12/site-packages/airflow/operators/python.py", line 235, in execute
    return_value = self.execute_callable()
                   ^^^^^^^^^^^^^^^^^^^^^^^
  File "/home/airflow/.local/lib/python3.12/site-packages/airflow/operators/python.py", line 252, in execute_callable
    return self.python_callable(*self.op_args, **self.op_kwargs)
           ^^^^^^^^^^^^^^^^^^^^^^^^^^^^^^^^^^^^^^^^^^^^^^^^^^^^^
  File "/opt/airflow/dags/stocks/scripts/manager.py", line 9, in fetch_data
    data = fetch_data_from_yfinance(stock, data_interval_start=data_interval_start, data_interval_end=data_interval_end)
           ^^^^^^^^^^^^^^^^^^^^^^^^^^^^^^^^^^^^^^^^^^^^^^^^^^^^^^^^^^^^^^^^^^^^^^^^^^^^^^^^^^^^^^^^^^^^^^^^^^^^^^^^^^^^^
  File "/opt/airflow/dags/stocks/scripts/api.py", line 10, in fetch_data_from_yfinance
    df.drop(index=start, inplace=True)
  File "/home/airflow/.local/lib/python3.12/site-packages/pandas/core/frame.py", line 6288, in drop
    return super().drop(
           ^^^^^^^^^^^^^
  File "/home/airflow/.local/lib/python3.12/site-packages/pandas/core/generic.py", line 4644, in drop
    obj = obj._drop_axis(labels, axis, level=level, errors=errors)
          ^^^^^^^^^^^^^^^^^^^^^^^^^^^^^^^^^^^^^^^^^^^^^^^^^^^^^^^^
  File "/home/airflow/.local/lib/python3.12/site-packages/pandas/core/generic.py", line 4686, in _drop_axis
    new_axis = axis.drop(labels, errors=errors)
               ^^^^^^^^^^^^^^^^^^^^^^^^^^^^^^^^
  File "/home/airflow/.local/lib/python3.12/site-packages/pandas/core/indexes/base.py", line 7268, in drop
    raise KeyError(f"{labels[mask].tolist()} not found in axis")
KeyError: "['2026-02-14'] not found in axis"
[2026-02-18T07:10:24.672+0000] {taskinstance.py:1206} INFO - Marking task as FAILED. dag_id=dag_moex, task_id=task_TSLA, run_id=scheduled__2026-02-15T00:00:00+00:00, execution_date=20260215T000000, start_date=20260218T071023, end_date=20260218T071024
[2026-02-18T07:10:24.696+0000] {standard_task_runner.py:110} ERROR - Failed to execute job 369 for task task_TSLA ("['2026-02-14'] not found in axis"; 1179)
[2026-02-18T07:10:24.714+0000] {local_task_job_runner.py:243} INFO - Task exited with return code 1
[2026-02-18T07:10:24.723+0000] {local_task_job_runner.py:222} INFO - ::endgroup::
[2026-02-18T07:13:25.999+0000] {local_task_job_runner.py:120} INFO - ::group::Pre task execution logs
[2026-02-18T07:13:26.037+0000] {taskinstance.py:2076} INFO - Dependencies all met for dep_context=non-requeueable deps ti=<TaskInstance: dag_moex.task_TSLA scheduled__2026-02-15T00:00:00+00:00 [queued]>
[2026-02-18T07:13:26.048+0000] {taskinstance.py:2076} INFO - Dependencies all met for dep_context=requeueable deps ti=<TaskInstance: dag_moex.task_TSLA scheduled__2026-02-15T00:00:00+00:00 [queued]>
[2026-02-18T07:13:26.049+0000] {taskinstance.py:2306} INFO - Starting attempt 1 of 1
[2026-02-18T07:13:26.067+0000] {taskinstance.py:2330} INFO - Executing <Task(PythonOperator): task_TSLA> on 2026-02-15 00:00:00+00:00
[2026-02-18T07:13:26.078+0000] {logging_mixin.py:188} WARNING - /home/***/.local/lib/python3.12/site-packages/***/task/task_runner/standard_task_runner.py:62 DeprecationWarning: This process (pid=1812) is multi-threaded, use of fork() may lead to deadlocks in the child.
[2026-02-18T07:13:26.079+0000] {standard_task_runner.py:64} INFO - Started process 1840 to run task
[2026-02-18T07:13:26.078+0000] {standard_task_runner.py:90} INFO - Running: ['***', 'tasks', 'run', 'dag_moex', 'task_TSLA', 'scheduled__2026-02-15T00:00:00+00:00', '--job-id', '511', '--raw', '--subdir', 'DAGS_FOLDER/stocks/dag1.py', '--cfg-path', '/tmp/tmp9dh3nfdf']
[2026-02-18T07:13:26.080+0000] {standard_task_runner.py:91} INFO - Job 511: Subtask task_TSLA
[2026-02-18T07:13:26.136+0000] {task_command.py:426} INFO - Running <TaskInstance: dag_moex.task_TSLA scheduled__2026-02-15T00:00:00+00:00 [running]> on host cc036e7caf02
[2026-02-18T07:13:26.241+0000] {taskinstance.py:2648} INFO - Exporting env vars: AIRFLOW_CTX_DAG_OWNER='***' AIRFLOW_CTX_DAG_ID='dag_moex' AIRFLOW_CTX_TASK_ID='task_TSLA' AIRFLOW_CTX_EXECUTION_DATE='2026-02-15T00:00:00+00:00' AIRFLOW_CTX_TRY_NUMBER='1' AIRFLOW_CTX_DAG_RUN_ID='scheduled__2026-02-15T00:00:00+00:00'
[2026-02-18T07:13:26.244+0000] {taskinstance.py:430} INFO - ::endgroup::
[2026-02-18T07:13:26.260+0000] {manager.py:8} INFO - log
[2026-02-18T07:13:26.262+0000] {logging_mixin.py:188} WARNING - /opt/***/dags/stocks/scripts/api.py:9 FutureWarning: YF.download() has changed argument auto_adjust default to True
[2026-02-18T07:13:26.271+0000] {logging_mixin.py:188} WARNING - /home/***/.local/lib/python3.12/site-packages/yfinance/scrapers/history.py:204 Pandas4Warning: Timestamp.utcnow is deprecated and will be removed in a future version. Use Timestamp.now('UTC') instead.
[2026-02-18T07:13:26.949+0000] {logging_mixin.py:188} WARNING - [*********************100%***********************]  1 of 1 completed
[2026-02-18T07:13:26.950+0000] {multi.py:185} ERROR - 
1 Failed download:
[2026-02-18T07:13:26.950+0000] {multi.py:198} ERROR - ['TSLA']: YFPricesMissingError('possibly delisted; no price data found  (1d 2026-02-14 -> 2026-02-16)')
[2026-02-18T07:13:26.964+0000] {taskinstance.py:441} INFO - ::group::Post task execution logs
[2026-02-18T07:13:26.965+0000] {taskinstance.py:2905} ERROR - Task failed with exception
Traceback (most recent call last):
  File "/home/airflow/.local/lib/python3.12/site-packages/airflow/models/taskinstance.py", line 465, in _execute_task
    result = _execute_callable(context=context, **execute_callable_kwargs)
             ^^^^^^^^^^^^^^^^^^^^^^^^^^^^^^^^^^^^^^^^^^^^^^^^^^^^^^^^^^^^^
  File "/home/airflow/.local/lib/python3.12/site-packages/airflow/models/taskinstance.py", line 432, in _execute_callable
    return execute_callable(context=context, **execute_callable_kwargs)
           ^^^^^^^^^^^^^^^^^^^^^^^^^^^^^^^^^^^^^^^^^^^^^^^^^^^^^^^^^^^^
  File "/home/airflow/.local/lib/python3.12/site-packages/airflow/models/baseoperator.py", line 401, in wrapper
    return func(self, *args, **kwargs)
           ^^^^^^^^^^^^^^^^^^^^^^^^^^^
  File "/home/airflow/.local/lib/python3.12/site-packages/airflow/operators/python.py", line 235, in execute
    return_value = self.execute_callable()
                   ^^^^^^^^^^^^^^^^^^^^^^^
  File "/home/airflow/.local/lib/python3.12/site-packages/airflow/operators/python.py", line 252, in execute_callable
    return self.python_callable(*self.op_args, **self.op_kwargs)
           ^^^^^^^^^^^^^^^^^^^^^^^^^^^^^^^^^^^^^^^^^^^^^^^^^^^^^
  File "/opt/airflow/dags/stocks/scripts/manager.py", line 9, in fetch_data
    data = fetch_data_from_yfinance(stock, data_interval_start=data_interval_start, data_interval_end=data_interval_end)
           ^^^^^^^^^^^^^^^^^^^^^^^^^^^^^^^^^^^^^^^^^^^^^^^^^^^^^^^^^^^^^^^^^^^^^^^^^^^^^^^^^^^^^^^^^^^^^^^^^^^^^^^^^^^^^
  File "/opt/airflow/dags/stocks/scripts/api.py", line 10, in fetch_data_from_yfinance
    df.drop(index=start, inplace=True)
  File "/home/airflow/.local/lib/python3.12/site-packages/pandas/core/frame.py", line 6288, in drop
    return super().drop(
           ^^^^^^^^^^^^^
  File "/home/airflow/.local/lib/python3.12/site-packages/pandas/core/generic.py", line 4644, in drop
    obj = obj._drop_axis(labels, axis, level=level, errors=errors)
          ^^^^^^^^^^^^^^^^^^^^^^^^^^^^^^^^^^^^^^^^^^^^^^^^^^^^^^^^
  File "/home/airflow/.local/lib/python3.12/site-packages/pandas/core/generic.py", line 4686, in _drop_axis
    new_axis = axis.drop(labels, errors=errors)
               ^^^^^^^^^^^^^^^^^^^^^^^^^^^^^^^^
  File "/home/airflow/.local/lib/python3.12/site-packages/pandas/core/indexes/base.py", line 7268, in drop
    raise KeyError(f"{labels[mask].tolist()} not found in axis")
KeyError: "['2026-02-14'] not found in axis"
[2026-02-18T07:13:26.986+0000] {taskinstance.py:1206} INFO - Marking task as FAILED. dag_id=dag_moex, task_id=task_TSLA, run_id=scheduled__2026-02-15T00:00:00+00:00, execution_date=20260215T000000, start_date=20260218T071326, end_date=20260218T071326
[2026-02-18T07:13:26.998+0000] {standard_task_runner.py:110} ERROR - Failed to execute job 511 for task task_TSLA ("['2026-02-14'] not found in axis"; 1840)
[2026-02-18T07:13:27.026+0000] {local_task_job_runner.py:243} INFO - Task exited with return code 1
[2026-02-18T07:13:27.046+0000] {taskinstance.py:3503} INFO - 0 downstream tasks scheduled from follow-on schedule check
[2026-02-18T07:13:27.052+0000] {local_task_job_runner.py:222} INFO - ::endgroup::
[2026-02-18T07:15:48.488+0000] {local_task_job_runner.py:120} INFO - ::group::Pre task execution logs
[2026-02-18T07:15:48.533+0000] {taskinstance.py:2076} INFO - Dependencies all met for dep_context=non-requeueable deps ti=<TaskInstance: dag_moex.task_TSLA scheduled__2026-02-15T00:00:00+00:00 [queued]>
[2026-02-18T07:15:48.570+0000] {taskinstance.py:2076} INFO - Dependencies all met for dep_context=requeueable deps ti=<TaskInstance: dag_moex.task_TSLA scheduled__2026-02-15T00:00:00+00:00 [queued]>
[2026-02-18T07:15:48.572+0000] {taskinstance.py:2306} INFO - Starting attempt 1 of 1
[2026-02-18T07:15:48.605+0000] {taskinstance.py:2330} INFO - Executing <Task(PythonOperator): task_TSLA> on 2026-02-15 00:00:00+00:00
[2026-02-18T07:15:48.630+0000] {logging_mixin.py:188} WARNING - /home/***/.local/lib/python3.12/site-packages/***/task/task_runner/standard_task_runner.py:62 DeprecationWarning: This process (pid=2081) is multi-threaded, use of fork() may lead to deadlocks in the child.
[2026-02-18T07:15:48.631+0000] {standard_task_runner.py:64} INFO - Started process 2108 to run task
[2026-02-18T07:15:48.639+0000] {standard_task_runner.py:90} INFO - Running: ['***', 'tasks', 'run', 'dag_moex', 'task_TSLA', 'scheduled__2026-02-15T00:00:00+00:00', '--job-id', '563', '--raw', '--subdir', 'DAGS_FOLDER/stocks/dag1.py', '--cfg-path', '/tmp/tmpfpyf3nr8']
[2026-02-18T07:15:48.644+0000] {standard_task_runner.py:91} INFO - Job 563: Subtask task_TSLA
[2026-02-18T07:15:48.715+0000] {task_command.py:426} INFO - Running <TaskInstance: dag_moex.task_TSLA scheduled__2026-02-15T00:00:00+00:00 [running]> on host cc036e7caf02
[2026-02-18T07:15:48.834+0000] {taskinstance.py:2648} INFO - Exporting env vars: AIRFLOW_CTX_DAG_OWNER='***' AIRFLOW_CTX_DAG_ID='dag_moex' AIRFLOW_CTX_TASK_ID='task_TSLA' AIRFLOW_CTX_EXECUTION_DATE='2026-02-15T00:00:00+00:00' AIRFLOW_CTX_TRY_NUMBER='1' AIRFLOW_CTX_DAG_RUN_ID='scheduled__2026-02-15T00:00:00+00:00'
[2026-02-18T07:15:48.836+0000] {taskinstance.py:430} INFO - ::endgroup::
[2026-02-18T07:15:48.852+0000] {manager.py:8} INFO - log
[2026-02-18T07:15:48.855+0000] {logging_mixin.py:188} WARNING - /opt/***/dags/stocks/scripts/api.py:9 FutureWarning: YF.download() has changed argument auto_adjust default to True
[2026-02-18T07:15:48.866+0000] {logging_mixin.py:188} WARNING - /home/***/.local/lib/python3.12/site-packages/yfinance/scrapers/history.py:204 Pandas4Warning: Timestamp.utcnow is deprecated and will be removed in a future version. Use Timestamp.now('UTC') instead.
[2026-02-18T07:15:49.548+0000] {logging_mixin.py:188} WARNING - [*********************100%***********************]  1 of 1 completed
[2026-02-18T07:15:49.549+0000] {multi.py:185} ERROR - 
1 Failed download:
[2026-02-18T07:15:49.550+0000] {multi.py:198} ERROR - ['TSLA']: YFPricesMissingError('possibly delisted; no price data found  (1d 2026-02-14 -> 2026-02-16)')
[2026-02-18T07:15:49.567+0000] {taskinstance.py:441} INFO - ::group::Post task execution logs
[2026-02-18T07:15:49.568+0000] {taskinstance.py:2905} ERROR - Task failed with exception
Traceback (most recent call last):
  File "/home/airflow/.local/lib/python3.12/site-packages/airflow/models/taskinstance.py", line 465, in _execute_task
    result = _execute_callable(context=context, **execute_callable_kwargs)
             ^^^^^^^^^^^^^^^^^^^^^^^^^^^^^^^^^^^^^^^^^^^^^^^^^^^^^^^^^^^^^
  File "/home/airflow/.local/lib/python3.12/site-packages/airflow/models/taskinstance.py", line 432, in _execute_callable
    return execute_callable(context=context, **execute_callable_kwargs)
           ^^^^^^^^^^^^^^^^^^^^^^^^^^^^^^^^^^^^^^^^^^^^^^^^^^^^^^^^^^^^
  File "/home/airflow/.local/lib/python3.12/site-packages/airflow/models/baseoperator.py", line 401, in wrapper
    return func(self, *args, **kwargs)
           ^^^^^^^^^^^^^^^^^^^^^^^^^^^
  File "/home/airflow/.local/lib/python3.12/site-packages/airflow/operators/python.py", line 235, in execute
    return_value = self.execute_callable()
                   ^^^^^^^^^^^^^^^^^^^^^^^
  File "/home/airflow/.local/lib/python3.12/site-packages/airflow/operators/python.py", line 252, in execute_callable
    return self.python_callable(*self.op_args, **self.op_kwargs)
           ^^^^^^^^^^^^^^^^^^^^^^^^^^^^^^^^^^^^^^^^^^^^^^^^^^^^^
  File "/opt/airflow/dags/stocks/scripts/manager.py", line 9, in fetch_data
    data = fetch_data_from_yfinance(stock, data_interval_start=data_interval_start, data_interval_end=data_interval_end)
           ^^^^^^^^^^^^^^^^^^^^^^^^^^^^^^^^^^^^^^^^^^^^^^^^^^^^^^^^^^^^^^^^^^^^^^^^^^^^^^^^^^^^^^^^^^^^^^^^^^^^^^^^^^^^^
  File "/opt/airflow/dags/stocks/scripts/api.py", line 10, in fetch_data_from_yfinance
    df.drop(index=start, inplace=True)
  File "/home/airflow/.local/lib/python3.12/site-packages/pandas/core/frame.py", line 6288, in drop
    return super().drop(
           ^^^^^^^^^^^^^
  File "/home/airflow/.local/lib/python3.12/site-packages/pandas/core/generic.py", line 4644, in drop
    obj = obj._drop_axis(labels, axis, level=level, errors=errors)
          ^^^^^^^^^^^^^^^^^^^^^^^^^^^^^^^^^^^^^^^^^^^^^^^^^^^^^^^^
  File "/home/airflow/.local/lib/python3.12/site-packages/pandas/core/generic.py", line 4686, in _drop_axis
    new_axis = axis.drop(labels, errors=errors)
               ^^^^^^^^^^^^^^^^^^^^^^^^^^^^^^^^
  File "/home/airflow/.local/lib/python3.12/site-packages/pandas/core/indexes/base.py", line 7268, in drop
    raise KeyError(f"{labels[mask].tolist()} not found in axis")
KeyError: "['2026-02-14'] not found in axis"
[2026-02-18T07:15:49.590+0000] {taskinstance.py:1206} INFO - Marking task as FAILED. dag_id=dag_moex, task_id=task_TSLA, run_id=scheduled__2026-02-15T00:00:00+00:00, execution_date=20260215T000000, start_date=20260218T071548, end_date=20260218T071549
[2026-02-18T07:15:49.604+0000] {standard_task_runner.py:110} ERROR - Failed to execute job 563 for task task_TSLA ("['2026-02-14'] not found in axis"; 2108)
[2026-02-18T07:15:49.645+0000] {local_task_job_runner.py:243} INFO - Task exited with return code 1
[2026-02-18T07:15:49.674+0000] {taskinstance.py:3503} INFO - 0 downstream tasks scheduled from follow-on schedule check
[2026-02-18T07:15:49.683+0000] {local_task_job_runner.py:222} INFO - ::endgroup::
[2026-02-18T07:35:35.619+0000] {local_task_job_runner.py:120} INFO - ::group::Pre task execution logs
[2026-02-18T07:35:35.684+0000] {taskinstance.py:2076} INFO - Dependencies all met for dep_context=non-requeueable deps ti=<TaskInstance: dag_moex.task_TSLA scheduled__2026-02-15T00:00:00+00:00 [queued]>
[2026-02-18T07:35:35.696+0000] {taskinstance.py:2076} INFO - Dependencies all met for dep_context=requeueable deps ti=<TaskInstance: dag_moex.task_TSLA scheduled__2026-02-15T00:00:00+00:00 [queued]>
[2026-02-18T07:35:35.697+0000] {taskinstance.py:2306} INFO - Starting attempt 1 of 1
[2026-02-18T07:35:35.719+0000] {taskinstance.py:2330} INFO - Executing <Task(PythonOperator): task_TSLA> on 2026-02-15 00:00:00+00:00
[2026-02-18T07:35:35.731+0000] {logging_mixin.py:188} WARNING - /home/***/.local/lib/python3.12/site-packages/***/task/task_runner/standard_task_runner.py:62 DeprecationWarning: This process (pid=2926) is multi-threaded, use of fork() may lead to deadlocks in the child.
[2026-02-18T07:35:35.733+0000] {standard_task_runner.py:64} INFO - Started process 2949 to run task
[2026-02-18T07:35:35.732+0000] {standard_task_runner.py:90} INFO - Running: ['***', 'tasks', 'run', 'dag_moex', 'task_TSLA', 'scheduled__2026-02-15T00:00:00+00:00', '--job-id', '650', '--raw', '--subdir', 'DAGS_FOLDER/stocks/dag1.py', '--cfg-path', '/tmp/tmpy9ska4xv']
[2026-02-18T07:35:35.735+0000] {standard_task_runner.py:91} INFO - Job 650: Subtask task_TSLA
[2026-02-18T07:35:35.801+0000] {task_command.py:426} INFO - Running <TaskInstance: dag_moex.task_TSLA scheduled__2026-02-15T00:00:00+00:00 [running]> on host cc036e7caf02
[2026-02-18T07:35:35.890+0000] {taskinstance.py:2648} INFO - Exporting env vars: AIRFLOW_CTX_DAG_OWNER='***' AIRFLOW_CTX_DAG_ID='dag_moex' AIRFLOW_CTX_TASK_ID='task_TSLA' AIRFLOW_CTX_EXECUTION_DATE='2026-02-15T00:00:00+00:00' AIRFLOW_CTX_TRY_NUMBER='1' AIRFLOW_CTX_DAG_RUN_ID='scheduled__2026-02-15T00:00:00+00:00'
[2026-02-18T07:35:35.891+0000] {taskinstance.py:430} INFO - ::endgroup::
[2026-02-18T07:35:35.902+0000] {manager.py:8} INFO - log
[2026-02-18T07:35:35.905+0000] {logging_mixin.py:188} WARNING - /opt/***/dags/stocks/scripts/api.py:9 FutureWarning: YF.download() has changed argument auto_adjust default to True
[2026-02-18T07:35:35.912+0000] {logging_mixin.py:188} WARNING - /home/***/.local/lib/python3.12/site-packages/yfinance/scrapers/history.py:204 Pandas4Warning: Timestamp.utcnow is deprecated and will be removed in a future version. Use Timestamp.now('UTC') instead.
[2026-02-18T07:35:36.782+0000] {logging_mixin.py:188} WARNING - [*********************100%***********************]  1 of 1 completed
[2026-02-18T07:35:36.783+0000] {multi.py:185} ERROR - 
1 Failed download:
[2026-02-18T07:35:36.784+0000] {multi.py:198} ERROR - ['TSLA']: YFPricesMissingError('possibly delisted; no price data found  (1d 2026-02-14 -> 2026-02-16)')
[2026-02-18T07:35:36.796+0000] {taskinstance.py:441} INFO - ::group::Post task execution logs
[2026-02-18T07:35:36.797+0000] {taskinstance.py:2905} ERROR - Task failed with exception
Traceback (most recent call last):
  File "/home/airflow/.local/lib/python3.12/site-packages/airflow/models/taskinstance.py", line 465, in _execute_task
    result = _execute_callable(context=context, **execute_callable_kwargs)
             ^^^^^^^^^^^^^^^^^^^^^^^^^^^^^^^^^^^^^^^^^^^^^^^^^^^^^^^^^^^^^
  File "/home/airflow/.local/lib/python3.12/site-packages/airflow/models/taskinstance.py", line 432, in _execute_callable
    return execute_callable(context=context, **execute_callable_kwargs)
           ^^^^^^^^^^^^^^^^^^^^^^^^^^^^^^^^^^^^^^^^^^^^^^^^^^^^^^^^^^^^
  File "/home/airflow/.local/lib/python3.12/site-packages/airflow/models/baseoperator.py", line 401, in wrapper
    return func(self, *args, **kwargs)
           ^^^^^^^^^^^^^^^^^^^^^^^^^^^
  File "/home/airflow/.local/lib/python3.12/site-packages/airflow/operators/python.py", line 235, in execute
    return_value = self.execute_callable()
                   ^^^^^^^^^^^^^^^^^^^^^^^
  File "/home/airflow/.local/lib/python3.12/site-packages/airflow/operators/python.py", line 252, in execute_callable
    return self.python_callable(*self.op_args, **self.op_kwargs)
           ^^^^^^^^^^^^^^^^^^^^^^^^^^^^^^^^^^^^^^^^^^^^^^^^^^^^^
  File "/opt/airflow/dags/stocks/scripts/manager.py", line 9, in fetch_data
    data = fetch_data_from_yfinance(stock, data_interval_start=data_interval_start, data_interval_end=data_interval_end)
           ^^^^^^^^^^^^^^^^^^^^^^^^^^^^^^^^^^^^^^^^^^^^^^^^^^^^^^^^^^^^^^^^^^^^^^^^^^^^^^^^^^^^^^^^^^^^^^^^^^^^^^^^^^^^^
  File "/opt/airflow/dags/stocks/scripts/api.py", line 10, in fetch_data_from_yfinance
    df.drop(index=start, inplace=True)
  File "/home/airflow/.local/lib/python3.12/site-packages/pandas/core/frame.py", line 6288, in drop
    return super().drop(
           ^^^^^^^^^^^^^
  File "/home/airflow/.local/lib/python3.12/site-packages/pandas/core/generic.py", line 4644, in drop
    obj = obj._drop_axis(labels, axis, level=level, errors=errors)
          ^^^^^^^^^^^^^^^^^^^^^^^^^^^^^^^^^^^^^^^^^^^^^^^^^^^^^^^^
  File "/home/airflow/.local/lib/python3.12/site-packages/pandas/core/generic.py", line 4686, in _drop_axis
    new_axis = axis.drop(labels, errors=errors)
               ^^^^^^^^^^^^^^^^^^^^^^^^^^^^^^^^
  File "/home/airflow/.local/lib/python3.12/site-packages/pandas/core/indexes/base.py", line 7268, in drop
    raise KeyError(f"{labels[mask].tolist()} not found in axis")
KeyError: "['2026-02-14'] not found in axis"
[2026-02-18T07:35:36.813+0000] {taskinstance.py:1206} INFO - Marking task as FAILED. dag_id=dag_moex, task_id=task_TSLA, run_id=scheduled__2026-02-15T00:00:00+00:00, execution_date=20260215T000000, start_date=20260218T073535, end_date=20260218T073536
[2026-02-18T07:35:36.823+0000] {standard_task_runner.py:110} ERROR - Failed to execute job 650 for task task_TSLA ("['2026-02-14'] not found in axis"; 2949)
[2026-02-18T07:35:36.837+0000] {local_task_job_runner.py:243} INFO - Task exited with return code 1
[2026-02-18T07:35:36.853+0000] {taskinstance.py:3503} INFO - 0 downstream tasks scheduled from follow-on schedule check
[2026-02-18T07:35:36.856+0000] {local_task_job_runner.py:222} INFO - ::endgroup::
[2026-02-18T08:34:00.167+0000] {local_task_job_runner.py:120} INFO - ::group::Pre task execution logs
[2026-02-18T08:34:00.208+0000] {taskinstance.py:2076} INFO - Dependencies all met for dep_context=non-requeueable deps ti=<TaskInstance: dag_moex.task_TSLA scheduled__2026-02-15T00:00:00+00:00 [queued]>
[2026-02-18T08:34:00.225+0000] {taskinstance.py:2076} INFO - Dependencies all met for dep_context=requeueable deps ti=<TaskInstance: dag_moex.task_TSLA scheduled__2026-02-15T00:00:00+00:00 [queued]>
[2026-02-18T08:34:00.225+0000] {taskinstance.py:2306} INFO - Starting attempt 1 of 1
[2026-02-18T08:34:00.241+0000] {taskinstance.py:2330} INFO - Executing <Task(PythonOperator): task_TSLA> on 2026-02-15 00:00:00+00:00
[2026-02-18T08:34:00.250+0000] {logging_mixin.py:188} WARNING - /home/***/.local/lib/python3.12/site-packages/***/task/task_runner/standard_task_runner.py:62 DeprecationWarning: This process (pid=4555) is multi-threaded, use of fork() may lead to deadlocks in the child.
[2026-02-18T08:34:00.249+0000] {standard_task_runner.py:90} INFO - Running: ['***', 'tasks', 'run', 'dag_moex', 'task_TSLA', 'scheduled__2026-02-15T00:00:00+00:00', '--job-id', '696', '--raw', '--subdir', 'DAGS_FOLDER/stocks/dag1.py', '--cfg-path', '/tmp/tmphhtgunes']
[2026-02-18T08:34:00.251+0000] {standard_task_runner.py:64} INFO - Started process 4578 to run task
[2026-02-18T08:34:00.251+0000] {standard_task_runner.py:91} INFO - Job 696: Subtask task_TSLA
[2026-02-18T08:34:00.304+0000] {task_command.py:426} INFO - Running <TaskInstance: dag_moex.task_TSLA scheduled__2026-02-15T00:00:00+00:00 [running]> on host cc036e7caf02
[2026-02-18T08:34:00.385+0000] {taskinstance.py:2648} INFO - Exporting env vars: AIRFLOW_CTX_DAG_OWNER='***' AIRFLOW_CTX_DAG_ID='dag_moex' AIRFLOW_CTX_TASK_ID='task_TSLA' AIRFLOW_CTX_EXECUTION_DATE='2026-02-15T00:00:00+00:00' AIRFLOW_CTX_TRY_NUMBER='1' AIRFLOW_CTX_DAG_RUN_ID='scheduled__2026-02-15T00:00:00+00:00'
[2026-02-18T08:34:00.386+0000] {taskinstance.py:430} INFO - ::endgroup::
[2026-02-18T08:34:00.399+0000] {logging_mixin.py:188} WARNING - /opt/***/dags/stocks/scripts/api.py:9 FutureWarning: YF.download() has changed argument auto_adjust default to True
[2026-02-18T08:34:00.406+0000] {logging_mixin.py:188} WARNING - /home/***/.local/lib/python3.12/site-packages/yfinance/scrapers/history.py:204 Pandas4Warning: Timestamp.utcnow is deprecated and will be removed in a future version. Use Timestamp.now('UTC') instead.
[2026-02-18T08:34:01.194+0000] {logging_mixin.py:188} WARNING - [*********************100%***********************]  1 of 1 completed
[2026-02-18T08:34:01.195+0000] {multi.py:185} ERROR - 
1 Failed download:
[2026-02-18T08:34:01.195+0000] {multi.py:198} ERROR - ['TSLA']: YFPricesMissingError('possibly delisted; no price data found  (1d 2026-02-14 -> 2026-02-16)')
[2026-02-18T08:34:01.210+0000] {api.py:10} INFO - Выгрузилось
    __________________________
    Empty DataFrame
Columns: [(Adj Close, TSLA), (Close, TSLA), (High, TSLA), (Low, TSLA), (Open, TSLA), (Volume, TSLA)]
Index: []
    __________________________
    
[2026-02-18T08:34:01.211+0000] {taskinstance.py:441} INFO - ::group::Post task execution logs
[2026-02-18T08:34:01.212+0000] {taskinstance.py:2905} ERROR - Task failed with exception
Traceback (most recent call last):
  File "/home/airflow/.local/lib/python3.12/site-packages/airflow/models/taskinstance.py", line 465, in _execute_task
    result = _execute_callable(context=context, **execute_callable_kwargs)
             ^^^^^^^^^^^^^^^^^^^^^^^^^^^^^^^^^^^^^^^^^^^^^^^^^^^^^^^^^^^^^
  File "/home/airflow/.local/lib/python3.12/site-packages/airflow/models/taskinstance.py", line 432, in _execute_callable
    return execute_callable(context=context, **execute_callable_kwargs)
           ^^^^^^^^^^^^^^^^^^^^^^^^^^^^^^^^^^^^^^^^^^^^^^^^^^^^^^^^^^^^
  File "/home/airflow/.local/lib/python3.12/site-packages/airflow/models/baseoperator.py", line 401, in wrapper
    return func(self, *args, **kwargs)
           ^^^^^^^^^^^^^^^^^^^^^^^^^^^
  File "/home/airflow/.local/lib/python3.12/site-packages/airflow/operators/python.py", line 235, in execute
    return_value = self.execute_callable()
                   ^^^^^^^^^^^^^^^^^^^^^^^
  File "/home/airflow/.local/lib/python3.12/site-packages/airflow/operators/python.py", line 252, in execute_callable
    return self.python_callable(*self.op_args, **self.op_kwargs)
           ^^^^^^^^^^^^^^^^^^^^^^^^^^^^^^^^^^^^^^^^^^^^^^^^^^^^^
  File "/opt/airflow/dags/stocks/scripts/manager.py", line 8, in fetch_data
    data = fetch_data_from_yfinance(stock, data_interval_start=data_interval_start, data_interval_end=data_interval_end)
           ^^^^^^^^^^^^^^^^^^^^^^^^^^^^^^^^^^^^^^^^^^^^^^^^^^^^^^^^^^^^^^^^^^^^^^^^^^^^^^^^^^^^^^^^^^^^^^^^^^^^^^^^^^^^^
  File "/opt/airflow/dags/stocks/scripts/api.py", line 15, in fetch_data_from_yfinance
    df.drop(index=start, inplace=True)
  File "/home/airflow/.local/lib/python3.12/site-packages/pandas/core/frame.py", line 6288, in drop
    return super().drop(
           ^^^^^^^^^^^^^
  File "/home/airflow/.local/lib/python3.12/site-packages/pandas/core/generic.py", line 4644, in drop
    obj = obj._drop_axis(labels, axis, level=level, errors=errors)
          ^^^^^^^^^^^^^^^^^^^^^^^^^^^^^^^^^^^^^^^^^^^^^^^^^^^^^^^^
  File "/home/airflow/.local/lib/python3.12/site-packages/pandas/core/generic.py", line 4686, in _drop_axis
    new_axis = axis.drop(labels, errors=errors)
               ^^^^^^^^^^^^^^^^^^^^^^^^^^^^^^^^
  File "/home/airflow/.local/lib/python3.12/site-packages/pandas/core/indexes/base.py", line 7268, in drop
    raise KeyError(f"{labels[mask].tolist()} not found in axis")
KeyError: "['2026-02-14'] not found in axis"
[2026-02-18T08:34:01.232+0000] {taskinstance.py:1206} INFO - Marking task as FAILED. dag_id=dag_moex, task_id=task_TSLA, run_id=scheduled__2026-02-15T00:00:00+00:00, execution_date=20260215T000000, start_date=20260218T083400, end_date=20260218T083401
[2026-02-18T08:34:01.242+0000] {standard_task_runner.py:110} ERROR - Failed to execute job 696 for task task_TSLA ("['2026-02-14'] not found in axis"; 4578)
[2026-02-18T08:34:01.276+0000] {local_task_job_runner.py:243} INFO - Task exited with return code 1
[2026-02-18T08:34:01.288+0000] {taskinstance.py:3503} INFO - 0 downstream tasks scheduled from follow-on schedule check
[2026-02-18T08:34:01.290+0000] {local_task_job_runner.py:222} INFO - ::endgroup::
[2026-02-19T14:19:29.147+0000] {local_task_job_runner.py:120} INFO - ::group::Pre task execution logs
[2026-02-19T14:19:29.194+0000] {taskinstance.py:2076} INFO - Dependencies all met for dep_context=non-requeueable deps ti=<TaskInstance: dag_moex.task_TSLA scheduled__2026-02-15T00:00:00+00:00 [queued]>
[2026-02-19T14:19:29.210+0000] {taskinstance.py:2076} INFO - Dependencies all met for dep_context=requeueable deps ti=<TaskInstance: dag_moex.task_TSLA scheduled__2026-02-15T00:00:00+00:00 [queued]>
[2026-02-19T14:19:29.211+0000] {taskinstance.py:2306} INFO - Starting attempt 1 of 1
[2026-02-19T14:19:29.227+0000] {taskinstance.py:2330} INFO - Executing <Task(PythonOperator): task_TSLA> on 2026-02-15 00:00:00+00:00
[2026-02-19T14:19:29.236+0000] {logging_mixin.py:188} WARNING - /home/***/.local/lib/python3.12/site-packages/***/task/task_runner/standard_task_runner.py:62 DeprecationWarning: This process (pid=30712) is multi-threaded, use of fork() may lead to deadlocks in the child.
[2026-02-19T14:19:29.238+0000] {standard_task_runner.py:64} INFO - Started process 30741 to run task
[2026-02-19T14:19:29.237+0000] {standard_task_runner.py:90} INFO - Running: ['***', 'tasks', 'run', 'dag_moex', 'task_TSLA', 'scheduled__2026-02-15T00:00:00+00:00', '--job-id', '1109', '--raw', '--subdir', 'DAGS_FOLDER/stocks/dag1.py', '--cfg-path', '/tmp/tmpx0l1r2el']
[2026-02-19T14:19:29.239+0000] {standard_task_runner.py:91} INFO - Job 1109: Subtask task_TSLA
[2026-02-19T14:19:29.301+0000] {task_command.py:426} INFO - Running <TaskInstance: dag_moex.task_TSLA scheduled__2026-02-15T00:00:00+00:00 [running]> on host cc036e7caf02
[2026-02-19T14:19:29.402+0000] {taskinstance.py:2648} INFO - Exporting env vars: AIRFLOW_CTX_DAG_OWNER='***' AIRFLOW_CTX_DAG_ID='dag_moex' AIRFLOW_CTX_TASK_ID='task_TSLA' AIRFLOW_CTX_EXECUTION_DATE='2026-02-15T00:00:00+00:00' AIRFLOW_CTX_TRY_NUMBER='1' AIRFLOW_CTX_DAG_RUN_ID='scheduled__2026-02-15T00:00:00+00:00'
[2026-02-19T14:19:29.403+0000] {taskinstance.py:430} INFO - ::endgroup::
[2026-02-19T14:19:29.418+0000] {logging_mixin.py:188} WARNING - /opt/***/dags/stocks/scripts/api.py:9 FutureWarning: YF.download() has changed argument auto_adjust default to True
[2026-02-19T14:19:29.427+0000] {logging_mixin.py:188} WARNING - /home/***/.local/lib/python3.12/site-packages/yfinance/scrapers/history.py:204 Pandas4Warning: Timestamp.utcnow is deprecated and will be removed in a future version. Use Timestamp.now('UTC') instead.
[2026-02-19T14:19:30.140+0000] {logging_mixin.py:188} WARNING - [*********************100%***********************]  1 of 1 completed
[2026-02-19T14:19:30.141+0000] {multi.py:185} ERROR - 
1 Failed download:
[2026-02-19T14:19:30.142+0000] {multi.py:198} ERROR - ['TSLA']: YFPricesMissingError('possibly delisted; no price data found  (1d 2026-02-14 -> 2026-02-16)')
[2026-02-19T14:19:30.166+0000] {api.py:10} INFO - Выгрузилось
    __________________________
    Empty DataFrame
Columns: [(Adj Close, TSLA), (Close, TSLA), (High, TSLA), (Low, TSLA), (Open, TSLA), (Volume, TSLA)]
Index: []
    __________________________
    
[2026-02-19T14:19:30.167+0000] {taskinstance.py:441} INFO - ::group::Post task execution logs
[2026-02-19T14:19:30.168+0000] {taskinstance.py:2905} ERROR - Task failed with exception
Traceback (most recent call last):
  File "/home/airflow/.local/lib/python3.12/site-packages/airflow/models/taskinstance.py", line 465, in _execute_task
    result = _execute_callable(context=context, **execute_callable_kwargs)
             ^^^^^^^^^^^^^^^^^^^^^^^^^^^^^^^^^^^^^^^^^^^^^^^^^^^^^^^^^^^^^
  File "/home/airflow/.local/lib/python3.12/site-packages/airflow/models/taskinstance.py", line 432, in _execute_callable
    return execute_callable(context=context, **execute_callable_kwargs)
           ^^^^^^^^^^^^^^^^^^^^^^^^^^^^^^^^^^^^^^^^^^^^^^^^^^^^^^^^^^^^
  File "/home/airflow/.local/lib/python3.12/site-packages/airflow/models/baseoperator.py", line 401, in wrapper
    return func(self, *args, **kwargs)
           ^^^^^^^^^^^^^^^^^^^^^^^^^^^
  File "/home/airflow/.local/lib/python3.12/site-packages/airflow/operators/python.py", line 235, in execute
    return_value = self.execute_callable()
                   ^^^^^^^^^^^^^^^^^^^^^^^
  File "/home/airflow/.local/lib/python3.12/site-packages/airflow/operators/python.py", line 252, in execute_callable
    return self.python_callable(*self.op_args, **self.op_kwargs)
           ^^^^^^^^^^^^^^^^^^^^^^^^^^^^^^^^^^^^^^^^^^^^^^^^^^^^^
  File "/opt/airflow/dags/stocks/scripts/manager.py", line 11, in fetch_data
    data = fetch_data_from_yfinance(stock, data_interval_start=data_interval_start, data_interval_end=data_interval_end)
           ^^^^^^^^^^^^^^^^^^^^^^^^^^^^^^^^^^^^^^^^^^^^^^^^^^^^^^^^^^^^^^^^^^^^^^^^^^^^^^^^^^^^^^^^^^^^^^^^^^^^^^^^^^^^^
  File "/opt/airflow/dags/stocks/scripts/api.py", line 15, in fetch_data_from_yfinance
    df.drop(index=start, inplace=True)
  File "/home/airflow/.local/lib/python3.12/site-packages/pandas/core/frame.py", line 6288, in drop
    return super().drop(
           ^^^^^^^^^^^^^
  File "/home/airflow/.local/lib/python3.12/site-packages/pandas/core/generic.py", line 4644, in drop
    obj = obj._drop_axis(labels, axis, level=level, errors=errors)
          ^^^^^^^^^^^^^^^^^^^^^^^^^^^^^^^^^^^^^^^^^^^^^^^^^^^^^^^^
  File "/home/airflow/.local/lib/python3.12/site-packages/pandas/core/generic.py", line 4686, in _drop_axis
    new_axis = axis.drop(labels, errors=errors)
               ^^^^^^^^^^^^^^^^^^^^^^^^^^^^^^^^
  File "/home/airflow/.local/lib/python3.12/site-packages/pandas/core/indexes/base.py", line 7268, in drop
    raise KeyError(f"{labels[mask].tolist()} not found in axis")
KeyError: "['2026-02-14'] not found in axis"
[2026-02-19T14:19:30.185+0000] {taskinstance.py:1206} INFO - Marking task as FAILED. dag_id=dag_moex, task_id=task_TSLA, run_id=scheduled__2026-02-15T00:00:00+00:00, execution_date=20260215T000000, start_date=20260219T141929, end_date=20260219T141930
[2026-02-19T14:19:30.198+0000] {standard_task_runner.py:110} ERROR - Failed to execute job 1109 for task task_TSLA ("['2026-02-14'] not found in axis"; 30741)
[2026-02-19T14:19:30.216+0000] {local_task_job_runner.py:243} INFO - Task exited with return code 1
[2026-02-19T14:19:30.223+0000] {local_task_job_runner.py:222} INFO - ::endgroup::
[2026-02-19T14:21:02.490+0000] {local_task_job_runner.py:120} INFO - ::group::Pre task execution logs
[2026-02-19T14:21:02.528+0000] {taskinstance.py:2076} INFO - Dependencies all met for dep_context=non-requeueable deps ti=<TaskInstance: dag_moex.task_TSLA scheduled__2026-02-15T00:00:00+00:00 [queued]>
[2026-02-19T14:21:02.538+0000] {taskinstance.py:2076} INFO - Dependencies all met for dep_context=requeueable deps ti=<TaskInstance: dag_moex.task_TSLA scheduled__2026-02-15T00:00:00+00:00 [queued]>
[2026-02-19T14:21:02.538+0000] {taskinstance.py:2306} INFO - Starting attempt 1 of 1
[2026-02-19T14:21:02.550+0000] {taskinstance.py:2330} INFO - Executing <Task(PythonOperator): task_TSLA> on 2026-02-15 00:00:00+00:00
[2026-02-19T14:21:02.559+0000] {logging_mixin.py:188} WARNING - /home/***/.local/lib/python3.12/site-packages/***/task/task_runner/standard_task_runner.py:62 DeprecationWarning: This process (pid=30970) is multi-threaded, use of fork() may lead to deadlocks in the child.
[2026-02-19T14:21:02.560+0000] {standard_task_runner.py:64} INFO - Started process 31002 to run task
[2026-02-19T14:21:02.559+0000] {standard_task_runner.py:90} INFO - Running: ['***', 'tasks', 'run', 'dag_moex', 'task_TSLA', 'scheduled__2026-02-15T00:00:00+00:00', '--job-id', '1167', '--raw', '--subdir', 'DAGS_FOLDER/stocks/dag1.py', '--cfg-path', '/tmp/tmpuxezf4vt']
[2026-02-19T14:21:02.561+0000] {standard_task_runner.py:91} INFO - Job 1167: Subtask task_TSLA
[2026-02-19T14:21:02.604+0000] {task_command.py:426} INFO - Running <TaskInstance: dag_moex.task_TSLA scheduled__2026-02-15T00:00:00+00:00 [running]> on host cc036e7caf02
[2026-02-19T14:21:02.676+0000] {taskinstance.py:2648} INFO - Exporting env vars: AIRFLOW_CTX_DAG_OWNER='***' AIRFLOW_CTX_DAG_ID='dag_moex' AIRFLOW_CTX_TASK_ID='task_TSLA' AIRFLOW_CTX_EXECUTION_DATE='2026-02-15T00:00:00+00:00' AIRFLOW_CTX_TRY_NUMBER='1' AIRFLOW_CTX_DAG_RUN_ID='scheduled__2026-02-15T00:00:00+00:00'
[2026-02-19T14:21:02.677+0000] {taskinstance.py:430} INFO - ::endgroup::
[2026-02-19T14:21:02.688+0000] {logging_mixin.py:188} WARNING - /opt/***/dags/stocks/scripts/api.py:9 FutureWarning: YF.download() has changed argument auto_adjust default to True
[2026-02-19T14:21:02.694+0000] {logging_mixin.py:188} WARNING - /home/***/.local/lib/python3.12/site-packages/yfinance/scrapers/history.py:204 Pandas4Warning: Timestamp.utcnow is deprecated and will be removed in a future version. Use Timestamp.now('UTC') instead.
[2026-02-19T14:21:03.467+0000] {logging_mixin.py:188} WARNING - [*********************100%***********************]  1 of 1 completed
[2026-02-19T14:21:03.468+0000] {multi.py:185} ERROR - 
1 Failed download:
[2026-02-19T14:21:03.468+0000] {multi.py:198} ERROR - ['TSLA']: YFPricesMissingError('possibly delisted; no price data found  (1d 2026-02-14 -> 2026-02-16)')
[2026-02-19T14:21:03.479+0000] {api.py:10} INFO - Выгрузилось
    __________________________
    Empty DataFrame
Columns: [(Adj Close, TSLA), (Close, TSLA), (High, TSLA), (Low, TSLA), (Open, TSLA), (Volume, TSLA)]
Index: []
    __________________________
    
[2026-02-19T14:21:03.480+0000] {taskinstance.py:441} INFO - ::group::Post task execution logs
[2026-02-19T14:21:03.481+0000] {taskinstance.py:2905} ERROR - Task failed with exception
Traceback (most recent call last):
  File "/home/airflow/.local/lib/python3.12/site-packages/airflow/models/taskinstance.py", line 465, in _execute_task
    result = _execute_callable(context=context, **execute_callable_kwargs)
             ^^^^^^^^^^^^^^^^^^^^^^^^^^^^^^^^^^^^^^^^^^^^^^^^^^^^^^^^^^^^^
  File "/home/airflow/.local/lib/python3.12/site-packages/airflow/models/taskinstance.py", line 432, in _execute_callable
    return execute_callable(context=context, **execute_callable_kwargs)
           ^^^^^^^^^^^^^^^^^^^^^^^^^^^^^^^^^^^^^^^^^^^^^^^^^^^^^^^^^^^^
  File "/home/airflow/.local/lib/python3.12/site-packages/airflow/models/baseoperator.py", line 401, in wrapper
    return func(self, *args, **kwargs)
           ^^^^^^^^^^^^^^^^^^^^^^^^^^^
  File "/home/airflow/.local/lib/python3.12/site-packages/airflow/operators/python.py", line 235, in execute
    return_value = self.execute_callable()
                   ^^^^^^^^^^^^^^^^^^^^^^^
  File "/home/airflow/.local/lib/python3.12/site-packages/airflow/operators/python.py", line 252, in execute_callable
    return self.python_callable(*self.op_args, **self.op_kwargs)
           ^^^^^^^^^^^^^^^^^^^^^^^^^^^^^^^^^^^^^^^^^^^^^^^^^^^^^
  File "/opt/airflow/dags/stocks/scripts/manager.py", line 11, in fetch_data
    data = fetch_data_from_yfinance(stock, data_interval_start=data_interval_start, data_interval_end=data_interval_end)
           ^^^^^^^^^^^^^^^^^^^^^^^^^^^^^^^^^^^^^^^^^^^^^^^^^^^^^^^^^^^^^^^^^^^^^^^^^^^^^^^^^^^^^^^^^^^^^^^^^^^^^^^^^^^^^
  File "/opt/airflow/dags/stocks/scripts/api.py", line 15, in fetch_data_from_yfinance
    df.drop(index=start, inplace=True)
  File "/home/airflow/.local/lib/python3.12/site-packages/pandas/core/frame.py", line 6288, in drop
    return super().drop(
           ^^^^^^^^^^^^^
  File "/home/airflow/.local/lib/python3.12/site-packages/pandas/core/generic.py", line 4644, in drop
    obj = obj._drop_axis(labels, axis, level=level, errors=errors)
          ^^^^^^^^^^^^^^^^^^^^^^^^^^^^^^^^^^^^^^^^^^^^^^^^^^^^^^^^
  File "/home/airflow/.local/lib/python3.12/site-packages/pandas/core/generic.py", line 4686, in _drop_axis
    new_axis = axis.drop(labels, errors=errors)
               ^^^^^^^^^^^^^^^^^^^^^^^^^^^^^^^^
  File "/home/airflow/.local/lib/python3.12/site-packages/pandas/core/indexes/base.py", line 7268, in drop
    raise KeyError(f"{labels[mask].tolist()} not found in axis")
KeyError: "['2026-02-14'] not found in axis"
[2026-02-19T14:21:03.494+0000] {taskinstance.py:1206} INFO - Marking task as FAILED. dag_id=dag_moex, task_id=task_TSLA, run_id=scheduled__2026-02-15T00:00:00+00:00, execution_date=20260215T000000, start_date=20260219T142102, end_date=20260219T142103
[2026-02-19T14:21:03.503+0000] {standard_task_runner.py:110} ERROR - Failed to execute job 1167 for task task_TSLA ("['2026-02-14'] not found in axis"; 31002)
[2026-02-19T14:21:03.536+0000] {local_task_job_runner.py:243} INFO - Task exited with return code 1
[2026-02-19T14:21:03.547+0000] {taskinstance.py:3503} INFO - 0 downstream tasks scheduled from follow-on schedule check
[2026-02-19T14:21:03.548+0000] {local_task_job_runner.py:222} INFO - ::endgroup::
[2026-02-19T14:27:42.737+0000] {local_task_job_runner.py:120} INFO - ::group::Pre task execution logs
[2026-02-19T14:27:42.773+0000] {taskinstance.py:2076} INFO - Dependencies all met for dep_context=non-requeueable deps ti=<TaskInstance: dag_moex.task_TSLA scheduled__2026-02-15T00:00:00+00:00 [queued]>
[2026-02-19T14:27:42.782+0000] {taskinstance.py:2076} INFO - Dependencies all met for dep_context=requeueable deps ti=<TaskInstance: dag_moex.task_TSLA scheduled__2026-02-15T00:00:00+00:00 [queued]>
[2026-02-19T14:27:42.783+0000] {taskinstance.py:2306} INFO - Starting attempt 1 of 1
[2026-02-19T14:27:42.794+0000] {taskinstance.py:2330} INFO - Executing <Task(PythonOperator): task_TSLA> on 2026-02-15 00:00:00+00:00
[2026-02-19T14:27:42.804+0000] {logging_mixin.py:188} WARNING - /home/***/.local/lib/python3.12/site-packages/***/task/task_runner/standard_task_runner.py:62 DeprecationWarning: This process (pid=31342) is multi-threaded, use of fork() may lead to deadlocks in the child.
[2026-02-19T14:27:42.805+0000] {standard_task_runner.py:64} INFO - Started process 31375 to run task
[2026-02-19T14:27:42.804+0000] {standard_task_runner.py:90} INFO - Running: ['***', 'tasks', 'run', 'dag_moex', 'task_TSLA', 'scheduled__2026-02-15T00:00:00+00:00', '--job-id', '1222', '--raw', '--subdir', 'DAGS_FOLDER/stocks/dag1.py', '--cfg-path', '/tmp/tmp_szz_tew']
[2026-02-19T14:27:42.806+0000] {standard_task_runner.py:91} INFO - Job 1222: Subtask task_TSLA
[2026-02-19T14:27:42.854+0000] {task_command.py:426} INFO - Running <TaskInstance: dag_moex.task_TSLA scheduled__2026-02-15T00:00:00+00:00 [running]> on host cc036e7caf02
[2026-02-19T14:27:42.928+0000] {taskinstance.py:2648} INFO - Exporting env vars: AIRFLOW_CTX_DAG_OWNER='***' AIRFLOW_CTX_DAG_ID='dag_moex' AIRFLOW_CTX_TASK_ID='task_TSLA' AIRFLOW_CTX_EXECUTION_DATE='2026-02-15T00:00:00+00:00' AIRFLOW_CTX_TRY_NUMBER='1' AIRFLOW_CTX_DAG_RUN_ID='scheduled__2026-02-15T00:00:00+00:00'
[2026-02-19T14:27:42.929+0000] {taskinstance.py:430} INFO - ::endgroup::
[2026-02-19T14:27:42.942+0000] {logging_mixin.py:188} WARNING - /opt/***/dags/stocks/scripts/api.py:9 FutureWarning: YF.download() has changed argument auto_adjust default to True
[2026-02-19T14:27:42.949+0000] {logging_mixin.py:188} WARNING - /home/***/.local/lib/python3.12/site-packages/yfinance/scrapers/history.py:204 Pandas4Warning: Timestamp.utcnow is deprecated and will be removed in a future version. Use Timestamp.now('UTC') instead.
[2026-02-19T14:27:43.732+0000] {logging_mixin.py:188} WARNING - [*********************100%***********************]  1 of 1 completed
[2026-02-19T14:27:43.736+0000] {multi.py:185} ERROR - 
1 Failed download:
[2026-02-19T14:27:43.737+0000] {multi.py:198} ERROR - ['TSLA']: YFPricesMissingError('possibly delisted; no price data found  (1d 2026-02-14 -> 2026-02-16)')
[2026-02-19T14:27:43.762+0000] {api.py:10} INFO - Выгрузилось
    __________________________
    Empty DataFrame
Columns: [(Adj Close, TSLA), (Close, TSLA), (High, TSLA), (Low, TSLA), (Open, TSLA), (Volume, TSLA)]
Index: []
    __________________________
    
[2026-02-19T14:27:43.764+0000] {taskinstance.py:441} INFO - ::group::Post task execution logs
[2026-02-19T14:27:43.765+0000] {taskinstance.py:2905} ERROR - Task failed with exception
Traceback (most recent call last):
  File "/home/airflow/.local/lib/python3.12/site-packages/airflow/models/taskinstance.py", line 465, in _execute_task
    result = _execute_callable(context=context, **execute_callable_kwargs)
             ^^^^^^^^^^^^^^^^^^^^^^^^^^^^^^^^^^^^^^^^^^^^^^^^^^^^^^^^^^^^^
  File "/home/airflow/.local/lib/python3.12/site-packages/airflow/models/taskinstance.py", line 432, in _execute_callable
    return execute_callable(context=context, **execute_callable_kwargs)
           ^^^^^^^^^^^^^^^^^^^^^^^^^^^^^^^^^^^^^^^^^^^^^^^^^^^^^^^^^^^^
  File "/home/airflow/.local/lib/python3.12/site-packages/airflow/models/baseoperator.py", line 401, in wrapper
    return func(self, *args, **kwargs)
           ^^^^^^^^^^^^^^^^^^^^^^^^^^^
  File "/home/airflow/.local/lib/python3.12/site-packages/airflow/operators/python.py", line 235, in execute
    return_value = self.execute_callable()
                   ^^^^^^^^^^^^^^^^^^^^^^^
  File "/home/airflow/.local/lib/python3.12/site-packages/airflow/operators/python.py", line 252, in execute_callable
    return self.python_callable(*self.op_args, **self.op_kwargs)
           ^^^^^^^^^^^^^^^^^^^^^^^^^^^^^^^^^^^^^^^^^^^^^^^^^^^^^
  File "/opt/airflow/dags/stocks/scripts/manager.py", line 11, in fetch_data
    data = fetch_data_from_yfinance(stock, data_interval_start=data_interval_start, data_interval_end=data_interval_end)
           ^^^^^^^^^^^^^^^^^^^^^^^^^^^^^^^^^^^^^^^^^^^^^^^^^^^^^^^^^^^^^^^^^^^^^^^^^^^^^^^^^^^^^^^^^^^^^^^^^^^^^^^^^^^^^
  File "/opt/airflow/dags/stocks/scripts/api.py", line 15, in fetch_data_from_yfinance
    df.drop(index=start, inplace=True)
  File "/home/airflow/.local/lib/python3.12/site-packages/pandas/core/frame.py", line 6288, in drop
    return super().drop(
           ^^^^^^^^^^^^^
  File "/home/airflow/.local/lib/python3.12/site-packages/pandas/core/generic.py", line 4644, in drop
    obj = obj._drop_axis(labels, axis, level=level, errors=errors)
          ^^^^^^^^^^^^^^^^^^^^^^^^^^^^^^^^^^^^^^^^^^^^^^^^^^^^^^^^
  File "/home/airflow/.local/lib/python3.12/site-packages/pandas/core/generic.py", line 4686, in _drop_axis
    new_axis = axis.drop(labels, errors=errors)
               ^^^^^^^^^^^^^^^^^^^^^^^^^^^^^^^^
  File "/home/airflow/.local/lib/python3.12/site-packages/pandas/core/indexes/base.py", line 7268, in drop
    raise KeyError(f"{labels[mask].tolist()} not found in axis")
KeyError: "['2026-02-14'] not found in axis"
[2026-02-19T14:27:43.804+0000] {taskinstance.py:1206} INFO - Marking task as FAILED. dag_id=dag_moex, task_id=task_TSLA, run_id=scheduled__2026-02-15T00:00:00+00:00, execution_date=20260215T000000, start_date=20260219T142742, end_date=20260219T142743
[2026-02-19T14:27:43.825+0000] {standard_task_runner.py:110} ERROR - Failed to execute job 1222 for task task_TSLA ("['2026-02-14'] not found in axis"; 31375)
[2026-02-19T14:27:43.867+0000] {local_task_job_runner.py:243} INFO - Task exited with return code 1
[2026-02-19T14:27:43.888+0000] {taskinstance.py:3503} INFO - 0 downstream tasks scheduled from follow-on schedule check
[2026-02-19T14:27:43.892+0000] {local_task_job_runner.py:222} INFO - ::endgroup::
[2026-02-19T14:41:02.580+0000] {local_task_job_runner.py:120} INFO - ::group::Pre task execution logs
[2026-02-19T14:41:02.625+0000] {taskinstance.py:2076} INFO - Dependencies all met for dep_context=non-requeueable deps ti=<TaskInstance: dag_moex.task_TSLA scheduled__2026-02-15T00:00:00+00:00 [queued]>
[2026-02-19T14:41:02.636+0000] {taskinstance.py:2076} INFO - Dependencies all met for dep_context=requeueable deps ti=<TaskInstance: dag_moex.task_TSLA scheduled__2026-02-15T00:00:00+00:00 [queued]>
[2026-02-19T14:41:02.637+0000] {taskinstance.py:2306} INFO - Starting attempt 1 of 1
[2026-02-19T14:41:02.651+0000] {taskinstance.py:2330} INFO - Executing <Task(PythonOperator): task_TSLA> on 2026-02-15 00:00:00+00:00
[2026-02-19T14:41:02.660+0000] {logging_mixin.py:188} WARNING - /home/***/.local/lib/python3.12/site-packages/***/task/task_runner/standard_task_runner.py:62 DeprecationWarning: This process (pid=31876) is multi-threaded, use of fork() may lead to deadlocks in the child.
[2026-02-19T14:41:02.662+0000] {standard_task_runner.py:64} INFO - Started process 31908 to run task
[2026-02-19T14:41:02.661+0000] {standard_task_runner.py:90} INFO - Running: ['***', 'tasks', 'run', 'dag_moex', 'task_TSLA', 'scheduled__2026-02-15T00:00:00+00:00', '--job-id', '1275', '--raw', '--subdir', 'DAGS_FOLDER/stocks/dag1.py', '--cfg-path', '/tmp/tmp2jrs29s1']
[2026-02-19T14:41:02.664+0000] {standard_task_runner.py:91} INFO - Job 1275: Subtask task_TSLA
[2026-02-19T14:41:02.719+0000] {task_command.py:426} INFO - Running <TaskInstance: dag_moex.task_TSLA scheduled__2026-02-15T00:00:00+00:00 [running]> on host cc036e7caf02
[2026-02-19T14:41:02.804+0000] {taskinstance.py:2648} INFO - Exporting env vars: AIRFLOW_CTX_DAG_OWNER='***' AIRFLOW_CTX_DAG_ID='dag_moex' AIRFLOW_CTX_TASK_ID='task_TSLA' AIRFLOW_CTX_EXECUTION_DATE='2026-02-15T00:00:00+00:00' AIRFLOW_CTX_TRY_NUMBER='1' AIRFLOW_CTX_DAG_RUN_ID='scheduled__2026-02-15T00:00:00+00:00'
[2026-02-19T14:41:02.805+0000] {taskinstance.py:430} INFO - ::endgroup::
[2026-02-19T14:41:02.818+0000] {logging_mixin.py:188} WARNING - /opt/***/dags/stocks/scripts/api.py:9 FutureWarning: YF.download() has changed argument auto_adjust default to True
[2026-02-19T14:41:02.826+0000] {logging_mixin.py:188} WARNING - /home/***/.local/lib/python3.12/site-packages/yfinance/scrapers/history.py:204 Pandas4Warning: Timestamp.utcnow is deprecated and will be removed in a future version. Use Timestamp.now('UTC') instead.
[2026-02-19T14:41:03.585+0000] {logging_mixin.py:188} WARNING - [*********************100%***********************]  1 of 1 completed
[2026-02-19T14:41:03.585+0000] {multi.py:185} ERROR - 
1 Failed download:
[2026-02-19T14:41:03.586+0000] {multi.py:198} ERROR - ['TSLA']: YFPricesMissingError('possibly delisted; no price data found  (1d 2026-02-14 -> 2026-02-16)')
[2026-02-19T14:41:03.599+0000] {api.py:10} INFO - Выгрузилось
    __________________________
    Empty DataFrame
Columns: [(Adj Close, TSLA), (Close, TSLA), (High, TSLA), (Low, TSLA), (Open, TSLA), (Volume, TSLA)]
Index: []
    __________________________
    
[2026-02-19T14:41:03.600+0000] {taskinstance.py:441} INFO - ::group::Post task execution logs
[2026-02-19T14:41:03.600+0000] {taskinstance.py:2905} ERROR - Task failed with exception
Traceback (most recent call last):
  File "/home/airflow/.local/lib/python3.12/site-packages/airflow/models/taskinstance.py", line 465, in _execute_task
    result = _execute_callable(context=context, **execute_callable_kwargs)
             ^^^^^^^^^^^^^^^^^^^^^^^^^^^^^^^^^^^^^^^^^^^^^^^^^^^^^^^^^^^^^
  File "/home/airflow/.local/lib/python3.12/site-packages/airflow/models/taskinstance.py", line 432, in _execute_callable
    return execute_callable(context=context, **execute_callable_kwargs)
           ^^^^^^^^^^^^^^^^^^^^^^^^^^^^^^^^^^^^^^^^^^^^^^^^^^^^^^^^^^^^
  File "/home/airflow/.local/lib/python3.12/site-packages/airflow/models/baseoperator.py", line 401, in wrapper
    return func(self, *args, **kwargs)
           ^^^^^^^^^^^^^^^^^^^^^^^^^^^
  File "/home/airflow/.local/lib/python3.12/site-packages/airflow/operators/python.py", line 235, in execute
    return_value = self.execute_callable()
                   ^^^^^^^^^^^^^^^^^^^^^^^
  File "/home/airflow/.local/lib/python3.12/site-packages/airflow/operators/python.py", line 252, in execute_callable
    return self.python_callable(*self.op_args, **self.op_kwargs)
           ^^^^^^^^^^^^^^^^^^^^^^^^^^^^^^^^^^^^^^^^^^^^^^^^^^^^^
  File "/opt/airflow/dags/stocks/scripts/manager.py", line 11, in fetch_data
    data = fetch_data_from_yfinance(stock, data_interval_start=data_interval_start, data_interval_end=data_interval_end)
           ^^^^^^^^^^^^^^^^^^^^^^^^^^^^^^^^^^^^^^^^^^^^^^^^^^^^^^^^^^^^^^^^^^^^^^^^^^^^^^^^^^^^^^^^^^^^^^^^^^^^^^^^^^^^^
  File "/opt/airflow/dags/stocks/scripts/api.py", line 15, in fetch_data_from_yfinance
    df = df.loc[start:start + timedelta(days=1)]
                      ~~~~~~^~~~~~~~~~~~~~~~~~~
TypeError: can only concatenate str (not "datetime.timedelta") to str
[2026-02-19T14:41:03.611+0000] {taskinstance.py:1206} INFO - Marking task as FAILED. dag_id=dag_moex, task_id=task_TSLA, run_id=scheduled__2026-02-15T00:00:00+00:00, execution_date=20260215T000000, start_date=20260219T144102, end_date=20260219T144103
[2026-02-19T14:41:03.621+0000] {standard_task_runner.py:110} ERROR - Failed to execute job 1275 for task task_TSLA (can only concatenate str (not "datetime.timedelta") to str; 31908)
[2026-02-19T14:41:03.640+0000] {local_task_job_runner.py:243} INFO - Task exited with return code 1
[2026-02-19T14:41:03.652+0000] {taskinstance.py:3503} INFO - 0 downstream tasks scheduled from follow-on schedule check
[2026-02-19T14:41:03.653+0000] {local_task_job_runner.py:222} INFO - ::endgroup::
[2026-02-19T14:45:09.914+0000] {local_task_job_runner.py:120} INFO - ::group::Pre task execution logs
[2026-02-19T14:45:09.965+0000] {taskinstance.py:2076} INFO - Dependencies all met for dep_context=non-requeueable deps ti=<TaskInstance: dag_moex.task_TSLA scheduled__2026-02-15T00:00:00+00:00 [queued]>
[2026-02-19T14:45:09.976+0000] {taskinstance.py:2076} INFO - Dependencies all met for dep_context=requeueable deps ti=<TaskInstance: dag_moex.task_TSLA scheduled__2026-02-15T00:00:00+00:00 [queued]>
[2026-02-19T14:45:09.976+0000] {taskinstance.py:2306} INFO - Starting attempt 1 of 1
[2026-02-19T14:45:09.994+0000] {taskinstance.py:2330} INFO - Executing <Task(PythonOperator): task_TSLA> on 2026-02-15 00:00:00+00:00
[2026-02-19T14:45:10.004+0000] {logging_mixin.py:188} WARNING - /home/***/.local/lib/python3.12/site-packages/***/task/task_runner/standard_task_runner.py:62 DeprecationWarning: This process (pid=32182) is multi-threaded, use of fork() may lead to deadlocks in the child.
[2026-02-19T14:45:10.006+0000] {standard_task_runner.py:64} INFO - Started process 32207 to run task
[2026-02-19T14:45:10.005+0000] {standard_task_runner.py:90} INFO - Running: ['***', 'tasks', 'run', 'dag_moex', 'task_TSLA', 'scheduled__2026-02-15T00:00:00+00:00', '--job-id', '1327', '--raw', '--subdir', 'DAGS_FOLDER/stocks/dag1.py', '--cfg-path', '/tmp/tmpx9zp2hv_']
[2026-02-19T14:45:10.008+0000] {standard_task_runner.py:91} INFO - Job 1327: Subtask task_TSLA
[2026-02-19T14:45:10.083+0000] {task_command.py:426} INFO - Running <TaskInstance: dag_moex.task_TSLA scheduled__2026-02-15T00:00:00+00:00 [running]> on host cc036e7caf02
[2026-02-19T14:45:10.190+0000] {taskinstance.py:2648} INFO - Exporting env vars: AIRFLOW_CTX_DAG_OWNER='***' AIRFLOW_CTX_DAG_ID='dag_moex' AIRFLOW_CTX_TASK_ID='task_TSLA' AIRFLOW_CTX_EXECUTION_DATE='2026-02-15T00:00:00+00:00' AIRFLOW_CTX_TRY_NUMBER='1' AIRFLOW_CTX_DAG_RUN_ID='scheduled__2026-02-15T00:00:00+00:00'
[2026-02-19T14:45:10.191+0000] {taskinstance.py:430} INFO - ::endgroup::
[2026-02-19T14:45:10.205+0000] {logging_mixin.py:188} WARNING - /opt/***/dags/stocks/scripts/api.py:9 FutureWarning: YF.download() has changed argument auto_adjust default to True
[2026-02-19T14:45:10.212+0000] {logging_mixin.py:188} WARNING - /home/***/.local/lib/python3.12/site-packages/yfinance/scrapers/history.py:204 Pandas4Warning: Timestamp.utcnow is deprecated and will be removed in a future version. Use Timestamp.now('UTC') instead.
[2026-02-19T14:45:10.907+0000] {logging_mixin.py:188} WARNING - [*********************100%***********************]  1 of 1 completed
[2026-02-19T14:45:10.908+0000] {multi.py:185} ERROR - 
1 Failed download:
[2026-02-19T14:45:10.909+0000] {multi.py:198} ERROR - ['TSLA']: YFPricesMissingError('possibly delisted; no price data found  (1d 2026-02-14 -> 2026-02-16)')
[2026-02-19T14:45:10.931+0000] {base.py:84} INFO - Using connection ID 'pg_1' for task execution.
[2026-02-19T14:45:10.932+0000] {sql.py:254} WARNING - This setter is for backward compatibility and should not be used.
Since the introduction of connection property, the providers listed below breaks due to assigning value to self.connection in their __init__ method.
* apache-***-providers-mysql<5.7.1
* apache-***-providers-elasticsearch<5.5.1
* apache-***-providers-postgres<5.13.0
[2026-02-19T14:45:10.936+0000] {sql.py:908} INFO - Done loading. Loaded a total of 0 rows into stocks
[2026-02-19T14:45:10.940+0000] {python.py:237} INFO - Done. Returned value was: None
[2026-02-19T14:45:10.941+0000] {taskinstance.py:441} INFO - ::group::Post task execution logs
[2026-02-19T14:45:10.948+0000] {taskinstance.py:1206} INFO - Marking task as SUCCESS. dag_id=dag_moex, task_id=task_TSLA, run_id=scheduled__2026-02-15T00:00:00+00:00, execution_date=20260215T000000, start_date=20260219T144509, end_date=20260219T144510
[2026-02-19T14:45:10.987+0000] {local_task_job_runner.py:243} INFO - Task exited with return code 0
[2026-02-19T14:45:11.004+0000] {taskinstance.py:3503} INFO - 0 downstream tasks scheduled from follow-on schedule check
[2026-02-19T14:45:11.005+0000] {local_task_job_runner.py:222} INFO - ::endgroup::
[2026-02-19T14:51:04.138+0000] {local_task_job_runner.py:120} INFO - ::group::Pre task execution logs
[2026-02-19T14:51:04.182+0000] {taskinstance.py:2076} INFO - Dependencies all met for dep_context=non-requeueable deps ti=<TaskInstance: dag_moex.task_TSLA scheduled__2026-02-15T00:00:00+00:00 [queued]>
[2026-02-19T14:51:04.208+0000] {taskinstance.py:2076} INFO - Dependencies all met for dep_context=requeueable deps ti=<TaskInstance: dag_moex.task_TSLA scheduled__2026-02-15T00:00:00+00:00 [queued]>
[2026-02-19T14:51:04.209+0000] {taskinstance.py:2306} INFO - Starting attempt 1 of 1
[2026-02-19T14:51:04.250+0000] {taskinstance.py:2330} INFO - Executing <Task(PythonOperator): task_TSLA> on 2026-02-15 00:00:00+00:00
[2026-02-19T14:51:04.267+0000] {logging_mixin.py:188} WARNING - /home/***/.local/lib/python3.12/site-packages/***/task/task_runner/standard_task_runner.py:62 DeprecationWarning: This process (pid=32920) is multi-threaded, use of fork() may lead to deadlocks in the child.
[2026-02-19T14:51:04.269+0000] {standard_task_runner.py:64} INFO - Started process 32945 to run task
[2026-02-19T14:51:04.275+0000] {standard_task_runner.py:90} INFO - Running: ['***', 'tasks', 'run', 'dag_moex', 'task_TSLA', 'scheduled__2026-02-15T00:00:00+00:00', '--job-id', '1473', '--raw', '--subdir', 'DAGS_FOLDER/stocks/dag1.py', '--cfg-path', '/tmp/tmppy8zw_56']
[2026-02-19T14:51:04.279+0000] {standard_task_runner.py:91} INFO - Job 1473: Subtask task_TSLA
[2026-02-19T14:51:04.394+0000] {task_command.py:426} INFO - Running <TaskInstance: dag_moex.task_TSLA scheduled__2026-02-15T00:00:00+00:00 [running]> on host cc036e7caf02
[2026-02-19T14:51:04.580+0000] {taskinstance.py:2648} INFO - Exporting env vars: AIRFLOW_CTX_DAG_OWNER='***' AIRFLOW_CTX_DAG_ID='dag_moex' AIRFLOW_CTX_TASK_ID='task_TSLA' AIRFLOW_CTX_EXECUTION_DATE='2026-02-15T00:00:00+00:00' AIRFLOW_CTX_TRY_NUMBER='1' AIRFLOW_CTX_DAG_RUN_ID='scheduled__2026-02-15T00:00:00+00:00'
[2026-02-19T14:51:04.582+0000] {taskinstance.py:430} INFO - ::endgroup::
[2026-02-19T14:51:04.598+0000] {logging_mixin.py:188} WARNING - /opt/***/dags/stocks/scripts/api.py:9 FutureWarning: YF.download() has changed argument auto_adjust default to True
[2026-02-19T14:51:04.611+0000] {logging_mixin.py:188} WARNING - /home/***/.local/lib/python3.12/site-packages/yfinance/scrapers/history.py:204 Pandas4Warning: Timestamp.utcnow is deprecated and will be removed in a future version. Use Timestamp.now('UTC') instead.
[2026-02-19T14:51:05.318+0000] {logging_mixin.py:188} WARNING - [*********************100%***********************]  1 of 1 completed
[2026-02-19T14:51:05.319+0000] {multi.py:185} ERROR - 
1 Failed download:
[2026-02-19T14:51:05.319+0000] {multi.py:198} ERROR - ['TSLA']: YFPricesMissingError('possibly delisted; no price data found  (1d 2026-02-14 -> 2026-02-16)')
[2026-02-19T14:51:05.343+0000] {base.py:84} INFO - Using connection ID 'pg_1' for task execution.
[2026-02-19T14:51:05.344+0000] {sql.py:254} WARNING - This setter is for backward compatibility and should not be used.
Since the introduction of connection property, the providers listed below breaks due to assigning value to self.connection in their __init__ method.
* apache-***-providers-mysql<5.7.1
* apache-***-providers-elasticsearch<5.5.1
* apache-***-providers-postgres<5.13.0
[2026-02-19T14:51:05.348+0000] {sql.py:908} INFO - Done loading. Loaded a total of 0 rows into stocks
[2026-02-19T14:51:05.354+0000] {python.py:237} INFO - Done. Returned value was: None
[2026-02-19T14:51:05.355+0000] {taskinstance.py:441} INFO - ::group::Post task execution logs
[2026-02-19T14:51:05.364+0000] {taskinstance.py:1206} INFO - Marking task as SUCCESS. dag_id=dag_moex, task_id=task_TSLA, run_id=scheduled__2026-02-15T00:00:00+00:00, execution_date=20260215T000000, start_date=20260219T145104, end_date=20260219T145105
[2026-02-19T14:51:05.418+0000] {local_task_job_runner.py:243} INFO - Task exited with return code 0
[2026-02-19T14:51:05.442+0000] {taskinstance.py:3503} INFO - 0 downstream tasks scheduled from follow-on schedule check
[2026-02-19T14:51:05.444+0000] {local_task_job_runner.py:222} INFO - ::endgroup::
[2026-02-19T14:53:27.435+0000] {local_task_job_runner.py:120} INFO - ::group::Pre task execution logs
[2026-02-19T14:53:27.459+0000] {taskinstance.py:2076} INFO - Dependencies all met for dep_context=non-requeueable deps ti=<TaskInstance: dag_moex.task_TSLA scheduled__2026-02-15T00:00:00+00:00 [queued]>
[2026-02-19T14:53:27.467+0000] {taskinstance.py:2076} INFO - Dependencies all met for dep_context=requeueable deps ti=<TaskInstance: dag_moex.task_TSLA scheduled__2026-02-15T00:00:00+00:00 [queued]>
[2026-02-19T14:53:27.468+0000] {taskinstance.py:2306} INFO - Starting attempt 1 of 1
[2026-02-19T14:53:27.480+0000] {taskinstance.py:2330} INFO - Executing <Task(PythonOperator): task_TSLA> on 2026-02-15 00:00:00+00:00
[2026-02-19T14:53:27.489+0000] {logging_mixin.py:188} WARNING - /home/***/.local/lib/python3.12/site-packages/***/task/task_runner/standard_task_runner.py:62 DeprecationWarning: This process (pid=33287) is multi-threaded, use of fork() may lead to deadlocks in the child.
[2026-02-19T14:53:27.489+0000] {standard_task_runner.py:90} INFO - Running: ['***', 'tasks', 'run', 'dag_moex', 'task_TSLA', 'scheduled__2026-02-15T00:00:00+00:00', '--job-id', '1542', '--raw', '--subdir', 'DAGS_FOLDER/stocks/dag1.py', '--cfg-path', '/tmp/tmpyc52hewy']
[2026-02-19T14:53:27.490+0000] {standard_task_runner.py:64} INFO - Started process 33307 to run task
[2026-02-19T14:53:27.490+0000] {standard_task_runner.py:91} INFO - Job 1542: Subtask task_TSLA
[2026-02-19T14:53:27.524+0000] {task_command.py:426} INFO - Running <TaskInstance: dag_moex.task_TSLA scheduled__2026-02-15T00:00:00+00:00 [running]> on host cc036e7caf02
[2026-02-19T14:53:27.595+0000] {taskinstance.py:2648} INFO - Exporting env vars: AIRFLOW_CTX_DAG_OWNER='***' AIRFLOW_CTX_DAG_ID='dag_moex' AIRFLOW_CTX_TASK_ID='task_TSLA' AIRFLOW_CTX_EXECUTION_DATE='2026-02-15T00:00:00+00:00' AIRFLOW_CTX_TRY_NUMBER='1' AIRFLOW_CTX_DAG_RUN_ID='scheduled__2026-02-15T00:00:00+00:00'
[2026-02-19T14:53:27.596+0000] {taskinstance.py:430} INFO - ::endgroup::
[2026-02-19T14:53:27.607+0000] {logging_mixin.py:188} WARNING - /opt/***/dags/stocks/scripts/api.py:9 FutureWarning: YF.download() has changed argument auto_adjust default to True
[2026-02-19T14:53:27.615+0000] {logging_mixin.py:188} WARNING - /home/***/.local/lib/python3.12/site-packages/yfinance/scrapers/history.py:204 Pandas4Warning: Timestamp.utcnow is deprecated and will be removed in a future version. Use Timestamp.now('UTC') instead.
[2026-02-19T14:53:28.223+0000] {logging_mixin.py:188} WARNING - [*********************100%***********************]  1 of 1 completed
[2026-02-19T14:53:28.223+0000] {multi.py:185} ERROR - 
1 Failed download:
[2026-02-19T14:53:28.224+0000] {multi.py:198} ERROR - ['TSLA']: YFPricesMissingError('possibly delisted; no price data found  (1d 2026-02-14 -> 2026-02-16)')
[2026-02-19T14:53:28.244+0000] {base.py:84} INFO - Using connection ID 'pg_1' for task execution.
[2026-02-19T14:53:28.244+0000] {sql.py:254} WARNING - This setter is for backward compatibility and should not be used.
Since the introduction of connection property, the providers listed below breaks due to assigning value to self.connection in their __init__ method.
* apache-***-providers-mysql<5.7.1
* apache-***-providers-elasticsearch<5.5.1
* apache-***-providers-postgres<5.13.0
[2026-02-19T14:53:28.247+0000] {sql.py:908} INFO - Done loading. Loaded a total of 0 rows into stocks
[2026-02-19T14:53:28.251+0000] {python.py:237} INFO - Done. Returned value was: None
[2026-02-19T14:53:28.252+0000] {taskinstance.py:441} INFO - ::group::Post task execution logs
[2026-02-19T14:53:28.258+0000] {taskinstance.py:1206} INFO - Marking task as SUCCESS. dag_id=dag_moex, task_id=task_TSLA, run_id=scheduled__2026-02-15T00:00:00+00:00, execution_date=20260215T000000, start_date=20260219T145327, end_date=20260219T145328
[2026-02-19T14:53:28.304+0000] {local_task_job_runner.py:243} INFO - Task exited with return code 0
[2026-02-19T14:53:28.316+0000] {taskinstance.py:3503} INFO - 0 downstream tasks scheduled from follow-on schedule check
[2026-02-19T14:53:28.318+0000] {local_task_job_runner.py:222} INFO - ::endgroup::
