[2026-02-18T07:13:00.028+0000] {local_task_job_runner.py:120} INFO - ::group::Pre task execution logs
[2026-02-18T07:13:00.068+0000] {taskinstance.py:2076} INFO - Dependencies all met for dep_context=non-requeueable deps ti=<TaskInstance: dag_moex.task_GOOG scheduled__2026-01-21T00:00:00+00:00 [queued]>
[2026-02-18T07:13:00.082+0000] {taskinstance.py:2076} INFO - Dependencies all met for dep_context=requeueable deps ti=<TaskInstance: dag_moex.task_GOOG scheduled__2026-01-21T00:00:00+00:00 [queued]>
[2026-02-18T07:13:00.083+0000] {taskinstance.py:2306} INFO - Starting attempt 1 of 1
[2026-02-18T07:13:00.108+0000] {taskinstance.py:2330} INFO - Executing <Task(PythonOperator): task_GOOG> on 2026-01-21 00:00:00+00:00
[2026-02-18T07:13:00.124+0000] {logging_mixin.py:188} WARNING - /home/***/.local/lib/python3.12/site-packages/***/task/task_runner/standard_task_runner.py:62 DeprecationWarning: This process (pid=1494) is multi-threaded, use of fork() may lead to deadlocks in the child.
[2026-02-18T07:13:00.126+0000] {standard_task_runner.py:64} INFO - Started process 1517 to run task
[2026-02-18T07:13:00.126+0000] {standard_task_runner.py:90} INFO - Running: ['***', 'tasks', 'run', 'dag_moex', 'task_GOOG', 'scheduled__2026-01-21T00:00:00+00:00', '--job-id', '438', '--raw', '--subdir', 'DAGS_FOLDER/stocks/dag1.py', '--cfg-path', '/tmp/tmpfs1brgfw']
[2026-02-18T07:13:00.129+0000] {standard_task_runner.py:91} INFO - Job 438: Subtask task_GOOG
[2026-02-18T07:13:00.191+0000] {task_command.py:426} INFO - Running <TaskInstance: dag_moex.task_GOOG scheduled__2026-01-21T00:00:00+00:00 [running]> on host cc036e7caf02
[2026-02-18T07:13:00.295+0000] {taskinstance.py:2648} INFO - Exporting env vars: AIRFLOW_CTX_DAG_OWNER='***' AIRFLOW_CTX_DAG_ID='dag_moex' AIRFLOW_CTX_TASK_ID='task_GOOG' AIRFLOW_CTX_EXECUTION_DATE='2026-01-21T00:00:00+00:00' AIRFLOW_CTX_TRY_NUMBER='1' AIRFLOW_CTX_DAG_RUN_ID='scheduled__2026-01-21T00:00:00+00:00'
[2026-02-18T07:13:00.296+0000] {taskinstance.py:430} INFO - ::endgroup::
[2026-02-18T07:13:00.310+0000] {manager.py:8} INFO - log
[2026-02-18T07:13:00.312+0000] {logging_mixin.py:188} WARNING - /opt/***/dags/stocks/scripts/api.py:9 FutureWarning: YF.download() has changed argument auto_adjust default to True
[2026-02-18T07:13:00.319+0000] {logging_mixin.py:188} WARNING - /home/***/.local/lib/python3.12/site-packages/yfinance/scrapers/history.py:204 Pandas4Warning: Timestamp.utcnow is deprecated and will be removed in a future version. Use Timestamp.now('UTC') instead.
[2026-02-18T07:13:01.174+0000] {logging_mixin.py:188} WARNING - [*********************100%***********************]  1 of 1 completed
[2026-02-18T07:13:01.184+0000] {manager.py:10} INFO - Price            Close        High         Low        Open    Volume
Ticker            GOOG        GOOG        GOOG        GOOG      GOOG
Date                                                                
2026-01-21  328.380005  332.725006  319.540009  321.095001  22791700
[2026-02-18T07:13:01.198+0000] {python.py:237} INFO - Done. Returned value was: None
[2026-02-18T07:13:01.199+0000] {taskinstance.py:441} INFO - ::group::Post task execution logs
[2026-02-18T07:13:01.206+0000] {taskinstance.py:1206} INFO - Marking task as SUCCESS. dag_id=dag_moex, task_id=task_GOOG, run_id=scheduled__2026-01-21T00:00:00+00:00, execution_date=20260121T000000, start_date=20260218T071300, end_date=20260218T071301
[2026-02-18T07:13:01.230+0000] {local_task_job_runner.py:243} INFO - Task exited with return code 0
[2026-02-18T07:13:01.252+0000] {taskinstance.py:3503} INFO - 0 downstream tasks scheduled from follow-on schedule check
[2026-02-18T07:13:01.253+0000] {local_task_job_runner.py:222} INFO - ::endgroup::
[2026-02-19T12:59:31.225+0000] {local_task_job_runner.py:120} INFO - ::group::Pre task execution logs
[2026-02-19T12:59:31.266+0000] {taskinstance.py:2076} INFO - Dependencies all met for dep_context=non-requeueable deps ti=<TaskInstance: dag_moex.task_GOOG scheduled__2026-01-21T00:00:00+00:00 [queued]>
[2026-02-19T12:59:31.278+0000] {taskinstance.py:2076} INFO - Dependencies all met for dep_context=requeueable deps ti=<TaskInstance: dag_moex.task_GOOG scheduled__2026-01-21T00:00:00+00:00 [queued]>
[2026-02-19T12:59:31.279+0000] {taskinstance.py:2306} INFO - Starting attempt 1 of 1
[2026-02-19T12:59:31.294+0000] {taskinstance.py:2330} INFO - Executing <Task(PythonOperator): task_GOOG> on 2026-01-21 00:00:00+00:00
[2026-02-19T12:59:31.308+0000] {logging_mixin.py:188} WARNING - /home/***/.local/lib/python3.12/site-packages/***/task/task_runner/standard_task_runner.py:62 DeprecationWarning: This process (pid=27910) is multi-threaded, use of fork() may lead to deadlocks in the child.
[2026-02-19T12:59:31.310+0000] {standard_task_runner.py:64} INFO - Started process 27939 to run task
[2026-02-19T12:59:31.314+0000] {standard_task_runner.py:90} INFO - Running: ['***', 'tasks', 'run', 'dag_moex', 'task_GOOG', 'scheduled__2026-01-21T00:00:00+00:00', '--job-id', '879', '--raw', '--subdir', 'DAGS_FOLDER/stocks/dag1.py', '--cfg-path', '/tmp/tmpvhjl5317']
[2026-02-19T12:59:31.317+0000] {standard_task_runner.py:91} INFO - Job 879: Subtask task_GOOG
[2026-02-19T12:59:31.370+0000] {task_command.py:426} INFO - Running <TaskInstance: dag_moex.task_GOOG scheduled__2026-01-21T00:00:00+00:00 [running]> on host cc036e7caf02
[2026-02-19T12:59:31.450+0000] {taskinstance.py:2648} INFO - Exporting env vars: AIRFLOW_CTX_DAG_OWNER='***' AIRFLOW_CTX_DAG_ID='dag_moex' AIRFLOW_CTX_TASK_ID='task_GOOG' AIRFLOW_CTX_EXECUTION_DATE='2026-01-21T00:00:00+00:00' AIRFLOW_CTX_TRY_NUMBER='1' AIRFLOW_CTX_DAG_RUN_ID='scheduled__2026-01-21T00:00:00+00:00'
[2026-02-19T12:59:31.452+0000] {taskinstance.py:430} INFO - ::endgroup::
[2026-02-19T12:59:31.464+0000] {logging_mixin.py:188} WARNING - /opt/***/dags/stocks/scripts/api.py:10 FutureWarning: YF.download() has changed argument auto_adjust default to True
[2026-02-19T12:59:31.471+0000] {logging_mixin.py:188} WARNING - /home/***/.local/lib/python3.12/site-packages/yfinance/scrapers/history.py:204 Pandas4Warning: Timestamp.utcnow is deprecated and will be removed in a future version. Use Timestamp.now('UTC') instead.
[2026-02-19T12:59:32.232+0000] {logging_mixin.py:188} WARNING - [*********************100%***********************]  1 of 1 completed
[2026-02-19T12:59:32.248+0000] {api.py:11} INFO - Выгрузилось
    __________________________
    Price            Close        High         Low        Open    Volume
Ticker            GOOG        GOOG        GOOG        GOOG      GOOG
Date                                                                
2026-01-20  322.160004  328.089996  320.890015  321.239990  27169900
2026-01-21  328.380005  332.725006  319.540009  321.095001  22791700
    __________________________
    
[2026-02-19T12:59:32.249+0000] {api.py:17} INFO - start=2026-01-20, end=2026-01-22
[2026-02-19T12:59:32.254+0000] {api.py:18} INFO - После удаления
    __________________________
    Price            Close        High         Low        Open    Volume
Ticker            GOOG        GOOG        GOOG        GOOG      GOOG
Date                                                                
2026-01-21  328.380005  332.725006  319.540009  321.095001  22791700
    __________________________
    
[2026-02-19T12:59:32.263+0000] {base.py:84} INFO - Using connection ID 'pg_1' for task execution.
[2026-02-19T12:59:32.264+0000] {sql.py:254} WARNING - This setter is for backward compatibility and should not be used.
Since the introduction of connection property, the providers listed below breaks due to assigning value to self.connection in their __init__ method.
* apache-***-providers-mysql<5.7.1
* apache-***-providers-elasticsearch<5.5.1
* apache-***-providers-postgres<5.13.0
[2026-02-19T12:59:32.268+0000] {sql.py:896} INFO - Loaded 1 rows into stocks so far
[2026-02-19T12:59:32.269+0000] {sql.py:908} INFO - Done loading. Loaded a total of 1 rows into stocks
[2026-02-19T12:59:32.273+0000] {python.py:237} INFO - Done. Returned value was: None
[2026-02-19T12:59:32.274+0000] {taskinstance.py:441} INFO - ::group::Post task execution logs
[2026-02-19T12:59:32.280+0000] {taskinstance.py:1206} INFO - Marking task as SUCCESS. dag_id=dag_moex, task_id=task_GOOG, run_id=scheduled__2026-01-21T00:00:00+00:00, execution_date=20260121T000000, start_date=20260219T125931, end_date=20260219T125932
[2026-02-19T12:59:32.327+0000] {local_task_job_runner.py:243} INFO - Task exited with return code 0
[2026-02-19T12:59:32.345+0000] {taskinstance.py:3503} INFO - 0 downstream tasks scheduled from follow-on schedule check
[2026-02-19T12:59:32.347+0000] {local_task_job_runner.py:222} INFO - ::endgroup::
[2026-02-19T14:50:31.156+0000] {local_task_job_runner.py:120} INFO - ::group::Pre task execution logs
[2026-02-19T14:50:31.200+0000] {taskinstance.py:2076} INFO - Dependencies all met for dep_context=non-requeueable deps ti=<TaskInstance: dag_moex.task_GOOG scheduled__2026-01-21T00:00:00+00:00 [queued]>
[2026-02-19T14:50:31.210+0000] {taskinstance.py:2076} INFO - Dependencies all met for dep_context=requeueable deps ti=<TaskInstance: dag_moex.task_GOOG scheduled__2026-01-21T00:00:00+00:00 [queued]>
[2026-02-19T14:50:31.212+0000] {taskinstance.py:2306} INFO - Starting attempt 1 of 1
[2026-02-19T14:50:31.242+0000] {taskinstance.py:2330} INFO - Executing <Task(PythonOperator): task_GOOG> on 2026-01-21 00:00:00+00:00
[2026-02-19T14:50:31.261+0000] {logging_mixin.py:188} WARNING - /home/***/.local/lib/python3.12/site-packages/***/task/task_runner/standard_task_runner.py:62 DeprecationWarning: This process (pid=32599) is multi-threaded, use of fork() may lead to deadlocks in the child.
[2026-02-19T14:50:31.261+0000] {standard_task_runner.py:90} INFO - Running: ['***', 'tasks', 'run', 'dag_moex', 'task_GOOG', 'scheduled__2026-01-21T00:00:00+00:00', '--job-id', '1400', '--raw', '--subdir', 'DAGS_FOLDER/stocks/dag1.py', '--cfg-path', '/tmp/tmpis0dd6d1']
[2026-02-19T14:50:31.263+0000] {standard_task_runner.py:64} INFO - Started process 32620 to run task
[2026-02-19T14:50:31.264+0000] {standard_task_runner.py:91} INFO - Job 1400: Subtask task_GOOG
[2026-02-19T14:50:31.313+0000] {task_command.py:426} INFO - Running <TaskInstance: dag_moex.task_GOOG scheduled__2026-01-21T00:00:00+00:00 [running]> on host cc036e7caf02
[2026-02-19T14:50:31.384+0000] {taskinstance.py:2648} INFO - Exporting env vars: AIRFLOW_CTX_DAG_OWNER='***' AIRFLOW_CTX_DAG_ID='dag_moex' AIRFLOW_CTX_TASK_ID='task_GOOG' AIRFLOW_CTX_EXECUTION_DATE='2026-01-21T00:00:00+00:00' AIRFLOW_CTX_TRY_NUMBER='1' AIRFLOW_CTX_DAG_RUN_ID='scheduled__2026-01-21T00:00:00+00:00'
[2026-02-19T14:50:31.385+0000] {taskinstance.py:430} INFO - ::endgroup::
[2026-02-19T14:50:31.395+0000] {logging_mixin.py:188} WARNING - /opt/***/dags/stocks/scripts/api.py:9 FutureWarning: YF.download() has changed argument auto_adjust default to True
[2026-02-19T14:50:31.402+0000] {logging_mixin.py:188} WARNING - /home/***/.local/lib/python3.12/site-packages/yfinance/scrapers/history.py:204 Pandas4Warning: Timestamp.utcnow is deprecated and will be removed in a future version. Use Timestamp.now('UTC') instead.
[2026-02-19T14:50:32.205+0000] {logging_mixin.py:188} WARNING - [*********************100%***********************]  1 of 1 completed
[2026-02-19T14:50:32.235+0000] {base.py:84} INFO - Using connection ID 'pg_1' for task execution.
[2026-02-19T14:50:32.236+0000] {sql.py:254} WARNING - This setter is for backward compatibility and should not be used.
Since the introduction of connection property, the providers listed below breaks due to assigning value to self.connection in their __init__ method.
* apache-***-providers-mysql<5.7.1
* apache-***-providers-elasticsearch<5.5.1
* apache-***-providers-postgres<5.13.0
[2026-02-19T14:50:32.241+0000] {taskinstance.py:441} INFO - ::group::Post task execution logs
[2026-02-19T14:50:32.242+0000] {taskinstance.py:2905} ERROR - Task failed with exception
Traceback (most recent call last):
  File "/home/airflow/.local/lib/python3.12/site-packages/airflow/models/taskinstance.py", line 465, in _execute_task
    result = _execute_callable(context=context, **execute_callable_kwargs)
             ^^^^^^^^^^^^^^^^^^^^^^^^^^^^^^^^^^^^^^^^^^^^^^^^^^^^^^^^^^^^^
  File "/home/airflow/.local/lib/python3.12/site-packages/airflow/models/taskinstance.py", line 432, in _execute_callable
    return execute_callable(context=context, **execute_callable_kwargs)
           ^^^^^^^^^^^^^^^^^^^^^^^^^^^^^^^^^^^^^^^^^^^^^^^^^^^^^^^^^^^^
  File "/home/airflow/.local/lib/python3.12/site-packages/airflow/models/baseoperator.py", line 401, in wrapper
    return func(self, *args, **kwargs)
           ^^^^^^^^^^^^^^^^^^^^^^^^^^^
  File "/home/airflow/.local/lib/python3.12/site-packages/airflow/operators/python.py", line 235, in execute
    return_value = self.execute_callable()
                   ^^^^^^^^^^^^^^^^^^^^^^^
  File "/home/airflow/.local/lib/python3.12/site-packages/airflow/operators/python.py", line 252, in execute_callable
    return self.python_callable(*self.op_args, **self.op_kwargs)
           ^^^^^^^^^^^^^^^^^^^^^^^^^^^^^^^^^^^^^^^^^^^^^^^^^^^^^
  File "/opt/airflow/dags/stocks/scripts/manager.py", line 24, in fetch_data
    postgresHook.insert_rows(table="stocks", rows=rows,
  File "/home/airflow/.local/lib/python3.12/site-packages/airflow/providers/common/sql/hooks/sql.py", line 893, in insert_rows
    cur.executemany(sql, values)
psycopg2.errors.UniqueViolation: duplicate key value violates unique constraint "stocks_pkey"
DETAIL:  Key (ticker, date)=(GOOG, 2026-01-20) already exists.

[2026-02-19T14:50:32.255+0000] {taskinstance.py:1206} INFO - Marking task as FAILED. dag_id=dag_moex, task_id=task_GOOG, run_id=scheduled__2026-01-21T00:00:00+00:00, execution_date=20260121T000000, start_date=20260219T145031, end_date=20260219T145032
[2026-02-19T14:50:32.266+0000] {standard_task_runner.py:110} ERROR - Failed to execute job 1400 for task task_GOOG (duplicate key value violates unique constraint "stocks_pkey"
DETAIL:  Key (ticker, date)=(GOOG, 2026-01-20) already exists.
; 32620)
[2026-02-19T14:50:32.282+0000] {local_task_job_runner.py:243} INFO - Task exited with return code 1
[2026-02-19T14:50:32.290+0000] {local_task_job_runner.py:222} INFO - ::endgroup::
