[2026-02-19T12:58:04.212+0000] {local_task_job_runner.py:120} INFO - ::group::Pre task execution logs
[2026-02-19T12:58:04.261+0000] {taskinstance.py:2076} INFO - Dependencies all met for dep_context=non-requeueable deps ti=<TaskInstance: dag_moex.task_AAPL scheduled__2026-02-18T00:00:00+00:00 [queued]>
[2026-02-19T12:58:04.282+0000] {taskinstance.py:2076} INFO - Dependencies all met for dep_context=requeueable deps ti=<TaskInstance: dag_moex.task_AAPL scheduled__2026-02-18T00:00:00+00:00 [queued]>
[2026-02-19T12:58:04.287+0000] {taskinstance.py:2306} INFO - Starting attempt 1 of 1
[2026-02-19T12:58:04.305+0000] {taskinstance.py:2330} INFO - Executing <Task(PythonOperator): task_AAPL> on 2026-02-18 00:00:00+00:00
[2026-02-19T12:58:04.317+0000] {logging_mixin.py:188} WARNING - /home/***/.local/lib/python3.12/site-packages/***/task/task_runner/standard_task_runner.py:62 DeprecationWarning: This process (pid=27714) is multi-threaded, use of fork() may lead to deadlocks in the child.
[2026-02-19T12:58:04.316+0000] {standard_task_runner.py:90} INFO - Running: ['***', 'tasks', 'run', 'dag_moex', 'task_AAPL', 'scheduled__2026-02-18T00:00:00+00:00', '--job-id', '833', '--raw', '--subdir', 'DAGS_FOLDER/stocks/dag1.py', '--cfg-path', '/tmp/tmp9_6wqkpy']
[2026-02-19T12:58:04.320+0000] {standard_task_runner.py:64} INFO - Started process 27726 to run task
[2026-02-19T12:58:04.321+0000] {standard_task_runner.py:91} INFO - Job 833: Subtask task_AAPL
[2026-02-19T12:58:04.387+0000] {task_command.py:426} INFO - Running <TaskInstance: dag_moex.task_AAPL scheduled__2026-02-18T00:00:00+00:00 [running]> on host cc036e7caf02
[2026-02-19T12:58:04.468+0000] {taskinstance.py:2648} INFO - Exporting env vars: AIRFLOW_CTX_DAG_OWNER='***' AIRFLOW_CTX_DAG_ID='dag_moex' AIRFLOW_CTX_TASK_ID='task_AAPL' AIRFLOW_CTX_EXECUTION_DATE='2026-02-18T00:00:00+00:00' AIRFLOW_CTX_TRY_NUMBER='1' AIRFLOW_CTX_DAG_RUN_ID='scheduled__2026-02-18T00:00:00+00:00'
[2026-02-19T12:58:04.469+0000] {taskinstance.py:430} INFO - ::endgroup::
[2026-02-19T12:58:04.480+0000] {logging_mixin.py:188} WARNING - /opt/***/dags/stocks/scripts/api.py:10 FutureWarning: YF.download() has changed argument auto_adjust default to True
[2026-02-19T12:58:04.488+0000] {logging_mixin.py:188} WARNING - /home/***/.local/lib/python3.12/site-packages/yfinance/scrapers/history.py:204 Pandas4Warning: Timestamp.utcnow is deprecated and will be removed in a future version. Use Timestamp.now('UTC') instead.
[2026-02-19T12:58:05.283+0000] {logging_mixin.py:188} WARNING - [*********************100%***********************]  1 of 1 completed
[2026-02-19T12:58:05.296+0000] {api.py:11} INFO - Выгрузилось
    __________________________
    Price            Close        High         Low        Open    Volume
Ticker            AAPL        AAPL        AAPL        AAPL      AAPL
Date                                                                
2026-02-17  263.880005  266.290009  255.539993  258.049988  58469100
2026-02-18  264.350006  266.820007  262.450012  263.600006  34129600
    __________________________
    
[2026-02-19T12:58:05.297+0000] {api.py:17} INFO - start=2026-02-17, end=2026-02-19
[2026-02-19T12:58:05.301+0000] {api.py:18} INFO - После удаления
    __________________________
    Price            Close        High         Low        Open    Volume
Ticker            AAPL        AAPL        AAPL        AAPL      AAPL
Date                                                                
2026-02-18  264.350006  266.820007  262.450012  263.600006  34129600
    __________________________
    
[2026-02-19T12:58:05.313+0000] {base.py:84} INFO - Using connection ID 'pg_1' for task execution.
[2026-02-19T12:58:05.314+0000] {sql.py:254} WARNING - This setter is for backward compatibility and should not be used.
Since the introduction of connection property, the providers listed below breaks due to assigning value to self.connection in their __init__ method.
* apache-***-providers-mysql<5.7.1
* apache-***-providers-elasticsearch<5.5.1
* apache-***-providers-postgres<5.13.0
[2026-02-19T12:58:05.320+0000] {sql.py:896} INFO - Loaded 1 rows into stocks so far
[2026-02-19T12:58:05.321+0000] {sql.py:908} INFO - Done loading. Loaded a total of 1 rows into stocks
[2026-02-19T12:58:05.326+0000] {python.py:237} INFO - Done. Returned value was: None
[2026-02-19T12:58:05.326+0000] {taskinstance.py:441} INFO - ::group::Post task execution logs
[2026-02-19T12:58:05.335+0000] {taskinstance.py:1206} INFO - Marking task as SUCCESS. dag_id=dag_moex, task_id=task_AAPL, run_id=scheduled__2026-02-18T00:00:00+00:00, execution_date=20260218T000000, start_date=20260219T125804, end_date=20260219T125805
[2026-02-19T12:58:05.380+0000] {local_task_job_runner.py:243} INFO - Task exited with return code 0
[2026-02-19T12:58:05.393+0000] {taskinstance.py:3503} INFO - 0 downstream tasks scheduled from follow-on schedule check
[2026-02-19T12:58:05.395+0000] {local_task_job_runner.py:222} INFO - ::endgroup::
[2026-02-19T14:19:31.421+0000] {local_task_job_runner.py:120} INFO - ::group::Pre task execution logs
[2026-02-19T14:19:31.471+0000] {taskinstance.py:2076} INFO - Dependencies all met for dep_context=non-requeueable deps ti=<TaskInstance: dag_moex.task_AAPL scheduled__2026-02-18T00:00:00+00:00 [queued]>
[2026-02-19T14:19:31.485+0000] {taskinstance.py:2076} INFO - Dependencies all met for dep_context=requeueable deps ti=<TaskInstance: dag_moex.task_AAPL scheduled__2026-02-18T00:00:00+00:00 [queued]>
[2026-02-19T14:19:31.488+0000] {taskinstance.py:2306} INFO - Starting attempt 1 of 1
[2026-02-19T14:19:31.518+0000] {taskinstance.py:2330} INFO - Executing <Task(PythonOperator): task_AAPL> on 2026-02-18 00:00:00+00:00
[2026-02-19T14:19:31.551+0000] {logging_mixin.py:188} WARNING - /home/***/.local/lib/python3.12/site-packages/***/task/task_runner/standard_task_runner.py:62 DeprecationWarning: This process (pid=30757) is multi-threaded, use of fork() may lead to deadlocks in the child.
[2026-02-19T14:19:31.556+0000] {standard_task_runner.py:64} INFO - Started process 30775 to run task
[2026-02-19T14:19:31.552+0000] {standard_task_runner.py:90} INFO - Running: ['***', 'tasks', 'run', 'dag_moex', 'task_AAPL', 'scheduled__2026-02-18T00:00:00+00:00', '--job-id', '1117', '--raw', '--subdir', 'DAGS_FOLDER/stocks/dag1.py', '--cfg-path', '/tmp/tmpk3lfj3ko']
[2026-02-19T14:19:31.557+0000] {standard_task_runner.py:91} INFO - Job 1117: Subtask task_AAPL
[2026-02-19T14:19:31.620+0000] {task_command.py:426} INFO - Running <TaskInstance: dag_moex.task_AAPL scheduled__2026-02-18T00:00:00+00:00 [running]> on host cc036e7caf02
[2026-02-19T14:19:31.697+0000] {taskinstance.py:2648} INFO - Exporting env vars: AIRFLOW_CTX_DAG_OWNER='***' AIRFLOW_CTX_DAG_ID='dag_moex' AIRFLOW_CTX_TASK_ID='task_AAPL' AIRFLOW_CTX_EXECUTION_DATE='2026-02-18T00:00:00+00:00' AIRFLOW_CTX_TRY_NUMBER='1' AIRFLOW_CTX_DAG_RUN_ID='scheduled__2026-02-18T00:00:00+00:00'
[2026-02-19T14:19:31.698+0000] {taskinstance.py:430} INFO - ::endgroup::
[2026-02-19T14:19:31.711+0000] {logging_mixin.py:188} WARNING - /opt/***/dags/stocks/scripts/api.py:9 FutureWarning: YF.download() has changed argument auto_adjust default to True
[2026-02-19T14:19:31.718+0000] {logging_mixin.py:188} WARNING - /home/***/.local/lib/python3.12/site-packages/yfinance/scrapers/history.py:204 Pandas4Warning: Timestamp.utcnow is deprecated and will be removed in a future version. Use Timestamp.now('UTC') instead.
[2026-02-19T14:19:32.406+0000] {logging_mixin.py:188} WARNING - [*********************100%***********************]  1 of 1 completed
[2026-02-19T14:19:32.421+0000] {api.py:10} INFO - Выгрузилось
    __________________________
    Price            Close        High         Low        Open    Volume
Ticker            AAPL        AAPL        AAPL        AAPL      AAPL
Date                                                                
2026-02-17  263.880005  266.290009  255.539993  258.049988  58469100
2026-02-18  264.350006  266.820007  262.450012  263.600006  34129600
    __________________________
    
[2026-02-19T14:19:32.423+0000] {api.py:16} INFO - start=2026-02-17, end=2026-02-19
[2026-02-19T14:19:32.428+0000] {api.py:17} INFO - После удаления
    __________________________
    Price            Close        High         Low        Open    Volume
Ticker            AAPL        AAPL        AAPL        AAPL      AAPL
Date                                                                
2026-02-18  264.350006  266.820007  262.450012  263.600006  34129600
    __________________________
    
[2026-02-19T14:19:32.438+0000] {base.py:84} INFO - Using connection ID 'pg_1' for task execution.
[2026-02-19T14:19:32.439+0000] {sql.py:254} WARNING - This setter is for backward compatibility and should not be used.
Since the introduction of connection property, the providers listed below breaks due to assigning value to self.connection in their __init__ method.
* apache-***-providers-mysql<5.7.1
* apache-***-providers-elasticsearch<5.5.1
* apache-***-providers-postgres<5.13.0
[2026-02-19T14:19:32.447+0000] {sql.py:896} INFO - Loaded 1 rows into stocks so far
[2026-02-19T14:19:32.448+0000] {sql.py:908} INFO - Done loading. Loaded a total of 1 rows into stocks
[2026-02-19T14:19:32.454+0000] {python.py:237} INFO - Done. Returned value was: None
[2026-02-19T14:19:32.455+0000] {taskinstance.py:441} INFO - ::group::Post task execution logs
[2026-02-19T14:19:32.462+0000] {taskinstance.py:1206} INFO - Marking task as SUCCESS. dag_id=dag_moex, task_id=task_AAPL, run_id=scheduled__2026-02-18T00:00:00+00:00, execution_date=20260218T000000, start_date=20260219T141931, end_date=20260219T141932
[2026-02-19T14:19:32.496+0000] {local_task_job_runner.py:243} INFO - Task exited with return code 0
[2026-02-19T14:19:32.502+0000] {local_task_job_runner.py:222} INFO - ::endgroup::
[2026-02-19T14:19:47.451+0000] {local_task_job_runner.py:120} INFO - ::group::Pre task execution logs
[2026-02-19T14:19:47.480+0000] {taskinstance.py:2076} INFO - Dependencies all met for dep_context=non-requeueable deps ti=<TaskInstance: dag_moex.task_AAPL scheduled__2026-02-18T00:00:00+00:00 [queued]>
[2026-02-19T14:19:47.487+0000] {taskinstance.py:2076} INFO - Dependencies all met for dep_context=requeueable deps ti=<TaskInstance: dag_moex.task_AAPL scheduled__2026-02-18T00:00:00+00:00 [queued]>
[2026-02-19T14:19:47.487+0000] {taskinstance.py:2306} INFO - Starting attempt 1 of 1
[2026-02-19T14:19:47.497+0000] {taskinstance.py:2330} INFO - Executing <Task(PythonOperator): task_AAPL> on 2026-02-18 00:00:00+00:00
[2026-02-19T14:19:47.505+0000] {logging_mixin.py:188} WARNING - /home/***/.local/lib/python3.12/site-packages/***/task/task_runner/standard_task_runner.py:62 DeprecationWarning: This process (pid=30789) is multi-threaded, use of fork() may lead to deadlocks in the child.
[2026-02-19T14:19:47.507+0000] {standard_task_runner.py:64} INFO - Started process 30796 to run task
[2026-02-19T14:19:47.505+0000] {standard_task_runner.py:90} INFO - Running: ['***', 'tasks', 'run', 'dag_moex', 'task_AAPL', 'scheduled__2026-02-18T00:00:00+00:00', '--job-id', '1121', '--raw', '--subdir', 'DAGS_FOLDER/stocks/dag1.py', '--cfg-path', '/tmp/tmpc7nmv3lz']
[2026-02-19T14:19:47.507+0000] {standard_task_runner.py:91} INFO - Job 1121: Subtask task_AAPL
[2026-02-19T14:19:47.544+0000] {task_command.py:426} INFO - Running <TaskInstance: dag_moex.task_AAPL scheduled__2026-02-18T00:00:00+00:00 [running]> on host cc036e7caf02
[2026-02-19T14:19:47.605+0000] {taskinstance.py:2648} INFO - Exporting env vars: AIRFLOW_CTX_DAG_OWNER='***' AIRFLOW_CTX_DAG_ID='dag_moex' AIRFLOW_CTX_TASK_ID='task_AAPL' AIRFLOW_CTX_EXECUTION_DATE='2026-02-18T00:00:00+00:00' AIRFLOW_CTX_TRY_NUMBER='1' AIRFLOW_CTX_DAG_RUN_ID='scheduled__2026-02-18T00:00:00+00:00'
[2026-02-19T14:19:47.606+0000] {taskinstance.py:430} INFO - ::endgroup::
[2026-02-19T14:19:47.617+0000] {logging_mixin.py:188} WARNING - /opt/***/dags/stocks/scripts/api.py:9 FutureWarning: YF.download() has changed argument auto_adjust default to True
[2026-02-19T14:19:47.623+0000] {logging_mixin.py:188} WARNING - /home/***/.local/lib/python3.12/site-packages/yfinance/scrapers/history.py:204 Pandas4Warning: Timestamp.utcnow is deprecated and will be removed in a future version. Use Timestamp.now('UTC') instead.
[2026-02-19T14:19:48.411+0000] {logging_mixin.py:188} WARNING - [*********************100%***********************]  1 of 1 completed
[2026-02-19T14:19:48.428+0000] {api.py:10} INFO - Выгрузилось
    __________________________
    Price            Close        High         Low        Open    Volume
Ticker            AAPL        AAPL        AAPL        AAPL      AAPL
Date                                                                
2026-02-17  263.880005  266.290009  255.539993  258.049988  58469100
2026-02-18  264.350006  266.820007  262.450012  263.600006  34129600
    __________________________
    
[2026-02-19T14:19:48.430+0000] {api.py:16} INFO - start=2026-02-17, end=2026-02-19
[2026-02-19T14:19:48.434+0000] {api.py:17} INFO - После удаления
    __________________________
    Price            Close        High         Low        Open    Volume
Ticker            AAPL        AAPL        AAPL        AAPL      AAPL
Date                                                                
2026-02-18  264.350006  266.820007  262.450012  263.600006  34129600
    __________________________
    
[2026-02-19T14:19:48.444+0000] {base.py:84} INFO - Using connection ID 'pg_1' for task execution.
[2026-02-19T14:19:48.444+0000] {sql.py:254} WARNING - This setter is for backward compatibility and should not be used.
Since the introduction of connection property, the providers listed below breaks due to assigning value to self.connection in their __init__ method.
* apache-***-providers-mysql<5.7.1
* apache-***-providers-elasticsearch<5.5.1
* apache-***-providers-postgres<5.13.0
[2026-02-19T14:19:48.448+0000] {taskinstance.py:441} INFO - ::group::Post task execution logs
[2026-02-19T14:19:48.449+0000] {taskinstance.py:2905} ERROR - Task failed with exception
Traceback (most recent call last):
  File "/home/airflow/.local/lib/python3.12/site-packages/airflow/models/taskinstance.py", line 465, in _execute_task
    result = _execute_callable(context=context, **execute_callable_kwargs)
             ^^^^^^^^^^^^^^^^^^^^^^^^^^^^^^^^^^^^^^^^^^^^^^^^^^^^^^^^^^^^^
  File "/home/airflow/.local/lib/python3.12/site-packages/airflow/models/taskinstance.py", line 432, in _execute_callable
    return execute_callable(context=context, **execute_callable_kwargs)
           ^^^^^^^^^^^^^^^^^^^^^^^^^^^^^^^^^^^^^^^^^^^^^^^^^^^^^^^^^^^^
  File "/home/airflow/.local/lib/python3.12/site-packages/airflow/models/baseoperator.py", line 401, in wrapper
    return func(self, *args, **kwargs)
           ^^^^^^^^^^^^^^^^^^^^^^^^^^^
  File "/home/airflow/.local/lib/python3.12/site-packages/airflow/operators/python.py", line 235, in execute
    return_value = self.execute_callable()
                   ^^^^^^^^^^^^^^^^^^^^^^^
  File "/home/airflow/.local/lib/python3.12/site-packages/airflow/operators/python.py", line 252, in execute_callable
    return self.python_callable(*self.op_args, **self.op_kwargs)
           ^^^^^^^^^^^^^^^^^^^^^^^^^^^^^^^^^^^^^^^^^^^^^^^^^^^^^
  File "/opt/airflow/dags/stocks/scripts/manager.py", line 24, in fetch_data
    postgresHook.insert_rows(table="stocks", rows=rows,
  File "/home/airflow/.local/lib/python3.12/site-packages/airflow/providers/common/sql/hooks/sql.py", line 893, in insert_rows
    cur.executemany(sql, values)
psycopg2.errors.UniqueViolation: duplicate key value violates unique constraint "stocks_pkey"
DETAIL:  Key (ticker, date)=(AAPL, 2026-02-18) already exists.

[2026-02-19T14:19:48.458+0000] {taskinstance.py:1206} INFO - Marking task as FAILED. dag_id=dag_moex, task_id=task_AAPL, run_id=scheduled__2026-02-18T00:00:00+00:00, execution_date=20260218T000000, start_date=20260219T141947, end_date=20260219T141948
[2026-02-19T14:19:48.467+0000] {standard_task_runner.py:110} ERROR - Failed to execute job 1121 for task task_AAPL (duplicate key value violates unique constraint "stocks_pkey"
DETAIL:  Key (ticker, date)=(AAPL, 2026-02-18) already exists.
; 30796)
[2026-02-19T14:19:48.482+0000] {local_task_job_runner.py:243} INFO - Task exited with return code 1
[2026-02-19T14:19:48.493+0000] {taskinstance.py:3503} INFO - 0 downstream tasks scheduled from follow-on schedule check
[2026-02-19T14:19:48.495+0000] {local_task_job_runner.py:222} INFO - ::endgroup::
[2026-02-19T14:21:04.730+0000] {local_task_job_runner.py:120} INFO - ::group::Pre task execution logs
[2026-02-19T14:21:04.757+0000] {taskinstance.py:2076} INFO - Dependencies all met for dep_context=non-requeueable deps ti=<TaskInstance: dag_moex.task_AAPL scheduled__2026-02-18T00:00:00+00:00 [queued]>
[2026-02-19T14:21:04.764+0000] {taskinstance.py:2076} INFO - Dependencies all met for dep_context=requeueable deps ti=<TaskInstance: dag_moex.task_AAPL scheduled__2026-02-18T00:00:00+00:00 [queued]>
[2026-02-19T14:21:04.765+0000] {taskinstance.py:2306} INFO - Starting attempt 1 of 1
[2026-02-19T14:21:04.777+0000] {taskinstance.py:2330} INFO - Executing <Task(PythonOperator): task_AAPL> on 2026-02-18 00:00:00+00:00
[2026-02-19T14:21:04.787+0000] {logging_mixin.py:188} WARNING - /home/***/.local/lib/python3.12/site-packages/***/task/task_runner/standard_task_runner.py:62 DeprecationWarning: This process (pid=31012) is multi-threaded, use of fork() may lead to deadlocks in the child.
[2026-02-19T14:21:04.788+0000] {standard_task_runner.py:64} INFO - Started process 31029 to run task
[2026-02-19T14:21:04.787+0000] {standard_task_runner.py:90} INFO - Running: ['***', 'tasks', 'run', 'dag_moex', 'task_AAPL', 'scheduled__2026-02-18T00:00:00+00:00', '--job-id', '1171', '--raw', '--subdir', 'DAGS_FOLDER/stocks/dag1.py', '--cfg-path', '/tmp/tmprsomr0l6']
[2026-02-19T14:21:04.790+0000] {standard_task_runner.py:91} INFO - Job 1171: Subtask task_AAPL
[2026-02-19T14:21:04.834+0000] {task_command.py:426} INFO - Running <TaskInstance: dag_moex.task_AAPL scheduled__2026-02-18T00:00:00+00:00 [running]> on host cc036e7caf02
[2026-02-19T14:21:04.914+0000] {taskinstance.py:2648} INFO - Exporting env vars: AIRFLOW_CTX_DAG_OWNER='***' AIRFLOW_CTX_DAG_ID='dag_moex' AIRFLOW_CTX_TASK_ID='task_AAPL' AIRFLOW_CTX_EXECUTION_DATE='2026-02-18T00:00:00+00:00' AIRFLOW_CTX_TRY_NUMBER='1' AIRFLOW_CTX_DAG_RUN_ID='scheduled__2026-02-18T00:00:00+00:00'
[2026-02-19T14:21:04.916+0000] {taskinstance.py:430} INFO - ::endgroup::
[2026-02-19T14:21:04.927+0000] {logging_mixin.py:188} WARNING - /opt/***/dags/stocks/scripts/api.py:9 FutureWarning: YF.download() has changed argument auto_adjust default to True
[2026-02-19T14:21:04.934+0000] {logging_mixin.py:188} WARNING - /home/***/.local/lib/python3.12/site-packages/yfinance/scrapers/history.py:204 Pandas4Warning: Timestamp.utcnow is deprecated and will be removed in a future version. Use Timestamp.now('UTC') instead.
[2026-02-19T14:21:05.877+0000] {logging_mixin.py:188} WARNING - [*********************100%***********************]  1 of 1 completed
[2026-02-19T14:21:05.892+0000] {api.py:10} INFO - Выгрузилось
    __________________________
    Price            Close        High         Low        Open    Volume
Ticker            AAPL        AAPL        AAPL        AAPL      AAPL
Date                                                                
2026-02-17  263.880005  266.290009  255.539993  258.049988  58469100
2026-02-18  264.350006  266.820007  262.450012  263.600006  34129600
    __________________________
    
[2026-02-19T14:21:05.894+0000] {api.py:16} INFO - start=2026-02-17, end=2026-02-19
[2026-02-19T14:21:05.898+0000] {api.py:17} INFO - После удаления
    __________________________
    Price            Close        High         Low        Open    Volume
Ticker            AAPL        AAPL        AAPL        AAPL      AAPL
Date                                                                
2026-02-18  264.350006  266.820007  262.450012  263.600006  34129600
    __________________________
    
[2026-02-19T14:21:05.907+0000] {base.py:84} INFO - Using connection ID 'pg_1' for task execution.
[2026-02-19T14:21:05.907+0000] {sql.py:254} WARNING - This setter is for backward compatibility and should not be used.
Since the introduction of connection property, the providers listed below breaks due to assigning value to self.connection in their __init__ method.
* apache-***-providers-mysql<5.7.1
* apache-***-providers-elasticsearch<5.5.1
* apache-***-providers-postgres<5.13.0
[2026-02-19T14:21:05.912+0000] {taskinstance.py:441} INFO - ::group::Post task execution logs
[2026-02-19T14:21:05.913+0000] {taskinstance.py:2905} ERROR - Task failed with exception
Traceback (most recent call last):
  File "/home/airflow/.local/lib/python3.12/site-packages/airflow/models/taskinstance.py", line 465, in _execute_task
    result = _execute_callable(context=context, **execute_callable_kwargs)
             ^^^^^^^^^^^^^^^^^^^^^^^^^^^^^^^^^^^^^^^^^^^^^^^^^^^^^^^^^^^^^
  File "/home/airflow/.local/lib/python3.12/site-packages/airflow/models/taskinstance.py", line 432, in _execute_callable
    return execute_callable(context=context, **execute_callable_kwargs)
           ^^^^^^^^^^^^^^^^^^^^^^^^^^^^^^^^^^^^^^^^^^^^^^^^^^^^^^^^^^^^
  File "/home/airflow/.local/lib/python3.12/site-packages/airflow/models/baseoperator.py", line 401, in wrapper
    return func(self, *args, **kwargs)
           ^^^^^^^^^^^^^^^^^^^^^^^^^^^
  File "/home/airflow/.local/lib/python3.12/site-packages/airflow/operators/python.py", line 235, in execute
    return_value = self.execute_callable()
                   ^^^^^^^^^^^^^^^^^^^^^^^
  File "/home/airflow/.local/lib/python3.12/site-packages/airflow/operators/python.py", line 252, in execute_callable
    return self.python_callable(*self.op_args, **self.op_kwargs)
           ^^^^^^^^^^^^^^^^^^^^^^^^^^^^^^^^^^^^^^^^^^^^^^^^^^^^^
  File "/opt/airflow/dags/stocks/scripts/manager.py", line 24, in fetch_data
    postgresHook.insert_rows(table="stocks", rows=rows,
  File "/home/airflow/.local/lib/python3.12/site-packages/airflow/providers/common/sql/hooks/sql.py", line 893, in insert_rows
    cur.executemany(sql, values)
psycopg2.errors.UniqueViolation: duplicate key value violates unique constraint "stocks_pkey"
DETAIL:  Key (ticker, date)=(AAPL, 2026-02-18) already exists.

[2026-02-19T14:21:05.924+0000] {taskinstance.py:1206} INFO - Marking task as FAILED. dag_id=dag_moex, task_id=task_AAPL, run_id=scheduled__2026-02-18T00:00:00+00:00, execution_date=20260218T000000, start_date=20260219T142104, end_date=20260219T142105
[2026-02-19T14:21:05.932+0000] {standard_task_runner.py:110} ERROR - Failed to execute job 1171 for task task_AAPL (duplicate key value violates unique constraint "stocks_pkey"
DETAIL:  Key (ticker, date)=(AAPL, 2026-02-18) already exists.
; 31029)
[2026-02-19T14:21:05.964+0000] {local_task_job_runner.py:243} INFO - Task exited with return code 1
[2026-02-19T14:21:05.977+0000] {taskinstance.py:3503} INFO - 0 downstream tasks scheduled from follow-on schedule check
[2026-02-19T14:21:05.979+0000] {local_task_job_runner.py:222} INFO - ::endgroup::
[2026-02-19T14:27:45.422+0000] {local_task_job_runner.py:120} INFO - ::group::Pre task execution logs
[2026-02-19T14:27:45.454+0000] {taskinstance.py:2076} INFO - Dependencies all met for dep_context=non-requeueable deps ti=<TaskInstance: dag_moex.task_AAPL scheduled__2026-02-18T00:00:00+00:00 [queued]>
[2026-02-19T14:27:45.464+0000] {taskinstance.py:2076} INFO - Dependencies all met for dep_context=requeueable deps ti=<TaskInstance: dag_moex.task_AAPL scheduled__2026-02-18T00:00:00+00:00 [queued]>
[2026-02-19T14:27:45.466+0000] {taskinstance.py:2306} INFO - Starting attempt 1 of 1
[2026-02-19T14:27:45.481+0000] {taskinstance.py:2330} INFO - Executing <Task(PythonOperator): task_AAPL> on 2026-02-18 00:00:00+00:00
[2026-02-19T14:27:45.491+0000] {logging_mixin.py:188} WARNING - /home/***/.local/lib/python3.12/site-packages/***/task/task_runner/standard_task_runner.py:62 DeprecationWarning: This process (pid=31396) is multi-threaded, use of fork() may lead to deadlocks in the child.
[2026-02-19T14:27:45.493+0000] {standard_task_runner.py:64} INFO - Started process 31407 to run task
[2026-02-19T14:27:45.491+0000] {standard_task_runner.py:90} INFO - Running: ['***', 'tasks', 'run', 'dag_moex', 'task_AAPL', 'scheduled__2026-02-18T00:00:00+00:00', '--job-id', '1229', '--raw', '--subdir', 'DAGS_FOLDER/stocks/dag1.py', '--cfg-path', '/tmp/tmppj3lejem']
[2026-02-19T14:27:45.493+0000] {standard_task_runner.py:91} INFO - Job 1229: Subtask task_AAPL
[2026-02-19T14:27:45.544+0000] {task_command.py:426} INFO - Running <TaskInstance: dag_moex.task_AAPL scheduled__2026-02-18T00:00:00+00:00 [running]> on host cc036e7caf02
[2026-02-19T14:27:45.635+0000] {taskinstance.py:2648} INFO - Exporting env vars: AIRFLOW_CTX_DAG_OWNER='***' AIRFLOW_CTX_DAG_ID='dag_moex' AIRFLOW_CTX_TASK_ID='task_AAPL' AIRFLOW_CTX_EXECUTION_DATE='2026-02-18T00:00:00+00:00' AIRFLOW_CTX_TRY_NUMBER='1' AIRFLOW_CTX_DAG_RUN_ID='scheduled__2026-02-18T00:00:00+00:00'
[2026-02-19T14:27:45.636+0000] {taskinstance.py:430} INFO - ::endgroup::
[2026-02-19T14:27:45.649+0000] {logging_mixin.py:188} WARNING - /opt/***/dags/stocks/scripts/api.py:9 FutureWarning: YF.download() has changed argument auto_adjust default to True
[2026-02-19T14:27:45.656+0000] {logging_mixin.py:188} WARNING - /home/***/.local/lib/python3.12/site-packages/yfinance/scrapers/history.py:204 Pandas4Warning: Timestamp.utcnow is deprecated and will be removed in a future version. Use Timestamp.now('UTC') instead.
[2026-02-19T14:27:46.378+0000] {logging_mixin.py:188} WARNING - [*********************100%***********************]  1 of 1 completed
[2026-02-19T14:27:46.394+0000] {api.py:10} INFO - Выгрузилось
    __________________________
    Price            Close        High         Low        Open    Volume
Ticker            AAPL        AAPL        AAPL        AAPL      AAPL
Date                                                                
2026-02-17  263.880005  266.290009  255.539993  258.049988  58469100
2026-02-18  264.350006  266.820007  262.450012  263.600006  34129600
    __________________________
    
[2026-02-19T14:27:46.396+0000] {api.py:16} INFO - start=2026-02-17, end=2026-02-19
[2026-02-19T14:27:46.399+0000] {api.py:17} INFO - После удаления
    __________________________
    Price            Close        High         Low        Open    Volume
Ticker            AAPL        AAPL        AAPL        AAPL      AAPL
Date                                                                
2026-02-18  264.350006  266.820007  262.450012  263.600006  34129600
    __________________________
    
[2026-02-19T14:27:46.408+0000] {base.py:84} INFO - Using connection ID 'pg_1' for task execution.
[2026-02-19T14:27:46.409+0000] {sql.py:254} WARNING - This setter is for backward compatibility and should not be used.
Since the introduction of connection property, the providers listed below breaks due to assigning value to self.connection in their __init__ method.
* apache-***-providers-mysql<5.7.1
* apache-***-providers-elasticsearch<5.5.1
* apache-***-providers-postgres<5.13.0
[2026-02-19T14:27:46.413+0000] {sql.py:896} INFO - Loaded 1 rows into stocks so far
[2026-02-19T14:27:46.414+0000] {sql.py:908} INFO - Done loading. Loaded a total of 1 rows into stocks
[2026-02-19T14:27:46.417+0000] {python.py:237} INFO - Done. Returned value was: None
[2026-02-19T14:27:46.418+0000] {taskinstance.py:441} INFO - ::group::Post task execution logs
[2026-02-19T14:27:46.424+0000] {taskinstance.py:1206} INFO - Marking task as SUCCESS. dag_id=dag_moex, task_id=task_AAPL, run_id=scheduled__2026-02-18T00:00:00+00:00, execution_date=20260218T000000, start_date=20260219T142745, end_date=20260219T142746
[2026-02-19T14:27:46.468+0000] {local_task_job_runner.py:243} INFO - Task exited with return code 0
[2026-02-19T14:27:46.484+0000] {taskinstance.py:3503} INFO - 0 downstream tasks scheduled from follow-on schedule check
[2026-02-19T14:27:46.486+0000] {local_task_job_runner.py:222} INFO - ::endgroup::
[2026-02-19T14:41:04.536+0000] {local_task_job_runner.py:120} INFO - ::group::Pre task execution logs
[2026-02-19T14:41:04.561+0000] {taskinstance.py:2076} INFO - Dependencies all met for dep_context=non-requeueable deps ti=<TaskInstance: dag_moex.task_AAPL scheduled__2026-02-18T00:00:00+00:00 [queued]>
[2026-02-19T14:41:04.568+0000] {taskinstance.py:2076} INFO - Dependencies all met for dep_context=requeueable deps ti=<TaskInstance: dag_moex.task_AAPL scheduled__2026-02-18T00:00:00+00:00 [queued]>
[2026-02-19T14:41:04.568+0000] {taskinstance.py:2306} INFO - Starting attempt 1 of 1
[2026-02-19T14:41:04.579+0000] {taskinstance.py:2330} INFO - Executing <Task(PythonOperator): task_AAPL> on 2026-02-18 00:00:00+00:00
[2026-02-19T14:41:04.587+0000] {logging_mixin.py:188} WARNING - /home/***/.local/lib/python3.12/site-packages/***/task/task_runner/standard_task_runner.py:62 DeprecationWarning: This process (pid=31924) is multi-threaded, use of fork() may lead to deadlocks in the child.
[2026-02-19T14:41:04.587+0000] {standard_task_runner.py:90} INFO - Running: ['***', 'tasks', 'run', 'dag_moex', 'task_AAPL', 'scheduled__2026-02-18T00:00:00+00:00', '--job-id', '1280', '--raw', '--subdir', 'DAGS_FOLDER/stocks/dag1.py', '--cfg-path', '/tmp/tmpboekjf6i']
[2026-02-19T14:41:04.588+0000] {standard_task_runner.py:64} INFO - Started process 31932 to run task
[2026-02-19T14:41:04.588+0000] {standard_task_runner.py:91} INFO - Job 1280: Subtask task_AAPL
[2026-02-19T14:41:04.627+0000] {task_command.py:426} INFO - Running <TaskInstance: dag_moex.task_AAPL scheduled__2026-02-18T00:00:00+00:00 [running]> on host cc036e7caf02
[2026-02-19T14:41:04.692+0000] {taskinstance.py:2648} INFO - Exporting env vars: AIRFLOW_CTX_DAG_OWNER='***' AIRFLOW_CTX_DAG_ID='dag_moex' AIRFLOW_CTX_TASK_ID='task_AAPL' AIRFLOW_CTX_EXECUTION_DATE='2026-02-18T00:00:00+00:00' AIRFLOW_CTX_TRY_NUMBER='1' AIRFLOW_CTX_DAG_RUN_ID='scheduled__2026-02-18T00:00:00+00:00'
[2026-02-19T14:41:04.693+0000] {taskinstance.py:430} INFO - ::endgroup::
[2026-02-19T14:41:04.704+0000] {logging_mixin.py:188} WARNING - /opt/***/dags/stocks/scripts/api.py:9 FutureWarning: YF.download() has changed argument auto_adjust default to True
[2026-02-19T14:41:04.710+0000] {logging_mixin.py:188} WARNING - /home/***/.local/lib/python3.12/site-packages/yfinance/scrapers/history.py:204 Pandas4Warning: Timestamp.utcnow is deprecated and will be removed in a future version. Use Timestamp.now('UTC') instead.
[2026-02-19T14:41:05.494+0000] {logging_mixin.py:188} WARNING - [*********************100%***********************]  1 of 1 completed
[2026-02-19T14:41:05.508+0000] {api.py:10} INFO - Выгрузилось
    __________________________
    Price            Close        High         Low        Open    Volume
Ticker            AAPL        AAPL        AAPL        AAPL      AAPL
Date                                                                
2026-02-17  263.880005  266.290009  255.539993  258.049988  58469100
2026-02-18  264.350006  266.820007  262.450012  263.600006  34129600
    __________________________
    
[2026-02-19T14:41:05.509+0000] {taskinstance.py:441} INFO - ::group::Post task execution logs
[2026-02-19T14:41:05.509+0000] {taskinstance.py:2905} ERROR - Task failed with exception
Traceback (most recent call last):
  File "/home/airflow/.local/lib/python3.12/site-packages/airflow/models/taskinstance.py", line 465, in _execute_task
    result = _execute_callable(context=context, **execute_callable_kwargs)
             ^^^^^^^^^^^^^^^^^^^^^^^^^^^^^^^^^^^^^^^^^^^^^^^^^^^^^^^^^^^^^
  File "/home/airflow/.local/lib/python3.12/site-packages/airflow/models/taskinstance.py", line 432, in _execute_callable
    return execute_callable(context=context, **execute_callable_kwargs)
           ^^^^^^^^^^^^^^^^^^^^^^^^^^^^^^^^^^^^^^^^^^^^^^^^^^^^^^^^^^^^
  File "/home/airflow/.local/lib/python3.12/site-packages/airflow/models/baseoperator.py", line 401, in wrapper
    return func(self, *args, **kwargs)
           ^^^^^^^^^^^^^^^^^^^^^^^^^^^
  File "/home/airflow/.local/lib/python3.12/site-packages/airflow/operators/python.py", line 235, in execute
    return_value = self.execute_callable()
                   ^^^^^^^^^^^^^^^^^^^^^^^
  File "/home/airflow/.local/lib/python3.12/site-packages/airflow/operators/python.py", line 252, in execute_callable
    return self.python_callable(*self.op_args, **self.op_kwargs)
           ^^^^^^^^^^^^^^^^^^^^^^^^^^^^^^^^^^^^^^^^^^^^^^^^^^^^^
  File "/opt/airflow/dags/stocks/scripts/manager.py", line 11, in fetch_data
    data = fetch_data_from_yfinance(stock, data_interval_start=data_interval_start, data_interval_end=data_interval_end)
           ^^^^^^^^^^^^^^^^^^^^^^^^^^^^^^^^^^^^^^^^^^^^^^^^^^^^^^^^^^^^^^^^^^^^^^^^^^^^^^^^^^^^^^^^^^^^^^^^^^^^^^^^^^^^^
  File "/opt/airflow/dags/stocks/scripts/api.py", line 15, in fetch_data_from_yfinance
    df = df.loc[start:start + timedelta(days=1)]
                      ~~~~~~^~~~~~~~~~~~~~~~~~~
TypeError: can only concatenate str (not "datetime.timedelta") to str
[2026-02-19T14:41:05.522+0000] {taskinstance.py:1206} INFO - Marking task as FAILED. dag_id=dag_moex, task_id=task_AAPL, run_id=scheduled__2026-02-18T00:00:00+00:00, execution_date=20260218T000000, start_date=20260219T144104, end_date=20260219T144105
[2026-02-19T14:41:05.529+0000] {standard_task_runner.py:110} ERROR - Failed to execute job 1280 for task task_AAPL (can only concatenate str (not "datetime.timedelta") to str; 31932)
[2026-02-19T14:41:05.563+0000] {local_task_job_runner.py:243} INFO - Task exited with return code 1
[2026-02-19T14:41:05.576+0000] {taskinstance.py:3503} INFO - 0 downstream tasks scheduled from follow-on schedule check
[2026-02-19T14:41:05.578+0000] {local_task_job_runner.py:222} INFO - ::endgroup::
[2026-02-19T14:45:12.086+0000] {local_task_job_runner.py:120} INFO - ::group::Pre task execution logs
[2026-02-19T14:45:12.110+0000] {taskinstance.py:2076} INFO - Dependencies all met for dep_context=non-requeueable deps ti=<TaskInstance: dag_moex.task_AAPL scheduled__2026-02-18T00:00:00+00:00 [queued]>
[2026-02-19T14:45:12.117+0000] {taskinstance.py:2076} INFO - Dependencies all met for dep_context=requeueable deps ti=<TaskInstance: dag_moex.task_AAPL scheduled__2026-02-18T00:00:00+00:00 [queued]>
[2026-02-19T14:45:12.118+0000] {taskinstance.py:2306} INFO - Starting attempt 1 of 1
[2026-02-19T14:45:12.134+0000] {taskinstance.py:2330} INFO - Executing <Task(PythonOperator): task_AAPL> on 2026-02-18 00:00:00+00:00
[2026-02-19T14:45:12.143+0000] {logging_mixin.py:188} WARNING - /home/***/.local/lib/python3.12/site-packages/***/task/task_runner/standard_task_runner.py:62 DeprecationWarning: This process (pid=32227) is multi-threaded, use of fork() may lead to deadlocks in the child.
[2026-02-19T14:45:12.144+0000] {standard_task_runner.py:64} INFO - Started process 32246 to run task
[2026-02-19T14:45:12.143+0000] {standard_task_runner.py:90} INFO - Running: ['***', 'tasks', 'run', 'dag_moex', 'task_AAPL', 'scheduled__2026-02-18T00:00:00+00:00', '--job-id', '1337', '--raw', '--subdir', 'DAGS_FOLDER/stocks/dag1.py', '--cfg-path', '/tmp/tmprh6tj77t']
[2026-02-19T14:45:12.145+0000] {standard_task_runner.py:91} INFO - Job 1337: Subtask task_AAPL
[2026-02-19T14:45:12.181+0000] {task_command.py:426} INFO - Running <TaskInstance: dag_moex.task_AAPL scheduled__2026-02-18T00:00:00+00:00 [running]> on host cc036e7caf02
[2026-02-19T14:45:12.250+0000] {taskinstance.py:2648} INFO - Exporting env vars: AIRFLOW_CTX_DAG_OWNER='***' AIRFLOW_CTX_DAG_ID='dag_moex' AIRFLOW_CTX_TASK_ID='task_AAPL' AIRFLOW_CTX_EXECUTION_DATE='2026-02-18T00:00:00+00:00' AIRFLOW_CTX_TRY_NUMBER='1' AIRFLOW_CTX_DAG_RUN_ID='scheduled__2026-02-18T00:00:00+00:00'
[2026-02-19T14:45:12.252+0000] {taskinstance.py:430} INFO - ::endgroup::
[2026-02-19T14:45:12.261+0000] {logging_mixin.py:188} WARNING - /opt/***/dags/stocks/scripts/api.py:9 FutureWarning: YF.download() has changed argument auto_adjust default to True
[2026-02-19T14:45:12.267+0000] {logging_mixin.py:188} WARNING - /home/***/.local/lib/python3.12/site-packages/yfinance/scrapers/history.py:204 Pandas4Warning: Timestamp.utcnow is deprecated and will be removed in a future version. Use Timestamp.now('UTC') instead.
[2026-02-19T14:45:13.120+0000] {logging_mixin.py:188} WARNING - [*********************100%***********************]  1 of 1 completed
[2026-02-19T14:45:13.138+0000] {base.py:84} INFO - Using connection ID 'pg_1' for task execution.
[2026-02-19T14:45:13.138+0000] {sql.py:254} WARNING - This setter is for backward compatibility and should not be used.
Since the introduction of connection property, the providers listed below breaks due to assigning value to self.connection in their __init__ method.
* apache-***-providers-mysql<5.7.1
* apache-***-providers-elasticsearch<5.5.1
* apache-***-providers-postgres<5.13.0
[2026-02-19T14:45:13.142+0000] {taskinstance.py:441} INFO - ::group::Post task execution logs
[2026-02-19T14:45:13.143+0000] {taskinstance.py:2905} ERROR - Task failed with exception
Traceback (most recent call last):
  File "/home/airflow/.local/lib/python3.12/site-packages/airflow/models/taskinstance.py", line 465, in _execute_task
    result = _execute_callable(context=context, **execute_callable_kwargs)
             ^^^^^^^^^^^^^^^^^^^^^^^^^^^^^^^^^^^^^^^^^^^^^^^^^^^^^^^^^^^^^
  File "/home/airflow/.local/lib/python3.12/site-packages/airflow/models/taskinstance.py", line 432, in _execute_callable
    return execute_callable(context=context, **execute_callable_kwargs)
           ^^^^^^^^^^^^^^^^^^^^^^^^^^^^^^^^^^^^^^^^^^^^^^^^^^^^^^^^^^^^
  File "/home/airflow/.local/lib/python3.12/site-packages/airflow/models/baseoperator.py", line 401, in wrapper
    return func(self, *args, **kwargs)
           ^^^^^^^^^^^^^^^^^^^^^^^^^^^
  File "/home/airflow/.local/lib/python3.12/site-packages/airflow/operators/python.py", line 235, in execute
    return_value = self.execute_callable()
                   ^^^^^^^^^^^^^^^^^^^^^^^
  File "/home/airflow/.local/lib/python3.12/site-packages/airflow/operators/python.py", line 252, in execute_callable
    return self.python_callable(*self.op_args, **self.op_kwargs)
           ^^^^^^^^^^^^^^^^^^^^^^^^^^^^^^^^^^^^^^^^^^^^^^^^^^^^^
  File "/opt/airflow/dags/stocks/scripts/manager.py", line 24, in fetch_data
    postgresHook.insert_rows(table="stocks", rows=rows,
  File "/home/airflow/.local/lib/python3.12/site-packages/airflow/providers/common/sql/hooks/sql.py", line 893, in insert_rows
    cur.executemany(sql, values)
psycopg2.errors.UniqueViolation: duplicate key value violates unique constraint "stocks_pkey"
DETAIL:  Key (ticker, date)=(AAPL, 2026-02-17) already exists.

[2026-02-19T14:45:13.152+0000] {taskinstance.py:1206} INFO - Marking task as FAILED. dag_id=dag_moex, task_id=task_AAPL, run_id=scheduled__2026-02-18T00:00:00+00:00, execution_date=20260218T000000, start_date=20260219T144512, end_date=20260219T144513
[2026-02-19T14:45:13.162+0000] {standard_task_runner.py:110} ERROR - Failed to execute job 1337 for task task_AAPL (duplicate key value violates unique constraint "stocks_pkey"
DETAIL:  Key (ticker, date)=(AAPL, 2026-02-17) already exists.
; 32246)
[2026-02-19T14:45:13.199+0000] {local_task_job_runner.py:243} INFO - Task exited with return code 1
[2026-02-19T14:45:13.205+0000] {local_task_job_runner.py:222} INFO - ::endgroup::
[2026-02-19T14:51:04.803+0000] {local_task_job_runner.py:120} INFO - ::group::Pre task execution logs
[2026-02-19T14:51:04.846+0000] {taskinstance.py:2076} INFO - Dependencies all met for dep_context=non-requeueable deps ti=<TaskInstance: dag_moex.task_AAPL scheduled__2026-02-18T00:00:00+00:00 [queued]>
[2026-02-19T14:51:04.855+0000] {taskinstance.py:2076} INFO - Dependencies all met for dep_context=requeueable deps ti=<TaskInstance: dag_moex.task_AAPL scheduled__2026-02-18T00:00:00+00:00 [queued]>
[2026-02-19T14:51:04.856+0000] {taskinstance.py:2306} INFO - Starting attempt 1 of 1
[2026-02-19T14:51:04.872+0000] {taskinstance.py:2330} INFO - Executing <Task(PythonOperator): task_AAPL> on 2026-02-18 00:00:00+00:00
[2026-02-19T14:51:04.883+0000] {logging_mixin.py:188} WARNING - /home/***/.local/lib/python3.12/site-packages/***/task/task_runner/standard_task_runner.py:62 DeprecationWarning: This process (pid=32934) is multi-threaded, use of fork() may lead to deadlocks in the child.
[2026-02-19T14:51:04.885+0000] {standard_task_runner.py:64} INFO - Started process 32966 to run task
[2026-02-19T14:51:04.882+0000] {standard_task_runner.py:90} INFO - Running: ['***', 'tasks', 'run', 'dag_moex', 'task_AAPL', 'scheduled__2026-02-18T00:00:00+00:00', '--job-id', '1483', '--raw', '--subdir', 'DAGS_FOLDER/stocks/dag1.py', '--cfg-path', '/tmp/tmpe771acfk']
[2026-02-19T14:51:04.886+0000] {standard_task_runner.py:91} INFO - Job 1483: Subtask task_AAPL
[2026-02-19T14:51:04.934+0000] {task_command.py:426} INFO - Running <TaskInstance: dag_moex.task_AAPL scheduled__2026-02-18T00:00:00+00:00 [running]> on host cc036e7caf02
[2026-02-19T14:51:05.013+0000] {taskinstance.py:2648} INFO - Exporting env vars: AIRFLOW_CTX_DAG_OWNER='***' AIRFLOW_CTX_DAG_ID='dag_moex' AIRFLOW_CTX_TASK_ID='task_AAPL' AIRFLOW_CTX_EXECUTION_DATE='2026-02-18T00:00:00+00:00' AIRFLOW_CTX_TRY_NUMBER='1' AIRFLOW_CTX_DAG_RUN_ID='scheduled__2026-02-18T00:00:00+00:00'
[2026-02-19T14:51:05.014+0000] {taskinstance.py:430} INFO - ::endgroup::
[2026-02-19T14:51:05.026+0000] {logging_mixin.py:188} WARNING - /opt/***/dags/stocks/scripts/api.py:9 FutureWarning: YF.download() has changed argument auto_adjust default to True
[2026-02-19T14:51:05.033+0000] {logging_mixin.py:188} WARNING - /home/***/.local/lib/python3.12/site-packages/yfinance/scrapers/history.py:204 Pandas4Warning: Timestamp.utcnow is deprecated and will be removed in a future version. Use Timestamp.now('UTC') instead.
[2026-02-19T14:51:05.993+0000] {logging_mixin.py:188} WARNING - [*********************100%***********************]  1 of 1 completed
[2026-02-19T14:51:06.014+0000] {base.py:84} INFO - Using connection ID 'pg_1' for task execution.
[2026-02-19T14:51:06.015+0000] {sql.py:254} WARNING - This setter is for backward compatibility and should not be used.
Since the introduction of connection property, the providers listed below breaks due to assigning value to self.connection in their __init__ method.
* apache-***-providers-mysql<5.7.1
* apache-***-providers-elasticsearch<5.5.1
* apache-***-providers-postgres<5.13.0
[2026-02-19T14:51:06.019+0000] {taskinstance.py:441} INFO - ::group::Post task execution logs
[2026-02-19T14:51:06.020+0000] {taskinstance.py:2905} ERROR - Task failed with exception
Traceback (most recent call last):
  File "/home/airflow/.local/lib/python3.12/site-packages/airflow/models/taskinstance.py", line 465, in _execute_task
    result = _execute_callable(context=context, **execute_callable_kwargs)
             ^^^^^^^^^^^^^^^^^^^^^^^^^^^^^^^^^^^^^^^^^^^^^^^^^^^^^^^^^^^^^
  File "/home/airflow/.local/lib/python3.12/site-packages/airflow/models/taskinstance.py", line 432, in _execute_callable
    return execute_callable(context=context, **execute_callable_kwargs)
           ^^^^^^^^^^^^^^^^^^^^^^^^^^^^^^^^^^^^^^^^^^^^^^^^^^^^^^^^^^^^
  File "/home/airflow/.local/lib/python3.12/site-packages/airflow/models/baseoperator.py", line 401, in wrapper
    return func(self, *args, **kwargs)
           ^^^^^^^^^^^^^^^^^^^^^^^^^^^
  File "/home/airflow/.local/lib/python3.12/site-packages/airflow/operators/python.py", line 235, in execute
    return_value = self.execute_callable()
                   ^^^^^^^^^^^^^^^^^^^^^^^
  File "/home/airflow/.local/lib/python3.12/site-packages/airflow/operators/python.py", line 252, in execute_callable
    return self.python_callable(*self.op_args, **self.op_kwargs)
           ^^^^^^^^^^^^^^^^^^^^^^^^^^^^^^^^^^^^^^^^^^^^^^^^^^^^^
  File "/opt/airflow/dags/stocks/scripts/manager.py", line 24, in fetch_data
    postgresHook.insert_rows(table="stocks", rows=rows,
  File "/home/airflow/.local/lib/python3.12/site-packages/airflow/providers/common/sql/hooks/sql.py", line 893, in insert_rows
    cur.executemany(sql, values)
psycopg2.errors.UniqueViolation: duplicate key value violates unique constraint "stocks_pkey"
DETAIL:  Key (ticker, date)=(AAPL, 2026-02-17) already exists.

[2026-02-19T14:51:06.030+0000] {taskinstance.py:1206} INFO - Marking task as FAILED. dag_id=dag_moex, task_id=task_AAPL, run_id=scheduled__2026-02-18T00:00:00+00:00, execution_date=20260218T000000, start_date=20260219T145104, end_date=20260219T145106
[2026-02-19T14:51:06.042+0000] {standard_task_runner.py:110} ERROR - Failed to execute job 1483 for task task_AAPL (duplicate key value violates unique constraint "stocks_pkey"
DETAIL:  Key (ticker, date)=(AAPL, 2026-02-17) already exists.
; 32966)
[2026-02-19T14:51:06.063+0000] {local_task_job_runner.py:243} INFO - Task exited with return code 1
[2026-02-19T14:51:06.086+0000] {taskinstance.py:3503} INFO - 0 downstream tasks scheduled from follow-on schedule check
[2026-02-19T14:51:06.091+0000] {local_task_job_runner.py:222} INFO - ::endgroup::
