[2026-02-18T07:13:18.611+0000] {local_task_job_runner.py:120} INFO - ::group::Pre task execution logs
[2026-02-18T07:13:18.662+0000] {taskinstance.py:2076} INFO - Dependencies all met for dep_context=non-requeueable deps ti=<TaskInstance: dag_moex.task_TSLA scheduled__2026-02-07T00:00:00+00:00 [queued]>
[2026-02-18T07:13:18.687+0000] {taskinstance.py:2076} INFO - Dependencies all met for dep_context=requeueable deps ti=<TaskInstance: dag_moex.task_TSLA scheduled__2026-02-07T00:00:00+00:00 [queued]>
[2026-02-18T07:13:18.691+0000] {taskinstance.py:2306} INFO - Starting attempt 1 of 1
[2026-02-18T07:13:18.732+0000] {taskinstance.py:2330} INFO - Executing <Task(PythonOperator): task_TSLA> on 2026-02-07 00:00:00+00:00
[2026-02-18T07:13:18.747+0000] {standard_task_runner.py:90} INFO - Running: ['***', 'tasks', 'run', 'dag_moex', 'task_TSLA', 'scheduled__2026-02-07T00:00:00+00:00', '--job-id', '492', '--raw', '--subdir', 'DAGS_FOLDER/stocks/dag1.py', '--cfg-path', '/tmp/tmpfjbnlw55']
[2026-02-18T07:13:18.754+0000] {standard_task_runner.py:91} INFO - Job 492: Subtask task_TSLA
[2026-02-18T07:13:18.757+0000] {logging_mixin.py:188} WARNING - /home/***/.local/lib/python3.12/site-packages/***/task/task_runner/standard_task_runner.py:62 DeprecationWarning: This process (pid=1741) is multi-threaded, use of fork() may lead to deadlocks in the child.
[2026-02-18T07:13:18.760+0000] {standard_task_runner.py:64} INFO - Started process 1769 to run task
[2026-02-18T07:13:18.856+0000] {task_command.py:426} INFO - Running <TaskInstance: dag_moex.task_TSLA scheduled__2026-02-07T00:00:00+00:00 [running]> on host cc036e7caf02
[2026-02-18T07:13:18.977+0000] {taskinstance.py:2648} INFO - Exporting env vars: AIRFLOW_CTX_DAG_OWNER='***' AIRFLOW_CTX_DAG_ID='dag_moex' AIRFLOW_CTX_TASK_ID='task_TSLA' AIRFLOW_CTX_EXECUTION_DATE='2026-02-07T00:00:00+00:00' AIRFLOW_CTX_TRY_NUMBER='1' AIRFLOW_CTX_DAG_RUN_ID='scheduled__2026-02-07T00:00:00+00:00'
[2026-02-18T07:13:18.979+0000] {taskinstance.py:430} INFO - ::endgroup::
[2026-02-18T07:13:18.995+0000] {manager.py:8} INFO - log
[2026-02-18T07:13:18.998+0000] {logging_mixin.py:188} WARNING - /opt/***/dags/stocks/scripts/api.py:9 FutureWarning: YF.download() has changed argument auto_adjust default to True
[2026-02-18T07:13:19.009+0000] {logging_mixin.py:188} WARNING - /home/***/.local/lib/python3.12/site-packages/yfinance/scrapers/history.py:204 Pandas4Warning: Timestamp.utcnow is deprecated and will be removed in a future version. Use Timestamp.now('UTC') instead.
[2026-02-18T07:13:19.825+0000] {logging_mixin.py:188} WARNING - [*********************100%***********************]  1 of 1 completed
[2026-02-18T07:13:19.834+0000] {manager.py:10} INFO - Empty DataFrame
Columns: [(Close, TSLA), (High, TSLA), (Low, TSLA), (Open, TSLA), (Volume, TSLA)]
Index: []
[2026-02-18T07:13:19.841+0000] {python.py:237} INFO - Done. Returned value was: None
[2026-02-18T07:13:19.841+0000] {taskinstance.py:441} INFO - ::group::Post task execution logs
[2026-02-18T07:13:19.849+0000] {taskinstance.py:1206} INFO - Marking task as SUCCESS. dag_id=dag_moex, task_id=task_TSLA, run_id=scheduled__2026-02-07T00:00:00+00:00, execution_date=20260207T000000, start_date=20260218T071318, end_date=20260218T071319
[2026-02-18T07:13:19.876+0000] {local_task_job_runner.py:243} INFO - Task exited with return code 0
[2026-02-18T07:13:19.893+0000] {taskinstance.py:3503} INFO - 0 downstream tasks scheduled from follow-on schedule check
[2026-02-18T07:13:19.895+0000] {local_task_job_runner.py:222} INFO - ::endgroup::
[2026-02-18T07:15:39.079+0000] {local_task_job_runner.py:120} INFO - ::group::Pre task execution logs
[2026-02-18T07:15:39.127+0000] {taskinstance.py:2076} INFO - Dependencies all met for dep_context=non-requeueable deps ti=<TaskInstance: dag_moex.task_TSLA scheduled__2026-02-07T00:00:00+00:00 [queued]>
[2026-02-18T07:15:39.149+0000] {taskinstance.py:2076} INFO - Dependencies all met for dep_context=requeueable deps ti=<TaskInstance: dag_moex.task_TSLA scheduled__2026-02-07T00:00:00+00:00 [queued]>
[2026-02-18T07:15:39.153+0000] {taskinstance.py:2306} INFO - Starting attempt 1 of 1
[2026-02-18T07:15:39.193+0000] {taskinstance.py:2330} INFO - Executing <Task(PythonOperator): task_TSLA> on 2026-02-07 00:00:00+00:00
[2026-02-18T07:15:39.206+0000] {logging_mixin.py:188} WARNING - /home/***/.local/lib/python3.12/site-packages/***/task/task_runner/standard_task_runner.py:62 DeprecationWarning: This process (pid=1995) is multi-threaded, use of fork() may lead to deadlocks in the child.
[2026-02-18T07:15:39.213+0000] {standard_task_runner.py:64} INFO - Started process 2034 to run task
[2026-02-18T07:15:39.211+0000] {standard_task_runner.py:90} INFO - Running: ['***', 'tasks', 'run', 'dag_moex', 'task_TSLA', 'scheduled__2026-02-07T00:00:00+00:00', '--job-id', '545', '--raw', '--subdir', 'DAGS_FOLDER/stocks/dag1.py', '--cfg-path', '/tmp/tmpl6b34ujw']
[2026-02-18T07:15:39.217+0000] {standard_task_runner.py:91} INFO - Job 545: Subtask task_TSLA
[2026-02-18T07:15:39.294+0000] {task_command.py:426} INFO - Running <TaskInstance: dag_moex.task_TSLA scheduled__2026-02-07T00:00:00+00:00 [running]> on host cc036e7caf02
[2026-02-18T07:15:39.485+0000] {taskinstance.py:2648} INFO - Exporting env vars: AIRFLOW_CTX_DAG_OWNER='***' AIRFLOW_CTX_DAG_ID='dag_moex' AIRFLOW_CTX_TASK_ID='task_TSLA' AIRFLOW_CTX_EXECUTION_DATE='2026-02-07T00:00:00+00:00' AIRFLOW_CTX_TRY_NUMBER='1' AIRFLOW_CTX_DAG_RUN_ID='scheduled__2026-02-07T00:00:00+00:00'
[2026-02-18T07:15:39.487+0000] {taskinstance.py:430} INFO - ::endgroup::
[2026-02-18T07:15:39.505+0000] {manager.py:8} INFO - log
[2026-02-18T07:15:39.509+0000] {logging_mixin.py:188} WARNING - /opt/***/dags/stocks/scripts/api.py:9 FutureWarning: YF.download() has changed argument auto_adjust default to True
[2026-02-18T07:15:39.522+0000] {logging_mixin.py:188} WARNING - /home/***/.local/lib/python3.12/site-packages/yfinance/scrapers/history.py:204 Pandas4Warning: Timestamp.utcnow is deprecated and will be removed in a future version. Use Timestamp.now('UTC') instead.
[2026-02-18T07:15:40.550+0000] {logging_mixin.py:188} WARNING - [*********************100%***********************]  1 of 1 completed
[2026-02-18T07:15:40.558+0000] {manager.py:10} INFO - Empty DataFrame
Columns: [(Close, TSLA), (High, TSLA), (Low, TSLA), (Open, TSLA), (Volume, TSLA)]
Index: []
[2026-02-18T07:15:40.565+0000] {python.py:237} INFO - Done. Returned value was: None
[2026-02-18T07:15:40.566+0000] {taskinstance.py:441} INFO - ::group::Post task execution logs
[2026-02-18T07:15:40.573+0000] {taskinstance.py:1206} INFO - Marking task as SUCCESS. dag_id=dag_moex, task_id=task_TSLA, run_id=scheduled__2026-02-07T00:00:00+00:00, execution_date=20260207T000000, start_date=20260218T071539, end_date=20260218T071540
[2026-02-18T07:15:40.607+0000] {local_task_job_runner.py:243} INFO - Task exited with return code 0
[2026-02-18T07:15:40.621+0000] {taskinstance.py:3503} INFO - 0 downstream tasks scheduled from follow-on schedule check
[2026-02-18T07:15:40.623+0000] {local_task_job_runner.py:222} INFO - ::endgroup::
[2026-02-18T07:35:29.296+0000] {local_task_job_runner.py:120} INFO - ::group::Pre task execution logs
[2026-02-18T07:35:29.333+0000] {taskinstance.py:2076} INFO - Dependencies all met for dep_context=non-requeueable deps ti=<TaskInstance: dag_moex.task_TSLA scheduled__2026-02-07T00:00:00+00:00 [queued]>
[2026-02-18T07:35:29.347+0000] {taskinstance.py:2076} INFO - Dependencies all met for dep_context=requeueable deps ti=<TaskInstance: dag_moex.task_TSLA scheduled__2026-02-07T00:00:00+00:00 [queued]>
[2026-02-18T07:35:29.348+0000] {taskinstance.py:2306} INFO - Starting attempt 1 of 1
[2026-02-18T07:35:29.383+0000] {taskinstance.py:2330} INFO - Executing <Task(PythonOperator): task_TSLA> on 2026-02-07 00:00:00+00:00
[2026-02-18T07:35:29.411+0000] {logging_mixin.py:188} WARNING - /home/***/.local/lib/python3.12/site-packages/***/task/task_runner/standard_task_runner.py:62 DeprecationWarning: This process (pid=2843) is multi-threaded, use of fork() may lead to deadlocks in the child.
[2026-02-18T07:35:29.411+0000] {standard_task_runner.py:90} INFO - Running: ['***', 'tasks', 'run', 'dag_moex', 'task_TSLA', 'scheduled__2026-02-07T00:00:00+00:00', '--job-id', '626', '--raw', '--subdir', 'DAGS_FOLDER/stocks/dag1.py', '--cfg-path', '/tmp/tmpb7olml2n']
[2026-02-18T07:35:29.416+0000] {standard_task_runner.py:91} INFO - Job 626: Subtask task_TSLA
[2026-02-18T07:35:29.415+0000] {standard_task_runner.py:64} INFO - Started process 2874 to run task
[2026-02-18T07:35:29.538+0000] {task_command.py:426} INFO - Running <TaskInstance: dag_moex.task_TSLA scheduled__2026-02-07T00:00:00+00:00 [running]> on host cc036e7caf02
[2026-02-18T07:35:29.748+0000] {taskinstance.py:2648} INFO - Exporting env vars: AIRFLOW_CTX_DAG_OWNER='***' AIRFLOW_CTX_DAG_ID='dag_moex' AIRFLOW_CTX_TASK_ID='task_TSLA' AIRFLOW_CTX_EXECUTION_DATE='2026-02-07T00:00:00+00:00' AIRFLOW_CTX_TRY_NUMBER='1' AIRFLOW_CTX_DAG_RUN_ID='scheduled__2026-02-07T00:00:00+00:00'
[2026-02-18T07:35:29.751+0000] {taskinstance.py:430} INFO - ::endgroup::
[2026-02-18T07:35:29.772+0000] {manager.py:8} INFO - log
[2026-02-18T07:35:29.782+0000] {logging_mixin.py:188} WARNING - /opt/***/dags/stocks/scripts/api.py:9 FutureWarning: YF.download() has changed argument auto_adjust default to True
[2026-02-18T07:35:29.793+0000] {logging_mixin.py:188} WARNING - /home/***/.local/lib/python3.12/site-packages/yfinance/scrapers/history.py:204 Pandas4Warning: Timestamp.utcnow is deprecated and will be removed in a future version. Use Timestamp.now('UTC') instead.
[2026-02-18T07:35:30.527+0000] {logging_mixin.py:188} WARNING - [*********************100%***********************]  1 of 1 completed
[2026-02-18T07:35:30.536+0000] {manager.py:10} INFO - Empty DataFrame
Columns: [(Close, TSLA), (High, TSLA), (Low, TSLA), (Open, TSLA), (Volume, TSLA)]
Index: []
[2026-02-18T07:35:30.548+0000] {python.py:237} INFO - Done. Returned value was: None
[2026-02-18T07:35:30.549+0000] {taskinstance.py:441} INFO - ::group::Post task execution logs
[2026-02-18T07:35:30.557+0000] {taskinstance.py:1206} INFO - Marking task as SUCCESS. dag_id=dag_moex, task_id=task_TSLA, run_id=scheduled__2026-02-07T00:00:00+00:00, execution_date=20260207T000000, start_date=20260218T073529, end_date=20260218T073530
[2026-02-18T07:35:30.611+0000] {local_task_job_runner.py:243} INFO - Task exited with return code 0
[2026-02-18T07:35:30.628+0000] {taskinstance.py:3503} INFO - 0 downstream tasks scheduled from follow-on schedule check
[2026-02-18T07:35:30.631+0000] {local_task_job_runner.py:222} INFO - ::endgroup::
[2026-02-18T08:33:51.177+0000] {local_task_job_runner.py:120} INFO - ::group::Pre task execution logs
[2026-02-18T08:33:51.242+0000] {taskinstance.py:2076} INFO - Dependencies all met for dep_context=non-requeueable deps ti=<TaskInstance: dag_moex.task_TSLA scheduled__2026-02-07T00:00:00+00:00 [queued]>
[2026-02-18T08:33:51.270+0000] {taskinstance.py:2076} INFO - Dependencies all met for dep_context=requeueable deps ti=<TaskInstance: dag_moex.task_TSLA scheduled__2026-02-07T00:00:00+00:00 [queued]>
[2026-02-18T08:33:51.271+0000] {taskinstance.py:2306} INFO - Starting attempt 1 of 1
[2026-02-18T08:33:51.339+0000] {taskinstance.py:2330} INFO - Executing <Task(PythonOperator): task_TSLA> on 2026-02-07 00:00:00+00:00
[2026-02-18T08:33:51.357+0000] {logging_mixin.py:188} WARNING - /home/***/.local/lib/python3.12/site-packages/***/task/task_runner/standard_task_runner.py:62 DeprecationWarning: This process (pid=4471) is multi-threaded, use of fork() may lead to deadlocks in the child.
[2026-02-18T08:33:51.360+0000] {standard_task_runner.py:64} INFO - Started process 4507 to run task
[2026-02-18T08:33:51.363+0000] {standard_task_runner.py:90} INFO - Running: ['***', 'tasks', 'run', 'dag_moex', 'task_TSLA', 'scheduled__2026-02-07T00:00:00+00:00', '--job-id', '671', '--raw', '--subdir', 'DAGS_FOLDER/stocks/dag1.py', '--cfg-path', '/tmp/tmpks80ldmc']
[2026-02-18T08:33:51.378+0000] {standard_task_runner.py:91} INFO - Job 671: Subtask task_TSLA
[2026-02-18T08:33:51.520+0000] {task_command.py:426} INFO - Running <TaskInstance: dag_moex.task_TSLA scheduled__2026-02-07T00:00:00+00:00 [running]> on host cc036e7caf02
[2026-02-18T08:33:51.753+0000] {taskinstance.py:2648} INFO - Exporting env vars: AIRFLOW_CTX_DAG_OWNER='***' AIRFLOW_CTX_DAG_ID='dag_moex' AIRFLOW_CTX_TASK_ID='task_TSLA' AIRFLOW_CTX_EXECUTION_DATE='2026-02-07T00:00:00+00:00' AIRFLOW_CTX_TRY_NUMBER='1' AIRFLOW_CTX_DAG_RUN_ID='scheduled__2026-02-07T00:00:00+00:00'
[2026-02-18T08:33:51.760+0000] {taskinstance.py:430} INFO - ::endgroup::
[2026-02-18T08:33:51.790+0000] {logging_mixin.py:188} WARNING - /opt/***/dags/stocks/scripts/api.py:9 FutureWarning: YF.download() has changed argument auto_adjust default to True
[2026-02-18T08:33:51.804+0000] {logging_mixin.py:188} WARNING - /home/***/.local/lib/python3.12/site-packages/yfinance/scrapers/history.py:204 Pandas4Warning: Timestamp.utcnow is deprecated and will be removed in a future version. Use Timestamp.now('UTC') instead.
[2026-02-18T08:33:52.516+0000] {logging_mixin.py:188} WARNING - [*********************100%***********************]  1 of 1 completed
[2026-02-18T08:33:52.530+0000] {api.py:10} INFO - Выгрузилось
    __________________________
    Price            Close        High     Low        Open    Volume
Ticker            TSLA        TSLA    TSLA        TSLA      TSLA
Date                                                            
2026-02-06  411.109985  414.549988  397.75  400.869995  62677100
    __________________________
    
[2026-02-18T08:33:52.531+0000] {api.py:16} INFO - start=2026-02-06, end=2026-02-08
[2026-02-18T08:33:52.533+0000] {api.py:17} INFO - После удаления
    __________________________
    Empty DataFrame
Columns: [(Close, TSLA), (High, TSLA), (Low, TSLA), (Open, TSLA), (Volume, TSLA)]
Index: []
    __________________________
    
[2026-02-18T08:33:52.537+0000] {python.py:237} INFO - Done. Returned value was: None
[2026-02-18T08:33:52.538+0000] {taskinstance.py:441} INFO - ::group::Post task execution logs
[2026-02-18T08:33:52.546+0000] {taskinstance.py:1206} INFO - Marking task as SUCCESS. dag_id=dag_moex, task_id=task_TSLA, run_id=scheduled__2026-02-07T00:00:00+00:00, execution_date=20260207T000000, start_date=20260218T083351, end_date=20260218T083352
[2026-02-18T08:33:52.585+0000] {local_task_job_runner.py:243} INFO - Task exited with return code 0
[2026-02-18T08:33:52.604+0000] {taskinstance.py:3503} INFO - 0 downstream tasks scheduled from follow-on schedule check
[2026-02-18T08:33:52.606+0000] {local_task_job_runner.py:222} INFO - ::endgroup::
[2026-02-19T14:19:20.732+0000] {local_task_job_runner.py:120} INFO - ::group::Pre task execution logs
[2026-02-19T14:19:20.825+0000] {taskinstance.py:2076} INFO - Dependencies all met for dep_context=non-requeueable deps ti=<TaskInstance: dag_moex.task_TSLA scheduled__2026-02-07T00:00:00+00:00 [queued]>
[2026-02-19T14:19:20.840+0000] {taskinstance.py:2076} INFO - Dependencies all met for dep_context=requeueable deps ti=<TaskInstance: dag_moex.task_TSLA scheduled__2026-02-07T00:00:00+00:00 [queued]>
[2026-02-19T14:19:20.841+0000] {taskinstance.py:2306} INFO - Starting attempt 1 of 1
[2026-02-19T14:19:20.881+0000] {taskinstance.py:2330} INFO - Executing <Task(PythonOperator): task_TSLA> on 2026-02-07 00:00:00+00:00
[2026-02-19T14:19:20.933+0000] {logging_mixin.py:188} WARNING - /home/***/.local/lib/python3.12/site-packages/***/task/task_runner/standard_task_runner.py:62 DeprecationWarning: This process (pid=30627) is multi-threaded, use of fork() may lead to deadlocks in the child.
[2026-02-19T14:19:20.942+0000] {standard_task_runner.py:64} INFO - Started process 30658 to run task
[2026-02-19T14:19:20.949+0000] {standard_task_runner.py:90} INFO - Running: ['***', 'tasks', 'run', 'dag_moex', 'task_TSLA', 'scheduled__2026-02-07T00:00:00+00:00', '--job-id', '1083', '--raw', '--subdir', 'DAGS_FOLDER/stocks/dag1.py', '--cfg-path', '/tmp/tmpp3ihpygz']
[2026-02-19T14:19:20.956+0000] {standard_task_runner.py:91} INFO - Job 1083: Subtask task_TSLA
[2026-02-19T14:19:21.062+0000] {task_command.py:426} INFO - Running <TaskInstance: dag_moex.task_TSLA scheduled__2026-02-07T00:00:00+00:00 [running]> on host cc036e7caf02
[2026-02-19T14:19:21.190+0000] {taskinstance.py:2648} INFO - Exporting env vars: AIRFLOW_CTX_DAG_OWNER='***' AIRFLOW_CTX_DAG_ID='dag_moex' AIRFLOW_CTX_TASK_ID='task_TSLA' AIRFLOW_CTX_EXECUTION_DATE='2026-02-07T00:00:00+00:00' AIRFLOW_CTX_TRY_NUMBER='1' AIRFLOW_CTX_DAG_RUN_ID='scheduled__2026-02-07T00:00:00+00:00'
[2026-02-19T14:19:21.195+0000] {taskinstance.py:430} INFO - ::endgroup::
[2026-02-19T14:19:21.213+0000] {logging_mixin.py:188} WARNING - /opt/***/dags/stocks/scripts/api.py:9 FutureWarning: YF.download() has changed argument auto_adjust default to True
[2026-02-19T14:19:21.231+0000] {logging_mixin.py:188} WARNING - /home/***/.local/lib/python3.12/site-packages/yfinance/scrapers/history.py:204 Pandas4Warning: Timestamp.utcnow is deprecated and will be removed in a future version. Use Timestamp.now('UTC') instead.
[2026-02-19T14:19:21.909+0000] {logging_mixin.py:188} WARNING - [*********************100%***********************]  1 of 1 completed
[2026-02-19T14:19:21.923+0000] {api.py:10} INFO - Выгрузилось
    __________________________
    Price            Close        High     Low        Open    Volume
Ticker            TSLA        TSLA    TSLA        TSLA      TSLA
Date                                                            
2026-02-06  411.109985  414.549988  397.75  400.869995  62677100
    __________________________
    
[2026-02-19T14:19:21.924+0000] {api.py:16} INFO - start=2026-02-06, end=2026-02-08
[2026-02-19T14:19:21.925+0000] {api.py:17} INFO - После удаления
    __________________________
    Empty DataFrame
Columns: [(Close, TSLA), (High, TSLA), (Low, TSLA), (Open, TSLA), (Volume, TSLA)]
Index: []
    __________________________
    
[2026-02-19T14:19:21.935+0000] {base.py:84} INFO - Using connection ID 'pg_1' for task execution.
[2026-02-19T14:19:21.936+0000] {sql.py:254} WARNING - This setter is for backward compatibility and should not be used.
Since the introduction of connection property, the providers listed below breaks due to assigning value to self.connection in their __init__ method.
* apache-***-providers-mysql<5.7.1
* apache-***-providers-elasticsearch<5.5.1
* apache-***-providers-postgres<5.13.0
[2026-02-19T14:19:21.939+0000] {sql.py:908} INFO - Done loading. Loaded a total of 0 rows into stocks
[2026-02-19T14:19:21.943+0000] {python.py:237} INFO - Done. Returned value was: None
[2026-02-19T14:19:21.943+0000] {taskinstance.py:441} INFO - ::group::Post task execution logs
[2026-02-19T14:19:21.950+0000] {taskinstance.py:1206} INFO - Marking task as SUCCESS. dag_id=dag_moex, task_id=task_TSLA, run_id=scheduled__2026-02-07T00:00:00+00:00, execution_date=20260207T000000, start_date=20260219T141920, end_date=20260219T141921
[2026-02-19T14:19:21.971+0000] {local_task_job_runner.py:243} INFO - Task exited with return code 0
[2026-02-19T14:19:21.987+0000] {taskinstance.py:3503} INFO - 0 downstream tasks scheduled from follow-on schedule check
[2026-02-19T14:19:21.989+0000] {local_task_job_runner.py:222} INFO - ::endgroup::
[2026-02-19T14:20:53.565+0000] {local_task_job_runner.py:120} INFO - ::group::Pre task execution logs
[2026-02-19T14:20:53.606+0000] {taskinstance.py:2076} INFO - Dependencies all met for dep_context=non-requeueable deps ti=<TaskInstance: dag_moex.task_TSLA scheduled__2026-02-07T00:00:00+00:00 [queued]>
[2026-02-19T14:20:53.615+0000] {taskinstance.py:2076} INFO - Dependencies all met for dep_context=requeueable deps ti=<TaskInstance: dag_moex.task_TSLA scheduled__2026-02-07T00:00:00+00:00 [queued]>
[2026-02-19T14:20:53.615+0000] {taskinstance.py:2306} INFO - Starting attempt 1 of 1
[2026-02-19T14:20:53.630+0000] {taskinstance.py:2330} INFO - Executing <Task(PythonOperator): task_TSLA> on 2026-02-07 00:00:00+00:00
[2026-02-19T14:20:53.646+0000] {logging_mixin.py:188} WARNING - /home/***/.local/lib/python3.12/site-packages/***/task/task_runner/standard_task_runner.py:62 DeprecationWarning: This process (pid=30893) is multi-threaded, use of fork() may lead to deadlocks in the child.
[2026-02-19T14:20:53.649+0000] {standard_task_runner.py:64} INFO - Started process 30922 to run task
[2026-02-19T14:20:53.647+0000] {standard_task_runner.py:90} INFO - Running: ['***', 'tasks', 'run', 'dag_moex', 'task_TSLA', 'scheduled__2026-02-07T00:00:00+00:00', '--job-id', '1144', '--raw', '--subdir', 'DAGS_FOLDER/stocks/dag1.py', '--cfg-path', '/tmp/tmpt645wnl1']
[2026-02-19T14:20:53.650+0000] {standard_task_runner.py:91} INFO - Job 1144: Subtask task_TSLA
[2026-02-19T14:20:53.714+0000] {task_command.py:426} INFO - Running <TaskInstance: dag_moex.task_TSLA scheduled__2026-02-07T00:00:00+00:00 [running]> on host cc036e7caf02
[2026-02-19T14:20:53.858+0000] {taskinstance.py:2648} INFO - Exporting env vars: AIRFLOW_CTX_DAG_OWNER='***' AIRFLOW_CTX_DAG_ID='dag_moex' AIRFLOW_CTX_TASK_ID='task_TSLA' AIRFLOW_CTX_EXECUTION_DATE='2026-02-07T00:00:00+00:00' AIRFLOW_CTX_TRY_NUMBER='1' AIRFLOW_CTX_DAG_RUN_ID='scheduled__2026-02-07T00:00:00+00:00'
[2026-02-19T14:20:53.861+0000] {taskinstance.py:430} INFO - ::endgroup::
[2026-02-19T14:20:53.877+0000] {logging_mixin.py:188} WARNING - /opt/***/dags/stocks/scripts/api.py:9 FutureWarning: YF.download() has changed argument auto_adjust default to True
[2026-02-19T14:20:53.890+0000] {logging_mixin.py:188} WARNING - /home/***/.local/lib/python3.12/site-packages/yfinance/scrapers/history.py:204 Pandas4Warning: Timestamp.utcnow is deprecated and will be removed in a future version. Use Timestamp.now('UTC') instead.
[2026-02-19T14:20:54.771+0000] {logging_mixin.py:188} WARNING - [*********************100%***********************]  1 of 1 completed
[2026-02-19T14:20:54.785+0000] {api.py:10} INFO - Выгрузилось
    __________________________
    Price            Close        High     Low        Open    Volume
Ticker            TSLA        TSLA    TSLA        TSLA      TSLA
Date                                                            
2026-02-06  411.109985  414.549988  397.75  400.869995  62677100
    __________________________
    
[2026-02-19T14:20:54.786+0000] {api.py:16} INFO - start=2026-02-06, end=2026-02-08
[2026-02-19T14:20:54.788+0000] {api.py:17} INFO - После удаления
    __________________________
    Empty DataFrame
Columns: [(Close, TSLA), (High, TSLA), (Low, TSLA), (Open, TSLA), (Volume, TSLA)]
Index: []
    __________________________
    
[2026-02-19T14:20:54.797+0000] {base.py:84} INFO - Using connection ID 'pg_1' for task execution.
[2026-02-19T14:20:54.798+0000] {sql.py:254} WARNING - This setter is for backward compatibility and should not be used.
Since the introduction of connection property, the providers listed below breaks due to assigning value to self.connection in their __init__ method.
* apache-***-providers-mysql<5.7.1
* apache-***-providers-elasticsearch<5.5.1
* apache-***-providers-postgres<5.13.0
[2026-02-19T14:20:54.801+0000] {sql.py:908} INFO - Done loading. Loaded a total of 0 rows into stocks
[2026-02-19T14:20:54.806+0000] {python.py:237} INFO - Done. Returned value was: None
[2026-02-19T14:20:54.807+0000] {taskinstance.py:441} INFO - ::group::Post task execution logs
[2026-02-19T14:20:54.815+0000] {taskinstance.py:1206} INFO - Marking task as SUCCESS. dag_id=dag_moex, task_id=task_TSLA, run_id=scheduled__2026-02-07T00:00:00+00:00, execution_date=20260207T000000, start_date=20260219T142053, end_date=20260219T142054
[2026-02-19T14:20:54.868+0000] {local_task_job_runner.py:243} INFO - Task exited with return code 0
[2026-02-19T14:20:54.881+0000] {taskinstance.py:3503} INFO - 0 downstream tasks scheduled from follow-on schedule check
[2026-02-19T14:20:54.882+0000] {local_task_job_runner.py:222} INFO - ::endgroup::
[2026-02-19T14:27:33.502+0000] {local_task_job_runner.py:120} INFO - ::group::Pre task execution logs
[2026-02-19T14:27:33.547+0000] {taskinstance.py:2076} INFO - Dependencies all met for dep_context=non-requeueable deps ti=<TaskInstance: dag_moex.task_TSLA scheduled__2026-02-07T00:00:00+00:00 [queued]>
[2026-02-19T14:27:33.562+0000] {taskinstance.py:2076} INFO - Dependencies all met for dep_context=requeueable deps ti=<TaskInstance: dag_moex.task_TSLA scheduled__2026-02-07T00:00:00+00:00 [queued]>
[2026-02-19T14:27:33.563+0000] {taskinstance.py:2306} INFO - Starting attempt 1 of 1
[2026-02-19T14:27:33.580+0000] {taskinstance.py:2330} INFO - Executing <Task(PythonOperator): task_TSLA> on 2026-02-07 00:00:00+00:00
[2026-02-19T14:27:33.597+0000] {logging_mixin.py:188} WARNING - /home/***/.local/lib/python3.12/site-packages/***/task/task_runner/standard_task_runner.py:62 DeprecationWarning: This process (pid=31261) is multi-threaded, use of fork() may lead to deadlocks in the child.
[2026-02-19T14:27:33.598+0000] {standard_task_runner.py:64} INFO - Started process 31293 to run task
[2026-02-19T14:27:33.611+0000] {standard_task_runner.py:90} INFO - Running: ['***', 'tasks', 'run', 'dag_moex', 'task_TSLA', 'scheduled__2026-02-07T00:00:00+00:00', '--job-id', '1197', '--raw', '--subdir', 'DAGS_FOLDER/stocks/dag1.py', '--cfg-path', '/tmp/tmp6mhn088o']
[2026-02-19T14:27:33.617+0000] {standard_task_runner.py:91} INFO - Job 1197: Subtask task_TSLA
[2026-02-19T14:27:33.702+0000] {task_command.py:426} INFO - Running <TaskInstance: dag_moex.task_TSLA scheduled__2026-02-07T00:00:00+00:00 [running]> on host cc036e7caf02
[2026-02-19T14:27:33.823+0000] {taskinstance.py:2648} INFO - Exporting env vars: AIRFLOW_CTX_DAG_OWNER='***' AIRFLOW_CTX_DAG_ID='dag_moex' AIRFLOW_CTX_TASK_ID='task_TSLA' AIRFLOW_CTX_EXECUTION_DATE='2026-02-07T00:00:00+00:00' AIRFLOW_CTX_TRY_NUMBER='1' AIRFLOW_CTX_DAG_RUN_ID='scheduled__2026-02-07T00:00:00+00:00'
[2026-02-19T14:27:33.825+0000] {taskinstance.py:430} INFO - ::endgroup::
[2026-02-19T14:27:33.854+0000] {logging_mixin.py:188} WARNING - /opt/***/dags/stocks/scripts/api.py:9 FutureWarning: YF.download() has changed argument auto_adjust default to True
[2026-02-19T14:27:33.866+0000] {logging_mixin.py:188} WARNING - /home/***/.local/lib/python3.12/site-packages/yfinance/scrapers/history.py:204 Pandas4Warning: Timestamp.utcnow is deprecated and will be removed in a future version. Use Timestamp.now('UTC') instead.
[2026-02-19T14:27:34.674+0000] {logging_mixin.py:188} WARNING - [*********************100%***********************]  1 of 1 completed
[2026-02-19T14:27:34.692+0000] {api.py:10} INFO - Выгрузилось
    __________________________
    Price            Close        High     Low        Open    Volume
Ticker            TSLA        TSLA    TSLA        TSLA      TSLA
Date                                                            
2026-02-06  411.109985  414.549988  397.75  400.869995  62677100
    __________________________
    
[2026-02-19T14:27:34.694+0000] {api.py:16} INFO - start=2026-02-06, end=2026-02-08
[2026-02-19T14:27:34.697+0000] {api.py:17} INFO - После удаления
    __________________________
    Empty DataFrame
Columns: [(Close, TSLA), (High, TSLA), (Low, TSLA), (Open, TSLA), (Volume, TSLA)]
Index: []
    __________________________
    
[2026-02-19T14:27:34.714+0000] {base.py:84} INFO - Using connection ID 'pg_1' for task execution.
[2026-02-19T14:27:34.715+0000] {sql.py:254} WARNING - This setter is for backward compatibility and should not be used.
Since the introduction of connection property, the providers listed below breaks due to assigning value to self.connection in their __init__ method.
* apache-***-providers-mysql<5.7.1
* apache-***-providers-elasticsearch<5.5.1
* apache-***-providers-postgres<5.13.0
[2026-02-19T14:27:34.720+0000] {sql.py:908} INFO - Done loading. Loaded a total of 0 rows into stocks
[2026-02-19T14:27:34.726+0000] {python.py:237} INFO - Done. Returned value was: None
[2026-02-19T14:27:34.727+0000] {taskinstance.py:441} INFO - ::group::Post task execution logs
[2026-02-19T14:27:34.737+0000] {taskinstance.py:1206} INFO - Marking task as SUCCESS. dag_id=dag_moex, task_id=task_TSLA, run_id=scheduled__2026-02-07T00:00:00+00:00, execution_date=20260207T000000, start_date=20260219T142733, end_date=20260219T142734
[2026-02-19T14:27:34.776+0000] {local_task_job_runner.py:243} INFO - Task exited with return code 0
[2026-02-19T14:27:34.795+0000] {taskinstance.py:3503} INFO - 0 downstream tasks scheduled from follow-on schedule check
[2026-02-19T14:27:34.798+0000] {local_task_job_runner.py:222} INFO - ::endgroup::
[2026-02-19T14:40:55.096+0000] {local_task_job_runner.py:120} INFO - ::group::Pre task execution logs
[2026-02-19T14:40:55.151+0000] {taskinstance.py:2076} INFO - Dependencies all met for dep_context=non-requeueable deps ti=<TaskInstance: dag_moex.task_TSLA scheduled__2026-02-07T00:00:00+00:00 [queued]>
[2026-02-19T14:40:55.163+0000] {taskinstance.py:2076} INFO - Dependencies all met for dep_context=requeueable deps ti=<TaskInstance: dag_moex.task_TSLA scheduled__2026-02-07T00:00:00+00:00 [queued]>
[2026-02-19T14:40:55.164+0000] {taskinstance.py:2306} INFO - Starting attempt 1 of 1
[2026-02-19T14:40:55.188+0000] {taskinstance.py:2330} INFO - Executing <Task(PythonOperator): task_TSLA> on 2026-02-07 00:00:00+00:00
[2026-02-19T14:40:55.213+0000] {logging_mixin.py:188} WARNING - /home/***/.local/lib/python3.12/site-packages/***/task/task_runner/standard_task_runner.py:62 DeprecationWarning: This process (pid=31782) is multi-threaded, use of fork() may lead to deadlocks in the child.
[2026-02-19T14:40:55.214+0000] {standard_task_runner.py:64} INFO - Started process 31827 to run task
[2026-02-19T14:40:55.223+0000] {standard_task_runner.py:90} INFO - Running: ['***', 'tasks', 'run', 'dag_moex', 'task_TSLA', 'scheduled__2026-02-07T00:00:00+00:00', '--job-id', '1259', '--raw', '--subdir', 'DAGS_FOLDER/stocks/dag1.py', '--cfg-path', '/tmp/tmpgn7iakwy']
[2026-02-19T14:40:55.231+0000] {standard_task_runner.py:91} INFO - Job 1259: Subtask task_TSLA
[2026-02-19T14:40:55.329+0000] {task_command.py:426} INFO - Running <TaskInstance: dag_moex.task_TSLA scheduled__2026-02-07T00:00:00+00:00 [running]> on host cc036e7caf02
[2026-02-19T14:40:55.428+0000] {taskinstance.py:2648} INFO - Exporting env vars: AIRFLOW_CTX_DAG_OWNER='***' AIRFLOW_CTX_DAG_ID='dag_moex' AIRFLOW_CTX_TASK_ID='task_TSLA' AIRFLOW_CTX_EXECUTION_DATE='2026-02-07T00:00:00+00:00' AIRFLOW_CTX_TRY_NUMBER='1' AIRFLOW_CTX_DAG_RUN_ID='scheduled__2026-02-07T00:00:00+00:00'
[2026-02-19T14:40:55.429+0000] {taskinstance.py:430} INFO - ::endgroup::
[2026-02-19T14:40:55.445+0000] {logging_mixin.py:188} WARNING - /opt/***/dags/stocks/scripts/api.py:9 FutureWarning: YF.download() has changed argument auto_adjust default to True
[2026-02-19T14:40:55.451+0000] {logging_mixin.py:188} WARNING - /home/***/.local/lib/python3.12/site-packages/yfinance/scrapers/history.py:204 Pandas4Warning: Timestamp.utcnow is deprecated and will be removed in a future version. Use Timestamp.now('UTC') instead.
[2026-02-19T14:40:56.288+0000] {logging_mixin.py:188} WARNING - [*********************100%***********************]  1 of 1 completed
[2026-02-19T14:40:56.303+0000] {api.py:10} INFO - Выгрузилось
    __________________________
    Price            Close        High     Low        Open    Volume
Ticker            TSLA        TSLA    TSLA        TSLA      TSLA
Date                                                            
2026-02-06  411.109985  414.549988  397.75  400.869995  62677100
    __________________________
    
[2026-02-19T14:40:56.303+0000] {taskinstance.py:441} INFO - ::group::Post task execution logs
[2026-02-19T14:40:56.303+0000] {taskinstance.py:2905} ERROR - Task failed with exception
Traceback (most recent call last):
  File "/home/airflow/.local/lib/python3.12/site-packages/airflow/models/taskinstance.py", line 465, in _execute_task
    result = _execute_callable(context=context, **execute_callable_kwargs)
             ^^^^^^^^^^^^^^^^^^^^^^^^^^^^^^^^^^^^^^^^^^^^^^^^^^^^^^^^^^^^^
  File "/home/airflow/.local/lib/python3.12/site-packages/airflow/models/taskinstance.py", line 432, in _execute_callable
    return execute_callable(context=context, **execute_callable_kwargs)
           ^^^^^^^^^^^^^^^^^^^^^^^^^^^^^^^^^^^^^^^^^^^^^^^^^^^^^^^^^^^^
  File "/home/airflow/.local/lib/python3.12/site-packages/airflow/models/baseoperator.py", line 401, in wrapper
    return func(self, *args, **kwargs)
           ^^^^^^^^^^^^^^^^^^^^^^^^^^^
  File "/home/airflow/.local/lib/python3.12/site-packages/airflow/operators/python.py", line 235, in execute
    return_value = self.execute_callable()
                   ^^^^^^^^^^^^^^^^^^^^^^^
  File "/home/airflow/.local/lib/python3.12/site-packages/airflow/operators/python.py", line 252, in execute_callable
    return self.python_callable(*self.op_args, **self.op_kwargs)
           ^^^^^^^^^^^^^^^^^^^^^^^^^^^^^^^^^^^^^^^^^^^^^^^^^^^^^
  File "/opt/airflow/dags/stocks/scripts/manager.py", line 11, in fetch_data
    data = fetch_data_from_yfinance(stock, data_interval_start=data_interval_start, data_interval_end=data_interval_end)
           ^^^^^^^^^^^^^^^^^^^^^^^^^^^^^^^^^^^^^^^^^^^^^^^^^^^^^^^^^^^^^^^^^^^^^^^^^^^^^^^^^^^^^^^^^^^^^^^^^^^^^^^^^^^^^
  File "/opt/airflow/dags/stocks/scripts/api.py", line 15, in fetch_data_from_yfinance
    df = df.loc[start:start + timedelta(days=1)]
                      ~~~~~~^~~~~~~~~~~~~~~~~~~
TypeError: can only concatenate str (not "datetime.timedelta") to str
[2026-02-19T14:40:56.315+0000] {taskinstance.py:1206} INFO - Marking task as FAILED. dag_id=dag_moex, task_id=task_TSLA, run_id=scheduled__2026-02-07T00:00:00+00:00, execution_date=20260207T000000, start_date=20260219T144055, end_date=20260219T144056
[2026-02-19T14:40:56.323+0000] {standard_task_runner.py:110} ERROR - Failed to execute job 1259 for task task_TSLA (can only concatenate str (not "datetime.timedelta") to str; 31827)
[2026-02-19T14:40:56.357+0000] {local_task_job_runner.py:243} INFO - Task exited with return code 1
[2026-02-19T14:40:56.369+0000] {taskinstance.py:3503} INFO - 0 downstream tasks scheduled from follow-on schedule check
[2026-02-19T14:40:56.371+0000] {local_task_job_runner.py:222} INFO - ::endgroup::
[2026-02-19T14:45:02.197+0000] {local_task_job_runner.py:120} INFO - ::group::Pre task execution logs
[2026-02-19T14:45:02.276+0000] {taskinstance.py:2076} INFO - Dependencies all met for dep_context=non-requeueable deps ti=<TaskInstance: dag_moex.task_TSLA scheduled__2026-02-07T00:00:00+00:00 [queued]>
[2026-02-19T14:45:02.290+0000] {taskinstance.py:2076} INFO - Dependencies all met for dep_context=requeueable deps ti=<TaskInstance: dag_moex.task_TSLA scheduled__2026-02-07T00:00:00+00:00 [queued]>
[2026-02-19T14:45:02.291+0000] {taskinstance.py:2306} INFO - Starting attempt 1 of 1
[2026-02-19T14:45:02.314+0000] {taskinstance.py:2330} INFO - Executing <Task(PythonOperator): task_TSLA> on 2026-02-07 00:00:00+00:00
[2026-02-19T14:45:02.333+0000] {standard_task_runner.py:90} INFO - Running: ['***', 'tasks', 'run', 'dag_moex', 'task_TSLA', 'scheduled__2026-02-07T00:00:00+00:00', '--job-id', '1308', '--raw', '--subdir', 'DAGS_FOLDER/stocks/dag1.py', '--cfg-path', '/tmp/tmp461rzr8j']
[2026-02-19T14:45:02.341+0000] {standard_task_runner.py:91} INFO - Job 1308: Subtask task_TSLA
[2026-02-19T14:45:02.333+0000] {logging_mixin.py:188} WARNING - /home/***/.local/lib/python3.12/site-packages/***/task/task_runner/standard_task_runner.py:62 DeprecationWarning: This process (pid=32097) is multi-threaded, use of fork() may lead to deadlocks in the child.
[2026-02-19T14:45:02.344+0000] {standard_task_runner.py:64} INFO - Started process 32134 to run task
[2026-02-19T14:45:02.447+0000] {task_command.py:426} INFO - Running <TaskInstance: dag_moex.task_TSLA scheduled__2026-02-07T00:00:00+00:00 [running]> on host cc036e7caf02
[2026-02-19T14:45:02.557+0000] {taskinstance.py:2648} INFO - Exporting env vars: AIRFLOW_CTX_DAG_OWNER='***' AIRFLOW_CTX_DAG_ID='dag_moex' AIRFLOW_CTX_TASK_ID='task_TSLA' AIRFLOW_CTX_EXECUTION_DATE='2026-02-07T00:00:00+00:00' AIRFLOW_CTX_TRY_NUMBER='1' AIRFLOW_CTX_DAG_RUN_ID='scheduled__2026-02-07T00:00:00+00:00'
[2026-02-19T14:45:02.558+0000] {taskinstance.py:430} INFO - ::endgroup::
[2026-02-19T14:45:02.575+0000] {logging_mixin.py:188} WARNING - /opt/***/dags/stocks/scripts/api.py:9 FutureWarning: YF.download() has changed argument auto_adjust default to True
[2026-02-19T14:45:02.683+0000] {logging_mixin.py:188} WARNING - /home/***/.local/lib/python3.12/site-packages/yfinance/scrapers/history.py:204 Pandas4Warning: Timestamp.utcnow is deprecated and will be removed in a future version. Use Timestamp.now('UTC') instead.
[2026-02-19T14:45:03.521+0000] {logging_mixin.py:188} WARNING - [*********************100%***********************]  1 of 1 completed
[2026-02-19T14:45:03.539+0000] {base.py:84} INFO - Using connection ID 'pg_1' for task execution.
[2026-02-19T14:45:03.539+0000] {sql.py:254} WARNING - This setter is for backward compatibility and should not be used.
Since the introduction of connection property, the providers listed below breaks due to assigning value to self.connection in their __init__ method.
* apache-***-providers-mysql<5.7.1
* apache-***-providers-elasticsearch<5.5.1
* apache-***-providers-postgres<5.13.0
[2026-02-19T14:45:03.543+0000] {taskinstance.py:441} INFO - ::group::Post task execution logs
[2026-02-19T14:45:03.544+0000] {taskinstance.py:2905} ERROR - Task failed with exception
Traceback (most recent call last):
  File "/home/airflow/.local/lib/python3.12/site-packages/airflow/models/taskinstance.py", line 465, in _execute_task
    result = _execute_callable(context=context, **execute_callable_kwargs)
             ^^^^^^^^^^^^^^^^^^^^^^^^^^^^^^^^^^^^^^^^^^^^^^^^^^^^^^^^^^^^^
  File "/home/airflow/.local/lib/python3.12/site-packages/airflow/models/taskinstance.py", line 432, in _execute_callable
    return execute_callable(context=context, **execute_callable_kwargs)
           ^^^^^^^^^^^^^^^^^^^^^^^^^^^^^^^^^^^^^^^^^^^^^^^^^^^^^^^^^^^^
  File "/home/airflow/.local/lib/python3.12/site-packages/airflow/models/baseoperator.py", line 401, in wrapper
    return func(self, *args, **kwargs)
           ^^^^^^^^^^^^^^^^^^^^^^^^^^^
  File "/home/airflow/.local/lib/python3.12/site-packages/airflow/operators/python.py", line 235, in execute
    return_value = self.execute_callable()
                   ^^^^^^^^^^^^^^^^^^^^^^^
  File "/home/airflow/.local/lib/python3.12/site-packages/airflow/operators/python.py", line 252, in execute_callable
    return self.python_callable(*self.op_args, **self.op_kwargs)
           ^^^^^^^^^^^^^^^^^^^^^^^^^^^^^^^^^^^^^^^^^^^^^^^^^^^^^
  File "/opt/airflow/dags/stocks/scripts/manager.py", line 24, in fetch_data
    postgresHook.insert_rows(table="stocks", rows=rows,
  File "/home/airflow/.local/lib/python3.12/site-packages/airflow/providers/common/sql/hooks/sql.py", line 893, in insert_rows
    cur.executemany(sql, values)
psycopg2.errors.UniqueViolation: duplicate key value violates unique constraint "stocks_pkey"
DETAIL:  Key (ticker, date)=(TSLA, 2026-02-06) already exists.

[2026-02-19T14:45:03.553+0000] {taskinstance.py:1206} INFO - Marking task as FAILED. dag_id=dag_moex, task_id=task_TSLA, run_id=scheduled__2026-02-07T00:00:00+00:00, execution_date=20260207T000000, start_date=20260219T144502, end_date=20260219T144503
[2026-02-19T14:45:03.562+0000] {standard_task_runner.py:110} ERROR - Failed to execute job 1308 for task task_TSLA (duplicate key value violates unique constraint "stocks_pkey"
DETAIL:  Key (ticker, date)=(TSLA, 2026-02-06) already exists.
; 32134)
[2026-02-19T14:45:03.609+0000] {local_task_job_runner.py:243} INFO - Task exited with return code 1
[2026-02-19T14:45:03.625+0000] {taskinstance.py:3503} INFO - 0 downstream tasks scheduled from follow-on schedule check
[2026-02-19T14:45:03.626+0000] {local_task_job_runner.py:222} INFO - ::endgroup::
[2026-02-19T14:50:52.660+0000] {local_task_job_runner.py:120} INFO - ::group::Pre task execution logs
[2026-02-19T14:50:52.688+0000] {taskinstance.py:2076} INFO - Dependencies all met for dep_context=non-requeueable deps ti=<TaskInstance: dag_moex.task_TSLA scheduled__2026-02-07T00:00:00+00:00 [queued]>
[2026-02-19T14:50:52.695+0000] {taskinstance.py:2076} INFO - Dependencies all met for dep_context=requeueable deps ti=<TaskInstance: dag_moex.task_TSLA scheduled__2026-02-07T00:00:00+00:00 [queued]>
[2026-02-19T14:50:52.695+0000] {taskinstance.py:2306} INFO - Starting attempt 1 of 1
[2026-02-19T14:50:52.706+0000] {taskinstance.py:2330} INFO - Executing <Task(PythonOperator): task_TSLA> on 2026-02-07 00:00:00+00:00
[2026-02-19T14:50:52.713+0000] {logging_mixin.py:188} WARNING - /home/***/.local/lib/python3.12/site-packages/***/task/task_runner/standard_task_runner.py:62 DeprecationWarning: This process (pid=32807) is multi-threaded, use of fork() may lead to deadlocks in the child.
[2026-02-19T14:50:52.714+0000] {standard_task_runner.py:64} INFO - Started process 32836 to run task
[2026-02-19T14:50:52.714+0000] {standard_task_runner.py:90} INFO - Running: ['***', 'tasks', 'run', 'dag_moex', 'task_TSLA', 'scheduled__2026-02-07T00:00:00+00:00', '--job-id', '1451', '--raw', '--subdir', 'DAGS_FOLDER/stocks/dag1.py', '--cfg-path', '/tmp/tmpy3qz_upk']
[2026-02-19T14:50:52.716+0000] {standard_task_runner.py:91} INFO - Job 1451: Subtask task_TSLA
[2026-02-19T14:50:52.760+0000] {task_command.py:426} INFO - Running <TaskInstance: dag_moex.task_TSLA scheduled__2026-02-07T00:00:00+00:00 [running]> on host cc036e7caf02
[2026-02-19T14:50:52.860+0000] {taskinstance.py:2648} INFO - Exporting env vars: AIRFLOW_CTX_DAG_OWNER='***' AIRFLOW_CTX_DAG_ID='dag_moex' AIRFLOW_CTX_TASK_ID='task_TSLA' AIRFLOW_CTX_EXECUTION_DATE='2026-02-07T00:00:00+00:00' AIRFLOW_CTX_TRY_NUMBER='1' AIRFLOW_CTX_DAG_RUN_ID='scheduled__2026-02-07T00:00:00+00:00'
[2026-02-19T14:50:52.861+0000] {taskinstance.py:430} INFO - ::endgroup::
[2026-02-19T14:50:52.877+0000] {logging_mixin.py:188} WARNING - /opt/***/dags/stocks/scripts/api.py:9 FutureWarning: YF.download() has changed argument auto_adjust default to True
[2026-02-19T14:50:52.886+0000] {logging_mixin.py:188} WARNING - /home/***/.local/lib/python3.12/site-packages/yfinance/scrapers/history.py:204 Pandas4Warning: Timestamp.utcnow is deprecated and will be removed in a future version. Use Timestamp.now('UTC') instead.
[2026-02-19T14:50:53.752+0000] {logging_mixin.py:188} WARNING - [*********************100%***********************]  1 of 1 completed
[2026-02-19T14:50:53.767+0000] {base.py:84} INFO - Using connection ID 'pg_1' for task execution.
[2026-02-19T14:50:53.767+0000] {sql.py:254} WARNING - This setter is for backward compatibility and should not be used.
Since the introduction of connection property, the providers listed below breaks due to assigning value to self.connection in their __init__ method.
* apache-***-providers-mysql<5.7.1
* apache-***-providers-elasticsearch<5.5.1
* apache-***-providers-postgres<5.13.0
[2026-02-19T14:50:53.770+0000] {taskinstance.py:441} INFO - ::group::Post task execution logs
[2026-02-19T14:50:53.771+0000] {taskinstance.py:2905} ERROR - Task failed with exception
Traceback (most recent call last):
  File "/home/airflow/.local/lib/python3.12/site-packages/airflow/models/taskinstance.py", line 465, in _execute_task
    result = _execute_callable(context=context, **execute_callable_kwargs)
             ^^^^^^^^^^^^^^^^^^^^^^^^^^^^^^^^^^^^^^^^^^^^^^^^^^^^^^^^^^^^^
  File "/home/airflow/.local/lib/python3.12/site-packages/airflow/models/taskinstance.py", line 432, in _execute_callable
    return execute_callable(context=context, **execute_callable_kwargs)
           ^^^^^^^^^^^^^^^^^^^^^^^^^^^^^^^^^^^^^^^^^^^^^^^^^^^^^^^^^^^^
  File "/home/airflow/.local/lib/python3.12/site-packages/airflow/models/baseoperator.py", line 401, in wrapper
    return func(self, *args, **kwargs)
           ^^^^^^^^^^^^^^^^^^^^^^^^^^^
  File "/home/airflow/.local/lib/python3.12/site-packages/airflow/operators/python.py", line 235, in execute
    return_value = self.execute_callable()
                   ^^^^^^^^^^^^^^^^^^^^^^^
  File "/home/airflow/.local/lib/python3.12/site-packages/airflow/operators/python.py", line 252, in execute_callable
    return self.python_callable(*self.op_args, **self.op_kwargs)
           ^^^^^^^^^^^^^^^^^^^^^^^^^^^^^^^^^^^^^^^^^^^^^^^^^^^^^
  File "/opt/airflow/dags/stocks/scripts/manager.py", line 24, in fetch_data
    postgresHook.insert_rows(table="stocks", rows=rows,
  File "/home/airflow/.local/lib/python3.12/site-packages/airflow/providers/common/sql/hooks/sql.py", line 893, in insert_rows
    cur.executemany(sql, values)
psycopg2.errors.UniqueViolation: duplicate key value violates unique constraint "stocks_pkey"
DETAIL:  Key (ticker, date)=(TSLA, 2026-02-06) already exists.

[2026-02-19T14:50:53.778+0000] {taskinstance.py:1206} INFO - Marking task as FAILED. dag_id=dag_moex, task_id=task_TSLA, run_id=scheduled__2026-02-07T00:00:00+00:00, execution_date=20260207T000000, start_date=20260219T145052, end_date=20260219T145053
[2026-02-19T14:50:53.785+0000] {standard_task_runner.py:110} ERROR - Failed to execute job 1451 for task task_TSLA (duplicate key value violates unique constraint "stocks_pkey"
DETAIL:  Key (ticker, date)=(TSLA, 2026-02-06) already exists.
; 32836)
[2026-02-19T14:50:53.809+0000] {local_task_job_runner.py:243} INFO - Task exited with return code 1
[2026-02-19T14:50:53.820+0000] {taskinstance.py:3503} INFO - 0 downstream tasks scheduled from follow-on schedule check
[2026-02-19T14:50:53.822+0000] {local_task_job_runner.py:222} INFO - ::endgroup::
[2026-02-19T14:53:26.199+0000] {local_task_job_runner.py:120} INFO - ::group::Pre task execution logs
[2026-02-19T14:53:26.233+0000] {taskinstance.py:2076} INFO - Dependencies all met for dep_context=non-requeueable deps ti=<TaskInstance: dag_moex.task_TSLA scheduled__2026-02-07T00:00:00+00:00 [queued]>
[2026-02-19T14:53:26.241+0000] {taskinstance.py:2076} INFO - Dependencies all met for dep_context=requeueable deps ti=<TaskInstance: dag_moex.task_TSLA scheduled__2026-02-07T00:00:00+00:00 [queued]>
[2026-02-19T14:53:26.242+0000] {taskinstance.py:2306} INFO - Starting attempt 1 of 1
[2026-02-19T14:53:26.328+0000] {taskinstance.py:2330} INFO - Executing <Task(PythonOperator): task_TSLA> on 2026-02-07 00:00:00+00:00
[2026-02-19T14:53:26.340+0000] {logging_mixin.py:188} WARNING - /home/***/.local/lib/python3.12/site-packages/***/task/task_runner/standard_task_runner.py:62 DeprecationWarning: This process (pid=33259) is multi-threaded, use of fork() may lead to deadlocks in the child.
[2026-02-19T14:53:26.343+0000] {standard_task_runner.py:64} INFO - Started process 33281 to run task
[2026-02-19T14:53:26.341+0000] {standard_task_runner.py:90} INFO - Running: ['***', 'tasks', 'run', 'dag_moex', 'task_TSLA', 'scheduled__2026-02-07T00:00:00+00:00', '--job-id', '1534', '--raw', '--subdir', 'DAGS_FOLDER/stocks/dag1.py', '--cfg-path', '/tmp/tmp78jayx4d']
[2026-02-19T14:53:26.346+0000] {standard_task_runner.py:91} INFO - Job 1534: Subtask task_TSLA
[2026-02-19T14:53:26.398+0000] {task_command.py:426} INFO - Running <TaskInstance: dag_moex.task_TSLA scheduled__2026-02-07T00:00:00+00:00 [running]> on host cc036e7caf02
[2026-02-19T14:53:26.492+0000] {taskinstance.py:2648} INFO - Exporting env vars: AIRFLOW_CTX_DAG_OWNER='***' AIRFLOW_CTX_DAG_ID='dag_moex' AIRFLOW_CTX_TASK_ID='task_TSLA' AIRFLOW_CTX_EXECUTION_DATE='2026-02-07T00:00:00+00:00' AIRFLOW_CTX_TRY_NUMBER='1' AIRFLOW_CTX_DAG_RUN_ID='scheduled__2026-02-07T00:00:00+00:00'
[2026-02-19T14:53:26.493+0000] {taskinstance.py:430} INFO - ::endgroup::
[2026-02-19T14:53:26.506+0000] {logging_mixin.py:188} WARNING - /opt/***/dags/stocks/scripts/api.py:9 FutureWarning: YF.download() has changed argument auto_adjust default to True
[2026-02-19T14:53:26.514+0000] {logging_mixin.py:188} WARNING - /home/***/.local/lib/python3.12/site-packages/yfinance/scrapers/history.py:204 Pandas4Warning: Timestamp.utcnow is deprecated and will be removed in a future version. Use Timestamp.now('UTC') instead.
[2026-02-19T14:53:27.351+0000] {logging_mixin.py:188} WARNING - [*********************100%***********************]  1 of 1 completed
[2026-02-19T14:53:27.371+0000] {base.py:84} INFO - Using connection ID 'pg_1' for task execution.
[2026-02-19T14:53:27.372+0000] {sql.py:254} WARNING - This setter is for backward compatibility and should not be used.
Since the introduction of connection property, the providers listed below breaks due to assigning value to self.connection in their __init__ method.
* apache-***-providers-mysql<5.7.1
* apache-***-providers-elasticsearch<5.5.1
* apache-***-providers-postgres<5.13.0
[2026-02-19T14:53:27.378+0000] {sql.py:896} INFO - Loaded 1 rows into stocks so far
[2026-02-19T14:53:27.379+0000] {sql.py:908} INFO - Done loading. Loaded a total of 1 rows into stocks
[2026-02-19T14:53:27.384+0000] {python.py:237} INFO - Done. Returned value was: None
[2026-02-19T14:53:27.385+0000] {taskinstance.py:441} INFO - ::group::Post task execution logs
[2026-02-19T14:53:27.395+0000] {taskinstance.py:1206} INFO - Marking task as SUCCESS. dag_id=dag_moex, task_id=task_TSLA, run_id=scheduled__2026-02-07T00:00:00+00:00, execution_date=20260207T000000, start_date=20260219T145326, end_date=20260219T145327
[2026-02-19T14:53:27.444+0000] {local_task_job_runner.py:243} INFO - Task exited with return code 0
[2026-02-19T14:53:27.459+0000] {taskinstance.py:3503} INFO - 0 downstream tasks scheduled from follow-on schedule check
[2026-02-19T14:53:27.461+0000] {local_task_job_runner.py:222} INFO - ::endgroup::
