[2026-02-18T07:13:08.406+0000] {local_task_job_runner.py:120} INFO - ::group::Pre task execution logs
[2026-02-18T07:13:08.472+0000] {taskinstance.py:2076} INFO - Dependencies all met for dep_context=non-requeueable deps ti=<TaskInstance: dag_moex.task_GOOG scheduled__2026-01-29T00:00:00+00:00 [queued]>
[2026-02-18T07:13:08.498+0000] {taskinstance.py:2076} INFO - Dependencies all met for dep_context=requeueable deps ti=<TaskInstance: dag_moex.task_GOOG scheduled__2026-01-29T00:00:00+00:00 [queued]>
[2026-02-18T07:13:08.500+0000] {taskinstance.py:2306} INFO - Starting attempt 1 of 1
[2026-02-18T07:13:08.535+0000] {taskinstance.py:2330} INFO - Executing <Task(PythonOperator): task_GOOG> on 2026-01-29 00:00:00+00:00
[2026-02-18T07:13:08.551+0000] {logging_mixin.py:188} WARNING - /home/***/.local/lib/python3.12/site-packages/***/task/task_runner/standard_task_runner.py:62 DeprecationWarning: This process (pid=1599) is multi-threaded, use of fork() may lead to deadlocks in the child.
[2026-02-18T07:13:08.555+0000] {standard_task_runner.py:64} INFO - Started process 1636 to run task
[2026-02-18T07:13:08.566+0000] {standard_task_runner.py:90} INFO - Running: ['***', 'tasks', 'run', 'dag_moex', 'task_GOOG', 'scheduled__2026-01-29T00:00:00+00:00', '--job-id', '465', '--raw', '--subdir', 'DAGS_FOLDER/stocks/dag1.py', '--cfg-path', '/tmp/tmp2fm7cjnr']
[2026-02-18T07:13:08.569+0000] {standard_task_runner.py:91} INFO - Job 465: Subtask task_GOOG
[2026-02-18T07:13:08.657+0000] {task_command.py:426} INFO - Running <TaskInstance: dag_moex.task_GOOG scheduled__2026-01-29T00:00:00+00:00 [running]> on host cc036e7caf02
[2026-02-18T07:13:08.769+0000] {taskinstance.py:2648} INFO - Exporting env vars: AIRFLOW_CTX_DAG_OWNER='***' AIRFLOW_CTX_DAG_ID='dag_moex' AIRFLOW_CTX_TASK_ID='task_GOOG' AIRFLOW_CTX_EXECUTION_DATE='2026-01-29T00:00:00+00:00' AIRFLOW_CTX_TRY_NUMBER='1' AIRFLOW_CTX_DAG_RUN_ID='scheduled__2026-01-29T00:00:00+00:00'
[2026-02-18T07:13:08.770+0000] {taskinstance.py:430} INFO - ::endgroup::
[2026-02-18T07:13:08.787+0000] {manager.py:8} INFO - log
[2026-02-18T07:13:08.793+0000] {logging_mixin.py:188} WARNING - /opt/***/dags/stocks/scripts/api.py:9 FutureWarning: YF.download() has changed argument auto_adjust default to True
[2026-02-18T07:13:08.804+0000] {logging_mixin.py:188} WARNING - /home/***/.local/lib/python3.12/site-packages/yfinance/scrapers/history.py:204 Pandas4Warning: Timestamp.utcnow is deprecated and will be removed in a future version. Use Timestamp.now('UTC') instead.
[2026-02-18T07:13:09.640+0000] {logging_mixin.py:188} WARNING - [*********************100%***********************]  1 of 1 completed
[2026-02-18T07:13:09.651+0000] {manager.py:10} INFO - Price            Close        High         Low        Open    Volume
Ticker            GOOG        GOOG        GOOG        GOOG      GOOG
Date                                                                
2026-01-29  338.660004  342.290009  326.720001  340.350006  24548300
[2026-02-18T07:13:09.669+0000] {python.py:237} INFO - Done. Returned value was: None
[2026-02-18T07:13:09.670+0000] {taskinstance.py:441} INFO - ::group::Post task execution logs
[2026-02-18T07:13:09.680+0000] {taskinstance.py:1206} INFO - Marking task as SUCCESS. dag_id=dag_moex, task_id=task_GOOG, run_id=scheduled__2026-01-29T00:00:00+00:00, execution_date=20260129T000000, start_date=20260218T071308, end_date=20260218T071309
[2026-02-18T07:13:09.718+0000] {local_task_job_runner.py:243} INFO - Task exited with return code 0
[2026-02-18T07:13:09.732+0000] {taskinstance.py:3503} INFO - 0 downstream tasks scheduled from follow-on schedule check
[2026-02-18T07:13:09.734+0000] {local_task_job_runner.py:222} INFO - ::endgroup::
[2026-02-19T14:50:42.327+0000] {local_task_job_runner.py:120} INFO - ::group::Pre task execution logs
[2026-02-19T14:50:42.368+0000] {taskinstance.py:2076} INFO - Dependencies all met for dep_context=non-requeueable deps ti=<TaskInstance: dag_moex.task_GOOG scheduled__2026-01-29T00:00:00+00:00 [queued]>
[2026-02-19T14:50:42.384+0000] {taskinstance.py:2076} INFO - Dependencies all met for dep_context=requeueable deps ti=<TaskInstance: dag_moex.task_GOOG scheduled__2026-01-29T00:00:00+00:00 [queued]>
[2026-02-19T14:50:42.386+0000] {taskinstance.py:2306} INFO - Starting attempt 1 of 1
[2026-02-19T14:50:42.403+0000] {taskinstance.py:2330} INFO - Executing <Task(PythonOperator): task_GOOG> on 2026-01-29 00:00:00+00:00
[2026-02-19T14:50:42.417+0000] {logging_mixin.py:188} WARNING - /home/***/.local/lib/python3.12/site-packages/***/task/task_runner/standard_task_runner.py:62 DeprecationWarning: This process (pid=32697) is multi-threaded, use of fork() may lead to deadlocks in the child.
[2026-02-19T14:50:42.418+0000] {standard_task_runner.py:64} INFO - Started process 32729 to run task
[2026-02-19T14:50:42.425+0000] {standard_task_runner.py:90} INFO - Running: ['***', 'tasks', 'run', 'dag_moex', 'task_GOOG', 'scheduled__2026-01-29T00:00:00+00:00', '--job-id', '1424', '--raw', '--subdir', 'DAGS_FOLDER/stocks/dag1.py', '--cfg-path', '/tmp/tmp_jubk_y4']
[2026-02-19T14:50:42.428+0000] {standard_task_runner.py:91} INFO - Job 1424: Subtask task_GOOG
[2026-02-19T14:50:42.505+0000] {task_command.py:426} INFO - Running <TaskInstance: dag_moex.task_GOOG scheduled__2026-01-29T00:00:00+00:00 [running]> on host cc036e7caf02
[2026-02-19T14:50:42.636+0000] {taskinstance.py:2648} INFO - Exporting env vars: AIRFLOW_CTX_DAG_OWNER='***' AIRFLOW_CTX_DAG_ID='dag_moex' AIRFLOW_CTX_TASK_ID='task_GOOG' AIRFLOW_CTX_EXECUTION_DATE='2026-01-29T00:00:00+00:00' AIRFLOW_CTX_TRY_NUMBER='1' AIRFLOW_CTX_DAG_RUN_ID='scheduled__2026-01-29T00:00:00+00:00'
[2026-02-19T14:50:42.639+0000] {taskinstance.py:430} INFO - ::endgroup::
[2026-02-19T14:50:42.656+0000] {logging_mixin.py:188} WARNING - /opt/***/dags/stocks/scripts/api.py:9 FutureWarning: YF.download() has changed argument auto_adjust default to True
[2026-02-19T14:50:42.666+0000] {logging_mixin.py:188} WARNING - /home/***/.local/lib/python3.12/site-packages/yfinance/scrapers/history.py:204 Pandas4Warning: Timestamp.utcnow is deprecated and will be removed in a future version. Use Timestamp.now('UTC') instead.
[2026-02-19T14:50:43.353+0000] {logging_mixin.py:188} WARNING - [*********************100%***********************]  1 of 1 completed
[2026-02-19T14:50:43.375+0000] {base.py:84} INFO - Using connection ID 'pg_1' for task execution.
[2026-02-19T14:50:43.377+0000] {sql.py:254} WARNING - This setter is for backward compatibility and should not be used.
Since the introduction of connection property, the providers listed below breaks due to assigning value to self.connection in their __init__ method.
* apache-***-providers-mysql<5.7.1
* apache-***-providers-elasticsearch<5.5.1
* apache-***-providers-postgres<5.13.0
[2026-02-19T14:50:43.383+0000] {taskinstance.py:441} INFO - ::group::Post task execution logs
[2026-02-19T14:50:43.385+0000] {taskinstance.py:2905} ERROR - Task failed with exception
Traceback (most recent call last):
  File "/home/airflow/.local/lib/python3.12/site-packages/airflow/models/taskinstance.py", line 465, in _execute_task
    result = _execute_callable(context=context, **execute_callable_kwargs)
             ^^^^^^^^^^^^^^^^^^^^^^^^^^^^^^^^^^^^^^^^^^^^^^^^^^^^^^^^^^^^^
  File "/home/airflow/.local/lib/python3.12/site-packages/airflow/models/taskinstance.py", line 432, in _execute_callable
    return execute_callable(context=context, **execute_callable_kwargs)
           ^^^^^^^^^^^^^^^^^^^^^^^^^^^^^^^^^^^^^^^^^^^^^^^^^^^^^^^^^^^^
  File "/home/airflow/.local/lib/python3.12/site-packages/airflow/models/baseoperator.py", line 401, in wrapper
    return func(self, *args, **kwargs)
           ^^^^^^^^^^^^^^^^^^^^^^^^^^^
  File "/home/airflow/.local/lib/python3.12/site-packages/airflow/operators/python.py", line 235, in execute
    return_value = self.execute_callable()
                   ^^^^^^^^^^^^^^^^^^^^^^^
  File "/home/airflow/.local/lib/python3.12/site-packages/airflow/operators/python.py", line 252, in execute_callable
    return self.python_callable(*self.op_args, **self.op_kwargs)
           ^^^^^^^^^^^^^^^^^^^^^^^^^^^^^^^^^^^^^^^^^^^^^^^^^^^^^
  File "/opt/airflow/dags/stocks/scripts/manager.py", line 24, in fetch_data
    postgresHook.insert_rows(table="stocks", rows=rows,
  File "/home/airflow/.local/lib/python3.12/site-packages/airflow/providers/common/sql/hooks/sql.py", line 893, in insert_rows
    cur.executemany(sql, values)
psycopg2.errors.UniqueViolation: duplicate key value violates unique constraint "stocks_pkey"
DETAIL:  Key (ticker, date)=(GOOG, 2026-01-28) already exists.

[2026-02-19T14:50:43.400+0000] {taskinstance.py:1206} INFO - Marking task as FAILED. dag_id=dag_moex, task_id=task_GOOG, run_id=scheduled__2026-01-29T00:00:00+00:00, execution_date=20260129T000000, start_date=20260219T145042, end_date=20260219T145043
[2026-02-19T14:50:43.411+0000] {standard_task_runner.py:110} ERROR - Failed to execute job 1424 for task task_GOOG (duplicate key value violates unique constraint "stocks_pkey"
DETAIL:  Key (ticker, date)=(GOOG, 2026-01-28) already exists.
; 32729)
[2026-02-19T14:50:43.436+0000] {local_task_job_runner.py:243} INFO - Task exited with return code 1
[2026-02-19T14:50:43.460+0000] {taskinstance.py:3503} INFO - 0 downstream tasks scheduled from follow-on schedule check
[2026-02-19T14:50:43.464+0000] {local_task_job_runner.py:222} INFO - ::endgroup::
