[2026-02-18T07:12:59.505+0000] {local_task_job_runner.py:120} INFO - ::group::Pre task execution logs
[2026-02-18T07:12:59.582+0000] {taskinstance.py:2076} INFO - Dependencies all met for dep_context=non-requeueable deps ti=<TaskInstance: dag_moex.task_GOOG scheduled__2026-01-18T00:00:00+00:00 [queued]>
[2026-02-18T07:12:59.609+0000] {taskinstance.py:2076} INFO - Dependencies all met for dep_context=requeueable deps ti=<TaskInstance: dag_moex.task_GOOG scheduled__2026-01-18T00:00:00+00:00 [queued]>
[2026-02-18T07:12:59.610+0000] {taskinstance.py:2306} INFO - Starting attempt 1 of 1
[2026-02-18T07:12:59.640+0000] {taskinstance.py:2330} INFO - Executing <Task(PythonOperator): task_GOOG> on 2026-01-18 00:00:00+00:00
[2026-02-18T07:12:59.662+0000] {logging_mixin.py:188} WARNING - /home/***/.local/lib/python3.12/site-packages/***/task/task_runner/standard_task_runner.py:62 DeprecationWarning: This process (pid=1475) is multi-threaded, use of fork() may lead to deadlocks in the child.
[2026-02-18T07:12:59.661+0000] {standard_task_runner.py:90} INFO - Running: ['***', 'tasks', 'run', 'dag_moex', 'task_GOOG', 'scheduled__2026-01-18T00:00:00+00:00', '--job-id', '425', '--raw', '--subdir', 'DAGS_FOLDER/stocks/dag1.py', '--cfg-path', '/tmp/tmpqxpukdq5']
[2026-02-18T07:12:59.666+0000] {standard_task_runner.py:91} INFO - Job 425: Subtask task_GOOG
[2026-02-18T07:12:59.665+0000] {standard_task_runner.py:64} INFO - Started process 1500 to run task
[2026-02-18T07:12:59.789+0000] {task_command.py:426} INFO - Running <TaskInstance: dag_moex.task_GOOG scheduled__2026-01-18T00:00:00+00:00 [running]> on host cc036e7caf02
[2026-02-18T07:12:59.959+0000] {taskinstance.py:2648} INFO - Exporting env vars: AIRFLOW_CTX_DAG_OWNER='***' AIRFLOW_CTX_DAG_ID='dag_moex' AIRFLOW_CTX_TASK_ID='task_GOOG' AIRFLOW_CTX_EXECUTION_DATE='2026-01-18T00:00:00+00:00' AIRFLOW_CTX_TRY_NUMBER='1' AIRFLOW_CTX_DAG_RUN_ID='scheduled__2026-01-18T00:00:00+00:00'
[2026-02-18T07:12:59.962+0000] {taskinstance.py:430} INFO - ::endgroup::
[2026-02-18T07:12:59.986+0000] {manager.py:8} INFO - log
[2026-02-18T07:12:59.991+0000] {logging_mixin.py:188} WARNING - /opt/***/dags/stocks/scripts/api.py:9 FutureWarning: YF.download() has changed argument auto_adjust default to True
[2026-02-18T07:13:00.064+0000] {logging_mixin.py:188} WARNING - /home/***/.local/lib/python3.12/site-packages/yfinance/scrapers/history.py:204 Pandas4Warning: Timestamp.utcnow is deprecated and will be removed in a future version. Use Timestamp.now('UTC') instead.
[2026-02-18T07:13:00.809+0000] {logging_mixin.py:188} WARNING - [*********************100%***********************]  1 of 1 completed
[2026-02-18T07:13:00.810+0000] {multi.py:185} ERROR - 
1 Failed download:
[2026-02-18T07:13:00.810+0000] {multi.py:198} ERROR - ['GOOG']: YFPricesMissingError('possibly delisted; no price data found  (1d 2026-01-17 -> 2026-01-19)')
[2026-02-18T07:13:00.820+0000] {taskinstance.py:441} INFO - ::group::Post task execution logs
[2026-02-18T07:13:00.821+0000] {taskinstance.py:2905} ERROR - Task failed with exception
Traceback (most recent call last):
  File "/home/airflow/.local/lib/python3.12/site-packages/airflow/models/taskinstance.py", line 465, in _execute_task
    result = _execute_callable(context=context, **execute_callable_kwargs)
             ^^^^^^^^^^^^^^^^^^^^^^^^^^^^^^^^^^^^^^^^^^^^^^^^^^^^^^^^^^^^^
  File "/home/airflow/.local/lib/python3.12/site-packages/airflow/models/taskinstance.py", line 432, in _execute_callable
    return execute_callable(context=context, **execute_callable_kwargs)
           ^^^^^^^^^^^^^^^^^^^^^^^^^^^^^^^^^^^^^^^^^^^^^^^^^^^^^^^^^^^^
  File "/home/airflow/.local/lib/python3.12/site-packages/airflow/models/baseoperator.py", line 401, in wrapper
    return func(self, *args, **kwargs)
           ^^^^^^^^^^^^^^^^^^^^^^^^^^^
  File "/home/airflow/.local/lib/python3.12/site-packages/airflow/operators/python.py", line 235, in execute
    return_value = self.execute_callable()
                   ^^^^^^^^^^^^^^^^^^^^^^^
  File "/home/airflow/.local/lib/python3.12/site-packages/airflow/operators/python.py", line 252, in execute_callable
    return self.python_callable(*self.op_args, **self.op_kwargs)
           ^^^^^^^^^^^^^^^^^^^^^^^^^^^^^^^^^^^^^^^^^^^^^^^^^^^^^
  File "/opt/airflow/dags/stocks/scripts/manager.py", line 9, in fetch_data
    data = fetch_data_from_yfinance(stock, data_interval_start=data_interval_start, data_interval_end=data_interval_end)
           ^^^^^^^^^^^^^^^^^^^^^^^^^^^^^^^^^^^^^^^^^^^^^^^^^^^^^^^^^^^^^^^^^^^^^^^^^^^^^^^^^^^^^^^^^^^^^^^^^^^^^^^^^^^^^
  File "/opt/airflow/dags/stocks/scripts/api.py", line 10, in fetch_data_from_yfinance
    df.drop(index=start, inplace=True)
  File "/home/airflow/.local/lib/python3.12/site-packages/pandas/core/frame.py", line 6288, in drop
    return super().drop(
           ^^^^^^^^^^^^^
  File "/home/airflow/.local/lib/python3.12/site-packages/pandas/core/generic.py", line 4644, in drop
    obj = obj._drop_axis(labels, axis, level=level, errors=errors)
          ^^^^^^^^^^^^^^^^^^^^^^^^^^^^^^^^^^^^^^^^^^^^^^^^^^^^^^^^
  File "/home/airflow/.local/lib/python3.12/site-packages/pandas/core/generic.py", line 4686, in _drop_axis
    new_axis = axis.drop(labels, errors=errors)
               ^^^^^^^^^^^^^^^^^^^^^^^^^^^^^^^^
  File "/home/airflow/.local/lib/python3.12/site-packages/pandas/core/indexes/base.py", line 7268, in drop
    raise KeyError(f"{labels[mask].tolist()} not found in axis")
KeyError: "['2026-01-17'] not found in axis"
[2026-02-18T07:13:00.838+0000] {taskinstance.py:1206} INFO - Marking task as FAILED. dag_id=dag_moex, task_id=task_GOOG, run_id=scheduled__2026-01-18T00:00:00+00:00, execution_date=20260118T000000, start_date=20260218T071259, end_date=20260218T071300
[2026-02-18T07:13:00.850+0000] {standard_task_runner.py:110} ERROR - Failed to execute job 425 for task task_GOOG ("['2026-01-17'] not found in axis"; 1500)
[2026-02-18T07:13:00.862+0000] {local_task_job_runner.py:243} INFO - Task exited with return code 1
[2026-02-18T07:13:00.884+0000] {taskinstance.py:3503} INFO - 0 downstream tasks scheduled from follow-on schedule check
[2026-02-18T07:13:00.889+0000] {local_task_job_runner.py:222} INFO - ::endgroup::
[2026-02-19T14:50:30.918+0000] {local_task_job_runner.py:120} INFO - ::group::Pre task execution logs
[2026-02-19T14:50:30.969+0000] {taskinstance.py:2076} INFO - Dependencies all met for dep_context=non-requeueable deps ti=<TaskInstance: dag_moex.task_GOOG scheduled__2026-01-18T00:00:00+00:00 [queued]>
[2026-02-19T14:50:31.008+0000] {taskinstance.py:2076} INFO - Dependencies all met for dep_context=requeueable deps ti=<TaskInstance: dag_moex.task_GOOG scheduled__2026-01-18T00:00:00+00:00 [queued]>
[2026-02-19T14:50:31.009+0000] {taskinstance.py:2306} INFO - Starting attempt 1 of 1
[2026-02-19T14:50:31.036+0000] {taskinstance.py:2330} INFO - Executing <Task(PythonOperator): task_GOOG> on 2026-01-18 00:00:00+00:00
[2026-02-19T14:50:31.047+0000] {logging_mixin.py:188} WARNING - /home/***/.local/lib/python3.12/site-packages/***/task/task_runner/standard_task_runner.py:62 DeprecationWarning: This process (pid=32576) is multi-threaded, use of fork() may lead to deadlocks in the child.
[2026-02-19T14:50:31.050+0000] {standard_task_runner.py:64} INFO - Started process 32611 to run task
[2026-02-19T14:50:31.047+0000] {standard_task_runner.py:90} INFO - Running: ['***', 'tasks', 'run', 'dag_moex', 'task_GOOG', 'scheduled__2026-01-18T00:00:00+00:00', '--job-id', '1392', '--raw', '--subdir', 'DAGS_FOLDER/stocks/dag1.py', '--cfg-path', '/tmp/tmpjiov180m']
[2026-02-19T14:50:31.051+0000] {standard_task_runner.py:91} INFO - Job 1392: Subtask task_GOOG
[2026-02-19T14:50:31.151+0000] {task_command.py:426} INFO - Running <TaskInstance: dag_moex.task_GOOG scheduled__2026-01-18T00:00:00+00:00 [running]> on host cc036e7caf02
[2026-02-19T14:50:31.281+0000] {taskinstance.py:2648} INFO - Exporting env vars: AIRFLOW_CTX_DAG_OWNER='***' AIRFLOW_CTX_DAG_ID='dag_moex' AIRFLOW_CTX_TASK_ID='task_GOOG' AIRFLOW_CTX_EXECUTION_DATE='2026-01-18T00:00:00+00:00' AIRFLOW_CTX_TRY_NUMBER='1' AIRFLOW_CTX_DAG_RUN_ID='scheduled__2026-01-18T00:00:00+00:00'
[2026-02-19T14:50:31.283+0000] {taskinstance.py:430} INFO - ::endgroup::
[2026-02-19T14:50:31.299+0000] {logging_mixin.py:188} WARNING - /opt/***/dags/stocks/scripts/api.py:9 FutureWarning: YF.download() has changed argument auto_adjust default to True
[2026-02-19T14:50:31.309+0000] {logging_mixin.py:188} WARNING - /home/***/.local/lib/python3.12/site-packages/yfinance/scrapers/history.py:204 Pandas4Warning: Timestamp.utcnow is deprecated and will be removed in a future version. Use Timestamp.now('UTC') instead.
[2026-02-19T14:50:32.103+0000] {logging_mixin.py:188} WARNING - [*********************100%***********************]  1 of 1 completed
[2026-02-19T14:50:32.103+0000] {multi.py:185} ERROR - 
1 Failed download:
[2026-02-19T14:50:32.104+0000] {multi.py:198} ERROR - ['GOOG']: YFPricesMissingError('possibly delisted; no price data found  (1d 2026-01-17 -> 2026-01-19)')
[2026-02-19T14:50:32.140+0000] {base.py:84} INFO - Using connection ID 'pg_1' for task execution.
[2026-02-19T14:50:32.143+0000] {sql.py:254} WARNING - This setter is for backward compatibility and should not be used.
Since the introduction of connection property, the providers listed below breaks due to assigning value to self.connection in their __init__ method.
* apache-***-providers-mysql<5.7.1
* apache-***-providers-elasticsearch<5.5.1
* apache-***-providers-postgres<5.13.0
[2026-02-19T14:50:32.156+0000] {sql.py:908} INFO - Done loading. Loaded a total of 0 rows into stocks
[2026-02-19T14:50:32.163+0000] {python.py:237} INFO - Done. Returned value was: None
[2026-02-19T14:50:32.165+0000] {taskinstance.py:441} INFO - ::group::Post task execution logs
[2026-02-19T14:50:32.178+0000] {taskinstance.py:1206} INFO - Marking task as SUCCESS. dag_id=dag_moex, task_id=task_GOOG, run_id=scheduled__2026-01-18T00:00:00+00:00, execution_date=20260118T000000, start_date=20260219T145030, end_date=20260219T145032
[2026-02-19T14:50:32.244+0000] {local_task_job_runner.py:243} INFO - Task exited with return code 0
[2026-02-19T14:50:32.262+0000] {taskinstance.py:3503} INFO - 0 downstream tasks scheduled from follow-on schedule check
[2026-02-19T14:50:32.264+0000] {local_task_job_runner.py:222} INFO - ::endgroup::
