[2026-02-14T09:34:04.033+0000] {local_task_job_runner.py:120} INFO - ::group::Pre task execution logs
[2026-02-14T09:34:04.081+0000] {taskinstance.py:2076} INFO - Dependencies all met for dep_context=non-requeueable deps ti=<TaskInstance: dag_moex.task_AAPL scheduled__2025-12-03T00:00:00+00:00 [queued]>
[2026-02-14T09:34:04.094+0000] {taskinstance.py:2076} INFO - Dependencies all met for dep_context=requeueable deps ti=<TaskInstance: dag_moex.task_AAPL scheduled__2025-12-03T00:00:00+00:00 [queued]>
[2026-02-14T09:34:04.096+0000] {taskinstance.py:2306} INFO - Starting attempt 1 of 1
[2026-02-14T09:34:04.118+0000] {taskinstance.py:2330} INFO - Executing <Task(PythonOperator): task_AAPL> on 2025-12-03 00:00:00+00:00
[2026-02-14T09:34:04.134+0000] {logging_mixin.py:188} WARNING - /home/***/.local/lib/python3.12/site-packages/***/task/task_runner/standard_task_runner.py:62 DeprecationWarning: This process (pid=726) is multi-threaded, use of fork() may lead to deadlocks in the child.
[2026-02-14T09:34:04.133+0000] {standard_task_runner.py:90} INFO - Running: ['***', 'tasks', 'run', 'dag_moex', 'task_AAPL', 'scheduled__2025-12-03T00:00:00+00:00', '--job-id', '206', '--raw', '--subdir', 'DAGS_FOLDER/stocks/dag1.py', '--cfg-path', '/tmp/tmpv4yalaux']
[2026-02-14T09:34:04.138+0000] {standard_task_runner.py:91} INFO - Job 206: Subtask task_AAPL
[2026-02-14T09:34:04.137+0000] {standard_task_runner.py:64} INFO - Started process 741 to run task
[2026-02-14T09:34:04.220+0000] {task_command.py:426} INFO - Running <TaskInstance: dag_moex.task_AAPL scheduled__2025-12-03T00:00:00+00:00 [running]> on host 78a955e87025
[2026-02-14T09:34:04.327+0000] {taskinstance.py:2648} INFO - Exporting env vars: AIRFLOW_CTX_DAG_OWNER='***' AIRFLOW_CTX_DAG_ID='dag_moex' AIRFLOW_CTX_TASK_ID='task_AAPL' AIRFLOW_CTX_EXECUTION_DATE='2025-12-03T00:00:00+00:00' AIRFLOW_CTX_TRY_NUMBER='1' AIRFLOW_CTX_DAG_RUN_ID='scheduled__2025-12-03T00:00:00+00:00'
[2026-02-14T09:34:04.328+0000] {taskinstance.py:430} INFO - ::endgroup::
[2026-02-14T09:34:04.343+0000] {logging_mixin.py:188} INFO - 2025-12-02 2025-12-04
[2026-02-14T09:34:04.345+0000] {logging_mixin.py:188} WARNING - /opt/***/dags/stocks/scripts/api.py:10 FutureWarning: YF.download() has changed argument auto_adjust default to True
[2026-02-14T09:34:04.399+0000] {logging_mixin.py:188} WARNING - /home/***/.local/lib/python3.12/site-packages/yfinance/scrapers/history.py:204 Pandas4Warning: Timestamp.utcnow is deprecated and will be removed in a future version. Use Timestamp.now('UTC') instead.
[2026-02-14T09:34:05.146+0000] {logging_mixin.py:188} WARNING - [*********************100%***********************]  1 of 1 completed
[2026-02-14T09:34:05.159+0000] {python.py:237} INFO - Done. Returned value was: None
[2026-02-14T09:34:05.160+0000] {taskinstance.py:441} INFO - ::group::Post task execution logs
[2026-02-14T09:34:05.170+0000] {taskinstance.py:1206} INFO - Marking task as SUCCESS. dag_id=dag_moex, task_id=task_AAPL, run_id=scheduled__2025-12-03T00:00:00+00:00, execution_date=20251203T000000, start_date=20260214T093404, end_date=20260214T093405
[2026-02-14T09:34:05.202+0000] {local_task_job_runner.py:243} INFO - Task exited with return code 0
[2026-02-14T09:34:05.212+0000] {local_task_job_runner.py:222} INFO - ::endgroup::
[2026-02-14T09:43:20.614+0000] {local_task_job_runner.py:120} INFO - ::group::Pre task execution logs
[2026-02-14T09:43:20.654+0000] {taskinstance.py:2076} INFO - Dependencies all met for dep_context=non-requeueable deps ti=<TaskInstance: dag_moex.task_AAPL scheduled__2025-12-03T00:00:00+00:00 [queued]>
[2026-02-14T09:43:20.667+0000] {taskinstance.py:2076} INFO - Dependencies all met for dep_context=requeueable deps ti=<TaskInstance: dag_moex.task_AAPL scheduled__2025-12-03T00:00:00+00:00 [queued]>
[2026-02-14T09:43:20.668+0000] {taskinstance.py:2306} INFO - Starting attempt 1 of 1
[2026-02-14T09:43:20.690+0000] {taskinstance.py:2330} INFO - Executing <Task(PythonOperator): task_AAPL> on 2025-12-03 00:00:00+00:00
[2026-02-14T09:43:20.703+0000] {logging_mixin.py:188} WARNING - /home/***/.local/lib/python3.12/site-packages/***/task/task_runner/standard_task_runner.py:62 DeprecationWarning: This process (pid=984) is multi-threaded, use of fork() may lead to deadlocks in the child.
[2026-02-14T09:43:20.705+0000] {standard_task_runner.py:64} INFO - Started process 998 to run task
[2026-02-14T09:43:20.703+0000] {standard_task_runner.py:90} INFO - Running: ['***', 'tasks', 'run', 'dag_moex', 'task_AAPL', 'scheduled__2025-12-03T00:00:00+00:00', '--job-id', '212', '--raw', '--subdir', 'DAGS_FOLDER/stocks/dag1.py', '--cfg-path', '/tmp/tmp9qwcav53']
[2026-02-14T09:43:20.709+0000] {standard_task_runner.py:91} INFO - Job 212: Subtask task_AAPL
[2026-02-14T09:43:20.791+0000] {task_command.py:426} INFO - Running <TaskInstance: dag_moex.task_AAPL scheduled__2025-12-03T00:00:00+00:00 [running]> on host 78a955e87025
[2026-02-14T09:43:20.907+0000] {taskinstance.py:2648} INFO - Exporting env vars: AIRFLOW_CTX_DAG_OWNER='***' AIRFLOW_CTX_DAG_ID='dag_moex' AIRFLOW_CTX_TASK_ID='task_AAPL' AIRFLOW_CTX_EXECUTION_DATE='2025-12-03T00:00:00+00:00' AIRFLOW_CTX_TRY_NUMBER='1' AIRFLOW_CTX_DAG_RUN_ID='scheduled__2025-12-03T00:00:00+00:00'
[2026-02-14T09:43:20.908+0000] {taskinstance.py:430} INFO - ::endgroup::
[2026-02-14T09:43:20.922+0000] {logging_mixin.py:188} INFO - 2025-12-02 2025-12-04
[2026-02-14T09:43:20.925+0000] {logging_mixin.py:188} WARNING - /opt/***/dags/stocks/scripts/api.py:10 FutureWarning: YF.download() has changed argument auto_adjust default to True
[2026-02-14T09:43:20.937+0000] {logging_mixin.py:188} WARNING - /home/***/.local/lib/python3.12/site-packages/yfinance/scrapers/history.py:204 Pandas4Warning: Timestamp.utcnow is deprecated and will be removed in a future version. Use Timestamp.now('UTC') instead.
[2026-02-14T09:43:21.727+0000] {logging_mixin.py:188} WARNING - [*********************100%***********************]  1 of 1 completed
[2026-02-14T09:43:21.746+0000] {taskinstance.py:441} INFO - ::group::Post task execution logs
[2026-02-14T09:43:21.748+0000] {taskinstance.py:2905} ERROR - Task failed with exception
Traceback (most recent call last):
  File "/home/airflow/.local/lib/python3.12/site-packages/airflow/models/taskinstance.py", line 465, in _execute_task
    result = _execute_callable(context=context, **execute_callable_kwargs)
             ^^^^^^^^^^^^^^^^^^^^^^^^^^^^^^^^^^^^^^^^^^^^^^^^^^^^^^^^^^^^^
  File "/home/airflow/.local/lib/python3.12/site-packages/airflow/models/taskinstance.py", line 432, in _execute_callable
    return execute_callable(context=context, **execute_callable_kwargs)
           ^^^^^^^^^^^^^^^^^^^^^^^^^^^^^^^^^^^^^^^^^^^^^^^^^^^^^^^^^^^^
  File "/home/airflow/.local/lib/python3.12/site-packages/airflow/models/baseoperator.py", line 401, in wrapper
    return func(self, *args, **kwargs)
           ^^^^^^^^^^^^^^^^^^^^^^^^^^^
  File "/home/airflow/.local/lib/python3.12/site-packages/airflow/operators/python.py", line 235, in execute
    return_value = self.execute_callable()
                   ^^^^^^^^^^^^^^^^^^^^^^^
  File "/home/airflow/.local/lib/python3.12/site-packages/airflow/operators/python.py", line 252, in execute_callable
    return self.python_callable(*self.op_args, **self.op_kwargs)
           ^^^^^^^^^^^^^^^^^^^^^^^^^^^^^^^^^^^^^^^^^^^^^^^^^^^^^
  File "/opt/airflow/dags/stocks/scripts/manager.py", line 9, in fetch_data
    data.to_json(file_path)
  File "/home/airflow/.local/lib/python3.12/site-packages/pandas/core/generic.py", line 2635, in to_json
    return json.to_json(
           ^^^^^^^^^^^^^
  File "/home/airflow/.local/lib/python3.12/site-packages/pandas/io/json/_json.py", line 248, in to_json
    with get_handle(
         ^^^^^^^^^^^
  File "/home/airflow/.local/lib/python3.12/site-packages/pandas/io/common.py", line 926, in get_handle
    handle = open(
             ^^^^^
PermissionError: [Errno 13] Permission denied: '/opt/airflow/dags/AAPL_2025-12-03.json'
[2026-02-14T09:43:21.769+0000] {taskinstance.py:1206} INFO - Marking task as FAILED. dag_id=dag_moex, task_id=task_AAPL, run_id=scheduled__2025-12-03T00:00:00+00:00, execution_date=20251203T000000, start_date=20260214T094320, end_date=20260214T094321
[2026-02-14T09:43:21.787+0000] {standard_task_runner.py:110} ERROR - Failed to execute job 212 for task task_AAPL ([Errno 13] Permission denied: '/opt/airflow/dags/AAPL_2025-12-03.json'; 998)
[2026-02-14T09:43:21.808+0000] {local_task_job_runner.py:243} INFO - Task exited with return code 1
[2026-02-14T09:43:21.850+0000] {taskinstance.py:3503} INFO - 0 downstream tasks scheduled from follow-on schedule check
[2026-02-14T09:43:21.854+0000] {local_task_job_runner.py:222} INFO - ::endgroup::
[2026-02-14T09:44:55.329+0000] {local_task_job_runner.py:120} INFO - ::group::Pre task execution logs
[2026-02-14T09:44:55.383+0000] {taskinstance.py:2076} INFO - Dependencies all met for dep_context=non-requeueable deps ti=<TaskInstance: dag_moex.task_AAPL scheduled__2025-12-03T00:00:00+00:00 [queued]>
[2026-02-14T09:44:55.402+0000] {taskinstance.py:2076} INFO - Dependencies all met for dep_context=requeueable deps ti=<TaskInstance: dag_moex.task_AAPL scheduled__2025-12-03T00:00:00+00:00 [queued]>
[2026-02-14T09:44:55.404+0000] {taskinstance.py:2306} INFO - Starting attempt 1 of 1
[2026-02-14T09:44:55.436+0000] {taskinstance.py:2330} INFO - Executing <Task(PythonOperator): task_AAPL> on 2025-12-03 00:00:00+00:00
[2026-02-14T09:44:55.453+0000] {logging_mixin.py:188} WARNING - /home/***/.local/lib/python3.12/site-packages/***/task/task_runner/standard_task_runner.py:62 DeprecationWarning: This process (pid=1055) is multi-threaded, use of fork() may lead to deadlocks in the child.
[2026-02-14T09:44:55.450+0000] {standard_task_runner.py:90} INFO - Running: ['***', 'tasks', 'run', 'dag_moex', 'task_AAPL', 'scheduled__2025-12-03T00:00:00+00:00', '--job-id', '222', '--raw', '--subdir', 'DAGS_FOLDER/stocks/dag1.py', '--cfg-path', '/tmp/tmpoywg2k1a']
[2026-02-14T09:44:55.454+0000] {standard_task_runner.py:64} INFO - Started process 1074 to run task
[2026-02-14T09:44:55.455+0000] {standard_task_runner.py:91} INFO - Job 222: Subtask task_AAPL
[2026-02-14T09:44:55.526+0000] {task_command.py:426} INFO - Running <TaskInstance: dag_moex.task_AAPL scheduled__2025-12-03T00:00:00+00:00 [running]> on host 78a955e87025
[2026-02-14T09:44:55.662+0000] {taskinstance.py:2648} INFO - Exporting env vars: AIRFLOW_CTX_DAG_OWNER='***' AIRFLOW_CTX_DAG_ID='dag_moex' AIRFLOW_CTX_TASK_ID='task_AAPL' AIRFLOW_CTX_EXECUTION_DATE='2025-12-03T00:00:00+00:00' AIRFLOW_CTX_TRY_NUMBER='1' AIRFLOW_CTX_DAG_RUN_ID='scheduled__2025-12-03T00:00:00+00:00'
[2026-02-14T09:44:55.663+0000] {taskinstance.py:430} INFO - ::endgroup::
[2026-02-14T09:44:55.679+0000] {logging_mixin.py:188} INFO - 2025-12-02 2025-12-04
[2026-02-14T09:44:55.683+0000] {logging_mixin.py:188} WARNING - /opt/***/dags/stocks/scripts/api.py:10 FutureWarning: YF.download() has changed argument auto_adjust default to True
[2026-02-14T09:44:55.694+0000] {logging_mixin.py:188} WARNING - /home/***/.local/lib/python3.12/site-packages/yfinance/scrapers/history.py:204 Pandas4Warning: Timestamp.utcnow is deprecated and will be removed in a future version. Use Timestamp.now('UTC') instead.
[2026-02-14T09:44:56.667+0000] {logging_mixin.py:188} WARNING - [*********************100%***********************]  1 of 1 completed
[2026-02-14T09:44:56.685+0000] {python.py:237} INFO - Done. Returned value was: None
[2026-02-14T09:44:56.687+0000] {taskinstance.py:441} INFO - ::group::Post task execution logs
[2026-02-14T09:44:56.702+0000] {taskinstance.py:1206} INFO - Marking task as SUCCESS. dag_id=dag_moex, task_id=task_AAPL, run_id=scheduled__2025-12-03T00:00:00+00:00, execution_date=20251203T000000, start_date=20260214T094455, end_date=20260214T094456
[2026-02-14T09:44:56.756+0000] {local_task_job_runner.py:243} INFO - Task exited with return code 0
[2026-02-14T09:44:56.783+0000] {taskinstance.py:3503} INFO - 0 downstream tasks scheduled from follow-on schedule check
[2026-02-14T09:44:56.786+0000] {local_task_job_runner.py:222} INFO - ::endgroup::
