[2026-02-18T07:12:56.420+0000] {local_task_job_runner.py:120} INFO - ::group::Pre task execution logs
[2026-02-18T07:12:56.513+0000] {taskinstance.py:2076} INFO - Dependencies all met for dep_context=non-requeueable deps ti=<TaskInstance: dag_moex.task_AAPL scheduled__2026-01-14T00:00:00+00:00 [queued]>
[2026-02-18T07:12:56.529+0000] {taskinstance.py:2076} INFO - Dependencies all met for dep_context=requeueable deps ti=<TaskInstance: dag_moex.task_AAPL scheduled__2026-01-14T00:00:00+00:00 [queued]>
[2026-02-18T07:12:56.530+0000] {taskinstance.py:2306} INFO - Starting attempt 1 of 1
[2026-02-18T07:12:56.565+0000] {taskinstance.py:2330} INFO - Executing <Task(PythonOperator): task_AAPL> on 2026-01-14 00:00:00+00:00
[2026-02-18T07:12:56.579+0000] {logging_mixin.py:188} WARNING - /home/***/.local/lib/python3.12/site-packages/***/task/task_runner/standard_task_runner.py:62 DeprecationWarning: This process (pid=1420) is multi-threaded, use of fork() may lead to deadlocks in the child.
[2026-02-18T07:12:56.582+0000] {standard_task_runner.py:64} INFO - Started process 1447 to run task
[2026-02-18T07:12:56.579+0000] {standard_task_runner.py:90} INFO - Running: ['***', 'tasks', 'run', 'dag_moex', 'task_AAPL', 'scheduled__2026-01-14T00:00:00+00:00', '--job-id', '415', '--raw', '--subdir', 'DAGS_FOLDER/stocks/dag1.py', '--cfg-path', '/tmp/tmpdbli9uux']
[2026-02-18T07:12:56.586+0000] {standard_task_runner.py:91} INFO - Job 415: Subtask task_AAPL
[2026-02-18T07:12:56.691+0000] {task_command.py:426} INFO - Running <TaskInstance: dag_moex.task_AAPL scheduled__2026-01-14T00:00:00+00:00 [running]> on host cc036e7caf02
[2026-02-18T07:12:56.838+0000] {taskinstance.py:2648} INFO - Exporting env vars: AIRFLOW_CTX_DAG_OWNER='***' AIRFLOW_CTX_DAG_ID='dag_moex' AIRFLOW_CTX_TASK_ID='task_AAPL' AIRFLOW_CTX_EXECUTION_DATE='2026-01-14T00:00:00+00:00' AIRFLOW_CTX_TRY_NUMBER='1' AIRFLOW_CTX_DAG_RUN_ID='scheduled__2026-01-14T00:00:00+00:00'
[2026-02-18T07:12:56.840+0000] {taskinstance.py:430} INFO - ::endgroup::
[2026-02-18T07:12:56.857+0000] {manager.py:8} INFO - log
[2026-02-18T07:12:56.861+0000] {logging_mixin.py:188} WARNING - /opt/***/dags/stocks/scripts/api.py:9 FutureWarning: YF.download() has changed argument auto_adjust default to True
[2026-02-18T07:12:56.872+0000] {logging_mixin.py:188} WARNING - /home/***/.local/lib/python3.12/site-packages/yfinance/scrapers/history.py:204 Pandas4Warning: Timestamp.utcnow is deprecated and will be removed in a future version. Use Timestamp.now('UTC') instead.
[2026-02-18T07:12:57.738+0000] {logging_mixin.py:188} WARNING - [*********************100%***********************]  1 of 1 completed
[2026-02-18T07:12:57.745+0000] {manager.py:10} INFO - Price           Close        High         Low        Open    Volume
Ticker           AAPL        AAPL        AAPL        AAPL      AAPL
Date                                                               
2026-01-14  259.71698  261.575257  256.470018  259.247418  40019400
[2026-02-18T07:12:57.756+0000] {python.py:237} INFO - Done. Returned value was: None
[2026-02-18T07:12:57.757+0000] {taskinstance.py:441} INFO - ::group::Post task execution logs
[2026-02-18T07:12:57.763+0000] {taskinstance.py:1206} INFO - Marking task as SUCCESS. dag_id=dag_moex, task_id=task_AAPL, run_id=scheduled__2026-01-14T00:00:00+00:00, execution_date=20260114T000000, start_date=20260218T071256, end_date=20260218T071257
[2026-02-18T07:12:57.780+0000] {local_task_job_runner.py:243} INFO - Task exited with return code 0
[2026-02-18T07:12:57.797+0000] {taskinstance.py:3503} INFO - 0 downstream tasks scheduled from follow-on schedule check
[2026-02-18T07:12:57.799+0000] {local_task_job_runner.py:222} INFO - ::endgroup::
[2026-02-19T12:59:19.790+0000] {local_task_job_runner.py:120} INFO - ::group::Pre task execution logs
[2026-02-19T12:59:19.832+0000] {taskinstance.py:2076} INFO - Dependencies all met for dep_context=non-requeueable deps ti=<TaskInstance: dag_moex.task_AAPL scheduled__2026-01-14T00:00:00+00:00 [queued]>
[2026-02-19T12:59:19.843+0000] {taskinstance.py:2076} INFO - Dependencies all met for dep_context=requeueable deps ti=<TaskInstance: dag_moex.task_AAPL scheduled__2026-01-14T00:00:00+00:00 [queued]>
[2026-02-19T12:59:19.844+0000] {taskinstance.py:2306} INFO - Starting attempt 1 of 1
[2026-02-19T12:59:19.862+0000] {taskinstance.py:2330} INFO - Executing <Task(PythonOperator): task_AAPL> on 2026-01-14 00:00:00+00:00
[2026-02-19T12:59:19.873+0000] {logging_mixin.py:188} WARNING - /home/***/.local/lib/python3.12/site-packages/***/task/task_runner/standard_task_runner.py:62 DeprecationWarning: This process (pid=27850) is multi-threaded, use of fork() may lead to deadlocks in the child.
[2026-02-19T12:59:19.875+0000] {standard_task_runner.py:64} INFO - Started process 27876 to run task
[2026-02-19T12:59:19.874+0000] {standard_task_runner.py:90} INFO - Running: ['***', 'tasks', 'run', 'dag_moex', 'task_AAPL', 'scheduled__2026-01-14T00:00:00+00:00', '--job-id', '863', '--raw', '--subdir', 'DAGS_FOLDER/stocks/dag1.py', '--cfg-path', '/tmp/tmpcs6bt199']
[2026-02-19T12:59:19.876+0000] {standard_task_runner.py:91} INFO - Job 863: Subtask task_AAPL
[2026-02-19T12:59:19.916+0000] {task_command.py:426} INFO - Running <TaskInstance: dag_moex.task_AAPL scheduled__2026-01-14T00:00:00+00:00 [running]> on host cc036e7caf02
[2026-02-19T12:59:19.981+0000] {taskinstance.py:2648} INFO - Exporting env vars: AIRFLOW_CTX_DAG_OWNER='***' AIRFLOW_CTX_DAG_ID='dag_moex' AIRFLOW_CTX_TASK_ID='task_AAPL' AIRFLOW_CTX_EXECUTION_DATE='2026-01-14T00:00:00+00:00' AIRFLOW_CTX_TRY_NUMBER='1' AIRFLOW_CTX_DAG_RUN_ID='scheduled__2026-01-14T00:00:00+00:00'
[2026-02-19T12:59:19.983+0000] {taskinstance.py:430} INFO - ::endgroup::
[2026-02-19T12:59:19.993+0000] {logging_mixin.py:188} WARNING - /opt/***/dags/stocks/scripts/api.py:10 FutureWarning: YF.download() has changed argument auto_adjust default to True
[2026-02-19T12:59:19.999+0000] {logging_mixin.py:188} WARNING - /home/***/.local/lib/python3.12/site-packages/yfinance/scrapers/history.py:204 Pandas4Warning: Timestamp.utcnow is deprecated and will be removed in a future version. Use Timestamp.now('UTC') instead.
[2026-02-19T12:59:20.700+0000] {logging_mixin.py:188} WARNING - [*********************100%***********************]  1 of 1 completed
[2026-02-19T12:59:20.720+0000] {api.py:11} INFO - Выгрузилось
    __________________________
    Price            Close        High         Low        Open    Volume
Ticker            AAPL        AAPL        AAPL        AAPL      AAPL
Date                                                                
2026-01-13  260.805939  261.565238  258.148452  258.478130  45730800
2026-01-14  259.716980  261.575257  256.470018  259.247418  40019400
    __________________________
    
[2026-02-19T12:59:20.722+0000] {api.py:17} INFO - start=2026-01-13, end=2026-01-15
[2026-02-19T12:59:20.730+0000] {api.py:18} INFO - После удаления
    __________________________
    Price           Close        High         Low        Open    Volume
Ticker           AAPL        AAPL        AAPL        AAPL      AAPL
Date                                                               
2026-01-14  259.71698  261.575257  256.470018  259.247418  40019400
    __________________________
    
[2026-02-19T12:59:20.743+0000] {base.py:84} INFO - Using connection ID 'pg_1' for task execution.
[2026-02-19T12:59:20.745+0000] {sql.py:254} WARNING - This setter is for backward compatibility and should not be used.
Since the introduction of connection property, the providers listed below breaks due to assigning value to self.connection in their __init__ method.
* apache-***-providers-mysql<5.7.1
* apache-***-providers-elasticsearch<5.5.1
* apache-***-providers-postgres<5.13.0
[2026-02-19T12:59:20.751+0000] {sql.py:896} INFO - Loaded 1 rows into stocks so far
[2026-02-19T12:59:20.751+0000] {sql.py:908} INFO - Done loading. Loaded a total of 1 rows into stocks
[2026-02-19T12:59:20.756+0000] {python.py:237} INFO - Done. Returned value was: None
[2026-02-19T12:59:20.756+0000] {taskinstance.py:441} INFO - ::group::Post task execution logs
[2026-02-19T12:59:20.763+0000] {taskinstance.py:1206} INFO - Marking task as SUCCESS. dag_id=dag_moex, task_id=task_AAPL, run_id=scheduled__2026-01-14T00:00:00+00:00, execution_date=20260114T000000, start_date=20260219T125919, end_date=20260219T125920
[2026-02-19T12:59:20.810+0000] {local_task_job_runner.py:243} INFO - Task exited with return code 0
[2026-02-19T12:59:20.827+0000] {taskinstance.py:3503} INFO - 0 downstream tasks scheduled from follow-on schedule check
[2026-02-19T12:59:20.829+0000] {local_task_job_runner.py:222} INFO - ::endgroup::
[2026-02-19T13:03:42.499+0000] {local_task_job_runner.py:120} INFO - ::group::Pre task execution logs
[2026-02-19T13:03:42.540+0000] {taskinstance.py:2076} INFO - Dependencies all met for dep_context=non-requeueable deps ti=<TaskInstance: dag_moex.task_AAPL scheduled__2026-01-14T00:00:00+00:00 [queued]>
[2026-02-19T13:03:42.553+0000] {taskinstance.py:2076} INFO - Dependencies all met for dep_context=requeueable deps ti=<TaskInstance: dag_moex.task_AAPL scheduled__2026-01-14T00:00:00+00:00 [queued]>
[2026-02-19T13:03:42.554+0000] {taskinstance.py:2306} INFO - Starting attempt 1 of 1
[2026-02-19T13:03:42.573+0000] {taskinstance.py:2330} INFO - Executing <Task(PythonOperator): task_AAPL> on 2026-01-14 00:00:00+00:00
[2026-02-19T13:03:42.594+0000] {standard_task_runner.py:90} INFO - Running: ['***', 'tasks', 'run', 'dag_moex', 'task_AAPL', 'scheduled__2026-01-14T00:00:00+00:00', '--job-id', '913', '--raw', '--subdir', 'DAGS_FOLDER/stocks/dag1.py', '--cfg-path', '/tmp/tmpvkrm0ovd']
[2026-02-19T13:03:42.600+0000] {standard_task_runner.py:91} INFO - Job 913: Subtask task_AAPL
[2026-02-19T13:03:42.598+0000] {logging_mixin.py:188} WARNING - /home/***/.local/lib/python3.12/site-packages/***/task/task_runner/standard_task_runner.py:62 DeprecationWarning: This process (pid=28157) is multi-threaded, use of fork() may lead to deadlocks in the child.
[2026-02-19T13:03:42.609+0000] {standard_task_runner.py:64} INFO - Started process 28175 to run task
[2026-02-19T13:03:42.700+0000] {task_command.py:426} INFO - Running <TaskInstance: dag_moex.task_AAPL scheduled__2026-01-14T00:00:00+00:00 [running]> on host cc036e7caf02
[2026-02-19T13:03:42.785+0000] {taskinstance.py:2648} INFO - Exporting env vars: AIRFLOW_CTX_DAG_OWNER='***' AIRFLOW_CTX_DAG_ID='dag_moex' AIRFLOW_CTX_TASK_ID='task_AAPL' AIRFLOW_CTX_EXECUTION_DATE='2026-01-14T00:00:00+00:00' AIRFLOW_CTX_TRY_NUMBER='1' AIRFLOW_CTX_DAG_RUN_ID='scheduled__2026-01-14T00:00:00+00:00'
[2026-02-19T13:03:42.787+0000] {taskinstance.py:430} INFO - ::endgroup::
[2026-02-19T13:03:42.799+0000] {logging_mixin.py:188} WARNING - /opt/***/dags/stocks/scripts/api.py:10 FutureWarning: YF.download() has changed argument auto_adjust default to True
[2026-02-19T13:03:42.805+0000] {logging_mixin.py:188} WARNING - /home/***/.local/lib/python3.12/site-packages/yfinance/scrapers/history.py:204 Pandas4Warning: Timestamp.utcnow is deprecated and will be removed in a future version. Use Timestamp.now('UTC') instead.
[2026-02-19T13:03:43.763+0000] {logging_mixin.py:188} WARNING - [*********************100%***********************]  1 of 1 completed
[2026-02-19T13:03:43.784+0000] {api.py:11} INFO - Выгрузилось
    __________________________
    Price            Close        High         Low        Open    Volume
Ticker            AAPL        AAPL        AAPL        AAPL      AAPL
Date                                                                
2026-01-13  260.805939  261.565238  258.148452  258.478130  45730800
2026-01-14  259.716980  261.575257  256.470018  259.247418  40019400
    __________________________
    
[2026-02-19T13:03:43.785+0000] {taskinstance.py:441} INFO - ::group::Post task execution logs
[2026-02-19T13:03:43.785+0000] {taskinstance.py:2905} ERROR - Task failed with exception
Traceback (most recent call last):
  File "/home/airflow/.local/lib/python3.12/site-packages/airflow/models/taskinstance.py", line 465, in _execute_task
    result = _execute_callable(context=context, **execute_callable_kwargs)
             ^^^^^^^^^^^^^^^^^^^^^^^^^^^^^^^^^^^^^^^^^^^^^^^^^^^^^^^^^^^^^
  File "/home/airflow/.local/lib/python3.12/site-packages/airflow/models/taskinstance.py", line 432, in _execute_callable
    return execute_callable(context=context, **execute_callable_kwargs)
           ^^^^^^^^^^^^^^^^^^^^^^^^^^^^^^^^^^^^^^^^^^^^^^^^^^^^^^^^^^^^
  File "/home/airflow/.local/lib/python3.12/site-packages/airflow/models/baseoperator.py", line 401, in wrapper
    return func(self, *args, **kwargs)
           ^^^^^^^^^^^^^^^^^^^^^^^^^^^
  File "/home/airflow/.local/lib/python3.12/site-packages/airflow/operators/python.py", line 235, in execute
    return_value = self.execute_callable()
                   ^^^^^^^^^^^^^^^^^^^^^^^
  File "/home/airflow/.local/lib/python3.12/site-packages/airflow/operators/python.py", line 252, in execute_callable
    return self.python_callable(*self.op_args, **self.op_kwargs)
           ^^^^^^^^^^^^^^^^^^^^^^^^^^^^^^^^^^^^^^^^^^^^^^^^^^^^^
  File "/opt/airflow/dags/stocks/scripts/manager.py", line 11, in fetch_data
    data = fetch_data_from_yfinance(stock, data_interval_start=data_interval_start, data_interval_end=data_interval_end)
           ^^^^^^^^^^^^^^^^^^^^^^^^^^^^^^^^^^^^^^^^^^^^^^^^^^^^^^^^^^^^^^^^^^^^^^^^^^^^^^^^^^^^^^^^^^^^^^^^^^^^^^^^^^^^^
  File "/opt/airflow/dags/stocks/scripts/api.py", line 16, in fetch_data_from_yfinance
    df.drop(index=start, inplace=True)
  File "/home/airflow/.local/lib/python3.12/site-packages/pandas/core/frame.py", line 6288, in drop
    return super().drop(
           ^^^^^^^^^^^^^
  File "/home/airflow/.local/lib/python3.12/site-packages/pandas/core/generic.py", line 4644, in drop
    obj = obj._drop_axis(labels, axis, level=level, errors=errors)
          ^^^^^^^^^^^^^^^^^^^^^^^^^^^^^^^^^^^^^^^^^^^^^^^^^^^^^^^^
  File "/home/airflow/.local/lib/python3.12/site-packages/pandas/core/generic.py", line 4686, in _drop_axis
    new_axis = axis.drop(labels, errors=errors)
               ^^^^^^^^^^^^^^^^^^^^^^^^^^^^^^^^
  File "/home/airflow/.local/lib/python3.12/site-packages/pandas/core/indexes/base.py", line 7268, in drop
    raise KeyError(f"{labels[mask].tolist()} not found in axis")
KeyError: "[DateTime(2026, 1, 13, 0, 0, 0, tzinfo=Timezone('UTC'))] not found in axis"
[2026-02-19T13:03:43.808+0000] {taskinstance.py:1206} INFO - Marking task as FAILED. dag_id=dag_moex, task_id=task_AAPL, run_id=scheduled__2026-01-14T00:00:00+00:00, execution_date=20260114T000000, start_date=20260219T130342, end_date=20260219T130343
[2026-02-19T13:03:43.823+0000] {standard_task_runner.py:110} ERROR - Failed to execute job 913 for task task_AAPL ("[DateTime(2026, 1, 13, 0, 0, 0, tzinfo=Timezone('UTC'))] not found in axis"; 28175)
[2026-02-19T13:03:43.841+0000] {local_task_job_runner.py:243} INFO - Task exited with return code 1
[2026-02-19T13:03:43.859+0000] {taskinstance.py:3503} INFO - 0 downstream tasks scheduled from follow-on schedule check
[2026-02-19T13:03:43.861+0000] {local_task_job_runner.py:222} INFO - ::endgroup::
[2026-02-19T14:50:27.874+0000] {local_task_job_runner.py:120} INFO - ::group::Pre task execution logs
[2026-02-19T14:50:27.936+0000] {taskinstance.py:2076} INFO - Dependencies all met for dep_context=non-requeueable deps ti=<TaskInstance: dag_moex.task_AAPL scheduled__2026-01-14T00:00:00+00:00 [queued]>
[2026-02-19T14:50:27.949+0000] {taskinstance.py:2076} INFO - Dependencies all met for dep_context=requeueable deps ti=<TaskInstance: dag_moex.task_AAPL scheduled__2026-01-14T00:00:00+00:00 [queued]>
[2026-02-19T14:50:27.949+0000] {taskinstance.py:2306} INFO - Starting attempt 1 of 1
[2026-02-19T14:50:27.973+0000] {taskinstance.py:2330} INFO - Executing <Task(PythonOperator): task_AAPL> on 2026-01-14 00:00:00+00:00
[2026-02-19T14:50:27.984+0000] {logging_mixin.py:188} WARNING - /home/***/.local/lib/python3.12/site-packages/***/task/task_runner/standard_task_runner.py:62 DeprecationWarning: This process (pid=32523) is multi-threaded, use of fork() may lead to deadlocks in the child.
[2026-02-19T14:50:27.986+0000] {standard_task_runner.py:64} INFO - Started process 32552 to run task
[2026-02-19T14:50:27.987+0000] {standard_task_runner.py:90} INFO - Running: ['***', 'tasks', 'run', 'dag_moex', 'task_AAPL', 'scheduled__2026-01-14T00:00:00+00:00', '--job-id', '1381', '--raw', '--subdir', 'DAGS_FOLDER/stocks/dag1.py', '--cfg-path', '/tmp/tmpm3mmd2d1']
[2026-02-19T14:50:27.993+0000] {standard_task_runner.py:91} INFO - Job 1381: Subtask task_AAPL
[2026-02-19T14:50:28.107+0000] {task_command.py:426} INFO - Running <TaskInstance: dag_moex.task_AAPL scheduled__2026-01-14T00:00:00+00:00 [running]> on host cc036e7caf02
[2026-02-19T14:50:28.257+0000] {taskinstance.py:2648} INFO - Exporting env vars: AIRFLOW_CTX_DAG_OWNER='***' AIRFLOW_CTX_DAG_ID='dag_moex' AIRFLOW_CTX_TASK_ID='task_AAPL' AIRFLOW_CTX_EXECUTION_DATE='2026-01-14T00:00:00+00:00' AIRFLOW_CTX_TRY_NUMBER='1' AIRFLOW_CTX_DAG_RUN_ID='scheduled__2026-01-14T00:00:00+00:00'
[2026-02-19T14:50:28.259+0000] {taskinstance.py:430} INFO - ::endgroup::
[2026-02-19T14:50:28.278+0000] {logging_mixin.py:188} WARNING - /opt/***/dags/stocks/scripts/api.py:9 FutureWarning: YF.download() has changed argument auto_adjust default to True
[2026-02-19T14:50:28.289+0000] {logging_mixin.py:188} WARNING - /home/***/.local/lib/python3.12/site-packages/yfinance/scrapers/history.py:204 Pandas4Warning: Timestamp.utcnow is deprecated and will be removed in a future version. Use Timestamp.now('UTC') instead.
[2026-02-19T14:50:29.060+0000] {logging_mixin.py:188} WARNING - [*********************100%***********************]  1 of 1 completed
[2026-02-19T14:50:29.075+0000] {base.py:84} INFO - Using connection ID 'pg_1' for task execution.
[2026-02-19T14:50:29.076+0000] {sql.py:254} WARNING - This setter is for backward compatibility and should not be used.
Since the introduction of connection property, the providers listed below breaks due to assigning value to self.connection in their __init__ method.
* apache-***-providers-mysql<5.7.1
* apache-***-providers-elasticsearch<5.5.1
* apache-***-providers-postgres<5.13.0
[2026-02-19T14:50:29.081+0000] {taskinstance.py:441} INFO - ::group::Post task execution logs
[2026-02-19T14:50:29.082+0000] {taskinstance.py:2905} ERROR - Task failed with exception
Traceback (most recent call last):
  File "/home/airflow/.local/lib/python3.12/site-packages/airflow/models/taskinstance.py", line 465, in _execute_task
    result = _execute_callable(context=context, **execute_callable_kwargs)
             ^^^^^^^^^^^^^^^^^^^^^^^^^^^^^^^^^^^^^^^^^^^^^^^^^^^^^^^^^^^^^
  File "/home/airflow/.local/lib/python3.12/site-packages/airflow/models/taskinstance.py", line 432, in _execute_callable
    return execute_callable(context=context, **execute_callable_kwargs)
           ^^^^^^^^^^^^^^^^^^^^^^^^^^^^^^^^^^^^^^^^^^^^^^^^^^^^^^^^^^^^
  File "/home/airflow/.local/lib/python3.12/site-packages/airflow/models/baseoperator.py", line 401, in wrapper
    return func(self, *args, **kwargs)
           ^^^^^^^^^^^^^^^^^^^^^^^^^^^
  File "/home/airflow/.local/lib/python3.12/site-packages/airflow/operators/python.py", line 235, in execute
    return_value = self.execute_callable()
                   ^^^^^^^^^^^^^^^^^^^^^^^
  File "/home/airflow/.local/lib/python3.12/site-packages/airflow/operators/python.py", line 252, in execute_callable
    return self.python_callable(*self.op_args, **self.op_kwargs)
           ^^^^^^^^^^^^^^^^^^^^^^^^^^^^^^^^^^^^^^^^^^^^^^^^^^^^^
  File "/opt/airflow/dags/stocks/scripts/manager.py", line 24, in fetch_data
    postgresHook.insert_rows(table="stocks", rows=rows,
  File "/home/airflow/.local/lib/python3.12/site-packages/airflow/providers/common/sql/hooks/sql.py", line 893, in insert_rows
    cur.executemany(sql, values)
psycopg2.errors.UniqueViolation: duplicate key value violates unique constraint "stocks_pkey"
DETAIL:  Key (ticker, date)=(AAPL, 2026-01-13) already exists.

[2026-02-19T14:50:29.092+0000] {taskinstance.py:1206} INFO - Marking task as FAILED. dag_id=dag_moex, task_id=task_AAPL, run_id=scheduled__2026-01-14T00:00:00+00:00, execution_date=20260114T000000, start_date=20260219T145027, end_date=20260219T145029
[2026-02-19T14:50:29.103+0000] {standard_task_runner.py:110} ERROR - Failed to execute job 1381 for task task_AAPL (duplicate key value violates unique constraint "stocks_pkey"
DETAIL:  Key (ticker, date)=(AAPL, 2026-01-13) already exists.
; 32552)
[2026-02-19T14:50:29.142+0000] {local_task_job_runner.py:243} INFO - Task exited with return code 1
[2026-02-19T14:50:29.159+0000] {taskinstance.py:3503} INFO - 0 downstream tasks scheduled from follow-on schedule check
[2026-02-19T14:50:29.162+0000] {local_task_job_runner.py:222} INFO - ::endgroup::
