[2026-02-18T07:12:56.226+0000] {local_task_job_runner.py:120} INFO - ::group::Pre task execution logs
[2026-02-18T07:12:56.273+0000] {taskinstance.py:2076} INFO - Dependencies all met for dep_context=non-requeueable deps ti=<TaskInstance: dag_moex.task_GOOG scheduled__2026-01-13T00:00:00+00:00 [queued]>
[2026-02-18T07:12:56.297+0000] {taskinstance.py:2076} INFO - Dependencies all met for dep_context=requeueable deps ti=<TaskInstance: dag_moex.task_GOOG scheduled__2026-01-13T00:00:00+00:00 [queued]>
[2026-02-18T07:12:56.299+0000] {taskinstance.py:2306} INFO - Starting attempt 1 of 1
[2026-02-18T07:12:56.322+0000] {taskinstance.py:2330} INFO - Executing <Task(PythonOperator): task_GOOG> on 2026-01-13 00:00:00+00:00
[2026-02-18T07:12:56.343+0000] {logging_mixin.py:188} WARNING - /home/***/.local/lib/python3.12/site-packages/***/task/task_runner/standard_task_runner.py:62 DeprecationWarning: This process (pid=1416) is multi-threaded, use of fork() may lead to deadlocks in the child.
[2026-02-18T07:12:56.347+0000] {standard_task_runner.py:64} INFO - Started process 1442 to run task
[2026-02-18T07:12:56.355+0000] {standard_task_runner.py:90} INFO - Running: ['***', 'tasks', 'run', 'dag_moex', 'task_GOOG', 'scheduled__2026-01-13T00:00:00+00:00', '--job-id', '411', '--raw', '--subdir', 'DAGS_FOLDER/stocks/dag1.py', '--cfg-path', '/tmp/tmp8__o6_qw']
[2026-02-18T07:12:56.364+0000] {standard_task_runner.py:91} INFO - Job 411: Subtask task_GOOG
[2026-02-18T07:12:56.489+0000] {task_command.py:426} INFO - Running <TaskInstance: dag_moex.task_GOOG scheduled__2026-01-13T00:00:00+00:00 [running]> on host cc036e7caf02
[2026-02-18T07:12:56.658+0000] {taskinstance.py:2648} INFO - Exporting env vars: AIRFLOW_CTX_DAG_OWNER='***' AIRFLOW_CTX_DAG_ID='dag_moex' AIRFLOW_CTX_TASK_ID='task_GOOG' AIRFLOW_CTX_EXECUTION_DATE='2026-01-13T00:00:00+00:00' AIRFLOW_CTX_TRY_NUMBER='1' AIRFLOW_CTX_DAG_RUN_ID='scheduled__2026-01-13T00:00:00+00:00'
[2026-02-18T07:12:56.661+0000] {taskinstance.py:430} INFO - ::endgroup::
[2026-02-18T07:12:56.679+0000] {manager.py:8} INFO - log
[2026-02-18T07:12:56.682+0000] {logging_mixin.py:188} WARNING - /opt/***/dags/stocks/scripts/api.py:9 FutureWarning: YF.download() has changed argument auto_adjust default to True
[2026-02-18T07:12:56.711+0000] {logging_mixin.py:188} WARNING - /home/***/.local/lib/python3.12/site-packages/yfinance/scrapers/history.py:204 Pandas4Warning: Timestamp.utcnow is deprecated and will be removed in a future version. Use Timestamp.now('UTC') instead.
[2026-02-18T07:12:57.530+0000] {logging_mixin.py:188} WARNING - [*********************100%***********************]  1 of 1 completed
[2026-02-18T07:12:57.537+0000] {manager.py:10} INFO - Price            Close        High         Low        Open    Volume
Ticker            GOOG        GOOG        GOOG        GOOG      GOOG
Date                                                                
2026-01-13  336.429993  341.200012  334.350006  335.279999  24616700
[2026-02-18T07:12:57.548+0000] {python.py:237} INFO - Done. Returned value was: None
[2026-02-18T07:12:57.549+0000] {taskinstance.py:441} INFO - ::group::Post task execution logs
[2026-02-18T07:12:57.557+0000] {taskinstance.py:1206} INFO - Marking task as SUCCESS. dag_id=dag_moex, task_id=task_GOOG, run_id=scheduled__2026-01-13T00:00:00+00:00, execution_date=20260113T000000, start_date=20260218T071256, end_date=20260218T071257
[2026-02-18T07:12:57.581+0000] {local_task_job_runner.py:243} INFO - Task exited with return code 0
[2026-02-18T07:12:57.597+0000] {taskinstance.py:3503} INFO - 0 downstream tasks scheduled from follow-on schedule check
[2026-02-18T07:12:57.599+0000] {local_task_job_runner.py:222} INFO - ::endgroup::
[2026-02-19T12:59:19.523+0000] {local_task_job_runner.py:120} INFO - ::group::Pre task execution logs
[2026-02-19T12:59:19.567+0000] {taskinstance.py:2076} INFO - Dependencies all met for dep_context=non-requeueable deps ti=<TaskInstance: dag_moex.task_GOOG scheduled__2026-01-13T00:00:00+00:00 [queued]>
[2026-02-19T12:59:19.589+0000] {taskinstance.py:2076} INFO - Dependencies all met for dep_context=requeueable deps ti=<TaskInstance: dag_moex.task_GOOG scheduled__2026-01-13T00:00:00+00:00 [queued]>
[2026-02-19T12:59:19.590+0000] {taskinstance.py:2306} INFO - Starting attempt 1 of 1
[2026-02-19T12:59:19.605+0000] {taskinstance.py:2330} INFO - Executing <Task(PythonOperator): task_GOOG> on 2026-01-13 00:00:00+00:00
[2026-02-19T12:59:19.617+0000] {logging_mixin.py:188} WARNING - /home/***/.local/lib/python3.12/site-packages/***/task/task_runner/standard_task_runner.py:62 DeprecationWarning: This process (pid=27838) is multi-threaded, use of fork() may lead to deadlocks in the child.
[2026-02-19T12:59:19.619+0000] {standard_task_runner.py:64} INFO - Started process 27861 to run task
[2026-02-19T12:59:19.619+0000] {standard_task_runner.py:90} INFO - Running: ['***', 'tasks', 'run', 'dag_moex', 'task_GOOG', 'scheduled__2026-01-13T00:00:00+00:00', '--job-id', '857', '--raw', '--subdir', 'DAGS_FOLDER/stocks/dag1.py', '--cfg-path', '/tmp/tmpu56uuyv6']
[2026-02-19T12:59:19.621+0000] {standard_task_runner.py:91} INFO - Job 857: Subtask task_GOOG
[2026-02-19T12:59:19.696+0000] {task_command.py:426} INFO - Running <TaskInstance: dag_moex.task_GOOG scheduled__2026-01-13T00:00:00+00:00 [running]> on host cc036e7caf02
[2026-02-19T12:59:19.826+0000] {taskinstance.py:2648} INFO - Exporting env vars: AIRFLOW_CTX_DAG_OWNER='***' AIRFLOW_CTX_DAG_ID='dag_moex' AIRFLOW_CTX_TASK_ID='task_GOOG' AIRFLOW_CTX_EXECUTION_DATE='2026-01-13T00:00:00+00:00' AIRFLOW_CTX_TRY_NUMBER='1' AIRFLOW_CTX_DAG_RUN_ID='scheduled__2026-01-13T00:00:00+00:00'
[2026-02-19T12:59:19.829+0000] {taskinstance.py:430} INFO - ::endgroup::
[2026-02-19T12:59:19.845+0000] {logging_mixin.py:188} WARNING - /opt/***/dags/stocks/scripts/api.py:10 FutureWarning: YF.download() has changed argument auto_adjust default to True
[2026-02-19T12:59:19.854+0000] {logging_mixin.py:188} WARNING - /home/***/.local/lib/python3.12/site-packages/yfinance/scrapers/history.py:204 Pandas4Warning: Timestamp.utcnow is deprecated and will be removed in a future version. Use Timestamp.now('UTC') instead.
[2026-02-19T12:59:20.602+0000] {logging_mixin.py:188} WARNING - [*********************100%***********************]  1 of 1 completed
[2026-02-19T12:59:20.617+0000] {api.py:11} INFO - Выгрузилось
    __________________________
    Price            Close        High         Low        Open    Volume
Ticker            GOOG        GOOG        GOOG        GOOG      GOOG
Date                                                                
2026-01-12  332.730011  334.440002  325.510010  326.500000  23893800
2026-01-13  336.429993  341.200012  334.350006  335.279999  24616700
    __________________________
    
[2026-02-19T12:59:20.618+0000] {api.py:17} INFO - start=2026-01-12, end=2026-01-14
[2026-02-19T12:59:20.623+0000] {api.py:18} INFO - После удаления
    __________________________
    Price            Close        High         Low        Open    Volume
Ticker            GOOG        GOOG        GOOG        GOOG      GOOG
Date                                                                
2026-01-13  336.429993  341.200012  334.350006  335.279999  24616700
    __________________________
    
[2026-02-19T12:59:20.634+0000] {base.py:84} INFO - Using connection ID 'pg_1' for task execution.
[2026-02-19T12:59:20.634+0000] {sql.py:254} WARNING - This setter is for backward compatibility and should not be used.
Since the introduction of connection property, the providers listed below breaks due to assigning value to self.connection in their __init__ method.
* apache-***-providers-mysql<5.7.1
* apache-***-providers-elasticsearch<5.5.1
* apache-***-providers-postgres<5.13.0
[2026-02-19T12:59:20.640+0000] {sql.py:896} INFO - Loaded 1 rows into stocks so far
[2026-02-19T12:59:20.641+0000] {sql.py:908} INFO - Done loading. Loaded a total of 1 rows into stocks
[2026-02-19T12:59:20.645+0000] {python.py:237} INFO - Done. Returned value was: None
[2026-02-19T12:59:20.646+0000] {taskinstance.py:441} INFO - ::group::Post task execution logs
[2026-02-19T12:59:20.654+0000] {taskinstance.py:1206} INFO - Marking task as SUCCESS. dag_id=dag_moex, task_id=task_GOOG, run_id=scheduled__2026-01-13T00:00:00+00:00, execution_date=20260113T000000, start_date=20260219T125919, end_date=20260219T125920
[2026-02-19T12:59:20.677+0000] {local_task_job_runner.py:243} INFO - Task exited with return code 0
[2026-02-19T12:59:20.684+0000] {local_task_job_runner.py:222} INFO - ::endgroup::
[2026-02-19T13:03:42.278+0000] {local_task_job_runner.py:120} INFO - ::group::Pre task execution logs
[2026-02-19T13:03:42.328+0000] {taskinstance.py:2076} INFO - Dependencies all met for dep_context=non-requeueable deps ti=<TaskInstance: dag_moex.task_GOOG scheduled__2026-01-13T00:00:00+00:00 [queued]>
[2026-02-19T13:03:42.340+0000] {taskinstance.py:2076} INFO - Dependencies all met for dep_context=requeueable deps ti=<TaskInstance: dag_moex.task_GOOG scheduled__2026-01-13T00:00:00+00:00 [queued]>
[2026-02-19T13:03:42.342+0000] {taskinstance.py:2306} INFO - Starting attempt 1 of 1
[2026-02-19T13:03:42.361+0000] {taskinstance.py:2330} INFO - Executing <Task(PythonOperator): task_GOOG> on 2026-01-13 00:00:00+00:00
[2026-02-19T13:03:42.378+0000] {logging_mixin.py:188} WARNING - /home/***/.local/lib/python3.12/site-packages/***/task/task_runner/standard_task_runner.py:62 DeprecationWarning: This process (pid=28144) is multi-threaded, use of fork() may lead to deadlocks in the child.
[2026-02-19T13:03:42.380+0000] {standard_task_runner.py:64} INFO - Started process 28168 to run task
[2026-02-19T13:03:42.386+0000] {standard_task_runner.py:90} INFO - Running: ['***', 'tasks', 'run', 'dag_moex', 'task_GOOG', 'scheduled__2026-01-13T00:00:00+00:00', '--job-id', '907', '--raw', '--subdir', 'DAGS_FOLDER/stocks/dag1.py', '--cfg-path', '/tmp/tmpm94o2_7h']
[2026-02-19T13:03:42.393+0000] {standard_task_runner.py:91} INFO - Job 907: Subtask task_GOOG
[2026-02-19T13:03:42.479+0000] {task_command.py:426} INFO - Running <TaskInstance: dag_moex.task_GOOG scheduled__2026-01-13T00:00:00+00:00 [running]> on host cc036e7caf02
[2026-02-19T13:03:42.609+0000] {taskinstance.py:2648} INFO - Exporting env vars: AIRFLOW_CTX_DAG_OWNER='***' AIRFLOW_CTX_DAG_ID='dag_moex' AIRFLOW_CTX_TASK_ID='task_GOOG' AIRFLOW_CTX_EXECUTION_DATE='2026-01-13T00:00:00+00:00' AIRFLOW_CTX_TRY_NUMBER='1' AIRFLOW_CTX_DAG_RUN_ID='scheduled__2026-01-13T00:00:00+00:00'
[2026-02-19T13:03:42.618+0000] {taskinstance.py:430} INFO - ::endgroup::
[2026-02-19T13:03:42.648+0000] {logging_mixin.py:188} WARNING - /opt/***/dags/stocks/scripts/api.py:10 FutureWarning: YF.download() has changed argument auto_adjust default to True
[2026-02-19T13:03:42.662+0000] {logging_mixin.py:188} WARNING - /home/***/.local/lib/python3.12/site-packages/yfinance/scrapers/history.py:204 Pandas4Warning: Timestamp.utcnow is deprecated and will be removed in a future version. Use Timestamp.now('UTC') instead.
[2026-02-19T13:03:43.442+0000] {logging_mixin.py:188} WARNING - [*********************100%***********************]  1 of 1 completed
[2026-02-19T13:03:43.479+0000] {api.py:11} INFO - Выгрузилось
    __________________________
    Price            Close        High         Low        Open    Volume
Ticker            GOOG        GOOG        GOOG        GOOG      GOOG
Date                                                                
2026-01-12  332.730011  334.440002  325.510010  326.500000  23893800
2026-01-13  336.429993  341.200012  334.350006  335.279999  24616700
    __________________________
    
[2026-02-19T13:03:43.480+0000] {taskinstance.py:441} INFO - ::group::Post task execution logs
[2026-02-19T13:03:43.481+0000] {taskinstance.py:2905} ERROR - Task failed with exception
Traceback (most recent call last):
  File "/home/airflow/.local/lib/python3.12/site-packages/airflow/models/taskinstance.py", line 465, in _execute_task
    result = _execute_callable(context=context, **execute_callable_kwargs)
             ^^^^^^^^^^^^^^^^^^^^^^^^^^^^^^^^^^^^^^^^^^^^^^^^^^^^^^^^^^^^^
  File "/home/airflow/.local/lib/python3.12/site-packages/airflow/models/taskinstance.py", line 432, in _execute_callable
    return execute_callable(context=context, **execute_callable_kwargs)
           ^^^^^^^^^^^^^^^^^^^^^^^^^^^^^^^^^^^^^^^^^^^^^^^^^^^^^^^^^^^^
  File "/home/airflow/.local/lib/python3.12/site-packages/airflow/models/baseoperator.py", line 401, in wrapper
    return func(self, *args, **kwargs)
           ^^^^^^^^^^^^^^^^^^^^^^^^^^^
  File "/home/airflow/.local/lib/python3.12/site-packages/airflow/operators/python.py", line 235, in execute
    return_value = self.execute_callable()
                   ^^^^^^^^^^^^^^^^^^^^^^^
  File "/home/airflow/.local/lib/python3.12/site-packages/airflow/operators/python.py", line 252, in execute_callable
    return self.python_callable(*self.op_args, **self.op_kwargs)
           ^^^^^^^^^^^^^^^^^^^^^^^^^^^^^^^^^^^^^^^^^^^^^^^^^^^^^
  File "/opt/airflow/dags/stocks/scripts/manager.py", line 11, in fetch_data
    data = fetch_data_from_yfinance(stock, data_interval_start=data_interval_start, data_interval_end=data_interval_end)
           ^^^^^^^^^^^^^^^^^^^^^^^^^^^^^^^^^^^^^^^^^^^^^^^^^^^^^^^^^^^^^^^^^^^^^^^^^^^^^^^^^^^^^^^^^^^^^^^^^^^^^^^^^^^^^
  File "/opt/airflow/dags/stocks/scripts/api.py", line 16, in fetch_data_from_yfinance
    df.drop(index=start, inplace=True)
  File "/home/airflow/.local/lib/python3.12/site-packages/pandas/core/frame.py", line 6288, in drop
    return super().drop(
           ^^^^^^^^^^^^^
  File "/home/airflow/.local/lib/python3.12/site-packages/pandas/core/generic.py", line 4644, in drop
    obj = obj._drop_axis(labels, axis, level=level, errors=errors)
          ^^^^^^^^^^^^^^^^^^^^^^^^^^^^^^^^^^^^^^^^^^^^^^^^^^^^^^^^
  File "/home/airflow/.local/lib/python3.12/site-packages/pandas/core/generic.py", line 4686, in _drop_axis
    new_axis = axis.drop(labels, errors=errors)
               ^^^^^^^^^^^^^^^^^^^^^^^^^^^^^^^^
  File "/home/airflow/.local/lib/python3.12/site-packages/pandas/core/indexes/base.py", line 7268, in drop
    raise KeyError(f"{labels[mask].tolist()} not found in axis")
KeyError: "[DateTime(2026, 1, 12, 0, 0, 0, tzinfo=Timezone('UTC'))] not found in axis"
[2026-02-19T13:03:43.524+0000] {taskinstance.py:1206} INFO - Marking task as FAILED. dag_id=dag_moex, task_id=task_GOOG, run_id=scheduled__2026-01-13T00:00:00+00:00, execution_date=20260113T000000, start_date=20260219T130342, end_date=20260219T130343
[2026-02-19T13:03:43.546+0000] {standard_task_runner.py:110} ERROR - Failed to execute job 907 for task task_GOOG ("[DateTime(2026, 1, 12, 0, 0, 0, tzinfo=Timezone('UTC'))] not found in axis"; 28168)
[2026-02-19T13:03:43.605+0000] {local_task_job_runner.py:243} INFO - Task exited with return code 1
[2026-02-19T13:03:43.633+0000] {taskinstance.py:3503} INFO - 0 downstream tasks scheduled from follow-on schedule check
[2026-02-19T13:03:43.636+0000] {local_task_job_runner.py:222} INFO - ::endgroup::
[2026-02-19T14:50:27.567+0000] {local_task_job_runner.py:120} INFO - ::group::Pre task execution logs
[2026-02-19T14:50:27.619+0000] {taskinstance.py:2076} INFO - Dependencies all met for dep_context=non-requeueable deps ti=<TaskInstance: dag_moex.task_GOOG scheduled__2026-01-13T00:00:00+00:00 [queued]>
[2026-02-19T14:50:27.634+0000] {taskinstance.py:2076} INFO - Dependencies all met for dep_context=requeueable deps ti=<TaskInstance: dag_moex.task_GOOG scheduled__2026-01-13T00:00:00+00:00 [queued]>
[2026-02-19T14:50:27.636+0000] {taskinstance.py:2306} INFO - Starting attempt 1 of 1
[2026-02-19T14:50:27.673+0000] {taskinstance.py:2330} INFO - Executing <Task(PythonOperator): task_GOOG> on 2026-01-13 00:00:00+00:00
[2026-02-19T14:50:27.688+0000] {logging_mixin.py:188} WARNING - /home/***/.local/lib/python3.12/site-packages/***/task/task_runner/standard_task_runner.py:62 DeprecationWarning: This process (pid=32518) is multi-threaded, use of fork() may lead to deadlocks in the child.
[2026-02-19T14:50:27.688+0000] {standard_task_runner.py:90} INFO - Running: ['***', 'tasks', 'run', 'dag_moex', 'task_GOOG', 'scheduled__2026-01-13T00:00:00+00:00', '--job-id', '1373', '--raw', '--subdir', 'DAGS_FOLDER/stocks/dag1.py', '--cfg-path', '/tmp/tmpvqqkyffu']
[2026-02-19T14:50:27.691+0000] {standard_task_runner.py:64} INFO - Started process 32543 to run task
[2026-02-19T14:50:27.696+0000] {standard_task_runner.py:91} INFO - Job 1373: Subtask task_GOOG
[2026-02-19T14:50:27.794+0000] {task_command.py:426} INFO - Running <TaskInstance: dag_moex.task_GOOG scheduled__2026-01-13T00:00:00+00:00 [running]> on host cc036e7caf02
[2026-02-19T14:50:27.978+0000] {taskinstance.py:2648} INFO - Exporting env vars: AIRFLOW_CTX_DAG_OWNER='***' AIRFLOW_CTX_DAG_ID='dag_moex' AIRFLOW_CTX_TASK_ID='task_GOOG' AIRFLOW_CTX_EXECUTION_DATE='2026-01-13T00:00:00+00:00' AIRFLOW_CTX_TRY_NUMBER='1' AIRFLOW_CTX_DAG_RUN_ID='scheduled__2026-01-13T00:00:00+00:00'
[2026-02-19T14:50:27.981+0000] {taskinstance.py:430} INFO - ::endgroup::
[2026-02-19T14:50:28.015+0000] {logging_mixin.py:188} WARNING - /opt/***/dags/stocks/scripts/api.py:9 FutureWarning: YF.download() has changed argument auto_adjust default to True
[2026-02-19T14:50:28.028+0000] {logging_mixin.py:188} WARNING - /home/***/.local/lib/python3.12/site-packages/yfinance/scrapers/history.py:204 Pandas4Warning: Timestamp.utcnow is deprecated and will be removed in a future version. Use Timestamp.now('UTC') instead.
[2026-02-19T14:50:28.733+0000] {logging_mixin.py:188} WARNING - [*********************100%***********************]  1 of 1 completed
[2026-02-19T14:50:28.752+0000] {base.py:84} INFO - Using connection ID 'pg_1' for task execution.
[2026-02-19T14:50:28.753+0000] {sql.py:254} WARNING - This setter is for backward compatibility and should not be used.
Since the introduction of connection property, the providers listed below breaks due to assigning value to self.connection in their __init__ method.
* apache-***-providers-mysql<5.7.1
* apache-***-providers-elasticsearch<5.5.1
* apache-***-providers-postgres<5.13.0
[2026-02-19T14:50:28.761+0000] {sql.py:896} INFO - Loaded 2 rows into stocks so far
[2026-02-19T14:50:28.762+0000] {sql.py:908} INFO - Done loading. Loaded a total of 2 rows into stocks
[2026-02-19T14:50:28.766+0000] {python.py:237} INFO - Done. Returned value was: None
[2026-02-19T14:50:28.767+0000] {taskinstance.py:441} INFO - ::group::Post task execution logs
[2026-02-19T14:50:28.773+0000] {taskinstance.py:1206} INFO - Marking task as SUCCESS. dag_id=dag_moex, task_id=task_GOOG, run_id=scheduled__2026-01-13T00:00:00+00:00, execution_date=20260113T000000, start_date=20260219T145027, end_date=20260219T145028
[2026-02-19T14:50:28.807+0000] {local_task_job_runner.py:243} INFO - Task exited with return code 0
[2026-02-19T14:50:28.823+0000] {taskinstance.py:3503} INFO - 0 downstream tasks scheduled from follow-on schedule check
[2026-02-19T14:50:28.825+0000] {local_task_job_runner.py:222} INFO - ::endgroup::
