[2026-02-18T07:13:00.035+0000] {local_task_job_runner.py:120} INFO - ::group::Pre task execution logs
[2026-02-18T07:13:00.087+0000] {taskinstance.py:2076} INFO - Dependencies all met for dep_context=non-requeueable deps ti=<TaskInstance: dag_moex.task_TSLA scheduled__2026-01-21T00:00:00+00:00 [queued]>
[2026-02-18T07:13:00.106+0000] {taskinstance.py:2076} INFO - Dependencies all met for dep_context=requeueable deps ti=<TaskInstance: dag_moex.task_TSLA scheduled__2026-01-21T00:00:00+00:00 [queued]>
[2026-02-18T07:13:00.107+0000] {taskinstance.py:2306} INFO - Starting attempt 1 of 1
[2026-02-18T07:13:00.127+0000] {taskinstance.py:2330} INFO - Executing <Task(PythonOperator): task_TSLA> on 2026-01-21 00:00:00+00:00
[2026-02-18T07:13:00.140+0000] {logging_mixin.py:188} WARNING - /home/***/.local/lib/python3.12/site-packages/***/task/task_runner/standard_task_runner.py:62 DeprecationWarning: This process (pid=1495) is multi-threaded, use of fork() may lead to deadlocks in the child.
[2026-02-18T07:13:00.141+0000] {standard_task_runner.py:64} INFO - Started process 1519 to run task
[2026-02-18T07:13:00.140+0000] {standard_task_runner.py:90} INFO - Running: ['***', 'tasks', 'run', 'dag_moex', 'task_TSLA', 'scheduled__2026-01-21T00:00:00+00:00', '--job-id', '437', '--raw', '--subdir', 'DAGS_FOLDER/stocks/dag1.py', '--cfg-path', '/tmp/tmpak_cnv7e']
[2026-02-18T07:13:00.143+0000] {standard_task_runner.py:91} INFO - Job 437: Subtask task_TSLA
[2026-02-18T07:13:00.203+0000] {task_command.py:426} INFO - Running <TaskInstance: dag_moex.task_TSLA scheduled__2026-01-21T00:00:00+00:00 [running]> on host cc036e7caf02
[2026-02-18T07:13:00.304+0000] {taskinstance.py:2648} INFO - Exporting env vars: AIRFLOW_CTX_DAG_OWNER='***' AIRFLOW_CTX_DAG_ID='dag_moex' AIRFLOW_CTX_TASK_ID='task_TSLA' AIRFLOW_CTX_EXECUTION_DATE='2026-01-21T00:00:00+00:00' AIRFLOW_CTX_TRY_NUMBER='1' AIRFLOW_CTX_DAG_RUN_ID='scheduled__2026-01-21T00:00:00+00:00'
[2026-02-18T07:13:00.306+0000] {taskinstance.py:430} INFO - ::endgroup::
[2026-02-18T07:13:00.318+0000] {manager.py:8} INFO - log
[2026-02-18T07:13:00.320+0000] {logging_mixin.py:188} WARNING - /opt/***/dags/stocks/scripts/api.py:9 FutureWarning: YF.download() has changed argument auto_adjust default to True
[2026-02-18T07:13:00.327+0000] {logging_mixin.py:188} WARNING - /home/***/.local/lib/python3.12/site-packages/yfinance/scrapers/history.py:204 Pandas4Warning: Timestamp.utcnow is deprecated and will be removed in a future version. Use Timestamp.now('UTC') instead.
[2026-02-18T07:13:01.230+0000] {logging_mixin.py:188} WARNING - [*********************100%***********************]  1 of 1 completed
[2026-02-18T07:13:01.240+0000] {manager.py:10} INFO - Price            Close        High         Low        Open    Volume
Ticker            TSLA        TSLA        TSLA        TSLA      TSLA
Date                                                                
2026-01-21  431.440002  438.200012  419.619995  421.660004  68124000
[2026-02-18T07:13:01.254+0000] {python.py:237} INFO - Done. Returned value was: None
[2026-02-18T07:13:01.255+0000] {taskinstance.py:441} INFO - ::group::Post task execution logs
[2026-02-18T07:13:01.262+0000] {taskinstance.py:1206} INFO - Marking task as SUCCESS. dag_id=dag_moex, task_id=task_TSLA, run_id=scheduled__2026-01-21T00:00:00+00:00, execution_date=20260121T000000, start_date=20260218T071300, end_date=20260218T071301
[2026-02-18T07:13:01.288+0000] {local_task_job_runner.py:243} INFO - Task exited with return code 0
[2026-02-18T07:13:01.302+0000] {taskinstance.py:3503} INFO - 0 downstream tasks scheduled from follow-on schedule check
[2026-02-18T07:13:01.304+0000] {local_task_job_runner.py:222} INFO - ::endgroup::
[2026-02-19T12:59:31.222+0000] {local_task_job_runner.py:120} INFO - ::group::Pre task execution logs
[2026-02-19T12:59:31.257+0000] {taskinstance.py:2076} INFO - Dependencies all met for dep_context=non-requeueable deps ti=<TaskInstance: dag_moex.task_TSLA scheduled__2026-01-21T00:00:00+00:00 [queued]>
[2026-02-19T12:59:31.268+0000] {taskinstance.py:2076} INFO - Dependencies all met for dep_context=requeueable deps ti=<TaskInstance: dag_moex.task_TSLA scheduled__2026-01-21T00:00:00+00:00 [queued]>
[2026-02-19T12:59:31.269+0000] {taskinstance.py:2306} INFO - Starting attempt 1 of 1
[2026-02-19T12:59:31.283+0000] {taskinstance.py:2330} INFO - Executing <Task(PythonOperator): task_TSLA> on 2026-01-21 00:00:00+00:00
[2026-02-19T12:59:31.293+0000] {logging_mixin.py:188} WARNING - /home/***/.local/lib/python3.12/site-packages/***/task/task_runner/standard_task_runner.py:62 DeprecationWarning: This process (pid=27908) is multi-threaded, use of fork() may lead to deadlocks in the child.
[2026-02-19T12:59:31.296+0000] {standard_task_runner.py:64} INFO - Started process 27937 to run task
[2026-02-19T12:59:31.295+0000] {standard_task_runner.py:90} INFO - Running: ['***', 'tasks', 'run', 'dag_moex', 'task_TSLA', 'scheduled__2026-01-21T00:00:00+00:00', '--job-id', '878', '--raw', '--subdir', 'DAGS_FOLDER/stocks/dag1.py', '--cfg-path', '/tmp/tmppbtjq2or']
[2026-02-19T12:59:31.302+0000] {standard_task_runner.py:91} INFO - Job 878: Subtask task_TSLA
[2026-02-19T12:59:31.358+0000] {task_command.py:426} INFO - Running <TaskInstance: dag_moex.task_TSLA scheduled__2026-01-21T00:00:00+00:00 [running]> on host cc036e7caf02
[2026-02-19T12:59:31.441+0000] {taskinstance.py:2648} INFO - Exporting env vars: AIRFLOW_CTX_DAG_OWNER='***' AIRFLOW_CTX_DAG_ID='dag_moex' AIRFLOW_CTX_TASK_ID='task_TSLA' AIRFLOW_CTX_EXECUTION_DATE='2026-01-21T00:00:00+00:00' AIRFLOW_CTX_TRY_NUMBER='1' AIRFLOW_CTX_DAG_RUN_ID='scheduled__2026-01-21T00:00:00+00:00'
[2026-02-19T12:59:31.442+0000] {taskinstance.py:430} INFO - ::endgroup::
[2026-02-19T12:59:31.454+0000] {logging_mixin.py:188} WARNING - /opt/***/dags/stocks/scripts/api.py:10 FutureWarning: YF.download() has changed argument auto_adjust default to True
[2026-02-19T12:59:31.460+0000] {logging_mixin.py:188} WARNING - /home/***/.local/lib/python3.12/site-packages/yfinance/scrapers/history.py:204 Pandas4Warning: Timestamp.utcnow is deprecated and will be removed in a future version. Use Timestamp.now('UTC') instead.
[2026-02-19T12:59:32.209+0000] {logging_mixin.py:188} WARNING - [*********************100%***********************]  1 of 1 completed
[2026-02-19T12:59:32.225+0000] {api.py:11} INFO - Выгрузилось
    __________________________
    Price            Close        High         Low        Open    Volume
Ticker            TSLA        TSLA        TSLA        TSLA      TSLA
Date                                                                
2026-01-20  419.250000  430.730011  417.440002  429.359985  63187300
2026-01-21  431.440002  438.200012  419.619995  421.660004  68124000
    __________________________
    
[2026-02-19T12:59:32.226+0000] {api.py:17} INFO - start=2026-01-20, end=2026-01-22
[2026-02-19T12:59:32.230+0000] {api.py:18} INFO - После удаления
    __________________________
    Price            Close        High         Low        Open    Volume
Ticker            TSLA        TSLA        TSLA        TSLA      TSLA
Date                                                                
2026-01-21  431.440002  438.200012  419.619995  421.660004  68124000
    __________________________
    
[2026-02-19T12:59:32.240+0000] {base.py:84} INFO - Using connection ID 'pg_1' for task execution.
[2026-02-19T12:59:32.241+0000] {sql.py:254} WARNING - This setter is for backward compatibility and should not be used.
Since the introduction of connection property, the providers listed below breaks due to assigning value to self.connection in their __init__ method.
* apache-***-providers-mysql<5.7.1
* apache-***-providers-elasticsearch<5.5.1
* apache-***-providers-postgres<5.13.0
[2026-02-19T12:59:32.246+0000] {sql.py:896} INFO - Loaded 1 rows into stocks so far
[2026-02-19T12:59:32.247+0000] {sql.py:908} INFO - Done loading. Loaded a total of 1 rows into stocks
[2026-02-19T12:59:32.252+0000] {python.py:237} INFO - Done. Returned value was: None
[2026-02-19T12:59:32.252+0000] {taskinstance.py:441} INFO - ::group::Post task execution logs
[2026-02-19T12:59:32.259+0000] {taskinstance.py:1206} INFO - Marking task as SUCCESS. dag_id=dag_moex, task_id=task_TSLA, run_id=scheduled__2026-01-21T00:00:00+00:00, execution_date=20260121T000000, start_date=20260219T125931, end_date=20260219T125932
[2026-02-19T12:59:32.314+0000] {local_task_job_runner.py:243} INFO - Task exited with return code 0
[2026-02-19T12:59:32.331+0000] {taskinstance.py:3503} INFO - 0 downstream tasks scheduled from follow-on schedule check
[2026-02-19T12:59:32.333+0000] {local_task_job_runner.py:222} INFO - ::endgroup::
[2026-02-19T14:50:31.153+0000] {local_task_job_runner.py:120} INFO - ::group::Pre task execution logs
[2026-02-19T14:50:31.197+0000] {taskinstance.py:2076} INFO - Dependencies all met for dep_context=non-requeueable deps ti=<TaskInstance: dag_moex.task_TSLA scheduled__2026-01-21T00:00:00+00:00 [queued]>
[2026-02-19T14:50:31.207+0000] {taskinstance.py:2076} INFO - Dependencies all met for dep_context=requeueable deps ti=<TaskInstance: dag_moex.task_TSLA scheduled__2026-01-21T00:00:00+00:00 [queued]>
[2026-02-19T14:50:31.208+0000] {taskinstance.py:2306} INFO - Starting attempt 1 of 1
[2026-02-19T14:50:31.231+0000] {taskinstance.py:2330} INFO - Executing <Task(PythonOperator): task_TSLA> on 2026-01-21 00:00:00+00:00
[2026-02-19T14:50:31.242+0000] {logging_mixin.py:188} WARNING - /home/***/.local/lib/python3.12/site-packages/***/task/task_runner/standard_task_runner.py:62 DeprecationWarning: This process (pid=32598) is multi-threaded, use of fork() may lead to deadlocks in the child.
[2026-02-19T14:50:31.244+0000] {standard_task_runner.py:90} INFO - Running: ['***', 'tasks', 'run', 'dag_moex', 'task_TSLA', 'scheduled__2026-01-21T00:00:00+00:00', '--job-id', '1399', '--raw', '--subdir', 'DAGS_FOLDER/stocks/dag1.py', '--cfg-path', '/tmp/tmp96flrhfn']
[2026-02-19T14:50:31.248+0000] {standard_task_runner.py:64} INFO - Started process 32617 to run task
[2026-02-19T14:50:31.248+0000] {standard_task_runner.py:91} INFO - Job 1399: Subtask task_TSLA
[2026-02-19T14:50:31.307+0000] {task_command.py:426} INFO - Running <TaskInstance: dag_moex.task_TSLA scheduled__2026-01-21T00:00:00+00:00 [running]> on host cc036e7caf02
[2026-02-19T14:50:31.378+0000] {taskinstance.py:2648} INFO - Exporting env vars: AIRFLOW_CTX_DAG_OWNER='***' AIRFLOW_CTX_DAG_ID='dag_moex' AIRFLOW_CTX_TASK_ID='task_TSLA' AIRFLOW_CTX_EXECUTION_DATE='2026-01-21T00:00:00+00:00' AIRFLOW_CTX_TRY_NUMBER='1' AIRFLOW_CTX_DAG_RUN_ID='scheduled__2026-01-21T00:00:00+00:00'
[2026-02-19T14:50:31.380+0000] {taskinstance.py:430} INFO - ::endgroup::
[2026-02-19T14:50:31.390+0000] {logging_mixin.py:188} WARNING - /opt/***/dags/stocks/scripts/api.py:9 FutureWarning: YF.download() has changed argument auto_adjust default to True
[2026-02-19T14:50:31.397+0000] {logging_mixin.py:188} WARNING - /home/***/.local/lib/python3.12/site-packages/yfinance/scrapers/history.py:204 Pandas4Warning: Timestamp.utcnow is deprecated and will be removed in a future version. Use Timestamp.now('UTC') instead.
[2026-02-19T14:50:32.172+0000] {logging_mixin.py:188} WARNING - [*********************100%***********************]  1 of 1 completed
[2026-02-19T14:50:32.214+0000] {base.py:84} INFO - Using connection ID 'pg_1' for task execution.
[2026-02-19T14:50:32.215+0000] {sql.py:254} WARNING - This setter is for backward compatibility and should not be used.
Since the introduction of connection property, the providers listed below breaks due to assigning value to self.connection in their __init__ method.
* apache-***-providers-mysql<5.7.1
* apache-***-providers-elasticsearch<5.5.1
* apache-***-providers-postgres<5.13.0
[2026-02-19T14:50:32.223+0000] {taskinstance.py:441} INFO - ::group::Post task execution logs
[2026-02-19T14:50:32.225+0000] {taskinstance.py:2905} ERROR - Task failed with exception
Traceback (most recent call last):
  File "/home/airflow/.local/lib/python3.12/site-packages/airflow/models/taskinstance.py", line 465, in _execute_task
    result = _execute_callable(context=context, **execute_callable_kwargs)
             ^^^^^^^^^^^^^^^^^^^^^^^^^^^^^^^^^^^^^^^^^^^^^^^^^^^^^^^^^^^^^
  File "/home/airflow/.local/lib/python3.12/site-packages/airflow/models/taskinstance.py", line 432, in _execute_callable
    return execute_callable(context=context, **execute_callable_kwargs)
           ^^^^^^^^^^^^^^^^^^^^^^^^^^^^^^^^^^^^^^^^^^^^^^^^^^^^^^^^^^^^
  File "/home/airflow/.local/lib/python3.12/site-packages/airflow/models/baseoperator.py", line 401, in wrapper
    return func(self, *args, **kwargs)
           ^^^^^^^^^^^^^^^^^^^^^^^^^^^
  File "/home/airflow/.local/lib/python3.12/site-packages/airflow/operators/python.py", line 235, in execute
    return_value = self.execute_callable()
                   ^^^^^^^^^^^^^^^^^^^^^^^
  File "/home/airflow/.local/lib/python3.12/site-packages/airflow/operators/python.py", line 252, in execute_callable
    return self.python_callable(*self.op_args, **self.op_kwargs)
           ^^^^^^^^^^^^^^^^^^^^^^^^^^^^^^^^^^^^^^^^^^^^^^^^^^^^^
  File "/opt/airflow/dags/stocks/scripts/manager.py", line 24, in fetch_data
    postgresHook.insert_rows(table="stocks", rows=rows,
  File "/home/airflow/.local/lib/python3.12/site-packages/airflow/providers/common/sql/hooks/sql.py", line 893, in insert_rows
    cur.executemany(sql, values)
psycopg2.errors.UniqueViolation: duplicate key value violates unique constraint "stocks_pkey"
DETAIL:  Key (ticker, date)=(TSLA, 2026-01-20) already exists.

[2026-02-19T14:50:32.238+0000] {taskinstance.py:1206} INFO - Marking task as FAILED. dag_id=dag_moex, task_id=task_TSLA, run_id=scheduled__2026-01-21T00:00:00+00:00, execution_date=20260121T000000, start_date=20260219T145031, end_date=20260219T145032
[2026-02-19T14:50:32.251+0000] {standard_task_runner.py:110} ERROR - Failed to execute job 1399 for task task_TSLA (duplicate key value violates unique constraint "stocks_pkey"
DETAIL:  Key (ticker, date)=(TSLA, 2026-01-20) already exists.
; 32617)
[2026-02-19T14:50:32.275+0000] {local_task_job_runner.py:243} INFO - Task exited with return code 1
[2026-02-19T14:50:32.294+0000] {taskinstance.py:3503} INFO - 0 downstream tasks scheduled from follow-on schedule check
[2026-02-19T14:50:32.297+0000] {local_task_job_runner.py:222} INFO - ::endgroup::
[2026-02-19T14:53:16.172+0000] {local_task_job_runner.py:120} INFO - ::group::Pre task execution logs
[2026-02-19T14:53:16.210+0000] {taskinstance.py:2076} INFO - Dependencies all met for dep_context=non-requeueable deps ti=<TaskInstance: dag_moex.task_TSLA scheduled__2026-01-21T00:00:00+00:00 [queued]>
[2026-02-19T14:53:16.220+0000] {taskinstance.py:2076} INFO - Dependencies all met for dep_context=requeueable deps ti=<TaskInstance: dag_moex.task_TSLA scheduled__2026-01-21T00:00:00+00:00 [queued]>
[2026-02-19T14:53:16.220+0000] {taskinstance.py:2306} INFO - Starting attempt 1 of 1
[2026-02-19T14:53:16.312+0000] {taskinstance.py:2330} INFO - Executing <Task(PythonOperator): task_TSLA> on 2026-01-21 00:00:00+00:00
[2026-02-19T14:53:16.325+0000] {logging_mixin.py:188} WARNING - /home/***/.local/lib/python3.12/site-packages/***/task/task_runner/standard_task_runner.py:62 DeprecationWarning: This process (pid=33185) is multi-threaded, use of fork() may lead to deadlocks in the child.
[2026-02-19T14:53:16.324+0000] {standard_task_runner.py:90} INFO - Running: ['***', 'tasks', 'run', 'dag_moex', 'task_TSLA', 'scheduled__2026-01-21T00:00:00+00:00', '--job-id', '1517', '--raw', '--subdir', 'DAGS_FOLDER/stocks/dag1.py', '--cfg-path', '/tmp/tmp7czrnedz']
[2026-02-19T14:53:16.326+0000] {standard_task_runner.py:64} INFO - Started process 33207 to run task
[2026-02-19T14:53:16.326+0000] {standard_task_runner.py:91} INFO - Job 1517: Subtask task_TSLA
[2026-02-19T14:53:16.382+0000] {task_command.py:426} INFO - Running <TaskInstance: dag_moex.task_TSLA scheduled__2026-01-21T00:00:00+00:00 [running]> on host cc036e7caf02
[2026-02-19T14:53:16.470+0000] {taskinstance.py:2648} INFO - Exporting env vars: AIRFLOW_CTX_DAG_OWNER='***' AIRFLOW_CTX_DAG_ID='dag_moex' AIRFLOW_CTX_TASK_ID='task_TSLA' AIRFLOW_CTX_EXECUTION_DATE='2026-01-21T00:00:00+00:00' AIRFLOW_CTX_TRY_NUMBER='1' AIRFLOW_CTX_DAG_RUN_ID='scheduled__2026-01-21T00:00:00+00:00'
[2026-02-19T14:53:16.472+0000] {taskinstance.py:430} INFO - ::endgroup::
[2026-02-19T14:53:16.487+0000] {logging_mixin.py:188} WARNING - /opt/***/dags/stocks/scripts/api.py:9 FutureWarning: YF.download() has changed argument auto_adjust default to True
[2026-02-19T14:53:16.497+0000] {logging_mixin.py:188} WARNING - /home/***/.local/lib/python3.12/site-packages/yfinance/scrapers/history.py:204 Pandas4Warning: Timestamp.utcnow is deprecated and will be removed in a future version. Use Timestamp.now('UTC') instead.
[2026-02-19T14:53:17.237+0000] {logging_mixin.py:188} WARNING - [*********************100%***********************]  1 of 1 completed
[2026-02-19T14:53:17.258+0000] {base.py:84} INFO - Using connection ID 'pg_1' for task execution.
[2026-02-19T14:53:17.258+0000] {sql.py:254} WARNING - This setter is for backward compatibility and should not be used.
Since the introduction of connection property, the providers listed below breaks due to assigning value to self.connection in their __init__ method.
* apache-***-providers-mysql<5.7.1
* apache-***-providers-elasticsearch<5.5.1
* apache-***-providers-postgres<5.13.0
[2026-02-19T14:53:17.264+0000] {taskinstance.py:441} INFO - ::group::Post task execution logs
[2026-02-19T14:53:17.265+0000] {taskinstance.py:2905} ERROR - Task failed with exception
Traceback (most recent call last):
  File "/home/airflow/.local/lib/python3.12/site-packages/airflow/models/taskinstance.py", line 465, in _execute_task
    result = _execute_callable(context=context, **execute_callable_kwargs)
             ^^^^^^^^^^^^^^^^^^^^^^^^^^^^^^^^^^^^^^^^^^^^^^^^^^^^^^^^^^^^^
  File "/home/airflow/.local/lib/python3.12/site-packages/airflow/models/taskinstance.py", line 432, in _execute_callable
    return execute_callable(context=context, **execute_callable_kwargs)
           ^^^^^^^^^^^^^^^^^^^^^^^^^^^^^^^^^^^^^^^^^^^^^^^^^^^^^^^^^^^^
  File "/home/airflow/.local/lib/python3.12/site-packages/airflow/models/baseoperator.py", line 401, in wrapper
    return func(self, *args, **kwargs)
           ^^^^^^^^^^^^^^^^^^^^^^^^^^^
  File "/home/airflow/.local/lib/python3.12/site-packages/airflow/operators/python.py", line 235, in execute
    return_value = self.execute_callable()
                   ^^^^^^^^^^^^^^^^^^^^^^^
  File "/home/airflow/.local/lib/python3.12/site-packages/airflow/operators/python.py", line 252, in execute_callable
    return self.python_callable(*self.op_args, **self.op_kwargs)
           ^^^^^^^^^^^^^^^^^^^^^^^^^^^^^^^^^^^^^^^^^^^^^^^^^^^^^
  File "/opt/airflow/dags/stocks/scripts/manager.py", line 24, in fetch_data
    postgresHook.insert_rows(table="stocks", rows=rows,
  File "/home/airflow/.local/lib/python3.12/site-packages/airflow/providers/common/sql/hooks/sql.py", line 893, in insert_rows
    cur.executemany(sql, values)
psycopg2.errors.UniqueViolation: duplicate key value violates unique constraint "stocks_pkey"
DETAIL:  Key (ticker, date)=(TSLA, 2026-01-20) already exists.

[2026-02-19T14:53:17.276+0000] {taskinstance.py:1206} INFO - Marking task as FAILED. dag_id=dag_moex, task_id=task_TSLA, run_id=scheduled__2026-01-21T00:00:00+00:00, execution_date=20260121T000000, start_date=20260219T145316, end_date=20260219T145317
[2026-02-19T14:53:17.309+0000] {standard_task_runner.py:110} ERROR - Failed to execute job 1517 for task task_TSLA (duplicate key value violates unique constraint "stocks_pkey"
DETAIL:  Key (ticker, date)=(TSLA, 2026-01-20) already exists.
; 33207)
[2026-02-19T14:53:17.343+0000] {local_task_job_runner.py:243} INFO - Task exited with return code 1
[2026-02-19T14:53:17.365+0000] {taskinstance.py:3503} INFO - 0 downstream tasks scheduled from follow-on schedule check
[2026-02-19T14:53:17.370+0000] {local_task_job_runner.py:222} INFO - ::endgroup::
[2026-02-19T14:56:00.619+0000] {local_task_job_runner.py:120} INFO - ::group::Pre task execution logs
[2026-02-19T14:56:00.647+0000] {taskinstance.py:2076} INFO - Dependencies all met for dep_context=non-requeueable deps ti=<TaskInstance: dag_moex.task_TSLA scheduled__2026-01-21T00:00:00+00:00 [queued]>
[2026-02-19T14:56:00.658+0000] {taskinstance.py:2076} INFO - Dependencies all met for dep_context=requeueable deps ti=<TaskInstance: dag_moex.task_TSLA scheduled__2026-01-21T00:00:00+00:00 [queued]>
[2026-02-19T14:56:00.659+0000] {taskinstance.py:2306} INFO - Starting attempt 1 of 1
[2026-02-19T14:56:00.673+0000] {taskinstance.py:2330} INFO - Executing <Task(PythonOperator): task_TSLA> on 2026-01-21 00:00:00+00:00
[2026-02-19T14:56:00.682+0000] {logging_mixin.py:188} WARNING - /home/***/.local/lib/python3.12/site-packages/***/task/task_runner/standard_task_runner.py:62 DeprecationWarning: This process (pid=33432) is multi-threaded, use of fork() may lead to deadlocks in the child.
[2026-02-19T14:56:00.683+0000] {standard_task_runner.py:64} INFO - Started process 33448 to run task
[2026-02-19T14:56:00.682+0000] {standard_task_runner.py:90} INFO - Running: ['***', 'tasks', 'run', 'dag_moex', 'task_TSLA', 'scheduled__2026-01-21T00:00:00+00:00', '--job-id', '1560', '--raw', '--subdir', 'DAGS_FOLDER/stocks/dag1.py', '--cfg-path', '/tmp/tmpq4g35zuj']
[2026-02-19T14:56:00.684+0000] {standard_task_runner.py:91} INFO - Job 1560: Subtask task_TSLA
[2026-02-19T14:56:00.727+0000] {task_command.py:426} INFO - Running <TaskInstance: dag_moex.task_TSLA scheduled__2026-01-21T00:00:00+00:00 [running]> on host cc036e7caf02
[2026-02-19T14:56:00.798+0000] {taskinstance.py:2648} INFO - Exporting env vars: AIRFLOW_CTX_DAG_OWNER='***' AIRFLOW_CTX_DAG_ID='dag_moex' AIRFLOW_CTX_TASK_ID='task_TSLA' AIRFLOW_CTX_EXECUTION_DATE='2026-01-21T00:00:00+00:00' AIRFLOW_CTX_TRY_NUMBER='1' AIRFLOW_CTX_DAG_RUN_ID='scheduled__2026-01-21T00:00:00+00:00'
[2026-02-19T14:56:00.799+0000] {taskinstance.py:430} INFO - ::endgroup::
[2026-02-19T14:56:00.812+0000] {logging_mixin.py:188} WARNING - /opt/***/dags/stocks/scripts/api.py:9 FutureWarning: YF.download() has changed argument auto_adjust default to True
[2026-02-19T14:56:00.820+0000] {logging_mixin.py:188} WARNING - /home/***/.local/lib/python3.12/site-packages/yfinance/scrapers/history.py:204 Pandas4Warning: Timestamp.utcnow is deprecated and will be removed in a future version. Use Timestamp.now('UTC') instead.
[2026-02-19T14:56:01.823+0000] {logging_mixin.py:188} WARNING - [*********************100%***********************]  1 of 1 completed
[2026-02-19T14:56:01.844+0000] {base.py:84} INFO - Using connection ID 'pg_1' for task execution.
[2026-02-19T14:56:01.845+0000] {sql.py:254} WARNING - This setter is for backward compatibility and should not be used.
Since the introduction of connection property, the providers listed below breaks due to assigning value to self.connection in their __init__ method.
* apache-***-providers-mysql<5.7.1
* apache-***-providers-elasticsearch<5.5.1
* apache-***-providers-postgres<5.13.0
[2026-02-19T14:56:01.849+0000] {taskinstance.py:441} INFO - ::group::Post task execution logs
[2026-02-19T14:56:01.849+0000] {taskinstance.py:2905} ERROR - Task failed with exception
Traceback (most recent call last):
  File "/home/airflow/.local/lib/python3.12/site-packages/airflow/models/taskinstance.py", line 465, in _execute_task
    result = _execute_callable(context=context, **execute_callable_kwargs)
             ^^^^^^^^^^^^^^^^^^^^^^^^^^^^^^^^^^^^^^^^^^^^^^^^^^^^^^^^^^^^^
  File "/home/airflow/.local/lib/python3.12/site-packages/airflow/models/taskinstance.py", line 432, in _execute_callable
    return execute_callable(context=context, **execute_callable_kwargs)
           ^^^^^^^^^^^^^^^^^^^^^^^^^^^^^^^^^^^^^^^^^^^^^^^^^^^^^^^^^^^^
  File "/home/airflow/.local/lib/python3.12/site-packages/airflow/models/baseoperator.py", line 401, in wrapper
    return func(self, *args, **kwargs)
           ^^^^^^^^^^^^^^^^^^^^^^^^^^^
  File "/home/airflow/.local/lib/python3.12/site-packages/airflow/operators/python.py", line 235, in execute
    return_value = self.execute_callable()
                   ^^^^^^^^^^^^^^^^^^^^^^^
  File "/home/airflow/.local/lib/python3.12/site-packages/airflow/operators/python.py", line 252, in execute_callable
    return self.python_callable(*self.op_args, **self.op_kwargs)
           ^^^^^^^^^^^^^^^^^^^^^^^^^^^^^^^^^^^^^^^^^^^^^^^^^^^^^
  File "/opt/airflow/dags/stocks/scripts/manager.py", line 24, in fetch_data
    postgresHook.insert_rows(table="stocks", rows=rows,
  File "/home/airflow/.local/lib/python3.12/site-packages/airflow/providers/common/sql/hooks/sql.py", line 893, in insert_rows
    cur.executemany(sql, values)
psycopg2.errors.UniqueViolation: duplicate key value violates unique constraint "stocks_pkey"
DETAIL:  Key (ticker, date)=(TSLA, 2026-01-20) already exists.

[2026-02-19T14:56:01.858+0000] {taskinstance.py:1206} INFO - Marking task as FAILED. dag_id=dag_moex, task_id=task_TSLA, run_id=scheduled__2026-01-21T00:00:00+00:00, execution_date=20260121T000000, start_date=20260219T145600, end_date=20260219T145601
[2026-02-19T14:56:01.867+0000] {standard_task_runner.py:110} ERROR - Failed to execute job 1560 for task task_TSLA (duplicate key value violates unique constraint "stocks_pkey"
DETAIL:  Key (ticker, date)=(TSLA, 2026-01-20) already exists.
; 33448)
[2026-02-19T14:56:01.899+0000] {local_task_job_runner.py:243} INFO - Task exited with return code 1
[2026-02-19T14:56:01.915+0000] {taskinstance.py:3503} INFO - 0 downstream tasks scheduled from follow-on schedule check
[2026-02-19T14:56:01.918+0000] {local_task_job_runner.py:222} INFO - ::endgroup::
[2026-02-19T14:57:32.249+0000] {local_task_job_runner.py:120} INFO - ::group::Pre task execution logs
[2026-02-19T14:57:32.273+0000] {taskinstance.py:2076} INFO - Dependencies all met for dep_context=non-requeueable deps ti=<TaskInstance: dag_moex.task_TSLA scheduled__2026-01-21T00:00:00+00:00 [queued]>
[2026-02-19T14:57:32.279+0000] {taskinstance.py:2076} INFO - Dependencies all met for dep_context=requeueable deps ti=<TaskInstance: dag_moex.task_TSLA scheduled__2026-01-21T00:00:00+00:00 [queued]>
[2026-02-19T14:57:32.280+0000] {taskinstance.py:2306} INFO - Starting attempt 1 of 1
[2026-02-19T14:57:32.289+0000] {taskinstance.py:2330} INFO - Executing <Task(PythonOperator): task_TSLA> on 2026-01-21 00:00:00+00:00
[2026-02-19T14:57:32.297+0000] {logging_mixin.py:188} WARNING - /home/***/.local/lib/python3.12/site-packages/***/task/task_runner/standard_task_runner.py:62 DeprecationWarning: This process (pid=33609) is multi-threaded, use of fork() may lead to deadlocks in the child.
[2026-02-19T14:57:32.297+0000] {standard_task_runner.py:64} INFO - Started process 33624 to run task
[2026-02-19T14:57:32.297+0000] {standard_task_runner.py:90} INFO - Running: ['***', 'tasks', 'run', 'dag_moex', 'task_TSLA', 'scheduled__2026-01-21T00:00:00+00:00', '--job-id', '1595', '--raw', '--subdir', 'DAGS_FOLDER/stocks/dag1.py', '--cfg-path', '/tmp/tmp358qwqqa']
[2026-02-19T14:57:32.298+0000] {standard_task_runner.py:91} INFO - Job 1595: Subtask task_TSLA
[2026-02-19T14:57:32.334+0000] {task_command.py:426} INFO - Running <TaskInstance: dag_moex.task_TSLA scheduled__2026-01-21T00:00:00+00:00 [running]> on host cc036e7caf02
[2026-02-19T14:57:32.397+0000] {taskinstance.py:2648} INFO - Exporting env vars: AIRFLOW_CTX_DAG_OWNER='***' AIRFLOW_CTX_DAG_ID='dag_moex' AIRFLOW_CTX_TASK_ID='task_TSLA' AIRFLOW_CTX_EXECUTION_DATE='2026-01-21T00:00:00+00:00' AIRFLOW_CTX_TRY_NUMBER='1' AIRFLOW_CTX_DAG_RUN_ID='scheduled__2026-01-21T00:00:00+00:00'
[2026-02-19T14:57:32.398+0000] {taskinstance.py:430} INFO - ::endgroup::
[2026-02-19T14:57:32.408+0000] {logging_mixin.py:188} WARNING - /opt/***/dags/stocks/scripts/api.py:9 FutureWarning: YF.download() has changed argument auto_adjust default to True
[2026-02-19T14:57:32.413+0000] {logging_mixin.py:188} WARNING - /home/***/.local/lib/python3.12/site-packages/yfinance/scrapers/history.py:204 Pandas4Warning: Timestamp.utcnow is deprecated and will be removed in a future version. Use Timestamp.now('UTC') instead.
[2026-02-19T14:57:33.056+0000] {logging_mixin.py:188} WARNING - [*********************100%***********************]  1 of 1 completed
[2026-02-19T14:57:33.070+0000] {base.py:84} INFO - Using connection ID 'pg_1' for task execution.
[2026-02-19T14:57:33.070+0000] {sql.py:254} WARNING - This setter is for backward compatibility and should not be used.
Since the introduction of connection property, the providers listed below breaks due to assigning value to self.connection in their __init__ method.
* apache-***-providers-mysql<5.7.1
* apache-***-providers-elasticsearch<5.5.1
* apache-***-providers-postgres<5.13.0
[2026-02-19T14:57:33.074+0000] {taskinstance.py:441} INFO - ::group::Post task execution logs
[2026-02-19T14:57:33.074+0000] {taskinstance.py:2905} ERROR - Task failed with exception
Traceback (most recent call last):
  File "/home/airflow/.local/lib/python3.12/site-packages/airflow/models/taskinstance.py", line 465, in _execute_task
    result = _execute_callable(context=context, **execute_callable_kwargs)
             ^^^^^^^^^^^^^^^^^^^^^^^^^^^^^^^^^^^^^^^^^^^^^^^^^^^^^^^^^^^^^
  File "/home/airflow/.local/lib/python3.12/site-packages/airflow/models/taskinstance.py", line 432, in _execute_callable
    return execute_callable(context=context, **execute_callable_kwargs)
           ^^^^^^^^^^^^^^^^^^^^^^^^^^^^^^^^^^^^^^^^^^^^^^^^^^^^^^^^^^^^
  File "/home/airflow/.local/lib/python3.12/site-packages/airflow/models/baseoperator.py", line 401, in wrapper
    return func(self, *args, **kwargs)
           ^^^^^^^^^^^^^^^^^^^^^^^^^^^
  File "/home/airflow/.local/lib/python3.12/site-packages/airflow/operators/python.py", line 235, in execute
    return_value = self.execute_callable()
                   ^^^^^^^^^^^^^^^^^^^^^^^
  File "/home/airflow/.local/lib/python3.12/site-packages/airflow/operators/python.py", line 252, in execute_callable
    return self.python_callable(*self.op_args, **self.op_kwargs)
           ^^^^^^^^^^^^^^^^^^^^^^^^^^^^^^^^^^^^^^^^^^^^^^^^^^^^^
  File "/opt/airflow/dags/stocks/scripts/manager.py", line 24, in fetch_data
    postgresHook.insert_rows(table="stocks", rows=rows,
  File "/home/airflow/.local/lib/python3.12/site-packages/airflow/providers/common/sql/hooks/sql.py", line 893, in insert_rows
    cur.executemany(sql, values)
psycopg2.errors.UniqueViolation: duplicate key value violates unique constraint "stocks_pkey"
DETAIL:  Key (ticker, date)=(TSLA, 2026-01-20) already exists.

[2026-02-19T14:57:33.082+0000] {taskinstance.py:1206} INFO - Marking task as FAILED. dag_id=dag_moex, task_id=task_TSLA, run_id=scheduled__2026-01-21T00:00:00+00:00, execution_date=20260121T000000, start_date=20260219T145732, end_date=20260219T145733
[2026-02-19T14:57:33.091+0000] {standard_task_runner.py:110} ERROR - Failed to execute job 1595 for task task_TSLA (duplicate key value violates unique constraint "stocks_pkey"
DETAIL:  Key (ticker, date)=(TSLA, 2026-01-20) already exists.
; 33624)
[2026-02-19T14:57:33.115+0000] {local_task_job_runner.py:243} INFO - Task exited with return code 1
[2026-02-19T14:57:33.130+0000] {taskinstance.py:3503} INFO - 0 downstream tasks scheduled from follow-on schedule check
[2026-02-19T14:57:33.133+0000] {local_task_job_runner.py:222} INFO - ::endgroup::
[2026-02-19T15:52:50.548+0000] {local_task_job_runner.py:120} INFO - ::group::Pre task execution logs
[2026-02-19T15:52:50.577+0000] {taskinstance.py:2076} INFO - Dependencies all met for dep_context=non-requeueable deps ti=<TaskInstance: dag_moex.task_TSLA scheduled__2026-01-21T00:00:00+00:00 [queued]>
[2026-02-19T15:52:50.584+0000] {taskinstance.py:2076} INFO - Dependencies all met for dep_context=requeueable deps ti=<TaskInstance: dag_moex.task_TSLA scheduled__2026-01-21T00:00:00+00:00 [queued]>
[2026-02-19T15:52:50.584+0000] {taskinstance.py:2306} INFO - Starting attempt 1 of 1
[2026-02-19T15:52:50.595+0000] {taskinstance.py:2330} INFO - Executing <Task(PythonOperator): task_TSLA> on 2026-01-21 00:00:00+00:00
[2026-02-19T15:52:50.604+0000] {logging_mixin.py:188} WARNING - /home/***/.local/lib/python3.12/site-packages/***/task/task_runner/standard_task_runner.py:62 DeprecationWarning: This process (pid=34037) is multi-threaded, use of fork() may lead to deadlocks in the child.
[2026-02-19T15:52:50.605+0000] {standard_task_runner.py:64} INFO - Started process 34052 to run task
[2026-02-19T15:52:50.604+0000] {standard_task_runner.py:90} INFO - Running: ['***', 'tasks', 'run', 'dag_moex', 'task_TSLA', 'scheduled__2026-01-21T00:00:00+00:00', '--job-id', '1630', '--raw', '--subdir', 'DAGS_FOLDER/stocks/dag1.py', '--cfg-path', '/tmp/tmp0u9wr6m_']
[2026-02-19T15:52:50.605+0000] {standard_task_runner.py:91} INFO - Job 1630: Subtask task_TSLA
[2026-02-19T15:52:50.646+0000] {task_command.py:426} INFO - Running <TaskInstance: dag_moex.task_TSLA scheduled__2026-01-21T00:00:00+00:00 [running]> on host cc036e7caf02
[2026-02-19T15:52:50.710+0000] {taskinstance.py:2648} INFO - Exporting env vars: AIRFLOW_CTX_DAG_OWNER='***' AIRFLOW_CTX_DAG_ID='dag_moex' AIRFLOW_CTX_TASK_ID='task_TSLA' AIRFLOW_CTX_EXECUTION_DATE='2026-01-21T00:00:00+00:00' AIRFLOW_CTX_TRY_NUMBER='1' AIRFLOW_CTX_DAG_RUN_ID='scheduled__2026-01-21T00:00:00+00:00'
[2026-02-19T15:52:50.711+0000] {taskinstance.py:430} INFO - ::endgroup::
[2026-02-19T15:52:50.724+0000] {logging_mixin.py:188} WARNING - /opt/***/dags/stocks/scripts/api.py:9 FutureWarning: YF.download() has changed argument auto_adjust default to True
[2026-02-19T15:52:50.730+0000] {logging_mixin.py:188} WARNING - /home/***/.local/lib/python3.12/site-packages/yfinance/scrapers/history.py:204 Pandas4Warning: Timestamp.utcnow is deprecated and will be removed in a future version. Use Timestamp.now('UTC') instead.
[2026-02-19T15:52:51.509+0000] {logging_mixin.py:188} WARNING - [*********************100%***********************]  1 of 1 completed
[2026-02-19T15:52:51.518+0000] {taskinstance.py:441} INFO - ::group::Post task execution logs
[2026-02-19T15:52:51.519+0000] {taskinstance.py:2905} ERROR - Task failed with exception
Traceback (most recent call last):
  File "/home/airflow/.local/lib/python3.12/site-packages/airflow/models/taskinstance.py", line 465, in _execute_task
    result = _execute_callable(context=context, **execute_callable_kwargs)
             ^^^^^^^^^^^^^^^^^^^^^^^^^^^^^^^^^^^^^^^^^^^^^^^^^^^^^^^^^^^^^
  File "/home/airflow/.local/lib/python3.12/site-packages/airflow/models/taskinstance.py", line 432, in _execute_callable
    return execute_callable(context=context, **execute_callable_kwargs)
           ^^^^^^^^^^^^^^^^^^^^^^^^^^^^^^^^^^^^^^^^^^^^^^^^^^^^^^^^^^^^
  File "/home/airflow/.local/lib/python3.12/site-packages/airflow/models/baseoperator.py", line 401, in wrapper
    return func(self, *args, **kwargs)
           ^^^^^^^^^^^^^^^^^^^^^^^^^^^
  File "/home/airflow/.local/lib/python3.12/site-packages/airflow/operators/python.py", line 235, in execute
    return_value = self.execute_callable()
                   ^^^^^^^^^^^^^^^^^^^^^^^
  File "/home/airflow/.local/lib/python3.12/site-packages/airflow/operators/python.py", line 252, in execute_callable
    return self.python_callable(*self.op_args, **self.op_kwargs)
           ^^^^^^^^^^^^^^^^^^^^^^^^^^^^^^^^^^^^^^^^^^^^^^^^^^^^^
  File "/opt/airflow/dags/stocks/scripts/manager.py", line 12, in fetch_data
    data = data.loc[data_interval_start:data_interval_start]
           ~~~~~~~~^^^^^^^^^^^^^^^^^^^^^^^^^^^^^^^^^^^^^^^^^
  File "/home/airflow/.local/lib/python3.12/site-packages/pandas/core/indexing.py", line 1207, in __getitem__
    return self._getitem_axis(maybe_callable, axis=axis)
           ^^^^^^^^^^^^^^^^^^^^^^^^^^^^^^^^^^^^^^^^^^^^^
  File "/home/airflow/.local/lib/python3.12/site-packages/pandas/core/indexing.py", line 1429, in _getitem_axis
    return self._get_slice_axis(key, axis=axis)
           ^^^^^^^^^^^^^^^^^^^^^^^^^^^^^^^^^^^^
  File "/home/airflow/.local/lib/python3.12/site-packages/pandas/core/indexing.py", line 1461, in _get_slice_axis
    indexer = labels.slice_indexer(slice_obj.start, slice_obj.stop, slice_obj.step)
              ^^^^^^^^^^^^^^^^^^^^^^^^^^^^^^^^^^^^^^^^^^^^^^^^^^^^^^^^^^^^^^^^^^^^^
  File "/home/airflow/.local/lib/python3.12/site-packages/pandas/core/indexes/datetimes.py", line 1072, in slice_indexer
    return Index.slice_indexer(self, start, end, step)
           ^^^^^^^^^^^^^^^^^^^^^^^^^^^^^^^^^^^^^^^^^^^
  File "/home/airflow/.local/lib/python3.12/site-packages/pandas/core/indexes/base.py", line 6804, in slice_indexer
    start_slice, end_slice = self.slice_locs(start, end, step=step)
                             ^^^^^^^^^^^^^^^^^^^^^^^^^^^^^^^^^^^^^^
  File "/home/airflow/.local/lib/python3.12/site-packages/pandas/core/indexes/base.py", line 7062, in slice_locs
    start_slice = self.get_slice_bound(start, "left")
                  ^^^^^^^^^^^^^^^^^^^^^^^^^^^^^^^^^^^
  File "/home/airflow/.local/lib/python3.12/site-packages/pandas/core/indexes/base.py", line 6964, in get_slice_bound
    label = self._maybe_cast_slice_bound(label, side)
            ^^^^^^^^^^^^^^^^^^^^^^^^^^^^^^^^^^^^^^^^^
  File "/home/airflow/.local/lib/python3.12/site-packages/pandas/core/indexes/datetimes.py", line 1033, in _maybe_cast_slice_bound
    self._data._assert_tzawareness_compat(label)
  File "/home/airflow/.local/lib/python3.12/site-packages/pandas/core/arrays/datetimes.py", line 796, in _assert_tzawareness_compat
    raise TypeError(
TypeError: Cannot compare tz-naive and tz-aware datetime-like objects.
[2026-02-19T15:52:51.531+0000] {taskinstance.py:1206} INFO - Marking task as FAILED. dag_id=dag_moex, task_id=task_TSLA, run_id=scheduled__2026-01-21T00:00:00+00:00, execution_date=20260121T000000, start_date=20260219T155250, end_date=20260219T155251
[2026-02-19T15:52:51.541+0000] {standard_task_runner.py:110} ERROR - Failed to execute job 1630 for task task_TSLA (Cannot compare tz-naive and tz-aware datetime-like objects.; 34052)
[2026-02-19T15:52:51.580+0000] {local_task_job_runner.py:243} INFO - Task exited with return code 1
[2026-02-19T15:52:51.592+0000] {taskinstance.py:3503} INFO - 0 downstream tasks scheduled from follow-on schedule check
[2026-02-19T15:52:51.594+0000] {local_task_job_runner.py:222} INFO - ::endgroup::
[2026-02-19T15:55:50.344+0000] {local_task_job_runner.py:120} INFO - ::group::Pre task execution logs
[2026-02-19T15:55:50.378+0000] {taskinstance.py:2076} INFO - Dependencies all met for dep_context=non-requeueable deps ti=<TaskInstance: dag_moex.task_TSLA scheduled__2026-01-21T00:00:00+00:00 [queued]>
[2026-02-19T15:55:50.391+0000] {taskinstance.py:2076} INFO - Dependencies all met for dep_context=requeueable deps ti=<TaskInstance: dag_moex.task_TSLA scheduled__2026-01-21T00:00:00+00:00 [queued]>
[2026-02-19T15:55:50.391+0000] {taskinstance.py:2306} INFO - Starting attempt 1 of 1
[2026-02-19T15:55:50.406+0000] {taskinstance.py:2330} INFO - Executing <Task(PythonOperator): task_TSLA> on 2026-01-21 00:00:00+00:00
[2026-02-19T15:55:50.418+0000] {logging_mixin.py:188} WARNING - /home/***/.local/lib/python3.12/site-packages/***/task/task_runner/standard_task_runner.py:62 DeprecationWarning: This process (pid=34249) is multi-threaded, use of fork() may lead to deadlocks in the child.
[2026-02-19T15:55:50.420+0000] {standard_task_runner.py:64} INFO - Started process 34264 to run task
[2026-02-19T15:55:50.419+0000] {standard_task_runner.py:90} INFO - Running: ['***', 'tasks', 'run', 'dag_moex', 'task_TSLA', 'scheduled__2026-01-21T00:00:00+00:00', '--job-id', '1665', '--raw', '--subdir', 'DAGS_FOLDER/stocks/dag1.py', '--cfg-path', '/tmp/tmpklab_ddf']
[2026-02-19T15:55:50.421+0000] {standard_task_runner.py:91} INFO - Job 1665: Subtask task_TSLA
[2026-02-19T15:55:50.473+0000] {task_command.py:426} INFO - Running <TaskInstance: dag_moex.task_TSLA scheduled__2026-01-21T00:00:00+00:00 [running]> on host cc036e7caf02
[2026-02-19T15:55:50.558+0000] {taskinstance.py:2648} INFO - Exporting env vars: AIRFLOW_CTX_DAG_OWNER='***' AIRFLOW_CTX_DAG_ID='dag_moex' AIRFLOW_CTX_TASK_ID='task_TSLA' AIRFLOW_CTX_EXECUTION_DATE='2026-01-21T00:00:00+00:00' AIRFLOW_CTX_TRY_NUMBER='1' AIRFLOW_CTX_DAG_RUN_ID='scheduled__2026-01-21T00:00:00+00:00'
[2026-02-19T15:55:50.560+0000] {taskinstance.py:430} INFO - ::endgroup::
[2026-02-19T15:55:50.573+0000] {logging_mixin.py:188} WARNING - /opt/***/dags/stocks/scripts/api.py:9 FutureWarning: YF.download() has changed argument auto_adjust default to True
[2026-02-19T15:55:50.582+0000] {logging_mixin.py:188} WARNING - /home/***/.local/lib/python3.12/site-packages/yfinance/scrapers/history.py:204 Pandas4Warning: Timestamp.utcnow is deprecated and will be removed in a future version. Use Timestamp.now('UTC') instead.
[2026-02-19T15:55:51.213+0000] {logging_mixin.py:188} WARNING - [*********************100%***********************]  1 of 1 completed
[2026-02-19T15:55:51.228+0000] {base.py:84} INFO - Using connection ID 'pg_1' for task execution.
[2026-02-19T15:55:51.229+0000] {sql.py:254} WARNING - This setter is for backward compatibility and should not be used.
Since the introduction of connection property, the providers listed below breaks due to assigning value to self.connection in their __init__ method.
* apache-***-providers-mysql<5.7.1
* apache-***-providers-elasticsearch<5.5.1
* apache-***-providers-postgres<5.13.0
[2026-02-19T15:55:51.233+0000] {sql.py:896} INFO - Loaded 1 rows into stocks so far
[2026-02-19T15:55:51.234+0000] {sql.py:908} INFO - Done loading. Loaded a total of 1 rows into stocks
[2026-02-19T15:55:51.239+0000] {python.py:237} INFO - Done. Returned value was: None
[2026-02-19T15:55:51.240+0000] {taskinstance.py:441} INFO - ::group::Post task execution logs
[2026-02-19T15:55:51.247+0000] {taskinstance.py:1206} INFO - Marking task as SUCCESS. dag_id=dag_moex, task_id=task_TSLA, run_id=scheduled__2026-01-21T00:00:00+00:00, execution_date=20260121T000000, start_date=20260219T155550, end_date=20260219T155551
[2026-02-19T15:55:51.275+0000] {local_task_job_runner.py:243} INFO - Task exited with return code 0
[2026-02-19T15:55:51.289+0000] {taskinstance.py:3503} INFO - 0 downstream tasks scheduled from follow-on schedule check
[2026-02-19T15:55:51.291+0000] {local_task_job_runner.py:222} INFO - ::endgroup::
[2026-02-19T16:05:54.673+0000] {local_task_job_runner.py:120} INFO - ::group::Pre task execution logs
[2026-02-19T16:05:54.704+0000] {taskinstance.py:2076} INFO - Dependencies all met for dep_context=non-requeueable deps ti=<TaskInstance: dag_moex.task_TSLA scheduled__2026-01-21T00:00:00+00:00 [queued]>
[2026-02-19T16:05:54.712+0000] {taskinstance.py:2076} INFO - Dependencies all met for dep_context=requeueable deps ti=<TaskInstance: dag_moex.task_TSLA scheduled__2026-01-21T00:00:00+00:00 [queued]>
[2026-02-19T16:05:54.712+0000] {taskinstance.py:2306} INFO - Starting attempt 1 of 1
[2026-02-19T16:05:54.722+0000] {taskinstance.py:2330} INFO - Executing <Task(PythonOperator): task_TSLA> on 2026-01-21 00:00:00+00:00
[2026-02-19T16:05:54.731+0000] {logging_mixin.py:188} WARNING - /home/***/.local/lib/python3.12/site-packages/***/task/task_runner/standard_task_runner.py:62 DeprecationWarning: This process (pid=34624) is multi-threaded, use of fork() may lead to deadlocks in the child.
[2026-02-19T16:05:54.732+0000] {standard_task_runner.py:64} INFO - Started process 34641 to run task
[2026-02-19T16:05:54.732+0000] {standard_task_runner.py:90} INFO - Running: ['***', 'tasks', 'run', 'dag_moex', 'task_TSLA', 'scheduled__2026-01-21T00:00:00+00:00', '--job-id', '1700', '--raw', '--subdir', 'DAGS_FOLDER/stocks/dag1.py', '--cfg-path', '/tmp/tmphcg5d_1i']
[2026-02-19T16:05:54.733+0000] {standard_task_runner.py:91} INFO - Job 1700: Subtask task_TSLA
[2026-02-19T16:05:54.785+0000] {task_command.py:426} INFO - Running <TaskInstance: dag_moex.task_TSLA scheduled__2026-01-21T00:00:00+00:00 [running]> on host cc036e7caf02
[2026-02-19T16:05:54.858+0000] {taskinstance.py:2648} INFO - Exporting env vars: AIRFLOW_CTX_DAG_OWNER='***' AIRFLOW_CTX_DAG_ID='dag_moex' AIRFLOW_CTX_TASK_ID='task_TSLA' AIRFLOW_CTX_EXECUTION_DATE='2026-01-21T00:00:00+00:00' AIRFLOW_CTX_TRY_NUMBER='1' AIRFLOW_CTX_DAG_RUN_ID='scheduled__2026-01-21T00:00:00+00:00'
[2026-02-19T16:05:54.860+0000] {taskinstance.py:430} INFO - ::endgroup::
[2026-02-19T16:05:54.870+0000] {logging_mixin.py:188} WARNING - /opt/***/dags/stocks/scripts/api.py:9 FutureWarning: YF.download() has changed argument auto_adjust default to True
[2026-02-19T16:05:54.877+0000] {logging_mixin.py:188} WARNING - /home/***/.local/lib/python3.12/site-packages/yfinance/scrapers/history.py:204 Pandas4Warning: Timestamp.utcnow is deprecated and will be removed in a future version. Use Timestamp.now('UTC') instead.
[2026-02-19T16:05:55.525+0000] {logging_mixin.py:188} WARNING - [*********************100%***********************]  1 of 1 completed
[2026-02-19T16:05:55.539+0000] {base.py:84} INFO - Using connection ID 'pg_1' for task execution.
[2026-02-19T16:05:55.540+0000] {sql.py:254} WARNING - This setter is for backward compatibility and should not be used.
Since the introduction of connection property, the providers listed below breaks due to assigning value to self.connection in their __init__ method.
* apache-***-providers-mysql<5.7.1
* apache-***-providers-elasticsearch<5.5.1
* apache-***-providers-postgres<5.13.0
[2026-02-19T16:05:55.544+0000] {taskinstance.py:441} INFO - ::group::Post task execution logs
[2026-02-19T16:05:55.544+0000] {taskinstance.py:2905} ERROR - Task failed with exception
Traceback (most recent call last):
  File "/home/airflow/.local/lib/python3.12/site-packages/airflow/models/taskinstance.py", line 465, in _execute_task
    result = _execute_callable(context=context, **execute_callable_kwargs)
             ^^^^^^^^^^^^^^^^^^^^^^^^^^^^^^^^^^^^^^^^^^^^^^^^^^^^^^^^^^^^^
  File "/home/airflow/.local/lib/python3.12/site-packages/airflow/models/taskinstance.py", line 432, in _execute_callable
    return execute_callable(context=context, **execute_callable_kwargs)
           ^^^^^^^^^^^^^^^^^^^^^^^^^^^^^^^^^^^^^^^^^^^^^^^^^^^^^^^^^^^^
  File "/home/airflow/.local/lib/python3.12/site-packages/airflow/models/baseoperator.py", line 401, in wrapper
    return func(self, *args, **kwargs)
           ^^^^^^^^^^^^^^^^^^^^^^^^^^^
  File "/home/airflow/.local/lib/python3.12/site-packages/airflow/operators/python.py", line 235, in execute
    return_value = self.execute_callable()
                   ^^^^^^^^^^^^^^^^^^^^^^^
  File "/home/airflow/.local/lib/python3.12/site-packages/airflow/operators/python.py", line 252, in execute_callable
    return self.python_callable(*self.op_args, **self.op_kwargs)
           ^^^^^^^^^^^^^^^^^^^^^^^^^^^^^^^^^^^^^^^^^^^^^^^^^^^^^
  File "/opt/airflow/dags/stocks/scripts/manager.py", line 23, in fetch_data
    postgresHook.insert_rows(table="stocks", rows=rows,
  File "/home/airflow/.local/lib/python3.12/site-packages/airflow/providers/common/sql/hooks/sql.py", line 893, in insert_rows
    cur.executemany(sql, values)
psycopg2.errors.UniqueViolation: duplicate key value violates unique constraint "stocks_pkey"
DETAIL:  Key (ticker, date)=(TSLA, 2026-01-20) already exists.

[2026-02-19T16:05:55.555+0000] {taskinstance.py:1206} INFO - Marking task as FAILED. dag_id=dag_moex, task_id=task_TSLA, run_id=scheduled__2026-01-21T00:00:00+00:00, execution_date=20260121T000000, start_date=20260219T160554, end_date=20260219T160555
[2026-02-19T16:05:55.564+0000] {standard_task_runner.py:110} ERROR - Failed to execute job 1700 for task task_TSLA (duplicate key value violates unique constraint "stocks_pkey"
DETAIL:  Key (ticker, date)=(TSLA, 2026-01-20) already exists.
; 34641)
[2026-02-19T16:05:55.587+0000] {local_task_job_runner.py:243} INFO - Task exited with return code 1
[2026-02-19T16:05:55.604+0000] {taskinstance.py:3503} INFO - 0 downstream tasks scheduled from follow-on schedule check
[2026-02-19T16:05:55.607+0000] {local_task_job_runner.py:222} INFO - ::endgroup::
[2026-02-19T16:07:08.608+0000] {local_task_job_runner.py:120} INFO - ::group::Pre task execution logs
[2026-02-19T16:07:08.633+0000] {taskinstance.py:2076} INFO - Dependencies all met for dep_context=non-requeueable deps ti=<TaskInstance: dag_moex.task_TSLA scheduled__2026-01-21T00:00:00+00:00 [queued]>
[2026-02-19T16:07:08.648+0000] {taskinstance.py:2076} INFO - Dependencies all met for dep_context=requeueable deps ti=<TaskInstance: dag_moex.task_TSLA scheduled__2026-01-21T00:00:00+00:00 [queued]>
[2026-02-19T16:07:08.649+0000] {taskinstance.py:2306} INFO - Starting attempt 1 of 1
[2026-02-19T16:07:08.663+0000] {taskinstance.py:2330} INFO - Executing <Task(PythonOperator): task_TSLA> on 2026-01-21 00:00:00+00:00
[2026-02-19T16:07:08.671+0000] {logging_mixin.py:188} WARNING - /home/***/.local/lib/python3.12/site-packages/***/task/task_runner/standard_task_runner.py:62 DeprecationWarning: This process (pid=34802) is multi-threaded, use of fork() may lead to deadlocks in the child.
[2026-02-19T16:07:08.673+0000] {standard_task_runner.py:64} INFO - Started process 34817 to run task
[2026-02-19T16:07:08.671+0000] {standard_task_runner.py:90} INFO - Running: ['***', 'tasks', 'run', 'dag_moex', 'task_TSLA', 'scheduled__2026-01-21T00:00:00+00:00', '--job-id', '1735', '--raw', '--subdir', 'DAGS_FOLDER/stocks/dag1.py', '--cfg-path', '/tmp/tmp60r_s8s5']
[2026-02-19T16:07:08.673+0000] {standard_task_runner.py:91} INFO - Job 1735: Subtask task_TSLA
[2026-02-19T16:07:08.711+0000] {task_command.py:426} INFO - Running <TaskInstance: dag_moex.task_TSLA scheduled__2026-01-21T00:00:00+00:00 [running]> on host cc036e7caf02
[2026-02-19T16:07:08.802+0000] {taskinstance.py:2648} INFO - Exporting env vars: AIRFLOW_CTX_DAG_OWNER='***' AIRFLOW_CTX_DAG_ID='dag_moex' AIRFLOW_CTX_TASK_ID='task_TSLA' AIRFLOW_CTX_EXECUTION_DATE='2026-01-21T00:00:00+00:00' AIRFLOW_CTX_TRY_NUMBER='1' AIRFLOW_CTX_DAG_RUN_ID='scheduled__2026-01-21T00:00:00+00:00'
[2026-02-19T16:07:08.804+0000] {taskinstance.py:430} INFO - ::endgroup::
[2026-02-19T16:07:08.824+0000] {logging_mixin.py:188} WARNING - /opt/***/dags/stocks/scripts/api.py:9 FutureWarning: YF.download() has changed argument auto_adjust default to True
[2026-02-19T16:07:08.833+0000] {logging_mixin.py:188} WARNING - /home/***/.local/lib/python3.12/site-packages/yfinance/scrapers/history.py:204 Pandas4Warning: Timestamp.utcnow is deprecated and will be removed in a future version. Use Timestamp.now('UTC') instead.
[2026-02-19T16:07:09.453+0000] {logging_mixin.py:188} WARNING - [*********************100%***********************]  1 of 1 completed
[2026-02-19T16:07:09.473+0000] {base.py:84} INFO - Using connection ID 'pg_1' for task execution.
[2026-02-19T16:07:09.474+0000] {sql.py:254} WARNING - This setter is for backward compatibility and should not be used.
Since the introduction of connection property, the providers listed below breaks due to assigning value to self.connection in their __init__ method.
* apache-***-providers-mysql<5.7.1
* apache-***-providers-elasticsearch<5.5.1
* apache-***-providers-postgres<5.13.0
[2026-02-19T16:07:09.478+0000] {taskinstance.py:441} INFO - ::group::Post task execution logs
[2026-02-19T16:07:09.479+0000] {taskinstance.py:2905} ERROR - Task failed with exception
Traceback (most recent call last):
  File "/home/airflow/.local/lib/python3.12/site-packages/airflow/models/taskinstance.py", line 465, in _execute_task
    result = _execute_callable(context=context, **execute_callable_kwargs)
             ^^^^^^^^^^^^^^^^^^^^^^^^^^^^^^^^^^^^^^^^^^^^^^^^^^^^^^^^^^^^^
  File "/home/airflow/.local/lib/python3.12/site-packages/airflow/models/taskinstance.py", line 432, in _execute_callable
    return execute_callable(context=context, **execute_callable_kwargs)
           ^^^^^^^^^^^^^^^^^^^^^^^^^^^^^^^^^^^^^^^^^^^^^^^^^^^^^^^^^^^^
  File "/home/airflow/.local/lib/python3.12/site-packages/airflow/models/baseoperator.py", line 401, in wrapper
    return func(self, *args, **kwargs)
           ^^^^^^^^^^^^^^^^^^^^^^^^^^^
  File "/home/airflow/.local/lib/python3.12/site-packages/airflow/operators/python.py", line 235, in execute
    return_value = self.execute_callable()
                   ^^^^^^^^^^^^^^^^^^^^^^^
  File "/home/airflow/.local/lib/python3.12/site-packages/airflow/operators/python.py", line 252, in execute_callable
    return self.python_callable(*self.op_args, **self.op_kwargs)
           ^^^^^^^^^^^^^^^^^^^^^^^^^^^^^^^^^^^^^^^^^^^^^^^^^^^^^
  File "/opt/airflow/dags/stocks/scripts/manager.py", line 23, in fetch_data
    postgresHook.insert_rows(table="stocks", rows=rows,
  File "/home/airflow/.local/lib/python3.12/site-packages/airflow/providers/common/sql/hooks/sql.py", line 893, in insert_rows
    cur.executemany(sql, values)
psycopg2.errors.UniqueViolation: duplicate key value violates unique constraint "stocks_pkey"
DETAIL:  Key (ticker, date)=(TSLA, 2026-01-20) already exists.

[2026-02-19T16:07:09.489+0000] {taskinstance.py:1206} INFO - Marking task as FAILED. dag_id=dag_moex, task_id=task_TSLA, run_id=scheduled__2026-01-21T00:00:00+00:00, execution_date=20260121T000000, start_date=20260219T160708, end_date=20260219T160709
[2026-02-19T16:07:09.499+0000] {standard_task_runner.py:110} ERROR - Failed to execute job 1735 for task task_TSLA (duplicate key value violates unique constraint "stocks_pkey"
DETAIL:  Key (ticker, date)=(TSLA, 2026-01-20) already exists.
; 34817)
[2026-02-19T16:07:09.528+0000] {local_task_job_runner.py:243} INFO - Task exited with return code 1
[2026-02-19T16:07:09.543+0000] {taskinstance.py:3503} INFO - 0 downstream tasks scheduled from follow-on schedule check
[2026-02-19T16:07:09.549+0000] {local_task_job_runner.py:222} INFO - ::endgroup::
[2026-02-19T16:14:26.421+0000] {local_task_job_runner.py:120} INFO - ::group::Pre task execution logs
[2026-02-19T16:14:26.457+0000] {taskinstance.py:2076} INFO - Dependencies all met for dep_context=non-requeueable deps ti=<TaskInstance: dag_moex.task_TSLA scheduled__2026-01-21T00:00:00+00:00 [queued]>
[2026-02-19T16:14:26.466+0000] {taskinstance.py:2076} INFO - Dependencies all met for dep_context=requeueable deps ti=<TaskInstance: dag_moex.task_TSLA scheduled__2026-01-21T00:00:00+00:00 [queued]>
[2026-02-19T16:14:26.467+0000] {taskinstance.py:2306} INFO - Starting attempt 1 of 1
[2026-02-19T16:14:26.483+0000] {taskinstance.py:2330} INFO - Executing <Task(PythonOperator): task_TSLA> on 2026-01-21 00:00:00+00:00
[2026-02-19T16:14:26.498+0000] {logging_mixin.py:188} WARNING - /home/***/.local/lib/python3.12/site-packages/***/task/task_runner/standard_task_runner.py:62 DeprecationWarning: This process (pid=35115) is multi-threaded, use of fork() may lead to deadlocks in the child.
[2026-02-19T16:14:26.499+0000] {standard_task_runner.py:64} INFO - Started process 35133 to run task
[2026-02-19T16:14:26.498+0000] {standard_task_runner.py:90} INFO - Running: ['***', 'tasks', 'run', 'dag_moex', 'task_TSLA', 'scheduled__2026-01-21T00:00:00+00:00', '--job-id', '1770', '--raw', '--subdir', 'DAGS_FOLDER/stocks/dag1.py', '--cfg-path', '/tmp/tmplqg07t0w']
[2026-02-19T16:14:26.501+0000] {standard_task_runner.py:91} INFO - Job 1770: Subtask task_TSLA
[2026-02-19T16:14:26.556+0000] {task_command.py:426} INFO - Running <TaskInstance: dag_moex.task_TSLA scheduled__2026-01-21T00:00:00+00:00 [running]> on host cc036e7caf02
[2026-02-19T16:14:26.675+0000] {taskinstance.py:2648} INFO - Exporting env vars: AIRFLOW_CTX_DAG_OWNER='***' AIRFLOW_CTX_DAG_ID='dag_moex' AIRFLOW_CTX_TASK_ID='task_TSLA' AIRFLOW_CTX_EXECUTION_DATE='2026-01-21T00:00:00+00:00' AIRFLOW_CTX_TRY_NUMBER='1' AIRFLOW_CTX_DAG_RUN_ID='scheduled__2026-01-21T00:00:00+00:00'
[2026-02-19T16:14:26.677+0000] {taskinstance.py:430} INFO - ::endgroup::
[2026-02-19T16:14:26.694+0000] {logging_mixin.py:188} WARNING - /opt/***/dags/stocks/scripts/api.py:9 FutureWarning: YF.download() has changed argument auto_adjust default to True
[2026-02-19T16:14:26.707+0000] {logging_mixin.py:188} WARNING - /home/***/.local/lib/python3.12/site-packages/yfinance/scrapers/history.py:204 Pandas4Warning: Timestamp.utcnow is deprecated and will be removed in a future version. Use Timestamp.now('UTC') instead.
[2026-02-19T16:14:27.490+0000] {logging_mixin.py:188} WARNING - [*********************100%***********************]  1 of 1 completed
[2026-02-19T16:14:27.519+0000] {base.py:84} INFO - Using connection ID 'pg_1' for task execution.
[2026-02-19T16:14:27.520+0000] {sql.py:254} WARNING - This setter is for backward compatibility and should not be used.
Since the introduction of connection property, the providers listed below breaks due to assigning value to self.connection in their __init__ method.
* apache-***-providers-mysql<5.7.1
* apache-***-providers-elasticsearch<5.5.1
* apache-***-providers-postgres<5.13.0
[2026-02-19T16:14:27.524+0000] {manager.py:26} INFO - [['TSLA', Timestamp('2026-01-20 00:00:00'), 419.25, 430.7300109863281, 417.44000244140625, 429.3599853515625, 63187300], ['TSLA', Timestamp('2026-01-21 00:00:00'), 431.44000244140625, 438.20001220703125, 419.6199951171875, 421.6600036621094, 68124000]]
[2026-02-19T16:14:27.530+0000] {python.py:237} INFO - Done. Returned value was: None
[2026-02-19T16:14:27.531+0000] {taskinstance.py:441} INFO - ::group::Post task execution logs
[2026-02-19T16:14:27.541+0000] {taskinstance.py:1206} INFO - Marking task as SUCCESS. dag_id=dag_moex, task_id=task_TSLA, run_id=scheduled__2026-01-21T00:00:00+00:00, execution_date=20260121T000000, start_date=20260219T161426, end_date=20260219T161427
[2026-02-19T16:14:27.597+0000] {local_task_job_runner.py:243} INFO - Task exited with return code 0
[2026-02-19T16:14:27.610+0000] {taskinstance.py:3503} INFO - 0 downstream tasks scheduled from follow-on schedule check
[2026-02-19T16:14:27.612+0000] {local_task_job_runner.py:222} INFO - ::endgroup::
[2026-02-19T16:18:48.886+0000] {local_task_job_runner.py:120} INFO - ::group::Pre task execution logs
[2026-02-19T16:18:48.921+0000] {taskinstance.py:2076} INFO - Dependencies all met for dep_context=non-requeueable deps ti=<TaskInstance: dag_moex.task_TSLA scheduled__2026-01-21T00:00:00+00:00 [queued]>
[2026-02-19T16:18:48.929+0000] {taskinstance.py:2076} INFO - Dependencies all met for dep_context=requeueable deps ti=<TaskInstance: dag_moex.task_TSLA scheduled__2026-01-21T00:00:00+00:00 [queued]>
[2026-02-19T16:18:48.929+0000] {taskinstance.py:2306} INFO - Starting attempt 1 of 1
[2026-02-19T16:18:48.939+0000] {taskinstance.py:2330} INFO - Executing <Task(PythonOperator): task_TSLA> on 2026-01-21 00:00:00+00:00
[2026-02-19T16:18:48.946+0000] {logging_mixin.py:188} WARNING - /home/***/.local/lib/python3.12/site-packages/***/task/task_runner/standard_task_runner.py:62 DeprecationWarning: This process (pid=35358) is multi-threaded, use of fork() may lead to deadlocks in the child.
[2026-02-19T16:18:48.947+0000] {standard_task_runner.py:64} INFO - Started process 35360 to run task
[2026-02-19T16:18:48.946+0000] {standard_task_runner.py:90} INFO - Running: ['***', 'tasks', 'run', 'dag_moex', 'task_TSLA', 'scheduled__2026-01-21T00:00:00+00:00', '--job-id', '1805', '--raw', '--subdir', 'DAGS_FOLDER/stocks/dag1.py', '--cfg-path', '/tmp/tmpr5b9ukhv']
[2026-02-19T16:18:48.948+0000] {standard_task_runner.py:91} INFO - Job 1805: Subtask task_TSLA
[2026-02-19T16:18:48.989+0000] {task_command.py:426} INFO - Running <TaskInstance: dag_moex.task_TSLA scheduled__2026-01-21T00:00:00+00:00 [running]> on host cc036e7caf02
[2026-02-19T16:18:49.059+0000] {taskinstance.py:2648} INFO - Exporting env vars: AIRFLOW_CTX_DAG_OWNER='***' AIRFLOW_CTX_DAG_ID='dag_moex' AIRFLOW_CTX_TASK_ID='task_TSLA' AIRFLOW_CTX_EXECUTION_DATE='2026-01-21T00:00:00+00:00' AIRFLOW_CTX_TRY_NUMBER='1' AIRFLOW_CTX_DAG_RUN_ID='scheduled__2026-01-21T00:00:00+00:00'
[2026-02-19T16:18:49.060+0000] {taskinstance.py:430} INFO - ::endgroup::
[2026-02-19T16:18:49.070+0000] {logging_mixin.py:188} WARNING - /opt/***/dags/stocks/scripts/api.py:9 FutureWarning: YF.download() has changed argument auto_adjust default to True
[2026-02-19T16:18:49.079+0000] {logging_mixin.py:188} WARNING - /home/***/.local/lib/python3.12/site-packages/yfinance/scrapers/history.py:204 Pandas4Warning: Timestamp.utcnow is deprecated and will be removed in a future version. Use Timestamp.now('UTC') instead.
[2026-02-19T16:18:49.753+0000] {logging_mixin.py:188} WARNING - [*********************100%***********************]  1 of 1 completed
[2026-02-19T16:18:49.772+0000] {base.py:84} INFO - Using connection ID 'pg_1' for task execution.
[2026-02-19T16:18:49.772+0000] {sql.py:254} WARNING - This setter is for backward compatibility and should not be used.
Since the introduction of connection property, the providers listed below breaks due to assigning value to self.connection in their __init__ method.
* apache-***-providers-mysql<5.7.1
* apache-***-providers-elasticsearch<5.5.1
* apache-***-providers-postgres<5.13.0
[2026-02-19T16:18:49.777+0000] {manager.py:26} INFO - [['TSLA', Timestamp('2026-01-20 00:00:00'), 419.25, 430.7300109863281, 417.44000244140625, 429.3599853515625, 63187300], ['TSLA', Timestamp('2026-01-21 00:00:00'), 431.44000244140625, 438.20001220703125, 419.6199951171875, 421.6600036621094, 68124000]]
[2026-02-19T16:18:49.782+0000] {python.py:237} INFO - Done. Returned value was: None
[2026-02-19T16:18:49.782+0000] {taskinstance.py:441} INFO - ::group::Post task execution logs
[2026-02-19T16:18:49.790+0000] {taskinstance.py:1206} INFO - Marking task as SUCCESS. dag_id=dag_moex, task_id=task_TSLA, run_id=scheduled__2026-01-21T00:00:00+00:00, execution_date=20260121T000000, start_date=20260219T161848, end_date=20260219T161849
[2026-02-19T16:18:49.844+0000] {local_task_job_runner.py:243} INFO - Task exited with return code 0
[2026-02-19T16:18:49.859+0000] {taskinstance.py:3503} INFO - 0 downstream tasks scheduled from follow-on schedule check
[2026-02-19T16:18:49.861+0000] {local_task_job_runner.py:222} INFO - ::endgroup::
[2026-02-19T16:33:03.605+0000] {local_task_job_runner.py:120} INFO - ::group::Pre task execution logs
[2026-02-19T16:33:03.631+0000] {taskinstance.py:2076} INFO - Dependencies all met for dep_context=non-requeueable deps ti=<TaskInstance: dag_moex.task_TSLA scheduled__2026-01-21T00:00:00+00:00 [queued]>
[2026-02-19T16:33:03.639+0000] {taskinstance.py:2076} INFO - Dependencies all met for dep_context=requeueable deps ti=<TaskInstance: dag_moex.task_TSLA scheduled__2026-01-21T00:00:00+00:00 [queued]>
[2026-02-19T16:33:03.640+0000] {taskinstance.py:2306} INFO - Starting attempt 1 of 1
[2026-02-19T16:33:03.652+0000] {taskinstance.py:2330} INFO - Executing <Task(PythonOperator): task_TSLA> on 2026-01-21 00:00:00+00:00
[2026-02-19T16:33:03.660+0000] {logging_mixin.py:188} WARNING - /home/***/.local/lib/python3.12/site-packages/***/task/task_runner/standard_task_runner.py:62 DeprecationWarning: This process (pid=35854) is multi-threaded, use of fork() may lead to deadlocks in the child.
[2026-02-19T16:33:03.661+0000] {standard_task_runner.py:64} INFO - Started process 35856 to run task
[2026-02-19T16:33:03.660+0000] {standard_task_runner.py:90} INFO - Running: ['***', 'tasks', 'run', 'dag_moex', 'task_TSLA', 'scheduled__2026-01-21T00:00:00+00:00', '--job-id', '1845', '--raw', '--subdir', 'DAGS_FOLDER/stocks/dag1.py', '--cfg-path', '/tmp/tmpiy2uu2mx']
[2026-02-19T16:33:03.661+0000] {standard_task_runner.py:91} INFO - Job 1845: Subtask task_TSLA
[2026-02-19T16:33:03.693+0000] {task_command.py:426} INFO - Running <TaskInstance: dag_moex.task_TSLA scheduled__2026-01-21T00:00:00+00:00 [running]> on host cc036e7caf02
[2026-02-19T16:33:03.761+0000] {taskinstance.py:2648} INFO - Exporting env vars: AIRFLOW_CTX_DAG_OWNER='***' AIRFLOW_CTX_DAG_ID='dag_moex' AIRFLOW_CTX_TASK_ID='task_TSLA' AIRFLOW_CTX_EXECUTION_DATE='2026-01-21T00:00:00+00:00' AIRFLOW_CTX_TRY_NUMBER='1' AIRFLOW_CTX_DAG_RUN_ID='scheduled__2026-01-21T00:00:00+00:00'
[2026-02-19T16:33:03.762+0000] {taskinstance.py:430} INFO - ::endgroup::
[2026-02-19T16:33:03.771+0000] {logging_mixin.py:188} WARNING - /opt/***/dags/stocks/scripts/api.py:9 FutureWarning: YF.download() has changed argument auto_adjust default to True
[2026-02-19T16:33:03.777+0000] {logging_mixin.py:188} WARNING - /home/***/.local/lib/python3.12/site-packages/yfinance/scrapers/history.py:204 Pandas4Warning: Timestamp.utcnow is deprecated and will be removed in a future version. Use Timestamp.now('UTC') instead.
[2026-02-19T16:33:04.414+0000] {logging_mixin.py:188} WARNING - [*********************100%***********************]  1 of 1 completed
[2026-02-19T16:33:04.426+0000] {python.py:237} INFO - Done. Returned value was: None
[2026-02-19T16:33:04.427+0000] {taskinstance.py:441} INFO - ::group::Post task execution logs
[2026-02-19T16:33:04.433+0000] {taskinstance.py:1206} INFO - Marking task as SUCCESS. dag_id=dag_moex, task_id=task_TSLA, run_id=scheduled__2026-01-21T00:00:00+00:00, execution_date=20260121T000000, start_date=20260219T163303, end_date=20260219T163304
[2026-02-19T16:33:04.476+0000] {local_task_job_runner.py:243} INFO - Task exited with return code 0
[2026-02-19T16:33:04.490+0000] {taskinstance.py:3503} INFO - 0 downstream tasks scheduled from follow-on schedule check
[2026-02-19T16:33:04.503+0000] {local_task_job_runner.py:222} INFO - ::endgroup::
[2026-02-23T03:51:44.001+0000] {local_task_job_runner.py:120} INFO - ::group::Pre task execution logs
[2026-02-23T03:51:44.026+0000] {taskinstance.py:2076} INFO - Dependencies all met for dep_context=non-requeueable deps ti=<TaskInstance: dag_moex.task_TSLA scheduled__2026-01-21T00:00:00+00:00 [queued]>
[2026-02-23T03:51:44.033+0000] {taskinstance.py:2076} INFO - Dependencies all met for dep_context=requeueable deps ti=<TaskInstance: dag_moex.task_TSLA scheduled__2026-01-21T00:00:00+00:00 [queued]>
[2026-02-23T03:51:44.033+0000] {taskinstance.py:2306} INFO - Starting attempt 1 of 1
[2026-02-23T03:51:44.043+0000] {taskinstance.py:2330} INFO - Executing <Task(PythonOperator): task_TSLA> on 2026-01-21 00:00:00+00:00
[2026-02-23T03:51:44.051+0000] {logging_mixin.py:188} WARNING - /home/***/.local/lib/python3.12/site-packages/***/task/task_runner/standard_task_runner.py:62 DeprecationWarning: This process (pid=1355) is multi-threaded, use of fork() may lead to deadlocks in the child.
[2026-02-23T03:51:44.053+0000] {standard_task_runner.py:64} INFO - Started process 1371 to run task
[2026-02-23T03:51:44.051+0000] {standard_task_runner.py:90} INFO - Running: ['***', 'tasks', 'run', 'dag_moex', 'task_TSLA', 'scheduled__2026-01-21T00:00:00+00:00', '--job-id', '1999', '--raw', '--subdir', 'DAGS_FOLDER/stocks/dag1.py', '--cfg-path', '/tmp/tmpcjtk7z71']
[2026-02-23T03:51:44.053+0000] {standard_task_runner.py:91} INFO - Job 1999: Subtask task_TSLA
[2026-02-23T03:51:44.093+0000] {task_command.py:426} INFO - Running <TaskInstance: dag_moex.task_TSLA scheduled__2026-01-21T00:00:00+00:00 [running]> on host c6ea4dedb566
[2026-02-23T03:51:44.162+0000] {taskinstance.py:2648} INFO - Exporting env vars: AIRFLOW_CTX_DAG_OWNER='***' AIRFLOW_CTX_DAG_ID='dag_moex' AIRFLOW_CTX_TASK_ID='task_TSLA' AIRFLOW_CTX_EXECUTION_DATE='2026-01-21T00:00:00+00:00' AIRFLOW_CTX_TRY_NUMBER='1' AIRFLOW_CTX_DAG_RUN_ID='scheduled__2026-01-21T00:00:00+00:00'
[2026-02-23T03:51:44.163+0000] {taskinstance.py:430} INFO - ::endgroup::
[2026-02-23T03:51:44.173+0000] {logging_mixin.py:188} WARNING - /opt/***/dags/stocks/scripts/api.py:9 FutureWarning: YF.download() has changed argument auto_adjust default to True
[2026-02-23T03:51:44.181+0000] {logging_mixin.py:188} WARNING - /home/***/.local/lib/python3.12/site-packages/yfinance/scrapers/history.py:204 Pandas4Warning: Timestamp.utcnow is deprecated and will be removed in a future version. Use Timestamp.now('UTC') instead.
[2026-02-23T03:51:44.825+0000] {logging_mixin.py:188} WARNING - [*********************100%***********************]  1 of 1 completed
[2026-02-23T03:51:44.840+0000] {base.py:84} INFO - Using connection ID 'pg_1' for task execution.
[2026-02-23T03:51:44.841+0000] {sql.py:254} WARNING - This setter is for backward compatibility and should not be used.
Since the introduction of connection property, the providers listed below breaks due to assigning value to self.connection in their __init__ method.
* apache-***-providers-mysql<5.7.1
* apache-***-providers-elasticsearch<5.5.1
* apache-***-providers-postgres<5.13.0
[2026-02-23T03:51:44.845+0000] {sql.py:896} INFO - Loaded 1 rows into stocks so far
[2026-02-23T03:51:44.845+0000] {sql.py:908} INFO - Done loading. Loaded a total of 1 rows into stocks
[2026-02-23T03:51:44.850+0000] {python.py:237} INFO - Done. Returned value was: None
[2026-02-23T03:51:44.853+0000] {taskinstance.py:441} INFO - ::group::Post task execution logs
[2026-02-23T03:51:44.861+0000] {taskinstance.py:1206} INFO - Marking task as SUCCESS. dag_id=dag_moex, task_id=task_TSLA, run_id=scheduled__2026-01-21T00:00:00+00:00, execution_date=20260121T000000, start_date=20260223T035144, end_date=20260223T035144
[2026-02-23T03:51:44.909+0000] {local_task_job_runner.py:243} INFO - Task exited with return code 0
[2026-02-23T03:51:44.922+0000] {taskinstance.py:3503} INFO - 0 downstream tasks scheduled from follow-on schedule check
[2026-02-23T03:51:44.924+0000] {local_task_job_runner.py:222} INFO - ::endgroup::
[2026-02-23T03:55:42.140+0000] {local_task_job_runner.py:120} INFO - ::group::Pre task execution logs
[2026-02-23T03:55:42.161+0000] {taskinstance.py:2076} INFO - Dependencies all met for dep_context=non-requeueable deps ti=<TaskInstance: dag_moex.task_TSLA scheduled__2026-01-21T00:00:00+00:00 [queued]>
[2026-02-23T03:55:42.166+0000] {taskinstance.py:2076} INFO - Dependencies all met for dep_context=requeueable deps ti=<TaskInstance: dag_moex.task_TSLA scheduled__2026-01-21T00:00:00+00:00 [queued]>
[2026-02-23T03:55:42.166+0000] {taskinstance.py:2306} INFO - Starting attempt 1 of 1
[2026-02-23T03:55:42.175+0000] {taskinstance.py:2330} INFO - Executing <Task(PythonOperator): task_TSLA> on 2026-01-21 00:00:00+00:00
[2026-02-23T03:55:42.182+0000] {logging_mixin.py:188} WARNING - /home/***/.local/lib/python3.12/site-packages/***/task/task_runner/standard_task_runner.py:62 DeprecationWarning: This process (pid=1693) is multi-threaded, use of fork() may lead to deadlocks in the child.
[2026-02-23T03:55:42.181+0000] {standard_task_runner.py:90} INFO - Running: ['***', 'tasks', 'run', 'dag_moex', 'task_TSLA', 'scheduled__2026-01-21T00:00:00+00:00', '--job-id', '2054', '--raw', '--subdir', 'DAGS_FOLDER/stocks/dag1.py', '--cfg-path', '/tmp/tmpwp9e5o5x']
[2026-02-23T03:55:42.183+0000] {standard_task_runner.py:64} INFO - Started process 1695 to run task
[2026-02-23T03:55:42.183+0000] {standard_task_runner.py:91} INFO - Job 2054: Subtask task_TSLA
[2026-02-23T03:55:42.214+0000] {task_command.py:426} INFO - Running <TaskInstance: dag_moex.task_TSLA scheduled__2026-01-21T00:00:00+00:00 [running]> on host c6ea4dedb566
[2026-02-23T03:55:42.272+0000] {taskinstance.py:2648} INFO - Exporting env vars: AIRFLOW_CTX_DAG_OWNER='***' AIRFLOW_CTX_DAG_ID='dag_moex' AIRFLOW_CTX_TASK_ID='task_TSLA' AIRFLOW_CTX_EXECUTION_DATE='2026-01-21T00:00:00+00:00' AIRFLOW_CTX_TRY_NUMBER='1' AIRFLOW_CTX_DAG_RUN_ID='scheduled__2026-01-21T00:00:00+00:00'
[2026-02-23T03:55:42.273+0000] {taskinstance.py:430} INFO - ::endgroup::
[2026-02-23T03:55:42.283+0000] {logging_mixin.py:188} WARNING - /opt/***/dags/stocks/scripts/api.py:9 FutureWarning: YF.download() has changed argument auto_adjust default to True
[2026-02-23T03:55:42.288+0000] {logging_mixin.py:188} WARNING - /home/***/.local/lib/python3.12/site-packages/yfinance/scrapers/history.py:204 Pandas4Warning: Timestamp.utcnow is deprecated and will be removed in a future version. Use Timestamp.now('UTC') instead.
[2026-02-23T03:55:43.191+0000] {logging_mixin.py:188} WARNING - [*********************100%***********************]  1 of 1 completed
[2026-02-23T03:55:43.206+0000] {base.py:84} INFO - Using connection ID 'pg_1' for task execution.
[2026-02-23T03:55:43.207+0000] {sql.py:254} WARNING - This setter is for backward compatibility and should not be used.
Since the introduction of connection property, the providers listed below breaks due to assigning value to self.connection in their __init__ method.
* apache-***-providers-mysql<5.7.1
* apache-***-providers-elasticsearch<5.5.1
* apache-***-providers-postgres<5.13.0
[2026-02-23T03:55:43.225+0000] {sql.py:896} INFO - Loaded 1 rows into stocks so far
[2026-02-23T03:55:43.225+0000] {sql.py:908} INFO - Done loading. Loaded a total of 1 rows into stocks
[2026-02-23T03:55:43.231+0000] {python.py:237} INFO - Done. Returned value was: None
[2026-02-23T03:55:43.231+0000] {taskinstance.py:441} INFO - ::group::Post task execution logs
[2026-02-23T03:55:43.238+0000] {taskinstance.py:1206} INFO - Marking task as SUCCESS. dag_id=dag_moex, task_id=task_TSLA, run_id=scheduled__2026-01-21T00:00:00+00:00, execution_date=20260121T000000, start_date=20260223T035542, end_date=20260223T035543
[2026-02-23T03:55:43.281+0000] {local_task_job_runner.py:243} INFO - Task exited with return code 0
[2026-02-23T03:55:43.292+0000] {taskinstance.py:3503} INFO - 0 downstream tasks scheduled from follow-on schedule check
[2026-02-23T03:55:43.293+0000] {local_task_job_runner.py:222} INFO - ::endgroup::
