[2026-02-18T07:12:48.148+0000] {local_task_job_runner.py:120} INFO - ::group::Pre task execution logs
[2026-02-18T07:12:48.220+0000] {taskinstance.py:2076} INFO - Dependencies all met for dep_context=non-requeueable deps ti=<TaskInstance: dag_moex.task_TSLA scheduled__2026-01-10T00:00:00+00:00 [queued]>
[2026-02-18T07:12:48.235+0000] {taskinstance.py:2076} INFO - Dependencies all met for dep_context=requeueable deps ti=<TaskInstance: dag_moex.task_TSLA scheduled__2026-01-10T00:00:00+00:00 [queued]>
[2026-02-18T07:12:48.237+0000] {taskinstance.py:2306} INFO - Starting attempt 1 of 1
[2026-02-18T07:12:48.275+0000] {taskinstance.py:2330} INFO - Executing <Task(PythonOperator): task_TSLA> on 2026-01-10 00:00:00+00:00
[2026-02-18T07:12:48.291+0000] {standard_task_runner.py:90} INFO - Running: ['***', 'tasks', 'run', 'dag_moex', 'task_TSLA', 'scheduled__2026-01-10T00:00:00+00:00', '--job-id', '393', '--raw', '--subdir', 'DAGS_FOLDER/stocks/dag1.py', '--cfg-path', '/tmp/tmpm626yo47']
[2026-02-18T07:12:48.297+0000] {standard_task_runner.py:91} INFO - Job 393: Subtask task_TSLA
[2026-02-18T07:12:48.296+0000] {logging_mixin.py:188} WARNING - /home/***/.local/lib/python3.12/site-packages/***/task/task_runner/standard_task_runner.py:62 DeprecationWarning: This process (pid=1346) is multi-threaded, use of fork() may lead to deadlocks in the child.
[2026-02-18T07:12:48.300+0000] {standard_task_runner.py:64} INFO - Started process 1373 to run task
[2026-02-18T07:12:48.432+0000] {task_command.py:426} INFO - Running <TaskInstance: dag_moex.task_TSLA scheduled__2026-01-10T00:00:00+00:00 [running]> on host cc036e7caf02
[2026-02-18T07:12:48.618+0000] {taskinstance.py:2648} INFO - Exporting env vars: AIRFLOW_CTX_DAG_OWNER='***' AIRFLOW_CTX_DAG_ID='dag_moex' AIRFLOW_CTX_TASK_ID='task_TSLA' AIRFLOW_CTX_EXECUTION_DATE='2026-01-10T00:00:00+00:00' AIRFLOW_CTX_TRY_NUMBER='1' AIRFLOW_CTX_DAG_RUN_ID='scheduled__2026-01-10T00:00:00+00:00'
[2026-02-18T07:12:48.625+0000] {taskinstance.py:430} INFO - ::endgroup::
[2026-02-18T07:12:48.645+0000] {manager.py:8} INFO - log
[2026-02-18T07:12:48.649+0000] {logging_mixin.py:188} WARNING - /opt/***/dags/stocks/scripts/api.py:9 FutureWarning: YF.download() has changed argument auto_adjust default to True
[2026-02-18T07:12:48.665+0000] {logging_mixin.py:188} WARNING - /home/***/.local/lib/python3.12/site-packages/yfinance/scrapers/history.py:204 Pandas4Warning: Timestamp.utcnow is deprecated and will be removed in a future version. Use Timestamp.now('UTC') instead.
[2026-02-18T07:12:49.512+0000] {logging_mixin.py:188} WARNING - [*********************100%***********************]  1 of 1 completed
[2026-02-18T07:12:49.521+0000] {manager.py:10} INFO - Empty DataFrame
Columns: [(Close, TSLA), (High, TSLA), (Low, TSLA), (Open, TSLA), (Volume, TSLA)]
Index: []
[2026-02-18T07:12:49.527+0000] {python.py:237} INFO - Done. Returned value was: None
[2026-02-18T07:12:49.527+0000] {taskinstance.py:441} INFO - ::group::Post task execution logs
[2026-02-18T07:12:49.534+0000] {taskinstance.py:1206} INFO - Marking task as SUCCESS. dag_id=dag_moex, task_id=task_TSLA, run_id=scheduled__2026-01-10T00:00:00+00:00, execution_date=20260110T000000, start_date=20260218T071248, end_date=20260218T071249
[2026-02-18T07:12:49.574+0000] {local_task_job_runner.py:243} INFO - Task exited with return code 0
[2026-02-18T07:12:49.591+0000] {taskinstance.py:3503} INFO - 0 downstream tasks scheduled from follow-on schedule check
[2026-02-18T07:12:49.593+0000] {local_task_job_runner.py:222} INFO - ::endgroup::
[2026-02-19T14:09:26.267+0000] {local_task_job_runner.py:120} INFO - ::group::Pre task execution logs
[2026-02-19T14:09:26.293+0000] {taskinstance.py:2076} INFO - Dependencies all met for dep_context=non-requeueable deps ti=<TaskInstance: dag_moex.task_TSLA scheduled__2026-01-10T00:00:00+00:00 [queued]>
[2026-02-19T14:09:26.299+0000] {taskinstance.py:2076} INFO - Dependencies all met for dep_context=requeueable deps ti=<TaskInstance: dag_moex.task_TSLA scheduled__2026-01-10T00:00:00+00:00 [queued]>
[2026-02-19T14:09:26.300+0000] {taskinstance.py:2306} INFO - Starting attempt 1 of 1
[2026-02-19T14:09:26.311+0000] {taskinstance.py:2330} INFO - Executing <Task(PythonOperator): task_TSLA> on 2026-01-10 00:00:00+00:00
[2026-02-19T14:09:26.319+0000] {logging_mixin.py:188} WARNING - /home/***/.local/lib/python3.12/site-packages/***/task/task_runner/standard_task_runner.py:62 DeprecationWarning: This process (pid=29915) is multi-threaded, use of fork() may lead to deadlocks in the child.
[2026-02-19T14:09:26.319+0000] {standard_task_runner.py:90} INFO - Running: ['***', 'tasks', 'run', 'dag_moex', 'task_TSLA', 'scheduled__2026-01-10T00:00:00+00:00', '--job-id', '970', '--raw', '--subdir', 'DAGS_FOLDER/stocks/dag1.py', '--cfg-path', '/tmp/tmpnvsnyzpk']
[2026-02-19T14:09:26.321+0000] {standard_task_runner.py:64} INFO - Started process 29941 to run task
[2026-02-19T14:09:26.321+0000] {standard_task_runner.py:91} INFO - Job 970: Subtask task_TSLA
[2026-02-19T14:09:26.356+0000] {task_command.py:426} INFO - Running <TaskInstance: dag_moex.task_TSLA scheduled__2026-01-10T00:00:00+00:00 [running]> on host cc036e7caf02
[2026-02-19T14:09:26.420+0000] {taskinstance.py:2648} INFO - Exporting env vars: AIRFLOW_CTX_DAG_OWNER='***' AIRFLOW_CTX_DAG_ID='dag_moex' AIRFLOW_CTX_TASK_ID='task_TSLA' AIRFLOW_CTX_EXECUTION_DATE='2026-01-10T00:00:00+00:00' AIRFLOW_CTX_TRY_NUMBER='1' AIRFLOW_CTX_DAG_RUN_ID='scheduled__2026-01-10T00:00:00+00:00'
[2026-02-19T14:09:26.421+0000] {taskinstance.py:430} INFO - ::endgroup::
[2026-02-19T14:09:26.430+0000] {logging_mixin.py:188} WARNING - /opt/***/dags/stocks/scripts/api.py:9 FutureWarning: YF.download() has changed argument auto_adjust default to True
[2026-02-19T14:09:26.437+0000] {logging_mixin.py:188} WARNING - /home/***/.local/lib/python3.12/site-packages/yfinance/scrapers/history.py:204 Pandas4Warning: Timestamp.utcnow is deprecated and will be removed in a future version. Use Timestamp.now('UTC') instead.
[2026-02-19T14:09:27.174+0000] {logging_mixin.py:188} WARNING - [*********************100%***********************]  1 of 1 completed
[2026-02-19T14:09:27.191+0000] {api.py:10} INFO - Выгрузилось
    __________________________
    Price           Close        High         Low        Open    Volume
Ticker           TSLA        TSLA        TSLA        TSLA      TSLA
Date                                                               
2026-01-09  445.01001  449.049988  430.390015  435.950012  67331500
    __________________________
    
[2026-02-19T14:09:27.192+0000] {api.py:16} INFO - start=2026-01-09, end=2026-01-11
[2026-02-19T14:09:27.193+0000] {api.py:17} INFO - После удаления
    __________________________
    Empty DataFrame
Columns: [(Close, TSLA), (High, TSLA), (Low, TSLA), (Open, TSLA), (Volume, TSLA)]
Index: []
    __________________________
    
[2026-02-19T14:09:27.203+0000] {base.py:84} INFO - Using connection ID 'pg_1' for task execution.
[2026-02-19T14:09:27.204+0000] {sql.py:254} WARNING - This setter is for backward compatibility and should not be used.
Since the introduction of connection property, the providers listed below breaks due to assigning value to self.connection in their __init__ method.
* apache-***-providers-mysql<5.7.1
* apache-***-providers-elasticsearch<5.5.1
* apache-***-providers-postgres<5.13.0
[2026-02-19T14:09:27.207+0000] {sql.py:908} INFO - Done loading. Loaded a total of 0 rows into stocks
[2026-02-19T14:09:27.211+0000] {python.py:237} INFO - Done. Returned value was: None
[2026-02-19T14:09:27.212+0000] {taskinstance.py:441} INFO - ::group::Post task execution logs
[2026-02-19T14:09:27.218+0000] {taskinstance.py:1206} INFO - Marking task as SUCCESS. dag_id=dag_moex, task_id=task_TSLA, run_id=scheduled__2026-01-10T00:00:00+00:00, execution_date=20260110T000000, start_date=20260219T140926, end_date=20260219T140927
[2026-02-19T14:09:27.256+0000] {local_task_job_runner.py:243} INFO - Task exited with return code 0
[2026-02-19T14:09:27.275+0000] {taskinstance.py:3503} INFO - 0 downstream tasks scheduled from follow-on schedule check
[2026-02-19T14:09:27.277+0000] {local_task_job_runner.py:222} INFO - ::endgroup::
[2026-02-19T14:10:28.520+0000] {local_task_job_runner.py:120} INFO - ::group::Pre task execution logs
[2026-02-19T14:10:28.550+0000] {taskinstance.py:2076} INFO - Dependencies all met for dep_context=non-requeueable deps ti=<TaskInstance: dag_moex.task_TSLA scheduled__2026-01-10T00:00:00+00:00 [queued]>
[2026-02-19T14:10:28.558+0000] {taskinstance.py:2076} INFO - Dependencies all met for dep_context=requeueable deps ti=<TaskInstance: dag_moex.task_TSLA scheduled__2026-01-10T00:00:00+00:00 [queued]>
[2026-02-19T14:10:28.559+0000] {taskinstance.py:2306} INFO - Starting attempt 1 of 1
[2026-02-19T14:10:28.570+0000] {taskinstance.py:2330} INFO - Executing <Task(PythonOperator): task_TSLA> on 2026-01-10 00:00:00+00:00
[2026-02-19T14:10:28.578+0000] {logging_mixin.py:188} WARNING - /home/***/.local/lib/python3.12/site-packages/***/task/task_runner/standard_task_runner.py:62 DeprecationWarning: This process (pid=30083) is multi-threaded, use of fork() may lead to deadlocks in the child.
[2026-02-19T14:10:28.579+0000] {standard_task_runner.py:64} INFO - Started process 30111 to run task
[2026-02-19T14:10:28.578+0000] {standard_task_runner.py:90} INFO - Running: ['***', 'tasks', 'run', 'dag_moex', 'task_TSLA', 'scheduled__2026-01-10T00:00:00+00:00', '--job-id', '1008', '--raw', '--subdir', 'DAGS_FOLDER/stocks/dag1.py', '--cfg-path', '/tmp/tmp192wph8o']
[2026-02-19T14:10:28.580+0000] {standard_task_runner.py:91} INFO - Job 1008: Subtask task_TSLA
[2026-02-19T14:10:28.617+0000] {task_command.py:426} INFO - Running <TaskInstance: dag_moex.task_TSLA scheduled__2026-01-10T00:00:00+00:00 [running]> on host cc036e7caf02
[2026-02-19T14:10:28.690+0000] {taskinstance.py:2648} INFO - Exporting env vars: AIRFLOW_CTX_DAG_OWNER='***' AIRFLOW_CTX_DAG_ID='dag_moex' AIRFLOW_CTX_TASK_ID='task_TSLA' AIRFLOW_CTX_EXECUTION_DATE='2026-01-10T00:00:00+00:00' AIRFLOW_CTX_TRY_NUMBER='1' AIRFLOW_CTX_DAG_RUN_ID='scheduled__2026-01-10T00:00:00+00:00'
[2026-02-19T14:10:28.691+0000] {taskinstance.py:430} INFO - ::endgroup::
[2026-02-19T14:10:28.703+0000] {logging_mixin.py:188} WARNING - /opt/***/dags/stocks/scripts/api.py:9 FutureWarning: YF.download() has changed argument auto_adjust default to True
[2026-02-19T14:10:28.710+0000] {logging_mixin.py:188} WARNING - /home/***/.local/lib/python3.12/site-packages/yfinance/scrapers/history.py:204 Pandas4Warning: Timestamp.utcnow is deprecated and will be removed in a future version. Use Timestamp.now('UTC') instead.
[2026-02-19T14:10:29.416+0000] {logging_mixin.py:188} WARNING - [*********************100%***********************]  1 of 1 completed
[2026-02-19T14:10:29.439+0000] {api.py:10} INFO - Выгрузилось
    __________________________
    Price           Close        High         Low        Open    Volume
Ticker           TSLA        TSLA        TSLA        TSLA      TSLA
Date                                                               
2026-01-09  445.01001  449.049988  430.390015  435.950012  67331500
    __________________________
    
[2026-02-19T14:10:29.441+0000] {api.py:16} INFO - start=2026-01-09, end=2026-01-11
[2026-02-19T14:10:29.444+0000] {api.py:17} INFO - После удаления
    __________________________
    Empty DataFrame
Columns: [(Close, TSLA), (High, TSLA), (Low, TSLA), (Open, TSLA), (Volume, TSLA)]
Index: []
    __________________________
    
[2026-02-19T14:10:29.457+0000] {base.py:84} INFO - Using connection ID 'pg_1' for task execution.
[2026-02-19T14:10:29.457+0000] {sql.py:254} WARNING - This setter is for backward compatibility and should not be used.
Since the introduction of connection property, the providers listed below breaks due to assigning value to self.connection in their __init__ method.
* apache-***-providers-mysql<5.7.1
* apache-***-providers-elasticsearch<5.5.1
* apache-***-providers-postgres<5.13.0
[2026-02-19T14:10:29.462+0000] {sql.py:908} INFO - Done loading. Loaded a total of 0 rows into stocks
[2026-02-19T14:10:29.468+0000] {python.py:237} INFO - Done. Returned value was: None
[2026-02-19T14:10:29.470+0000] {taskinstance.py:441} INFO - ::group::Post task execution logs
[2026-02-19T14:10:29.480+0000] {taskinstance.py:1206} INFO - Marking task as SUCCESS. dag_id=dag_moex, task_id=task_TSLA, run_id=scheduled__2026-01-10T00:00:00+00:00, execution_date=20260110T000000, start_date=20260219T141028, end_date=20260219T141029
[2026-02-19T14:10:29.517+0000] {local_task_job_runner.py:243} INFO - Task exited with return code 0
[2026-02-19T14:10:29.543+0000] {taskinstance.py:3503} INFO - 0 downstream tasks scheduled from follow-on schedule check
[2026-02-19T14:10:29.545+0000] {local_task_job_runner.py:222} INFO - ::endgroup::
[2026-02-19T14:13:34.065+0000] {local_task_job_runner.py:120} INFO - ::group::Pre task execution logs
[2026-02-19T14:13:34.103+0000] {taskinstance.py:2076} INFO - Dependencies all met for dep_context=non-requeueable deps ti=<TaskInstance: dag_moex.task_TSLA scheduled__2026-01-10T00:00:00+00:00 [queued]>
[2026-02-19T14:13:34.114+0000] {taskinstance.py:2076} INFO - Dependencies all met for dep_context=requeueable deps ti=<TaskInstance: dag_moex.task_TSLA scheduled__2026-01-10T00:00:00+00:00 [queued]>
[2026-02-19T14:13:34.115+0000] {taskinstance.py:2306} INFO - Starting attempt 1 of 1
[2026-02-19T14:13:34.131+0000] {taskinstance.py:2330} INFO - Executing <Task(PythonOperator): task_TSLA> on 2026-01-10 00:00:00+00:00
[2026-02-19T14:13:34.144+0000] {logging_mixin.py:188} WARNING - /home/***/.local/lib/python3.12/site-packages/***/task/task_runner/standard_task_runner.py:62 DeprecationWarning: This process (pid=30297) is multi-threaded, use of fork() may lead to deadlocks in the child.
[2026-02-19T14:13:34.146+0000] {standard_task_runner.py:64} INFO - Started process 30319 to run task
[2026-02-19T14:13:34.145+0000] {standard_task_runner.py:90} INFO - Running: ['***', 'tasks', 'run', 'dag_moex', 'task_TSLA', 'scheduled__2026-01-10T00:00:00+00:00', '--job-id', '1044', '--raw', '--subdir', 'DAGS_FOLDER/stocks/dag1.py', '--cfg-path', '/tmp/tmpbc6uc4nc']
[2026-02-19T14:13:34.148+0000] {standard_task_runner.py:91} INFO - Job 1044: Subtask task_TSLA
[2026-02-19T14:13:34.209+0000] {task_command.py:426} INFO - Running <TaskInstance: dag_moex.task_TSLA scheduled__2026-01-10T00:00:00+00:00 [running]> on host cc036e7caf02
[2026-02-19T14:13:34.293+0000] {taskinstance.py:2648} INFO - Exporting env vars: AIRFLOW_CTX_DAG_OWNER='***' AIRFLOW_CTX_DAG_ID='dag_moex' AIRFLOW_CTX_TASK_ID='task_TSLA' AIRFLOW_CTX_EXECUTION_DATE='2026-01-10T00:00:00+00:00' AIRFLOW_CTX_TRY_NUMBER='1' AIRFLOW_CTX_DAG_RUN_ID='scheduled__2026-01-10T00:00:00+00:00'
[2026-02-19T14:13:34.294+0000] {taskinstance.py:430} INFO - ::endgroup::
[2026-02-19T14:13:34.306+0000] {logging_mixin.py:188} WARNING - /opt/***/dags/stocks/scripts/api.py:9 FutureWarning: YF.download() has changed argument auto_adjust default to True
[2026-02-19T14:13:34.312+0000] {logging_mixin.py:188} WARNING - /home/***/.local/lib/python3.12/site-packages/yfinance/scrapers/history.py:204 Pandas4Warning: Timestamp.utcnow is deprecated and will be removed in a future version. Use Timestamp.now('UTC') instead.
[2026-02-19T14:13:35.206+0000] {logging_mixin.py:188} WARNING - [*********************100%***********************]  1 of 1 completed
[2026-02-19T14:13:35.221+0000] {api.py:10} INFO - Выгрузилось
    __________________________
    Price           Close        High         Low        Open    Volume
Ticker           TSLA        TSLA        TSLA        TSLA      TSLA
Date                                                               
2026-01-09  445.01001  449.049988  430.390015  435.950012  67331500
    __________________________
    
[2026-02-19T14:13:35.222+0000] {api.py:16} INFO - start=2026-01-09, end=2026-01-11
[2026-02-19T14:13:35.223+0000] {api.py:17} INFO - После удаления
    __________________________
    Empty DataFrame
Columns: [(Close, TSLA), (High, TSLA), (Low, TSLA), (Open, TSLA), (Volume, TSLA)]
Index: []
    __________________________
    
[2026-02-19T14:13:35.232+0000] {base.py:84} INFO - Using connection ID 'pg_1' for task execution.
[2026-02-19T14:13:35.233+0000] {sql.py:254} WARNING - This setter is for backward compatibility and should not be used.
Since the introduction of connection property, the providers listed below breaks due to assigning value to self.connection in their __init__ method.
* apache-***-providers-mysql<5.7.1
* apache-***-providers-elasticsearch<5.5.1
* apache-***-providers-postgres<5.13.0
[2026-02-19T14:13:35.236+0000] {sql.py:908} INFO - Done loading. Loaded a total of 0 rows into stocks
[2026-02-19T14:13:35.240+0000] {python.py:237} INFO - Done. Returned value was: None
[2026-02-19T14:13:35.240+0000] {taskinstance.py:441} INFO - ::group::Post task execution logs
[2026-02-19T14:13:35.246+0000] {taskinstance.py:1206} INFO - Marking task as SUCCESS. dag_id=dag_moex, task_id=task_TSLA, run_id=scheduled__2026-01-10T00:00:00+00:00, execution_date=20260110T000000, start_date=20260219T141334, end_date=20260219T141335
[2026-02-19T14:13:35.283+0000] {local_task_job_runner.py:243} INFO - Task exited with return code 0
[2026-02-19T14:13:35.294+0000] {taskinstance.py:3503} INFO - 0 downstream tasks scheduled from follow-on schedule check
[2026-02-19T14:13:35.296+0000] {local_task_job_runner.py:222} INFO - ::endgroup::
[2026-02-19T14:50:20.521+0000] {local_task_job_runner.py:120} INFO - ::group::Pre task execution logs
[2026-02-19T14:50:20.564+0000] {taskinstance.py:2076} INFO - Dependencies all met for dep_context=non-requeueable deps ti=<TaskInstance: dag_moex.task_TSLA scheduled__2026-01-10T00:00:00+00:00 [queued]>
[2026-02-19T14:50:20.579+0000] {taskinstance.py:2076} INFO - Dependencies all met for dep_context=requeueable deps ti=<TaskInstance: dag_moex.task_TSLA scheduled__2026-01-10T00:00:00+00:00 [queued]>
[2026-02-19T14:50:20.593+0000] {taskinstance.py:2306} INFO - Starting attempt 1 of 1
[2026-02-19T14:50:20.627+0000] {taskinstance.py:2330} INFO - Executing <Task(PythonOperator): task_TSLA> on 2026-01-10 00:00:00+00:00
[2026-02-19T14:50:20.644+0000] {logging_mixin.py:188} WARNING - /home/***/.local/lib/python3.12/site-packages/***/task/task_runner/standard_task_runner.py:62 DeprecationWarning: This process (pid=32450) is multi-threaded, use of fork() may lead to deadlocks in the child.
[2026-02-19T14:50:20.647+0000] {standard_task_runner.py:64} INFO - Started process 32471 to run task
[2026-02-19T14:50:20.648+0000] {standard_task_runner.py:90} INFO - Running: ['***', 'tasks', 'run', 'dag_moex', 'task_TSLA', 'scheduled__2026-01-10T00:00:00+00:00', '--job-id', '1358', '--raw', '--subdir', 'DAGS_FOLDER/stocks/dag1.py', '--cfg-path', '/tmp/tmpodskxej3']
[2026-02-19T14:50:20.653+0000] {standard_task_runner.py:91} INFO - Job 1358: Subtask task_TSLA
[2026-02-19T14:50:20.763+0000] {task_command.py:426} INFO - Running <TaskInstance: dag_moex.task_TSLA scheduled__2026-01-10T00:00:00+00:00 [running]> on host cc036e7caf02
[2026-02-19T14:50:20.898+0000] {taskinstance.py:2648} INFO - Exporting env vars: AIRFLOW_CTX_DAG_OWNER='***' AIRFLOW_CTX_DAG_ID='dag_moex' AIRFLOW_CTX_TASK_ID='task_TSLA' AIRFLOW_CTX_EXECUTION_DATE='2026-01-10T00:00:00+00:00' AIRFLOW_CTX_TRY_NUMBER='1' AIRFLOW_CTX_DAG_RUN_ID='scheduled__2026-01-10T00:00:00+00:00'
[2026-02-19T14:50:20.901+0000] {taskinstance.py:430} INFO - ::endgroup::
[2026-02-19T14:50:20.920+0000] {logging_mixin.py:188} WARNING - /opt/***/dags/stocks/scripts/api.py:9 FutureWarning: YF.download() has changed argument auto_adjust default to True
[2026-02-19T14:50:20.943+0000] {logging_mixin.py:188} WARNING - /home/***/.local/lib/python3.12/site-packages/yfinance/scrapers/history.py:204 Pandas4Warning: Timestamp.utcnow is deprecated and will be removed in a future version. Use Timestamp.now('UTC') instead.
[2026-02-19T14:50:21.843+0000] {logging_mixin.py:188} WARNING - [*********************100%***********************]  1 of 1 completed
[2026-02-19T14:50:21.876+0000] {base.py:84} INFO - Using connection ID 'pg_1' for task execution.
[2026-02-19T14:50:21.876+0000] {sql.py:254} WARNING - This setter is for backward compatibility and should not be used.
Since the introduction of connection property, the providers listed below breaks due to assigning value to self.connection in their __init__ method.
* apache-***-providers-mysql<5.7.1
* apache-***-providers-elasticsearch<5.5.1
* apache-***-providers-postgres<5.13.0
[2026-02-19T14:50:21.884+0000] {sql.py:896} INFO - Loaded 1 rows into stocks so far
[2026-02-19T14:50:21.885+0000] {sql.py:908} INFO - Done loading. Loaded a total of 1 rows into stocks
[2026-02-19T14:50:21.891+0000] {python.py:237} INFO - Done. Returned value was: None
[2026-02-19T14:50:21.892+0000] {taskinstance.py:441} INFO - ::group::Post task execution logs
[2026-02-19T14:50:21.904+0000] {taskinstance.py:1206} INFO - Marking task as SUCCESS. dag_id=dag_moex, task_id=task_TSLA, run_id=scheduled__2026-01-10T00:00:00+00:00, execution_date=20260110T000000, start_date=20260219T145020, end_date=20260219T145021
[2026-02-19T14:50:21.956+0000] {local_task_job_runner.py:243} INFO - Task exited with return code 0
[2026-02-19T14:50:21.970+0000] {local_task_job_runner.py:222} INFO - ::endgroup::
[2026-02-19T14:51:52.022+0000] {local_task_job_runner.py:120} INFO - ::group::Pre task execution logs
[2026-02-19T14:51:52.047+0000] {taskinstance.py:2076} INFO - Dependencies all met for dep_context=non-requeueable deps ti=<TaskInstance: dag_moex.task_TSLA scheduled__2026-01-10T00:00:00+00:00 [queued]>
[2026-02-19T14:51:52.054+0000] {taskinstance.py:2076} INFO - Dependencies all met for dep_context=requeueable deps ti=<TaskInstance: dag_moex.task_TSLA scheduled__2026-01-10T00:00:00+00:00 [queued]>
[2026-02-19T14:51:52.054+0000] {taskinstance.py:2306} INFO - Starting attempt 1 of 1
[2026-02-19T14:51:52.065+0000] {taskinstance.py:2330} INFO - Executing <Task(PythonOperator): task_TSLA> on 2026-01-10 00:00:00+00:00
[2026-02-19T14:51:52.074+0000] {logging_mixin.py:188} WARNING - /home/***/.local/lib/python3.12/site-packages/***/task/task_runner/standard_task_runner.py:62 DeprecationWarning: This process (pid=33063) is multi-threaded, use of fork() may lead to deadlocks in the child.
[2026-02-19T14:51:52.075+0000] {standard_task_runner.py:64} INFO - Started process 33079 to run task
[2026-02-19T14:51:52.074+0000] {standard_task_runner.py:90} INFO - Running: ['***', 'tasks', 'run', 'dag_moex', 'task_TSLA', 'scheduled__2026-01-10T00:00:00+00:00', '--job-id', '1495', '--raw', '--subdir', 'DAGS_FOLDER/stocks/dag1.py', '--cfg-path', '/tmp/tmpi100wddz']
[2026-02-19T14:51:52.076+0000] {standard_task_runner.py:91} INFO - Job 1495: Subtask task_TSLA
[2026-02-19T14:51:52.111+0000] {task_command.py:426} INFO - Running <TaskInstance: dag_moex.task_TSLA scheduled__2026-01-10T00:00:00+00:00 [running]> on host cc036e7caf02
[2026-02-19T14:51:52.168+0000] {taskinstance.py:2648} INFO - Exporting env vars: AIRFLOW_CTX_DAG_OWNER='***' AIRFLOW_CTX_DAG_ID='dag_moex' AIRFLOW_CTX_TASK_ID='task_TSLA' AIRFLOW_CTX_EXECUTION_DATE='2026-01-10T00:00:00+00:00' AIRFLOW_CTX_TRY_NUMBER='1' AIRFLOW_CTX_DAG_RUN_ID='scheduled__2026-01-10T00:00:00+00:00'
[2026-02-19T14:51:52.169+0000] {taskinstance.py:430} INFO - ::endgroup::
[2026-02-19T14:51:52.178+0000] {logging_mixin.py:188} WARNING - /opt/***/dags/stocks/scripts/api.py:9 FutureWarning: YF.download() has changed argument auto_adjust default to True
[2026-02-19T14:51:52.184+0000] {logging_mixin.py:188} WARNING - /home/***/.local/lib/python3.12/site-packages/yfinance/scrapers/history.py:204 Pandas4Warning: Timestamp.utcnow is deprecated and will be removed in a future version. Use Timestamp.now('UTC') instead.
[2026-02-19T14:51:52.975+0000] {logging_mixin.py:188} WARNING - [*********************100%***********************]  1 of 1 completed
[2026-02-19T14:51:52.991+0000] {base.py:84} INFO - Using connection ID 'pg_1' for task execution.
[2026-02-19T14:51:52.992+0000] {sql.py:254} WARNING - This setter is for backward compatibility and should not be used.
Since the introduction of connection property, the providers listed below breaks due to assigning value to self.connection in their __init__ method.
* apache-***-providers-mysql<5.7.1
* apache-***-providers-elasticsearch<5.5.1
* apache-***-providers-postgres<5.13.0
[2026-02-19T14:51:52.996+0000] {sql.py:896} INFO - Loaded 1 rows into stocks so far
[2026-02-19T14:51:52.997+0000] {sql.py:908} INFO - Done loading. Loaded a total of 1 rows into stocks
[2026-02-19T14:51:53.001+0000] {python.py:237} INFO - Done. Returned value was: None
[2026-02-19T14:51:53.002+0000] {taskinstance.py:441} INFO - ::group::Post task execution logs
[2026-02-19T14:51:53.008+0000] {taskinstance.py:1206} INFO - Marking task as SUCCESS. dag_id=dag_moex, task_id=task_TSLA, run_id=scheduled__2026-01-10T00:00:00+00:00, execution_date=20260110T000000, start_date=20260219T145152, end_date=20260219T145153
[2026-02-19T14:51:53.050+0000] {local_task_job_runner.py:243} INFO - Task exited with return code 0
[2026-02-19T14:51:53.061+0000] {taskinstance.py:3503} INFO - 0 downstream tasks scheduled from follow-on schedule check
[2026-02-19T14:51:53.063+0000] {local_task_job_runner.py:222} INFO - ::endgroup::
[2026-02-19T14:52:35.706+0000] {local_task_job_runner.py:120} INFO - ::group::Pre task execution logs
[2026-02-19T14:52:35.747+0000] {taskinstance.py:2076} INFO - Dependencies all met for dep_context=non-requeueable deps ti=<TaskInstance: dag_moex.task_TSLA scheduled__2026-01-10T00:00:00+00:00 [queued]>
[2026-02-19T14:52:35.757+0000] {taskinstance.py:2076} INFO - Dependencies all met for dep_context=requeueable deps ti=<TaskInstance: dag_moex.task_TSLA scheduled__2026-01-10T00:00:00+00:00 [queued]>
[2026-02-19T14:52:35.758+0000] {taskinstance.py:2306} INFO - Starting attempt 1 of 1
[2026-02-19T14:52:35.774+0000] {taskinstance.py:2330} INFO - Executing <Task(PythonOperator): task_TSLA> on 2026-01-10 00:00:00+00:00
[2026-02-19T14:52:35.782+0000] {logging_mixin.py:188} WARNING - /home/***/.local/lib/python3.12/site-packages/***/task/task_runner/standard_task_runner.py:62 DeprecationWarning: This process (pid=33120) is multi-threaded, use of fork() may lead to deadlocks in the child.
[2026-02-19T14:52:35.784+0000] {standard_task_runner.py:64} INFO - Started process 33148 to run task
[2026-02-19T14:52:35.782+0000] {standard_task_runner.py:90} INFO - Running: ['***', 'tasks', 'run', 'dag_moex', 'task_TSLA', 'scheduled__2026-01-10T00:00:00+00:00', '--job-id', '1506', '--raw', '--subdir', 'DAGS_FOLDER/stocks/dag1.py', '--cfg-path', '/tmp/tmp3x80wbbt']
[2026-02-19T14:52:35.784+0000] {standard_task_runner.py:91} INFO - Job 1506: Subtask task_TSLA
[2026-02-19T14:52:35.837+0000] {task_command.py:426} INFO - Running <TaskInstance: dag_moex.task_TSLA scheduled__2026-01-10T00:00:00+00:00 [running]> on host cc036e7caf02
[2026-02-19T14:52:35.923+0000] {taskinstance.py:2648} INFO - Exporting env vars: AIRFLOW_CTX_DAG_OWNER='***' AIRFLOW_CTX_DAG_ID='dag_moex' AIRFLOW_CTX_TASK_ID='task_TSLA' AIRFLOW_CTX_EXECUTION_DATE='2026-01-10T00:00:00+00:00' AIRFLOW_CTX_TRY_NUMBER='1' AIRFLOW_CTX_DAG_RUN_ID='scheduled__2026-01-10T00:00:00+00:00'
[2026-02-19T14:52:35.924+0000] {taskinstance.py:430} INFO - ::endgroup::
[2026-02-19T14:52:35.939+0000] {logging_mixin.py:188} WARNING - /opt/***/dags/stocks/scripts/api.py:9 FutureWarning: YF.download() has changed argument auto_adjust default to True
[2026-02-19T14:52:35.952+0000] {logging_mixin.py:188} WARNING - /home/***/.local/lib/python3.12/site-packages/yfinance/scrapers/history.py:204 Pandas4Warning: Timestamp.utcnow is deprecated and will be removed in a future version. Use Timestamp.now('UTC') instead.
[2026-02-19T14:52:36.755+0000] {logging_mixin.py:188} WARNING - [*********************100%***********************]  1 of 1 completed
[2026-02-19T14:52:36.770+0000] {base.py:84} INFO - Using connection ID 'pg_1' for task execution.
[2026-02-19T14:52:36.770+0000] {sql.py:254} WARNING - This setter is for backward compatibility and should not be used.
Since the introduction of connection property, the providers listed below breaks due to assigning value to self.connection in their __init__ method.
* apache-***-providers-mysql<5.7.1
* apache-***-providers-elasticsearch<5.5.1
* apache-***-providers-postgres<5.13.0
[2026-02-19T14:52:36.774+0000] {taskinstance.py:441} INFO - ::group::Post task execution logs
[2026-02-19T14:52:36.775+0000] {taskinstance.py:2905} ERROR - Task failed with exception
Traceback (most recent call last):
  File "/home/airflow/.local/lib/python3.12/site-packages/airflow/models/taskinstance.py", line 465, in _execute_task
    result = _execute_callable(context=context, **execute_callable_kwargs)
             ^^^^^^^^^^^^^^^^^^^^^^^^^^^^^^^^^^^^^^^^^^^^^^^^^^^^^^^^^^^^^
  File "/home/airflow/.local/lib/python3.12/site-packages/airflow/models/taskinstance.py", line 432, in _execute_callable
    return execute_callable(context=context, **execute_callable_kwargs)
           ^^^^^^^^^^^^^^^^^^^^^^^^^^^^^^^^^^^^^^^^^^^^^^^^^^^^^^^^^^^^
  File "/home/airflow/.local/lib/python3.12/site-packages/airflow/models/baseoperator.py", line 401, in wrapper
    return func(self, *args, **kwargs)
           ^^^^^^^^^^^^^^^^^^^^^^^^^^^
  File "/home/airflow/.local/lib/python3.12/site-packages/airflow/operators/python.py", line 235, in execute
    return_value = self.execute_callable()
                   ^^^^^^^^^^^^^^^^^^^^^^^
  File "/home/airflow/.local/lib/python3.12/site-packages/airflow/operators/python.py", line 252, in execute_callable
    return self.python_callable(*self.op_args, **self.op_kwargs)
           ^^^^^^^^^^^^^^^^^^^^^^^^^^^^^^^^^^^^^^^^^^^^^^^^^^^^^
  File "/opt/airflow/dags/stocks/scripts/manager.py", line 24, in fetch_data
    postgresHook.insert_rows(table="stocks", rows=rows,
  File "/home/airflow/.local/lib/python3.12/site-packages/airflow/providers/common/sql/hooks/sql.py", line 893, in insert_rows
    cur.executemany(sql, values)
psycopg2.errors.UniqueViolation: duplicate key value violates unique constraint "stocks_pkey"
DETAIL:  Key (ticker, date)=(TSLA, 2026-01-09) already exists.

[2026-02-19T14:52:36.784+0000] {taskinstance.py:1206} INFO - Marking task as FAILED. dag_id=dag_moex, task_id=task_TSLA, run_id=scheduled__2026-01-10T00:00:00+00:00, execution_date=20260110T000000, start_date=20260219T145235, end_date=20260219T145236
[2026-02-19T14:52:36.792+0000] {standard_task_runner.py:110} ERROR - Failed to execute job 1506 for task task_TSLA (duplicate key value violates unique constraint "stocks_pkey"
DETAIL:  Key (ticker, date)=(TSLA, 2026-01-09) already exists.
; 33148)
[2026-02-19T14:52:36.839+0000] {local_task_job_runner.py:243} INFO - Task exited with return code 1
[2026-02-19T14:52:36.846+0000] {local_task_job_runner.py:222} INFO - ::endgroup::
