[2026-02-18T07:13:04.907+0000] {local_task_job_runner.py:120} INFO - ::group::Pre task execution logs
[2026-02-18T07:13:04.968+0000] {taskinstance.py:2076} INFO - Dependencies all met for dep_context=non-requeueable deps ti=<TaskInstance: dag_moex.task_TSLA scheduled__2026-01-24T00:00:00+00:00 [queued]>
[2026-02-18T07:13:04.982+0000] {taskinstance.py:2076} INFO - Dependencies all met for dep_context=requeueable deps ti=<TaskInstance: dag_moex.task_TSLA scheduled__2026-01-24T00:00:00+00:00 [queued]>
[2026-02-18T07:13:04.986+0000] {taskinstance.py:2306} INFO - Starting attempt 1 of 1
[2026-02-18T07:13:05.011+0000] {taskinstance.py:2330} INFO - Executing <Task(PythonOperator): task_TSLA> on 2026-01-24 00:00:00+00:00
[2026-02-18T07:13:05.028+0000] {logging_mixin.py:188} WARNING - /home/***/.local/lib/python3.12/site-packages/***/task/task_runner/standard_task_runner.py:62 DeprecationWarning: This process (pid=1540) is multi-threaded, use of fork() may lead to deadlocks in the child.
[2026-02-18T07:13:05.035+0000] {standard_task_runner.py:64} INFO - Started process 1572 to run task
[2026-02-18T07:13:05.029+0000] {standard_task_runner.py:90} INFO - Running: ['***', 'tasks', 'run', 'dag_moex', 'task_TSLA', 'scheduled__2026-01-24T00:00:00+00:00', '--job-id', '448', '--raw', '--subdir', 'DAGS_FOLDER/stocks/dag1.py', '--cfg-path', '/tmp/tmpbsw3rg8t']
[2026-02-18T07:13:05.045+0000] {standard_task_runner.py:91} INFO - Job 448: Subtask task_TSLA
[2026-02-18T07:13:05.170+0000] {task_command.py:426} INFO - Running <TaskInstance: dag_moex.task_TSLA scheduled__2026-01-24T00:00:00+00:00 [running]> on host cc036e7caf02
[2026-02-18T07:13:05.312+0000] {taskinstance.py:2648} INFO - Exporting env vars: AIRFLOW_CTX_DAG_OWNER='***' AIRFLOW_CTX_DAG_ID='dag_moex' AIRFLOW_CTX_TASK_ID='task_TSLA' AIRFLOW_CTX_EXECUTION_DATE='2026-01-24T00:00:00+00:00' AIRFLOW_CTX_TRY_NUMBER='1' AIRFLOW_CTX_DAG_RUN_ID='scheduled__2026-01-24T00:00:00+00:00'
[2026-02-18T07:13:05.314+0000] {taskinstance.py:430} INFO - ::endgroup::
[2026-02-18T07:13:05.333+0000] {manager.py:8} INFO - log
[2026-02-18T07:13:05.335+0000] {logging_mixin.py:188} WARNING - /opt/***/dags/stocks/scripts/api.py:9 FutureWarning: YF.download() has changed argument auto_adjust default to True
[2026-02-18T07:13:05.345+0000] {logging_mixin.py:188} WARNING - /home/***/.local/lib/python3.12/site-packages/yfinance/scrapers/history.py:204 Pandas4Warning: Timestamp.utcnow is deprecated and will be removed in a future version. Use Timestamp.now('UTC') instead.
[2026-02-18T07:13:06.262+0000] {logging_mixin.py:188} WARNING - [*********************100%***********************]  1 of 1 completed
[2026-02-18T07:13:06.271+0000] {manager.py:10} INFO - Empty DataFrame
Columns: [(Close, TSLA), (High, TSLA), (Low, TSLA), (Open, TSLA), (Volume, TSLA)]
Index: []
[2026-02-18T07:13:06.279+0000] {python.py:237} INFO - Done. Returned value was: None
[2026-02-18T07:13:06.279+0000] {taskinstance.py:441} INFO - ::group::Post task execution logs
[2026-02-18T07:13:06.288+0000] {taskinstance.py:1206} INFO - Marking task as SUCCESS. dag_id=dag_moex, task_id=task_TSLA, run_id=scheduled__2026-01-24T00:00:00+00:00, execution_date=20260124T000000, start_date=20260218T071304, end_date=20260218T071306
[2026-02-18T07:13:06.308+0000] {local_task_job_runner.py:243} INFO - Task exited with return code 0
[2026-02-18T07:13:06.317+0000] {local_task_job_runner.py:222} INFO - ::endgroup::
[2026-02-19T14:50:39.468+0000] {local_task_job_runner.py:120} INFO - ::group::Pre task execution logs
[2026-02-19T14:50:39.515+0000] {taskinstance.py:2076} INFO - Dependencies all met for dep_context=non-requeueable deps ti=<TaskInstance: dag_moex.task_TSLA scheduled__2026-01-24T00:00:00+00:00 [queued]>
[2026-02-19T14:50:39.530+0000] {taskinstance.py:2076} INFO - Dependencies all met for dep_context=requeueable deps ti=<TaskInstance: dag_moex.task_TSLA scheduled__2026-01-24T00:00:00+00:00 [queued]>
[2026-02-19T14:50:39.532+0000] {taskinstance.py:2306} INFO - Starting attempt 1 of 1
[2026-02-19T14:50:39.553+0000] {taskinstance.py:2330} INFO - Executing <Task(PythonOperator): task_TSLA> on 2026-01-24 00:00:00+00:00
[2026-02-19T14:50:39.566+0000] {logging_mixin.py:188} WARNING - /home/***/.local/lib/python3.12/site-packages/***/task/task_runner/standard_task_runner.py:62 DeprecationWarning: This process (pid=32644) is multi-threaded, use of fork() may lead to deadlocks in the child.
[2026-02-19T14:50:39.573+0000] {standard_task_runner.py:64} INFO - Started process 32673 to run task
[2026-02-19T14:50:39.574+0000] {standard_task_runner.py:90} INFO - Running: ['***', 'tasks', 'run', 'dag_moex', 'task_TSLA', 'scheduled__2026-01-24T00:00:00+00:00', '--job-id', '1410', '--raw', '--subdir', 'DAGS_FOLDER/stocks/dag1.py', '--cfg-path', '/tmp/tmpnp8cd65v']
[2026-02-19T14:50:39.578+0000] {standard_task_runner.py:91} INFO - Job 1410: Subtask task_TSLA
[2026-02-19T14:50:39.660+0000] {task_command.py:426} INFO - Running <TaskInstance: dag_moex.task_TSLA scheduled__2026-01-24T00:00:00+00:00 [running]> on host cc036e7caf02
[2026-02-19T14:50:39.773+0000] {taskinstance.py:2648} INFO - Exporting env vars: AIRFLOW_CTX_DAG_OWNER='***' AIRFLOW_CTX_DAG_ID='dag_moex' AIRFLOW_CTX_TASK_ID='task_TSLA' AIRFLOW_CTX_EXECUTION_DATE='2026-01-24T00:00:00+00:00' AIRFLOW_CTX_TRY_NUMBER='1' AIRFLOW_CTX_DAG_RUN_ID='scheduled__2026-01-24T00:00:00+00:00'
[2026-02-19T14:50:39.774+0000] {taskinstance.py:430} INFO - ::endgroup::
[2026-02-19T14:50:39.792+0000] {logging_mixin.py:188} WARNING - /opt/***/dags/stocks/scripts/api.py:9 FutureWarning: YF.download() has changed argument auto_adjust default to True
[2026-02-19T14:50:39.801+0000] {logging_mixin.py:188} WARNING - /home/***/.local/lib/python3.12/site-packages/yfinance/scrapers/history.py:204 Pandas4Warning: Timestamp.utcnow is deprecated and will be removed in a future version. Use Timestamp.now('UTC') instead.
[2026-02-19T14:50:40.474+0000] {logging_mixin.py:188} WARNING - [*********************100%***********************]  1 of 1 completed
[2026-02-19T14:50:40.496+0000] {base.py:84} INFO - Using connection ID 'pg_1' for task execution.
[2026-02-19T14:50:40.497+0000] {sql.py:254} WARNING - This setter is for backward compatibility and should not be used.
Since the introduction of connection property, the providers listed below breaks due to assigning value to self.connection in their __init__ method.
* apache-***-providers-mysql<5.7.1
* apache-***-providers-elasticsearch<5.5.1
* apache-***-providers-postgres<5.13.0
[2026-02-19T14:50:40.503+0000] {sql.py:896} INFO - Loaded 1 rows into stocks so far
[2026-02-19T14:50:40.504+0000] {sql.py:908} INFO - Done loading. Loaded a total of 1 rows into stocks
[2026-02-19T14:50:40.510+0000] {python.py:237} INFO - Done. Returned value was: None
[2026-02-19T14:50:40.511+0000] {taskinstance.py:441} INFO - ::group::Post task execution logs
[2026-02-19T14:50:40.521+0000] {taskinstance.py:1206} INFO - Marking task as SUCCESS. dag_id=dag_moex, task_id=task_TSLA, run_id=scheduled__2026-01-24T00:00:00+00:00, execution_date=20260124T000000, start_date=20260219T145039, end_date=20260219T145040
[2026-02-19T14:50:40.569+0000] {local_task_job_runner.py:243} INFO - Task exited with return code 0
[2026-02-19T14:50:40.580+0000] {local_task_job_runner.py:222} INFO - ::endgroup::
[2026-02-19T14:53:16.585+0000] {local_task_job_runner.py:120} INFO - ::group::Pre task execution logs
[2026-02-19T14:53:16.628+0000] {taskinstance.py:2076} INFO - Dependencies all met for dep_context=non-requeueable deps ti=<TaskInstance: dag_moex.task_TSLA scheduled__2026-01-24T00:00:00+00:00 [queued]>
[2026-02-19T14:53:16.639+0000] {taskinstance.py:2076} INFO - Dependencies all met for dep_context=requeueable deps ti=<TaskInstance: dag_moex.task_TSLA scheduled__2026-01-24T00:00:00+00:00 [queued]>
[2026-02-19T14:53:16.640+0000] {taskinstance.py:2306} INFO - Starting attempt 1 of 1
[2026-02-19T14:53:16.734+0000] {taskinstance.py:2330} INFO - Executing <Task(PythonOperator): task_TSLA> on 2026-01-24 00:00:00+00:00
[2026-02-19T14:53:16.745+0000] {logging_mixin.py:188} WARNING - /home/***/.local/lib/python3.12/site-packages/***/task/task_runner/standard_task_runner.py:62 DeprecationWarning: This process (pid=33191) is multi-threaded, use of fork() may lead to deadlocks in the child.
[2026-02-19T14:53:16.747+0000] {standard_task_runner.py:64} INFO - Started process 33217 to run task
[2026-02-19T14:53:16.751+0000] {standard_task_runner.py:90} INFO - Running: ['***', 'tasks', 'run', 'dag_moex', 'task_TSLA', 'scheduled__2026-01-24T00:00:00+00:00', '--job-id', '1520', '--raw', '--subdir', 'DAGS_FOLDER/stocks/dag1.py', '--cfg-path', '/tmp/tmp1_3r6hhz']
[2026-02-19T14:53:16.753+0000] {standard_task_runner.py:91} INFO - Job 1520: Subtask task_TSLA
[2026-02-19T14:53:16.814+0000] {task_command.py:426} INFO - Running <TaskInstance: dag_moex.task_TSLA scheduled__2026-01-24T00:00:00+00:00 [running]> on host cc036e7caf02
[2026-02-19T14:53:16.905+0000] {taskinstance.py:2648} INFO - Exporting env vars: AIRFLOW_CTX_DAG_OWNER='***' AIRFLOW_CTX_DAG_ID='dag_moex' AIRFLOW_CTX_TASK_ID='task_TSLA' AIRFLOW_CTX_EXECUTION_DATE='2026-01-24T00:00:00+00:00' AIRFLOW_CTX_TRY_NUMBER='1' AIRFLOW_CTX_DAG_RUN_ID='scheduled__2026-01-24T00:00:00+00:00'
[2026-02-19T14:53:16.907+0000] {taskinstance.py:430} INFO - ::endgroup::
[2026-02-19T14:53:16.922+0000] {logging_mixin.py:188} WARNING - /opt/***/dags/stocks/scripts/api.py:9 FutureWarning: YF.download() has changed argument auto_adjust default to True
[2026-02-19T14:53:16.933+0000] {logging_mixin.py:188} WARNING - /home/***/.local/lib/python3.12/site-packages/yfinance/scrapers/history.py:204 Pandas4Warning: Timestamp.utcnow is deprecated and will be removed in a future version. Use Timestamp.now('UTC') instead.
[2026-02-19T14:53:17.637+0000] {logging_mixin.py:188} WARNING - [*********************100%***********************]  1 of 1 completed
[2026-02-19T14:53:17.657+0000] {base.py:84} INFO - Using connection ID 'pg_1' for task execution.
[2026-02-19T14:53:17.658+0000] {sql.py:254} WARNING - This setter is for backward compatibility and should not be used.
Since the introduction of connection property, the providers listed below breaks due to assigning value to self.connection in their __init__ method.
* apache-***-providers-mysql<5.7.1
* apache-***-providers-elasticsearch<5.5.1
* apache-***-providers-postgres<5.13.0
[2026-02-19T14:53:17.662+0000] {taskinstance.py:441} INFO - ::group::Post task execution logs
[2026-02-19T14:53:17.663+0000] {taskinstance.py:2905} ERROR - Task failed with exception
Traceback (most recent call last):
  File "/home/airflow/.local/lib/python3.12/site-packages/airflow/models/taskinstance.py", line 465, in _execute_task
    result = _execute_callable(context=context, **execute_callable_kwargs)
             ^^^^^^^^^^^^^^^^^^^^^^^^^^^^^^^^^^^^^^^^^^^^^^^^^^^^^^^^^^^^^
  File "/home/airflow/.local/lib/python3.12/site-packages/airflow/models/taskinstance.py", line 432, in _execute_callable
    return execute_callable(context=context, **execute_callable_kwargs)
           ^^^^^^^^^^^^^^^^^^^^^^^^^^^^^^^^^^^^^^^^^^^^^^^^^^^^^^^^^^^^
  File "/home/airflow/.local/lib/python3.12/site-packages/airflow/models/baseoperator.py", line 401, in wrapper
    return func(self, *args, **kwargs)
           ^^^^^^^^^^^^^^^^^^^^^^^^^^^
  File "/home/airflow/.local/lib/python3.12/site-packages/airflow/operators/python.py", line 235, in execute
    return_value = self.execute_callable()
                   ^^^^^^^^^^^^^^^^^^^^^^^
  File "/home/airflow/.local/lib/python3.12/site-packages/airflow/operators/python.py", line 252, in execute_callable
    return self.python_callable(*self.op_args, **self.op_kwargs)
           ^^^^^^^^^^^^^^^^^^^^^^^^^^^^^^^^^^^^^^^^^^^^^^^^^^^^^
  File "/opt/airflow/dags/stocks/scripts/manager.py", line 24, in fetch_data
    postgresHook.insert_rows(table="stocks", rows=rows,
  File "/home/airflow/.local/lib/python3.12/site-packages/airflow/providers/common/sql/hooks/sql.py", line 893, in insert_rows
    cur.executemany(sql, values)
psycopg2.errors.UniqueViolation: duplicate key value violates unique constraint "stocks_pkey"
DETAIL:  Key (ticker, date)=(TSLA, 2026-01-23) already exists.

[2026-02-19T14:53:17.676+0000] {taskinstance.py:1206} INFO - Marking task as FAILED. dag_id=dag_moex, task_id=task_TSLA, run_id=scheduled__2026-01-24T00:00:00+00:00, execution_date=20260124T000000, start_date=20260219T145316, end_date=20260219T145317
[2026-02-19T14:53:17.687+0000] {standard_task_runner.py:110} ERROR - Failed to execute job 1520 for task task_TSLA (duplicate key value violates unique constraint "stocks_pkey"
DETAIL:  Key (ticker, date)=(TSLA, 2026-01-23) already exists.
; 33217)
[2026-02-19T14:53:17.725+0000] {local_task_job_runner.py:243} INFO - Task exited with return code 1
[2026-02-19T14:53:17.741+0000] {taskinstance.py:3503} INFO - 0 downstream tasks scheduled from follow-on schedule check
[2026-02-19T14:53:17.745+0000] {local_task_job_runner.py:222} INFO - ::endgroup::
