[2026-02-14T09:46:06.870+0000] {local_task_job_runner.py:120} INFO - ::group::Pre task execution logs
[2026-02-14T09:46:06.905+0000] {taskinstance.py:2076} INFO - Dependencies all met for dep_context=non-requeueable deps ti=<TaskInstance: dag_moex.task_AAPL scheduled__2026-01-03T00:00:00+00:00 [queued]>
[2026-02-14T09:46:06.916+0000] {taskinstance.py:2076} INFO - Dependencies all met for dep_context=requeueable deps ti=<TaskInstance: dag_moex.task_AAPL scheduled__2026-01-03T00:00:00+00:00 [queued]>
[2026-02-14T09:46:06.917+0000] {taskinstance.py:2306} INFO - Starting attempt 1 of 1
[2026-02-14T09:46:06.936+0000] {taskinstance.py:2330} INFO - Executing <Task(PythonOperator): task_AAPL> on 2026-01-03 00:00:00+00:00
[2026-02-14T09:46:06.946+0000] {logging_mixin.py:188} WARNING - /home/***/.local/lib/python3.12/site-packages/***/task/task_runner/standard_task_runner.py:62 DeprecationWarning: This process (pid=1127) is multi-threaded, use of fork() may lead to deadlocks in the child.
[2026-02-14T09:46:06.948+0000] {standard_task_runner.py:64} INFO - Started process 1142 to run task
[2026-02-14T09:46:06.947+0000] {standard_task_runner.py:90} INFO - Running: ['***', 'tasks', 'run', 'dag_moex', 'task_AAPL', 'scheduled__2026-01-03T00:00:00+00:00', '--job-id', '231', '--raw', '--subdir', 'DAGS_FOLDER/stocks/dag1.py', '--cfg-path', '/tmp/tmp_36bqwop']
[2026-02-14T09:46:06.951+0000] {standard_task_runner.py:91} INFO - Job 231: Subtask task_AAPL
[2026-02-14T09:46:07.016+0000] {task_command.py:426} INFO - Running <TaskInstance: dag_moex.task_AAPL scheduled__2026-01-03T00:00:00+00:00 [running]> on host 78a955e87025
[2026-02-14T09:46:07.118+0000] {taskinstance.py:2648} INFO - Exporting env vars: AIRFLOW_CTX_DAG_OWNER='***' AIRFLOW_CTX_DAG_ID='dag_moex' AIRFLOW_CTX_TASK_ID='task_AAPL' AIRFLOW_CTX_EXECUTION_DATE='2026-01-03T00:00:00+00:00' AIRFLOW_CTX_TRY_NUMBER='1' AIRFLOW_CTX_DAG_RUN_ID='scheduled__2026-01-03T00:00:00+00:00'
[2026-02-14T09:46:07.120+0000] {taskinstance.py:430} INFO - ::endgroup::
[2026-02-14T09:46:07.133+0000] {logging_mixin.py:188} INFO - 2026-01-02 2026-01-04
[2026-02-14T09:46:07.136+0000] {logging_mixin.py:188} WARNING - /opt/***/dags/stocks/scripts/api.py:10 FutureWarning: YF.download() has changed argument auto_adjust default to True
[2026-02-14T09:46:07.143+0000] {logging_mixin.py:188} WARNING - /home/***/.local/lib/python3.12/site-packages/yfinance/scrapers/history.py:204 Pandas4Warning: Timestamp.utcnow is deprecated and will be removed in a future version. Use Timestamp.now('UTC') instead.
[2026-02-14T09:46:07.921+0000] {logging_mixin.py:188} WARNING - [*********************100%***********************]  1 of 1 completed
[2026-02-14T09:46:07.938+0000] {python.py:237} INFO - Done. Returned value was: None
[2026-02-14T09:46:07.939+0000] {taskinstance.py:441} INFO - ::group::Post task execution logs
[2026-02-14T09:46:07.953+0000] {taskinstance.py:1206} INFO - Marking task as SUCCESS. dag_id=dag_moex, task_id=task_AAPL, run_id=scheduled__2026-01-03T00:00:00+00:00, execution_date=20260103T000000, start_date=20260214T094606, end_date=20260214T094607
[2026-02-14T09:46:08.008+0000] {local_task_job_runner.py:243} INFO - Task exited with return code 0
[2026-02-14T09:46:08.026+0000] {taskinstance.py:3503} INFO - 0 downstream tasks scheduled from follow-on schedule check
[2026-02-14T09:46:08.028+0000] {local_task_job_runner.py:222} INFO - ::endgroup::
[2026-02-18T06:51:48.849+0000] {local_task_job_runner.py:120} INFO - ::group::Pre task execution logs
[2026-02-18T06:51:48.882+0000] {taskinstance.py:2076} INFO - Dependencies all met for dep_context=non-requeueable deps ti=<TaskInstance: dag_moex.task_AAPL scheduled__2026-01-03T00:00:00+00:00 [queued]>
[2026-02-18T06:51:48.892+0000] {taskinstance.py:2076} INFO - Dependencies all met for dep_context=requeueable deps ti=<TaskInstance: dag_moex.task_AAPL scheduled__2026-01-03T00:00:00+00:00 [queued]>
[2026-02-18T06:51:48.892+0000] {taskinstance.py:2306} INFO - Starting attempt 1 of 1
[2026-02-18T06:51:48.909+0000] {taskinstance.py:2330} INFO - Executing <Task(PythonOperator): task_AAPL> on 2026-01-03 00:00:00+00:00
[2026-02-18T06:51:48.921+0000] {logging_mixin.py:188} WARNING - /home/***/.local/lib/python3.12/site-packages/***/task/task_runner/standard_task_runner.py:62 DeprecationWarning: This process (pid=238) is multi-threaded, use of fork() may lead to deadlocks in the child.
[2026-02-18T06:51:48.923+0000] {standard_task_runner.py:64} INFO - Started process 251 to run task
[2026-02-18T06:51:48.921+0000] {standard_task_runner.py:90} INFO - Running: ['***', 'tasks', 'run', 'dag_moex', 'task_AAPL', 'scheduled__2026-01-03T00:00:00+00:00', '--job-id', '250', '--raw', '--subdir', 'DAGS_FOLDER/stocks/dag1.py', '--cfg-path', '/tmp/tmpqrnr5n_u']
[2026-02-18T06:51:48.924+0000] {standard_task_runner.py:91} INFO - Job 250: Subtask task_AAPL
[2026-02-18T06:51:48.985+0000] {task_command.py:426} INFO - Running <TaskInstance: dag_moex.task_AAPL scheduled__2026-01-03T00:00:00+00:00 [running]> on host cc036e7caf02
[2026-02-18T06:51:49.066+0000] {taskinstance.py:2648} INFO - Exporting env vars: AIRFLOW_CTX_DAG_OWNER='***' AIRFLOW_CTX_DAG_ID='dag_moex' AIRFLOW_CTX_TASK_ID='task_AAPL' AIRFLOW_CTX_EXECUTION_DATE='2026-01-03T00:00:00+00:00' AIRFLOW_CTX_TRY_NUMBER='1' AIRFLOW_CTX_DAG_RUN_ID='scheduled__2026-01-03T00:00:00+00:00'
[2026-02-18T06:51:49.067+0000] {taskinstance.py:430} INFO - ::endgroup::
[2026-02-18T06:51:49.078+0000] {manager.py:8} INFO - log
[2026-02-18T06:51:49.080+0000] {logging_mixin.py:188} WARNING - /opt/***/dags/stocks/scripts/api.py:9 FutureWarning: YF.download() has changed argument auto_adjust default to True
[2026-02-18T06:51:50.757+0000] {logging_mixin.py:188} WARNING - /home/***/.local/lib/python3.12/site-packages/yfinance/scrapers/history.py:204 Pandas4Warning: Timestamp.utcnow is deprecated and will be removed in a future version. Use Timestamp.now('UTC') instead.
[2026-02-18T06:51:50.963+0000] {logging_mixin.py:188} WARNING - [*********************100%***********************]  1 of 1 completed
[2026-02-18T06:51:50.971+0000] {taskinstance.py:441} INFO - ::group::Post task execution logs
[2026-02-18T06:51:50.971+0000] {taskinstance.py:2905} ERROR - Task failed with exception
Traceback (most recent call last):
  File "/home/airflow/.local/lib/python3.12/site-packages/airflow/models/taskinstance.py", line 465, in _execute_task
    result = _execute_callable(context=context, **execute_callable_kwargs)
             ^^^^^^^^^^^^^^^^^^^^^^^^^^^^^^^^^^^^^^^^^^^^^^^^^^^^^^^^^^^^^
  File "/home/airflow/.local/lib/python3.12/site-packages/airflow/models/taskinstance.py", line 432, in _execute_callable
    return execute_callable(context=context, **execute_callable_kwargs)
           ^^^^^^^^^^^^^^^^^^^^^^^^^^^^^^^^^^^^^^^^^^^^^^^^^^^^^^^^^^^^
  File "/home/airflow/.local/lib/python3.12/site-packages/airflow/models/baseoperator.py", line 401, in wrapper
    return func(self, *args, **kwargs)
           ^^^^^^^^^^^^^^^^^^^^^^^^^^^
  File "/home/airflow/.local/lib/python3.12/site-packages/airflow/operators/python.py", line 235, in execute
    return_value = self.execute_callable()
                   ^^^^^^^^^^^^^^^^^^^^^^^
  File "/home/airflow/.local/lib/python3.12/site-packages/airflow/operators/python.py", line 252, in execute_callable
    return self.python_callable(*self.op_args, **self.op_kwargs)
           ^^^^^^^^^^^^^^^^^^^^^^^^^^^^^^^^^^^^^^^^^^^^^^^^^^^^^
  File "/opt/airflow/dags/stocks/scripts/manager.py", line 10, in fetch_data
    return data.to_json(f"{stock}_{data_interval_start.strftime('%Y-%m-%d')}.json")
           ^^^^^^^^^^^^
AttributeError: 'NoneType' object has no attribute 'to_json'
[2026-02-18T06:51:50.981+0000] {taskinstance.py:1206} INFO - Marking task as FAILED. dag_id=dag_moex, task_id=task_AAPL, run_id=scheduled__2026-01-03T00:00:00+00:00, execution_date=20260103T000000, start_date=20260218T065148, end_date=20260218T065150
[2026-02-18T06:51:50.988+0000] {standard_task_runner.py:110} ERROR - Failed to execute job 250 for task task_AAPL ('NoneType' object has no attribute 'to_json'; 251)
[2026-02-18T06:51:51.035+0000] {local_task_job_runner.py:243} INFO - Task exited with return code 1
[2026-02-18T06:51:51.047+0000] {taskinstance.py:3503} INFO - 0 downstream tasks scheduled from follow-on schedule check
[2026-02-18T06:51:51.048+0000] {local_task_job_runner.py:222} INFO - ::endgroup::
[2026-02-18T06:55:55.849+0000] {local_task_job_runner.py:120} INFO - ::group::Pre task execution logs
[2026-02-18T06:55:55.892+0000] {taskinstance.py:2076} INFO - Dependencies all met for dep_context=non-requeueable deps ti=<TaskInstance: dag_moex.task_AAPL scheduled__2026-01-03T00:00:00+00:00 [queued]>
[2026-02-18T06:55:55.911+0000] {taskinstance.py:2076} INFO - Dependencies all met for dep_context=requeueable deps ti=<TaskInstance: dag_moex.task_AAPL scheduled__2026-01-03T00:00:00+00:00 [queued]>
[2026-02-18T06:55:55.912+0000] {taskinstance.py:2306} INFO - Starting attempt 1 of 1
[2026-02-18T06:55:55.937+0000] {taskinstance.py:2330} INFO - Executing <Task(PythonOperator): task_AAPL> on 2026-01-03 00:00:00+00:00
[2026-02-18T06:55:55.957+0000] {logging_mixin.py:188} WARNING - /home/***/.local/lib/python3.12/site-packages/***/task/task_runner/standard_task_runner.py:62 DeprecationWarning: This process (pid=376) is multi-threaded, use of fork() may lead to deadlocks in the child.
[2026-02-18T06:55:55.960+0000] {standard_task_runner.py:64} INFO - Started process 391 to run task
[2026-02-18T06:55:55.956+0000] {standard_task_runner.py:90} INFO - Running: ['***', 'tasks', 'run', 'dag_moex', 'task_AAPL', 'scheduled__2026-01-03T00:00:00+00:00', '--job-id', '261', '--raw', '--subdir', 'DAGS_FOLDER/stocks/dag1.py', '--cfg-path', '/tmp/tmp7ct1cu8_']
[2026-02-18T06:55:55.962+0000] {standard_task_runner.py:91} INFO - Job 261: Subtask task_AAPL
[2026-02-18T06:55:56.033+0000] {task_command.py:426} INFO - Running <TaskInstance: dag_moex.task_AAPL scheduled__2026-01-03T00:00:00+00:00 [running]> on host cc036e7caf02
[2026-02-18T06:55:56.152+0000] {taskinstance.py:2648} INFO - Exporting env vars: AIRFLOW_CTX_DAG_OWNER='***' AIRFLOW_CTX_DAG_ID='dag_moex' AIRFLOW_CTX_TASK_ID='task_AAPL' AIRFLOW_CTX_EXECUTION_DATE='2026-01-03T00:00:00+00:00' AIRFLOW_CTX_TRY_NUMBER='1' AIRFLOW_CTX_DAG_RUN_ID='scheduled__2026-01-03T00:00:00+00:00'
[2026-02-18T06:55:56.153+0000] {taskinstance.py:430} INFO - ::endgroup::
[2026-02-18T06:55:56.167+0000] {manager.py:8} INFO - log
[2026-02-18T06:55:56.170+0000] {logging_mixin.py:188} WARNING - /opt/***/dags/stocks/scripts/api.py:9 FutureWarning: YF.download() has changed argument auto_adjust default to True
[2026-02-18T06:55:56.181+0000] {logging_mixin.py:188} WARNING - /home/***/.local/lib/python3.12/site-packages/yfinance/scrapers/history.py:204 Pandas4Warning: Timestamp.utcnow is deprecated and will be removed in a future version. Use Timestamp.now('UTC') instead.
[2026-02-18T06:55:56.984+0000] {logging_mixin.py:188} WARNING - [*********************100%***********************]  1 of 1 completed
[2026-02-18T06:55:56.994+0000] {taskinstance.py:441} INFO - ::group::Post task execution logs
[2026-02-18T06:55:56.994+0000] {taskinstance.py:2905} ERROR - Task failed with exception
Traceback (most recent call last):
  File "/home/airflow/.local/lib/python3.12/site-packages/airflow/models/taskinstance.py", line 465, in _execute_task
    result = _execute_callable(context=context, **execute_callable_kwargs)
             ^^^^^^^^^^^^^^^^^^^^^^^^^^^^^^^^^^^^^^^^^^^^^^^^^^^^^^^^^^^^^
  File "/home/airflow/.local/lib/python3.12/site-packages/airflow/models/taskinstance.py", line 432, in _execute_callable
    return execute_callable(context=context, **execute_callable_kwargs)
           ^^^^^^^^^^^^^^^^^^^^^^^^^^^^^^^^^^^^^^^^^^^^^^^^^^^^^^^^^^^^
  File "/home/airflow/.local/lib/python3.12/site-packages/airflow/models/baseoperator.py", line 401, in wrapper
    return func(self, *args, **kwargs)
           ^^^^^^^^^^^^^^^^^^^^^^^^^^^
  File "/home/airflow/.local/lib/python3.12/site-packages/airflow/operators/python.py", line 235, in execute
    return_value = self.execute_callable()
                   ^^^^^^^^^^^^^^^^^^^^^^^
  File "/home/airflow/.local/lib/python3.12/site-packages/airflow/operators/python.py", line 252, in execute_callable
    return self.python_callable(*self.op_args, **self.op_kwargs)
           ^^^^^^^^^^^^^^^^^^^^^^^^^^^^^^^^^^^^^^^^^^^^^^^^^^^^^
  File "/opt/airflow/dags/stocks/scripts/manager.py", line 10, in fetch_data
    logging.log(data)
TypeError: log() missing 1 required positional argument: 'msg'
[2026-02-18T06:55:57.006+0000] {taskinstance.py:1206} INFO - Marking task as FAILED. dag_id=dag_moex, task_id=task_AAPL, run_id=scheduled__2026-01-03T00:00:00+00:00, execution_date=20260103T000000, start_date=20260218T065555, end_date=20260218T065557
[2026-02-18T06:55:57.017+0000] {standard_task_runner.py:110} ERROR - Failed to execute job 261 for task task_AAPL (log() missing 1 required positional argument: 'msg'; 391)
[2026-02-18T06:55:57.035+0000] {local_task_job_runner.py:243} INFO - Task exited with return code 1
[2026-02-18T06:55:57.054+0000] {taskinstance.py:3503} INFO - 0 downstream tasks scheduled from follow-on schedule check
[2026-02-18T06:55:57.056+0000] {local_task_job_runner.py:222} INFO - ::endgroup::
[2026-02-18T06:59:02.166+0000] {local_task_job_runner.py:120} INFO - ::group::Pre task execution logs
[2026-02-18T06:59:02.207+0000] {taskinstance.py:2076} INFO - Dependencies all met for dep_context=non-requeueable deps ti=<TaskInstance: dag_moex.task_AAPL scheduled__2026-01-03T00:00:00+00:00 [queued]>
[2026-02-18T06:59:02.218+0000] {taskinstance.py:2076} INFO - Dependencies all met for dep_context=requeueable deps ti=<TaskInstance: dag_moex.task_AAPL scheduled__2026-01-03T00:00:00+00:00 [queued]>
[2026-02-18T06:59:02.219+0000] {taskinstance.py:2306} INFO - Starting attempt 1 of 1
[2026-02-18T06:59:02.238+0000] {taskinstance.py:2330} INFO - Executing <Task(PythonOperator): task_AAPL> on 2026-01-03 00:00:00+00:00
[2026-02-18T06:59:02.250+0000] {logging_mixin.py:188} WARNING - /home/***/.local/lib/python3.12/site-packages/***/task/task_runner/standard_task_runner.py:62 DeprecationWarning: This process (pid=483) is multi-threaded, use of fork() may lead to deadlocks in the child.
[2026-02-18T06:59:02.252+0000] {standard_task_runner.py:64} INFO - Started process 498 to run task
[2026-02-18T06:59:02.250+0000] {standard_task_runner.py:90} INFO - Running: ['***', 'tasks', 'run', 'dag_moex', 'task_AAPL', 'scheduled__2026-01-03T00:00:00+00:00', '--job-id', '269', '--raw', '--subdir', 'DAGS_FOLDER/stocks/dag1.py', '--cfg-path', '/tmp/tmpjcae0v96']
[2026-02-18T06:59:02.254+0000] {standard_task_runner.py:91} INFO - Job 269: Subtask task_AAPL
[2026-02-18T06:59:02.326+0000] {task_command.py:426} INFO - Running <TaskInstance: dag_moex.task_AAPL scheduled__2026-01-03T00:00:00+00:00 [running]> on host cc036e7caf02
[2026-02-18T06:59:02.415+0000] {taskinstance.py:2648} INFO - Exporting env vars: AIRFLOW_CTX_DAG_OWNER='***' AIRFLOW_CTX_DAG_ID='dag_moex' AIRFLOW_CTX_TASK_ID='task_AAPL' AIRFLOW_CTX_EXECUTION_DATE='2026-01-03T00:00:00+00:00' AIRFLOW_CTX_TRY_NUMBER='1' AIRFLOW_CTX_DAG_RUN_ID='scheduled__2026-01-03T00:00:00+00:00'
[2026-02-18T06:59:02.416+0000] {taskinstance.py:430} INFO - ::endgroup::
[2026-02-18T06:59:02.426+0000] {manager.py:8} INFO - log
[2026-02-18T06:59:02.429+0000] {logging_mixin.py:188} WARNING - /opt/***/dags/stocks/scripts/api.py:9 FutureWarning: YF.download() has changed argument auto_adjust default to True
[2026-02-18T06:59:02.483+0000] {logging_mixin.py:188} WARNING - /home/***/.local/lib/python3.12/site-packages/yfinance/scrapers/history.py:204 Pandas4Warning: Timestamp.utcnow is deprecated and will be removed in a future version. Use Timestamp.now('UTC') instead.
[2026-02-18T06:59:01.431+0000] {logging_mixin.py:188} WARNING - [*********************100%***********************]  1 of 1 completed
[2026-02-18T06:59:01.437+0000] {manager.py:10} INFO - None
[2026-02-18T06:59:01.438+0000] {taskinstance.py:441} INFO - ::group::Post task execution logs
[2026-02-18T06:59:01.438+0000] {taskinstance.py:2905} ERROR - Task failed with exception
Traceback (most recent call last):
  File "/home/airflow/.local/lib/python3.12/site-packages/airflow/models/taskinstance.py", line 465, in _execute_task
    result = _execute_callable(context=context, **execute_callable_kwargs)
             ^^^^^^^^^^^^^^^^^^^^^^^^^^^^^^^^^^^^^^^^^^^^^^^^^^^^^^^^^^^^^
  File "/home/airflow/.local/lib/python3.12/site-packages/airflow/models/taskinstance.py", line 432, in _execute_callable
    return execute_callable(context=context, **execute_callable_kwargs)
           ^^^^^^^^^^^^^^^^^^^^^^^^^^^^^^^^^^^^^^^^^^^^^^^^^^^^^^^^^^^^
  File "/home/airflow/.local/lib/python3.12/site-packages/airflow/models/baseoperator.py", line 401, in wrapper
    return func(self, *args, **kwargs)
           ^^^^^^^^^^^^^^^^^^^^^^^^^^^
  File "/home/airflow/.local/lib/python3.12/site-packages/airflow/operators/python.py", line 235, in execute
    return_value = self.execute_callable()
                   ^^^^^^^^^^^^^^^^^^^^^^^
  File "/home/airflow/.local/lib/python3.12/site-packages/airflow/operators/python.py", line 252, in execute_callable
    return self.python_callable(*self.op_args, **self.op_kwargs)
           ^^^^^^^^^^^^^^^^^^^^^^^^^^^^^^^^^^^^^^^^^^^^^^^^^^^^^
  File "/opt/airflow/dags/stocks/scripts/manager.py", line 11, in fetch_data
    return data.to_json(f"{stock}_{data_interval_start.strftime('%Y-%m-%d')}.json")
           ^^^^^^^^^^^^
AttributeError: 'NoneType' object has no attribute 'to_json'
[2026-02-18T06:59:01.449+0000] {taskinstance.py:1206} INFO - Marking task as FAILED. dag_id=dag_moex, task_id=task_AAPL, run_id=scheduled__2026-01-03T00:00:00+00:00, execution_date=20260103T000000, start_date=20260218T065902, end_date=20260218T065901
[2026-02-18T06:59:01.461+0000] {standard_task_runner.py:110} ERROR - Failed to execute job 269 for task task_AAPL ('NoneType' object has no attribute 'to_json'; 498)
[2026-02-18T06:59:01.503+0000] {local_task_job_runner.py:243} INFO - Task exited with return code 1
[2026-02-18T06:59:01.510+0000] {local_task_job_runner.py:222} INFO - ::endgroup::
[2026-02-18T07:12:44.633+0000] {local_task_job_runner.py:120} INFO - ::group::Pre task execution logs
[2026-02-18T07:12:44.684+0000] {taskinstance.py:2076} INFO - Dependencies all met for dep_context=non-requeueable deps ti=<TaskInstance: dag_moex.task_AAPL scheduled__2026-01-03T00:00:00+00:00 [queued]>
[2026-02-18T07:12:44.703+0000] {taskinstance.py:2076} INFO - Dependencies all met for dep_context=requeueable deps ti=<TaskInstance: dag_moex.task_AAPL scheduled__2026-01-03T00:00:00+00:00 [queued]>
[2026-02-18T07:12:44.704+0000] {taskinstance.py:2306} INFO - Starting attempt 1 of 1
[2026-02-18T07:12:44.727+0000] {taskinstance.py:2330} INFO - Executing <Task(PythonOperator): task_AAPL> on 2026-01-03 00:00:00+00:00
[2026-02-18T07:12:44.743+0000] {logging_mixin.py:188} WARNING - /home/***/.local/lib/python3.12/site-packages/***/task/task_runner/standard_task_runner.py:62 DeprecationWarning: This process (pid=1283) is multi-threaded, use of fork() may lead to deadlocks in the child.
[2026-02-18T07:12:44.747+0000] {standard_task_runner.py:64} INFO - Started process 1314 to run task
[2026-02-18T07:12:44.747+0000] {standard_task_runner.py:90} INFO - Running: ['***', 'tasks', 'run', 'dag_moex', 'task_AAPL', 'scheduled__2026-01-03T00:00:00+00:00', '--job-id', '385', '--raw', '--subdir', 'DAGS_FOLDER/stocks/dag1.py', '--cfg-path', '/tmp/tmpdj4f77wz']
[2026-02-18T07:12:44.750+0000] {standard_task_runner.py:91} INFO - Job 385: Subtask task_AAPL
[2026-02-18T07:12:44.820+0000] {task_command.py:426} INFO - Running <TaskInstance: dag_moex.task_AAPL scheduled__2026-01-03T00:00:00+00:00 [running]> on host cc036e7caf02
[2026-02-18T07:12:44.934+0000] {taskinstance.py:2648} INFO - Exporting env vars: AIRFLOW_CTX_DAG_OWNER='***' AIRFLOW_CTX_DAG_ID='dag_moex' AIRFLOW_CTX_TASK_ID='task_AAPL' AIRFLOW_CTX_EXECUTION_DATE='2026-01-03T00:00:00+00:00' AIRFLOW_CTX_TRY_NUMBER='1' AIRFLOW_CTX_DAG_RUN_ID='scheduled__2026-01-03T00:00:00+00:00'
[2026-02-18T07:12:44.936+0000] {taskinstance.py:430} INFO - ::endgroup::
[2026-02-18T07:12:44.954+0000] {manager.py:8} INFO - log
[2026-02-18T07:12:44.957+0000] {logging_mixin.py:188} WARNING - /opt/***/dags/stocks/scripts/api.py:9 FutureWarning: YF.download() has changed argument auto_adjust default to True
[2026-02-18T07:12:44.973+0000] {logging_mixin.py:188} WARNING - /home/***/.local/lib/python3.12/site-packages/yfinance/scrapers/history.py:204 Pandas4Warning: Timestamp.utcnow is deprecated and will be removed in a future version. Use Timestamp.now('UTC') instead.
[2026-02-18T07:12:45.798+0000] {logging_mixin.py:188} WARNING - [*********************100%***********************]  1 of 1 completed
[2026-02-18T07:12:45.808+0000] {manager.py:10} INFO - Empty DataFrame
Columns: [(Close, AAPL), (High, AAPL), (Low, AAPL), (Open, AAPL), (Volume, AAPL)]
Index: []
[2026-02-18T07:12:45.817+0000] {python.py:237} INFO - Done. Returned value was: None
[2026-02-18T07:12:45.818+0000] {taskinstance.py:441} INFO - ::group::Post task execution logs
[2026-02-18T07:12:45.827+0000] {taskinstance.py:1206} INFO - Marking task as SUCCESS. dag_id=dag_moex, task_id=task_AAPL, run_id=scheduled__2026-01-03T00:00:00+00:00, execution_date=20260103T000000, start_date=20260218T071244, end_date=20260218T071245
[2026-02-18T07:12:45.850+0000] {local_task_job_runner.py:243} INFO - Task exited with return code 0
[2026-02-18T07:12:45.872+0000] {taskinstance.py:3503} INFO - 0 downstream tasks scheduled from follow-on schedule check
[2026-02-18T07:12:45.874+0000] {local_task_job_runner.py:222} INFO - ::endgroup::
[2026-02-19T14:09:22.838+0000] {local_task_job_runner.py:120} INFO - ::group::Pre task execution logs
[2026-02-19T14:09:22.879+0000] {taskinstance.py:2076} INFO - Dependencies all met for dep_context=non-requeueable deps ti=<TaskInstance: dag_moex.task_AAPL scheduled__2026-01-03T00:00:00+00:00 [queued]>
[2026-02-19T14:09:22.895+0000] {taskinstance.py:2076} INFO - Dependencies all met for dep_context=requeueable deps ti=<TaskInstance: dag_moex.task_AAPL scheduled__2026-01-03T00:00:00+00:00 [queued]>
[2026-02-19T14:09:22.897+0000] {taskinstance.py:2306} INFO - Starting attempt 1 of 1
[2026-02-19T14:09:22.928+0000] {taskinstance.py:2330} INFO - Executing <Task(PythonOperator): task_AAPL> on 2026-01-03 00:00:00+00:00
[2026-02-19T14:09:22.943+0000] {logging_mixin.py:188} WARNING - /home/***/.local/lib/python3.12/site-packages/***/task/task_runner/standard_task_runner.py:62 DeprecationWarning: This process (pid=29834) is multi-threaded, use of fork() may lead to deadlocks in the child.
[2026-02-19T14:09:22.945+0000] {standard_task_runner.py:64} INFO - Started process 29861 to run task
[2026-02-19T14:09:22.950+0000] {standard_task_runner.py:90} INFO - Running: ['***', 'tasks', 'run', 'dag_moex', 'task_AAPL', 'scheduled__2026-01-03T00:00:00+00:00', '--job-id', '944', '--raw', '--subdir', 'DAGS_FOLDER/stocks/dag1.py', '--cfg-path', '/tmp/tmpsr8gi1e1']
[2026-02-19T14:09:22.954+0000] {standard_task_runner.py:91} INFO - Job 944: Subtask task_AAPL
[2026-02-19T14:09:23.057+0000] {task_command.py:426} INFO - Running <TaskInstance: dag_moex.task_AAPL scheduled__2026-01-03T00:00:00+00:00 [running]> on host cc036e7caf02
[2026-02-19T14:09:23.212+0000] {taskinstance.py:2648} INFO - Exporting env vars: AIRFLOW_CTX_DAG_OWNER='***' AIRFLOW_CTX_DAG_ID='dag_moex' AIRFLOW_CTX_TASK_ID='task_AAPL' AIRFLOW_CTX_EXECUTION_DATE='2026-01-03T00:00:00+00:00' AIRFLOW_CTX_TRY_NUMBER='1' AIRFLOW_CTX_DAG_RUN_ID='scheduled__2026-01-03T00:00:00+00:00'
[2026-02-19T14:09:23.215+0000] {taskinstance.py:430} INFO - ::endgroup::
[2026-02-19T14:09:23.237+0000] {logging_mixin.py:188} WARNING - /opt/***/dags/stocks/scripts/api.py:9 FutureWarning: YF.download() has changed argument auto_adjust default to True
[2026-02-19T14:09:23.253+0000] {logging_mixin.py:188} WARNING - /home/***/.local/lib/python3.12/site-packages/yfinance/scrapers/history.py:204 Pandas4Warning: Timestamp.utcnow is deprecated and will be removed in a future version. Use Timestamp.now('UTC') instead.
[2026-02-19T14:09:24.159+0000] {logging_mixin.py:188} WARNING - [*********************100%***********************]  1 of 1 completed
[2026-02-19T14:09:24.172+0000] {api.py:10} INFO - Выгрузилось
    __________________________
    Price            Close        High         Low        Open    Volume
Ticker            AAPL        AAPL        AAPL        AAPL      AAPL
Date                                                                
2026-01-02  270.756653  277.580254  268.748522  272.005484  37838100
    __________________________
    
[2026-02-19T14:09:24.173+0000] {api.py:16} INFO - start=2026-01-02, end=2026-01-04
[2026-02-19T14:09:24.175+0000] {api.py:17} INFO - После удаления
    __________________________
    Empty DataFrame
Columns: [(Close, AAPL), (High, AAPL), (Low, AAPL), (Open, AAPL), (Volume, AAPL)]
Index: []
    __________________________
    
[2026-02-19T14:09:24.185+0000] {base.py:84} INFO - Using connection ID 'pg_1' for task execution.
[2026-02-19T14:09:24.186+0000] {sql.py:254} WARNING - This setter is for backward compatibility and should not be used.
Since the introduction of connection property, the providers listed below breaks due to assigning value to self.connection in their __init__ method.
* apache-***-providers-mysql<5.7.1
* apache-***-providers-elasticsearch<5.5.1
* apache-***-providers-postgres<5.13.0
[2026-02-19T14:09:24.190+0000] {sql.py:908} INFO - Done loading. Loaded a total of 0 rows into stocks
[2026-02-19T14:09:24.195+0000] {python.py:237} INFO - Done. Returned value was: None
[2026-02-19T14:09:24.195+0000] {taskinstance.py:441} INFO - ::group::Post task execution logs
[2026-02-19T14:09:24.203+0000] {taskinstance.py:1206} INFO - Marking task as SUCCESS. dag_id=dag_moex, task_id=task_AAPL, run_id=scheduled__2026-01-03T00:00:00+00:00, execution_date=20260103T000000, start_date=20260219T140922, end_date=20260219T140924
[2026-02-19T14:09:24.250+0000] {local_task_job_runner.py:243} INFO - Task exited with return code 0
[2026-02-19T14:09:24.265+0000] {taskinstance.py:3503} INFO - 0 downstream tasks scheduled from follow-on schedule check
[2026-02-19T14:09:24.266+0000] {local_task_job_runner.py:222} INFO - ::endgroup::
[2026-02-19T14:10:24.721+0000] {local_task_job_runner.py:120} INFO - ::group::Pre task execution logs
[2026-02-19T14:10:24.779+0000] {taskinstance.py:2076} INFO - Dependencies all met for dep_context=non-requeueable deps ti=<TaskInstance: dag_moex.task_AAPL scheduled__2026-01-03T00:00:00+00:00 [queued]>
[2026-02-19T14:10:24.795+0000] {taskinstance.py:2076} INFO - Dependencies all met for dep_context=requeueable deps ti=<TaskInstance: dag_moex.task_AAPL scheduled__2026-01-03T00:00:00+00:00 [queued]>
[2026-02-19T14:10:24.797+0000] {taskinstance.py:2306} INFO - Starting attempt 1 of 1
[2026-02-19T14:10:24.837+0000] {taskinstance.py:2330} INFO - Executing <Task(PythonOperator): task_AAPL> on 2026-01-03 00:00:00+00:00
[2026-02-19T14:10:24.851+0000] {logging_mixin.py:188} WARNING - /home/***/.local/lib/python3.12/site-packages/***/task/task_runner/standard_task_runner.py:62 DeprecationWarning: This process (pid=30007) is multi-threaded, use of fork() may lead to deadlocks in the child.
[2026-02-19T14:10:24.853+0000] {standard_task_runner.py:64} INFO - Started process 30034 to run task
[2026-02-19T14:10:24.853+0000] {standard_task_runner.py:90} INFO - Running: ['***', 'tasks', 'run', 'dag_moex', 'task_AAPL', 'scheduled__2026-01-03T00:00:00+00:00', '--job-id', '986', '--raw', '--subdir', 'DAGS_FOLDER/stocks/dag1.py', '--cfg-path', '/tmp/tmpk0tiuunh']
[2026-02-19T14:10:24.866+0000] {standard_task_runner.py:91} INFO - Job 986: Subtask task_AAPL
[2026-02-19T14:10:24.987+0000] {task_command.py:426} INFO - Running <TaskInstance: dag_moex.task_AAPL scheduled__2026-01-03T00:00:00+00:00 [running]> on host cc036e7caf02
[2026-02-19T14:10:25.136+0000] {taskinstance.py:2648} INFO - Exporting env vars: AIRFLOW_CTX_DAG_OWNER='***' AIRFLOW_CTX_DAG_ID='dag_moex' AIRFLOW_CTX_TASK_ID='task_AAPL' AIRFLOW_CTX_EXECUTION_DATE='2026-01-03T00:00:00+00:00' AIRFLOW_CTX_TRY_NUMBER='1' AIRFLOW_CTX_DAG_RUN_ID='scheduled__2026-01-03T00:00:00+00:00'
[2026-02-19T14:10:25.141+0000] {taskinstance.py:430} INFO - ::endgroup::
[2026-02-19T14:10:25.157+0000] {logging_mixin.py:188} WARNING - /opt/***/dags/stocks/scripts/api.py:9 FutureWarning: YF.download() has changed argument auto_adjust default to True
[2026-02-19T14:10:25.169+0000] {logging_mixin.py:188} WARNING - /home/***/.local/lib/python3.12/site-packages/yfinance/scrapers/history.py:204 Pandas4Warning: Timestamp.utcnow is deprecated and will be removed in a future version. Use Timestamp.now('UTC') instead.
[2026-02-19T14:10:26.066+0000] {logging_mixin.py:188} WARNING - [*********************100%***********************]  1 of 1 completed
[2026-02-19T14:10:26.093+0000] {api.py:10} INFO - Выгрузилось
    __________________________
    Price            Close        High         Low        Open    Volume
Ticker            AAPL        AAPL        AAPL        AAPL      AAPL
Date                                                                
2026-01-02  270.756653  277.580254  268.748522  272.005484  37838100
    __________________________
    
[2026-02-19T14:10:26.095+0000] {api.py:16} INFO - start=2026-01-02, end=2026-01-04
[2026-02-19T14:10:26.097+0000] {api.py:17} INFO - После удаления
    __________________________
    Empty DataFrame
Columns: [(Close, AAPL), (High, AAPL), (Low, AAPL), (Open, AAPL), (Volume, AAPL)]
Index: []
    __________________________
    
[2026-02-19T14:10:26.113+0000] {base.py:84} INFO - Using connection ID 'pg_1' for task execution.
[2026-02-19T14:10:26.114+0000] {sql.py:254} WARNING - This setter is for backward compatibility and should not be used.
Since the introduction of connection property, the providers listed below breaks due to assigning value to self.connection in their __init__ method.
* apache-***-providers-mysql<5.7.1
* apache-***-providers-elasticsearch<5.5.1
* apache-***-providers-postgres<5.13.0
[2026-02-19T14:10:26.119+0000] {sql.py:908} INFO - Done loading. Loaded a total of 0 rows into stocks
[2026-02-19T14:10:26.128+0000] {python.py:237} INFO - Done. Returned value was: None
[2026-02-19T14:10:26.129+0000] {taskinstance.py:441} INFO - ::group::Post task execution logs
[2026-02-19T14:10:26.143+0000] {taskinstance.py:1206} INFO - Marking task as SUCCESS. dag_id=dag_moex, task_id=task_AAPL, run_id=scheduled__2026-01-03T00:00:00+00:00, execution_date=20260103T000000, start_date=20260219T141024, end_date=20260219T141026
[2026-02-19T14:10:26.204+0000] {local_task_job_runner.py:243} INFO - Task exited with return code 0
[2026-02-19T14:10:26.231+0000] {taskinstance.py:3503} INFO - 0 downstream tasks scheduled from follow-on schedule check
[2026-02-19T14:10:26.234+0000] {local_task_job_runner.py:222} INFO - ::endgroup::
[2026-02-19T14:13:30.998+0000] {local_task_job_runner.py:120} INFO - ::group::Pre task execution logs
[2026-02-19T14:13:31.057+0000] {taskinstance.py:2076} INFO - Dependencies all met for dep_context=non-requeueable deps ti=<TaskInstance: dag_moex.task_AAPL scheduled__2026-01-03T00:00:00+00:00 [queued]>
[2026-02-19T14:13:31.084+0000] {taskinstance.py:2076} INFO - Dependencies all met for dep_context=requeueable deps ti=<TaskInstance: dag_moex.task_AAPL scheduled__2026-01-03T00:00:00+00:00 [queued]>
[2026-02-19T14:13:31.085+0000] {taskinstance.py:2306} INFO - Starting attempt 1 of 1
[2026-02-19T14:13:31.122+0000] {taskinstance.py:2330} INFO - Executing <Task(PythonOperator): task_AAPL> on 2026-01-03 00:00:00+00:00
[2026-02-19T14:13:31.137+0000] {logging_mixin.py:188} WARNING - /home/***/.local/lib/python3.12/site-packages/***/task/task_runner/standard_task_runner.py:62 DeprecationWarning: This process (pid=30223) is multi-threaded, use of fork() may lead to deadlocks in the child.
[2026-02-19T14:13:31.140+0000] {standard_task_runner.py:64} INFO - Started process 30250 to run task
[2026-02-19T14:13:31.137+0000] {standard_task_runner.py:90} INFO - Running: ['***', 'tasks', 'run', 'dag_moex', 'task_AAPL', 'scheduled__2026-01-03T00:00:00+00:00', '--job-id', '1021', '--raw', '--subdir', 'DAGS_FOLDER/stocks/dag1.py', '--cfg-path', '/tmp/tmpf9mrbqeu']
[2026-02-19T14:13:31.146+0000] {standard_task_runner.py:91} INFO - Job 1021: Subtask task_AAPL
[2026-02-19T14:13:31.285+0000] {task_command.py:426} INFO - Running <TaskInstance: dag_moex.task_AAPL scheduled__2026-01-03T00:00:00+00:00 [running]> on host cc036e7caf02
[2026-02-19T14:13:31.436+0000] {taskinstance.py:2648} INFO - Exporting env vars: AIRFLOW_CTX_DAG_OWNER='***' AIRFLOW_CTX_DAG_ID='dag_moex' AIRFLOW_CTX_TASK_ID='task_AAPL' AIRFLOW_CTX_EXECUTION_DATE='2026-01-03T00:00:00+00:00' AIRFLOW_CTX_TRY_NUMBER='1' AIRFLOW_CTX_DAG_RUN_ID='scheduled__2026-01-03T00:00:00+00:00'
[2026-02-19T14:13:31.438+0000] {taskinstance.py:430} INFO - ::endgroup::
[2026-02-19T14:13:31.459+0000] {logging_mixin.py:188} WARNING - /opt/***/dags/stocks/scripts/api.py:9 FutureWarning: YF.download() has changed argument auto_adjust default to True
[2026-02-19T14:13:31.472+0000] {logging_mixin.py:188} WARNING - /home/***/.local/lib/python3.12/site-packages/yfinance/scrapers/history.py:204 Pandas4Warning: Timestamp.utcnow is deprecated and will be removed in a future version. Use Timestamp.now('UTC') instead.
[2026-02-19T14:13:32.223+0000] {logging_mixin.py:188} WARNING - [*********************100%***********************]  1 of 1 completed
[2026-02-19T14:13:32.240+0000] {api.py:10} INFO - Выгрузилось
    __________________________
    Price            Close        High         Low        Open    Volume
Ticker            AAPL        AAPL        AAPL        AAPL      AAPL
Date                                                                
2026-01-02  270.756653  277.580254  268.748522  272.005484  37838100
    __________________________
    
[2026-02-19T14:13:32.242+0000] {api.py:16} INFO - start=2026-01-02, end=2026-01-04
[2026-02-19T14:13:32.244+0000] {api.py:17} INFO - После удаления
    __________________________
    Empty DataFrame
Columns: [(Close, AAPL), (High, AAPL), (Low, AAPL), (Open, AAPL), (Volume, AAPL)]
Index: []
    __________________________
    
[2026-02-19T14:13:32.261+0000] {base.py:84} INFO - Using connection ID 'pg_1' for task execution.
[2026-02-19T14:13:32.261+0000] {sql.py:254} WARNING - This setter is for backward compatibility and should not be used.
Since the introduction of connection property, the providers listed below breaks due to assigning value to self.connection in their __init__ method.
* apache-***-providers-mysql<5.7.1
* apache-***-providers-elasticsearch<5.5.1
* apache-***-providers-postgres<5.13.0
[2026-02-19T14:13:32.267+0000] {sql.py:908} INFO - Done loading. Loaded a total of 0 rows into stocks
[2026-02-19T14:13:32.273+0000] {python.py:237} INFO - Done. Returned value was: None
[2026-02-19T14:13:32.274+0000] {taskinstance.py:441} INFO - ::group::Post task execution logs
[2026-02-19T14:13:32.282+0000] {taskinstance.py:1206} INFO - Marking task as SUCCESS. dag_id=dag_moex, task_id=task_AAPL, run_id=scheduled__2026-01-03T00:00:00+00:00, execution_date=20260103T000000, start_date=20260219T141331, end_date=20260219T141332
[2026-02-19T14:13:32.325+0000] {local_task_job_runner.py:243} INFO - Task exited with return code 0
[2026-02-19T14:13:32.344+0000] {taskinstance.py:3503} INFO - 0 downstream tasks scheduled from follow-on schedule check
[2026-02-19T14:13:32.346+0000] {local_task_job_runner.py:222} INFO - ::endgroup::
[2026-02-19T14:18:09.526+0000] {local_task_job_runner.py:120} INFO - ::group::Pre task execution logs
[2026-02-19T14:18:09.593+0000] {taskinstance.py:2076} INFO - Dependencies all met for dep_context=non-requeueable deps ti=<TaskInstance: dag_moex.task_AAPL scheduled__2026-01-03T00:00:00+00:00 [queued]>
[2026-02-19T14:18:09.607+0000] {taskinstance.py:2076} INFO - Dependencies all met for dep_context=requeueable deps ti=<TaskInstance: dag_moex.task_AAPL scheduled__2026-01-03T00:00:00+00:00 [queued]>
[2026-02-19T14:18:09.608+0000] {taskinstance.py:2306} INFO - Starting attempt 1 of 1
[2026-02-19T14:18:09.664+0000] {taskinstance.py:2330} INFO - Executing <Task(PythonOperator): task_AAPL> on 2026-01-03 00:00:00+00:00
[2026-02-19T14:18:09.685+0000] {logging_mixin.py:188} WARNING - /home/***/.local/lib/python3.12/site-packages/***/task/task_runner/standard_task_runner.py:62 DeprecationWarning: This process (pid=30484) is multi-threaded, use of fork() may lead to deadlocks in the child.
[2026-02-19T14:18:09.688+0000] {standard_task_runner.py:64} INFO - Started process 30516 to run task
[2026-02-19T14:18:09.686+0000] {standard_task_runner.py:90} INFO - Running: ['***', 'tasks', 'run', 'dag_moex', 'task_AAPL', 'scheduled__2026-01-03T00:00:00+00:00', '--job-id', '1062', '--raw', '--subdir', 'DAGS_FOLDER/stocks/dag1.py', '--cfg-path', '/tmp/tmp6f32qq12']
[2026-02-19T14:18:09.691+0000] {standard_task_runner.py:91} INFO - Job 1062: Subtask task_AAPL
[2026-02-19T14:18:09.768+0000] {task_command.py:426} INFO - Running <TaskInstance: dag_moex.task_AAPL scheduled__2026-01-03T00:00:00+00:00 [running]> on host cc036e7caf02
[2026-02-19T14:18:09.900+0000] {taskinstance.py:2648} INFO - Exporting env vars: AIRFLOW_CTX_DAG_OWNER='***' AIRFLOW_CTX_DAG_ID='dag_moex' AIRFLOW_CTX_TASK_ID='task_AAPL' AIRFLOW_CTX_EXECUTION_DATE='2026-01-03T00:00:00+00:00' AIRFLOW_CTX_TRY_NUMBER='1' AIRFLOW_CTX_DAG_RUN_ID='scheduled__2026-01-03T00:00:00+00:00'
[2026-02-19T14:18:09.902+0000] {taskinstance.py:430} INFO - ::endgroup::
[2026-02-19T14:18:09.926+0000] {logging_mixin.py:188} WARNING - /opt/***/dags/stocks/scripts/api.py:9 FutureWarning: YF.download() has changed argument auto_adjust default to True
[2026-02-19T14:18:09.938+0000] {logging_mixin.py:188} WARNING - /home/***/.local/lib/python3.12/site-packages/yfinance/scrapers/history.py:204 Pandas4Warning: Timestamp.utcnow is deprecated and will be removed in a future version. Use Timestamp.now('UTC') instead.
[2026-02-19T14:18:11.037+0000] {logging_mixin.py:188} WARNING - [*********************100%***********************]  1 of 1 completed
[2026-02-19T14:18:11.053+0000] {api.py:10} INFO - Выгрузилось
    __________________________
    Price            Close        High         Low        Open    Volume
Ticker            AAPL        AAPL        AAPL        AAPL      AAPL
Date                                                                
2026-01-02  270.756653  277.580254  268.748522  272.005484  37838100
    __________________________
    
[2026-02-19T14:18:11.055+0000] {api.py:16} INFO - start=2026-01-02, end=2026-01-04
[2026-02-19T14:18:11.056+0000] {api.py:17} INFO - После удаления
    __________________________
    Empty DataFrame
Columns: [(Close, AAPL), (High, AAPL), (Low, AAPL), (Open, AAPL), (Volume, AAPL)]
Index: []
    __________________________
    
[2026-02-19T14:18:11.067+0000] {base.py:84} INFO - Using connection ID 'pg_1' for task execution.
[2026-02-19T14:18:11.068+0000] {sql.py:254} WARNING - This setter is for backward compatibility and should not be used.
Since the introduction of connection property, the providers listed below breaks due to assigning value to self.connection in their __init__ method.
* apache-***-providers-mysql<5.7.1
* apache-***-providers-elasticsearch<5.5.1
* apache-***-providers-postgres<5.13.0
[2026-02-19T14:18:11.071+0000] {sql.py:908} INFO - Done loading. Loaded a total of 0 rows into stocks
[2026-02-19T14:18:11.076+0000] {python.py:237} INFO - Done. Returned value was: None
[2026-02-19T14:18:11.077+0000] {taskinstance.py:441} INFO - ::group::Post task execution logs
[2026-02-19T14:18:11.084+0000] {taskinstance.py:1206} INFO - Marking task as SUCCESS. dag_id=dag_moex, task_id=task_AAPL, run_id=scheduled__2026-01-03T00:00:00+00:00, execution_date=20260103T000000, start_date=20260219T141809, end_date=20260219T141811
[2026-02-19T14:18:11.112+0000] {local_task_job_runner.py:243} INFO - Task exited with return code 0
[2026-02-19T14:18:11.129+0000] {taskinstance.py:3503} INFO - 0 downstream tasks scheduled from follow-on schedule check
[2026-02-19T14:18:11.131+0000] {local_task_job_runner.py:222} INFO - ::endgroup::
[2026-02-19T14:50:16.976+0000] {local_task_job_runner.py:120} INFO - ::group::Pre task execution logs
[2026-02-19T14:50:17.025+0000] {taskinstance.py:2076} INFO - Dependencies all met for dep_context=non-requeueable deps ti=<TaskInstance: dag_moex.task_AAPL scheduled__2026-01-03T00:00:00+00:00 [queued]>
[2026-02-19T14:50:17.055+0000] {taskinstance.py:2076} INFO - Dependencies all met for dep_context=requeueable deps ti=<TaskInstance: dag_moex.task_AAPL scheduled__2026-01-03T00:00:00+00:00 [queued]>
[2026-02-19T14:50:17.058+0000] {taskinstance.py:2306} INFO - Starting attempt 1 of 1
[2026-02-19T14:50:17.094+0000] {taskinstance.py:2330} INFO - Executing <Task(PythonOperator): task_AAPL> on 2026-01-03 00:00:00+00:00
[2026-02-19T14:50:17.112+0000] {logging_mixin.py:188} WARNING - /home/***/.local/lib/python3.12/site-packages/***/task/task_runner/standard_task_runner.py:62 DeprecationWarning: This process (pid=32386) is multi-threaded, use of fork() may lead to deadlocks in the child.
[2026-02-19T14:50:17.115+0000] {standard_task_runner.py:64} INFO - Started process 32413 to run task
[2026-02-19T14:50:17.115+0000] {standard_task_runner.py:90} INFO - Running: ['***', 'tasks', 'run', 'dag_moex', 'task_AAPL', 'scheduled__2026-01-03T00:00:00+00:00', '--job-id', '1345', '--raw', '--subdir', 'DAGS_FOLDER/stocks/dag1.py', '--cfg-path', '/tmp/tmpm7e93mbr']
[2026-02-19T14:50:17.119+0000] {standard_task_runner.py:91} INFO - Job 1345: Subtask task_AAPL
[2026-02-19T14:50:17.222+0000] {task_command.py:426} INFO - Running <TaskInstance: dag_moex.task_AAPL scheduled__2026-01-03T00:00:00+00:00 [running]> on host cc036e7caf02
[2026-02-19T14:50:17.343+0000] {taskinstance.py:2648} INFO - Exporting env vars: AIRFLOW_CTX_DAG_OWNER='***' AIRFLOW_CTX_DAG_ID='dag_moex' AIRFLOW_CTX_TASK_ID='task_AAPL' AIRFLOW_CTX_EXECUTION_DATE='2026-01-03T00:00:00+00:00' AIRFLOW_CTX_TRY_NUMBER='1' AIRFLOW_CTX_DAG_RUN_ID='scheduled__2026-01-03T00:00:00+00:00'
[2026-02-19T14:50:17.345+0000] {taskinstance.py:430} INFO - ::endgroup::
[2026-02-19T14:50:17.366+0000] {logging_mixin.py:188} WARNING - /opt/***/dags/stocks/scripts/api.py:9 FutureWarning: YF.download() has changed argument auto_adjust default to True
[2026-02-19T14:50:17.376+0000] {logging_mixin.py:188} WARNING - /home/***/.local/lib/python3.12/site-packages/yfinance/scrapers/history.py:204 Pandas4Warning: Timestamp.utcnow is deprecated and will be removed in a future version. Use Timestamp.now('UTC') instead.
[2026-02-19T14:50:18.283+0000] {logging_mixin.py:188} WARNING - [*********************100%***********************]  1 of 1 completed
[2026-02-19T14:50:18.308+0000] {base.py:84} INFO - Using connection ID 'pg_1' for task execution.
[2026-02-19T14:50:18.309+0000] {sql.py:254} WARNING - This setter is for backward compatibility and should not be used.
Since the introduction of connection property, the providers listed below breaks due to assigning value to self.connection in their __init__ method.
* apache-***-providers-mysql<5.7.1
* apache-***-providers-elasticsearch<5.5.1
* apache-***-providers-postgres<5.13.0
[2026-02-19T14:50:18.315+0000] {taskinstance.py:441} INFO - ::group::Post task execution logs
[2026-02-19T14:50:18.316+0000] {taskinstance.py:2905} ERROR - Task failed with exception
Traceback (most recent call last):
  File "/home/airflow/.local/lib/python3.12/site-packages/airflow/models/taskinstance.py", line 465, in _execute_task
    result = _execute_callable(context=context, **execute_callable_kwargs)
             ^^^^^^^^^^^^^^^^^^^^^^^^^^^^^^^^^^^^^^^^^^^^^^^^^^^^^^^^^^^^^
  File "/home/airflow/.local/lib/python3.12/site-packages/airflow/models/taskinstance.py", line 432, in _execute_callable
    return execute_callable(context=context, **execute_callable_kwargs)
           ^^^^^^^^^^^^^^^^^^^^^^^^^^^^^^^^^^^^^^^^^^^^^^^^^^^^^^^^^^^^
  File "/home/airflow/.local/lib/python3.12/site-packages/airflow/models/baseoperator.py", line 401, in wrapper
    return func(self, *args, **kwargs)
           ^^^^^^^^^^^^^^^^^^^^^^^^^^^
  File "/home/airflow/.local/lib/python3.12/site-packages/airflow/operators/python.py", line 235, in execute
    return_value = self.execute_callable()
                   ^^^^^^^^^^^^^^^^^^^^^^^
  File "/home/airflow/.local/lib/python3.12/site-packages/airflow/operators/python.py", line 252, in execute_callable
    return self.python_callable(*self.op_args, **self.op_kwargs)
           ^^^^^^^^^^^^^^^^^^^^^^^^^^^^^^^^^^^^^^^^^^^^^^^^^^^^^
  File "/opt/airflow/dags/stocks/scripts/manager.py", line 24, in fetch_data
    postgresHook.insert_rows(table="stocks", rows=rows,
  File "/home/airflow/.local/lib/python3.12/site-packages/airflow/providers/common/sql/hooks/sql.py", line 893, in insert_rows
    cur.executemany(sql, values)
psycopg2.errors.UniqueViolation: duplicate key value violates unique constraint "stocks_pkey"
DETAIL:  Key (ticker, date)=(AAPL, 2026-01-02) already exists.

[2026-02-19T14:50:18.332+0000] {taskinstance.py:1206} INFO - Marking task as FAILED. dag_id=dag_moex, task_id=task_AAPL, run_id=scheduled__2026-01-03T00:00:00+00:00, execution_date=20260103T000000, start_date=20260219T145017, end_date=20260219T145018
[2026-02-19T14:50:18.345+0000] {standard_task_runner.py:110} ERROR - Failed to execute job 1345 for task task_AAPL (duplicate key value violates unique constraint "stocks_pkey"
DETAIL:  Key (ticker, date)=(AAPL, 2026-01-02) already exists.
; 32413)
[2026-02-19T14:50:18.381+0000] {local_task_job_runner.py:243} INFO - Task exited with return code 1
[2026-02-19T14:50:18.409+0000] {taskinstance.py:3503} INFO - 0 downstream tasks scheduled from follow-on schedule check
[2026-02-19T14:50:18.414+0000] {local_task_job_runner.py:222} INFO - ::endgroup::
