[2026-02-18T07:12:56.630+0000] {local_task_job_runner.py:120} INFO - ::group::Pre task execution logs
[2026-02-18T07:12:56.684+0000] {taskinstance.py:2076} INFO - Dependencies all met for dep_context=non-requeueable deps ti=<TaskInstance: dag_moex.task_GOOG scheduled__2026-01-14T00:00:00+00:00 [queued]>
[2026-02-18T07:12:56.699+0000] {taskinstance.py:2076} INFO - Dependencies all met for dep_context=requeueable deps ti=<TaskInstance: dag_moex.task_GOOG scheduled__2026-01-14T00:00:00+00:00 [queued]>
[2026-02-18T07:12:56.701+0000] {taskinstance.py:2306} INFO - Starting attempt 1 of 1
[2026-02-18T07:12:56.731+0000] {taskinstance.py:2330} INFO - Executing <Task(PythonOperator): task_GOOG> on 2026-01-14 00:00:00+00:00
[2026-02-18T07:12:56.749+0000] {logging_mixin.py:188} WARNING - /home/***/.local/lib/python3.12/site-packages/***/task/task_runner/standard_task_runner.py:62 DeprecationWarning: This process (pid=1422) is multi-threaded, use of fork() may lead to deadlocks in the child.
[2026-02-18T07:12:56.754+0000] {standard_task_runner.py:64} INFO - Started process 1454 to run task
[2026-02-18T07:12:56.763+0000] {standard_task_runner.py:90} INFO - Running: ['***', 'tasks', 'run', 'dag_moex', 'task_GOOG', 'scheduled__2026-01-14T00:00:00+00:00', '--job-id', '419', '--raw', '--subdir', 'DAGS_FOLDER/stocks/dag1.py', '--cfg-path', '/tmp/tmp2rjnogxq']
[2026-02-18T07:12:56.767+0000] {standard_task_runner.py:91} INFO - Job 419: Subtask task_GOOG
[2026-02-18T07:12:56.853+0000] {task_command.py:426} INFO - Running <TaskInstance: dag_moex.task_GOOG scheduled__2026-01-14T00:00:00+00:00 [running]> on host cc036e7caf02
[2026-02-18T07:12:56.959+0000] {taskinstance.py:2648} INFO - Exporting env vars: AIRFLOW_CTX_DAG_OWNER='***' AIRFLOW_CTX_DAG_ID='dag_moex' AIRFLOW_CTX_TASK_ID='task_GOOG' AIRFLOW_CTX_EXECUTION_DATE='2026-01-14T00:00:00+00:00' AIRFLOW_CTX_TRY_NUMBER='1' AIRFLOW_CTX_DAG_RUN_ID='scheduled__2026-01-14T00:00:00+00:00'
[2026-02-18T07:12:56.961+0000] {taskinstance.py:430} INFO - ::endgroup::
[2026-02-18T07:12:56.979+0000] {manager.py:8} INFO - log
[2026-02-18T07:12:56.982+0000] {logging_mixin.py:188} WARNING - /opt/***/dags/stocks/scripts/api.py:9 FutureWarning: YF.download() has changed argument auto_adjust default to True
[2026-02-18T07:12:56.991+0000] {logging_mixin.py:188} WARNING - /home/***/.local/lib/python3.12/site-packages/yfinance/scrapers/history.py:204 Pandas4Warning: Timestamp.utcnow is deprecated and will be removed in a future version. Use Timestamp.now('UTC') instead.
[2026-02-18T07:12:57.898+0000] {logging_mixin.py:188} WARNING - [*********************100%***********************]  1 of 1 completed
[2026-02-18T07:12:57.906+0000] {manager.py:10} INFO - Price            Close        High         Low        Open    Volume
Ticker            GOOG        GOOG        GOOG        GOOG      GOOG
Date                                                                
2026-01-14  336.309998  337.029999  331.140015  334.984985  17839300
[2026-02-18T07:12:57.917+0000] {python.py:237} INFO - Done. Returned value was: None
[2026-02-18T07:12:57.917+0000] {taskinstance.py:441} INFO - ::group::Post task execution logs
[2026-02-18T07:12:57.924+0000] {taskinstance.py:1206} INFO - Marking task as SUCCESS. dag_id=dag_moex, task_id=task_GOOG, run_id=scheduled__2026-01-14T00:00:00+00:00, execution_date=20260114T000000, start_date=20260218T071256, end_date=20260218T071257
[2026-02-18T07:12:57.949+0000] {local_task_job_runner.py:243} INFO - Task exited with return code 0
[2026-02-18T07:12:57.961+0000] {taskinstance.py:3503} INFO - 0 downstream tasks scheduled from follow-on schedule check
[2026-02-18T07:12:57.963+0000] {local_task_job_runner.py:222} INFO - ::endgroup::
[2026-02-19T12:59:19.820+0000] {local_task_job_runner.py:120} INFO - ::group::Pre task execution logs
[2026-02-19T12:59:19.864+0000] {taskinstance.py:2076} INFO - Dependencies all met for dep_context=non-requeueable deps ti=<TaskInstance: dag_moex.task_GOOG scheduled__2026-01-14T00:00:00+00:00 [queued]>
[2026-02-19T12:59:19.876+0000] {taskinstance.py:2076} INFO - Dependencies all met for dep_context=requeueable deps ti=<TaskInstance: dag_moex.task_GOOG scheduled__2026-01-14T00:00:00+00:00 [queued]>
[2026-02-19T12:59:19.877+0000] {taskinstance.py:2306} INFO - Starting attempt 1 of 1
[2026-02-19T12:59:19.889+0000] {taskinstance.py:2330} INFO - Executing <Task(PythonOperator): task_GOOG> on 2026-01-14 00:00:00+00:00
[2026-02-19T12:59:19.897+0000] {logging_mixin.py:188} WARNING - /home/***/.local/lib/python3.12/site-packages/***/task/task_runner/standard_task_runner.py:62 DeprecationWarning: This process (pid=27852) is multi-threaded, use of fork() may lead to deadlocks in the child.
[2026-02-19T12:59:19.898+0000] {standard_task_runner.py:64} INFO - Started process 27879 to run task
[2026-02-19T12:59:19.897+0000] {standard_task_runner.py:90} INFO - Running: ['***', 'tasks', 'run', 'dag_moex', 'task_GOOG', 'scheduled__2026-01-14T00:00:00+00:00', '--job-id', '864', '--raw', '--subdir', 'DAGS_FOLDER/stocks/dag1.py', '--cfg-path', '/tmp/tmpeei2ug5j']
[2026-02-19T12:59:19.899+0000] {standard_task_runner.py:91} INFO - Job 864: Subtask task_GOOG
[2026-02-19T12:59:19.934+0000] {task_command.py:426} INFO - Running <TaskInstance: dag_moex.task_GOOG scheduled__2026-01-14T00:00:00+00:00 [running]> on host cc036e7caf02
[2026-02-19T12:59:20.000+0000] {taskinstance.py:2648} INFO - Exporting env vars: AIRFLOW_CTX_DAG_OWNER='***' AIRFLOW_CTX_DAG_ID='dag_moex' AIRFLOW_CTX_TASK_ID='task_GOOG' AIRFLOW_CTX_EXECUTION_DATE='2026-01-14T00:00:00+00:00' AIRFLOW_CTX_TRY_NUMBER='1' AIRFLOW_CTX_DAG_RUN_ID='scheduled__2026-01-14T00:00:00+00:00'
[2026-02-19T12:59:20.001+0000] {taskinstance.py:430} INFO - ::endgroup::
[2026-02-19T12:59:20.011+0000] {logging_mixin.py:188} WARNING - /opt/***/dags/stocks/scripts/api.py:10 FutureWarning: YF.download() has changed argument auto_adjust default to True
[2026-02-19T12:59:20.016+0000] {logging_mixin.py:188} WARNING - /home/***/.local/lib/python3.12/site-packages/yfinance/scrapers/history.py:204 Pandas4Warning: Timestamp.utcnow is deprecated and will be removed in a future version. Use Timestamp.now('UTC') instead.
[2026-02-19T12:59:20.736+0000] {logging_mixin.py:188} WARNING - [*********************100%***********************]  1 of 1 completed
[2026-02-19T12:59:20.754+0000] {api.py:11} INFO - Выгрузилось
    __________________________
    Price            Close        High         Low        Open    Volume
Ticker            GOOG        GOOG        GOOG        GOOG      GOOG
Date                                                                
2026-01-13  336.429993  341.200012  334.350006  335.279999  24616700
2026-01-14  336.309998  337.029999  331.140015  334.984985  17839300
    __________________________
    
[2026-02-19T12:59:20.756+0000] {api.py:17} INFO - start=2026-01-13, end=2026-01-15
[2026-02-19T12:59:20.761+0000] {api.py:18} INFO - После удаления
    __________________________
    Price            Close        High         Low        Open    Volume
Ticker            GOOG        GOOG        GOOG        GOOG      GOOG
Date                                                                
2026-01-14  336.309998  337.029999  331.140015  334.984985  17839300
    __________________________
    
[2026-02-19T12:59:20.770+0000] {base.py:84} INFO - Using connection ID 'pg_1' for task execution.
[2026-02-19T12:59:20.772+0000] {sql.py:254} WARNING - This setter is for backward compatibility and should not be used.
Since the introduction of connection property, the providers listed below breaks due to assigning value to self.connection in their __init__ method.
* apache-***-providers-mysql<5.7.1
* apache-***-providers-elasticsearch<5.5.1
* apache-***-providers-postgres<5.13.0
[2026-02-19T12:59:20.776+0000] {sql.py:896} INFO - Loaded 1 rows into stocks so far
[2026-02-19T12:59:20.777+0000] {sql.py:908} INFO - Done loading. Loaded a total of 1 rows into stocks
[2026-02-19T12:59:20.781+0000] {python.py:237} INFO - Done. Returned value was: None
[2026-02-19T12:59:20.782+0000] {taskinstance.py:441} INFO - ::group::Post task execution logs
[2026-02-19T12:59:20.788+0000] {taskinstance.py:1206} INFO - Marking task as SUCCESS. dag_id=dag_moex, task_id=task_GOOG, run_id=scheduled__2026-01-14T00:00:00+00:00, execution_date=20260114T000000, start_date=20260219T125919, end_date=20260219T125920
[2026-02-19T12:59:20.833+0000] {local_task_job_runner.py:243} INFO - Task exited with return code 0
[2026-02-19T12:59:20.851+0000] {taskinstance.py:3503} INFO - 0 downstream tasks scheduled from follow-on schedule check
[2026-02-19T12:59:20.853+0000] {local_task_job_runner.py:222} INFO - ::endgroup::
[2026-02-19T13:03:42.690+0000] {local_task_job_runner.py:120} INFO - ::group::Pre task execution logs
[2026-02-19T13:03:42.732+0000] {taskinstance.py:2076} INFO - Dependencies all met for dep_context=non-requeueable deps ti=<TaskInstance: dag_moex.task_GOOG scheduled__2026-01-14T00:00:00+00:00 [queued]>
[2026-02-19T13:03:42.744+0000] {taskinstance.py:2076} INFO - Dependencies all met for dep_context=requeueable deps ti=<TaskInstance: dag_moex.task_GOOG scheduled__2026-01-14T00:00:00+00:00 [queued]>
[2026-02-19T13:03:42.745+0000] {taskinstance.py:2306} INFO - Starting attempt 1 of 1
[2026-02-19T13:03:42.757+0000] {taskinstance.py:2330} INFO - Executing <Task(PythonOperator): task_GOOG> on 2026-01-14 00:00:00+00:00
[2026-02-19T13:03:42.765+0000] {logging_mixin.py:188} WARNING - /home/***/.local/lib/python3.12/site-packages/***/task/task_runner/standard_task_runner.py:62 DeprecationWarning: This process (pid=28158) is multi-threaded, use of fork() may lead to deadlocks in the child.
[2026-02-19T13:03:42.766+0000] {standard_task_runner.py:64} INFO - Started process 28185 to run task
[2026-02-19T13:03:42.765+0000] {standard_task_runner.py:90} INFO - Running: ['***', 'tasks', 'run', 'dag_moex', 'task_GOOG', 'scheduled__2026-01-14T00:00:00+00:00', '--job-id', '915', '--raw', '--subdir', 'DAGS_FOLDER/stocks/dag1.py', '--cfg-path', '/tmp/tmpu_qwrzvw']
[2026-02-19T13:03:42.767+0000] {standard_task_runner.py:91} INFO - Job 915: Subtask task_GOOG
[2026-02-19T13:03:42.806+0000] {task_command.py:426} INFO - Running <TaskInstance: dag_moex.task_GOOG scheduled__2026-01-14T00:00:00+00:00 [running]> on host cc036e7caf02
[2026-02-19T13:03:42.866+0000] {taskinstance.py:2648} INFO - Exporting env vars: AIRFLOW_CTX_DAG_OWNER='***' AIRFLOW_CTX_DAG_ID='dag_moex' AIRFLOW_CTX_TASK_ID='task_GOOG' AIRFLOW_CTX_EXECUTION_DATE='2026-01-14T00:00:00+00:00' AIRFLOW_CTX_TRY_NUMBER='1' AIRFLOW_CTX_DAG_RUN_ID='scheduled__2026-01-14T00:00:00+00:00'
[2026-02-19T13:03:42.867+0000] {taskinstance.py:430} INFO - ::endgroup::
[2026-02-19T13:03:42.878+0000] {logging_mixin.py:188} WARNING - /opt/***/dags/stocks/scripts/api.py:10 FutureWarning: YF.download() has changed argument auto_adjust default to True
[2026-02-19T13:03:42.884+0000] {logging_mixin.py:188} WARNING - /home/***/.local/lib/python3.12/site-packages/yfinance/scrapers/history.py:204 Pandas4Warning: Timestamp.utcnow is deprecated and will be removed in a future version. Use Timestamp.now('UTC') instead.
[2026-02-19T13:03:43.644+0000] {logging_mixin.py:188} WARNING - [*********************100%***********************]  1 of 1 completed
[2026-02-19T13:03:43.669+0000] {api.py:11} INFO - Выгрузилось
    __________________________
    Price            Close        High         Low        Open    Volume
Ticker            GOOG        GOOG        GOOG        GOOG      GOOG
Date                                                                
2026-01-13  336.429993  341.200012  334.350006  335.279999  24616700
2026-01-14  336.309998  337.029999  331.140015  334.984985  17839300
    __________________________
    
[2026-02-19T13:03:43.671+0000] {taskinstance.py:441} INFO - ::group::Post task execution logs
[2026-02-19T13:03:43.673+0000] {taskinstance.py:2905} ERROR - Task failed with exception
Traceback (most recent call last):
  File "/home/airflow/.local/lib/python3.12/site-packages/airflow/models/taskinstance.py", line 465, in _execute_task
    result = _execute_callable(context=context, **execute_callable_kwargs)
             ^^^^^^^^^^^^^^^^^^^^^^^^^^^^^^^^^^^^^^^^^^^^^^^^^^^^^^^^^^^^^
  File "/home/airflow/.local/lib/python3.12/site-packages/airflow/models/taskinstance.py", line 432, in _execute_callable
    return execute_callable(context=context, **execute_callable_kwargs)
           ^^^^^^^^^^^^^^^^^^^^^^^^^^^^^^^^^^^^^^^^^^^^^^^^^^^^^^^^^^^^
  File "/home/airflow/.local/lib/python3.12/site-packages/airflow/models/baseoperator.py", line 401, in wrapper
    return func(self, *args, **kwargs)
           ^^^^^^^^^^^^^^^^^^^^^^^^^^^
  File "/home/airflow/.local/lib/python3.12/site-packages/airflow/operators/python.py", line 235, in execute
    return_value = self.execute_callable()
                   ^^^^^^^^^^^^^^^^^^^^^^^
  File "/home/airflow/.local/lib/python3.12/site-packages/airflow/operators/python.py", line 252, in execute_callable
    return self.python_callable(*self.op_args, **self.op_kwargs)
           ^^^^^^^^^^^^^^^^^^^^^^^^^^^^^^^^^^^^^^^^^^^^^^^^^^^^^
  File "/opt/airflow/dags/stocks/scripts/manager.py", line 11, in fetch_data
    data = fetch_data_from_yfinance(stock, data_interval_start=data_interval_start, data_interval_end=data_interval_end)
           ^^^^^^^^^^^^^^^^^^^^^^^^^^^^^^^^^^^^^^^^^^^^^^^^^^^^^^^^^^^^^^^^^^^^^^^^^^^^^^^^^^^^^^^^^^^^^^^^^^^^^^^^^^^^^
  File "/opt/airflow/dags/stocks/scripts/api.py", line 16, in fetch_data_from_yfinance
    df.drop(index=start, inplace=True)
  File "/home/airflow/.local/lib/python3.12/site-packages/pandas/core/frame.py", line 6288, in drop
    return super().drop(
           ^^^^^^^^^^^^^
  File "/home/airflow/.local/lib/python3.12/site-packages/pandas/core/generic.py", line 4644, in drop
    obj = obj._drop_axis(labels, axis, level=level, errors=errors)
          ^^^^^^^^^^^^^^^^^^^^^^^^^^^^^^^^^^^^^^^^^^^^^^^^^^^^^^^^
  File "/home/airflow/.local/lib/python3.12/site-packages/pandas/core/generic.py", line 4686, in _drop_axis
    new_axis = axis.drop(labels, errors=errors)
               ^^^^^^^^^^^^^^^^^^^^^^^^^^^^^^^^
  File "/home/airflow/.local/lib/python3.12/site-packages/pandas/core/indexes/base.py", line 7268, in drop
    raise KeyError(f"{labels[mask].tolist()} not found in axis")
KeyError: "[DateTime(2026, 1, 13, 0, 0, 0, tzinfo=Timezone('UTC'))] not found in axis"
[2026-02-19T13:03:43.702+0000] {taskinstance.py:1206} INFO - Marking task as FAILED. dag_id=dag_moex, task_id=task_GOOG, run_id=scheduled__2026-01-14T00:00:00+00:00, execution_date=20260114T000000, start_date=20260219T130342, end_date=20260219T130343
[2026-02-19T13:03:43.718+0000] {standard_task_runner.py:110} ERROR - Failed to execute job 915 for task task_GOOG ("[DateTime(2026, 1, 13, 0, 0, 0, tzinfo=Timezone('UTC'))] not found in axis"; 28185)
[2026-02-19T13:03:43.742+0000] {local_task_job_runner.py:243} INFO - Task exited with return code 1
[2026-02-19T13:03:43.762+0000] {taskinstance.py:3503} INFO - 0 downstream tasks scheduled from follow-on schedule check
[2026-02-19T13:03:43.766+0000] {local_task_job_runner.py:222} INFO - ::endgroup::
[2026-02-19T14:50:27.726+0000] {local_task_job_runner.py:120} INFO - ::group::Pre task execution logs
[2026-02-19T14:50:27.802+0000] {taskinstance.py:2076} INFO - Dependencies all met for dep_context=non-requeueable deps ti=<TaskInstance: dag_moex.task_GOOG scheduled__2026-01-14T00:00:00+00:00 [queued]>
[2026-02-19T14:50:27.816+0000] {taskinstance.py:2076} INFO - Dependencies all met for dep_context=requeueable deps ti=<TaskInstance: dag_moex.task_GOOG scheduled__2026-01-14T00:00:00+00:00 [queued]>
[2026-02-19T14:50:27.818+0000] {taskinstance.py:2306} INFO - Starting attempt 1 of 1
[2026-02-19T14:50:27.841+0000] {taskinstance.py:2330} INFO - Executing <Task(PythonOperator): task_GOOG> on 2026-01-14 00:00:00+00:00
[2026-02-19T14:50:27.864+0000] {logging_mixin.py:188} WARNING - /home/***/.local/lib/python3.12/site-packages/***/task/task_runner/standard_task_runner.py:62 DeprecationWarning: This process (pid=32524) is multi-threaded, use of fork() may lead to deadlocks in the child.
[2026-02-19T14:50:27.869+0000] {standard_task_runner.py:64} INFO - Started process 32547 to run task
[2026-02-19T14:50:27.879+0000] {standard_task_runner.py:90} INFO - Running: ['***', 'tasks', 'run', 'dag_moex', 'task_GOOG', 'scheduled__2026-01-14T00:00:00+00:00', '--job-id', '1376', '--raw', '--subdir', 'DAGS_FOLDER/stocks/dag1.py', '--cfg-path', '/tmp/tmpzqyqofsb']
[2026-02-19T14:50:27.885+0000] {standard_task_runner.py:91} INFO - Job 1376: Subtask task_GOOG
[2026-02-19T14:50:28.005+0000] {task_command.py:426} INFO - Running <TaskInstance: dag_moex.task_GOOG scheduled__2026-01-14T00:00:00+00:00 [running]> on host cc036e7caf02
[2026-02-19T14:50:28.174+0000] {taskinstance.py:2648} INFO - Exporting env vars: AIRFLOW_CTX_DAG_OWNER='***' AIRFLOW_CTX_DAG_ID='dag_moex' AIRFLOW_CTX_TASK_ID='task_GOOG' AIRFLOW_CTX_EXECUTION_DATE='2026-01-14T00:00:00+00:00' AIRFLOW_CTX_TRY_NUMBER='1' AIRFLOW_CTX_DAG_RUN_ID='scheduled__2026-01-14T00:00:00+00:00'
[2026-02-19T14:50:28.181+0000] {taskinstance.py:430} INFO - ::endgroup::
[2026-02-19T14:50:28.208+0000] {logging_mixin.py:188} WARNING - /opt/***/dags/stocks/scripts/api.py:9 FutureWarning: YF.download() has changed argument auto_adjust default to True
[2026-02-19T14:50:28.229+0000] {logging_mixin.py:188} WARNING - /home/***/.local/lib/python3.12/site-packages/yfinance/scrapers/history.py:204 Pandas4Warning: Timestamp.utcnow is deprecated and will be removed in a future version. Use Timestamp.now('UTC') instead.
[2026-02-19T14:50:28.889+0000] {logging_mixin.py:188} WARNING - [*********************100%***********************]  1 of 1 completed
[2026-02-19T14:50:28.906+0000] {base.py:84} INFO - Using connection ID 'pg_1' for task execution.
[2026-02-19T14:50:28.907+0000] {sql.py:254} WARNING - This setter is for backward compatibility and should not be used.
Since the introduction of connection property, the providers listed below breaks due to assigning value to self.connection in their __init__ method.
* apache-***-providers-mysql<5.7.1
* apache-***-providers-elasticsearch<5.5.1
* apache-***-providers-postgres<5.13.0
[2026-02-19T14:50:28.911+0000] {taskinstance.py:441} INFO - ::group::Post task execution logs
[2026-02-19T14:50:28.912+0000] {taskinstance.py:2905} ERROR - Task failed with exception
Traceback (most recent call last):
  File "/home/airflow/.local/lib/python3.12/site-packages/airflow/models/taskinstance.py", line 465, in _execute_task
    result = _execute_callable(context=context, **execute_callable_kwargs)
             ^^^^^^^^^^^^^^^^^^^^^^^^^^^^^^^^^^^^^^^^^^^^^^^^^^^^^^^^^^^^^
  File "/home/airflow/.local/lib/python3.12/site-packages/airflow/models/taskinstance.py", line 432, in _execute_callable
    return execute_callable(context=context, **execute_callable_kwargs)
           ^^^^^^^^^^^^^^^^^^^^^^^^^^^^^^^^^^^^^^^^^^^^^^^^^^^^^^^^^^^^
  File "/home/airflow/.local/lib/python3.12/site-packages/airflow/models/baseoperator.py", line 401, in wrapper
    return func(self, *args, **kwargs)
           ^^^^^^^^^^^^^^^^^^^^^^^^^^^
  File "/home/airflow/.local/lib/python3.12/site-packages/airflow/operators/python.py", line 235, in execute
    return_value = self.execute_callable()
                   ^^^^^^^^^^^^^^^^^^^^^^^
  File "/home/airflow/.local/lib/python3.12/site-packages/airflow/operators/python.py", line 252, in execute_callable
    return self.python_callable(*self.op_args, **self.op_kwargs)
           ^^^^^^^^^^^^^^^^^^^^^^^^^^^^^^^^^^^^^^^^^^^^^^^^^^^^^
  File "/opt/airflow/dags/stocks/scripts/manager.py", line 24, in fetch_data
    postgresHook.insert_rows(table="stocks", rows=rows,
  File "/home/airflow/.local/lib/python3.12/site-packages/airflow/providers/common/sql/hooks/sql.py", line 893, in insert_rows
    cur.executemany(sql, values)
psycopg2.errors.UniqueViolation: duplicate key value violates unique constraint "stocks_pkey"
DETAIL:  Key (ticker, date)=(GOOG, 2026-01-13) already exists.

[2026-02-19T14:50:28.921+0000] {taskinstance.py:1206} INFO - Marking task as FAILED. dag_id=dag_moex, task_id=task_GOOG, run_id=scheduled__2026-01-14T00:00:00+00:00, execution_date=20260114T000000, start_date=20260219T145027, end_date=20260219T145028
[2026-02-19T14:50:28.930+0000] {standard_task_runner.py:110} ERROR - Failed to execute job 1376 for task task_GOOG (duplicate key value violates unique constraint "stocks_pkey"
DETAIL:  Key (ticker, date)=(GOOG, 2026-01-13) already exists.
; 32547)
[2026-02-19T14:50:28.946+0000] {local_task_job_runner.py:243} INFO - Task exited with return code 1
[2026-02-19T14:50:28.964+0000] {taskinstance.py:3503} INFO - 0 downstream tasks scheduled from follow-on schedule check
[2026-02-19T14:50:28.967+0000] {local_task_job_runner.py:222} INFO - ::endgroup::
