[2026-02-18T07:13:04.601+0000] {local_task_job_runner.py:120} INFO - ::group::Pre task execution logs
[2026-02-18T07:13:04.675+0000] {taskinstance.py:2076} INFO - Dependencies all met for dep_context=non-requeueable deps ti=<TaskInstance: dag_moex.task_TSLA scheduled__2026-01-23T00:00:00+00:00 [queued]>
[2026-02-18T07:13:04.693+0000] {taskinstance.py:2076} INFO - Dependencies all met for dep_context=requeueable deps ti=<TaskInstance: dag_moex.task_TSLA scheduled__2026-01-23T00:00:00+00:00 [queued]>
[2026-02-18T07:13:04.696+0000] {taskinstance.py:2306} INFO - Starting attempt 1 of 1
[2026-02-18T07:13:04.723+0000] {taskinstance.py:2330} INFO - Executing <Task(PythonOperator): task_TSLA> on 2026-01-23 00:00:00+00:00
[2026-02-18T07:13:04.747+0000] {logging_mixin.py:188} WARNING - /home/***/.local/lib/python3.12/site-packages/***/task/task_runner/standard_task_runner.py:62 DeprecationWarning: This process (pid=1535) is multi-threaded, use of fork() may lead to deadlocks in the child.
[2026-02-18T07:13:04.753+0000] {standard_task_runner.py:64} INFO - Started process 1563 to run task
[2026-02-18T07:13:04.749+0000] {standard_task_runner.py:90} INFO - Running: ['***', 'tasks', 'run', 'dag_moex', 'task_TSLA', 'scheduled__2026-01-23T00:00:00+00:00', '--job-id', '443', '--raw', '--subdir', 'DAGS_FOLDER/stocks/dag1.py', '--cfg-path', '/tmp/tmp8pq4k2jq']
[2026-02-18T07:13:04.759+0000] {standard_task_runner.py:91} INFO - Job 443: Subtask task_TSLA
[2026-02-18T07:13:04.832+0000] {task_command.py:426} INFO - Running <TaskInstance: dag_moex.task_TSLA scheduled__2026-01-23T00:00:00+00:00 [running]> on host cc036e7caf02
[2026-02-18T07:13:05.003+0000] {taskinstance.py:2648} INFO - Exporting env vars: AIRFLOW_CTX_DAG_OWNER='***' AIRFLOW_CTX_DAG_ID='dag_moex' AIRFLOW_CTX_TASK_ID='task_TSLA' AIRFLOW_CTX_EXECUTION_DATE='2026-01-23T00:00:00+00:00' AIRFLOW_CTX_TRY_NUMBER='1' AIRFLOW_CTX_DAG_RUN_ID='scheduled__2026-01-23T00:00:00+00:00'
[2026-02-18T07:13:05.005+0000] {taskinstance.py:430} INFO - ::endgroup::
[2026-02-18T07:13:05.042+0000] {manager.py:8} INFO - log
[2026-02-18T07:13:05.051+0000] {logging_mixin.py:188} WARNING - /opt/***/dags/stocks/scripts/api.py:9 FutureWarning: YF.download() has changed argument auto_adjust default to True
[2026-02-18T07:13:05.081+0000] {logging_mixin.py:188} WARNING - /home/***/.local/lib/python3.12/site-packages/yfinance/scrapers/history.py:204 Pandas4Warning: Timestamp.utcnow is deprecated and will be removed in a future version. Use Timestamp.now('UTC') instead.
[2026-02-18T07:13:06.227+0000] {logging_mixin.py:188} WARNING - [*********************100%***********************]  1 of 1 completed
[2026-02-18T07:13:06.237+0000] {manager.py:10} INFO - Price            Close        High         Low        Open    Volume
Ticker            TSLA        TSLA        TSLA        TSLA      TSLA
Date                                                                
2026-01-23  449.059998  452.429993  444.040009  447.429993  56771400
[2026-02-18T07:13:06.253+0000] {python.py:237} INFO - Done. Returned value was: None
[2026-02-18T07:13:06.254+0000] {taskinstance.py:441} INFO - ::group::Post task execution logs
[2026-02-18T07:13:06.266+0000] {taskinstance.py:1206} INFO - Marking task as SUCCESS. dag_id=dag_moex, task_id=task_TSLA, run_id=scheduled__2026-01-23T00:00:00+00:00, execution_date=20260123T000000, start_date=20260218T071304, end_date=20260218T071306
[2026-02-18T07:13:06.309+0000] {local_task_job_runner.py:243} INFO - Task exited with return code 0
[2026-02-18T07:13:06.318+0000] {local_task_job_runner.py:222} INFO - ::endgroup::
[2026-02-19T12:59:33.651+0000] {local_task_job_runner.py:120} INFO - ::group::Pre task execution logs
[2026-02-19T12:59:33.674+0000] {taskinstance.py:2076} INFO - Dependencies all met for dep_context=non-requeueable deps ti=<TaskInstance: dag_moex.task_TSLA scheduled__2026-01-23T00:00:00+00:00 [queued]>
[2026-02-19T12:59:33.680+0000] {taskinstance.py:2076} INFO - Dependencies all met for dep_context=requeueable deps ti=<TaskInstance: dag_moex.task_TSLA scheduled__2026-01-23T00:00:00+00:00 [queued]>
[2026-02-19T12:59:33.680+0000] {taskinstance.py:2306} INFO - Starting attempt 1 of 1
[2026-02-19T12:59:33.690+0000] {taskinstance.py:2330} INFO - Executing <Task(PythonOperator): task_TSLA> on 2026-01-23 00:00:00+00:00
[2026-02-19T12:59:33.698+0000] {logging_mixin.py:188} WARNING - /home/***/.local/lib/python3.12/site-packages/***/task/task_runner/standard_task_runner.py:62 DeprecationWarning: This process (pid=27951) is multi-threaded, use of fork() may lead to deadlocks in the child.
[2026-02-19T12:59:33.699+0000] {standard_task_runner.py:64} INFO - Started process 27958 to run task
[2026-02-19T12:59:33.698+0000] {standard_task_runner.py:90} INFO - Running: ['***', 'tasks', 'run', 'dag_moex', 'task_TSLA', 'scheduled__2026-01-23T00:00:00+00:00', '--job-id', '883', '--raw', '--subdir', 'DAGS_FOLDER/stocks/dag1.py', '--cfg-path', '/tmp/tmpvc5sx2en']
[2026-02-19T12:59:33.700+0000] {standard_task_runner.py:91} INFO - Job 883: Subtask task_TSLA
[2026-02-19T12:59:33.737+0000] {task_command.py:426} INFO - Running <TaskInstance: dag_moex.task_TSLA scheduled__2026-01-23T00:00:00+00:00 [running]> on host cc036e7caf02
[2026-02-19T12:59:33.803+0000] {taskinstance.py:2648} INFO - Exporting env vars: AIRFLOW_CTX_DAG_OWNER='***' AIRFLOW_CTX_DAG_ID='dag_moex' AIRFLOW_CTX_TASK_ID='task_TSLA' AIRFLOW_CTX_EXECUTION_DATE='2026-01-23T00:00:00+00:00' AIRFLOW_CTX_TRY_NUMBER='1' AIRFLOW_CTX_DAG_RUN_ID='scheduled__2026-01-23T00:00:00+00:00'
[2026-02-19T12:59:33.805+0000] {taskinstance.py:430} INFO - ::endgroup::
[2026-02-19T12:59:33.814+0000] {logging_mixin.py:188} WARNING - /opt/***/dags/stocks/scripts/api.py:10 FutureWarning: YF.download() has changed argument auto_adjust default to True
[2026-02-19T12:59:33.821+0000] {logging_mixin.py:188} WARNING - /home/***/.local/lib/python3.12/site-packages/yfinance/scrapers/history.py:204 Pandas4Warning: Timestamp.utcnow is deprecated and will be removed in a future version. Use Timestamp.now('UTC') instead.
[2026-02-19T12:59:34.483+0000] {logging_mixin.py:188} WARNING - [*********************100%***********************]  1 of 1 completed
[2026-02-19T12:59:34.497+0000] {api.py:11} INFO - Выгрузилось
    __________________________
    Price            Close        High         Low        Open    Volume
Ticker            TSLA        TSLA        TSLA        TSLA      TSLA
Date                                                                
2026-01-22  449.359985  449.500000  432.630005  435.160004  71546700
2026-01-23  449.059998  452.429993  444.040009  447.429993  56771400
    __________________________
    
[2026-02-19T12:59:34.498+0000] {api.py:17} INFO - start=2026-01-22, end=2026-01-26
[2026-02-19T12:59:34.503+0000] {api.py:18} INFO - После удаления
    __________________________
    Price            Close        High         Low        Open    Volume
Ticker            TSLA        TSLA        TSLA        TSLA      TSLA
Date                                                                
2026-01-23  449.059998  452.429993  444.040009  447.429993  56771400
    __________________________
    
[2026-02-19T12:59:34.513+0000] {base.py:84} INFO - Using connection ID 'pg_1' for task execution.
[2026-02-19T12:59:34.513+0000] {sql.py:254} WARNING - This setter is for backward compatibility and should not be used.
Since the introduction of connection property, the providers listed below breaks due to assigning value to self.connection in their __init__ method.
* apache-***-providers-mysql<5.7.1
* apache-***-providers-elasticsearch<5.5.1
* apache-***-providers-postgres<5.13.0
[2026-02-19T12:59:34.518+0000] {sql.py:896} INFO - Loaded 1 rows into stocks so far
[2026-02-19T12:59:34.518+0000] {sql.py:908} INFO - Done loading. Loaded a total of 1 rows into stocks
[2026-02-19T12:59:34.522+0000] {python.py:237} INFO - Done. Returned value was: None
[2026-02-19T12:59:34.523+0000] {taskinstance.py:441} INFO - ::group::Post task execution logs
[2026-02-19T12:59:34.529+0000] {taskinstance.py:1206} INFO - Marking task as SUCCESS. dag_id=dag_moex, task_id=task_TSLA, run_id=scheduled__2026-01-23T00:00:00+00:00, execution_date=20260123T000000, start_date=20260219T125933, end_date=20260219T125934
[2026-02-19T12:59:34.553+0000] {local_task_job_runner.py:243} INFO - Task exited with return code 0
[2026-02-19T12:59:34.572+0000] {taskinstance.py:3503} INFO - 0 downstream tasks scheduled from follow-on schedule check
[2026-02-19T12:59:34.574+0000] {local_task_job_runner.py:222} INFO - ::endgroup::
[2026-02-19T14:50:39.066+0000] {local_task_job_runner.py:120} INFO - ::group::Pre task execution logs
[2026-02-19T14:50:39.147+0000] {taskinstance.py:2076} INFO - Dependencies all met for dep_context=non-requeueable deps ti=<TaskInstance: dag_moex.task_TSLA scheduled__2026-01-23T00:00:00+00:00 [queued]>
[2026-02-19T14:50:39.160+0000] {taskinstance.py:2076} INFO - Dependencies all met for dep_context=requeueable deps ti=<TaskInstance: dag_moex.task_TSLA scheduled__2026-01-23T00:00:00+00:00 [queued]>
[2026-02-19T14:50:39.161+0000] {taskinstance.py:2306} INFO - Starting attempt 1 of 1
[2026-02-19T14:50:39.192+0000] {taskinstance.py:2330} INFO - Executing <Task(PythonOperator): task_TSLA> on 2026-01-23 00:00:00+00:00
[2026-02-19T14:50:39.205+0000] {logging_mixin.py:188} WARNING - /home/***/.local/lib/python3.12/site-packages/***/task/task_runner/standard_task_runner.py:62 DeprecationWarning: This process (pid=32638) is multi-threaded, use of fork() may lead to deadlocks in the child.
[2026-02-19T14:50:39.210+0000] {standard_task_runner.py:64} INFO - Started process 32664 to run task
[2026-02-19T14:50:39.207+0000] {standard_task_runner.py:90} INFO - Running: ['***', 'tasks', 'run', 'dag_moex', 'task_TSLA', 'scheduled__2026-01-23T00:00:00+00:00', '--job-id', '1403', '--raw', '--subdir', 'DAGS_FOLDER/stocks/dag1.py', '--cfg-path', '/tmp/tmp2clupc29']
[2026-02-19T14:50:39.214+0000] {standard_task_runner.py:91} INFO - Job 1403: Subtask task_TSLA
[2026-02-19T14:50:39.358+0000] {task_command.py:426} INFO - Running <TaskInstance: dag_moex.task_TSLA scheduled__2026-01-23T00:00:00+00:00 [running]> on host cc036e7caf02
[2026-02-19T14:50:39.482+0000] {taskinstance.py:2648} INFO - Exporting env vars: AIRFLOW_CTX_DAG_OWNER='***' AIRFLOW_CTX_DAG_ID='dag_moex' AIRFLOW_CTX_TASK_ID='task_TSLA' AIRFLOW_CTX_EXECUTION_DATE='2026-01-23T00:00:00+00:00' AIRFLOW_CTX_TRY_NUMBER='1' AIRFLOW_CTX_DAG_RUN_ID='scheduled__2026-01-23T00:00:00+00:00'
[2026-02-19T14:50:39.488+0000] {taskinstance.py:430} INFO - ::endgroup::
[2026-02-19T14:50:39.506+0000] {logging_mixin.py:188} WARNING - /opt/***/dags/stocks/scripts/api.py:9 FutureWarning: YF.download() has changed argument auto_adjust default to True
[2026-02-19T14:50:39.518+0000] {logging_mixin.py:188} WARNING - /home/***/.local/lib/python3.12/site-packages/yfinance/scrapers/history.py:204 Pandas4Warning: Timestamp.utcnow is deprecated and will be removed in a future version. Use Timestamp.now('UTC') instead.
[2026-02-19T14:50:40.390+0000] {logging_mixin.py:188} WARNING - [*********************100%***********************]  1 of 1 completed
[2026-02-19T14:50:40.405+0000] {base.py:84} INFO - Using connection ID 'pg_1' for task execution.
[2026-02-19T14:50:40.406+0000] {sql.py:254} WARNING - This setter is for backward compatibility and should not be used.
Since the introduction of connection property, the providers listed below breaks due to assigning value to self.connection in their __init__ method.
* apache-***-providers-mysql<5.7.1
* apache-***-providers-elasticsearch<5.5.1
* apache-***-providers-postgres<5.13.0
[2026-02-19T14:50:40.410+0000] {taskinstance.py:441} INFO - ::group::Post task execution logs
[2026-02-19T14:50:40.411+0000] {taskinstance.py:2905} ERROR - Task failed with exception
Traceback (most recent call last):
  File "/home/airflow/.local/lib/python3.12/site-packages/airflow/models/taskinstance.py", line 465, in _execute_task
    result = _execute_callable(context=context, **execute_callable_kwargs)
             ^^^^^^^^^^^^^^^^^^^^^^^^^^^^^^^^^^^^^^^^^^^^^^^^^^^^^^^^^^^^^
  File "/home/airflow/.local/lib/python3.12/site-packages/airflow/models/taskinstance.py", line 432, in _execute_callable
    return execute_callable(context=context, **execute_callable_kwargs)
           ^^^^^^^^^^^^^^^^^^^^^^^^^^^^^^^^^^^^^^^^^^^^^^^^^^^^^^^^^^^^
  File "/home/airflow/.local/lib/python3.12/site-packages/airflow/models/baseoperator.py", line 401, in wrapper
    return func(self, *args, **kwargs)
           ^^^^^^^^^^^^^^^^^^^^^^^^^^^
  File "/home/airflow/.local/lib/python3.12/site-packages/airflow/operators/python.py", line 235, in execute
    return_value = self.execute_callable()
                   ^^^^^^^^^^^^^^^^^^^^^^^
  File "/home/airflow/.local/lib/python3.12/site-packages/airflow/operators/python.py", line 252, in execute_callable
    return self.python_callable(*self.op_args, **self.op_kwargs)
           ^^^^^^^^^^^^^^^^^^^^^^^^^^^^^^^^^^^^^^^^^^^^^^^^^^^^^
  File "/opt/airflow/dags/stocks/scripts/manager.py", line 24, in fetch_data
    postgresHook.insert_rows(table="stocks", rows=rows,
  File "/home/airflow/.local/lib/python3.12/site-packages/airflow/providers/common/sql/hooks/sql.py", line 893, in insert_rows
    cur.executemany(sql, values)
psycopg2.errors.UniqueViolation: duplicate key value violates unique constraint "stocks_pkey"
DETAIL:  Key (ticker, date)=(TSLA, 2026-01-22) already exists.

[2026-02-19T14:50:40.423+0000] {taskinstance.py:1206} INFO - Marking task as FAILED. dag_id=dag_moex, task_id=task_TSLA, run_id=scheduled__2026-01-23T00:00:00+00:00, execution_date=20260123T000000, start_date=20260219T145039, end_date=20260219T145040
[2026-02-19T14:50:40.433+0000] {standard_task_runner.py:110} ERROR - Failed to execute job 1403 for task task_TSLA (duplicate key value violates unique constraint "stocks_pkey"
DETAIL:  Key (ticker, date)=(TSLA, 2026-01-22) already exists.
; 32664)
[2026-02-19T14:50:40.480+0000] {local_task_job_runner.py:243} INFO - Task exited with return code 1
[2026-02-19T14:50:40.502+0000] {taskinstance.py:3503} INFO - 0 downstream tasks scheduled from follow-on schedule check
[2026-02-19T14:50:40.508+0000] {local_task_job_runner.py:222} INFO - ::endgroup::
[2026-02-19T14:53:16.413+0000] {local_task_job_runner.py:120} INFO - ::group::Pre task execution logs
[2026-02-19T14:53:16.445+0000] {taskinstance.py:2076} INFO - Dependencies all met for dep_context=non-requeueable deps ti=<TaskInstance: dag_moex.task_TSLA scheduled__2026-01-23T00:00:00+00:00 [queued]>
[2026-02-19T14:53:16.456+0000] {taskinstance.py:2076} INFO - Dependencies all met for dep_context=requeueable deps ti=<TaskInstance: dag_moex.task_TSLA scheduled__2026-01-23T00:00:00+00:00 [queued]>
[2026-02-19T14:53:16.456+0000] {taskinstance.py:2306} INFO - Starting attempt 1 of 1
[2026-02-19T14:53:16.471+0000] {taskinstance.py:2330} INFO - Executing <Task(PythonOperator): task_TSLA> on 2026-01-23 00:00:00+00:00
[2026-02-19T14:53:16.481+0000] {logging_mixin.py:188} WARNING - /home/***/.local/lib/python3.12/site-packages/***/task/task_runner/standard_task_runner.py:62 DeprecationWarning: This process (pid=33189) is multi-threaded, use of fork() may lead to deadlocks in the child.
[2026-02-19T14:53:16.483+0000] {standard_task_runner.py:64} INFO - Started process 33210 to run task
[2026-02-19T14:53:16.481+0000] {standard_task_runner.py:90} INFO - Running: ['***', 'tasks', 'run', 'dag_moex', 'task_TSLA', 'scheduled__2026-01-23T00:00:00+00:00', '--job-id', '1519', '--raw', '--subdir', 'DAGS_FOLDER/stocks/dag1.py', '--cfg-path', '/tmp/tmpmginrah2']
[2026-02-19T14:53:16.484+0000] {standard_task_runner.py:91} INFO - Job 1519: Subtask task_TSLA
[2026-02-19T14:53:16.547+0000] {task_command.py:426} INFO - Running <TaskInstance: dag_moex.task_TSLA scheduled__2026-01-23T00:00:00+00:00 [running]> on host cc036e7caf02
[2026-02-19T14:53:16.657+0000] {taskinstance.py:2648} INFO - Exporting env vars: AIRFLOW_CTX_DAG_OWNER='***' AIRFLOW_CTX_DAG_ID='dag_moex' AIRFLOW_CTX_TASK_ID='task_TSLA' AIRFLOW_CTX_EXECUTION_DATE='2026-01-23T00:00:00+00:00' AIRFLOW_CTX_TRY_NUMBER='1' AIRFLOW_CTX_DAG_RUN_ID='scheduled__2026-01-23T00:00:00+00:00'
[2026-02-19T14:53:16.659+0000] {taskinstance.py:430} INFO - ::endgroup::
[2026-02-19T14:53:16.677+0000] {logging_mixin.py:188} WARNING - /opt/***/dags/stocks/scripts/api.py:9 FutureWarning: YF.download() has changed argument auto_adjust default to True
[2026-02-19T14:53:16.688+0000] {logging_mixin.py:188} WARNING - /home/***/.local/lib/python3.12/site-packages/yfinance/scrapers/history.py:204 Pandas4Warning: Timestamp.utcnow is deprecated and will be removed in a future version. Use Timestamp.now('UTC') instead.
[2026-02-19T14:53:17.340+0000] {logging_mixin.py:188} WARNING - [*********************100%***********************]  1 of 1 completed
[2026-02-19T14:53:17.364+0000] {base.py:84} INFO - Using connection ID 'pg_1' for task execution.
[2026-02-19T14:53:17.364+0000] {sql.py:254} WARNING - This setter is for backward compatibility and should not be used.
Since the introduction of connection property, the providers listed below breaks due to assigning value to self.connection in their __init__ method.
* apache-***-providers-mysql<5.7.1
* apache-***-providers-elasticsearch<5.5.1
* apache-***-providers-postgres<5.13.0
[2026-02-19T14:53:17.370+0000] {sql.py:896} INFO - Loaded 2 rows into stocks so far
[2026-02-19T14:53:17.371+0000] {sql.py:908} INFO - Done loading. Loaded a total of 2 rows into stocks
[2026-02-19T14:53:17.376+0000] {python.py:237} INFO - Done. Returned value was: None
[2026-02-19T14:53:17.378+0000] {taskinstance.py:441} INFO - ::group::Post task execution logs
[2026-02-19T14:53:17.387+0000] {taskinstance.py:1206} INFO - Marking task as SUCCESS. dag_id=dag_moex, task_id=task_TSLA, run_id=scheduled__2026-01-23T00:00:00+00:00, execution_date=20260123T000000, start_date=20260219T145316, end_date=20260219T145317
[2026-02-19T14:53:17.430+0000] {local_task_job_runner.py:243} INFO - Task exited with return code 0
[2026-02-19T14:53:17.445+0000] {taskinstance.py:3503} INFO - 0 downstream tasks scheduled from follow-on schedule check
[2026-02-19T14:53:17.447+0000] {local_task_job_runner.py:222} INFO - ::endgroup::
[2026-02-19T14:56:08.142+0000] {local_task_job_runner.py:120} INFO - ::group::Pre task execution logs
[2026-02-19T14:56:08.177+0000] {taskinstance.py:2076} INFO - Dependencies all met for dep_context=non-requeueable deps ti=<TaskInstance: dag_moex.task_TSLA scheduled__2026-01-23T00:00:00+00:00 [queued]>
[2026-02-19T14:56:08.186+0000] {taskinstance.py:2076} INFO - Dependencies all met for dep_context=requeueable deps ti=<TaskInstance: dag_moex.task_TSLA scheduled__2026-01-23T00:00:00+00:00 [queued]>
[2026-02-19T14:56:08.187+0000] {taskinstance.py:2306} INFO - Starting attempt 1 of 1
[2026-02-19T14:56:08.282+0000] {taskinstance.py:2330} INFO - Executing <Task(PythonOperator): task_TSLA> on 2026-01-23 00:00:00+00:00
[2026-02-19T14:56:08.298+0000] {logging_mixin.py:188} WARNING - /home/***/.local/lib/python3.12/site-packages/***/task/task_runner/standard_task_runner.py:62 DeprecationWarning: This process (pid=33452) is multi-threaded, use of fork() may lead to deadlocks in the child.
[2026-02-19T14:56:08.300+0000] {standard_task_runner.py:64} INFO - Started process 33471 to run task
[2026-02-19T14:56:08.302+0000] {standard_task_runner.py:90} INFO - Running: ['***', 'tasks', 'run', 'dag_moex', 'task_TSLA', 'scheduled__2026-01-23T00:00:00+00:00', '--job-id', '1562', '--raw', '--subdir', 'DAGS_FOLDER/stocks/dag1.py', '--cfg-path', '/tmp/tmperfsedba']
[2026-02-19T14:56:08.305+0000] {standard_task_runner.py:91} INFO - Job 1562: Subtask task_TSLA
[2026-02-19T14:56:08.361+0000] {task_command.py:426} INFO - Running <TaskInstance: dag_moex.task_TSLA scheduled__2026-01-23T00:00:00+00:00 [running]> on host cc036e7caf02
[2026-02-19T14:56:08.461+0000] {taskinstance.py:2648} INFO - Exporting env vars: AIRFLOW_CTX_DAG_OWNER='***' AIRFLOW_CTX_DAG_ID='dag_moex' AIRFLOW_CTX_TASK_ID='task_TSLA' AIRFLOW_CTX_EXECUTION_DATE='2026-01-23T00:00:00+00:00' AIRFLOW_CTX_TRY_NUMBER='1' AIRFLOW_CTX_DAG_RUN_ID='scheduled__2026-01-23T00:00:00+00:00'
[2026-02-19T14:56:08.462+0000] {taskinstance.py:430} INFO - ::endgroup::
[2026-02-19T14:56:08.477+0000] {logging_mixin.py:188} WARNING - /opt/***/dags/stocks/scripts/api.py:9 FutureWarning: YF.download() has changed argument auto_adjust default to True
[2026-02-19T14:56:08.488+0000] {logging_mixin.py:188} WARNING - /home/***/.local/lib/python3.12/site-packages/yfinance/scrapers/history.py:204 Pandas4Warning: Timestamp.utcnow is deprecated and will be removed in a future version. Use Timestamp.now('UTC') instead.
[2026-02-19T14:56:09.351+0000] {logging_mixin.py:188} WARNING - [*********************100%***********************]  1 of 1 completed
[2026-02-19T14:56:09.376+0000] {base.py:84} INFO - Using connection ID 'pg_1' for task execution.
[2026-02-19T14:56:09.377+0000] {sql.py:254} WARNING - This setter is for backward compatibility and should not be used.
Since the introduction of connection property, the providers listed below breaks due to assigning value to self.connection in their __init__ method.
* apache-***-providers-mysql<5.7.1
* apache-***-providers-elasticsearch<5.5.1
* apache-***-providers-postgres<5.13.0
[2026-02-19T14:56:09.384+0000] {sql.py:896} INFO - Loaded 2 rows into stocks so far
[2026-02-19T14:56:09.385+0000] {sql.py:908} INFO - Done loading. Loaded a total of 2 rows into stocks
[2026-02-19T14:56:09.390+0000] {python.py:237} INFO - Done. Returned value was: None
[2026-02-19T14:56:09.391+0000] {taskinstance.py:441} INFO - ::group::Post task execution logs
[2026-02-19T14:56:09.401+0000] {taskinstance.py:1206} INFO - Marking task as SUCCESS. dag_id=dag_moex, task_id=task_TSLA, run_id=scheduled__2026-01-23T00:00:00+00:00, execution_date=20260123T000000, start_date=20260219T145608, end_date=20260219T145609
[2026-02-19T14:56:09.478+0000] {local_task_job_runner.py:243} INFO - Task exited with return code 0
[2026-02-19T14:56:09.495+0000] {taskinstance.py:3503} INFO - 0 downstream tasks scheduled from follow-on schedule check
[2026-02-19T14:56:09.497+0000] {local_task_job_runner.py:222} INFO - ::endgroup::
[2026-02-19T14:57:39.043+0000] {local_task_job_runner.py:120} INFO - ::group::Pre task execution logs
[2026-02-19T14:57:39.090+0000] {taskinstance.py:2076} INFO - Dependencies all met for dep_context=non-requeueable deps ti=<TaskInstance: dag_moex.task_TSLA scheduled__2026-01-23T00:00:00+00:00 [queued]>
[2026-02-19T14:57:39.101+0000] {taskinstance.py:2076} INFO - Dependencies all met for dep_context=requeueable deps ti=<TaskInstance: dag_moex.task_TSLA scheduled__2026-01-23T00:00:00+00:00 [queued]>
[2026-02-19T14:57:39.102+0000] {taskinstance.py:2306} INFO - Starting attempt 1 of 1
[2026-02-19T14:57:39.224+0000] {taskinstance.py:2330} INFO - Executing <Task(PythonOperator): task_TSLA> on 2026-01-23 00:00:00+00:00
[2026-02-19T14:57:39.250+0000] {logging_mixin.py:188} WARNING - /home/***/.local/lib/python3.12/site-packages/***/task/task_runner/standard_task_runner.py:62 DeprecationWarning: This process (pid=33628) is multi-threaded, use of fork() may lead to deadlocks in the child.
[2026-02-19T14:57:39.257+0000] {standard_task_runner.py:64} INFO - Started process 33647 to run task
[2026-02-19T14:57:39.256+0000] {standard_task_runner.py:90} INFO - Running: ['***', 'tasks', 'run', 'dag_moex', 'task_TSLA', 'scheduled__2026-01-23T00:00:00+00:00', '--job-id', '1597', '--raw', '--subdir', 'DAGS_FOLDER/stocks/dag1.py', '--cfg-path', '/tmp/tmpy58uxc09']
[2026-02-19T14:57:39.261+0000] {standard_task_runner.py:91} INFO - Job 1597: Subtask task_TSLA
[2026-02-19T14:57:39.341+0000] {task_command.py:426} INFO - Running <TaskInstance: dag_moex.task_TSLA scheduled__2026-01-23T00:00:00+00:00 [running]> on host cc036e7caf02
[2026-02-19T14:57:39.476+0000] {taskinstance.py:2648} INFO - Exporting env vars: AIRFLOW_CTX_DAG_OWNER='***' AIRFLOW_CTX_DAG_ID='dag_moex' AIRFLOW_CTX_TASK_ID='task_TSLA' AIRFLOW_CTX_EXECUTION_DATE='2026-01-23T00:00:00+00:00' AIRFLOW_CTX_TRY_NUMBER='1' AIRFLOW_CTX_DAG_RUN_ID='scheduled__2026-01-23T00:00:00+00:00'
[2026-02-19T14:57:39.480+0000] {taskinstance.py:430} INFO - ::endgroup::
[2026-02-19T14:57:39.497+0000] {logging_mixin.py:188} WARNING - /opt/***/dags/stocks/scripts/api.py:9 FutureWarning: YF.download() has changed argument auto_adjust default to True
[2026-02-19T14:57:39.508+0000] {logging_mixin.py:188} WARNING - /home/***/.local/lib/python3.12/site-packages/yfinance/scrapers/history.py:204 Pandas4Warning: Timestamp.utcnow is deprecated and will be removed in a future version. Use Timestamp.now('UTC') instead.
[2026-02-19T14:57:40.342+0000] {logging_mixin.py:188} WARNING - [*********************100%***********************]  1 of 1 completed
[2026-02-19T14:57:40.369+0000] {base.py:84} INFO - Using connection ID 'pg_1' for task execution.
[2026-02-19T14:57:40.370+0000] {sql.py:254} WARNING - This setter is for backward compatibility and should not be used.
Since the introduction of connection property, the providers listed below breaks due to assigning value to self.connection in their __init__ method.
* apache-***-providers-mysql<5.7.1
* apache-***-providers-elasticsearch<5.5.1
* apache-***-providers-postgres<5.13.0
[2026-02-19T14:57:40.376+0000] {taskinstance.py:441} INFO - ::group::Post task execution logs
[2026-02-19T14:57:40.377+0000] {taskinstance.py:2905} ERROR - Task failed with exception
Traceback (most recent call last):
  File "/home/airflow/.local/lib/python3.12/site-packages/airflow/models/taskinstance.py", line 465, in _execute_task
    result = _execute_callable(context=context, **execute_callable_kwargs)
             ^^^^^^^^^^^^^^^^^^^^^^^^^^^^^^^^^^^^^^^^^^^^^^^^^^^^^^^^^^^^^
  File "/home/airflow/.local/lib/python3.12/site-packages/airflow/models/taskinstance.py", line 432, in _execute_callable
    return execute_callable(context=context, **execute_callable_kwargs)
           ^^^^^^^^^^^^^^^^^^^^^^^^^^^^^^^^^^^^^^^^^^^^^^^^^^^^^^^^^^^^
  File "/home/airflow/.local/lib/python3.12/site-packages/airflow/models/baseoperator.py", line 401, in wrapper
    return func(self, *args, **kwargs)
           ^^^^^^^^^^^^^^^^^^^^^^^^^^^
  File "/home/airflow/.local/lib/python3.12/site-packages/airflow/operators/python.py", line 235, in execute
    return_value = self.execute_callable()
                   ^^^^^^^^^^^^^^^^^^^^^^^
  File "/home/airflow/.local/lib/python3.12/site-packages/airflow/operators/python.py", line 252, in execute_callable
    return self.python_callable(*self.op_args, **self.op_kwargs)
           ^^^^^^^^^^^^^^^^^^^^^^^^^^^^^^^^^^^^^^^^^^^^^^^^^^^^^
  File "/opt/airflow/dags/stocks/scripts/manager.py", line 24, in fetch_data
    postgresHook.insert_rows(table="stocks", rows=rows,
  File "/home/airflow/.local/lib/python3.12/site-packages/airflow/providers/common/sql/hooks/sql.py", line 893, in insert_rows
    cur.executemany(sql, values)
psycopg2.errors.UniqueViolation: duplicate key value violates unique constraint "stocks_pkey"
DETAIL:  Key (ticker, date)=(TSLA, 2026-01-22) already exists.

[2026-02-19T14:57:40.390+0000] {taskinstance.py:1206} INFO - Marking task as FAILED. dag_id=dag_moex, task_id=task_TSLA, run_id=scheduled__2026-01-23T00:00:00+00:00, execution_date=20260123T000000, start_date=20260219T145739, end_date=20260219T145740
[2026-02-19T14:57:40.435+0000] {standard_task_runner.py:110} ERROR - Failed to execute job 1597 for task task_TSLA (duplicate key value violates unique constraint "stocks_pkey"
DETAIL:  Key (ticker, date)=(TSLA, 2026-01-22) already exists.
; 33647)
[2026-02-19T14:57:40.482+0000] {local_task_job_runner.py:243} INFO - Task exited with return code 1
[2026-02-19T14:57:40.494+0000] {local_task_job_runner.py:222} INFO - ::endgroup::
[2026-02-19T15:52:56.085+0000] {local_task_job_runner.py:120} INFO - ::group::Pre task execution logs
[2026-02-19T15:52:56.120+0000] {taskinstance.py:2076} INFO - Dependencies all met for dep_context=non-requeueable deps ti=<TaskInstance: dag_moex.task_TSLA scheduled__2026-01-23T00:00:00+00:00 [queued]>
[2026-02-19T15:52:56.141+0000] {taskinstance.py:2076} INFO - Dependencies all met for dep_context=requeueable deps ti=<TaskInstance: dag_moex.task_TSLA scheduled__2026-01-23T00:00:00+00:00 [queued]>
[2026-02-19T15:52:56.142+0000] {taskinstance.py:2306} INFO - Starting attempt 1 of 1
[2026-02-19T15:52:56.428+0000] {taskinstance.py:2330} INFO - Executing <Task(PythonOperator): task_TSLA> on 2026-01-23 00:00:00+00:00
[2026-02-19T15:52:56.441+0000] {standard_task_runner.py:90} INFO - Running: ['***', 'tasks', 'run', 'dag_moex', 'task_TSLA', 'scheduled__2026-01-23T00:00:00+00:00', '--job-id', '1632', '--raw', '--subdir', 'DAGS_FOLDER/stocks/dag1.py', '--cfg-path', '/tmp/tmpxgaqh4al']
[2026-02-19T15:52:56.446+0000] {standard_task_runner.py:91} INFO - Job 1632: Subtask task_TSLA
[2026-02-19T15:52:56.450+0000] {logging_mixin.py:188} WARNING - /home/***/.local/lib/python3.12/site-packages/***/task/task_runner/standard_task_runner.py:62 DeprecationWarning: This process (pid=34056) is multi-threaded, use of fork() may lead to deadlocks in the child.
[2026-02-19T15:52:56.451+0000] {standard_task_runner.py:64} INFO - Started process 34075 to run task
[2026-02-19T15:52:56.514+0000] {task_command.py:426} INFO - Running <TaskInstance: dag_moex.task_TSLA scheduled__2026-01-23T00:00:00+00:00 [running]> on host cc036e7caf02
[2026-02-19T15:52:56.625+0000] {taskinstance.py:2648} INFO - Exporting env vars: AIRFLOW_CTX_DAG_OWNER='***' AIRFLOW_CTX_DAG_ID='dag_moex' AIRFLOW_CTX_TASK_ID='task_TSLA' AIRFLOW_CTX_EXECUTION_DATE='2026-01-23T00:00:00+00:00' AIRFLOW_CTX_TRY_NUMBER='1' AIRFLOW_CTX_DAG_RUN_ID='scheduled__2026-01-23T00:00:00+00:00'
[2026-02-19T15:52:56.626+0000] {taskinstance.py:430} INFO - ::endgroup::
[2026-02-19T15:52:56.643+0000] {logging_mixin.py:188} WARNING - /opt/***/dags/stocks/scripts/api.py:9 FutureWarning: YF.download() has changed argument auto_adjust default to True
[2026-02-19T15:52:56.660+0000] {logging_mixin.py:188} WARNING - /home/***/.local/lib/python3.12/site-packages/yfinance/scrapers/history.py:204 Pandas4Warning: Timestamp.utcnow is deprecated and will be removed in a future version. Use Timestamp.now('UTC') instead.
[2026-02-19T15:52:57.536+0000] {logging_mixin.py:188} WARNING - [*********************100%***********************]  1 of 1 completed
[2026-02-19T15:52:57.548+0000] {taskinstance.py:441} INFO - ::group::Post task execution logs
[2026-02-19T15:52:57.549+0000] {taskinstance.py:2905} ERROR - Task failed with exception
Traceback (most recent call last):
  File "/home/airflow/.local/lib/python3.12/site-packages/airflow/models/taskinstance.py", line 465, in _execute_task
    result = _execute_callable(context=context, **execute_callable_kwargs)
             ^^^^^^^^^^^^^^^^^^^^^^^^^^^^^^^^^^^^^^^^^^^^^^^^^^^^^^^^^^^^^
  File "/home/airflow/.local/lib/python3.12/site-packages/airflow/models/taskinstance.py", line 432, in _execute_callable
    return execute_callable(context=context, **execute_callable_kwargs)
           ^^^^^^^^^^^^^^^^^^^^^^^^^^^^^^^^^^^^^^^^^^^^^^^^^^^^^^^^^^^^
  File "/home/airflow/.local/lib/python3.12/site-packages/airflow/models/baseoperator.py", line 401, in wrapper
    return func(self, *args, **kwargs)
           ^^^^^^^^^^^^^^^^^^^^^^^^^^^
  File "/home/airflow/.local/lib/python3.12/site-packages/airflow/operators/python.py", line 235, in execute
    return_value = self.execute_callable()
                   ^^^^^^^^^^^^^^^^^^^^^^^
  File "/home/airflow/.local/lib/python3.12/site-packages/airflow/operators/python.py", line 252, in execute_callable
    return self.python_callable(*self.op_args, **self.op_kwargs)
           ^^^^^^^^^^^^^^^^^^^^^^^^^^^^^^^^^^^^^^^^^^^^^^^^^^^^^
  File "/opt/airflow/dags/stocks/scripts/manager.py", line 12, in fetch_data
    data = data.loc[data_interval_start:data_interval_start]
           ~~~~~~~~^^^^^^^^^^^^^^^^^^^^^^^^^^^^^^^^^^^^^^^^^
  File "/home/airflow/.local/lib/python3.12/site-packages/pandas/core/indexing.py", line 1207, in __getitem__
    return self._getitem_axis(maybe_callable, axis=axis)
           ^^^^^^^^^^^^^^^^^^^^^^^^^^^^^^^^^^^^^^^^^^^^^
  File "/home/airflow/.local/lib/python3.12/site-packages/pandas/core/indexing.py", line 1429, in _getitem_axis
    return self._get_slice_axis(key, axis=axis)
           ^^^^^^^^^^^^^^^^^^^^^^^^^^^^^^^^^^^^
  File "/home/airflow/.local/lib/python3.12/site-packages/pandas/core/indexing.py", line 1461, in _get_slice_axis
    indexer = labels.slice_indexer(slice_obj.start, slice_obj.stop, slice_obj.step)
              ^^^^^^^^^^^^^^^^^^^^^^^^^^^^^^^^^^^^^^^^^^^^^^^^^^^^^^^^^^^^^^^^^^^^^
  File "/home/airflow/.local/lib/python3.12/site-packages/pandas/core/indexes/datetimes.py", line 1072, in slice_indexer
    return Index.slice_indexer(self, start, end, step)
           ^^^^^^^^^^^^^^^^^^^^^^^^^^^^^^^^^^^^^^^^^^^
  File "/home/airflow/.local/lib/python3.12/site-packages/pandas/core/indexes/base.py", line 6804, in slice_indexer
    start_slice, end_slice = self.slice_locs(start, end, step=step)
                             ^^^^^^^^^^^^^^^^^^^^^^^^^^^^^^^^^^^^^^
  File "/home/airflow/.local/lib/python3.12/site-packages/pandas/core/indexes/base.py", line 7062, in slice_locs
    start_slice = self.get_slice_bound(start, "left")
                  ^^^^^^^^^^^^^^^^^^^^^^^^^^^^^^^^^^^
  File "/home/airflow/.local/lib/python3.12/site-packages/pandas/core/indexes/base.py", line 6964, in get_slice_bound
    label = self._maybe_cast_slice_bound(label, side)
            ^^^^^^^^^^^^^^^^^^^^^^^^^^^^^^^^^^^^^^^^^
  File "/home/airflow/.local/lib/python3.12/site-packages/pandas/core/indexes/datetimes.py", line 1033, in _maybe_cast_slice_bound
    self._data._assert_tzawareness_compat(label)
  File "/home/airflow/.local/lib/python3.12/site-packages/pandas/core/arrays/datetimes.py", line 796, in _assert_tzawareness_compat
    raise TypeError(
TypeError: Cannot compare tz-naive and tz-aware datetime-like objects.
[2026-02-19T15:52:57.567+0000] {taskinstance.py:1206} INFO - Marking task as FAILED. dag_id=dag_moex, task_id=task_TSLA, run_id=scheduled__2026-01-23T00:00:00+00:00, execution_date=20260123T000000, start_date=20260219T155256, end_date=20260219T155257
[2026-02-19T15:52:57.595+0000] {standard_task_runner.py:110} ERROR - Failed to execute job 1632 for task task_TSLA (Cannot compare tz-naive and tz-aware datetime-like objects.; 34075)
[2026-02-19T15:52:57.630+0000] {local_task_job_runner.py:243} INFO - Task exited with return code 1
[2026-02-19T15:52:57.654+0000] {taskinstance.py:3503} INFO - 0 downstream tasks scheduled from follow-on schedule check
[2026-02-19T15:52:57.660+0000] {local_task_job_runner.py:222} INFO - ::endgroup::
[2026-02-19T15:55:54.975+0000] {local_task_job_runner.py:120} INFO - ::group::Pre task execution logs
[2026-02-19T15:55:55.016+0000] {taskinstance.py:2076} INFO - Dependencies all met for dep_context=non-requeueable deps ti=<TaskInstance: dag_moex.task_TSLA scheduled__2026-01-23T00:00:00+00:00 [queued]>
[2026-02-19T15:55:55.032+0000] {taskinstance.py:2076} INFO - Dependencies all met for dep_context=requeueable deps ti=<TaskInstance: dag_moex.task_TSLA scheduled__2026-01-23T00:00:00+00:00 [queued]>
[2026-02-19T15:55:55.034+0000] {taskinstance.py:2306} INFO - Starting attempt 1 of 1
[2026-02-19T15:55:55.169+0000] {taskinstance.py:2330} INFO - Executing <Task(PythonOperator): task_TSLA> on 2026-01-23 00:00:00+00:00
[2026-02-19T15:55:55.184+0000] {logging_mixin.py:188} WARNING - /home/***/.local/lib/python3.12/site-packages/***/task/task_runner/standard_task_runner.py:62 DeprecationWarning: This process (pid=34268) is multi-threaded, use of fork() may lead to deadlocks in the child.
[2026-02-19T15:55:55.186+0000] {standard_task_runner.py:64} INFO - Started process 34287 to run task
[2026-02-19T15:55:55.188+0000] {standard_task_runner.py:90} INFO - Running: ['***', 'tasks', 'run', 'dag_moex', 'task_TSLA', 'scheduled__2026-01-23T00:00:00+00:00', '--job-id', '1667', '--raw', '--subdir', 'DAGS_FOLDER/stocks/dag1.py', '--cfg-path', '/tmp/tmp8u3cbh_9']
[2026-02-19T15:55:55.192+0000] {standard_task_runner.py:91} INFO - Job 1667: Subtask task_TSLA
[2026-02-19T15:55:55.275+0000] {task_command.py:426} INFO - Running <TaskInstance: dag_moex.task_TSLA scheduled__2026-01-23T00:00:00+00:00 [running]> on host cc036e7caf02
[2026-02-19T15:55:55.401+0000] {taskinstance.py:2648} INFO - Exporting env vars: AIRFLOW_CTX_DAG_OWNER='***' AIRFLOW_CTX_DAG_ID='dag_moex' AIRFLOW_CTX_TASK_ID='task_TSLA' AIRFLOW_CTX_EXECUTION_DATE='2026-01-23T00:00:00+00:00' AIRFLOW_CTX_TRY_NUMBER='1' AIRFLOW_CTX_DAG_RUN_ID='scheduled__2026-01-23T00:00:00+00:00'
[2026-02-19T15:55:55.402+0000] {taskinstance.py:430} INFO - ::endgroup::
[2026-02-19T15:55:55.427+0000] {logging_mixin.py:188} WARNING - /opt/***/dags/stocks/scripts/api.py:9 FutureWarning: YF.download() has changed argument auto_adjust default to True
[2026-02-19T15:55:55.443+0000] {logging_mixin.py:188} WARNING - /home/***/.local/lib/python3.12/site-packages/yfinance/scrapers/history.py:204 Pandas4Warning: Timestamp.utcnow is deprecated and will be removed in a future version. Use Timestamp.now('UTC') instead.
[2026-02-19T15:55:56.188+0000] {logging_mixin.py:188} WARNING - [*********************100%***********************]  1 of 1 completed
[2026-02-19T15:55:56.220+0000] {base.py:84} INFO - Using connection ID 'pg_1' for task execution.
[2026-02-19T15:55:56.221+0000] {sql.py:254} WARNING - This setter is for backward compatibility and should not be used.
Since the introduction of connection property, the providers listed below breaks due to assigning value to self.connection in their __init__ method.
* apache-***-providers-mysql<5.7.1
* apache-***-providers-elasticsearch<5.5.1
* apache-***-providers-postgres<5.13.0
[2026-02-19T15:55:56.228+0000] {sql.py:896} INFO - Loaded 1 rows into stocks so far
[2026-02-19T15:55:56.229+0000] {sql.py:908} INFO - Done loading. Loaded a total of 1 rows into stocks
[2026-02-19T15:55:56.236+0000] {python.py:237} INFO - Done. Returned value was: None
[2026-02-19T15:55:56.238+0000] {taskinstance.py:441} INFO - ::group::Post task execution logs
[2026-02-19T15:55:56.254+0000] {taskinstance.py:1206} INFO - Marking task as SUCCESS. dag_id=dag_moex, task_id=task_TSLA, run_id=scheduled__2026-01-23T00:00:00+00:00, execution_date=20260123T000000, start_date=20260219T155555, end_date=20260219T155556
[2026-02-19T15:55:56.287+0000] {local_task_job_runner.py:243} INFO - Task exited with return code 0
[2026-02-19T15:55:56.300+0000] {local_task_job_runner.py:222} INFO - ::endgroup::
[2026-02-19T16:06:02.035+0000] {local_task_job_runner.py:120} INFO - ::group::Pre task execution logs
[2026-02-19T16:06:02.085+0000] {taskinstance.py:2076} INFO - Dependencies all met for dep_context=non-requeueable deps ti=<TaskInstance: dag_moex.task_TSLA scheduled__2026-01-23T00:00:00+00:00 [queued]>
[2026-02-19T16:06:02.097+0000] {taskinstance.py:2076} INFO - Dependencies all met for dep_context=requeueable deps ti=<TaskInstance: dag_moex.task_TSLA scheduled__2026-01-23T00:00:00+00:00 [queued]>
[2026-02-19T16:06:02.098+0000] {taskinstance.py:2306} INFO - Starting attempt 1 of 1
[2026-02-19T16:06:02.127+0000] {taskinstance.py:2330} INFO - Executing <Task(PythonOperator): task_TSLA> on 2026-01-23 00:00:00+00:00
[2026-02-19T16:06:02.149+0000] {logging_mixin.py:188} WARNING - /home/***/.local/lib/python3.12/site-packages/***/task/task_runner/standard_task_runner.py:62 DeprecationWarning: This process (pid=34649) is multi-threaded, use of fork() may lead to deadlocks in the child.
[2026-02-19T16:06:02.151+0000] {standard_task_runner.py:64} INFO - Started process 34674 to run task
[2026-02-19T16:06:02.157+0000] {standard_task_runner.py:90} INFO - Running: ['***', 'tasks', 'run', 'dag_moex', 'task_TSLA', 'scheduled__2026-01-23T00:00:00+00:00', '--job-id', '1702', '--raw', '--subdir', 'DAGS_FOLDER/stocks/dag1.py', '--cfg-path', '/tmp/tmpb4e9ry8t']
[2026-02-19T16:06:02.161+0000] {standard_task_runner.py:91} INFO - Job 1702: Subtask task_TSLA
[2026-02-19T16:06:02.252+0000] {task_command.py:426} INFO - Running <TaskInstance: dag_moex.task_TSLA scheduled__2026-01-23T00:00:00+00:00 [running]> on host cc036e7caf02
[2026-02-19T16:06:02.415+0000] {taskinstance.py:2648} INFO - Exporting env vars: AIRFLOW_CTX_DAG_OWNER='***' AIRFLOW_CTX_DAG_ID='dag_moex' AIRFLOW_CTX_TASK_ID='task_TSLA' AIRFLOW_CTX_EXECUTION_DATE='2026-01-23T00:00:00+00:00' AIRFLOW_CTX_TRY_NUMBER='1' AIRFLOW_CTX_DAG_RUN_ID='scheduled__2026-01-23T00:00:00+00:00'
[2026-02-19T16:06:02.417+0000] {taskinstance.py:430} INFO - ::endgroup::
[2026-02-19T16:06:02.445+0000] {logging_mixin.py:188} WARNING - /opt/***/dags/stocks/scripts/api.py:9 FutureWarning: YF.download() has changed argument auto_adjust default to True
[2026-02-19T16:06:02.472+0000] {logging_mixin.py:188} WARNING - /home/***/.local/lib/python3.12/site-packages/yfinance/scrapers/history.py:204 Pandas4Warning: Timestamp.utcnow is deprecated and will be removed in a future version. Use Timestamp.now('UTC') instead.
[2026-02-19T16:06:03.209+0000] {logging_mixin.py:188} WARNING - [*********************100%***********************]  1 of 1 completed
[2026-02-19T16:06:03.256+0000] {base.py:84} INFO - Using connection ID 'pg_1' for task execution.
[2026-02-19T16:06:03.257+0000] {sql.py:254} WARNING - This setter is for backward compatibility and should not be used.
Since the introduction of connection property, the providers listed below breaks due to assigning value to self.connection in their __init__ method.
* apache-***-providers-mysql<5.7.1
* apache-***-providers-elasticsearch<5.5.1
* apache-***-providers-postgres<5.13.0
[2026-02-19T16:06:03.270+0000] {taskinstance.py:441} INFO - ::group::Post task execution logs
[2026-02-19T16:06:03.272+0000] {taskinstance.py:2905} ERROR - Task failed with exception
Traceback (most recent call last):
  File "/home/airflow/.local/lib/python3.12/site-packages/airflow/models/taskinstance.py", line 465, in _execute_task
    result = _execute_callable(context=context, **execute_callable_kwargs)
             ^^^^^^^^^^^^^^^^^^^^^^^^^^^^^^^^^^^^^^^^^^^^^^^^^^^^^^^^^^^^^
  File "/home/airflow/.local/lib/python3.12/site-packages/airflow/models/taskinstance.py", line 432, in _execute_callable
    return execute_callable(context=context, **execute_callable_kwargs)
           ^^^^^^^^^^^^^^^^^^^^^^^^^^^^^^^^^^^^^^^^^^^^^^^^^^^^^^^^^^^^
  File "/home/airflow/.local/lib/python3.12/site-packages/airflow/models/baseoperator.py", line 401, in wrapper
    return func(self, *args, **kwargs)
           ^^^^^^^^^^^^^^^^^^^^^^^^^^^
  File "/home/airflow/.local/lib/python3.12/site-packages/airflow/operators/python.py", line 235, in execute
    return_value = self.execute_callable()
                   ^^^^^^^^^^^^^^^^^^^^^^^
  File "/home/airflow/.local/lib/python3.12/site-packages/airflow/operators/python.py", line 252, in execute_callable
    return self.python_callable(*self.op_args, **self.op_kwargs)
           ^^^^^^^^^^^^^^^^^^^^^^^^^^^^^^^^^^^^^^^^^^^^^^^^^^^^^
  File "/opt/airflow/dags/stocks/scripts/manager.py", line 23, in fetch_data
    postgresHook.insert_rows(table="stocks", rows=rows,
  File "/home/airflow/.local/lib/python3.12/site-packages/airflow/providers/common/sql/hooks/sql.py", line 893, in insert_rows
    cur.executemany(sql, values)
psycopg2.errors.UniqueViolation: duplicate key value violates unique constraint "stocks_pkey"
DETAIL:  Key (ticker, date)=(TSLA, 2026-01-22) already exists.

[2026-02-19T16:06:03.304+0000] {taskinstance.py:1206} INFO - Marking task as FAILED. dag_id=dag_moex, task_id=task_TSLA, run_id=scheduled__2026-01-23T00:00:00+00:00, execution_date=20260123T000000, start_date=20260219T160602, end_date=20260219T160603
[2026-02-19T16:06:03.433+0000] {standard_task_runner.py:110} ERROR - Failed to execute job 1702 for task task_TSLA (duplicate key value violates unique constraint "stocks_pkey"
DETAIL:  Key (ticker, date)=(TSLA, 2026-01-22) already exists.
; 34674)
[2026-02-19T16:06:03.464+0000] {local_task_job_runner.py:243} INFO - Task exited with return code 1
[2026-02-19T16:06:03.513+0000] {taskinstance.py:3503} INFO - 0 downstream tasks scheduled from follow-on schedule check
[2026-02-19T16:06:03.525+0000] {local_task_job_runner.py:222} INFO - ::endgroup::
[2026-02-19T16:07:15.278+0000] {local_task_job_runner.py:120} INFO - ::group::Pre task execution logs
[2026-02-19T16:07:15.326+0000] {taskinstance.py:2076} INFO - Dependencies all met for dep_context=non-requeueable deps ti=<TaskInstance: dag_moex.task_TSLA scheduled__2026-01-23T00:00:00+00:00 [queued]>
[2026-02-19T16:07:15.345+0000] {taskinstance.py:2076} INFO - Dependencies all met for dep_context=requeueable deps ti=<TaskInstance: dag_moex.task_TSLA scheduled__2026-01-23T00:00:00+00:00 [queued]>
[2026-02-19T16:07:15.346+0000] {taskinstance.py:2306} INFO - Starting attempt 1 of 1
[2026-02-19T16:07:15.363+0000] {taskinstance.py:2330} INFO - Executing <Task(PythonOperator): task_TSLA> on 2026-01-23 00:00:00+00:00
[2026-02-19T16:07:15.378+0000] {logging_mixin.py:188} WARNING - /home/***/.local/lib/python3.12/site-packages/***/task/task_runner/standard_task_runner.py:62 DeprecationWarning: This process (pid=34821) is multi-threaded, use of fork() may lead to deadlocks in the child.
[2026-02-19T16:07:15.377+0000] {standard_task_runner.py:90} INFO - Running: ['***', 'tasks', 'run', 'dag_moex', 'task_TSLA', 'scheduled__2026-01-23T00:00:00+00:00', '--job-id', '1737', '--raw', '--subdir', 'DAGS_FOLDER/stocks/dag1.py', '--cfg-path', '/tmp/tmp4kbw08m9']
[2026-02-19T16:07:15.380+0000] {standard_task_runner.py:64} INFO - Started process 34838 to run task
[2026-02-19T16:07:15.380+0000] {standard_task_runner.py:91} INFO - Job 1737: Subtask task_TSLA
[2026-02-19T16:07:15.455+0000] {task_command.py:426} INFO - Running <TaskInstance: dag_moex.task_TSLA scheduled__2026-01-23T00:00:00+00:00 [running]> on host cc036e7caf02
[2026-02-19T16:07:15.598+0000] {taskinstance.py:2648} INFO - Exporting env vars: AIRFLOW_CTX_DAG_OWNER='***' AIRFLOW_CTX_DAG_ID='dag_moex' AIRFLOW_CTX_TASK_ID='task_TSLA' AIRFLOW_CTX_EXECUTION_DATE='2026-01-23T00:00:00+00:00' AIRFLOW_CTX_TRY_NUMBER='1' AIRFLOW_CTX_DAG_RUN_ID='scheduled__2026-01-23T00:00:00+00:00'
[2026-02-19T16:07:15.602+0000] {taskinstance.py:430} INFO - ::endgroup::
[2026-02-19T16:07:15.620+0000] {logging_mixin.py:188} WARNING - /opt/***/dags/stocks/scripts/api.py:9 FutureWarning: YF.download() has changed argument auto_adjust default to True
[2026-02-19T16:07:15.632+0000] {logging_mixin.py:188} WARNING - /home/***/.local/lib/python3.12/site-packages/yfinance/scrapers/history.py:204 Pandas4Warning: Timestamp.utcnow is deprecated and will be removed in a future version. Use Timestamp.now('UTC') instead.
[2026-02-19T16:07:16.408+0000] {logging_mixin.py:188} WARNING - [*********************100%***********************]  1 of 1 completed
[2026-02-19T16:07:16.463+0000] {base.py:84} INFO - Using connection ID 'pg_1' for task execution.
[2026-02-19T16:07:16.464+0000] {sql.py:254} WARNING - This setter is for backward compatibility and should not be used.
Since the introduction of connection property, the providers listed below breaks due to assigning value to self.connection in their __init__ method.
* apache-***-providers-mysql<5.7.1
* apache-***-providers-elasticsearch<5.5.1
* apache-***-providers-postgres<5.13.0
[2026-02-19T16:07:16.472+0000] {taskinstance.py:441} INFO - ::group::Post task execution logs
[2026-02-19T16:07:16.476+0000] {taskinstance.py:2905} ERROR - Task failed with exception
Traceback (most recent call last):
  File "/home/airflow/.local/lib/python3.12/site-packages/airflow/models/taskinstance.py", line 465, in _execute_task
    result = _execute_callable(context=context, **execute_callable_kwargs)
             ^^^^^^^^^^^^^^^^^^^^^^^^^^^^^^^^^^^^^^^^^^^^^^^^^^^^^^^^^^^^^
  File "/home/airflow/.local/lib/python3.12/site-packages/airflow/models/taskinstance.py", line 432, in _execute_callable
    return execute_callable(context=context, **execute_callable_kwargs)
           ^^^^^^^^^^^^^^^^^^^^^^^^^^^^^^^^^^^^^^^^^^^^^^^^^^^^^^^^^^^^
  File "/home/airflow/.local/lib/python3.12/site-packages/airflow/models/baseoperator.py", line 401, in wrapper
    return func(self, *args, **kwargs)
           ^^^^^^^^^^^^^^^^^^^^^^^^^^^
  File "/home/airflow/.local/lib/python3.12/site-packages/airflow/operators/python.py", line 235, in execute
    return_value = self.execute_callable()
                   ^^^^^^^^^^^^^^^^^^^^^^^
  File "/home/airflow/.local/lib/python3.12/site-packages/airflow/operators/python.py", line 252, in execute_callable
    return self.python_callable(*self.op_args, **self.op_kwargs)
           ^^^^^^^^^^^^^^^^^^^^^^^^^^^^^^^^^^^^^^^^^^^^^^^^^^^^^
  File "/opt/airflow/dags/stocks/scripts/manager.py", line 23, in fetch_data
    postgresHook.insert_rows(table="stocks", rows=rows,
  File "/home/airflow/.local/lib/python3.12/site-packages/airflow/providers/common/sql/hooks/sql.py", line 893, in insert_rows
    cur.executemany(sql, values)
psycopg2.errors.UniqueViolation: duplicate key value violates unique constraint "stocks_pkey"
DETAIL:  Key (ticker, date)=(TSLA, 2026-01-22) already exists.

[2026-02-19T16:07:16.505+0000] {taskinstance.py:1206} INFO - Marking task as FAILED. dag_id=dag_moex, task_id=task_TSLA, run_id=scheduled__2026-01-23T00:00:00+00:00, execution_date=20260123T000000, start_date=20260219T160715, end_date=20260219T160716
[2026-02-19T16:07:16.608+0000] {standard_task_runner.py:110} ERROR - Failed to execute job 1737 for task task_TSLA (duplicate key value violates unique constraint "stocks_pkey"
DETAIL:  Key (ticker, date)=(TSLA, 2026-01-22) already exists.
; 34838)
[2026-02-19T16:07:16.648+0000] {local_task_job_runner.py:243} INFO - Task exited with return code 1
[2026-02-19T16:07:16.690+0000] {taskinstance.py:3503} INFO - 0 downstream tasks scheduled from follow-on schedule check
[2026-02-19T16:07:16.695+0000] {local_task_job_runner.py:222} INFO - ::endgroup::
[2026-02-19T16:14:29.025+0000] {local_task_job_runner.py:120} INFO - ::group::Pre task execution logs
[2026-02-19T16:14:29.064+0000] {taskinstance.py:2076} INFO - Dependencies all met for dep_context=non-requeueable deps ti=<TaskInstance: dag_moex.task_TSLA scheduled__2026-01-23T00:00:00+00:00 [queued]>
[2026-02-19T16:14:29.081+0000] {taskinstance.py:2076} INFO - Dependencies all met for dep_context=requeueable deps ti=<TaskInstance: dag_moex.task_TSLA scheduled__2026-01-23T00:00:00+00:00 [queued]>
[2026-02-19T16:14:29.081+0000] {taskinstance.py:2306} INFO - Starting attempt 1 of 1
[2026-02-19T16:14:29.093+0000] {taskinstance.py:2330} INFO - Executing <Task(PythonOperator): task_TSLA> on 2026-01-23 00:00:00+00:00
[2026-02-19T16:14:29.105+0000] {logging_mixin.py:188} WARNING - /home/***/.local/lib/python3.12/site-packages/***/task/task_runner/standard_task_runner.py:62 DeprecationWarning: This process (pid=35141) is multi-threaded, use of fork() may lead to deadlocks in the child.
[2026-02-19T16:14:29.106+0000] {standard_task_runner.py:64} INFO - Started process 35143 to run task
[2026-02-19T16:14:29.104+0000] {standard_task_runner.py:90} INFO - Running: ['***', 'tasks', 'run', 'dag_moex', 'task_TSLA', 'scheduled__2026-01-23T00:00:00+00:00', '--job-id', '1772', '--raw', '--subdir', 'DAGS_FOLDER/stocks/dag1.py', '--cfg-path', '/tmp/tmp7ywqy2nc']
[2026-02-19T16:14:29.107+0000] {standard_task_runner.py:91} INFO - Job 1772: Subtask task_TSLA
[2026-02-19T16:14:29.159+0000] {task_command.py:426} INFO - Running <TaskInstance: dag_moex.task_TSLA scheduled__2026-01-23T00:00:00+00:00 [running]> on host cc036e7caf02
[2026-02-19T16:14:29.242+0000] {taskinstance.py:2648} INFO - Exporting env vars: AIRFLOW_CTX_DAG_OWNER='***' AIRFLOW_CTX_DAG_ID='dag_moex' AIRFLOW_CTX_TASK_ID='task_TSLA' AIRFLOW_CTX_EXECUTION_DATE='2026-01-23T00:00:00+00:00' AIRFLOW_CTX_TRY_NUMBER='1' AIRFLOW_CTX_DAG_RUN_ID='scheduled__2026-01-23T00:00:00+00:00'
[2026-02-19T16:14:29.243+0000] {taskinstance.py:430} INFO - ::endgroup::
[2026-02-19T16:14:29.256+0000] {logging_mixin.py:188} WARNING - /opt/***/dags/stocks/scripts/api.py:9 FutureWarning: YF.download() has changed argument auto_adjust default to True
[2026-02-19T16:14:29.264+0000] {logging_mixin.py:188} WARNING - /home/***/.local/lib/python3.12/site-packages/yfinance/scrapers/history.py:204 Pandas4Warning: Timestamp.utcnow is deprecated and will be removed in a future version. Use Timestamp.now('UTC') instead.
[2026-02-19T16:14:30.028+0000] {logging_mixin.py:188} WARNING - [*********************100%***********************]  1 of 1 completed
[2026-02-19T16:14:30.057+0000] {base.py:84} INFO - Using connection ID 'pg_1' for task execution.
[2026-02-19T16:14:30.058+0000] {sql.py:254} WARNING - This setter is for backward compatibility and should not be used.
Since the introduction of connection property, the providers listed below breaks due to assigning value to self.connection in their __init__ method.
* apache-***-providers-mysql<5.7.1
* apache-***-providers-elasticsearch<5.5.1
* apache-***-providers-postgres<5.13.0
[2026-02-19T16:14:30.067+0000] {manager.py:26} INFO - [['TSLA', Timestamp('2026-01-22 00:00:00'), 449.3599853515625, 449.5, 432.6300048828125, 435.1600036621094, 71546700], ['TSLA', Timestamp('2026-01-23 00:00:00'), 449.05999755859375, 452.42999267578125, 444.0400085449219, 447.42999267578125, 56771400]]
[2026-02-19T16:14:30.078+0000] {python.py:237} INFO - Done. Returned value was: None
[2026-02-19T16:14:30.079+0000] {taskinstance.py:441} INFO - ::group::Post task execution logs
[2026-02-19T16:14:30.089+0000] {taskinstance.py:1206} INFO - Marking task as SUCCESS. dag_id=dag_moex, task_id=task_TSLA, run_id=scheduled__2026-01-23T00:00:00+00:00, execution_date=20260123T000000, start_date=20260219T161429, end_date=20260219T161430
[2026-02-19T16:14:30.123+0000] {local_task_job_runner.py:243} INFO - Task exited with return code 0
[2026-02-19T16:14:30.150+0000] {taskinstance.py:3503} INFO - 0 downstream tasks scheduled from follow-on schedule check
[2026-02-19T16:14:30.153+0000] {local_task_job_runner.py:222} INFO - ::endgroup::
[2026-02-19T16:18:59.006+0000] {local_task_job_runner.py:120} INFO - ::group::Pre task execution logs
[2026-02-19T16:18:59.036+0000] {taskinstance.py:2076} INFO - Dependencies all met for dep_context=non-requeueable deps ti=<TaskInstance: dag_moex.task_TSLA scheduled__2026-01-23T00:00:00+00:00 [queued]>
[2026-02-19T16:18:59.044+0000] {taskinstance.py:2076} INFO - Dependencies all met for dep_context=requeueable deps ti=<TaskInstance: dag_moex.task_TSLA scheduled__2026-01-23T00:00:00+00:00 [queued]>
[2026-02-19T16:18:59.044+0000] {taskinstance.py:2306} INFO - Starting attempt 1 of 1
[2026-02-19T16:18:59.054+0000] {taskinstance.py:2330} INFO - Executing <Task(PythonOperator): task_TSLA> on 2026-01-23 00:00:00+00:00
[2026-02-19T16:18:59.065+0000] {logging_mixin.py:188} WARNING - /home/***/.local/lib/python3.12/site-packages/***/task/task_runner/standard_task_runner.py:62 DeprecationWarning: This process (pid=35366) is multi-threaded, use of fork() may lead to deadlocks in the child.
[2026-02-19T16:18:59.067+0000] {standard_task_runner.py:64} INFO - Started process 35368 to run task
[2026-02-19T16:18:59.067+0000] {standard_task_runner.py:90} INFO - Running: ['***', 'tasks', 'run', 'dag_moex', 'task_TSLA', 'scheduled__2026-01-23T00:00:00+00:00', '--job-id', '1807', '--raw', '--subdir', 'DAGS_FOLDER/stocks/dag1.py', '--cfg-path', '/tmp/tmpo48gp03h']
[2026-02-19T16:18:59.071+0000] {standard_task_runner.py:91} INFO - Job 1807: Subtask task_TSLA
[2026-02-19T16:18:59.111+0000] {task_command.py:426} INFO - Running <TaskInstance: dag_moex.task_TSLA scheduled__2026-01-23T00:00:00+00:00 [running]> on host cc036e7caf02
[2026-02-19T16:18:59.177+0000] {taskinstance.py:2648} INFO - Exporting env vars: AIRFLOW_CTX_DAG_OWNER='***' AIRFLOW_CTX_DAG_ID='dag_moex' AIRFLOW_CTX_TASK_ID='task_TSLA' AIRFLOW_CTX_EXECUTION_DATE='2026-01-23T00:00:00+00:00' AIRFLOW_CTX_TRY_NUMBER='1' AIRFLOW_CTX_DAG_RUN_ID='scheduled__2026-01-23T00:00:00+00:00'
[2026-02-19T16:18:59.178+0000] {taskinstance.py:430} INFO - ::endgroup::
[2026-02-19T16:18:59.187+0000] {logging_mixin.py:188} WARNING - /opt/***/dags/stocks/scripts/api.py:9 FutureWarning: YF.download() has changed argument auto_adjust default to True
[2026-02-19T16:18:59.193+0000] {logging_mixin.py:188} WARNING - /home/***/.local/lib/python3.12/site-packages/yfinance/scrapers/history.py:204 Pandas4Warning: Timestamp.utcnow is deprecated and will be removed in a future version. Use Timestamp.now('UTC') instead.
[2026-02-19T16:18:59.865+0000] {logging_mixin.py:188} WARNING - [*********************100%***********************]  1 of 1 completed
[2026-02-19T16:18:59.879+0000] {base.py:84} INFO - Using connection ID 'pg_1' for task execution.
[2026-02-19T16:18:59.880+0000] {sql.py:254} WARNING - This setter is for backward compatibility and should not be used.
Since the introduction of connection property, the providers listed below breaks due to assigning value to self.connection in their __init__ method.
* apache-***-providers-mysql<5.7.1
* apache-***-providers-elasticsearch<5.5.1
* apache-***-providers-postgres<5.13.0
[2026-02-19T16:18:59.883+0000] {manager.py:26} INFO - [['TSLA', Timestamp('2026-01-22 00:00:00'), 449.3599853515625, 449.5, 432.6300048828125, 435.1600036621094, 71546700], ['TSLA', Timestamp('2026-01-23 00:00:00'), 449.05999755859375, 452.42999267578125, 444.0400085449219, 447.42999267578125, 56771400]]
[2026-02-19T16:18:59.888+0000] {python.py:237} INFO - Done. Returned value was: None
[2026-02-19T16:18:59.889+0000] {taskinstance.py:441} INFO - ::group::Post task execution logs
[2026-02-19T16:18:59.899+0000] {taskinstance.py:1206} INFO - Marking task as SUCCESS. dag_id=dag_moex, task_id=task_TSLA, run_id=scheduled__2026-01-23T00:00:00+00:00, execution_date=20260123T000000, start_date=20260219T161859, end_date=20260219T161859
[2026-02-19T16:18:59.922+0000] {local_task_job_runner.py:243} INFO - Task exited with return code 0
[2026-02-19T16:18:59.937+0000] {taskinstance.py:3503} INFO - 0 downstream tasks scheduled from follow-on schedule check
[2026-02-19T16:18:59.939+0000] {local_task_job_runner.py:222} INFO - ::endgroup::
[2026-02-19T16:33:13.669+0000] {local_task_job_runner.py:120} INFO - ::group::Pre task execution logs
[2026-02-19T16:33:13.697+0000] {taskinstance.py:2076} INFO - Dependencies all met for dep_context=non-requeueable deps ti=<TaskInstance: dag_moex.task_TSLA scheduled__2026-01-23T00:00:00+00:00 [queued]>
[2026-02-19T16:33:13.705+0000] {taskinstance.py:2076} INFO - Dependencies all met for dep_context=requeueable deps ti=<TaskInstance: dag_moex.task_TSLA scheduled__2026-01-23T00:00:00+00:00 [queued]>
[2026-02-19T16:33:13.706+0000] {taskinstance.py:2306} INFO - Starting attempt 1 of 1
[2026-02-19T16:33:13.718+0000] {taskinstance.py:2330} INFO - Executing <Task(PythonOperator): task_TSLA> on 2026-01-23 00:00:00+00:00
[2026-02-19T16:33:13.732+0000] {logging_mixin.py:188} WARNING - /home/***/.local/lib/python3.12/site-packages/***/task/task_runner/standard_task_runner.py:62 DeprecationWarning: This process (pid=35874) is multi-threaded, use of fork() may lead to deadlocks in the child.
[2026-02-19T16:33:13.732+0000] {standard_task_runner.py:90} INFO - Running: ['***', 'tasks', 'run', 'dag_moex', 'task_TSLA', 'scheduled__2026-01-23T00:00:00+00:00', '--job-id', '1847', '--raw', '--subdir', 'DAGS_FOLDER/stocks/dag1.py', '--cfg-path', '/tmp/tmpwxje8d8i']
[2026-02-19T16:33:13.734+0000] {standard_task_runner.py:64} INFO - Started process 35876 to run task
[2026-02-19T16:33:13.734+0000] {standard_task_runner.py:91} INFO - Job 1847: Subtask task_TSLA
[2026-02-19T16:33:13.767+0000] {task_command.py:426} INFO - Running <TaskInstance: dag_moex.task_TSLA scheduled__2026-01-23T00:00:00+00:00 [running]> on host cc036e7caf02
[2026-02-19T16:33:13.834+0000] {taskinstance.py:2648} INFO - Exporting env vars: AIRFLOW_CTX_DAG_OWNER='***' AIRFLOW_CTX_DAG_ID='dag_moex' AIRFLOW_CTX_TASK_ID='task_TSLA' AIRFLOW_CTX_EXECUTION_DATE='2026-01-23T00:00:00+00:00' AIRFLOW_CTX_TRY_NUMBER='1' AIRFLOW_CTX_DAG_RUN_ID='scheduled__2026-01-23T00:00:00+00:00'
[2026-02-19T16:33:13.835+0000] {taskinstance.py:430} INFO - ::endgroup::
[2026-02-19T16:33:13.845+0000] {logging_mixin.py:188} WARNING - /opt/***/dags/stocks/scripts/api.py:9 FutureWarning: YF.download() has changed argument auto_adjust default to True
[2026-02-19T16:33:13.851+0000] {logging_mixin.py:188} WARNING - /home/***/.local/lib/python3.12/site-packages/yfinance/scrapers/history.py:204 Pandas4Warning: Timestamp.utcnow is deprecated and will be removed in a future version. Use Timestamp.now('UTC') instead.
[2026-02-19T16:33:14.568+0000] {logging_mixin.py:188} WARNING - [*********************100%***********************]  1 of 1 completed
[2026-02-19T16:33:14.581+0000] {python.py:237} INFO - Done. Returned value was: None
[2026-02-19T16:33:14.582+0000] {taskinstance.py:441} INFO - ::group::Post task execution logs
[2026-02-19T16:33:14.588+0000] {taskinstance.py:1206} INFO - Marking task as SUCCESS. dag_id=dag_moex, task_id=task_TSLA, run_id=scheduled__2026-01-23T00:00:00+00:00, execution_date=20260123T000000, start_date=20260219T163313, end_date=20260219T163314
[2026-02-19T16:33:14.605+0000] {local_task_job_runner.py:243} INFO - Task exited with return code 0
[2026-02-19T16:33:14.623+0000] {taskinstance.py:3503} INFO - 0 downstream tasks scheduled from follow-on schedule check
[2026-02-19T16:33:14.625+0000] {local_task_job_runner.py:222} INFO - ::endgroup::
[2026-02-23T03:51:51.791+0000] {local_task_job_runner.py:120} INFO - ::group::Pre task execution logs
[2026-02-23T03:51:51.844+0000] {taskinstance.py:2076} INFO - Dependencies all met for dep_context=non-requeueable deps ti=<TaskInstance: dag_moex.task_TSLA scheduled__2026-01-23T00:00:00+00:00 [queued]>
[2026-02-23T03:51:51.860+0000] {taskinstance.py:2076} INFO - Dependencies all met for dep_context=requeueable deps ti=<TaskInstance: dag_moex.task_TSLA scheduled__2026-01-23T00:00:00+00:00 [queued]>
[2026-02-23T03:51:51.861+0000] {taskinstance.py:2306} INFO - Starting attempt 1 of 1
[2026-02-23T03:51:51.962+0000] {taskinstance.py:2330} INFO - Executing <Task(PythonOperator): task_TSLA> on 2026-01-23 00:00:00+00:00
[2026-02-23T03:51:51.975+0000] {logging_mixin.py:188} WARNING - /home/***/.local/lib/python3.12/site-packages/***/task/task_runner/standard_task_runner.py:62 DeprecationWarning: This process (pid=1381) is multi-threaded, use of fork() may lead to deadlocks in the child.
[2026-02-23T03:51:51.978+0000] {standard_task_runner.py:64} INFO - Started process 1400 to run task
[2026-02-23T03:51:51.976+0000] {standard_task_runner.py:90} INFO - Running: ['***', 'tasks', 'run', 'dag_moex', 'task_TSLA', 'scheduled__2026-01-23T00:00:00+00:00', '--job-id', '2001', '--raw', '--subdir', 'DAGS_FOLDER/stocks/dag1.py', '--cfg-path', '/tmp/tmp_s26mejv']
[2026-02-23T03:51:51.979+0000] {standard_task_runner.py:91} INFO - Job 2001: Subtask task_TSLA
[2026-02-23T03:51:52.039+0000] {task_command.py:426} INFO - Running <TaskInstance: dag_moex.task_TSLA scheduled__2026-01-23T00:00:00+00:00 [running]> on host c6ea4dedb566
[2026-02-23T03:51:52.159+0000] {taskinstance.py:2648} INFO - Exporting env vars: AIRFLOW_CTX_DAG_OWNER='***' AIRFLOW_CTX_DAG_ID='dag_moex' AIRFLOW_CTX_TASK_ID='task_TSLA' AIRFLOW_CTX_EXECUTION_DATE='2026-01-23T00:00:00+00:00' AIRFLOW_CTX_TRY_NUMBER='1' AIRFLOW_CTX_DAG_RUN_ID='scheduled__2026-01-23T00:00:00+00:00'
[2026-02-23T03:51:52.161+0000] {taskinstance.py:430} INFO - ::endgroup::
[2026-02-23T03:51:52.185+0000] {logging_mixin.py:188} WARNING - /opt/***/dags/stocks/scripts/api.py:9 FutureWarning: YF.download() has changed argument auto_adjust default to True
[2026-02-23T03:51:52.199+0000] {logging_mixin.py:188} WARNING - /home/***/.local/lib/python3.12/site-packages/yfinance/scrapers/history.py:204 Pandas4Warning: Timestamp.utcnow is deprecated and will be removed in a future version. Use Timestamp.now('UTC') instead.
[2026-02-23T03:51:52.901+0000] {logging_mixin.py:188} WARNING - [*********************100%***********************]  1 of 1 completed
[2026-02-23T03:51:52.942+0000] {base.py:84} INFO - Using connection ID 'pg_1' for task execution.
[2026-02-23T03:51:52.943+0000] {sql.py:254} WARNING - This setter is for backward compatibility and should not be used.
Since the introduction of connection property, the providers listed below breaks due to assigning value to self.connection in their __init__ method.
* apache-***-providers-mysql<5.7.1
* apache-***-providers-elasticsearch<5.5.1
* apache-***-providers-postgres<5.13.0
[2026-02-23T03:51:52.951+0000] {sql.py:896} INFO - Loaded 1 rows into stocks so far
[2026-02-23T03:51:52.952+0000] {sql.py:908} INFO - Done loading. Loaded a total of 1 rows into stocks
[2026-02-23T03:51:52.962+0000] {python.py:237} INFO - Done. Returned value was: None
[2026-02-23T03:51:52.963+0000] {taskinstance.py:441} INFO - ::group::Post task execution logs
[2026-02-23T03:51:52.973+0000] {taskinstance.py:1206} INFO - Marking task as SUCCESS. dag_id=dag_moex, task_id=task_TSLA, run_id=scheduled__2026-01-23T00:00:00+00:00, execution_date=20260123T000000, start_date=20260223T035151, end_date=20260223T035152
[2026-02-23T03:51:53.169+0000] {local_task_job_runner.py:243} INFO - Task exited with return code 0
[2026-02-23T03:51:53.201+0000] {taskinstance.py:3503} INFO - 0 downstream tasks scheduled from follow-on schedule check
[2026-02-23T03:51:53.203+0000] {local_task_job_runner.py:222} INFO - ::endgroup::
[2026-02-23T03:55:53.055+0000] {local_task_job_runner.py:120} INFO - ::group::Pre task execution logs
[2026-02-23T03:55:53.075+0000] {taskinstance.py:2076} INFO - Dependencies all met for dep_context=non-requeueable deps ti=<TaskInstance: dag_moex.task_TSLA scheduled__2026-01-23T00:00:00+00:00 [queued]>
[2026-02-23T03:55:53.080+0000] {taskinstance.py:2076} INFO - Dependencies all met for dep_context=requeueable deps ti=<TaskInstance: dag_moex.task_TSLA scheduled__2026-01-23T00:00:00+00:00 [queued]>
[2026-02-23T03:55:53.080+0000] {taskinstance.py:2306} INFO - Starting attempt 1 of 1
[2026-02-23T03:55:53.089+0000] {taskinstance.py:2330} INFO - Executing <Task(PythonOperator): task_TSLA> on 2026-01-23 00:00:00+00:00
[2026-02-23T03:55:53.096+0000] {logging_mixin.py:188} WARNING - /home/***/.local/lib/python3.12/site-packages/***/task/task_runner/standard_task_runner.py:62 DeprecationWarning: This process (pid=1707) is multi-threaded, use of fork() may lead to deadlocks in the child.
[2026-02-23T03:55:53.096+0000] {standard_task_runner.py:90} INFO - Running: ['***', 'tasks', 'run', 'dag_moex', 'task_TSLA', 'scheduled__2026-01-23T00:00:00+00:00', '--job-id', '2056', '--raw', '--subdir', 'DAGS_FOLDER/stocks/dag1.py', '--cfg-path', '/tmp/tmpz5a7ghm1']
[2026-02-23T03:55:53.097+0000] {standard_task_runner.py:64} INFO - Started process 1709 to run task
[2026-02-23T03:55:53.098+0000] {standard_task_runner.py:91} INFO - Job 2056: Subtask task_TSLA
[2026-02-23T03:55:53.129+0000] {task_command.py:426} INFO - Running <TaskInstance: dag_moex.task_TSLA scheduled__2026-01-23T00:00:00+00:00 [running]> on host c6ea4dedb566
[2026-02-23T03:55:53.192+0000] {taskinstance.py:2648} INFO - Exporting env vars: AIRFLOW_CTX_DAG_OWNER='***' AIRFLOW_CTX_DAG_ID='dag_moex' AIRFLOW_CTX_TASK_ID='task_TSLA' AIRFLOW_CTX_EXECUTION_DATE='2026-01-23T00:00:00+00:00' AIRFLOW_CTX_TRY_NUMBER='1' AIRFLOW_CTX_DAG_RUN_ID='scheduled__2026-01-23T00:00:00+00:00'
[2026-02-23T03:55:53.193+0000] {taskinstance.py:430} INFO - ::endgroup::
[2026-02-23T03:55:53.203+0000] {logging_mixin.py:188} WARNING - /opt/***/dags/stocks/scripts/api.py:9 FutureWarning: YF.download() has changed argument auto_adjust default to True
[2026-02-23T03:55:53.211+0000] {logging_mixin.py:188} WARNING - /home/***/.local/lib/python3.12/site-packages/yfinance/scrapers/history.py:204 Pandas4Warning: Timestamp.utcnow is deprecated and will be removed in a future version. Use Timestamp.now('UTC') instead.
[2026-02-23T03:55:53.887+0000] {logging_mixin.py:188} WARNING - [*********************100%***********************]  1 of 1 completed
[2026-02-23T03:55:53.902+0000] {base.py:84} INFO - Using connection ID 'pg_1' for task execution.
[2026-02-23T03:55:53.902+0000] {sql.py:254} WARNING - This setter is for backward compatibility and should not be used.
Since the introduction of connection property, the providers listed below breaks due to assigning value to self.connection in their __init__ method.
* apache-***-providers-mysql<5.7.1
* apache-***-providers-elasticsearch<5.5.1
* apache-***-providers-postgres<5.13.0
[2026-02-23T03:55:53.906+0000] {sql.py:896} INFO - Loaded 1 rows into stocks so far
[2026-02-23T03:55:53.907+0000] {sql.py:908} INFO - Done loading. Loaded a total of 1 rows into stocks
[2026-02-23T03:55:53.911+0000] {python.py:237} INFO - Done. Returned value was: None
[2026-02-23T03:55:53.912+0000] {taskinstance.py:441} INFO - ::group::Post task execution logs
[2026-02-23T03:55:53.917+0000] {taskinstance.py:1206} INFO - Marking task as SUCCESS. dag_id=dag_moex, task_id=task_TSLA, run_id=scheduled__2026-01-23T00:00:00+00:00, execution_date=20260123T000000, start_date=20260223T035553, end_date=20260223T035553
[2026-02-23T03:55:53.955+0000] {local_task_job_runner.py:243} INFO - Task exited with return code 0
[2026-02-23T03:55:53.966+0000] {taskinstance.py:3503} INFO - 0 downstream tasks scheduled from follow-on schedule check
[2026-02-23T03:55:53.967+0000] {local_task_job_runner.py:222} INFO - ::endgroup::
