[2026-02-14T09:34:03.907+0000] {local_task_job_runner.py:120} INFO - ::group::Pre task execution logs
[2026-02-14T09:34:03.960+0000] {taskinstance.py:2076} INFO - Dependencies all met for dep_context=non-requeueable deps ti=<TaskInstance: dag_moex.task_AAPL scheduled__2025-12-02T00:00:00+00:00 [queued]>
[2026-02-14T09:34:03.972+0000] {taskinstance.py:2076} INFO - Dependencies all met for dep_context=requeueable deps ti=<TaskInstance: dag_moex.task_AAPL scheduled__2025-12-02T00:00:00+00:00 [queued]>
[2026-02-14T09:34:03.974+0000] {taskinstance.py:2306} INFO - Starting attempt 1 of 1
[2026-02-14T09:34:04.002+0000] {taskinstance.py:2330} INFO - Executing <Task(PythonOperator): task_AAPL> on 2025-12-02 00:00:00+00:00
[2026-02-14T09:34:04.014+0000] {logging_mixin.py:188} WARNING - /home/***/.local/lib/python3.12/site-packages/***/task/task_runner/standard_task_runner.py:62 DeprecationWarning: This process (pid=719) is multi-threaded, use of fork() may lead to deadlocks in the child.
[2026-02-14T09:34:04.015+0000] {standard_task_runner.py:64} INFO - Started process 739 to run task
[2026-02-14T09:34:04.014+0000] {standard_task_runner.py:90} INFO - Running: ['***', 'tasks', 'run', 'dag_moex', 'task_AAPL', 'scheduled__2025-12-02T00:00:00+00:00', '--job-id', '203', '--raw', '--subdir', 'DAGS_FOLDER/stocks/dag1.py', '--cfg-path', '/tmp/tmpgzospjgy']
[2026-02-14T09:34:04.019+0000] {standard_task_runner.py:91} INFO - Job 203: Subtask task_AAPL
[2026-02-14T09:34:04.096+0000] {task_command.py:426} INFO - Running <TaskInstance: dag_moex.task_AAPL scheduled__2025-12-02T00:00:00+00:00 [running]> on host 78a955e87025
[2026-02-14T09:34:04.231+0000] {taskinstance.py:2648} INFO - Exporting env vars: AIRFLOW_CTX_DAG_OWNER='***' AIRFLOW_CTX_DAG_ID='dag_moex' AIRFLOW_CTX_TASK_ID='task_AAPL' AIRFLOW_CTX_EXECUTION_DATE='2025-12-02T00:00:00+00:00' AIRFLOW_CTX_TRY_NUMBER='1' AIRFLOW_CTX_DAG_RUN_ID='scheduled__2025-12-02T00:00:00+00:00'
[2026-02-14T09:34:04.233+0000] {taskinstance.py:430} INFO - ::endgroup::
[2026-02-14T09:34:04.251+0000] {logging_mixin.py:188} INFO - 2025-12-01 2025-12-03
[2026-02-14T09:34:04.256+0000] {logging_mixin.py:188} WARNING - /opt/***/dags/stocks/scripts/api.py:10 FutureWarning: YF.download() has changed argument auto_adjust default to True
[2026-02-14T09:34:04.271+0000] {logging_mixin.py:188} WARNING - /home/***/.local/lib/python3.12/site-packages/yfinance/scrapers/history.py:204 Pandas4Warning: Timestamp.utcnow is deprecated and will be removed in a future version. Use Timestamp.now('UTC') instead.
[2026-02-14T09:34:05.126+0000] {logging_mixin.py:188} WARNING - [*********************100%***********************]  1 of 1 completed
[2026-02-14T09:34:05.139+0000] {python.py:237} INFO - Done. Returned value was: None
[2026-02-14T09:34:05.140+0000] {taskinstance.py:441} INFO - ::group::Post task execution logs
[2026-02-14T09:34:05.150+0000] {taskinstance.py:1206} INFO - Marking task as SUCCESS. dag_id=dag_moex, task_id=task_AAPL, run_id=scheduled__2025-12-02T00:00:00+00:00, execution_date=20251202T000000, start_date=20260214T093403, end_date=20260214T093405
[2026-02-14T09:34:05.204+0000] {local_task_job_runner.py:243} INFO - Task exited with return code 0
[2026-02-14T09:34:05.219+0000] {taskinstance.py:3503} INFO - 0 downstream tasks scheduled from follow-on schedule check
[2026-02-14T09:34:05.221+0000] {local_task_job_runner.py:222} INFO - ::endgroup::
[2026-02-14T09:43:20.614+0000] {local_task_job_runner.py:120} INFO - ::group::Pre task execution logs
[2026-02-14T09:43:20.654+0000] {taskinstance.py:2076} INFO - Dependencies all met for dep_context=non-requeueable deps ti=<TaskInstance: dag_moex.task_AAPL scheduled__2025-12-02T00:00:00+00:00 [queued]>
[2026-02-14T09:43:20.666+0000] {taskinstance.py:2076} INFO - Dependencies all met for dep_context=requeueable deps ti=<TaskInstance: dag_moex.task_AAPL scheduled__2025-12-02T00:00:00+00:00 [queued]>
[2026-02-14T09:43:20.667+0000] {taskinstance.py:2306} INFO - Starting attempt 1 of 1
[2026-02-14T09:43:20.686+0000] {taskinstance.py:2330} INFO - Executing <Task(PythonOperator): task_AAPL> on 2025-12-02 00:00:00+00:00
[2026-02-14T09:43:20.699+0000] {logging_mixin.py:188} WARNING - /home/***/.local/lib/python3.12/site-packages/***/task/task_runner/standard_task_runner.py:62 DeprecationWarning: This process (pid=978) is multi-threaded, use of fork() may lead to deadlocks in the child.
[2026-02-14T09:43:20.702+0000] {standard_task_runner.py:64} INFO - Started process 997 to run task
[2026-02-14T09:43:20.700+0000] {standard_task_runner.py:90} INFO - Running: ['***', 'tasks', 'run', 'dag_moex', 'task_AAPL', 'scheduled__2025-12-02T00:00:00+00:00', '--job-id', '213', '--raw', '--subdir', 'DAGS_FOLDER/stocks/dag1.py', '--cfg-path', '/tmp/tmpy4cfqn3i']
[2026-02-14T09:43:20.705+0000] {standard_task_runner.py:91} INFO - Job 213: Subtask task_AAPL
[2026-02-14T09:43:20.785+0000] {task_command.py:426} INFO - Running <TaskInstance: dag_moex.task_AAPL scheduled__2025-12-02T00:00:00+00:00 [running]> on host 78a955e87025
[2026-02-14T09:43:20.898+0000] {taskinstance.py:2648} INFO - Exporting env vars: AIRFLOW_CTX_DAG_OWNER='***' AIRFLOW_CTX_DAG_ID='dag_moex' AIRFLOW_CTX_TASK_ID='task_AAPL' AIRFLOW_CTX_EXECUTION_DATE='2025-12-02T00:00:00+00:00' AIRFLOW_CTX_TRY_NUMBER='1' AIRFLOW_CTX_DAG_RUN_ID='scheduled__2025-12-02T00:00:00+00:00'
[2026-02-14T09:43:20.900+0000] {taskinstance.py:430} INFO - ::endgroup::
[2026-02-14T09:43:20.913+0000] {logging_mixin.py:188} INFO - 2025-12-01 2025-12-03
[2026-02-14T09:43:20.916+0000] {logging_mixin.py:188} WARNING - /opt/***/dags/stocks/scripts/api.py:10 FutureWarning: YF.download() has changed argument auto_adjust default to True
[2026-02-14T09:43:20.928+0000] {logging_mixin.py:188} WARNING - /home/***/.local/lib/python3.12/site-packages/yfinance/scrapers/history.py:204 Pandas4Warning: Timestamp.utcnow is deprecated and will be removed in a future version. Use Timestamp.now('UTC') instead.
[2026-02-14T09:43:21.635+0000] {logging_mixin.py:188} WARNING - [*********************100%***********************]  1 of 1 completed
[2026-02-14T09:43:21.655+0000] {taskinstance.py:441} INFO - ::group::Post task execution logs
[2026-02-14T09:43:21.656+0000] {taskinstance.py:2905} ERROR - Task failed with exception
Traceback (most recent call last):
  File "/home/airflow/.local/lib/python3.12/site-packages/airflow/models/taskinstance.py", line 465, in _execute_task
    result = _execute_callable(context=context, **execute_callable_kwargs)
             ^^^^^^^^^^^^^^^^^^^^^^^^^^^^^^^^^^^^^^^^^^^^^^^^^^^^^^^^^^^^^
  File "/home/airflow/.local/lib/python3.12/site-packages/airflow/models/taskinstance.py", line 432, in _execute_callable
    return execute_callable(context=context, **execute_callable_kwargs)
           ^^^^^^^^^^^^^^^^^^^^^^^^^^^^^^^^^^^^^^^^^^^^^^^^^^^^^^^^^^^^
  File "/home/airflow/.local/lib/python3.12/site-packages/airflow/models/baseoperator.py", line 401, in wrapper
    return func(self, *args, **kwargs)
           ^^^^^^^^^^^^^^^^^^^^^^^^^^^
  File "/home/airflow/.local/lib/python3.12/site-packages/airflow/operators/python.py", line 235, in execute
    return_value = self.execute_callable()
                   ^^^^^^^^^^^^^^^^^^^^^^^
  File "/home/airflow/.local/lib/python3.12/site-packages/airflow/operators/python.py", line 252, in execute_callable
    return self.python_callable(*self.op_args, **self.op_kwargs)
           ^^^^^^^^^^^^^^^^^^^^^^^^^^^^^^^^^^^^^^^^^^^^^^^^^^^^^
  File "/opt/airflow/dags/stocks/scripts/manager.py", line 9, in fetch_data
    data.to_json(file_path)
  File "/home/airflow/.local/lib/python3.12/site-packages/pandas/core/generic.py", line 2635, in to_json
    return json.to_json(
           ^^^^^^^^^^^^^
  File "/home/airflow/.local/lib/python3.12/site-packages/pandas/io/json/_json.py", line 248, in to_json
    with get_handle(
         ^^^^^^^^^^^
  File "/home/airflow/.local/lib/python3.12/site-packages/pandas/io/common.py", line 926, in get_handle
    handle = open(
             ^^^^^
PermissionError: [Errno 13] Permission denied: '/opt/airflow/dags/AAPL_2025-12-02.json'
[2026-02-14T09:43:21.676+0000] {taskinstance.py:1206} INFO - Marking task as FAILED. dag_id=dag_moex, task_id=task_AAPL, run_id=scheduled__2025-12-02T00:00:00+00:00, execution_date=20251202T000000, start_date=20260214T094320, end_date=20260214T094321
[2026-02-14T09:43:21.694+0000] {standard_task_runner.py:110} ERROR - Failed to execute job 213 for task task_AAPL ([Errno 13] Permission denied: '/opt/airflow/dags/AAPL_2025-12-02.json'; 997)
[2026-02-14T09:43:21.726+0000] {local_task_job_runner.py:243} INFO - Task exited with return code 1
[2026-02-14T09:43:21.751+0000] {taskinstance.py:3503} INFO - 0 downstream tasks scheduled from follow-on schedule check
[2026-02-14T09:43:21.752+0000] {local_task_job_runner.py:222} INFO - ::endgroup::
[2026-02-14T09:44:55.233+0000] {local_task_job_runner.py:120} INFO - ::group::Pre task execution logs
[2026-02-14T09:44:55.279+0000] {taskinstance.py:2076} INFO - Dependencies all met for dep_context=non-requeueable deps ti=<TaskInstance: dag_moex.task_AAPL scheduled__2025-12-02T00:00:00+00:00 [queued]>
[2026-02-14T09:44:55.291+0000] {taskinstance.py:2076} INFO - Dependencies all met for dep_context=requeueable deps ti=<TaskInstance: dag_moex.task_AAPL scheduled__2025-12-02T00:00:00+00:00 [queued]>
[2026-02-14T09:44:55.292+0000] {taskinstance.py:2306} INFO - Starting attempt 1 of 1
[2026-02-14T09:44:55.314+0000] {taskinstance.py:2330} INFO - Executing <Task(PythonOperator): task_AAPL> on 2025-12-02 00:00:00+00:00
[2026-02-14T09:44:55.328+0000] {logging_mixin.py:188} WARNING - /home/***/.local/lib/python3.12/site-packages/***/task/task_runner/standard_task_runner.py:62 DeprecationWarning: This process (pid=1053) is multi-threaded, use of fork() may lead to deadlocks in the child.
[2026-02-14T09:44:55.325+0000] {standard_task_runner.py:90} INFO - Running: ['***', 'tasks', 'run', 'dag_moex', 'task_AAPL', 'scheduled__2025-12-02T00:00:00+00:00', '--job-id', '220', '--raw', '--subdir', 'DAGS_FOLDER/stocks/dag1.py', '--cfg-path', '/tmp/tmp2a908892']
[2026-02-14T09:44:55.331+0000] {standard_task_runner.py:64} INFO - Started process 1068 to run task
[2026-02-14T09:44:55.332+0000] {standard_task_runner.py:91} INFO - Job 220: Subtask task_AAPL
[2026-02-14T09:44:55.425+0000] {task_command.py:426} INFO - Running <TaskInstance: dag_moex.task_AAPL scheduled__2025-12-02T00:00:00+00:00 [running]> on host 78a955e87025
[2026-02-14T09:44:55.548+0000] {taskinstance.py:2648} INFO - Exporting env vars: AIRFLOW_CTX_DAG_OWNER='***' AIRFLOW_CTX_DAG_ID='dag_moex' AIRFLOW_CTX_TASK_ID='task_AAPL' AIRFLOW_CTX_EXECUTION_DATE='2025-12-02T00:00:00+00:00' AIRFLOW_CTX_TRY_NUMBER='1' AIRFLOW_CTX_DAG_RUN_ID='scheduled__2025-12-02T00:00:00+00:00'
[2026-02-14T09:44:55.550+0000] {taskinstance.py:430} INFO - ::endgroup::
[2026-02-14T09:44:55.569+0000] {logging_mixin.py:188} INFO - 2025-12-01 2025-12-03
[2026-02-14T09:44:55.579+0000] {logging_mixin.py:188} WARNING - /opt/***/dags/stocks/scripts/api.py:10 FutureWarning: YF.download() has changed argument auto_adjust default to True
[2026-02-14T09:44:55.598+0000] {logging_mixin.py:188} WARNING - /home/***/.local/lib/python3.12/site-packages/yfinance/scrapers/history.py:204 Pandas4Warning: Timestamp.utcnow is deprecated and will be removed in a future version. Use Timestamp.now('UTC') instead.
[2026-02-14T09:44:56.454+0000] {logging_mixin.py:188} WARNING - [*********************100%***********************]  1 of 1 completed
[2026-02-14T09:44:56.475+0000] {python.py:237} INFO - Done. Returned value was: None
[2026-02-14T09:44:56.477+0000] {taskinstance.py:441} INFO - ::group::Post task execution logs
[2026-02-14T09:44:56.493+0000] {taskinstance.py:1206} INFO - Marking task as SUCCESS. dag_id=dag_moex, task_id=task_AAPL, run_id=scheduled__2025-12-02T00:00:00+00:00, execution_date=20251202T000000, start_date=20260214T094455, end_date=20260214T094456
[2026-02-14T09:44:56.555+0000] {local_task_job_runner.py:243} INFO - Task exited with return code 0
[2026-02-14T09:44:56.582+0000] {taskinstance.py:3503} INFO - 0 downstream tasks scheduled from follow-on schedule check
[2026-02-14T09:44:56.585+0000] {local_task_job_runner.py:222} INFO - ::endgroup::
