[2026-02-14T09:34:03.984+0000] {local_task_job_runner.py:120} INFO - ::group::Pre task execution logs
[2026-02-14T09:34:04.028+0000] {taskinstance.py:2076} INFO - Dependencies all met for dep_context=non-requeueable deps ti=<TaskInstance: dag_moex.task_TSLA scheduled__2025-12-03T00:00:00+00:00 [queued]>
[2026-02-14T09:34:04.040+0000] {taskinstance.py:2076} INFO - Dependencies all met for dep_context=requeueable deps ti=<TaskInstance: dag_moex.task_TSLA scheduled__2025-12-03T00:00:00+00:00 [queued]>
[2026-02-14T09:34:04.041+0000] {taskinstance.py:2306} INFO - Starting attempt 1 of 1
[2026-02-14T09:34:04.065+0000] {taskinstance.py:2330} INFO - Executing <Task(PythonOperator): task_TSLA> on 2025-12-03 00:00:00+00:00
[2026-02-14T09:34:04.081+0000] {logging_mixin.py:188} WARNING - /home/***/.local/lib/python3.12/site-packages/***/task/task_runner/standard_task_runner.py:62 DeprecationWarning: This process (pid=725) is multi-threaded, use of fork() may lead to deadlocks in the child.
[2026-02-14T09:34:04.079+0000] {standard_task_runner.py:90} INFO - Running: ['***', 'tasks', 'run', 'dag_moex', 'task_TSLA', 'scheduled__2025-12-03T00:00:00+00:00', '--job-id', '204', '--raw', '--subdir', 'DAGS_FOLDER/stocks/dag1.py', '--cfg-path', '/tmp/tmp50ulmw58']
[2026-02-14T09:34:04.083+0000] {standard_task_runner.py:64} INFO - Started process 740 to run task
[2026-02-14T09:34:04.084+0000] {standard_task_runner.py:91} INFO - Job 204: Subtask task_TSLA
[2026-02-14T09:34:04.169+0000] {task_command.py:426} INFO - Running <TaskInstance: dag_moex.task_TSLA scheduled__2025-12-03T00:00:00+00:00 [running]> on host 78a955e87025
[2026-02-14T09:34:04.288+0000] {taskinstance.py:2648} INFO - Exporting env vars: AIRFLOW_CTX_DAG_OWNER='***' AIRFLOW_CTX_DAG_ID='dag_moex' AIRFLOW_CTX_TASK_ID='task_TSLA' AIRFLOW_CTX_EXECUTION_DATE='2025-12-03T00:00:00+00:00' AIRFLOW_CTX_TRY_NUMBER='1' AIRFLOW_CTX_DAG_RUN_ID='scheduled__2025-12-03T00:00:00+00:00'
[2026-02-14T09:34:04.290+0000] {taskinstance.py:430} INFO - ::endgroup::
[2026-02-14T09:34:04.303+0000] {logging_mixin.py:188} INFO - 2025-12-02 2025-12-04
[2026-02-14T09:34:04.306+0000] {logging_mixin.py:188} WARNING - /opt/***/dags/stocks/scripts/api.py:10 FutureWarning: YF.download() has changed argument auto_adjust default to True
[2026-02-14T09:34:04.320+0000] {logging_mixin.py:188} WARNING - /home/***/.local/lib/python3.12/site-packages/yfinance/scrapers/history.py:204 Pandas4Warning: Timestamp.utcnow is deprecated and will be removed in a future version. Use Timestamp.now('UTC') instead.
[2026-02-14T09:34:05.198+0000] {logging_mixin.py:188} WARNING - [*********************100%***********************]  1 of 1 completed
[2026-02-14T09:34:05.211+0000] {python.py:237} INFO - Done. Returned value was: None
[2026-02-14T09:34:05.211+0000] {taskinstance.py:441} INFO - ::group::Post task execution logs
[2026-02-14T09:34:05.219+0000] {taskinstance.py:1206} INFO - Marking task as SUCCESS. dag_id=dag_moex, task_id=task_TSLA, run_id=scheduled__2025-12-03T00:00:00+00:00, execution_date=20251203T000000, start_date=20260214T093404, end_date=20260214T093405
[2026-02-14T09:34:05.269+0000] {local_task_job_runner.py:243} INFO - Task exited with return code 0
[2026-02-14T09:34:05.282+0000] {taskinstance.py:3503} INFO - 0 downstream tasks scheduled from follow-on schedule check
[2026-02-14T09:34:05.284+0000] {local_task_job_runner.py:222} INFO - ::endgroup::
[2026-02-14T09:43:20.633+0000] {local_task_job_runner.py:120} INFO - ::group::Pre task execution logs
[2026-02-14T09:43:20.675+0000] {taskinstance.py:2076} INFO - Dependencies all met for dep_context=non-requeueable deps ti=<TaskInstance: dag_moex.task_TSLA scheduled__2025-12-03T00:00:00+00:00 [queued]>
[2026-02-14T09:43:20.686+0000] {taskinstance.py:2076} INFO - Dependencies all met for dep_context=requeueable deps ti=<TaskInstance: dag_moex.task_TSLA scheduled__2025-12-03T00:00:00+00:00 [queued]>
[2026-02-14T09:43:20.687+0000] {taskinstance.py:2306} INFO - Starting attempt 1 of 1
[2026-02-14T09:43:20.716+0000] {taskinstance.py:2330} INFO - Executing <Task(PythonOperator): task_TSLA> on 2025-12-03 00:00:00+00:00
[2026-02-14T09:43:20.729+0000] {logging_mixin.py:188} WARNING - /home/***/.local/lib/python3.12/site-packages/***/task/task_runner/standard_task_runner.py:62 DeprecationWarning: This process (pid=983) is multi-threaded, use of fork() may lead to deadlocks in the child.
[2026-02-14T09:43:20.731+0000] {standard_task_runner.py:64} INFO - Started process 1000 to run task
[2026-02-14T09:43:20.732+0000] {standard_task_runner.py:90} INFO - Running: ['***', 'tasks', 'run', 'dag_moex', 'task_TSLA', 'scheduled__2025-12-03T00:00:00+00:00', '--job-id', '214', '--raw', '--subdir', 'DAGS_FOLDER/stocks/dag1.py', '--cfg-path', '/tmp/tmp4oia4kuv']
[2026-02-14T09:43:20.736+0000] {standard_task_runner.py:91} INFO - Job 214: Subtask task_TSLA
[2026-02-14T09:43:20.814+0000] {task_command.py:426} INFO - Running <TaskInstance: dag_moex.task_TSLA scheduled__2025-12-03T00:00:00+00:00 [running]> on host 78a955e87025
[2026-02-14T09:43:20.928+0000] {taskinstance.py:2648} INFO - Exporting env vars: AIRFLOW_CTX_DAG_OWNER='***' AIRFLOW_CTX_DAG_ID='dag_moex' AIRFLOW_CTX_TASK_ID='task_TSLA' AIRFLOW_CTX_EXECUTION_DATE='2025-12-03T00:00:00+00:00' AIRFLOW_CTX_TRY_NUMBER='1' AIRFLOW_CTX_DAG_RUN_ID='scheduled__2025-12-03T00:00:00+00:00'
[2026-02-14T09:43:20.930+0000] {taskinstance.py:430} INFO - ::endgroup::
[2026-02-14T09:43:20.943+0000] {logging_mixin.py:188} INFO - 2025-12-02 2025-12-04
[2026-02-14T09:43:20.946+0000] {logging_mixin.py:188} WARNING - /opt/***/dags/stocks/scripts/api.py:10 FutureWarning: YF.download() has changed argument auto_adjust default to True
[2026-02-14T09:43:20.955+0000] {logging_mixin.py:188} WARNING - /home/***/.local/lib/python3.12/site-packages/yfinance/scrapers/history.py:204 Pandas4Warning: Timestamp.utcnow is deprecated and will be removed in a future version. Use Timestamp.now('UTC') instead.
[2026-02-14T09:43:21.873+0000] {logging_mixin.py:188} WARNING - [*********************100%***********************]  1 of 1 completed
[2026-02-14T09:43:21.889+0000] {taskinstance.py:441} INFO - ::group::Post task execution logs
[2026-02-14T09:43:21.890+0000] {taskinstance.py:2905} ERROR - Task failed with exception
Traceback (most recent call last):
  File "/home/airflow/.local/lib/python3.12/site-packages/airflow/models/taskinstance.py", line 465, in _execute_task
    result = _execute_callable(context=context, **execute_callable_kwargs)
             ^^^^^^^^^^^^^^^^^^^^^^^^^^^^^^^^^^^^^^^^^^^^^^^^^^^^^^^^^^^^^
  File "/home/airflow/.local/lib/python3.12/site-packages/airflow/models/taskinstance.py", line 432, in _execute_callable
    return execute_callable(context=context, **execute_callable_kwargs)
           ^^^^^^^^^^^^^^^^^^^^^^^^^^^^^^^^^^^^^^^^^^^^^^^^^^^^^^^^^^^^
  File "/home/airflow/.local/lib/python3.12/site-packages/airflow/models/baseoperator.py", line 401, in wrapper
    return func(self, *args, **kwargs)
           ^^^^^^^^^^^^^^^^^^^^^^^^^^^
  File "/home/airflow/.local/lib/python3.12/site-packages/airflow/operators/python.py", line 235, in execute
    return_value = self.execute_callable()
                   ^^^^^^^^^^^^^^^^^^^^^^^
  File "/home/airflow/.local/lib/python3.12/site-packages/airflow/operators/python.py", line 252, in execute_callable
    return self.python_callable(*self.op_args, **self.op_kwargs)
           ^^^^^^^^^^^^^^^^^^^^^^^^^^^^^^^^^^^^^^^^^^^^^^^^^^^^^
  File "/opt/airflow/dags/stocks/scripts/manager.py", line 9, in fetch_data
    data.to_json(file_path)
  File "/home/airflow/.local/lib/python3.12/site-packages/pandas/core/generic.py", line 2635, in to_json
    return json.to_json(
           ^^^^^^^^^^^^^
  File "/home/airflow/.local/lib/python3.12/site-packages/pandas/io/json/_json.py", line 248, in to_json
    with get_handle(
         ^^^^^^^^^^^
  File "/home/airflow/.local/lib/python3.12/site-packages/pandas/io/common.py", line 926, in get_handle
    handle = open(
             ^^^^^
PermissionError: [Errno 13] Permission denied: '/opt/airflow/dags/TSLA_2025-12-03.json'
[2026-02-14T09:43:21.905+0000] {taskinstance.py:1206} INFO - Marking task as FAILED. dag_id=dag_moex, task_id=task_TSLA, run_id=scheduled__2025-12-03T00:00:00+00:00, execution_date=20251203T000000, start_date=20260214T094320, end_date=20260214T094321
[2026-02-14T09:43:21.918+0000] {standard_task_runner.py:110} ERROR - Failed to execute job 214 for task task_TSLA ([Errno 13] Permission denied: '/opt/airflow/dags/TSLA_2025-12-03.json'; 1000)
[2026-02-14T09:43:21.953+0000] {local_task_job_runner.py:243} INFO - Task exited with return code 1
[2026-02-14T09:43:21.969+0000] {local_task_job_runner.py:222} INFO - ::endgroup::
[2026-02-14T09:44:55.337+0000] {local_task_job_runner.py:120} INFO - ::group::Pre task execution logs
[2026-02-14T09:44:55.398+0000] {taskinstance.py:2076} INFO - Dependencies all met for dep_context=non-requeueable deps ti=<TaskInstance: dag_moex.task_TSLA scheduled__2025-12-03T00:00:00+00:00 [queued]>
[2026-02-14T09:44:55.424+0000] {taskinstance.py:2076} INFO - Dependencies all met for dep_context=requeueable deps ti=<TaskInstance: dag_moex.task_TSLA scheduled__2025-12-03T00:00:00+00:00 [queued]>
[2026-02-14T09:44:55.424+0000] {taskinstance.py:2306} INFO - Starting attempt 1 of 1
[2026-02-14T09:44:55.454+0000] {taskinstance.py:2330} INFO - Executing <Task(PythonOperator): task_TSLA> on 2025-12-03 00:00:00+00:00
[2026-02-14T09:44:55.466+0000] {logging_mixin.py:188} WARNING - /home/***/.local/lib/python3.12/site-packages/***/task/task_runner/standard_task_runner.py:62 DeprecationWarning: This process (pid=1057) is multi-threaded, use of fork() may lead to deadlocks in the child.
[2026-02-14T09:44:55.467+0000] {standard_task_runner.py:64} INFO - Started process 1075 to run task
[2026-02-14T09:44:55.466+0000] {standard_task_runner.py:90} INFO - Running: ['***', 'tasks', 'run', 'dag_moex', 'task_TSLA', 'scheduled__2025-12-03T00:00:00+00:00', '--job-id', '224', '--raw', '--subdir', 'DAGS_FOLDER/stocks/dag1.py', '--cfg-path', '/tmp/tmp4len2q95']
[2026-02-14T09:44:55.469+0000] {standard_task_runner.py:91} INFO - Job 224: Subtask task_TSLA
[2026-02-14T09:44:55.539+0000] {task_command.py:426} INFO - Running <TaskInstance: dag_moex.task_TSLA scheduled__2025-12-03T00:00:00+00:00 [running]> on host 78a955e87025
[2026-02-14T09:44:55.673+0000] {taskinstance.py:2648} INFO - Exporting env vars: AIRFLOW_CTX_DAG_OWNER='***' AIRFLOW_CTX_DAG_ID='dag_moex' AIRFLOW_CTX_TASK_ID='task_TSLA' AIRFLOW_CTX_EXECUTION_DATE='2025-12-03T00:00:00+00:00' AIRFLOW_CTX_TRY_NUMBER='1' AIRFLOW_CTX_DAG_RUN_ID='scheduled__2025-12-03T00:00:00+00:00'
[2026-02-14T09:44:55.674+0000] {taskinstance.py:430} INFO - ::endgroup::
[2026-02-14T09:44:55.689+0000] {logging_mixin.py:188} INFO - 2025-12-02 2025-12-04
[2026-02-14T09:44:55.692+0000] {logging_mixin.py:188} WARNING - /opt/***/dags/stocks/scripts/api.py:10 FutureWarning: YF.download() has changed argument auto_adjust default to True
[2026-02-14T09:44:55.706+0000] {logging_mixin.py:188} WARNING - /home/***/.local/lib/python3.12/site-packages/yfinance/scrapers/history.py:204 Pandas4Warning: Timestamp.utcnow is deprecated and will be removed in a future version. Use Timestamp.now('UTC') instead.
[2026-02-14T09:44:56.674+0000] {logging_mixin.py:188} WARNING - [*********************100%***********************]  1 of 1 completed
[2026-02-14T09:44:56.693+0000] {python.py:237} INFO - Done. Returned value was: None
[2026-02-14T09:44:56.694+0000] {taskinstance.py:441} INFO - ::group::Post task execution logs
[2026-02-14T09:44:56.708+0000] {taskinstance.py:1206} INFO - Marking task as SUCCESS. dag_id=dag_moex, task_id=task_TSLA, run_id=scheduled__2025-12-03T00:00:00+00:00, execution_date=20251203T000000, start_date=20260214T094455, end_date=20260214T094456
[2026-02-14T09:44:56.732+0000] {local_task_job_runner.py:243} INFO - Task exited with return code 0
[2026-02-14T09:44:56.758+0000] {taskinstance.py:3503} INFO - 0 downstream tasks scheduled from follow-on schedule check
[2026-02-14T09:44:56.760+0000] {local_task_job_runner.py:222} INFO - ::endgroup::
