[2026-02-18T07:12:56.689+0000] {local_task_job_runner.py:120} INFO - ::group::Pre task execution logs
[2026-02-18T07:12:56.736+0000] {taskinstance.py:2076} INFO - Dependencies all met for dep_context=non-requeueable deps ti=<TaskInstance: dag_moex.task_AAPL scheduled__2026-01-15T00:00:00+00:00 [queued]>
[2026-02-18T07:12:56.755+0000] {taskinstance.py:2076} INFO - Dependencies all met for dep_context=requeueable deps ti=<TaskInstance: dag_moex.task_AAPL scheduled__2026-01-15T00:00:00+00:00 [queued]>
[2026-02-18T07:12:56.757+0000] {taskinstance.py:2306} INFO - Starting attempt 1 of 1
[2026-02-18T07:12:56.778+0000] {taskinstance.py:2330} INFO - Executing <Task(PythonOperator): task_AAPL> on 2026-01-15 00:00:00+00:00
[2026-02-18T07:12:56.795+0000] {logging_mixin.py:188} WARNING - /home/***/.local/lib/python3.12/site-packages/***/task/task_runner/standard_task_runner.py:62 DeprecationWarning: This process (pid=1427) is multi-threaded, use of fork() may lead to deadlocks in the child.
[2026-02-18T07:12:56.799+0000] {standard_task_runner.py:64} INFO - Started process 1455 to run task
[2026-02-18T07:12:56.797+0000] {standard_task_runner.py:90} INFO - Running: ['***', 'tasks', 'run', 'dag_moex', 'task_AAPL', 'scheduled__2026-01-15T00:00:00+00:00', '--job-id', '420', '--raw', '--subdir', 'DAGS_FOLDER/stocks/dag1.py', '--cfg-path', '/tmp/tmpiomi7lck']
[2026-02-18T07:12:56.802+0000] {standard_task_runner.py:91} INFO - Job 420: Subtask task_AAPL
[2026-02-18T07:12:56.878+0000] {task_command.py:426} INFO - Running <TaskInstance: dag_moex.task_AAPL scheduled__2026-01-15T00:00:00+00:00 [running]> on host cc036e7caf02
[2026-02-18T07:12:56.989+0000] {taskinstance.py:2648} INFO - Exporting env vars: AIRFLOW_CTX_DAG_OWNER='***' AIRFLOW_CTX_DAG_ID='dag_moex' AIRFLOW_CTX_TASK_ID='task_AAPL' AIRFLOW_CTX_EXECUTION_DATE='2026-01-15T00:00:00+00:00' AIRFLOW_CTX_TRY_NUMBER='1' AIRFLOW_CTX_DAG_RUN_ID='scheduled__2026-01-15T00:00:00+00:00'
[2026-02-18T07:12:56.990+0000] {taskinstance.py:430} INFO - ::endgroup::
[2026-02-18T07:12:57.004+0000] {manager.py:8} INFO - log
[2026-02-18T07:12:57.006+0000] {logging_mixin.py:188} WARNING - /opt/***/dags/stocks/scripts/api.py:9 FutureWarning: YF.download() has changed argument auto_adjust default to True
[2026-02-18T07:12:57.015+0000] {logging_mixin.py:188} WARNING - /home/***/.local/lib/python3.12/site-packages/yfinance/scrapers/history.py:204 Pandas4Warning: Timestamp.utcnow is deprecated and will be removed in a future version. Use Timestamp.now('UTC') instead.
[2026-02-18T07:12:57.921+0000] {logging_mixin.py:188} WARNING - [*********************100%***********************]  1 of 1 completed
[2026-02-18T07:12:57.928+0000] {manager.py:10} INFO - Price            Close        High         Low        Open    Volume
Ticker            AAPL        AAPL        AAPL        AAPL      AAPL
Date                                                                
2026-01-15  257.968597  260.795969  256.809678  260.406319  39388600
[2026-02-18T07:12:57.940+0000] {python.py:237} INFO - Done. Returned value was: None
[2026-02-18T07:12:57.940+0000] {taskinstance.py:441} INFO - ::group::Post task execution logs
[2026-02-18T07:12:57.946+0000] {taskinstance.py:1206} INFO - Marking task as SUCCESS. dag_id=dag_moex, task_id=task_AAPL, run_id=scheduled__2026-01-15T00:00:00+00:00, execution_date=20260115T000000, start_date=20260218T071256, end_date=20260218T071257
[2026-02-18T07:12:57.984+0000] {local_task_job_runner.py:243} INFO - Task exited with return code 0
[2026-02-18T07:12:57.997+0000] {taskinstance.py:3503} INFO - 0 downstream tasks scheduled from follow-on schedule check
[2026-02-18T07:12:58.004+0000] {local_task_job_runner.py:222} INFO - ::endgroup::
[2026-02-19T12:59:30.503+0000] {local_task_job_runner.py:120} INFO - ::group::Pre task execution logs
[2026-02-19T12:59:30.543+0000] {taskinstance.py:2076} INFO - Dependencies all met for dep_context=non-requeueable deps ti=<TaskInstance: dag_moex.task_AAPL scheduled__2026-01-15T00:00:00+00:00 [queued]>
[2026-02-19T12:59:30.554+0000] {taskinstance.py:2076} INFO - Dependencies all met for dep_context=requeueable deps ti=<TaskInstance: dag_moex.task_AAPL scheduled__2026-01-15T00:00:00+00:00 [queued]>
[2026-02-19T12:59:30.556+0000] {taskinstance.py:2306} INFO - Starting attempt 1 of 1
[2026-02-19T12:59:30.575+0000] {taskinstance.py:2330} INFO - Executing <Task(PythonOperator): task_AAPL> on 2026-01-15 00:00:00+00:00
[2026-02-19T12:59:30.590+0000] {logging_mixin.py:188} WARNING - /home/***/.local/lib/python3.12/site-packages/***/task/task_runner/standard_task_runner.py:62 DeprecationWarning: This process (pid=27886) is multi-threaded, use of fork() may lead to deadlocks in the child.
[2026-02-19T12:59:30.593+0000] {standard_task_runner.py:64} INFO - Started process 27916 to run task
[2026-02-19T12:59:30.605+0000] {standard_task_runner.py:90} INFO - Running: ['***', 'tasks', 'run', 'dag_moex', 'task_AAPL', 'scheduled__2026-01-15T00:00:00+00:00', '--job-id', '865', '--raw', '--subdir', 'DAGS_FOLDER/stocks/dag1.py', '--cfg-path', '/tmp/tmpwqi8gsrl']
[2026-02-19T12:59:30.621+0000] {standard_task_runner.py:91} INFO - Job 865: Subtask task_AAPL
[2026-02-19T12:59:30.721+0000] {task_command.py:426} INFO - Running <TaskInstance: dag_moex.task_AAPL scheduled__2026-01-15T00:00:00+00:00 [running]> on host cc036e7caf02
[2026-02-19T12:59:30.875+0000] {taskinstance.py:2648} INFO - Exporting env vars: AIRFLOW_CTX_DAG_OWNER='***' AIRFLOW_CTX_DAG_ID='dag_moex' AIRFLOW_CTX_TASK_ID='task_AAPL' AIRFLOW_CTX_EXECUTION_DATE='2026-01-15T00:00:00+00:00' AIRFLOW_CTX_TRY_NUMBER='1' AIRFLOW_CTX_DAG_RUN_ID='scheduled__2026-01-15T00:00:00+00:00'
[2026-02-19T12:59:30.878+0000] {taskinstance.py:430} INFO - ::endgroup::
[2026-02-19T12:59:30.902+0000] {logging_mixin.py:188} WARNING - /opt/***/dags/stocks/scripts/api.py:10 FutureWarning: YF.download() has changed argument auto_adjust default to True
[2026-02-19T12:59:30.920+0000] {logging_mixin.py:188} WARNING - /home/***/.local/lib/python3.12/site-packages/yfinance/scrapers/history.py:204 Pandas4Warning: Timestamp.utcnow is deprecated and will be removed in a future version. Use Timestamp.now('UTC') instead.
[2026-02-19T12:59:32.229+0000] {logging_mixin.py:188} WARNING - [*********************100%***********************]  1 of 1 completed
[2026-02-19T12:59:32.243+0000] {api.py:11} INFO - Выгрузилось
    __________________________
    Price            Close        High         Low        Open    Volume
Ticker            AAPL        AAPL        AAPL        AAPL      AAPL
Date                                                                
2026-01-14  259.716980  261.575257  256.470018  259.247418  40019400
2026-01-15  257.968597  260.795969  256.809678  260.406319  39388600
    __________________________
    
[2026-02-19T12:59:32.245+0000] {api.py:17} INFO - start=2026-01-14, end=2026-01-16
[2026-02-19T12:59:32.251+0000] {api.py:18} INFO - После удаления
    __________________________
    Price            Close        High         Low        Open    Volume
Ticker            AAPL        AAPL        AAPL        AAPL      AAPL
Date                                                                
2026-01-15  257.968597  260.795969  256.809678  260.406319  39388600
    __________________________
    
[2026-02-19T12:59:32.261+0000] {base.py:84} INFO - Using connection ID 'pg_1' for task execution.
[2026-02-19T12:59:32.262+0000] {sql.py:254} WARNING - This setter is for backward compatibility and should not be used.
Since the introduction of connection property, the providers listed below breaks due to assigning value to self.connection in their __init__ method.
* apache-***-providers-mysql<5.7.1
* apache-***-providers-elasticsearch<5.5.1
* apache-***-providers-postgres<5.13.0
[2026-02-19T12:59:32.266+0000] {sql.py:896} INFO - Loaded 1 rows into stocks so far
[2026-02-19T12:59:32.267+0000] {sql.py:908} INFO - Done loading. Loaded a total of 1 rows into stocks
[2026-02-19T12:59:32.272+0000] {python.py:237} INFO - Done. Returned value was: None
[2026-02-19T12:59:32.273+0000] {taskinstance.py:441} INFO - ::group::Post task execution logs
[2026-02-19T12:59:32.279+0000] {taskinstance.py:1206} INFO - Marking task as SUCCESS. dag_id=dag_moex, task_id=task_AAPL, run_id=scheduled__2026-01-15T00:00:00+00:00, execution_date=20260115T000000, start_date=20260219T125930, end_date=20260219T125932
[2026-02-19T12:59:32.308+0000] {local_task_job_runner.py:243} INFO - Task exited with return code 0
[2026-02-19T12:59:32.321+0000] {taskinstance.py:3503} INFO - 0 downstream tasks scheduled from follow-on schedule check
[2026-02-19T12:59:32.322+0000] {local_task_job_runner.py:222} INFO - ::endgroup::
[2026-02-19T13:03:46.602+0000] {local_task_job_runner.py:120} INFO - ::group::Pre task execution logs
[2026-02-19T13:03:46.630+0000] {taskinstance.py:2066} INFO - Dependencies not met for <TaskInstance: dag_moex.task_AAPL scheduled__2026-01-15T00:00:00+00:00 [queued]>, dependency 'Execution Date' FAILED: The execution date is 2026-01-15T00:00:00+00:00 but this is after the task's end date 2026-01-12T00:00:00+00:00.
[2026-02-19T13:03:46.630+0000] {taskinstance.py:2066} INFO - Dependencies not met for <TaskInstance: dag_moex.task_AAPL scheduled__2026-01-15T00:00:00+00:00 [queued]>, dependency 'Execution Date' FAILED: The execution date is 2026-01-15T00:00:00+00:00 but this is after the task's DAG's end date 2026-01-12T00:00:00+00:00.
[2026-02-19T13:03:46.632+0000] {local_task_job_runner.py:163} INFO - Task is not able to be run
[2026-02-19T14:50:28.029+0000] {local_task_job_runner.py:120} INFO - ::group::Pre task execution logs
[2026-02-19T14:50:28.088+0000] {taskinstance.py:2076} INFO - Dependencies all met for dep_context=non-requeueable deps ti=<TaskInstance: dag_moex.task_AAPL scheduled__2026-01-15T00:00:00+00:00 [queued]>
[2026-02-19T14:50:28.110+0000] {taskinstance.py:2076} INFO - Dependencies all met for dep_context=requeueable deps ti=<TaskInstance: dag_moex.task_AAPL scheduled__2026-01-15T00:00:00+00:00 [queued]>
[2026-02-19T14:50:28.110+0000] {taskinstance.py:2306} INFO - Starting attempt 1 of 1
[2026-02-19T14:50:28.134+0000] {taskinstance.py:2330} INFO - Executing <Task(PythonOperator): task_AAPL> on 2026-01-15 00:00:00+00:00
[2026-02-19T14:50:28.148+0000] {logging_mixin.py:188} WARNING - /home/***/.local/lib/python3.12/site-packages/***/task/task_runner/standard_task_runner.py:62 DeprecationWarning: This process (pid=32529) is multi-threaded, use of fork() may lead to deadlocks in the child.
[2026-02-19T14:50:28.149+0000] {standard_task_runner.py:90} INFO - Running: ['***', 'tasks', 'run', 'dag_moex', 'task_AAPL', 'scheduled__2026-01-15T00:00:00+00:00', '--job-id', '1382', '--raw', '--subdir', 'DAGS_FOLDER/stocks/dag1.py', '--cfg-path', '/tmp/tmpxw6m20n9']
[2026-02-19T14:50:28.154+0000] {standard_task_runner.py:91} INFO - Job 1382: Subtask task_AAPL
[2026-02-19T14:50:28.151+0000] {standard_task_runner.py:64} INFO - Started process 32556 to run task
[2026-02-19T14:50:28.232+0000] {task_command.py:426} INFO - Running <TaskInstance: dag_moex.task_AAPL scheduled__2026-01-15T00:00:00+00:00 [running]> on host cc036e7caf02
[2026-02-19T14:50:28.352+0000] {taskinstance.py:2648} INFO - Exporting env vars: AIRFLOW_CTX_DAG_OWNER='***' AIRFLOW_CTX_DAG_ID='dag_moex' AIRFLOW_CTX_TASK_ID='task_AAPL' AIRFLOW_CTX_EXECUTION_DATE='2026-01-15T00:00:00+00:00' AIRFLOW_CTX_TRY_NUMBER='1' AIRFLOW_CTX_DAG_RUN_ID='scheduled__2026-01-15T00:00:00+00:00'
[2026-02-19T14:50:28.353+0000] {taskinstance.py:430} INFO - ::endgroup::
[2026-02-19T14:50:28.372+0000] {logging_mixin.py:188} WARNING - /opt/***/dags/stocks/scripts/api.py:9 FutureWarning: YF.download() has changed argument auto_adjust default to True
[2026-02-19T14:50:28.383+0000] {logging_mixin.py:188} WARNING - /home/***/.local/lib/python3.12/site-packages/yfinance/scrapers/history.py:204 Pandas4Warning: Timestamp.utcnow is deprecated and will be removed in a future version. Use Timestamp.now('UTC') instead.
[2026-02-19T14:50:29.283+0000] {logging_mixin.py:188} WARNING - [*********************100%***********************]  1 of 1 completed
[2026-02-19T14:50:29.299+0000] {base.py:84} INFO - Using connection ID 'pg_1' for task execution.
[2026-02-19T14:50:29.300+0000] {sql.py:254} WARNING - This setter is for backward compatibility and should not be used.
Since the introduction of connection property, the providers listed below breaks due to assigning value to self.connection in their __init__ method.
* apache-***-providers-mysql<5.7.1
* apache-***-providers-elasticsearch<5.5.1
* apache-***-providers-postgres<5.13.0
[2026-02-19T14:50:29.304+0000] {taskinstance.py:441} INFO - ::group::Post task execution logs
[2026-02-19T14:50:29.305+0000] {taskinstance.py:2905} ERROR - Task failed with exception
Traceback (most recent call last):
  File "/home/airflow/.local/lib/python3.12/site-packages/airflow/models/taskinstance.py", line 465, in _execute_task
    result = _execute_callable(context=context, **execute_callable_kwargs)
             ^^^^^^^^^^^^^^^^^^^^^^^^^^^^^^^^^^^^^^^^^^^^^^^^^^^^^^^^^^^^^
  File "/home/airflow/.local/lib/python3.12/site-packages/airflow/models/taskinstance.py", line 432, in _execute_callable
    return execute_callable(context=context, **execute_callable_kwargs)
           ^^^^^^^^^^^^^^^^^^^^^^^^^^^^^^^^^^^^^^^^^^^^^^^^^^^^^^^^^^^^
  File "/home/airflow/.local/lib/python3.12/site-packages/airflow/models/baseoperator.py", line 401, in wrapper
    return func(self, *args, **kwargs)
           ^^^^^^^^^^^^^^^^^^^^^^^^^^^
  File "/home/airflow/.local/lib/python3.12/site-packages/airflow/operators/python.py", line 235, in execute
    return_value = self.execute_callable()
                   ^^^^^^^^^^^^^^^^^^^^^^^
  File "/home/airflow/.local/lib/python3.12/site-packages/airflow/operators/python.py", line 252, in execute_callable
    return self.python_callable(*self.op_args, **self.op_kwargs)
           ^^^^^^^^^^^^^^^^^^^^^^^^^^^^^^^^^^^^^^^^^^^^^^^^^^^^^
  File "/opt/airflow/dags/stocks/scripts/manager.py", line 24, in fetch_data
    postgresHook.insert_rows(table="stocks", rows=rows,
  File "/home/airflow/.local/lib/python3.12/site-packages/airflow/providers/common/sql/hooks/sql.py", line 893, in insert_rows
    cur.executemany(sql, values)
psycopg2.errors.UniqueViolation: duplicate key value violates unique constraint "stocks_pkey"
DETAIL:  Key (ticker, date)=(AAPL, 2026-01-15) already exists.

[2026-02-19T14:50:29.315+0000] {taskinstance.py:1206} INFO - Marking task as FAILED. dag_id=dag_moex, task_id=task_AAPL, run_id=scheduled__2026-01-15T00:00:00+00:00, execution_date=20260115T000000, start_date=20260219T145028, end_date=20260219T145029
[2026-02-19T14:50:29.322+0000] {standard_task_runner.py:110} ERROR - Failed to execute job 1382 for task task_AAPL (duplicate key value violates unique constraint "stocks_pkey"
DETAIL:  Key (ticker, date)=(AAPL, 2026-01-15) already exists.
; 32556)
[2026-02-19T14:50:29.336+0000] {local_task_job_runner.py:243} INFO - Task exited with return code 1
[2026-02-19T14:50:29.349+0000] {taskinstance.py:3503} INFO - 0 downstream tasks scheduled from follow-on schedule check
[2026-02-19T14:50:29.350+0000] {local_task_job_runner.py:222} INFO - ::endgroup::
